2022-12-30 14:36: log dir: /home/joel.chacon/tmp/WildFire_GCN/experiments/2020/2022123014361382594254013
2022-12-30 14:36: Experiment log path in: /home/joel.chacon/tmp/WildFire_GCN/experiments/2020/2022123014361382594254013
2022-12-30 14:36: Argument: Namespace(batch_size=256, clc='vec', cuda=True, dataset='2020', dataset_root='/home/joel.chacon/tmp/datasets_grl/', debug=False, default_graph=True, device='cpu', dynamic_features=['1 km 16 days NDVI', 'LST_Day_1km', 'LST_Night_1km', 'era5_max_d2m', 'era5_max_t2m', 'era5_max_sp', 'era5_max_tp', 'sminx', 'era5_max_wind_speed', 'era5_min_rh'], early_stop=True, early_stop_patience=8, embed_dim=32, epochs=30, grad_norm=False, horizon=1, input_dim=25, lag=10, link_len=2, log_dir='/home/joel.chacon/tmp/WildFire_GCN/experiments/2020/2022123014361382594254013', log_step=1, loss_func='nllloss', lr_decay=True, lr_decay_rate=0.1, lr_decay_step='15, 20', lr_init=0.0001, max_grad_norm=5, minbatch_size=64, mode='train', model='fire_GCN', nan_fill=-1.0, num_layers=1, num_nodes=625, num_workers=12, output_dim=2, patch_height=25, patch_width=25, persistent_workers=True, pin_memory=True, plot=False, positive_weight=0.5, prefetch_factor=2, real_value=True, rnn_units=16, seed=10000, static_features=['dem_mean', 'slope_mean', 'roads_distance', 'waterway_distance', 'population_density'], teacher_forcing=False, weight_decay=0.0, window_len=10)
2022-12-30 14:36: Argument batch_size: 256
2022-12-30 14:36: Argument clc: 'vec'
2022-12-30 14:36: Argument cuda: True
2022-12-30 14:36: Argument dataset: '2020'
2022-12-30 14:36: Argument dataset_root: '/home/joel.chacon/tmp/datasets_grl/'
2022-12-30 14:36: Argument debug: False
2022-12-30 14:36: Argument default_graph: True
2022-12-30 14:36: Argument device: 'cpu'
2022-12-30 14:36: Argument dynamic_features: ['1 km 16 days NDVI', 'LST_Day_1km', 'LST_Night_1km', 'era5_max_d2m', 'era5_max_t2m', 'era5_max_sp', 'era5_max_tp', 'sminx', 'era5_max_wind_speed', 'era5_min_rh']
2022-12-30 14:36: Argument early_stop: True
2022-12-30 14:36: Argument early_stop_patience: 8
2022-12-30 14:36: Argument embed_dim: 32
2022-12-30 14:36: Argument epochs: 30
2022-12-30 14:36: Argument grad_norm: False
2022-12-30 14:36: Argument horizon: 1
2022-12-30 14:36: Argument input_dim: 25
2022-12-30 14:36: Argument lag: 10
2022-12-30 14:36: Argument link_len: 2
2022-12-30 14:36: Argument log_dir: '/home/joel.chacon/tmp/WildFire_GCN/experiments/2020/2022123014361382594254013'
2022-12-30 14:36: Argument log_step: 1
2022-12-30 14:36: Argument loss_func: 'nllloss'
2022-12-30 14:36: Argument lr_decay: True
2022-12-30 14:36: Argument lr_decay_rate: 0.1
2022-12-30 14:36: Argument lr_decay_step: '15, 20'
2022-12-30 14:36: Argument lr_init: 0.0001
2022-12-30 14:36: Argument max_grad_norm: 5
2022-12-30 14:36: Argument minbatch_size: 64
2022-12-30 14:36: Argument mode: 'train'
2022-12-30 14:36: Argument model: 'fire_GCN'
2022-12-30 14:36: Argument nan_fill: -1.0
2022-12-30 14:36: Argument num_layers: 1
2022-12-30 14:36: Argument num_nodes: 625
2022-12-30 14:36: Argument num_workers: 12
2022-12-30 14:36: Argument output_dim: 2
2022-12-30 14:36: Argument patch_height: 25
2022-12-30 14:36: Argument patch_width: 25
2022-12-30 14:36: Argument persistent_workers: True
2022-12-30 14:36: Argument pin_memory: True
2022-12-30 14:36: Argument plot: False
2022-12-30 14:36: Argument positive_weight: 0.5
2022-12-30 14:36: Argument prefetch_factor: 2
2022-12-30 14:36: Argument real_value: True
2022-12-30 14:36: Argument rnn_units: 16
2022-12-30 14:36: Argument seed: 10000
2022-12-30 14:36: Argument static_features: ['dem_mean', 'slope_mean', 'roads_distance', 'waterway_distance', 'population_density']
2022-12-30 14:36: Argument teacher_forcing: False
2022-12-30 14:36: Argument weight_decay: 0.0
2022-12-30 14:36: Argument window_len: 10
2022-12-30 14:36: Train Epoch 1: 3/634 Loss: 0.426323
2022-12-30 14:36: Train Epoch 1: 7/634 Loss: 0.323299
2022-12-30 14:36: Train Epoch 1: 11/634 Loss: 0.338652
2022-12-30 14:36: Train Epoch 1: 15/634 Loss: 0.349090
2022-12-30 14:36: Train Epoch 1: 19/634 Loss: 0.283132
2022-12-30 14:36: Train Epoch 1: 23/634 Loss: 0.299191
2022-12-30 14:36: Train Epoch 1: 27/634 Loss: 0.280864
2022-12-30 14:36: Train Epoch 1: 31/634 Loss: 0.283274
2022-12-30 14:36: Train Epoch 1: 35/634 Loss: 0.286241
2022-12-30 14:37: Train Epoch 1: 39/634 Loss: 0.286498
2022-12-30 14:37: Train Epoch 1: 43/634 Loss: 0.254379
2022-12-30 14:37: Train Epoch 1: 47/634 Loss: 0.254307
2022-12-30 14:37: Train Epoch 1: 51/634 Loss: 0.273874
2022-12-30 14:37: Train Epoch 1: 55/634 Loss: 0.265239
2022-12-30 14:37: Train Epoch 1: 59/634 Loss: 0.261688
2022-12-30 14:37: Train Epoch 1: 63/634 Loss: 0.258796
2022-12-30 14:37: Train Epoch 1: 67/634 Loss: 0.237322
2022-12-30 14:37: Train Epoch 1: 71/634 Loss: 0.259122
2022-12-30 14:37: Train Epoch 1: 75/634 Loss: 0.262997
2022-12-30 14:37: Train Epoch 1: 79/634 Loss: 0.239860
2022-12-30 14:37: Train Epoch 1: 83/634 Loss: 0.253327
2022-12-30 14:38: Train Epoch 1: 87/634 Loss: 0.285235
2022-12-30 14:38: Train Epoch 1: 91/634 Loss: 0.230787
2022-12-30 14:38: Train Epoch 1: 95/634 Loss: 0.260340
2022-12-30 14:38: Train Epoch 1: 99/634 Loss: 0.258361
2022-12-30 14:38: Train Epoch 1: 103/634 Loss: 0.232910
2022-12-30 14:38: Train Epoch 1: 107/634 Loss: 0.241030
2022-12-30 14:38: Train Epoch 1: 111/634 Loss: 0.241859
2022-12-30 14:38: Train Epoch 1: 115/634 Loss: 0.235072
2022-12-30 14:38: Train Epoch 1: 119/634 Loss: 0.237212
2022-12-30 14:38: Train Epoch 1: 123/634 Loss: 0.238260
2022-12-30 14:38: Train Epoch 1: 127/634 Loss: 0.263823
2022-12-30 14:38: Train Epoch 1: 131/634 Loss: 0.244655
2022-12-30 14:38: Train Epoch 1: 135/634 Loss: 0.250235
2022-12-30 14:39: Train Epoch 1: 139/634 Loss: 0.213656
2022-12-30 14:39: Train Epoch 1: 143/634 Loss: 0.208725
2022-12-30 14:39: Train Epoch 1: 147/634 Loss: 0.232218
2022-12-30 14:39: Train Epoch 1: 151/634 Loss: 0.239401
2022-12-30 14:39: Train Epoch 1: 155/634 Loss: 0.230087
2022-12-30 14:39: Train Epoch 1: 159/634 Loss: 0.226921
2022-12-30 14:39: Train Epoch 1: 163/634 Loss: 0.234619
2022-12-30 14:39: Train Epoch 1: 167/634 Loss: 0.220246
2022-12-30 14:39: Train Epoch 1: 171/634 Loss: 0.200827
2022-12-30 14:41: Train Epoch 1: 175/634 Loss: 0.209497
2022-12-30 14:41: Train Epoch 1: 179/634 Loss: 0.226849
2022-12-30 14:41: Train Epoch 1: 183/634 Loss: 0.221316
2022-12-30 14:41: Train Epoch 1: 187/634 Loss: 0.272706
2022-12-30 14:41: Train Epoch 1: 191/634 Loss: 0.254575
2022-12-30 14:41: Train Epoch 1: 195/634 Loss: 0.202805
2022-12-30 14:41: Train Epoch 1: 199/634 Loss: 0.233301
2022-12-30 14:41: Train Epoch 1: 203/634 Loss: 0.236534
2022-12-30 14:41: Train Epoch 1: 207/634 Loss: 0.221101
2022-12-30 14:41: Train Epoch 1: 211/634 Loss: 0.223161
2022-12-30 14:42: Train Epoch 1: 215/634 Loss: 0.203488
2022-12-30 14:42: Train Epoch 1: 219/634 Loss: 0.246676
2022-12-30 14:42: Train Epoch 1: 223/634 Loss: 0.224620
2022-12-30 14:42: Train Epoch 1: 227/634 Loss: 0.238014
2022-12-30 14:42: Train Epoch 1: 231/634 Loss: 0.223992
2022-12-30 14:42: Train Epoch 1: 235/634 Loss: 0.228681
2022-12-30 14:42: Train Epoch 1: 239/634 Loss: 0.220077
2022-12-30 14:42: Train Epoch 1: 243/634 Loss: 0.238697
2022-12-30 14:42: Train Epoch 1: 247/634 Loss: 0.215078
2022-12-30 14:42: Train Epoch 1: 251/634 Loss: 0.226714
2022-12-30 14:42: Train Epoch 1: 255/634 Loss: 0.229471
2022-12-30 14:42: Train Epoch 1: 259/634 Loss: 0.253242
2022-12-30 14:43: Train Epoch 1: 263/634 Loss: 0.219200
2022-12-30 14:43: Train Epoch 1: 267/634 Loss: 0.245825
2022-12-30 14:43: Train Epoch 1: 271/634 Loss: 0.201502
2022-12-30 14:43: Train Epoch 1: 275/634 Loss: 0.224667
2022-12-30 14:43: Train Epoch 1: 279/634 Loss: 0.192316
2022-12-30 14:43: Train Epoch 1: 283/634 Loss: 0.211088
2022-12-30 14:43: Train Epoch 1: 287/634 Loss: 0.218050
2022-12-30 14:43: Train Epoch 1: 291/634 Loss: 0.228360
2022-12-30 14:43: Train Epoch 1: 295/634 Loss: 0.205775
2022-12-30 14:43: Train Epoch 1: 299/634 Loss: 0.207600
2022-12-30 14:43: Train Epoch 1: 303/634 Loss: 0.208473
2022-12-30 14:43: Train Epoch 1: 307/634 Loss: 0.205181
2022-12-30 14:43: Train Epoch 1: 311/634 Loss: 0.196384
2022-12-30 14:44: Train Epoch 1: 315/634 Loss: 0.233155
2022-12-30 14:44: Train Epoch 1: 319/634 Loss: 0.192036
2022-12-30 14:44: Train Epoch 1: 323/634 Loss: 0.208514
2022-12-30 14:44: Train Epoch 1: 327/634 Loss: 0.238311
2022-12-30 14:44: Train Epoch 1: 331/634 Loss: 0.236156
2022-12-30 14:44: Train Epoch 1: 335/634 Loss: 0.225865
2022-12-30 14:44: Train Epoch 1: 339/634 Loss: 0.219410
2022-12-30 14:44: Train Epoch 1: 343/634 Loss: 0.217528
2022-12-30 14:44: Train Epoch 1: 347/634 Loss: 0.221254
2022-12-30 14:44: Train Epoch 1: 351/634 Loss: 0.214870
2022-12-30 14:44: Train Epoch 1: 355/634 Loss: 0.214874
2022-12-30 14:44: Train Epoch 1: 359/634 Loss: 0.242587
2022-12-30 14:44: Train Epoch 1: 363/634 Loss: 0.212688
2022-12-30 14:45: Train Epoch 1: 367/634 Loss: 0.209230
2022-12-30 14:45: Train Epoch 1: 371/634 Loss: 0.202767
2022-12-30 14:45: Train Epoch 1: 375/634 Loss: 0.211399
2022-12-30 14:45: Train Epoch 1: 379/634 Loss: 0.207258
2022-12-30 14:45: Train Epoch 1: 383/634 Loss: 0.205547
2022-12-30 14:45: Train Epoch 1: 387/634 Loss: 0.215998
2022-12-30 14:45: Train Epoch 1: 391/634 Loss: 0.214519
2022-12-30 14:45: Train Epoch 1: 395/634 Loss: 0.227583
2022-12-30 14:45: Train Epoch 1: 399/634 Loss: 0.212583
2022-12-30 14:45: Train Epoch 1: 403/634 Loss: 0.201465
2022-12-30 14:45: Train Epoch 1: 407/634 Loss: 0.228919
2022-12-30 14:45: Train Epoch 1: 411/634 Loss: 0.190398
2022-12-30 14:45: Train Epoch 1: 415/634 Loss: 0.200666
2022-12-30 14:46: Train Epoch 1: 419/634 Loss: 0.238895
