2022-12-28 19:43: log dir: /home/joel.chacon/tmp/WildFire_GCN/experiments/2020/2022122819433389448188058
2022-12-28 19:43: Experiment log path in: /home/joel.chacon/tmp/WildFire_GCN/experiments/2020/2022122819433389448188058
2022-12-28 19:43: Argument: Namespace(batch_size=256, clc='vec', cuda=True, dataset='2020', dataset_root='/home/joel.chacon/tmp/datasets_grl/', debug=False, default_graph=True, device='cpu', dynamic_features=['1 km 16 days NDVI', 'LST_Day_1km', 'LST_Night_1km', 'era5_max_d2m', 'era5_max_t2m', 'era5_max_sp', 'era5_max_tp', 'sminx', 'era5_max_wind_speed', 'era5_min_rh'], early_stop=True, early_stop_patience=8, embed_dim=128, epochs=30, grad_norm=False, horizon=1, input_dim=25, lag=10, link_len=2, log_dir='/home/joel.chacon/tmp/WildFire_GCN/experiments/2020/2022122819433389448188058', log_step=1, loss_func='nllloss', lr_decay=True, lr_decay_rate=0.1, lr_decay_step='15, 20', lr_init=0.0005, max_grad_norm=5, minbatch_size=256, mode='train', model='fire_GCN', nan_fill=0.5, num_layers=1, num_nodes=625, num_workers=20, output_dim=2, patch_height=25, patch_width=25, persistent_workers=True, pin_memory=True, plot=False, positive_weight=0.5, prefetch_factor=2, real_value=True, rnn_units=16, seed=10000, static_features=['dem_mean', 'slope_mean', 'roads_distance', 'waterway_distance', 'population_density'], teacher_forcing=False, weight_decay=0.0, window_len=10)
2022-12-28 19:43: Argument batch_size: 256
2022-12-28 19:43: Argument clc: 'vec'
2022-12-28 19:43: Argument cuda: True
2022-12-28 19:43: Argument dataset: '2020'
2022-12-28 19:43: Argument dataset_root: '/home/joel.chacon/tmp/datasets_grl/'
2022-12-28 19:43: Argument debug: False
2022-12-28 19:43: Argument default_graph: True
2022-12-28 19:43: Argument device: 'cpu'
2022-12-28 19:43: Argument dynamic_features: ['1 km 16 days NDVI', 'LST_Day_1km', 'LST_Night_1km', 'era5_max_d2m', 'era5_max_t2m', 'era5_max_sp', 'era5_max_tp', 'sminx', 'era5_max_wind_speed', 'era5_min_rh']
2022-12-28 19:43: Argument early_stop: True
2022-12-28 19:43: Argument early_stop_patience: 8
2022-12-28 19:43: Argument embed_dim: 128
2022-12-28 19:43: Argument epochs: 30
2022-12-28 19:43: Argument grad_norm: False
2022-12-28 19:43: Argument horizon: 1
2022-12-28 19:43: Argument input_dim: 25
2022-12-28 19:43: Argument lag: 10
2022-12-28 19:43: Argument link_len: 2
2022-12-28 19:43: Argument log_dir: '/home/joel.chacon/tmp/WildFire_GCN/experiments/2020/2022122819433389448188058'
2022-12-28 19:43: Argument log_step: 1
2022-12-28 19:43: Argument loss_func: 'nllloss'
2022-12-28 19:43: Argument lr_decay: True
2022-12-28 19:43: Argument lr_decay_rate: 0.1
2022-12-28 19:43: Argument lr_decay_step: '15, 20'
2022-12-28 19:43: Argument lr_init: 0.0005
2022-12-28 19:43: Argument max_grad_norm: 5
2022-12-28 19:43: Argument minbatch_size: 256
2022-12-28 19:43: Argument mode: 'train'
2022-12-28 19:43: Argument model: 'fire_GCN'
2022-12-28 19:43: Argument nan_fill: 0.5
2022-12-28 19:43: Argument num_layers: 1
2022-12-28 19:43: Argument num_nodes: 625
2022-12-28 19:43: Argument num_workers: 20
2022-12-28 19:43: Argument output_dim: 2
2022-12-28 19:43: Argument patch_height: 25
2022-12-28 19:43: Argument patch_width: 25
2022-12-28 19:43: Argument persistent_workers: True
2022-12-28 19:43: Argument pin_memory: True
2022-12-28 19:43: Argument plot: False
2022-12-28 19:43: Argument positive_weight: 0.5
2022-12-28 19:43: Argument prefetch_factor: 2
2022-12-28 19:43: Argument real_value: True
2022-12-28 19:43: Argument rnn_units: 16
2022-12-28 19:43: Argument seed: 10000
2022-12-28 19:43: Argument static_features: ['dem_mean', 'slope_mean', 'roads_distance', 'waterway_distance', 'population_density']
2022-12-28 19:43: Argument teacher_forcing: False
2022-12-28 19:43: Argument weight_decay: 0.0
2022-12-28 19:43: Argument window_len: 10
2022-12-28 19:43: Train Epoch 1: 0/159 Loss: 3.074321
2022-12-28 19:43: Train Epoch 1: 1/159 Loss: 1.716296
2022-12-28 19:43: Train Epoch 1: 2/159 Loss: 2.098858
2022-12-28 19:44: Train Epoch 1: 3/159 Loss: 1.532827
2022-12-28 19:44: Train Epoch 1: 4/159 Loss: 1.362127
2022-12-28 19:44: Train Epoch 1: 5/159 Loss: 1.426030
2022-12-28 19:44: Train Epoch 1: 6/159 Loss: 1.136474
2022-12-28 19:44: Train Epoch 1: 7/159 Loss: 0.994359
2022-12-28 19:44: Train Epoch 1: 8/159 Loss: 1.010520
2022-12-28 19:44: Train Epoch 1: 9/159 Loss: 0.954329
2022-12-28 19:44: Train Epoch 1: 10/159 Loss: 0.984244
2022-12-28 19:44: Train Epoch 1: 11/159 Loss: 0.950916
2022-12-28 19:45: Train Epoch 1: 12/159 Loss: 0.913510
2022-12-28 19:45: Train Epoch 1: 13/159 Loss: 1.020770
2022-12-28 19:45: Train Epoch 1: 14/159 Loss: 1.056574
2022-12-28 19:45: Train Epoch 1: 15/159 Loss: 0.937090
2022-12-28 19:45: Train Epoch 1: 16/159 Loss: 0.983597
2022-12-28 19:45: Train Epoch 1: 17/159 Loss: 1.006079
2022-12-28 19:45: Train Epoch 1: 18/159 Loss: 1.001270
2022-12-28 19:45: Train Epoch 1: 19/159 Loss: 0.835993
2022-12-28 19:46: Train Epoch 1: 20/159 Loss: 0.876585
2022-12-28 19:46: Train Epoch 1: 21/159 Loss: 0.879362
2022-12-28 19:46: Train Epoch 1: 22/159 Loss: 0.899424
2022-12-28 19:46: Train Epoch 1: 23/159 Loss: 0.968483
2022-12-28 19:46: Train Epoch 1: 24/159 Loss: 0.869152
2022-12-28 19:46: Train Epoch 1: 25/159 Loss: 0.897319
2022-12-28 19:46: Train Epoch 1: 26/159 Loss: 0.876718
2022-12-28 19:46: Train Epoch 1: 27/159 Loss: 0.865609
2022-12-28 19:46: Train Epoch 1: 28/159 Loss: 0.907921
2022-12-28 19:47: Train Epoch 1: 29/159 Loss: 0.899340
2022-12-28 19:47: Train Epoch 1: 30/159 Loss: 0.866086
2022-12-28 19:47: Train Epoch 1: 31/159 Loss: 0.815508
2022-12-28 19:47: Train Epoch 1: 32/159 Loss: 0.863179
2022-12-28 19:47: Train Epoch 1: 33/159 Loss: 0.782032
2022-12-28 19:47: Train Epoch 1: 34/159 Loss: 0.904071
2022-12-28 19:47: Train Epoch 1: 35/159 Loss: 0.813244
2022-12-28 19:47: Train Epoch 1: 36/159 Loss: 0.866535
2022-12-28 19:47: Train Epoch 1: 37/159 Loss: 0.825261
2022-12-28 19:48: Train Epoch 1: 38/159 Loss: 0.784633
2022-12-28 19:48: Train Epoch 1: 39/159 Loss: 0.875379
2022-12-28 19:48: Train Epoch 1: 40/159 Loss: 0.789731
2022-12-28 19:48: Train Epoch 1: 41/159 Loss: 0.840470
2022-12-28 19:48: Train Epoch 1: 42/159 Loss: 0.849372
2022-12-28 19:48: Train Epoch 1: 43/159 Loss: 0.769413
2022-12-28 19:48: Train Epoch 1: 44/159 Loss: 0.702527
2022-12-28 19:48: Train Epoch 1: 45/159 Loss: 0.857844
2022-12-28 19:49: Train Epoch 1: 46/159 Loss: 0.731254
2022-12-28 19:49: Train Epoch 1: 47/159 Loss: 0.838701
2022-12-28 19:49: Train Epoch 1: 48/159 Loss: 0.722143
2022-12-28 19:49: Train Epoch 1: 49/159 Loss: 0.683533
2022-12-28 19:49: Train Epoch 1: 50/159 Loss: 0.777648
2022-12-28 19:49: Train Epoch 1: 51/159 Loss: 0.783927
2022-12-28 19:49: Train Epoch 1: 52/159 Loss: 0.758595
2022-12-28 19:49: Train Epoch 1: 53/159 Loss: 0.776225
2022-12-28 19:50: Train Epoch 1: 54/159 Loss: 0.827333
2022-12-28 19:50: Train Epoch 1: 55/159 Loss: 0.768718
2022-12-28 19:50: Train Epoch 1: 56/159 Loss: 0.744488
2022-12-28 19:50: Train Epoch 1: 57/159 Loss: 0.752018
2022-12-28 19:50: Train Epoch 1: 58/159 Loss: 0.746001
2022-12-28 19:50: Train Epoch 1: 59/159 Loss: 0.835550
2022-12-28 19:50: Train Epoch 1: 60/159 Loss: 0.762302
2022-12-28 19:50: Train Epoch 1: 61/159 Loss: 0.755700
