2023-01-03 21:29: log dir: /home/joel.chacon/tmp/WildFire_GCN/experiments/2020/2023010321290142687255205
2023-01-03 21:29: Experiment log path in: /home/joel.chacon/tmp/WildFire_GCN/experiments/2020/2023010321290142687255205
2023-01-03 21:29: Argument: Namespace(alpha=1, batch_size=256, clc='vec', cuda=True, dataset='2020', dataset_root='/home/joel.chacon/tmp/datasets_grl/', debug=False, default_graph=True, device='cpu', dynamic_features=['1 km 16 days NDVI', 'LST_Day_1km', 'LST_Night_1km', 'era5_max_d2m', 'era5_max_t2m', 'era5_max_sp', 'era5_max_tp', 'sminx', 'era5_max_wind_speed', 'era5_min_rh'], early_stop=True, early_stop_patience=8, embed_dim=32, epochs=30, grad_norm=False, horizon=1, input_dim=25, lag=10, link_len=2, log_dir='/home/joel.chacon/tmp/WildFire_GCN/experiments/2020/2023010321290142687255205', log_step=1, loss_func='nllloss', lr_decay=True, lr_decay_rate=0.1, lr_decay_step='15, 20', lr_init=0.0001, maxDimHoles=1, max_grad_norm=5, minbatch_size=64, mode='train', model='fire_GCN', nan_fill=-1.0, num_layers=1, num_nodes=625, num_workers=12, output_dim=2, patch_height=25, patch_width=25, persistent_workers=True, pin_memory=True, plot=False, positive_weight=0.5, prefetch_factor=2, real_value=True, rnn_units=16, scaleParameter=1.0, seed=1992, sizeBorder=3, static_features=['dem_mean', 'slope_mean', 'roads_distance', 'waterway_distance', 'population_density'], teacher_forcing=False, weight_decay=0.0, window_len=10)
2023-01-03 21:29: Argument alpha: 1
2023-01-03 21:29: Argument batch_size: 256
2023-01-03 21:29: Argument clc: 'vec'
2023-01-03 21:29: Argument cuda: True
2023-01-03 21:29: Argument dataset: '2020'
2023-01-03 21:29: Argument dataset_root: '/home/joel.chacon/tmp/datasets_grl/'
2023-01-03 21:29: Argument debug: False
2023-01-03 21:29: Argument default_graph: True
2023-01-03 21:29: Argument device: 'cpu'
2023-01-03 21:29: Argument dynamic_features: ['1 km 16 days NDVI', 'LST_Day_1km', 'LST_Night_1km', 'era5_max_d2m', 'era5_max_t2m', 'era5_max_sp', 'era5_max_tp', 'sminx', 'era5_max_wind_speed', 'era5_min_rh']
2023-01-03 21:29: Argument early_stop: True
2023-01-03 21:29: Argument early_stop_patience: 8
2023-01-03 21:29: Argument embed_dim: 32
2023-01-03 21:29: Argument epochs: 30
2023-01-03 21:29: Argument grad_norm: False
2023-01-03 21:29: Argument horizon: 1
2023-01-03 21:29: Argument input_dim: 25
2023-01-03 21:29: Argument lag: 10
2023-01-03 21:29: Argument link_len: 2
2023-01-03 21:29: Argument log_dir: '/home/joel.chacon/tmp/WildFire_GCN/experiments/2020/2023010321290142687255205'
2023-01-03 21:29: Argument log_step: 1
2023-01-03 21:29: Argument loss_func: 'nllloss'
2023-01-03 21:29: Argument lr_decay: True
2023-01-03 21:29: Argument lr_decay_rate: 0.1
2023-01-03 21:29: Argument lr_decay_step: '15, 20'
2023-01-03 21:29: Argument lr_init: 0.0001
2023-01-03 21:29: Argument maxDimHoles: 1
2023-01-03 21:29: Argument max_grad_norm: 5
2023-01-03 21:29: Argument minbatch_size: 64
2023-01-03 21:29: Argument mode: 'train'
2023-01-03 21:29: Argument model: 'fire_GCN'
2023-01-03 21:29: Argument nan_fill: -1.0
2023-01-03 21:29: Argument num_layers: 1
2023-01-03 21:29: Argument num_nodes: 625
2023-01-03 21:29: Argument num_workers: 12
2023-01-03 21:29: Argument output_dim: 2
2023-01-03 21:29: Argument patch_height: 25
2023-01-03 21:29: Argument patch_width: 25
2023-01-03 21:29: Argument persistent_workers: True
2023-01-03 21:29: Argument pin_memory: True
2023-01-03 21:29: Argument plot: False
2023-01-03 21:29: Argument positive_weight: 0.5
2023-01-03 21:29: Argument prefetch_factor: 2
2023-01-03 21:29: Argument real_value: True
2023-01-03 21:29: Argument rnn_units: 16
2023-01-03 21:29: Argument scaleParameter: 1.0
2023-01-03 21:29: Argument seed: 1992
2023-01-03 21:29: Argument sizeBorder: 3
2023-01-03 21:29: Argument static_features: ['dem_mean', 'slope_mean', 'roads_distance', 'waterway_distance', 'population_density']
2023-01-03 21:29: Argument teacher_forcing: False
2023-01-03 21:29: Argument weight_decay: 0.0
2023-01-03 21:29: Argument window_len: 10
2023-01-03 21:32: Train Epoch 1: 3/634 Loss: 0.427876
2023-01-03 21:33: Train Epoch 1: 7/634 Loss: 0.350938
2023-01-03 21:34: Train Epoch 1: 11/634 Loss: 0.333812
2023-01-03 21:36: Train Epoch 1: 15/634 Loss: 0.286155
2023-01-03 21:37: Train Epoch 1: 19/634 Loss: 0.287104
