2023-01-03 23:56: log dir: /home/joel.chacon/tmp/WildFire_GCN/experiments/2020/2023010323560029999854013
2023-01-03 23:56: Experiment log path in: /home/joel.chacon/tmp/WildFire_GCN/experiments/2020/2023010323560029999854013
2023-01-03 23:56: Argument: Namespace(alpha=1, batch_size=256, clc='vec', cuda=True, dataset='2020', dataset_root='/home/joel.chacon/tmp/datasets_grl/', debug=False, default_graph=True, device='cpu', dynamic_features=['1 km 16 days NDVI', 'LST_Day_1km', 'LST_Night_1km', 'era5_max_d2m', 'era5_max_t2m', 'era5_max_sp', 'era5_max_tp', 'sminx', 'era5_max_wind_speed', 'era5_min_rh'], early_stop=True, early_stop_patience=8, embed_dim=64, epochs=30, grad_norm=False, horizon=1, input_dim=25, lag=10, link_len=2, log_dir='/home/joel.chacon/tmp/WildFire_GCN/experiments/2020/2023010323560029999854013', log_step=1, loss_func='nllloss', lr_decay=True, lr_decay_rate=0.1, lr_decay_step='20', lr_init=0.0001, maxDimHoles=1, max_grad_norm=5, minbatch_size=64, mode='train', model='fire_GCN', nan_fill=-1.0, num_layers=1, num_nodes=625, num_workers=12, output_dim=2, patch_height=25, patch_width=25, persistent_workers=True, pin_memory=True, plot=False, positive_weight=0.5, prefetch_factor=2, real_value=True, rnn_units=32, scaleParameter=1.0, seed=10000, sizeBorder=1, static_features=['dem_mean', 'slope_mean', 'roads_distance', 'waterway_distance', 'population_density'], teacher_forcing=False, weight_decay=0.0, window_len=10)
2023-01-03 23:56: Argument alpha: 1
2023-01-03 23:56: Argument batch_size: 256
2023-01-03 23:56: Argument clc: 'vec'
2023-01-03 23:56: Argument cuda: True
2023-01-03 23:56: Argument dataset: '2020'
2023-01-03 23:56: Argument dataset_root: '/home/joel.chacon/tmp/datasets_grl/'
2023-01-03 23:56: Argument debug: False
2023-01-03 23:56: Argument default_graph: True
2023-01-03 23:56: Argument device: 'cpu'
2023-01-03 23:56: Argument dynamic_features: ['1 km 16 days NDVI', 'LST_Day_1km', 'LST_Night_1km', 'era5_max_d2m', 'era5_max_t2m', 'era5_max_sp', 'era5_max_tp', 'sminx', 'era5_max_wind_speed', 'era5_min_rh']
2023-01-03 23:56: Argument early_stop: True
2023-01-03 23:56: Argument early_stop_patience: 8
2023-01-03 23:56: Argument embed_dim: 64
2023-01-03 23:56: Argument epochs: 30
2023-01-03 23:56: Argument grad_norm: False
2023-01-03 23:56: Argument horizon: 1
2023-01-03 23:56: Argument input_dim: 25
2023-01-03 23:56: Argument lag: 10
2023-01-03 23:56: Argument link_len: 2
2023-01-03 23:56: Argument log_dir: '/home/joel.chacon/tmp/WildFire_GCN/experiments/2020/2023010323560029999854013'
2023-01-03 23:56: Argument log_step: 1
2023-01-03 23:56: Argument loss_func: 'nllloss'
2023-01-03 23:56: Argument lr_decay: True
2023-01-03 23:56: Argument lr_decay_rate: 0.1
2023-01-03 23:56: Argument lr_decay_step: '20'
2023-01-03 23:56: Argument lr_init: 0.0001
2023-01-03 23:56: Argument maxDimHoles: 1
2023-01-03 23:56: Argument max_grad_norm: 5
2023-01-03 23:56: Argument minbatch_size: 64
2023-01-03 23:56: Argument mode: 'train'
2023-01-03 23:56: Argument model: 'fire_GCN'
2023-01-03 23:56: Argument nan_fill: -1.0
2023-01-03 23:56: Argument num_layers: 1
2023-01-03 23:56: Argument num_nodes: 625
2023-01-03 23:56: Argument num_workers: 12
2023-01-03 23:56: Argument output_dim: 2
2023-01-03 23:56: Argument patch_height: 25
2023-01-03 23:56: Argument patch_width: 25
2023-01-03 23:56: Argument persistent_workers: True
2023-01-03 23:56: Argument pin_memory: True
2023-01-03 23:56: Argument plot: False
2023-01-03 23:56: Argument positive_weight: 0.5
2023-01-03 23:56: Argument prefetch_factor: 2
2023-01-03 23:56: Argument real_value: True
2023-01-03 23:56: Argument rnn_units: 32
2023-01-03 23:56: Argument scaleParameter: 1.0
2023-01-03 23:56: Argument seed: 10000
2023-01-03 23:56: Argument sizeBorder: 1
2023-01-03 23:56: Argument static_features: ['dem_mean', 'slope_mean', 'roads_distance', 'waterway_distance', 'population_density']
2023-01-03 23:56: Argument teacher_forcing: False
2023-01-03 23:56: Argument weight_decay: 0.0
2023-01-03 23:56: Argument window_len: 10
2023-01-03 23:56: Train Epoch 1: 3/634 Loss: 0.477601
2023-01-03 23:56: Train Epoch 1: 7/634 Loss: 0.530454
2023-01-03 23:57: Train Epoch 1: 11/634 Loss: 0.371813
2023-01-03 23:57: Train Epoch 1: 15/634 Loss: 0.324234
2023-01-03 23:57: Train Epoch 1: 19/634 Loss: 0.353584
2023-01-03 23:57: Train Epoch 1: 23/634 Loss: 0.300078
2023-01-03 23:58: Train Epoch 1: 27/634 Loss: 0.309104
2023-01-03 23:58: Train Epoch 1: 31/634 Loss: 0.270573
2023-01-03 23:58: Train Epoch 1: 35/634 Loss: 0.305305
2023-01-03 23:59: Train Epoch 1: 39/634 Loss: 0.280553
2023-01-03 23:59: Train Epoch 1: 43/634 Loss: 0.255634
2023-01-03 23:59: Train Epoch 1: 47/634 Loss: 0.271819
2023-01-04 00:00: Train Epoch 1: 51/634 Loss: 0.293209
2023-01-04 00:00: Train Epoch 1: 55/634 Loss: 0.312372
2023-01-04 00:00: Train Epoch 1: 59/634 Loss: 0.258434
2023-01-04 00:00: Train Epoch 1: 63/634 Loss: 0.229433
2023-01-04 00:01: Train Epoch 1: 67/634 Loss: 0.279559
2023-01-04 00:01: Train Epoch 1: 71/634 Loss: 0.249616
2023-01-04 00:01: Train Epoch 1: 75/634 Loss: 0.242758
2023-01-04 00:02: Train Epoch 1: 79/634 Loss: 0.253768
2023-01-04 00:02: Train Epoch 1: 83/634 Loss: 0.212047
2023-01-04 00:02: Train Epoch 1: 87/634 Loss: 0.241675
2023-01-04 00:02: Train Epoch 1: 91/634 Loss: 0.241068
2023-01-04 00:03: Train Epoch 1: 95/634 Loss: 0.223684
2023-01-04 00:03: Train Epoch 1: 99/634 Loss: 0.223333
2023-01-04 00:03: Train Epoch 1: 103/634 Loss: 0.211991
2023-01-04 00:04: Train Epoch 1: 107/634 Loss: 0.226285
2023-01-04 00:04: Train Epoch 1: 111/634 Loss: 0.219871
2023-01-04 00:04: Train Epoch 1: 115/634 Loss: 0.229095
2023-01-04 00:04: Train Epoch 1: 119/634 Loss: 0.224751
2023-01-04 00:05: Train Epoch 1: 123/634 Loss: 0.218167
2023-01-04 00:05: Train Epoch 1: 127/634 Loss: 0.223467
2023-01-04 00:05: Train Epoch 1: 131/634 Loss: 0.211038
2023-01-04 00:06: Train Epoch 1: 135/634 Loss: 0.220214
2023-01-04 00:06: Train Epoch 1: 139/634 Loss: 0.190246
2023-01-04 00:06: Train Epoch 1: 143/634 Loss: 0.224927
2023-01-04 00:07: Train Epoch 1: 147/634 Loss: 0.263575
2023-01-04 00:07: Train Epoch 1: 151/634 Loss: 0.226632
2023-01-04 00:07: Train Epoch 1: 155/634 Loss: 0.208749
2023-01-04 00:07: Train Epoch 1: 159/634 Loss: 0.240240
2023-01-04 00:08: Train Epoch 1: 163/634 Loss: 0.203617
2023-01-04 00:08: Train Epoch 1: 167/634 Loss: 0.211394
2023-01-04 00:08: Train Epoch 1: 171/634 Loss: 0.224640
2023-01-04 00:09: Train Epoch 1: 175/634 Loss: 0.191306
2023-01-04 00:09: Train Epoch 1: 179/634 Loss: 0.239613
2023-01-04 00:09: Train Epoch 1: 183/634 Loss: 0.200109
2023-01-04 00:09: Train Epoch 1: 187/634 Loss: 0.230894
2023-01-04 00:10: Train Epoch 1: 191/634 Loss: 0.211863
2023-01-04 00:10: Train Epoch 1: 195/634 Loss: 0.226925
2023-01-04 00:10: Train Epoch 1: 199/634 Loss: 0.220124
2023-01-04 00:11: Train Epoch 1: 203/634 Loss: 0.205523
