2022-12-31 10:14: log dir: /home/joel.chacon/tmp/WildFire_GCN/experiments/2020/2022123110145043936554013
2022-12-31 10:14: Experiment log path in: /home/joel.chacon/tmp/WildFire_GCN/experiments/2020/2022123110145043936554013
2022-12-31 10:14: Argument: Namespace(batch_size=256, clc='vec', cuda=True, dataset='2020', dataset_root='/home/joel.chacon/tmp/datasets_grl/', debug=False, default_graph=True, device='cpu', dynamic_features=['1 km 16 days NDVI', 'LST_Day_1km', 'LST_Night_1km', 'era5_max_d2m', 'era5_max_t2m', 'era5_max_sp', 'era5_max_tp', 'sminx', 'era5_max_wind_speed', 'era5_min_rh'], early_stop=True, early_stop_patience=8, embed_dim=64, epochs=30, grad_norm=False, horizon=1, input_dim=25, lag=10, link_len=2, log_dir='/home/joel.chacon/tmp/WildFire_GCN/experiments/2020/2022123110145043936554013', log_step=1, loss_func='nllloss', lr_decay=True, lr_decay_rate=0.1, lr_decay_step='15, 20', lr_init=0.0001, max_grad_norm=5, minbatch_size=64, mode='train', model='fire_GCN', nan_fill=-1.0, num_layers=1, num_nodes=625, num_workers=12, output_dim=2, patch_height=25, patch_width=25, persistent_workers=True, pin_memory=True, plot=False, positive_weight=0.5, prefetch_factor=2, real_value=True, rnn_units=128, seed=10000, static_features=['dem_mean', 'slope_mean', 'roads_distance', 'waterway_distance', 'population_density'], teacher_forcing=False, weight_decay=0.0, window_len=10)
2022-12-31 10:14: Argument batch_size: 256
2022-12-31 10:14: Argument clc: 'vec'
2022-12-31 10:14: Argument cuda: True
2022-12-31 10:14: Argument dataset: '2020'
2022-12-31 10:14: Argument dataset_root: '/home/joel.chacon/tmp/datasets_grl/'
2022-12-31 10:14: Argument debug: False
2022-12-31 10:14: Argument default_graph: True
2022-12-31 10:14: Argument device: 'cpu'
2022-12-31 10:14: Argument dynamic_features: ['1 km 16 days NDVI', 'LST_Day_1km', 'LST_Night_1km', 'era5_max_d2m', 'era5_max_t2m', 'era5_max_sp', 'era5_max_tp', 'sminx', 'era5_max_wind_speed', 'era5_min_rh']
2022-12-31 10:14: Argument early_stop: True
2022-12-31 10:14: Argument early_stop_patience: 8
2022-12-31 10:14: Argument embed_dim: 64
2022-12-31 10:14: Argument epochs: 30
2022-12-31 10:14: Argument grad_norm: False
2022-12-31 10:14: Argument horizon: 1
2022-12-31 10:14: Argument input_dim: 25
2022-12-31 10:14: Argument lag: 10
2022-12-31 10:14: Argument link_len: 2
2022-12-31 10:14: Argument log_dir: '/home/joel.chacon/tmp/WildFire_GCN/experiments/2020/2022123110145043936554013'
2022-12-31 10:14: Argument log_step: 1
2022-12-31 10:14: Argument loss_func: 'nllloss'
2022-12-31 10:14: Argument lr_decay: True
2022-12-31 10:14: Argument lr_decay_rate: 0.1
2022-12-31 10:14: Argument lr_decay_step: '15, 20'
2022-12-31 10:14: Argument lr_init: 0.0001
2022-12-31 10:14: Argument max_grad_norm: 5
2022-12-31 10:14: Argument minbatch_size: 64
2022-12-31 10:14: Argument mode: 'train'
2022-12-31 10:14: Argument model: 'fire_GCN'
2022-12-31 10:14: Argument nan_fill: -1.0
2022-12-31 10:14: Argument num_layers: 1
2022-12-31 10:14: Argument num_nodes: 625
2022-12-31 10:14: Argument num_workers: 12
2022-12-31 10:14: Argument output_dim: 2
2022-12-31 10:14: Argument patch_height: 25
2022-12-31 10:14: Argument patch_width: 25
2022-12-31 10:14: Argument persistent_workers: True
2022-12-31 10:14: Argument pin_memory: True
2022-12-31 10:14: Argument plot: False
2022-12-31 10:14: Argument positive_weight: 0.5
2022-12-31 10:14: Argument prefetch_factor: 2
2022-12-31 10:14: Argument real_value: True
2022-12-31 10:14: Argument rnn_units: 128
2022-12-31 10:14: Argument seed: 10000
2022-12-31 10:14: Argument static_features: ['dem_mean', 'slope_mean', 'roads_distance', 'waterway_distance', 'population_density']
2022-12-31 10:14: Argument teacher_forcing: False
2022-12-31 10:14: Argument weight_decay: 0.0
2022-12-31 10:14: Argument window_len: 10
2022-12-31 10:15: Train Epoch 1: 3/634 Loss: 0.315737
2022-12-31 10:15: Train Epoch 1: 7/634 Loss: 3.934291
2022-12-31 10:16: Train Epoch 1: 11/634 Loss: 1.125355
2022-12-31 10:16: Train Epoch 1: 15/634 Loss: 1.426885
2022-12-31 10:17: Train Epoch 1: 19/634 Loss: 1.481072
2022-12-31 10:17: Train Epoch 1: 23/634 Loss: 0.617889
2022-12-31 10:18: Train Epoch 1: 27/634 Loss: 0.429067
2022-12-31 10:18: Train Epoch 1: 31/634 Loss: 0.618235
2022-12-31 10:19: Train Epoch 1: 35/634 Loss: 0.642204
2022-12-31 10:19: Train Epoch 1: 39/634 Loss: 0.298448
2022-12-31 10:20: Train Epoch 1: 43/634 Loss: 0.355207
2022-12-31 10:20: Train Epoch 1: 47/634 Loss: 0.505307
2022-12-31 10:21: Train Epoch 1: 51/634 Loss: 0.450939
2022-12-31 10:21: Train Epoch 1: 55/634 Loss: 0.354594
2022-12-31 10:22: Train Epoch 1: 59/634 Loss: 0.316406
2022-12-31 10:22: Train Epoch 1: 63/634 Loss: 0.385704
2022-12-31 10:23: Train Epoch 1: 67/634 Loss: 0.441737
2022-12-31 10:23: Train Epoch 1: 71/634 Loss: 0.361532
2022-12-31 10:24: Train Epoch 1: 75/634 Loss: 0.300926
2022-12-31 10:24: Train Epoch 1: 79/634 Loss: 0.310622
2022-12-31 10:25: Train Epoch 1: 83/634 Loss: 0.326213
2022-12-31 10:25: Train Epoch 1: 87/634 Loss: 0.326389
2022-12-31 10:26: Train Epoch 1: 91/634 Loss: 0.214496
2022-12-31 10:26: Train Epoch 1: 95/634 Loss: 0.301293
2022-12-31 10:27: Train Epoch 1: 99/634 Loss: 0.335687
2022-12-31 10:27: Train Epoch 1: 103/634 Loss: 0.314963
2022-12-31 10:28: Train Epoch 1: 107/634 Loss: 0.250781
2022-12-31 10:28: Train Epoch 1: 111/634 Loss: 0.275063
2022-12-31 10:29: Train Epoch 1: 115/634 Loss: 0.242868
2022-12-31 10:29: Train Epoch 1: 119/634 Loss: 0.274303
2022-12-31 10:30: Train Epoch 1: 123/634 Loss: 0.277879
2022-12-31 10:30: Train Epoch 1: 127/634 Loss: 0.197092
2022-12-31 10:31: Train Epoch 1: 131/634 Loss: 0.231369
2022-12-31 10:31: Train Epoch 1: 135/634 Loss: 0.242929
2022-12-31 10:32: Train Epoch 1: 139/634 Loss: 0.248341
2022-12-31 10:32: Train Epoch 1: 143/634 Loss: 0.236700
2022-12-31 10:33: Train Epoch 1: 147/634 Loss: 0.221630
2022-12-31 10:33: Train Epoch 1: 151/634 Loss: 0.233404
2022-12-31 10:34: Train Epoch 1: 155/634 Loss: 0.239680
2022-12-31 10:34: Train Epoch 1: 159/634 Loss: 0.220910
2022-12-31 10:35: Train Epoch 1: 163/634 Loss: 0.247201
2022-12-31 10:35: Train Epoch 1: 167/634 Loss: 0.240630
2022-12-31 10:36: Train Epoch 1: 171/634 Loss: 0.210105
2022-12-31 10:36: Train Epoch 1: 175/634 Loss: 0.222043
2022-12-31 10:37: Train Epoch 1: 179/634 Loss: 0.213962
2022-12-31 10:37: Train Epoch 1: 183/634 Loss: 0.215679
2022-12-31 10:38: Train Epoch 1: 187/634 Loss: 0.188807
2022-12-31 10:38: Train Epoch 1: 191/634 Loss: 0.218126
2022-12-31 10:39: Train Epoch 1: 195/634 Loss: 0.231270
2022-12-31 10:39: Train Epoch 1: 199/634 Loss: 0.234834
2022-12-31 10:40: Train Epoch 1: 203/634 Loss: 0.207665
2022-12-31 10:40: Train Epoch 1: 207/634 Loss: 0.225819
2022-12-31 10:41: Train Epoch 1: 211/634 Loss: 0.195434
2022-12-31 10:41: Train Epoch 1: 215/634 Loss: 0.199846
2022-12-31 10:42: Train Epoch 1: 219/634 Loss: 0.267301
2022-12-31 10:42: Train Epoch 1: 223/634 Loss: 0.215489
2022-12-31 10:43: Train Epoch 1: 227/634 Loss: 0.206594
2022-12-31 10:43: Train Epoch 1: 231/634 Loss: 0.220634
2022-12-31 10:44: Train Epoch 1: 235/634 Loss: 0.227837
2022-12-31 10:44: Train Epoch 1: 239/634 Loss: 0.228872
2022-12-31 10:44: Train Epoch 1: 243/634 Loss: 0.260566
2022-12-31 10:45: Train Epoch 1: 247/634 Loss: 0.231892
2022-12-31 10:46: Train Epoch 1: 251/634 Loss: 0.204640
2022-12-31 10:46: Train Epoch 1: 255/634 Loss: 0.216031
2022-12-31 10:47: Train Epoch 1: 259/634 Loss: 0.208183
2022-12-31 10:47: Train Epoch 1: 263/634 Loss: 0.213310
2022-12-31 10:48: Train Epoch 1: 267/634 Loss: 0.248477
2022-12-31 10:48: Train Epoch 1: 271/634 Loss: 0.209694
2022-12-31 10:48: Train Epoch 1: 275/634 Loss: 0.228740
2022-12-31 10:49: Train Epoch 1: 279/634 Loss: 0.204992
2022-12-31 10:49: Train Epoch 1: 283/634 Loss: 0.183004
2022-12-31 10:50: Train Epoch 1: 287/634 Loss: 0.232753
2022-12-31 10:50: Train Epoch 1: 291/634 Loss: 0.197703
2022-12-31 10:51: Train Epoch 1: 295/634 Loss: 0.254590
2022-12-31 10:51: Train Epoch 1: 299/634 Loss: 0.197703
2022-12-31 10:52: Train Epoch 1: 303/634 Loss: 0.206016
2022-12-31 10:52: Train Epoch 1: 307/634 Loss: 0.186033
2022-12-31 10:53: Train Epoch 1: 311/634 Loss: 0.207691
2022-12-31 10:53: Train Epoch 1: 315/634 Loss: 0.214972
2022-12-31 10:54: Train Epoch 1: 319/634 Loss: 0.200059
2022-12-31 10:54: Train Epoch 1: 323/634 Loss: 0.197728
2022-12-31 10:55: Train Epoch 1: 327/634 Loss: 0.202577
2022-12-31 10:55: Train Epoch 1: 331/634 Loss: 0.184446
2022-12-31 10:56: Train Epoch 1: 335/634 Loss: 0.186281
2022-12-31 10:56: Train Epoch 1: 339/634 Loss: 0.208155
2022-12-31 10:57: Train Epoch 1: 343/634 Loss: 0.166668
2022-12-31 10:57: Train Epoch 1: 347/634 Loss: 0.229723
2022-12-31 10:58: Train Epoch 1: 351/634 Loss: 0.170058
2022-12-31 10:58: Train Epoch 1: 355/634 Loss: 0.224811
2022-12-31 10:58: Train Epoch 1: 359/634 Loss: 0.250703
2022-12-31 10:59: Train Epoch 1: 363/634 Loss: 0.196816
2022-12-31 10:59: Train Epoch 1: 367/634 Loss: 0.218401
2022-12-31 11:00: Train Epoch 1: 371/634 Loss: 0.204773
2022-12-31 11:00: Train Epoch 1: 375/634 Loss: 0.206408
2022-12-31 11:01: Train Epoch 1: 379/634 Loss: 0.204010
2022-12-31 11:01: Train Epoch 1: 383/634 Loss: 0.233097
2022-12-31 11:02: Train Epoch 1: 387/634 Loss: 0.224598
2022-12-31 11:02: Train Epoch 1: 391/634 Loss: 0.211650
2022-12-31 11:03: Train Epoch 1: 395/634 Loss: 0.212684
2022-12-31 11:03: Train Epoch 1: 399/634 Loss: 0.201426
2022-12-31 11:04: Train Epoch 1: 403/634 Loss: 0.191038
2022-12-31 11:04: Train Epoch 1: 407/634 Loss: 0.219732
2022-12-31 11:05: Train Epoch 1: 411/634 Loss: 0.202206
2022-12-31 11:05: Train Epoch 1: 415/634 Loss: 0.219022
2022-12-31 11:06: Train Epoch 1: 419/634 Loss: 0.227993
2022-12-31 11:06: Train Epoch 1: 423/634 Loss: 0.196698
2022-12-31 11:07: Train Epoch 1: 427/634 Loss: 0.221073
2022-12-31 11:07: Train Epoch 1: 431/634 Loss: 0.213878
2022-12-31 11:08: Train Epoch 1: 435/634 Loss: 0.202558
2022-12-31 11:08: Train Epoch 1: 439/634 Loss: 0.203461
2022-12-31 11:09: Train Epoch 1: 443/634 Loss: 0.183008
2022-12-31 11:09: Train Epoch 1: 447/634 Loss: 0.208132
2022-12-31 11:10: Train Epoch 1: 451/634 Loss: 0.231076
2022-12-31 11:10: Train Epoch 1: 455/634 Loss: 0.211609
2022-12-31 11:11: Train Epoch 1: 459/634 Loss: 0.176938
2022-12-31 11:11: Train Epoch 1: 463/634 Loss: 0.221926
2022-12-31 11:12: Train Epoch 1: 467/634 Loss: 0.215951
2022-12-31 11:12: Train Epoch 1: 471/634 Loss: 0.198108
2022-12-31 11:13: Train Epoch 1: 475/634 Loss: 0.213566
2022-12-31 11:13: Train Epoch 1: 479/634 Loss: 0.220495
2022-12-31 11:14: Train Epoch 1: 483/634 Loss: 0.192337
2022-12-31 11:14: Train Epoch 1: 487/634 Loss: 0.218652
2022-12-31 11:15: Train Epoch 1: 491/634 Loss: 0.214092
2022-12-31 11:15: Train Epoch 1: 495/634 Loss: 0.189896
2022-12-31 11:16: Train Epoch 1: 499/634 Loss: 0.208539
2022-12-31 11:16: Train Epoch 1: 503/634 Loss: 0.208534
2022-12-31 11:17: Train Epoch 1: 507/634 Loss: 0.247632
2022-12-31 11:17: Train Epoch 1: 511/634 Loss: 0.184163
2022-12-31 11:18: Train Epoch 1: 515/634 Loss: 0.231094
2022-12-31 11:18: Train Epoch 1: 519/634 Loss: 0.189912
2022-12-31 11:19: Train Epoch 1: 523/634 Loss: 0.191454
2022-12-31 11:19: Train Epoch 1: 527/634 Loss: 0.201825
2022-12-31 11:20: Train Epoch 1: 531/634 Loss: 0.212068
2022-12-31 11:20: Train Epoch 1: 535/634 Loss: 0.225387
2022-12-31 11:21: Train Epoch 1: 539/634 Loss: 0.182441
2022-12-31 11:21: Train Epoch 1: 543/634 Loss: 0.209226
2022-12-31 11:22: Train Epoch 1: 547/634 Loss: 0.190617
2022-12-31 11:22: Train Epoch 1: 551/634 Loss: 0.178792
2022-12-31 11:23: Train Epoch 1: 555/634 Loss: 0.219789
2022-12-31 11:23: Train Epoch 1: 559/634 Loss: 0.229918
2022-12-31 11:24: Train Epoch 1: 563/634 Loss: 0.210825
2022-12-31 11:24: Train Epoch 1: 567/634 Loss: 0.210051
2022-12-31 11:25: Train Epoch 1: 571/634 Loss: 0.205150
2022-12-31 11:26: Train Epoch 1: 575/634 Loss: 0.207361
2022-12-31 11:26: Train Epoch 1: 579/634 Loss: 0.207499
2022-12-31 11:27: Train Epoch 1: 583/634 Loss: 0.180485
2022-12-31 11:27: Train Epoch 1: 587/634 Loss: 0.180858
2022-12-31 11:28: Train Epoch 1: 591/634 Loss: 0.208437
2022-12-31 11:28: Train Epoch 1: 595/634 Loss: 0.179185
2022-12-31 11:29: Train Epoch 1: 599/634 Loss: 0.175660
2022-12-31 11:29: Train Epoch 1: 603/634 Loss: 0.214398
2022-12-31 11:30: Train Epoch 1: 607/634 Loss: 0.207624
2022-12-31 11:30: Train Epoch 1: 611/634 Loss: 0.188065
2022-12-31 11:31: Train Epoch 1: 615/634 Loss: 0.181262
2022-12-31 11:31: Train Epoch 1: 619/634 Loss: 0.200259
2022-12-31 11:32: Train Epoch 1: 623/634 Loss: 0.211239
2022-12-31 11:32: Train Epoch 1: 627/634 Loss: 0.178982
2022-12-31 11:33: Train Epoch 1: 631/634 Loss: 0.207804
2022-12-31 11:33: Train Epoch 1: 633/634 Loss: 0.084451
2022-12-31 11:33: **********Train Epoch 1: averaged Loss: 0.281062 
2022-12-31 11:33: 
Epoch time elapsed: 4721.451344251633

2022-12-31 11:35: 
 metrics validation: {'precision': 0.7459605026929982, 'recall': 0.6392307692307693, 'f1-score': 0.6884838442419222, 'support': 1300, 'AUC': 0.8275559171597633, 'AUCPR': 0.7325295686715213, 'TP': 831, 'FP': 283, 'TN': 2317, 'FN': 469} 

2022-12-31 11:35: **********Val Epoch 1: average Loss: 0.241720
2022-12-31 11:35: *********************************Current best model saved!
2022-12-31 11:37: 
 Testing metrics {'precision': 0.7862281603288798, 'recall': 0.6229641693811075, 'f1-score': 0.6951385733757384, 'support': 1228, 'AUC': 0.8609414954004817, 'AUCPR': 0.7871210481262629, 'TP': 765, 'FP': 208, 'TN': 2248, 'FN': 463} 

2022-12-31 11:44: 
 Testing metrics {'precision': 0.8958711433756806, 'recall': 0.8960744270478784, 'f1-score': 0.8959727736812252, 'support': 4407, 'AUC': 0.9712932460060419, 'AUCPR': 0.9504155664933184, 'TP': 3949, 'FP': 459, 'TN': 8355, 'FN': 458} 

2022-12-31 11:45: Train Epoch 2: 3/634 Loss: 0.164963
2022-12-31 11:46: Train Epoch 2: 7/634 Loss: 0.213358
2022-12-31 11:46: Train Epoch 2: 11/634 Loss: 0.212038
2022-12-31 11:47: Train Epoch 2: 15/634 Loss: 0.194729
2022-12-31 11:48: Train Epoch 2: 19/634 Loss: 0.184672
2022-12-31 11:48: Train Epoch 2: 23/634 Loss: 0.191108
2022-12-31 11:49: Train Epoch 2: 27/634 Loss: 0.207158
2022-12-31 11:50: Train Epoch 2: 31/634 Loss: 0.178818
2022-12-31 11:50: Train Epoch 2: 35/634 Loss: 0.193178
2022-12-31 11:51: Train Epoch 2: 39/634 Loss: 0.180140
2022-12-31 11:52: Train Epoch 2: 43/634 Loss: 0.183958
2022-12-31 11:52: Train Epoch 2: 47/634 Loss: 0.229446
2022-12-31 11:53: Train Epoch 2: 51/634 Loss: 0.211689
2022-12-31 11:54: Train Epoch 2: 55/634 Loss: 0.209238
2022-12-31 11:54: Train Epoch 2: 59/634 Loss: 0.183403
2022-12-31 11:55: Train Epoch 2: 63/634 Loss: 0.181402
2022-12-31 11:56: Train Epoch 2: 67/634 Loss: 0.214504
2022-12-31 11:56: Train Epoch 2: 71/634 Loss: 0.211103
2022-12-31 11:57: Train Epoch 2: 75/634 Loss: 0.213246
2022-12-31 11:58: Train Epoch 2: 79/634 Loss: 0.243534
2022-12-31 11:58: Train Epoch 2: 83/634 Loss: 0.214683
2022-12-31 11:59: Train Epoch 2: 87/634 Loss: 0.215280
2022-12-31 12:00: Train Epoch 2: 91/634 Loss: 0.202157
2022-12-31 12:00: Train Epoch 2: 95/634 Loss: 0.168639
2022-12-31 12:01: Train Epoch 2: 99/634 Loss: 0.241100
2022-12-31 12:02: Train Epoch 2: 103/634 Loss: 0.211177
2022-12-31 12:02: Train Epoch 2: 107/634 Loss: 0.182352
2022-12-31 12:03: Train Epoch 2: 111/634 Loss: 0.225597
2022-12-31 12:04: Train Epoch 2: 115/634 Loss: 0.216986
2022-12-31 12:04: Train Epoch 2: 119/634 Loss: 0.213070
2022-12-31 12:05: Train Epoch 2: 123/634 Loss: 0.199360
2022-12-31 12:06: Train Epoch 2: 127/634 Loss: 0.219488
2022-12-31 12:06: Train Epoch 2: 131/634 Loss: 0.195041
2022-12-31 12:07: Train Epoch 2: 135/634 Loss: 0.192910
2022-12-31 12:08: Train Epoch 2: 139/634 Loss: 0.200087
2022-12-31 12:08: Train Epoch 2: 143/634 Loss: 0.242845
2022-12-31 12:09: Train Epoch 2: 147/634 Loss: 0.208168
2022-12-31 12:10: Train Epoch 2: 151/634 Loss: 0.198818
2022-12-31 12:10: Train Epoch 2: 155/634 Loss: 0.224620
2022-12-31 12:11: Train Epoch 2: 159/634 Loss: 0.202631
2022-12-31 12:12: Train Epoch 2: 163/634 Loss: 0.206455
2022-12-31 12:12: Train Epoch 2: 167/634 Loss: 0.191892
2022-12-31 12:13: Train Epoch 2: 171/634 Loss: 0.179882
2022-12-31 12:14: Train Epoch 2: 175/634 Loss: 0.212586
2022-12-31 12:14: Train Epoch 2: 179/634 Loss: 0.204842
2022-12-31 12:15: Train Epoch 2: 183/634 Loss: 0.195089
2022-12-31 12:16: Train Epoch 2: 187/634 Loss: 0.184692
2022-12-31 12:17: Train Epoch 2: 191/634 Loss: 0.175868
2022-12-31 12:17: Train Epoch 2: 195/634 Loss: 0.221618
2022-12-31 12:18: Train Epoch 2: 199/634 Loss: 0.194287
2022-12-31 12:19: Train Epoch 2: 203/634 Loss: 0.179631
2022-12-31 12:19: Train Epoch 2: 207/634 Loss: 0.182272
2022-12-31 12:20: Train Epoch 2: 211/634 Loss: 0.229348
2022-12-31 12:21: Train Epoch 2: 215/634 Loss: 0.189513
2022-12-31 12:21: Train Epoch 2: 219/634 Loss: 0.180716
2022-12-31 12:22: Train Epoch 2: 223/634 Loss: 0.211186
2022-12-31 12:23: Train Epoch 2: 227/634 Loss: 0.216055
2022-12-31 12:23: Train Epoch 2: 231/634 Loss: 0.204945
2022-12-31 12:24: Train Epoch 2: 235/634 Loss: 0.225306
2022-12-31 12:25: Train Epoch 2: 239/634 Loss: 0.174439
2022-12-31 12:25: Train Epoch 2: 243/634 Loss: 0.231681
2022-12-31 12:26: Train Epoch 2: 247/634 Loss: 0.198632
2022-12-31 12:27: Train Epoch 2: 251/634 Loss: 0.212019
2022-12-31 12:27: Train Epoch 2: 255/634 Loss: 0.219624
2022-12-31 12:28: Train Epoch 2: 259/634 Loss: 0.215334
2022-12-31 12:29: Train Epoch 2: 263/634 Loss: 0.213664
2022-12-31 12:29: Train Epoch 2: 267/634 Loss: 0.192449
2022-12-31 12:30: Train Epoch 2: 271/634 Loss: 0.193038
2022-12-31 12:31: Train Epoch 2: 275/634 Loss: 0.202857
2022-12-31 12:31: Train Epoch 2: 279/634 Loss: 0.187986
2022-12-31 12:32: Train Epoch 2: 283/634 Loss: 0.196011
2022-12-31 12:33: Train Epoch 2: 287/634 Loss: 0.210260
2022-12-31 12:33: Train Epoch 2: 291/634 Loss: 0.212307
2022-12-31 12:34: Train Epoch 2: 295/634 Loss: 0.167062
2022-12-31 12:35: Train Epoch 2: 299/634 Loss: 0.214325
2022-12-31 12:35: Train Epoch 2: 303/634 Loss: 0.201292
2022-12-31 12:36: Train Epoch 2: 307/634 Loss: 0.213140
2022-12-31 12:37: Train Epoch 2: 311/634 Loss: 0.197021
2022-12-31 12:37: Train Epoch 2: 315/634 Loss: 0.211567
2022-12-31 12:38: Train Epoch 2: 319/634 Loss: 0.185269
2022-12-31 12:39: Train Epoch 2: 323/634 Loss: 0.195620
2022-12-31 12:39: Train Epoch 2: 327/634 Loss: 0.246412
2022-12-31 12:40: Train Epoch 2: 331/634 Loss: 0.161690
2022-12-31 12:41: Train Epoch 2: 335/634 Loss: 0.239369
2022-12-31 12:41: Train Epoch 2: 339/634 Loss: 0.185133
2022-12-31 12:42: Train Epoch 2: 343/634 Loss: 0.201000
2022-12-31 12:43: Train Epoch 2: 347/634 Loss: 0.234474
2022-12-31 12:43: Train Epoch 2: 351/634 Loss: 0.210452
2022-12-31 12:44: Train Epoch 2: 355/634 Loss: 0.213792
2022-12-31 12:45: Train Epoch 2: 359/634 Loss: 0.231201
2022-12-31 12:45: Train Epoch 2: 363/634 Loss: 0.189722
2022-12-31 12:46: Train Epoch 2: 367/634 Loss: 0.308480
2022-12-31 12:47: Train Epoch 2: 371/634 Loss: 0.297453
2022-12-31 12:47: Train Epoch 2: 375/634 Loss: 0.186744
2022-12-31 12:48: Train Epoch 2: 379/634 Loss: 0.220233
2022-12-31 12:49: Train Epoch 2: 383/634 Loss: 0.178541
2022-12-31 12:49: Train Epoch 2: 387/634 Loss: 0.177000
2022-12-31 12:50: Train Epoch 2: 391/634 Loss: 0.216951
2022-12-31 12:51: Train Epoch 2: 395/634 Loss: 0.242671
2022-12-31 12:51: Train Epoch 2: 399/634 Loss: 0.182156
2022-12-31 12:52: Train Epoch 2: 403/634 Loss: 0.202779
2022-12-31 12:53: Train Epoch 2: 407/634 Loss: 0.206668
2022-12-31 12:53: Train Epoch 2: 411/634 Loss: 0.223643
2022-12-31 12:54: Train Epoch 2: 415/634 Loss: 0.177265
2022-12-31 12:55: Train Epoch 2: 419/634 Loss: 0.200724
2022-12-31 12:56: Train Epoch 2: 423/634 Loss: 0.221454
2022-12-31 12:56: Train Epoch 2: 427/634 Loss: 0.195054
2022-12-31 12:57: Train Epoch 2: 431/634 Loss: 0.200966
2022-12-31 12:58: Train Epoch 2: 435/634 Loss: 0.198531
2022-12-31 12:58: Train Epoch 2: 439/634 Loss: 0.187729
2022-12-31 12:59: Train Epoch 2: 443/634 Loss: 0.189273
2022-12-31 13:00: Train Epoch 2: 447/634 Loss: 0.184599
2022-12-31 13:01: Train Epoch 2: 451/634 Loss: 0.212929
2022-12-31 13:01: Train Epoch 2: 455/634 Loss: 0.195084
2022-12-31 13:02: Train Epoch 2: 459/634 Loss: 0.181779
2022-12-31 13:03: Train Epoch 2: 463/634 Loss: 0.187034
2022-12-31 13:03: Train Epoch 2: 467/634 Loss: 0.179423
2022-12-31 13:04: Train Epoch 2: 471/634 Loss: 0.186324
2022-12-31 13:05: Train Epoch 2: 475/634 Loss: 0.202738
2022-12-31 13:06: Train Epoch 2: 479/634 Loss: 0.206059
2022-12-31 13:06: Train Epoch 2: 483/634 Loss: 0.164187
2022-12-31 13:07: Train Epoch 2: 487/634 Loss: 0.171455
2022-12-31 13:07: Train Epoch 2: 491/634 Loss: 0.187837
2022-12-31 13:08: Train Epoch 2: 495/634 Loss: 0.213723
2022-12-31 13:08: Train Epoch 2: 499/634 Loss: 0.199302
2022-12-31 13:09: Train Epoch 2: 503/634 Loss: 0.191985
2022-12-31 13:10: Train Epoch 2: 507/634 Loss: 0.158902
2022-12-31 13:10: Train Epoch 2: 511/634 Loss: 0.200643
2022-12-31 13:11: Train Epoch 2: 515/634 Loss: 0.176565
2022-12-31 13:11: Train Epoch 2: 519/634 Loss: 0.181001
2022-12-31 13:12: Train Epoch 2: 523/634 Loss: 0.212469
2022-12-31 13:12: Train Epoch 2: 527/634 Loss: 0.194560
2022-12-31 13:13: Train Epoch 2: 531/634 Loss: 0.210027
2022-12-31 13:13: Train Epoch 2: 535/634 Loss: 0.176511
2022-12-31 13:14: Train Epoch 2: 539/634 Loss: 0.183954
2022-12-31 13:14: Train Epoch 2: 543/634 Loss: 0.195002
2022-12-31 13:15: Train Epoch 2: 547/634 Loss: 0.209756
2022-12-31 13:16: Train Epoch 2: 551/634 Loss: 0.198526
2022-12-31 13:16: Train Epoch 2: 555/634 Loss: 0.157818
2022-12-31 13:17: Train Epoch 2: 559/634 Loss: 0.185612
2022-12-31 13:17: Train Epoch 2: 563/634 Loss: 0.209314
2022-12-31 13:18: Train Epoch 2: 567/634 Loss: 0.175490
2022-12-31 13:18: Train Epoch 2: 571/634 Loss: 0.179336
2022-12-31 13:19: Train Epoch 2: 575/634 Loss: 0.165914
2022-12-31 13:19: Train Epoch 2: 579/634 Loss: 0.201932
2022-12-31 13:20: Train Epoch 2: 583/634 Loss: 0.201442
2022-12-31 13:20: Train Epoch 2: 587/634 Loss: 0.199202
2022-12-31 13:21: Train Epoch 2: 591/634 Loss: 0.211143
2022-12-31 13:22: Train Epoch 2: 595/634 Loss: 0.190412
2022-12-31 13:22: Train Epoch 2: 599/634 Loss: 0.175986
2022-12-31 13:23: Train Epoch 2: 603/634 Loss: 0.200379
2022-12-31 13:23: Train Epoch 2: 607/634 Loss: 0.193088
2022-12-31 13:24: Train Epoch 2: 611/634 Loss: 0.209783
2022-12-31 13:24: Train Epoch 2: 615/634 Loss: 0.160731
2022-12-31 13:25: Train Epoch 2: 619/634 Loss: 0.185074
2022-12-31 13:25: Train Epoch 2: 623/634 Loss: 0.184552
2022-12-31 13:26: Train Epoch 2: 627/634 Loss: 0.202695
2022-12-31 13:26: Train Epoch 2: 631/634 Loss: 0.176872
2022-12-31 13:27: Train Epoch 2: 633/634 Loss: 0.081792
2022-12-31 13:27: **********Train Epoch 2: averaged Loss: 0.199666 
2022-12-31 13:27: 
Epoch time elapsed: 6134.991898536682

2022-12-31 13:29: 
 metrics validation: {'precision': 0.735387045813586, 'recall': 0.7161538461538461, 'f1-score': 0.7256430241621201, 'support': 1300, 'AUC': 0.853365976331361, 'AUCPR': 0.7652125391112876, 'TP': 931, 'FP': 335, 'TN': 2265, 'FN': 369} 

2022-12-31 13:29: **********Val Epoch 2: average Loss: 0.216286
2022-12-31 13:29: *********************************Current best model saved!
2022-12-31 13:31: 
 Testing metrics {'precision': 0.7929203539823009, 'recall': 0.7296416938110749, 'f1-score': 0.7599660729431722, 'support': 1228, 'AUC': 0.8786489113942855, 'AUCPR': 0.81780449747824, 'TP': 896, 'FP': 234, 'TN': 2222, 'FN': 332} 

2022-12-31 13:38: 
 Testing metrics {'precision': 0.8723902854708138, 'recall': 0.9292035398230089, 'f1-score': 0.8999011097681573, 'support': 4407, 'AUC': 0.9761907189240213, 'AUCPR': 0.9620778727324664, 'TP': 4095, 'FP': 599, 'TN': 8215, 'FN': 312} 

2022-12-31 13:39: Train Epoch 3: 3/634 Loss: 0.191537
2022-12-31 13:39: Train Epoch 3: 7/634 Loss: 0.180284
2022-12-31 13:40: Train Epoch 3: 11/634 Loss: 0.155971
2022-12-31 13:40: Train Epoch 3: 15/634 Loss: 0.173577
2022-12-31 13:41: Train Epoch 3: 19/634 Loss: 0.171360
2022-12-31 13:41: Train Epoch 3: 23/634 Loss: 0.220768
2022-12-31 13:42: Train Epoch 3: 27/634 Loss: 0.198397
2022-12-31 13:42: Train Epoch 3: 31/634 Loss: 0.209555
2022-12-31 13:43: Train Epoch 3: 35/634 Loss: 0.200421
2022-12-31 13:44: Train Epoch 3: 39/634 Loss: 0.188916
2022-12-31 13:44: Train Epoch 3: 43/634 Loss: 0.200844
2022-12-31 13:45: Train Epoch 3: 47/634 Loss: 0.202497
2022-12-31 13:45: Train Epoch 3: 51/634 Loss: 0.160172
2022-12-31 13:46: Train Epoch 3: 55/634 Loss: 0.170090
2022-12-31 13:46: Train Epoch 3: 59/634 Loss: 0.172353
2022-12-31 13:47: Train Epoch 3: 63/634 Loss: 0.208935
2022-12-31 13:47: Train Epoch 3: 67/634 Loss: 0.158916
2022-12-31 13:48: Train Epoch 3: 71/634 Loss: 0.189173
2022-12-31 13:49: Train Epoch 3: 75/634 Loss: 0.177871
2022-12-31 13:49: Train Epoch 3: 79/634 Loss: 0.166700
2022-12-31 13:50: Train Epoch 3: 83/634 Loss: 0.191349
2022-12-31 13:50: Train Epoch 3: 87/634 Loss: 0.215898
2022-12-31 13:51: Train Epoch 3: 91/634 Loss: 0.199390
2022-12-31 13:51: Train Epoch 3: 95/634 Loss: 0.193469
2022-12-31 13:52: Train Epoch 3: 99/634 Loss: 0.190182
2022-12-31 13:53: Train Epoch 3: 103/634 Loss: 0.152004
2022-12-31 13:53: Train Epoch 3: 107/634 Loss: 0.190728
2022-12-31 13:54: Train Epoch 3: 111/634 Loss: 0.187740
2022-12-31 13:54: Train Epoch 3: 115/634 Loss: 0.182332
2022-12-31 13:55: Train Epoch 3: 119/634 Loss: 0.177214
2022-12-31 13:55: Train Epoch 3: 123/634 Loss: 0.208649
2022-12-31 13:56: Train Epoch 3: 127/634 Loss: 0.188900
2022-12-31 13:56: Train Epoch 3: 131/634 Loss: 0.196712
2022-12-31 13:57: Train Epoch 3: 135/634 Loss: 0.218093
2022-12-31 13:58: Train Epoch 3: 139/634 Loss: 0.188074
2022-12-31 13:58: Train Epoch 3: 143/634 Loss: 0.157662
2022-12-31 13:59: Train Epoch 3: 147/634 Loss: 0.151311
2022-12-31 13:59: Train Epoch 3: 151/634 Loss: 0.205818
2022-12-31 14:00: Train Epoch 3: 155/634 Loss: 0.192559
2022-12-31 14:00: Train Epoch 3: 159/634 Loss: 0.179878
2022-12-31 14:01: Train Epoch 3: 163/634 Loss: 0.195219
2022-12-31 14:02: Train Epoch 3: 167/634 Loss: 0.198418
2022-12-31 14:02: Train Epoch 3: 171/634 Loss: 0.169488
2022-12-31 14:03: Train Epoch 3: 175/634 Loss: 0.167450
2022-12-31 14:03: Train Epoch 3: 179/634 Loss: 0.179868
2022-12-31 14:04: Train Epoch 3: 183/634 Loss: 0.203068
2022-12-31 14:04: Train Epoch 3: 187/634 Loss: 0.208755
2022-12-31 14:05: Train Epoch 3: 191/634 Loss: 0.179910
2022-12-31 14:06: Train Epoch 3: 195/634 Loss: 0.183288
2022-12-31 14:06: Train Epoch 3: 199/634 Loss: 0.215771
2022-12-31 14:07: Train Epoch 3: 203/634 Loss: 0.181227
2022-12-31 14:07: Train Epoch 3: 207/634 Loss: 0.168121
2022-12-31 14:08: Train Epoch 3: 211/634 Loss: 0.190356
2022-12-31 14:08: Train Epoch 3: 215/634 Loss: 0.224431
2022-12-31 14:09: Train Epoch 3: 219/634 Loss: 0.167852
2022-12-31 14:10: Train Epoch 3: 223/634 Loss: 0.204085
2022-12-31 14:10: Train Epoch 3: 227/634 Loss: 0.190670
2022-12-31 14:11: Train Epoch 3: 231/634 Loss: 0.172373
2022-12-31 14:11: Train Epoch 3: 235/634 Loss: 0.179081
2022-12-31 14:12: Train Epoch 3: 239/634 Loss: 0.173005
2022-12-31 14:13: Train Epoch 3: 243/634 Loss: 0.189790
2022-12-31 14:13: Train Epoch 3: 247/634 Loss: 0.178615
2022-12-31 14:14: Train Epoch 3: 251/634 Loss: 0.188794
2022-12-31 14:14: Train Epoch 3: 255/634 Loss: 0.233835
2022-12-31 14:15: Train Epoch 3: 259/634 Loss: 0.170678
2022-12-31 14:15: Train Epoch 3: 263/634 Loss: 0.203692
2022-12-31 14:16: Train Epoch 3: 267/634 Loss: 0.193224
2022-12-31 14:17: Train Epoch 3: 271/634 Loss: 0.212101
2022-12-31 14:17: Train Epoch 3: 275/634 Loss: 0.201955
2022-12-31 14:18: Train Epoch 3: 279/634 Loss: 0.185267
2022-12-31 14:18: Train Epoch 3: 283/634 Loss: 0.216826
2022-12-31 14:19: Train Epoch 3: 287/634 Loss: 0.200592
2022-12-31 14:19: Train Epoch 3: 291/634 Loss: 0.190524
2022-12-31 14:20: Train Epoch 3: 295/634 Loss: 0.199379
2022-12-31 14:21: Train Epoch 3: 299/634 Loss: 0.183079
2022-12-31 14:21: Train Epoch 3: 303/634 Loss: 0.157680
2022-12-31 14:22: Train Epoch 3: 307/634 Loss: 0.205128
2022-12-31 14:22: Train Epoch 3: 311/634 Loss: 0.202096
2022-12-31 14:23: Train Epoch 3: 315/634 Loss: 0.182182
2022-12-31 14:23: Train Epoch 3: 319/634 Loss: 0.173466
2022-12-31 14:24: Train Epoch 3: 323/634 Loss: 0.154004
2022-12-31 14:24: Train Epoch 3: 327/634 Loss: 0.196555
2022-12-31 14:25: Train Epoch 3: 331/634 Loss: 0.208464
2022-12-31 14:26: Train Epoch 3: 335/634 Loss: 0.186844
2022-12-31 14:26: Train Epoch 3: 339/634 Loss: 0.204117
2022-12-31 14:27: Train Epoch 3: 343/634 Loss: 0.211783
2022-12-31 14:27: Train Epoch 3: 347/634 Loss: 0.165383
2022-12-31 14:28: Train Epoch 3: 351/634 Loss: 0.217511
2022-12-31 14:28: Train Epoch 3: 355/634 Loss: 0.196191
2022-12-31 14:29: Train Epoch 3: 359/634 Loss: 0.159541
2022-12-31 14:30: Train Epoch 3: 363/634 Loss: 0.205236
2022-12-31 14:30: Train Epoch 3: 367/634 Loss: 0.172090
2022-12-31 14:31: Train Epoch 3: 371/634 Loss: 0.195775
2022-12-31 14:31: Train Epoch 3: 375/634 Loss: 0.163547
2022-12-31 14:32: Train Epoch 3: 379/634 Loss: 0.203919
2022-12-31 14:32: Train Epoch 3: 383/634 Loss: 0.191716
2022-12-31 14:33: Train Epoch 3: 387/634 Loss: 0.162825
2022-12-31 14:34: Train Epoch 3: 391/634 Loss: 0.208115
2022-12-31 14:34: Train Epoch 3: 395/634 Loss: 0.203390
2022-12-31 14:35: Train Epoch 3: 399/634 Loss: 0.156845
2022-12-31 14:35: Train Epoch 3: 403/634 Loss: 0.166717
2022-12-31 14:36: Train Epoch 3: 407/634 Loss: 0.175950
2022-12-31 14:36: Train Epoch 3: 411/634 Loss: 0.163030
2022-12-31 14:37: Train Epoch 3: 415/634 Loss: 0.231717
2022-12-31 14:38: Train Epoch 3: 419/634 Loss: 0.198881
2022-12-31 14:38: Train Epoch 3: 423/634 Loss: 0.206188
2022-12-31 14:39: Train Epoch 3: 427/634 Loss: 0.216753
2022-12-31 14:39: Train Epoch 3: 431/634 Loss: 0.157347
2022-12-31 14:40: Train Epoch 3: 435/634 Loss: 0.177951
2022-12-31 14:40: Train Epoch 3: 439/634 Loss: 0.160697
2022-12-31 14:41: Train Epoch 3: 443/634 Loss: 0.188111
2022-12-31 14:42: Train Epoch 3: 447/634 Loss: 0.183522
2022-12-31 14:42: Train Epoch 3: 451/634 Loss: 0.163768
2022-12-31 14:43: Train Epoch 3: 455/634 Loss: 0.189143
2022-12-31 14:43: Train Epoch 3: 459/634 Loss: 0.167430
2022-12-31 14:44: Train Epoch 3: 463/634 Loss: 0.177829
2022-12-31 14:44: Train Epoch 3: 467/634 Loss: 0.165014
2022-12-31 14:45: Train Epoch 3: 471/634 Loss: 0.180540
2022-12-31 14:46: Train Epoch 3: 475/634 Loss: 0.177271
2022-12-31 14:46: Train Epoch 3: 479/634 Loss: 0.169143
2022-12-31 14:47: Train Epoch 3: 483/634 Loss: 0.218090
2022-12-31 14:47: Train Epoch 3: 487/634 Loss: 0.188503
2022-12-31 14:48: Train Epoch 3: 491/634 Loss: 0.175997
2022-12-31 14:48: Train Epoch 3: 495/634 Loss: 0.224515
2022-12-31 14:49: Train Epoch 3: 499/634 Loss: 0.179839
2022-12-31 14:49: Train Epoch 3: 503/634 Loss: 0.223763
2022-12-31 14:50: Train Epoch 3: 507/634 Loss: 0.185400
2022-12-31 14:51: Train Epoch 3: 511/634 Loss: 0.200588
2022-12-31 14:51: Train Epoch 3: 515/634 Loss: 0.211291
2022-12-31 14:52: Train Epoch 3: 519/634 Loss: 0.192883
2022-12-31 14:52: Train Epoch 3: 523/634 Loss: 0.193919
2022-12-31 14:53: Train Epoch 3: 527/634 Loss: 0.212804
2022-12-31 14:54: Train Epoch 3: 531/634 Loss: 0.203439
2022-12-31 14:54: Train Epoch 3: 535/634 Loss: 0.153594
2022-12-31 14:55: Train Epoch 3: 539/634 Loss: 0.220588
2022-12-31 14:55: Train Epoch 3: 543/634 Loss: 0.196371
2022-12-31 14:56: Train Epoch 3: 547/634 Loss: 0.242532
2022-12-31 14:56: Train Epoch 3: 551/634 Loss: 0.182397
2022-12-31 14:57: Train Epoch 3: 555/634 Loss: 0.177453
2022-12-31 14:58: Train Epoch 3: 559/634 Loss: 0.199227
2022-12-31 14:58: Train Epoch 3: 563/634 Loss: 0.211295
2022-12-31 14:59: Train Epoch 3: 567/634 Loss: 0.211660
2022-12-31 14:59: Train Epoch 3: 571/634 Loss: 0.176027
2022-12-31 15:00: Train Epoch 3: 575/634 Loss: 0.212485
2022-12-31 15:00: Train Epoch 3: 579/634 Loss: 0.184756
2022-12-31 15:01: Train Epoch 3: 583/634 Loss: 0.176111
2022-12-31 15:02: Train Epoch 3: 587/634 Loss: 0.206991
2022-12-31 15:02: Train Epoch 3: 591/634 Loss: 0.194103
2022-12-31 15:03: Train Epoch 3: 595/634 Loss: 0.175015
2022-12-31 15:03: Train Epoch 3: 599/634 Loss: 0.227650
2022-12-31 15:04: Train Epoch 3: 603/634 Loss: 0.198009
2022-12-31 15:04: Train Epoch 3: 607/634 Loss: 0.219750
2022-12-31 15:05: Train Epoch 3: 611/634 Loss: 0.205433
2022-12-31 15:06: Train Epoch 3: 615/634 Loss: 0.191105
2022-12-31 15:06: Train Epoch 3: 619/634 Loss: 0.180641
2022-12-31 15:07: Train Epoch 3: 623/634 Loss: 0.184093
2022-12-31 15:07: Train Epoch 3: 627/634 Loss: 0.200693
2022-12-31 15:08: Train Epoch 3: 631/634 Loss: 0.181403
2022-12-31 15:08: Train Epoch 3: 633/634 Loss: 0.074279
2022-12-31 15:08: **********Train Epoch 3: averaged Loss: 0.189077 
2022-12-31 15:08: 
Epoch time elapsed: 5397.918185710907

2022-12-31 15:10: 
 metrics validation: {'precision': 0.8120229007633588, 'recall': 0.6546153846153846, 'f1-score': 0.7248722316865417, 'support': 1300, 'AUC': 0.8845878698224852, 'AUCPR': 0.8004586484157492, 'TP': 851, 'FP': 197, 'TN': 2403, 'FN': 449} 

2022-12-31 15:10: **********Val Epoch 3: average Loss: 0.202106
2022-12-31 15:10: *********************************Current best model saved!
2022-12-31 15:12: 
 Testing metrics {'precision': 0.8568443051201672, 'recall': 0.6677524429967426, 'f1-score': 0.7505720823798626, 'support': 1228, 'AUC': 0.8995665736506487, 'AUCPR': 0.8408411188991342, 'TP': 820, 'FP': 137, 'TN': 2319, 'FN': 408} 

2022-12-31 15:20: 
 Testing metrics {'precision': 0.9255143059825017, 'recall': 0.8881325164511005, 'f1-score': 0.9064381658175081, 'support': 4407, 'AUC': 0.97773376503715, 'AUCPR': 0.9637350860944456, 'TP': 3914, 'FP': 315, 'TN': 8499, 'FN': 493} 

2022-12-31 15:21: Train Epoch 4: 3/634 Loss: 0.197842
2022-12-31 15:21: Train Epoch 4: 7/634 Loss: 0.194032
2022-12-31 15:22: Train Epoch 4: 11/634 Loss: 0.171324
2022-12-31 15:22: Train Epoch 4: 15/634 Loss: 0.198505
2022-12-31 15:23: Train Epoch 4: 19/634 Loss: 0.181982
2022-12-31 15:24: Train Epoch 4: 23/634 Loss: 0.192221
2022-12-31 15:24: Train Epoch 4: 27/634 Loss: 0.204540
2022-12-31 15:25: Train Epoch 4: 31/634 Loss: 0.176242
2022-12-31 15:25: Train Epoch 4: 35/634 Loss: 0.162515
2022-12-31 15:26: Train Epoch 4: 39/634 Loss: 0.192546
2022-12-31 15:26: Train Epoch 4: 43/634 Loss: 0.180538
2022-12-31 15:27: Train Epoch 4: 47/634 Loss: 0.179920
2022-12-31 15:28: Train Epoch 4: 51/634 Loss: 0.197557
2022-12-31 15:28: Train Epoch 4: 55/634 Loss: 0.185197
2022-12-31 15:29: Train Epoch 4: 59/634 Loss: 0.174642
2022-12-31 15:29: Train Epoch 4: 63/634 Loss: 0.164949
2022-12-31 15:30: Train Epoch 4: 67/634 Loss: 0.178242
2022-12-31 15:30: Train Epoch 4: 71/634 Loss: 0.166842
2022-12-31 15:31: Train Epoch 4: 75/634 Loss: 0.180466
2022-12-31 15:32: Train Epoch 4: 79/634 Loss: 0.171057
2022-12-31 15:32: Train Epoch 4: 83/634 Loss: 0.197667
2022-12-31 15:33: Train Epoch 4: 87/634 Loss: 0.167189
2022-12-31 15:33: Train Epoch 4: 91/634 Loss: 0.177058
2022-12-31 15:34: Train Epoch 4: 95/634 Loss: 0.167848
2022-12-31 15:34: Train Epoch 4: 99/634 Loss: 0.164764
2022-12-31 15:35: Train Epoch 4: 103/634 Loss: 0.194513
2022-12-31 15:36: Train Epoch 4: 107/634 Loss: 0.222118
2022-12-31 15:36: Train Epoch 4: 111/634 Loss: 0.163461
2022-12-31 15:37: Train Epoch 4: 115/634 Loss: 0.201140
2022-12-31 15:37: Train Epoch 4: 119/634 Loss: 0.171774
2022-12-31 15:38: Train Epoch 4: 123/634 Loss: 0.211572
2022-12-31 15:38: Train Epoch 4: 127/634 Loss: 0.207393
2022-12-31 15:39: Train Epoch 4: 131/634 Loss: 0.224574
2022-12-31 15:40: Train Epoch 4: 135/634 Loss: 0.191232
2022-12-31 15:40: Train Epoch 4: 139/634 Loss: 0.175493
2022-12-31 15:41: Train Epoch 4: 143/634 Loss: 0.158976
2022-12-31 15:41: Train Epoch 4: 147/634 Loss: 0.179578
2022-12-31 15:42: Train Epoch 4: 151/634 Loss: 0.189387
2022-12-31 15:43: Train Epoch 4: 155/634 Loss: 0.193403
2022-12-31 15:43: Train Epoch 4: 159/634 Loss: 0.186237
2022-12-31 15:44: Train Epoch 4: 163/634 Loss: 0.164341
2022-12-31 15:44: Train Epoch 4: 167/634 Loss: 0.216848
2022-12-31 15:45: Train Epoch 4: 171/634 Loss: 0.186187
2022-12-31 15:45: Train Epoch 4: 175/634 Loss: 0.192449
2022-12-31 15:46: Train Epoch 4: 179/634 Loss: 0.159645
2022-12-31 15:47: Train Epoch 4: 183/634 Loss: 0.180656
2022-12-31 15:47: Train Epoch 4: 187/634 Loss: 0.178285
2022-12-31 15:48: Train Epoch 4: 191/634 Loss: 0.186103
2022-12-31 15:48: Train Epoch 4: 195/634 Loss: 0.162650
2022-12-31 15:49: Train Epoch 4: 199/634 Loss: 0.212383
2022-12-31 15:49: Train Epoch 4: 203/634 Loss: 0.188474
2022-12-31 15:50: Train Epoch 4: 207/634 Loss: 0.201307
2022-12-31 15:51: Train Epoch 4: 211/634 Loss: 0.202895
2022-12-31 15:51: Train Epoch 4: 215/634 Loss: 0.200240
2022-12-31 15:52: Train Epoch 4: 219/634 Loss: 0.182330
2022-12-31 15:52: Train Epoch 4: 223/634 Loss: 0.170187
2022-12-31 15:53: Train Epoch 4: 227/634 Loss: 0.180568
2022-12-31 15:53: Train Epoch 4: 231/634 Loss: 0.207862
2022-12-31 15:54: Train Epoch 4: 235/634 Loss: 0.192867
2022-12-31 15:55: Train Epoch 4: 239/634 Loss: 0.217223
2022-12-31 15:55: Train Epoch 4: 243/634 Loss: 0.181999
2022-12-31 15:56: Train Epoch 4: 247/634 Loss: 0.188674
2022-12-31 15:56: Train Epoch 4: 251/634 Loss: 0.189939
2022-12-31 15:57: Train Epoch 4: 255/634 Loss: 0.183748
2022-12-31 15:57: Train Epoch 4: 259/634 Loss: 0.166959
2022-12-31 15:58: Train Epoch 4: 263/634 Loss: 0.196041
2022-12-31 15:59: Train Epoch 4: 267/634 Loss: 0.188298
2022-12-31 15:59: Train Epoch 4: 271/634 Loss: 0.184274
2022-12-31 16:00: Train Epoch 4: 275/634 Loss: 0.184468
2022-12-31 16:00: Train Epoch 4: 279/634 Loss: 0.212267
2022-12-31 16:01: Train Epoch 4: 283/634 Loss: 0.203400
2022-12-31 16:01: Train Epoch 4: 287/634 Loss: 0.155441
2022-12-31 16:02: Train Epoch 4: 291/634 Loss: 0.175090
2022-12-31 16:03: Train Epoch 4: 295/634 Loss: 0.175474
2022-12-31 16:03: Train Epoch 4: 299/634 Loss: 0.209790
2022-12-31 16:04: Train Epoch 4: 303/634 Loss: 0.197428
2022-12-31 16:04: Train Epoch 4: 307/634 Loss: 0.199945
2022-12-31 16:05: Train Epoch 4: 311/634 Loss: 0.222348
2022-12-31 16:05: Train Epoch 4: 315/634 Loss: 0.185721
2022-12-31 16:06: Train Epoch 4: 319/634 Loss: 0.215242
2022-12-31 16:07: Train Epoch 4: 323/634 Loss: 0.158323
2022-12-31 16:07: Train Epoch 4: 327/634 Loss: 0.190867
2022-12-31 16:08: Train Epoch 4: 331/634 Loss: 0.215266
2022-12-31 16:08: Train Epoch 4: 335/634 Loss: 0.215090
2022-12-31 16:09: Train Epoch 4: 339/634 Loss: 0.233741
2022-12-31 16:09: Train Epoch 4: 343/634 Loss: 0.193112
2022-12-31 16:10: Train Epoch 4: 347/634 Loss: 0.222963
2022-12-31 16:11: Train Epoch 4: 351/634 Loss: 0.151899
2022-12-31 16:11: Train Epoch 4: 355/634 Loss: 0.193756
2022-12-31 16:12: Train Epoch 4: 359/634 Loss: 0.184860
2022-12-31 16:12: Train Epoch 4: 363/634 Loss: 0.181437
2022-12-31 16:13: Train Epoch 4: 367/634 Loss: 0.153442
2022-12-31 16:13: Train Epoch 4: 371/634 Loss: 0.173130
2022-12-31 16:14: Train Epoch 4: 375/634 Loss: 0.169934
2022-12-31 16:15: Train Epoch 4: 379/634 Loss: 0.167645
2022-12-31 16:15: Train Epoch 4: 383/634 Loss: 0.170592
2022-12-31 16:16: Train Epoch 4: 387/634 Loss: 0.207337
2022-12-31 16:16: Train Epoch 4: 391/634 Loss: 0.181596
2022-12-31 16:17: Train Epoch 4: 395/634 Loss: 0.174484
2022-12-31 16:17: Train Epoch 4: 399/634 Loss: 0.174251
2022-12-31 16:18: Train Epoch 4: 403/634 Loss: 0.147757
2022-12-31 16:19: Train Epoch 4: 407/634 Loss: 0.171949
2022-12-31 16:19: Train Epoch 4: 411/634 Loss: 0.174603
2022-12-31 16:20: Train Epoch 4: 415/634 Loss: 0.202146
2022-12-31 16:20: Train Epoch 4: 419/634 Loss: 0.163755
2022-12-31 16:21: Train Epoch 4: 423/634 Loss: 0.172274
2022-12-31 16:22: Train Epoch 4: 427/634 Loss: 0.168216
2022-12-31 16:22: Train Epoch 4: 431/634 Loss: 0.186422
2022-12-31 16:23: Train Epoch 4: 435/634 Loss: 0.197440
2022-12-31 16:23: Train Epoch 4: 439/634 Loss: 0.173956
2022-12-31 16:24: Train Epoch 4: 443/634 Loss: 0.203362
2022-12-31 16:24: Train Epoch 4: 447/634 Loss: 0.172885
2022-12-31 16:25: Train Epoch 4: 451/634 Loss: 0.231980
2022-12-31 16:26: Train Epoch 4: 455/634 Loss: 0.172433
2022-12-31 16:26: Train Epoch 4: 459/634 Loss: 0.199194
2022-12-31 16:27: Train Epoch 4: 463/634 Loss: 0.225985
2022-12-31 16:27: Train Epoch 4: 467/634 Loss: 0.188017
2022-12-31 16:28: Train Epoch 4: 471/634 Loss: 0.176428
2022-12-31 16:28: Train Epoch 4: 475/634 Loss: 0.173122
2022-12-31 16:29: Train Epoch 4: 479/634 Loss: 0.152323
2022-12-31 16:30: Train Epoch 4: 483/634 Loss: 0.199259
2022-12-31 16:30: Train Epoch 4: 487/634 Loss: 0.159643
2022-12-31 16:31: Train Epoch 4: 491/634 Loss: 0.173641
2022-12-31 16:31: Train Epoch 4: 495/634 Loss: 0.174929
2022-12-31 16:32: Train Epoch 4: 499/634 Loss: 0.209506
2022-12-31 16:32: Train Epoch 4: 503/634 Loss: 0.177292
2022-12-31 16:33: Train Epoch 4: 507/634 Loss: 0.153911
2022-12-31 16:34: Train Epoch 4: 511/634 Loss: 0.189148
2022-12-31 16:34: Train Epoch 4: 515/634 Loss: 0.198842
2022-12-31 16:35: Train Epoch 4: 519/634 Loss: 0.222366
2022-12-31 16:35: Train Epoch 4: 523/634 Loss: 0.166803
2022-12-31 16:36: Train Epoch 4: 527/634 Loss: 0.181775
2022-12-31 16:36: Train Epoch 4: 531/634 Loss: 0.182700
2022-12-31 16:37: Train Epoch 4: 535/634 Loss: 0.154782
2022-12-31 16:38: Train Epoch 4: 539/634 Loss: 0.158000
2022-12-31 16:38: Train Epoch 4: 543/634 Loss: 0.160903
2022-12-31 16:39: Train Epoch 4: 547/634 Loss: 0.176271
2022-12-31 16:39: Train Epoch 4: 551/634 Loss: 0.168084
2022-12-31 16:40: Train Epoch 4: 555/634 Loss: 0.157168
2022-12-31 16:40: Train Epoch 4: 559/634 Loss: 0.187319
2022-12-31 16:41: Train Epoch 4: 563/634 Loss: 0.165086
2022-12-31 16:42: Train Epoch 4: 567/634 Loss: 0.187169
2022-12-31 16:42: Train Epoch 4: 571/634 Loss: 0.168598
2022-12-31 16:43: Train Epoch 4: 575/634 Loss: 0.193575
2022-12-31 16:43: Train Epoch 4: 579/634 Loss: 0.151492
2022-12-31 16:44: Train Epoch 4: 583/634 Loss: 0.164743
2022-12-31 16:44: Train Epoch 4: 587/634 Loss: 0.217869
2022-12-31 16:45: Train Epoch 4: 591/634 Loss: 0.166101
2022-12-31 16:46: Train Epoch 4: 595/634 Loss: 0.185449
2022-12-31 16:46: Train Epoch 4: 599/634 Loss: 0.153701
2022-12-31 16:47: Train Epoch 4: 603/634 Loss: 0.201887
2022-12-31 16:47: Train Epoch 4: 607/634 Loss: 0.178898
2022-12-31 16:48: Train Epoch 4: 611/634 Loss: 0.170544
2022-12-31 16:48: Train Epoch 4: 615/634 Loss: 0.153351
2022-12-31 16:49: Train Epoch 4: 619/634 Loss: 0.175786
2022-12-31 16:49: Train Epoch 4: 623/634 Loss: 0.169838
2022-12-31 16:50: Train Epoch 4: 627/634 Loss: 0.179893
2022-12-31 16:51: Train Epoch 4: 631/634 Loss: 0.183129
2022-12-31 16:51: Train Epoch 4: 633/634 Loss: 0.103550
2022-12-31 16:51: **********Train Epoch 4: averaged Loss: 0.183570 
2022-12-31 16:51: 
Epoch time elapsed: 5434.051996231079

2022-12-31 16:53: 
 metrics validation: {'precision': 0.7019167217448777, 'recall': 0.816923076923077, 'f1-score': 0.7550657660860292, 'support': 1300, 'AUC': 0.8917100591715977, 'AUCPR': 0.8071072458775297, 'TP': 1062, 'FP': 451, 'TN': 2149, 'FN': 238} 

2022-12-31 16:53: **********Val Epoch 4: average Loss: 0.194759
2022-12-31 16:53: *********************************Current best model saved!
2022-12-31 16:55: 
 Testing metrics {'precision': 0.7119815668202765, 'recall': 0.754885993485342, 'f1-score': 0.7328063241106719, 'support': 1228, 'AUC': 0.8987625200267377, 'AUCPR': 0.8417785410626522, 'TP': 927, 'FP': 375, 'TN': 2081, 'FN': 301} 

2022-12-31 17:02: 
 Testing metrics {'precision': 0.8123927550047665, 'recall': 0.9668708872248696, 'f1-score': 0.8829258184832159, 'support': 4407, 'AUC': 0.9741978397405905, 'AUCPR': 0.9521879490875942, 'TP': 4261, 'FP': 984, 'TN': 7830, 'FN': 146} 

2022-12-31 17:03: Train Epoch 5: 3/634 Loss: 0.224414
2022-12-31 17:03: Train Epoch 5: 7/634 Loss: 0.209624
2022-12-31 17:04: Train Epoch 5: 11/634 Loss: 0.196996
2022-12-31 17:05: Train Epoch 5: 15/634 Loss: 0.190435
