2023-01-07 20:16: log dir: /home/joel.chacon/tmp/ZIGZAGTrainer/experiments/2020/2023010720164641117727096
2023-01-07 20:16: Experiment log path in: /home/joel.chacon/tmp/ZIGZAGTrainer/experiments/2020/2023010720164641117727096
2023-01-07 20:16: Argument: Namespace(batch_size=256, clc='vec', cuda=True, dataset='2020', dataset_root='/home/joel.chacon/tmp/datasets_grl/', debug=False, default_graph=True, device='cpu', dynamic_features=['1 km 16 days NDVI', 'LST_Day_1km', 'LST_Night_1km', 'era5_max_d2m', 'era5_max_t2m', 'era5_max_sp', 'era5_max_tp', 'sminx', 'era5_max_wind_speed', 'era5_min_rh'], early_stop=True, early_stop_patience=8, embed_dim=64, epochs=30, grad_norm=False, horizon=1, input_dim=25, lag=10, link_len=2, log_dir='/home/joel.chacon/tmp/ZIGZAGTrainer/experiments/2020/2023010720164641117727096', log_step=1, loss_func='nllloss', lr_decay=True, lr_decay_rate=0.1, lr_decay_step='20', lr_init=0.0001, maxDimHoles=1, max_grad_norm=5, minbatch_size=64, mode='train', model='fire_GCN', nan_fill=-1.0, num_layers=1, num_nodes=625, num_workers=12, output_dim=2, patch_height=25, patch_width=25, persistent_workers=True, pin_memory=True, plot=False, positive_weight=0.5, prefetch_factor=2, real_value=True, resolution=[50, 50], rnn_units=64, scaleParameters=array([0.1, 0.2, 0.3, 0.4]), scaleParameters_num=4, seed=10000, sizeBorder=1, static_features=['dem_mean', 'slope_mean', 'roads_distance', 'waterway_distance', 'population_density'], subVertices=9, teacher_forcing=False, weight_decay=0.0, window_len=10)
2023-01-07 20:16: Argument batch_size: 256
2023-01-07 20:16: Argument clc: 'vec'
2023-01-07 20:16: Argument cuda: True
2023-01-07 20:16: Argument dataset: '2020'
2023-01-07 20:16: Argument dataset_root: '/home/joel.chacon/tmp/datasets_grl/'
2023-01-07 20:16: Argument debug: False
2023-01-07 20:16: Argument default_graph: True
2023-01-07 20:16: Argument device: 'cpu'
2023-01-07 20:16: Argument dynamic_features: ['1 km 16 days NDVI', 'LST_Day_1km', 'LST_Night_1km', 'era5_max_d2m', 'era5_max_t2m', 'era5_max_sp', 'era5_max_tp', 'sminx', 'era5_max_wind_speed', 'era5_min_rh']
2023-01-07 20:16: Argument early_stop: True
2023-01-07 20:16: Argument early_stop_patience: 8
2023-01-07 20:16: Argument embed_dim: 64
2023-01-07 20:16: Argument epochs: 30
2023-01-07 20:16: Argument grad_norm: False
2023-01-07 20:16: Argument horizon: 1
2023-01-07 20:16: Argument input_dim: 25
2023-01-07 20:16: Argument lag: 10
2023-01-07 20:16: Argument link_len: 2
2023-01-07 20:16: Argument log_dir: '/home/joel.chacon/tmp/ZIGZAGTrainer/experiments/2020/2023010720164641117727096'
2023-01-07 20:16: Argument log_step: 1
2023-01-07 20:16: Argument loss_func: 'nllloss'
2023-01-07 20:16: Argument lr_decay: True
2023-01-07 20:16: Argument lr_decay_rate: 0.1
2023-01-07 20:16: Argument lr_decay_step: '20'
2023-01-07 20:16: Argument lr_init: 0.0001
2023-01-07 20:16: Argument maxDimHoles: 1
2023-01-07 20:16: Argument max_grad_norm: 5
2023-01-07 20:16: Argument minbatch_size: 64
2023-01-07 20:16: Argument mode: 'train'
2023-01-07 20:16: Argument model: 'fire_GCN'
2023-01-07 20:16: Argument nan_fill: -1.0
2023-01-07 20:16: Argument num_layers: 1
2023-01-07 20:16: Argument num_nodes: 625
2023-01-07 20:16: Argument num_workers: 12
2023-01-07 20:16: Argument output_dim: 2
2023-01-07 20:16: Argument patch_height: 25
2023-01-07 20:16: Argument patch_width: 25
2023-01-07 20:16: Argument persistent_workers: True
2023-01-07 20:16: Argument pin_memory: True
2023-01-07 20:16: Argument plot: False
2023-01-07 20:16: Argument positive_weight: 0.5
2023-01-07 20:16: Argument prefetch_factor: 2
2023-01-07 20:16: Argument real_value: True
2023-01-07 20:16: Argument resolution: [50, 50]
2023-01-07 20:16: Argument rnn_units: 64
2023-01-07 20:16: Argument scaleParameters: array([0.1, 0.2, 0.3, 0.4])
2023-01-07 20:16: Argument scaleParameters_num: 4
2023-01-07 20:16: Argument seed: 10000
2023-01-07 20:16: Argument sizeBorder: 1
2023-01-07 20:16: Argument static_features: ['dem_mean', 'slope_mean', 'roads_distance', 'waterway_distance', 'population_density']
2023-01-07 20:16: Argument subVertices: 9
2023-01-07 20:16: Argument teacher_forcing: False
2023-01-07 20:16: Argument weight_decay: 0.0
2023-01-07 20:16: Argument window_len: 10
2023-01-07 20:17: Train Epoch 1: 3/5 Loss: 0.503088
2023-01-07 20:18: Train Epoch 1: 4/5 Loss: 0.065199
2023-01-07 20:18: **********Train Epoch 1: averaged Loss: 0.284143 
2023-01-07 20:18: 
Epoch time elapsed: 81.14053535461426

2023-01-07 20:19: 
 metrics validation: {'precision': 0.6206896551724138, 'recall': 0.18, 'f1-score': 0.27906976744186046, 'support': 100, 'AUC': 0.79595, 'AUCPR': 0.6052967604487344, 'TP': 18, 'FP': 11, 'TN': 189, 'FN': 82} 

2023-01-07 20:19: **********Val Epoch 1: average Loss: 0.166125
2023-01-07 20:19: *********************************Current best model saved!
2023-01-07 20:20: 
 Testing metrics {'precision': 0.74, 'recall': 0.37, 'f1-score': 0.49333333333333335, 'support': 100, 'AUC': 0.8550000000000001, 'AUCPR': 0.7359954932758151, 'TP': 37, 'FP': 13, 'TN': 187, 'FN': 63} 

