2022-12-28 19:42: log dir: /home/joel.chacon/tmp/WildFire_GCN/experiments/2020/2022122819421779981488058
2022-12-28 19:42: Experiment log path in: /home/joel.chacon/tmp/WildFire_GCN/experiments/2020/2022122819421779981488058
2022-12-28 19:42: Argument: Namespace(batch_size=256, clc='vec', cuda=True, dataset='2020', dataset_root='/home/joel.chacon/tmp/datasets_grl/', debug=False, default_graph=True, device='cpu', dynamic_features=['1 km 16 days NDVI', 'LST_Day_1km', 'LST_Night_1km', 'era5_max_d2m', 'era5_max_t2m', 'era5_max_sp', 'era5_max_tp', 'sminx', 'era5_max_wind_speed', 'era5_min_rh'], early_stop=True, early_stop_patience=8, embed_dim=128, epochs=30, grad_norm=False, horizon=1, input_dim=25, lag=10, link_len=2, log_dir='/home/joel.chacon/tmp/WildFire_GCN/experiments/2020/2022122819421779981488058', log_step=1, loss_func='nllloss', lr_decay=True, lr_decay_rate=0.1, lr_decay_step='15, 20', lr_init=0.0005, max_grad_norm=5, minbatch_size=64, mode='train', model='fire_GCN', nan_fill=0.5, num_layers=1, num_nodes=625, num_workers=20, output_dim=2, patch_height=25, patch_width=25, persistent_workers=True, pin_memory=True, plot=False, positive_weight=0.5, prefetch_factor=2, real_value=True, rnn_units=16, seed=10000, static_features=['dem_mean', 'slope_mean', 'roads_distance', 'waterway_distance', 'population_density'], teacher_forcing=False, weight_decay=0.0, window_len=10)
2022-12-28 19:42: Argument batch_size: 256
2022-12-28 19:42: Argument clc: 'vec'
2022-12-28 19:42: Argument cuda: True
2022-12-28 19:42: Argument dataset: '2020'
2022-12-28 19:42: Argument dataset_root: '/home/joel.chacon/tmp/datasets_grl/'
2022-12-28 19:42: Argument debug: False
2022-12-28 19:42: Argument default_graph: True
2022-12-28 19:42: Argument device: 'cpu'
2022-12-28 19:42: Argument dynamic_features: ['1 km 16 days NDVI', 'LST_Day_1km', 'LST_Night_1km', 'era5_max_d2m', 'era5_max_t2m', 'era5_max_sp', 'era5_max_tp', 'sminx', 'era5_max_wind_speed', 'era5_min_rh']
2022-12-28 19:42: Argument early_stop: True
2022-12-28 19:42: Argument early_stop_patience: 8
2022-12-28 19:42: Argument embed_dim: 128
2022-12-28 19:42: Argument epochs: 30
2022-12-28 19:42: Argument grad_norm: False
2022-12-28 19:42: Argument horizon: 1
2022-12-28 19:42: Argument input_dim: 25
2022-12-28 19:42: Argument lag: 10
2022-12-28 19:42: Argument link_len: 2
2022-12-28 19:42: Argument log_dir: '/home/joel.chacon/tmp/WildFire_GCN/experiments/2020/2022122819421779981488058'
2022-12-28 19:42: Argument log_step: 1
2022-12-28 19:42: Argument loss_func: 'nllloss'
2022-12-28 19:42: Argument lr_decay: True
2022-12-28 19:42: Argument lr_decay_rate: 0.1
2022-12-28 19:42: Argument lr_decay_step: '15, 20'
2022-12-28 19:42: Argument lr_init: 0.0005
2022-12-28 19:42: Argument max_grad_norm: 5
2022-12-28 19:42: Argument minbatch_size: 64
2022-12-28 19:42: Argument mode: 'train'
2022-12-28 19:42: Argument model: 'fire_GCN'
2022-12-28 19:42: Argument nan_fill: 0.5
2022-12-28 19:42: Argument num_layers: 1
2022-12-28 19:42: Argument num_nodes: 625
2022-12-28 19:42: Argument num_workers: 20
2022-12-28 19:42: Argument output_dim: 2
2022-12-28 19:42: Argument patch_height: 25
2022-12-28 19:42: Argument patch_width: 25
2022-12-28 19:42: Argument persistent_workers: True
2022-12-28 19:42: Argument pin_memory: True
2022-12-28 19:42: Argument plot: False
2022-12-28 19:42: Argument positive_weight: 0.5
2022-12-28 19:42: Argument prefetch_factor: 2
2022-12-28 19:42: Argument real_value: True
2022-12-28 19:42: Argument rnn_units: 16
2022-12-28 19:42: Argument seed: 10000
2022-12-28 19:42: Argument static_features: ['dem_mean', 'slope_mean', 'roads_distance', 'waterway_distance', 'population_density']
2022-12-28 19:42: Argument teacher_forcing: False
2022-12-28 19:42: Argument weight_decay: 0.0
2022-12-28 19:42: Argument window_len: 10
2022-12-28 19:42: Train Epoch 1: 3/634 Loss: 3.197067
2022-12-28 19:42: Train Epoch 1: 7/634 Loss: 1.681644
2022-12-28 19:42: Train Epoch 1: 11/634 Loss: 1.674342
2022-12-28 19:42: Train Epoch 1: 15/634 Loss: 1.635173
2022-12-28 19:42: Train Epoch 1: 19/634 Loss: 1.690343
2022-12-28 19:42: Train Epoch 1: 23/634 Loss: 1.175490
2022-12-28 19:42: Train Epoch 1: 27/634 Loss: 1.010128
2022-12-28 19:43: Train Epoch 1: 31/634 Loss: 0.990015
2022-12-28 19:43: Train Epoch 1: 35/634 Loss: 1.143325
2022-12-28 19:43: Train Epoch 1: 39/634 Loss: 0.984466
2022-12-28 19:43: Train Epoch 1: 43/634 Loss: 1.057336
