2023-01-06 08:34: log dir: /home/joel.chacon/tmp/WildFire_GCNv2/experiments/2020/2023010608344619340269386
2023-01-06 08:34: Experiment log path in: /home/joel.chacon/tmp/WildFire_GCNv2/experiments/2020/2023010608344619340269386
2023-01-06 08:34: Argument: Namespace(batch_size=256, clc='vec', cuda=True, dataset='2020', dataset_root='/home/joel.chacon/tmp/datasets_grl/', debug=False, default_graph=True, device='cpu', dynamic_features=['1 km 16 days NDVI', 'LST_Day_1km', 'LST_Night_1km', 'era5_max_d2m', 'era5_max_t2m', 'era5_max_sp', 'era5_max_tp', 'sminx', 'era5_max_wind_speed', 'era5_min_rh'], early_stop=True, early_stop_patience=8, embed_dim=64, epochs=30, grad_norm=False, horizon=1, input_dim=25, lag=10, link_len=2, log_dir='/home/joel.chacon/tmp/WildFire_GCNv2/experiments/2020/2023010608344619340269386', log_step=1, loss_func='nllloss', lr_decay=True, lr_decay_rate=0.1, lr_decay_step='20', lr_init=0.0001, max_grad_norm=5, minbatch_size=64, mode='train', model='fire_GCN', nan_fill=-1.0, num_layers=1, num_nodes=625, num_workers=12, output_dim=2, patch_height=25, patch_width=25, persistent_workers=True, pin_memory=True, plot=False, positive_weight=0.5, prefetch_factor=2, real_value=True, rnn_units=32, seed=10000, static_features=['dem_mean', 'slope_mean', 'roads_distance', 'waterway_distance', 'population_density'], teacher_forcing=False, weight_decay=0.0, window_len=10)
2023-01-06 08:34: Argument batch_size: 256
2023-01-06 08:34: Argument clc: 'vec'
2023-01-06 08:34: Argument cuda: True
2023-01-06 08:34: Argument dataset: '2020'
2023-01-06 08:34: Argument dataset_root: '/home/joel.chacon/tmp/datasets_grl/'
2023-01-06 08:34: Argument debug: False
2023-01-06 08:34: Argument default_graph: True
2023-01-06 08:34: Argument device: 'cpu'
2023-01-06 08:34: Argument dynamic_features: ['1 km 16 days NDVI', 'LST_Day_1km', 'LST_Night_1km', 'era5_max_d2m', 'era5_max_t2m', 'era5_max_sp', 'era5_max_tp', 'sminx', 'era5_max_wind_speed', 'era5_min_rh']
2023-01-06 08:34: Argument early_stop: True
2023-01-06 08:34: Argument early_stop_patience: 8
2023-01-06 08:34: Argument embed_dim: 64
2023-01-06 08:34: Argument epochs: 30
2023-01-06 08:34: Argument grad_norm: False
2023-01-06 08:34: Argument horizon: 1
2023-01-06 08:34: Argument input_dim: 25
2023-01-06 08:34: Argument lag: 10
2023-01-06 08:34: Argument link_len: 2
2023-01-06 08:34: Argument log_dir: '/home/joel.chacon/tmp/WildFire_GCNv2/experiments/2020/2023010608344619340269386'
2023-01-06 08:34: Argument log_step: 1
2023-01-06 08:34: Argument loss_func: 'nllloss'
2023-01-06 08:34: Argument lr_decay: True
2023-01-06 08:34: Argument lr_decay_rate: 0.1
2023-01-06 08:34: Argument lr_decay_step: '20'
2023-01-06 08:34: Argument lr_init: 0.0001
2023-01-06 08:34: Argument max_grad_norm: 5
2023-01-06 08:34: Argument minbatch_size: 64
2023-01-06 08:34: Argument mode: 'train'
2023-01-06 08:34: Argument model: 'fire_GCN'
2023-01-06 08:34: Argument nan_fill: -1.0
2023-01-06 08:34: Argument num_layers: 1
2023-01-06 08:34: Argument num_nodes: 625
2023-01-06 08:34: Argument num_workers: 12
2023-01-06 08:34: Argument output_dim: 2
2023-01-06 08:34: Argument patch_height: 25
2023-01-06 08:34: Argument patch_width: 25
2023-01-06 08:34: Argument persistent_workers: True
2023-01-06 08:34: Argument pin_memory: True
2023-01-06 08:34: Argument plot: False
2023-01-06 08:34: Argument positive_weight: 0.5
2023-01-06 08:34: Argument prefetch_factor: 2
2023-01-06 08:34: Argument real_value: True
2023-01-06 08:34: Argument rnn_units: 32
2023-01-06 08:34: Argument seed: 10000
2023-01-06 08:34: Argument static_features: ['dem_mean', 'slope_mean', 'roads_distance', 'waterway_distance', 'population_density']
2023-01-06 08:34: Argument teacher_forcing: False
2023-01-06 08:34: Argument weight_decay: 0.0
2023-01-06 08:34: Argument window_len: 10
2023-01-06 08:35: Train Epoch 1: 3/24 Loss: 0.408805
2023-01-06 08:35: Train Epoch 1: 7/24 Loss: 0.420312
2023-01-06 08:35: Train Epoch 1: 11/24 Loss: 0.399342
2023-01-06 08:35: Train Epoch 1: 15/24 Loss: 0.313444
2023-01-06 08:36: Train Epoch 1: 19/24 Loss: 0.348503
2023-01-06 08:36: Train Epoch 1: 23/24 Loss: 0.317342
2023-01-06 08:36: **********Train Epoch 1: averaged Loss: 0.367958 
2023-01-06 08:36: 
Epoch time elapsed: 104.51006746292114

2023-01-06 08:37: 
 metrics validation: {'precision': 0.506056527590848, 'recall': 0.752, 'f1-score': 0.6049879324215608, 'support': 500, 'AUC': 0.747978, 'AUCPR': 0.5935788074219186, 'TP': 376, 'FP': 367, 'TN': 633, 'FN': 124} 

2023-01-06 08:37: **********Val Epoch 1: average Loss: 0.299399
2023-01-06 08:37: *********************************Current best model saved!
2023-01-06 08:37: 
 Testing metrics {'precision': 0.5627586206896552, 'recall': 0.816, 'f1-score': 0.6661224489795918, 'support': 500, 'AUC': 0.833628, 'AUCPR': 0.716998519865139, 'TP': 408, 'FP': 317, 'TN': 683, 'FN': 92} 

2023-01-06 08:38: 
 Testing metrics {'precision': 0.6803149606299213, 'recall': 0.864, 'f1-score': 0.7612334801762113, 'support': 500, 'AUC': 0.906216, 'AUCPR': 0.8407892570800289, 'TP': 432, 'FP': 203, 'TN': 797, 'FN': 68} 

