2022-12-30 16:19: log dir: /home/joel.chacon/tmp/WildFire_GCN/experiments/2020/2022123016194423571254013
2022-12-30 16:19: Experiment log path in: /home/joel.chacon/tmp/WildFire_GCN/experiments/2020/2022123016194423571254013
2022-12-30 16:19: Argument: Namespace(batch_size=256, clc='vec', cuda=True, dataset='2020', dataset_root='/home/joel.chacon/tmp/datasets_grl/', debug=False, default_graph=True, device='cpu', dynamic_features=['1 km 16 days NDVI', 'LST_Day_1km', 'LST_Night_1km', 'era5_max_d2m', 'era5_max_t2m', 'era5_max_sp', 'era5_max_tp', 'sminx', 'era5_max_wind_speed', 'era5_min_rh'], early_stop=True, early_stop_patience=8, embed_dim=32, epochs=30, grad_norm=False, horizon=1, input_dim=25, lag=10, link_len=2, log_dir='/home/joel.chacon/tmp/WildFire_GCN/experiments/2020/2022123016194423571254013', log_step=1, loss_func='nllloss', lr_decay=True, lr_decay_rate=0.1, lr_decay_step='15, 20', lr_init=0.0001, max_grad_norm=5, minbatch_size=64, mode='train', model='fire_GCN', nan_fill=-1.0, num_layers=2, num_nodes=625, num_workers=12, output_dim=2, patch_height=25, patch_width=25, persistent_workers=True, pin_memory=True, plot=False, positive_weight=0.5, prefetch_factor=2, real_value=True, rnn_units=16, seed=10000, static_features=['dem_mean', 'slope_mean', 'roads_distance', 'waterway_distance', 'population_density'], teacher_forcing=False, weight_decay=0.0, window_len=10)
2022-12-30 16:19: Argument batch_size: 256
2022-12-30 16:19: Argument clc: 'vec'
2022-12-30 16:19: Argument cuda: True
2022-12-30 16:19: Argument dataset: '2020'
2022-12-30 16:19: Argument dataset_root: '/home/joel.chacon/tmp/datasets_grl/'
2022-12-30 16:19: Argument debug: False
2022-12-30 16:19: Argument default_graph: True
2022-12-30 16:19: Argument device: 'cpu'
2022-12-30 16:19: Argument dynamic_features: ['1 km 16 days NDVI', 'LST_Day_1km', 'LST_Night_1km', 'era5_max_d2m', 'era5_max_t2m', 'era5_max_sp', 'era5_max_tp', 'sminx', 'era5_max_wind_speed', 'era5_min_rh']
2022-12-30 16:19: Argument early_stop: True
2022-12-30 16:19: Argument early_stop_patience: 8
2022-12-30 16:19: Argument embed_dim: 32
2022-12-30 16:19: Argument epochs: 30
2022-12-30 16:19: Argument grad_norm: False
2022-12-30 16:19: Argument horizon: 1
2022-12-30 16:19: Argument input_dim: 25
2022-12-30 16:19: Argument lag: 10
2022-12-30 16:19: Argument link_len: 2
2022-12-30 16:19: Argument log_dir: '/home/joel.chacon/tmp/WildFire_GCN/experiments/2020/2022123016194423571254013'
2022-12-30 16:19: Argument log_step: 1
2022-12-30 16:19: Argument loss_func: 'nllloss'
2022-12-30 16:19: Argument lr_decay: True
2022-12-30 16:19: Argument lr_decay_rate: 0.1
2022-12-30 16:19: Argument lr_decay_step: '15, 20'
2022-12-30 16:19: Argument lr_init: 0.0001
2022-12-30 16:19: Argument max_grad_norm: 5
2022-12-30 16:19: Argument minbatch_size: 64
2022-12-30 16:19: Argument mode: 'train'
2022-12-30 16:19: Argument model: 'fire_GCN'
2022-12-30 16:19: Argument nan_fill: -1.0
2022-12-30 16:19: Argument num_layers: 2
2022-12-30 16:19: Argument num_nodes: 625
2022-12-30 16:19: Argument num_workers: 12
2022-12-30 16:19: Argument output_dim: 2
2022-12-30 16:19: Argument patch_height: 25
2022-12-30 16:19: Argument patch_width: 25
2022-12-30 16:19: Argument persistent_workers: True
2022-12-30 16:19: Argument pin_memory: True
2022-12-30 16:19: Argument plot: False
2022-12-30 16:19: Argument positive_weight: 0.5
2022-12-30 16:19: Argument prefetch_factor: 2
2022-12-30 16:19: Argument real_value: True
2022-12-30 16:19: Argument rnn_units: 16
2022-12-30 16:19: Argument seed: 10000
2022-12-30 16:19: Argument static_features: ['dem_mean', 'slope_mean', 'roads_distance', 'waterway_distance', 'population_density']
2022-12-30 16:19: Argument teacher_forcing: False
2022-12-30 16:19: Argument weight_decay: 0.0
2022-12-30 16:19: Argument window_len: 10
2022-12-30 16:20: Train Epoch 1: 3/634 Loss: 0.484918
2022-12-30 16:20: Train Epoch 1: 7/634 Loss: 0.346414
2022-12-30 16:20: Train Epoch 1: 11/634 Loss: 0.327958
2022-12-30 16:20: Train Epoch 1: 15/634 Loss: 0.293273
2022-12-30 16:21: Train Epoch 1: 19/634 Loss: 0.268506
2022-12-30 16:21: Train Epoch 1: 23/634 Loss: 0.270495
2022-12-30 16:21: Train Epoch 1: 27/634 Loss: 0.275233
2022-12-30 16:21: Train Epoch 1: 31/634 Loss: 0.275132
2022-12-30 16:21: Train Epoch 1: 35/634 Loss: 0.254006
2022-12-30 16:22: Train Epoch 1: 39/634 Loss: 0.238156
2022-12-30 16:22: Train Epoch 1: 43/634 Loss: 0.233565
2022-12-30 16:22: Train Epoch 1: 47/634 Loss: 0.263151
2022-12-30 16:22: Train Epoch 1: 51/634 Loss: 0.297738
2022-12-30 16:23: Train Epoch 1: 55/634 Loss: 0.235071
2022-12-30 16:23: Train Epoch 1: 59/634 Loss: 0.277082
2022-12-30 16:23: Train Epoch 1: 63/634 Loss: 0.240849
2022-12-30 16:23: Train Epoch 1: 67/634 Loss: 0.249408
2022-12-30 16:24: Train Epoch 1: 71/634 Loss: 0.273167
2022-12-30 16:24: Train Epoch 1: 75/634 Loss: 0.264498
2022-12-30 16:24: Train Epoch 1: 79/634 Loss: 0.231326
2022-12-30 16:24: Train Epoch 1: 83/634 Loss: 0.240381
2022-12-30 16:25: Train Epoch 1: 87/634 Loss: 0.238066
2022-12-30 16:25: Train Epoch 1: 91/634 Loss: 0.268734
2022-12-30 16:25: Train Epoch 1: 95/634 Loss: 0.255082
2022-12-30 16:25: Train Epoch 1: 99/634 Loss: 0.268204
2022-12-30 16:26: Train Epoch 1: 103/634 Loss: 0.247102
2022-12-30 16:26: Train Epoch 1: 107/634 Loss: 0.242161
2022-12-30 16:26: Train Epoch 1: 111/634 Loss: 0.222380
2022-12-30 16:26: Train Epoch 1: 115/634 Loss: 0.220596
2022-12-30 16:27: Train Epoch 1: 119/634 Loss: 0.263470
2022-12-30 16:27: Train Epoch 1: 123/634 Loss: 0.208754
2022-12-30 16:27: Train Epoch 1: 127/634 Loss: 0.234969
2022-12-30 16:27: Train Epoch 1: 131/634 Loss: 0.223119
2022-12-30 16:28: Train Epoch 1: 135/634 Loss: 0.211978
2022-12-30 16:28: Train Epoch 1: 139/634 Loss: 0.215043
2022-12-30 16:28: Train Epoch 1: 143/634 Loss: 0.253737
2022-12-30 16:28: Train Epoch 1: 147/634 Loss: 0.213846
2022-12-30 16:28: Train Epoch 1: 151/634 Loss: 0.221081
2022-12-30 16:29: Train Epoch 1: 155/634 Loss: 0.246498
2022-12-30 16:29: Train Epoch 1: 159/634 Loss: 0.244002
2022-12-30 16:29: Train Epoch 1: 163/634 Loss: 0.205396
2022-12-30 16:29: Train Epoch 1: 167/634 Loss: 0.281847
2022-12-30 16:30: Train Epoch 1: 171/634 Loss: 0.245784
2022-12-30 16:30: Train Epoch 1: 175/634 Loss: 0.236685
2022-12-30 16:30: Train Epoch 1: 179/634 Loss: 0.224621
2022-12-30 16:30: Train Epoch 1: 183/634 Loss: 0.231370
2022-12-30 16:31: Train Epoch 1: 187/634 Loss: 0.218415
2022-12-30 16:31: Train Epoch 1: 191/634 Loss: 0.215814
2022-12-30 16:31: Train Epoch 1: 195/634 Loss: 0.249098
2022-12-30 16:31: Train Epoch 1: 199/634 Loss: 0.219259
2022-12-30 16:32: Train Epoch 1: 203/634 Loss: 0.207767
2022-12-30 16:32: Train Epoch 1: 207/634 Loss: 0.224048
2022-12-30 16:32: Train Epoch 1: 211/634 Loss: 0.213124
2022-12-30 16:32: Train Epoch 1: 215/634 Loss: 0.203992
2022-12-30 16:33: Train Epoch 1: 219/634 Loss: 0.207589
2022-12-30 16:33: Train Epoch 1: 223/634 Loss: 0.232631
2022-12-30 16:33: Train Epoch 1: 227/634 Loss: 0.223865
2022-12-30 16:33: Train Epoch 1: 231/634 Loss: 0.193031
2022-12-30 16:34: Train Epoch 1: 235/634 Loss: 0.225332
2022-12-30 16:34: Train Epoch 1: 239/634 Loss: 0.197312
2022-12-30 16:34: Train Epoch 1: 243/634 Loss: 0.234930
2022-12-30 16:34: Train Epoch 1: 247/634 Loss: 0.203920
2022-12-30 16:35: Train Epoch 1: 251/634 Loss: 0.214238
2022-12-30 16:35: Train Epoch 1: 255/634 Loss: 0.229979
2022-12-30 16:35: Train Epoch 1: 259/634 Loss: 0.205595
2022-12-30 16:35: Train Epoch 1: 263/634 Loss: 0.212127
2022-12-30 16:36: Train Epoch 1: 267/634 Loss: 0.194935
2022-12-30 16:36: Train Epoch 1: 271/634 Loss: 0.224871
2022-12-30 16:36: Train Epoch 1: 275/634 Loss: 0.186014
2022-12-30 16:36: Train Epoch 1: 279/634 Loss: 0.206340
2022-12-30 16:37: Train Epoch 1: 283/634 Loss: 0.173628
2022-12-30 16:37: Train Epoch 1: 287/634 Loss: 0.231497
2022-12-30 16:37: Train Epoch 1: 291/634 Loss: 0.221761
2022-12-30 16:37: Train Epoch 1: 295/634 Loss: 0.249359
2022-12-30 16:37: Train Epoch 1: 299/634 Loss: 0.201966
2022-12-30 16:38: Train Epoch 1: 303/634 Loss: 0.222504
2022-12-30 16:38: Train Epoch 1: 307/634 Loss: 0.199102
2022-12-30 16:38: Train Epoch 1: 311/634 Loss: 0.220722
2022-12-30 16:38: Train Epoch 1: 315/634 Loss: 0.229633
2022-12-30 16:39: Train Epoch 1: 319/634 Loss: 0.238202
2022-12-30 16:39: Train Epoch 1: 323/634 Loss: 0.225240
2022-12-30 16:39: Train Epoch 1: 327/634 Loss: 0.213540
2022-12-30 16:39: Train Epoch 1: 331/634 Loss: 0.193016
2022-12-30 16:40: Train Epoch 1: 335/634 Loss: 0.238808
2022-12-30 16:40: Train Epoch 1: 339/634 Loss: 0.191389
2022-12-30 16:40: Train Epoch 1: 343/634 Loss: 0.175008
2022-12-30 16:40: Train Epoch 1: 347/634 Loss: 0.168027
2022-12-30 16:41: Train Epoch 1: 351/634 Loss: 0.220583
2022-12-30 16:41: Train Epoch 1: 355/634 Loss: 0.195301
2022-12-30 16:41: Train Epoch 1: 359/634 Loss: 0.249107
2022-12-30 16:41: Train Epoch 1: 363/634 Loss: 0.194958
2022-12-30 16:41: Train Epoch 1: 367/634 Loss: 0.266252
2022-12-30 16:42: Train Epoch 1: 371/634 Loss: 0.196070
2022-12-30 16:42: Train Epoch 1: 375/634 Loss: 0.198531
2022-12-30 16:42: Train Epoch 1: 379/634 Loss: 0.212953
2022-12-30 16:42: Train Epoch 1: 383/634 Loss: 0.207030
2022-12-30 16:43: Train Epoch 1: 387/634 Loss: 0.194716
2022-12-30 16:43: Train Epoch 1: 391/634 Loss: 0.230515
2022-12-30 16:43: Train Epoch 1: 395/634 Loss: 0.202470
2022-12-30 16:43: Train Epoch 1: 399/634 Loss: 0.203026
2022-12-30 16:44: Train Epoch 1: 403/634 Loss: 0.198595
2022-12-30 16:44: Train Epoch 1: 407/634 Loss: 0.223275
2022-12-30 16:44: Train Epoch 1: 411/634 Loss: 0.185969
2022-12-30 16:44: Train Epoch 1: 415/634 Loss: 0.191259
2022-12-30 16:45: Train Epoch 1: 419/634 Loss: 0.214667
2022-12-30 16:45: Train Epoch 1: 423/634 Loss: 0.202092
2022-12-30 16:45: Train Epoch 1: 427/634 Loss: 0.196865
2022-12-30 16:45: Train Epoch 1: 431/634 Loss: 0.199656
2022-12-30 16:46: Train Epoch 1: 435/634 Loss: 0.203505
2022-12-30 16:46: Train Epoch 1: 439/634 Loss: 0.212992
2022-12-30 16:46: Train Epoch 1: 443/634 Loss: 0.191882
2022-12-30 16:46: Train Epoch 1: 447/634 Loss: 0.178743
2022-12-30 16:46: Train Epoch 1: 451/634 Loss: 0.204932
2022-12-30 16:47: Train Epoch 1: 455/634 Loss: 0.222532
2022-12-30 16:47: Train Epoch 1: 459/634 Loss: 0.164453
2022-12-30 16:47: Train Epoch 1: 463/634 Loss: 0.222561
2022-12-30 16:47: Train Epoch 1: 467/634 Loss: 0.229255
2022-12-30 16:48: Train Epoch 1: 471/634 Loss: 0.186690
2022-12-30 16:48: Train Epoch 1: 475/634 Loss: 0.213897
2022-12-30 16:48: Train Epoch 1: 479/634 Loss: 0.182617
2022-12-30 16:48: Train Epoch 1: 483/634 Loss: 0.204333
2022-12-30 16:49: Train Epoch 1: 487/634 Loss: 0.223046
2022-12-30 16:49: Train Epoch 1: 491/634 Loss: 0.195135
2022-12-30 16:49: Train Epoch 1: 495/634 Loss: 0.210935
2022-12-30 16:49: Train Epoch 1: 499/634 Loss: 0.195273
2022-12-30 16:50: Train Epoch 1: 503/634 Loss: 0.195189
2022-12-30 16:50: Train Epoch 1: 507/634 Loss: 0.195541
2022-12-30 16:50: Train Epoch 1: 511/634 Loss: 0.208492
2022-12-30 16:50: Train Epoch 1: 515/634 Loss: 0.196658
2022-12-30 16:50: Train Epoch 1: 519/634 Loss: 0.215648
2022-12-30 16:51: Train Epoch 1: 523/634 Loss: 0.202885
2022-12-30 16:51: Train Epoch 1: 527/634 Loss: 0.203722
2022-12-30 16:51: Train Epoch 1: 531/634 Loss: 0.189673
2022-12-30 16:51: Train Epoch 1: 535/634 Loss: 0.177773
2022-12-30 16:52: Train Epoch 1: 539/634 Loss: 0.190624
2022-12-30 16:52: Train Epoch 1: 543/634 Loss: 0.212329
2022-12-30 16:52: Train Epoch 1: 547/634 Loss: 0.227034
2022-12-30 16:52: Train Epoch 1: 551/634 Loss: 0.218432
2022-12-30 16:53: Train Epoch 1: 555/634 Loss: 0.174505
2022-12-30 16:53: Train Epoch 1: 559/634 Loss: 0.211227
2022-12-30 16:53: Train Epoch 1: 563/634 Loss: 0.182854
2022-12-30 16:53: Train Epoch 1: 567/634 Loss: 0.210519
2022-12-30 16:54: Train Epoch 1: 571/634 Loss: 0.180929
2022-12-30 16:54: Train Epoch 1: 575/634 Loss: 0.198586
2022-12-30 16:54: Train Epoch 1: 579/634 Loss: 0.223803
2022-12-30 16:54: Train Epoch 1: 583/634 Loss: 0.191324
2022-12-30 16:54: Train Epoch 1: 587/634 Loss: 0.190583
2022-12-30 16:55: Train Epoch 1: 591/634 Loss: 0.193502
2022-12-30 16:55: Train Epoch 1: 595/634 Loss: 0.208337
2022-12-30 16:55: Train Epoch 1: 599/634 Loss: 0.212505
2022-12-30 16:55: Train Epoch 1: 603/634 Loss: 0.184776
2022-12-30 16:56: Train Epoch 1: 607/634 Loss: 0.174292
2022-12-30 16:56: Train Epoch 1: 611/634 Loss: 0.169680
2022-12-30 16:56: Train Epoch 1: 615/634 Loss: 0.188558
2022-12-30 16:56: Train Epoch 1: 619/634 Loss: 0.191866
2022-12-30 16:57: Train Epoch 1: 623/634 Loss: 0.172220
2022-12-30 16:57: Train Epoch 1: 627/634 Loss: 0.150961
2022-12-30 16:57: Train Epoch 1: 631/634 Loss: 0.209135
2022-12-30 16:57: Train Epoch 1: 633/634 Loss: 0.068935
2022-12-30 16:57: **********Train Epoch 1: averaged Loss: 0.219197 
2022-12-30 16:57: 
Epoch time elapsed: 2268.3046324253082

2022-12-30 16:58: 
 metrics validation: {'precision': 0.8385922330097088, 'recall': 0.5315384615384615, 'f1-score': 0.6506591337099812, 'support': 1300, 'AUC': 0.8598414201183432, 'AUCPR': 0.7829945225141692, 'TP': 691, 'FP': 133, 'TN': 2467, 'FN': 609} 

2022-12-30 16:58: **********Val Epoch 1: average Loss: 0.227150
2022-12-30 16:58: *********************************Current best model saved!
2022-12-30 17:00: 
 Testing metrics {'precision': 0.8739255014326648, 'recall': 0.496742671009772, 'f1-score': 0.6334371754932503, 'support': 1228, 'AUC': 0.8827517400715126, 'AUCPR': 0.8240194829330976, 'TP': 610, 'FP': 88, 'TN': 2368, 'FN': 618} 

2022-12-30 17:04: 
 Testing metrics {'precision': 0.9292412617220801, 'recall': 0.742001361470388, 'f1-score': 0.8251324753974261, 'support': 4407, 'AUC': 0.968305858065914, 'AUCPR': 0.9334572921263433, 'TP': 3270, 'FP': 249, 'TN': 8565, 'FN': 1137} 

2022-12-30 17:04: Train Epoch 2: 3/634 Loss: 0.216695
2022-12-30 17:05: Train Epoch 2: 7/634 Loss: 0.177869
2022-12-30 17:05: Train Epoch 2: 11/634 Loss: 0.173312
2022-12-30 17:05: Train Epoch 2: 15/634 Loss: 0.166536
2022-12-30 17:05: Train Epoch 2: 19/634 Loss: 0.180407
2022-12-30 17:06: Train Epoch 2: 23/634 Loss: 0.171886
2022-12-30 17:06: Train Epoch 2: 27/634 Loss: 0.170954
2022-12-30 17:06: Train Epoch 2: 31/634 Loss: 0.194278
2022-12-30 17:06: Train Epoch 2: 35/634 Loss: 0.201459
2022-12-30 17:07: Train Epoch 2: 39/634 Loss: 0.176975
2022-12-30 17:07: Train Epoch 2: 43/634 Loss: 0.203595
2022-12-30 17:07: Train Epoch 2: 47/634 Loss: 0.210261
2022-12-30 17:07: Train Epoch 2: 51/634 Loss: 0.189866
2022-12-30 17:08: Train Epoch 2: 55/634 Loss: 0.187314
2022-12-30 17:08: Train Epoch 2: 59/634 Loss: 0.193003
2022-12-30 17:08: Train Epoch 2: 63/634 Loss: 0.228969
2022-12-30 17:08: Train Epoch 2: 67/634 Loss: 0.192981
2022-12-30 17:08: Train Epoch 2: 71/634 Loss: 0.182433
2022-12-30 17:09: Train Epoch 2: 75/634 Loss: 0.179427
2022-12-30 17:09: Train Epoch 2: 79/634 Loss: 0.204882
2022-12-30 17:09: Train Epoch 2: 83/634 Loss: 0.202559
2022-12-30 17:09: Train Epoch 2: 87/634 Loss: 0.193245
2022-12-30 17:10: Train Epoch 2: 91/634 Loss: 0.182964
2022-12-30 17:10: Train Epoch 2: 95/634 Loss: 0.166367
2022-12-30 17:10: Train Epoch 2: 99/634 Loss: 0.169048
2022-12-30 17:10: Train Epoch 2: 103/634 Loss: 0.190275
2022-12-30 17:11: Train Epoch 2: 107/634 Loss: 0.193943
2022-12-30 17:11: Train Epoch 2: 111/634 Loss: 0.163626
2022-12-30 17:11: Train Epoch 2: 115/634 Loss: 0.207092
2022-12-30 17:11: Train Epoch 2: 119/634 Loss: 0.188077
2022-12-30 17:12: Train Epoch 2: 123/634 Loss: 0.195159
2022-12-30 17:12: Train Epoch 2: 127/634 Loss: 0.197994
2022-12-30 17:12: Train Epoch 2: 131/634 Loss: 0.187928
2022-12-30 17:12: Train Epoch 2: 135/634 Loss: 0.199079
2022-12-30 17:13: Train Epoch 2: 139/634 Loss: 0.181420
2022-12-30 17:13: Train Epoch 2: 143/634 Loss: 0.198589
2022-12-30 17:13: Train Epoch 2: 147/634 Loss: 0.214855
2022-12-30 17:13: Train Epoch 2: 151/634 Loss: 0.169671
2022-12-30 17:14: Train Epoch 2: 155/634 Loss: 0.207259
2022-12-30 17:14: Train Epoch 2: 159/634 Loss: 0.198823
2022-12-30 17:14: Train Epoch 2: 163/634 Loss: 0.198656
2022-12-30 17:14: Train Epoch 2: 167/634 Loss: 0.200704
2022-12-30 17:15: Train Epoch 2: 171/634 Loss: 0.190044
2022-12-30 17:15: Train Epoch 2: 175/634 Loss: 0.187327
2022-12-30 17:15: Train Epoch 2: 179/634 Loss: 0.219833
2022-12-30 17:15: Train Epoch 2: 183/634 Loss: 0.170016
2022-12-30 17:16: Train Epoch 2: 187/634 Loss: 0.185925
2022-12-30 17:16: Train Epoch 2: 191/634 Loss: 0.211680
2022-12-30 17:16: Train Epoch 2: 195/634 Loss: 0.205146
2022-12-30 17:16: Train Epoch 2: 199/634 Loss: 0.171905
2022-12-30 17:17: Train Epoch 2: 203/634 Loss: 0.198859
2022-12-30 17:17: Train Epoch 2: 207/634 Loss: 0.233640
2022-12-30 17:17: Train Epoch 2: 211/634 Loss: 0.202404
2022-12-30 17:17: Train Epoch 2: 215/634 Loss: 0.210380
2022-12-30 17:17: Train Epoch 2: 219/634 Loss: 0.242519
2022-12-30 17:18: Train Epoch 2: 223/634 Loss: 0.199305
2022-12-30 17:18: Train Epoch 2: 227/634 Loss: 0.221726
2022-12-30 17:18: Train Epoch 2: 231/634 Loss: 0.233209
2022-12-30 17:18: Train Epoch 2: 235/634 Loss: 0.201473
2022-12-30 17:19: Train Epoch 2: 239/634 Loss: 0.206122
2022-12-30 17:19: Train Epoch 2: 243/634 Loss: 0.223664
2022-12-30 17:19: Train Epoch 2: 247/634 Loss: 0.194351
2022-12-30 17:19: Train Epoch 2: 251/634 Loss: 0.197123
2022-12-30 17:20: Train Epoch 2: 255/634 Loss: 0.214101
2022-12-30 17:20: Train Epoch 2: 259/634 Loss: 0.179208
2022-12-30 17:20: Train Epoch 2: 263/634 Loss: 0.197532
2022-12-30 17:20: Train Epoch 2: 267/634 Loss: 0.222969
2022-12-30 17:21: Train Epoch 2: 271/634 Loss: 0.199078
2022-12-30 17:21: Train Epoch 2: 275/634 Loss: 0.180890
2022-12-30 17:21: Train Epoch 2: 279/634 Loss: 0.194987
2022-12-30 17:21: Train Epoch 2: 283/634 Loss: 0.224166
2022-12-30 17:21: Train Epoch 2: 287/634 Loss: 0.186710
2022-12-30 17:22: Train Epoch 2: 291/634 Loss: 0.212596
2022-12-30 17:22: Train Epoch 2: 295/634 Loss: 0.208126
2022-12-30 17:22: Train Epoch 2: 299/634 Loss: 0.233479
2022-12-30 17:22: Train Epoch 2: 303/634 Loss: 0.191480
2022-12-30 17:23: Train Epoch 2: 307/634 Loss: 0.178205
2022-12-30 17:23: Train Epoch 2: 311/634 Loss: 0.223146
2022-12-30 17:23: Train Epoch 2: 315/634 Loss: 0.182395
2022-12-30 17:23: Train Epoch 2: 319/634 Loss: 0.200210
2022-12-30 17:24: Train Epoch 2: 323/634 Loss: 0.246851
2022-12-30 17:24: Train Epoch 2: 327/634 Loss: 0.201786
2022-12-30 17:24: Train Epoch 2: 331/634 Loss: 0.173937
2022-12-30 17:24: Train Epoch 2: 335/634 Loss: 0.168142
2022-12-30 17:24: Train Epoch 2: 339/634 Loss: 0.193353
2022-12-30 17:25: Train Epoch 2: 343/634 Loss: 0.172374
2022-12-30 17:25: Train Epoch 2: 347/634 Loss: 0.198279
2022-12-30 17:25: Train Epoch 2: 351/634 Loss: 0.175451
2022-12-30 17:25: Train Epoch 2: 355/634 Loss: 0.210953
2022-12-30 17:26: Train Epoch 2: 359/634 Loss: 0.189857
2022-12-30 17:26: Train Epoch 2: 363/634 Loss: 0.156792
2022-12-30 17:26: Train Epoch 2: 367/634 Loss: 0.207117
2022-12-30 17:26: Train Epoch 2: 371/634 Loss: 0.204991
2022-12-30 17:27: Train Epoch 2: 375/634 Loss: 0.183806
2022-12-30 17:27: Train Epoch 2: 379/634 Loss: 0.198487
2022-12-30 17:27: Train Epoch 2: 383/634 Loss: 0.162957
2022-12-30 17:27: Train Epoch 2: 387/634 Loss: 0.184896
2022-12-30 17:28: Train Epoch 2: 391/634 Loss: 0.203761
2022-12-30 17:28: Train Epoch 2: 395/634 Loss: 0.184149
2022-12-30 17:28: Train Epoch 2: 399/634 Loss: 0.187028
2022-12-30 17:28: Train Epoch 2: 403/634 Loss: 0.193589
2022-12-30 17:29: Train Epoch 2: 407/634 Loss: 0.192040
2022-12-30 17:29: Train Epoch 2: 411/634 Loss: 0.196521
2022-12-30 17:29: Train Epoch 2: 415/634 Loss: 0.187069
2022-12-30 17:29: Train Epoch 2: 419/634 Loss: 0.180507
2022-12-30 17:30: Train Epoch 2: 423/634 Loss: 0.198202
2022-12-30 17:30: Train Epoch 2: 427/634 Loss: 0.173866
2022-12-30 17:30: Train Epoch 2: 431/634 Loss: 0.195559
2022-12-30 17:30: Train Epoch 2: 435/634 Loss: 0.190222
2022-12-30 17:31: Train Epoch 2: 439/634 Loss: 0.196707
2022-12-30 17:31: Train Epoch 2: 443/634 Loss: 0.181344
2022-12-30 17:31: Train Epoch 2: 447/634 Loss: 0.159968
2022-12-30 17:31: Train Epoch 2: 451/634 Loss: 0.189553
2022-12-30 17:31: Train Epoch 2: 455/634 Loss: 0.208695
2022-12-30 17:32: Train Epoch 2: 459/634 Loss: 0.197901
2022-12-30 17:32: Train Epoch 2: 463/634 Loss: 0.205980
2022-12-30 17:32: Train Epoch 2: 467/634 Loss: 0.180783
2022-12-30 17:32: Train Epoch 2: 471/634 Loss: 0.180167
2022-12-30 17:33: Train Epoch 2: 475/634 Loss: 0.174177
2022-12-30 17:33: Train Epoch 2: 479/634 Loss: 0.193517
2022-12-30 17:33: Train Epoch 2: 483/634 Loss: 0.204181
2022-12-30 17:33: Train Epoch 2: 487/634 Loss: 0.168355
2022-12-30 17:34: Train Epoch 2: 491/634 Loss: 0.188263
2022-12-30 17:34: Train Epoch 2: 495/634 Loss: 0.165115
2022-12-30 17:34: Train Epoch 2: 499/634 Loss: 0.176555
2022-12-30 17:34: Train Epoch 2: 503/634 Loss: 0.153032
2022-12-30 17:35: Train Epoch 2: 507/634 Loss: 0.176569
2022-12-30 17:35: Train Epoch 2: 511/634 Loss: 0.160491
2022-12-30 17:35: Train Epoch 2: 515/634 Loss: 0.187866
2022-12-30 17:35: Train Epoch 2: 519/634 Loss: 0.174198
2022-12-30 17:36: Train Epoch 2: 523/634 Loss: 0.172374
2022-12-30 17:36: Train Epoch 2: 527/634 Loss: 0.189466
2022-12-30 17:36: Train Epoch 2: 531/634 Loss: 0.187567
2022-12-30 17:36: Train Epoch 2: 535/634 Loss: 0.184159
2022-12-30 17:37: Train Epoch 2: 539/634 Loss: 0.184760
2022-12-30 17:37: Train Epoch 2: 543/634 Loss: 0.198773
2022-12-30 17:37: Train Epoch 2: 547/634 Loss: 0.164749
2022-12-30 17:37: Train Epoch 2: 551/634 Loss: 0.182629
2022-12-30 17:38: Train Epoch 2: 555/634 Loss: 0.184166
2022-12-30 17:38: Train Epoch 2: 559/634 Loss: 0.158987
2022-12-30 17:38: Train Epoch 2: 563/634 Loss: 0.176836
2022-12-30 17:38: Train Epoch 2: 567/634 Loss: 0.174106
2022-12-30 17:39: Train Epoch 2: 571/634 Loss: 0.205956
2022-12-30 17:39: Train Epoch 2: 575/634 Loss: 0.170561
2022-12-30 17:39: Train Epoch 2: 579/634 Loss: 0.176116
2022-12-30 17:39: Train Epoch 2: 583/634 Loss: 0.167902
2022-12-30 17:40: Train Epoch 2: 587/634 Loss: 0.165090
2022-12-30 17:40: Train Epoch 2: 591/634 Loss: 0.168338
2022-12-30 17:40: Train Epoch 2: 595/634 Loss: 0.184971
2022-12-30 17:40: Train Epoch 2: 599/634 Loss: 0.208758
2022-12-30 17:41: Train Epoch 2: 603/634 Loss: 0.192372
2022-12-30 17:41: Train Epoch 2: 607/634 Loss: 0.190053
2022-12-30 17:41: Train Epoch 2: 611/634 Loss: 0.163202
2022-12-30 17:41: Train Epoch 2: 615/634 Loss: 0.185134
2022-12-30 17:42: Train Epoch 2: 619/634 Loss: 0.172501
2022-12-30 17:42: Train Epoch 2: 623/634 Loss: 0.191865
2022-12-30 17:42: Train Epoch 2: 627/634 Loss: 0.209220
2022-12-30 17:42: Train Epoch 2: 631/634 Loss: 0.180311
2022-12-30 17:42: Train Epoch 2: 633/634 Loss: 0.068121
2022-12-30 17:42: **********Train Epoch 2: averaged Loss: 0.190197 
2022-12-30 17:42: 
Epoch time elapsed: 2296.29372215271

2022-12-30 17:44: 
 metrics validation: {'precision': 0.8385650224215246, 'recall': 0.5753846153846154, 'f1-score': 0.6824817518248175, 'support': 1300, 'AUC': 0.89361775147929, 'AUCPR': 0.819406169485222, 'TP': 748, 'FP': 144, 'TN': 2456, 'FN': 552} 

2022-12-30 17:44: **********Val Epoch 2: average Loss: 0.195960
2022-12-30 17:44: *********************************Current best model saved!
2022-12-30 17:45: 
 Testing metrics {'precision': 0.8839406207827261, 'recall': 0.5333876221498371, 'f1-score': 0.6653123412899948, 'support': 1228, 'AUC': 0.900955182548356, 'AUCPR': 0.8403358702919643, 'TP': 655, 'FP': 86, 'TN': 2370, 'FN': 573} 

2022-12-30 17:49: 
 Testing metrics {'precision': 0.93900563813429, 'recall': 0.831404583616973, 'f1-score': 0.8819352509327235, 'support': 4407, 'AUC': 0.9737719747689809, 'AUCPR': 0.9477946366887982, 'TP': 3664, 'FP': 238, 'TN': 8576, 'FN': 743} 

2022-12-30 17:49: Train Epoch 3: 3/634 Loss: 0.185839
2022-12-30 17:49: Train Epoch 3: 7/634 Loss: 0.198927
2022-12-30 17:50: Train Epoch 3: 11/634 Loss: 0.176910
2022-12-30 17:50: Train Epoch 3: 15/634 Loss: 0.183999
2022-12-30 17:50: Train Epoch 3: 19/634 Loss: 0.181156
2022-12-30 17:50: Train Epoch 3: 23/634 Loss: 0.199695
2022-12-30 17:51: Train Epoch 3: 27/634 Loss: 0.200313
2022-12-30 17:51: Train Epoch 3: 31/634 Loss: 0.176073
2022-12-30 17:51: Train Epoch 3: 35/634 Loss: 0.201154
2022-12-30 17:51: Train Epoch 3: 39/634 Loss: 0.168036
2022-12-30 17:52: Train Epoch 3: 43/634 Loss: 0.170283
2022-12-30 17:52: Train Epoch 3: 47/634 Loss: 0.159122
2022-12-30 17:52: Train Epoch 3: 51/634 Loss: 0.181350
2022-12-30 17:52: Train Epoch 3: 55/634 Loss: 0.198887
2022-12-30 17:53: Train Epoch 3: 59/634 Loss: 0.209490
2022-12-30 17:53: Train Epoch 3: 63/634 Loss: 0.196240
2022-12-30 17:53: Train Epoch 3: 67/634 Loss: 0.179431
2022-12-30 17:53: Train Epoch 3: 71/634 Loss: 0.194906
2022-12-30 17:54: Train Epoch 3: 75/634 Loss: 0.198279
2022-12-30 17:54: Train Epoch 3: 79/634 Loss: 0.177660
2022-12-30 17:54: Train Epoch 3: 83/634 Loss: 0.157009
2022-12-30 17:54: Train Epoch 3: 87/634 Loss: 0.189288
2022-12-30 17:55: Train Epoch 3: 91/634 Loss: 0.179965
2022-12-30 17:55: Train Epoch 3: 95/634 Loss: 0.167253
2022-12-30 17:55: Train Epoch 3: 99/634 Loss: 0.209465
2022-12-30 17:55: Train Epoch 3: 103/634 Loss: 0.177430
2022-12-30 17:56: Train Epoch 3: 107/634 Loss: 0.198761
2022-12-30 17:56: Train Epoch 3: 111/634 Loss: 0.168368
2022-12-30 17:56: Train Epoch 3: 115/634 Loss: 0.202436
2022-12-30 17:56: Train Epoch 3: 119/634 Loss: 0.198164
2022-12-30 17:57: Train Epoch 3: 123/634 Loss: 0.198579
2022-12-30 17:57: Train Epoch 3: 127/634 Loss: 0.182927
2022-12-30 17:57: Train Epoch 3: 131/634 Loss: 0.200958
2022-12-30 17:57: Train Epoch 3: 135/634 Loss: 0.195427
2022-12-30 17:58: Train Epoch 3: 139/634 Loss: 0.195609
2022-12-30 17:58: Train Epoch 3: 143/634 Loss: 0.178123
2022-12-30 17:58: Train Epoch 3: 147/634 Loss: 0.205268
2022-12-30 17:58: Train Epoch 3: 151/634 Loss: 0.183247
2022-12-30 17:58: Train Epoch 3: 155/634 Loss: 0.178437
2022-12-30 17:59: Train Epoch 3: 159/634 Loss: 0.201612
2022-12-30 17:59: Train Epoch 3: 163/634 Loss: 0.179682
2022-12-30 17:59: Train Epoch 3: 167/634 Loss: 0.188958
2022-12-30 17:59: Train Epoch 3: 171/634 Loss: 0.174724
2022-12-30 18:00: Train Epoch 3: 175/634 Loss: 0.224416
2022-12-30 18:00: Train Epoch 3: 179/634 Loss: 0.201003
2022-12-30 18:00: Train Epoch 3: 183/634 Loss: 0.197911
2022-12-30 18:00: Train Epoch 3: 187/634 Loss: 0.208958
2022-12-30 18:01: Train Epoch 3: 191/634 Loss: 0.173613
2022-12-30 18:01: Train Epoch 3: 195/634 Loss: 0.175021
2022-12-30 18:01: Train Epoch 3: 199/634 Loss: 0.226425
2022-12-30 18:01: Train Epoch 3: 203/634 Loss: 0.203915
2022-12-30 18:02: Train Epoch 3: 207/634 Loss: 0.185593
2022-12-30 18:02: Train Epoch 3: 211/634 Loss: 0.166373
2022-12-30 18:02: Train Epoch 3: 215/634 Loss: 0.143687
2022-12-30 18:02: Train Epoch 3: 219/634 Loss: 0.189026
2022-12-30 18:03: Train Epoch 3: 223/634 Loss: 0.218071
2022-12-30 18:03: Train Epoch 3: 227/634 Loss: 0.161677
2022-12-30 18:03: Train Epoch 3: 231/634 Loss: 0.174053
2022-12-30 18:03: Train Epoch 3: 235/634 Loss: 0.183572
2022-12-30 18:03: Train Epoch 3: 239/634 Loss: 0.202716
2022-12-30 18:04: Train Epoch 3: 243/634 Loss: 0.168723
2022-12-30 18:04: Train Epoch 3: 247/634 Loss: 0.185663
2022-12-30 18:04: Train Epoch 3: 251/634 Loss: 0.190647
2022-12-30 18:04: Train Epoch 3: 255/634 Loss: 0.168046
2022-12-30 18:05: Train Epoch 3: 259/634 Loss: 0.184978
2022-12-30 18:05: Train Epoch 3: 263/634 Loss: 0.177596
2022-12-30 18:05: Train Epoch 3: 267/634 Loss: 0.154945
2022-12-30 18:05: Train Epoch 3: 271/634 Loss: 0.132068
2022-12-30 18:06: Train Epoch 3: 275/634 Loss: 0.166333
2022-12-30 18:06: Train Epoch 3: 279/634 Loss: 0.146671
2022-12-30 18:06: Train Epoch 3: 283/634 Loss: 0.177964
2022-12-30 18:06: Train Epoch 3: 287/634 Loss: 0.198749
2022-12-30 18:07: Train Epoch 3: 291/634 Loss: 0.180039
2022-12-30 18:07: Train Epoch 3: 295/634 Loss: 0.164189
2022-12-30 18:07: Train Epoch 3: 299/634 Loss: 0.203884
2022-12-30 18:07: Train Epoch 3: 303/634 Loss: 0.160225
2022-12-30 18:07: Train Epoch 3: 307/634 Loss: 0.145723
2022-12-30 18:08: Train Epoch 3: 311/634 Loss: 0.174838
2022-12-30 18:08: Train Epoch 3: 315/634 Loss: 0.163226
2022-12-30 18:08: Train Epoch 3: 319/634 Loss: 0.191168
2022-12-30 18:08: Train Epoch 3: 323/634 Loss: 0.194458
2022-12-30 18:09: Train Epoch 3: 327/634 Loss: 0.203451
2022-12-30 18:09: Train Epoch 3: 331/634 Loss: 0.170277
2022-12-30 18:09: Train Epoch 3: 335/634 Loss: 0.160954
2022-12-30 18:09: Train Epoch 3: 339/634 Loss: 0.166568
2022-12-30 18:10: Train Epoch 3: 343/634 Loss: 0.186809
2022-12-30 18:10: Train Epoch 3: 347/634 Loss: 0.146858
2022-12-30 18:10: Train Epoch 3: 351/634 Loss: 0.176221
2022-12-30 18:10: Train Epoch 3: 355/634 Loss: 0.184537
2022-12-30 18:10: Train Epoch 3: 359/634 Loss: 0.180061
2022-12-30 18:11: Train Epoch 3: 363/634 Loss: 0.184345
2022-12-30 18:11: Train Epoch 3: 367/634 Loss: 0.178450
2022-12-30 18:11: Train Epoch 3: 371/634 Loss: 0.179855
2022-12-30 18:11: Train Epoch 3: 375/634 Loss: 0.175205
2022-12-30 18:12: Train Epoch 3: 379/634 Loss: 0.159054
2022-12-30 18:12: Train Epoch 3: 383/634 Loss: 0.160231
2022-12-30 18:12: Train Epoch 3: 387/634 Loss: 0.197784
2022-12-30 18:12: Train Epoch 3: 391/634 Loss: 0.209147
2022-12-30 18:13: Train Epoch 3: 395/634 Loss: 0.177258
2022-12-30 18:13: Train Epoch 3: 399/634 Loss: 0.174991
2022-12-30 18:13: Train Epoch 3: 403/634 Loss: 0.167812
2022-12-30 18:13: Train Epoch 3: 407/634 Loss: 0.173472
2022-12-30 18:14: Train Epoch 3: 411/634 Loss: 0.201099
2022-12-30 18:14: Train Epoch 3: 415/634 Loss: 0.150888
2022-12-30 18:14: Train Epoch 3: 419/634 Loss: 0.184418
2022-12-30 18:14: Train Epoch 3: 423/634 Loss: 0.197941
2022-12-30 18:14: Train Epoch 3: 427/634 Loss: 0.172048
2022-12-30 18:15: Train Epoch 3: 431/634 Loss: 0.182536
2022-12-30 18:15: Train Epoch 3: 435/634 Loss: 0.173965
2022-12-30 18:15: Train Epoch 3: 439/634 Loss: 0.201715
2022-12-30 18:15: Train Epoch 3: 443/634 Loss: 0.163517
2022-12-30 18:16: Train Epoch 3: 447/634 Loss: 0.182756
2022-12-30 18:16: Train Epoch 3: 451/634 Loss: 0.170034
2022-12-30 18:16: Train Epoch 3: 455/634 Loss: 0.176782
2022-12-30 18:16: Train Epoch 3: 459/634 Loss: 0.201773
2022-12-30 18:17: Train Epoch 3: 463/634 Loss: 0.182107
2022-12-30 18:17: Train Epoch 3: 467/634 Loss: 0.183723
2022-12-30 18:17: Train Epoch 3: 471/634 Loss: 0.204332
2022-12-30 18:17: Train Epoch 3: 475/634 Loss: 0.171268
2022-12-30 18:17: Train Epoch 3: 479/634 Loss: 0.228053
2022-12-30 18:18: Train Epoch 3: 483/634 Loss: 0.175788
2022-12-30 18:18: Train Epoch 3: 487/634 Loss: 0.196130
2022-12-30 18:18: Train Epoch 3: 491/634 Loss: 0.150277
2022-12-30 18:18: Train Epoch 3: 495/634 Loss: 0.201222
2022-12-30 18:19: Train Epoch 3: 499/634 Loss: 0.155713
2022-12-30 18:19: Train Epoch 3: 503/634 Loss: 0.160299
2022-12-30 18:19: Train Epoch 3: 507/634 Loss: 0.181770
2022-12-30 18:19: Train Epoch 3: 511/634 Loss: 0.168214
2022-12-30 18:19: Train Epoch 3: 515/634 Loss: 0.184321
2022-12-30 18:20: Train Epoch 3: 519/634 Loss: 0.177049
2022-12-30 18:20: Train Epoch 3: 523/634 Loss: 0.162768
2022-12-30 18:20: Train Epoch 3: 527/634 Loss: 0.185227
2022-12-30 18:20: Train Epoch 3: 531/634 Loss: 0.196968
2022-12-30 18:21: Train Epoch 3: 535/634 Loss: 0.176939
2022-12-30 18:21: Train Epoch 3: 539/634 Loss: 0.181187
2022-12-30 18:21: Train Epoch 3: 543/634 Loss: 0.197339
2022-12-30 18:21: Train Epoch 3: 547/634 Loss: 0.171572
2022-12-30 18:22: Train Epoch 3: 551/634 Loss: 0.180454
2022-12-30 18:22: Train Epoch 3: 555/634 Loss: 0.163412
2022-12-30 18:22: Train Epoch 3: 559/634 Loss: 0.198963
2022-12-30 18:22: Train Epoch 3: 563/634 Loss: 0.182636
2022-12-30 18:22: Train Epoch 3: 567/634 Loss: 0.221946
2022-12-30 18:23: Train Epoch 3: 571/634 Loss: 0.164283
2022-12-30 18:23: Train Epoch 3: 575/634 Loss: 0.191043
2022-12-30 18:23: Train Epoch 3: 579/634 Loss: 0.182108
2022-12-30 18:23: Train Epoch 3: 583/634 Loss: 0.199618
2022-12-30 18:24: Train Epoch 3: 587/634 Loss: 0.189359
2022-12-30 18:24: Train Epoch 3: 591/634 Loss: 0.194883
2022-12-30 18:24: Train Epoch 3: 595/634 Loss: 0.188583
2022-12-30 18:24: Train Epoch 3: 599/634 Loss: 0.141585
2022-12-30 18:25: Train Epoch 3: 603/634 Loss: 0.167646
2022-12-30 18:25: Train Epoch 3: 607/634 Loss: 0.167840
2022-12-30 18:25: Train Epoch 3: 611/634 Loss: 0.171903
2022-12-30 18:25: Train Epoch 3: 615/634 Loss: 0.153133
2022-12-30 18:25: Train Epoch 3: 619/634 Loss: 0.188240
2022-12-30 18:26: Train Epoch 3: 623/634 Loss: 0.172072
2022-12-30 18:26: Train Epoch 3: 627/634 Loss: 0.182950
2022-12-30 18:26: Train Epoch 3: 631/634 Loss: 0.174557
2022-12-30 18:26: Train Epoch 3: 633/634 Loss: 0.080351
2022-12-30 18:26: **********Train Epoch 3: averaged Loss: 0.181373 
2022-12-30 18:26: 
Epoch time elapsed: 2241.7140266895294

2022-12-30 18:27: 
 metrics validation: {'precision': 0.704469646430954, 'recall': 0.8123076923076923, 'f1-score': 0.7545551982851019, 'support': 1300, 'AUC': 0.9058686390532544, 'AUCPR': 0.8440584401020969, 'TP': 1056, 'FP': 443, 'TN': 2157, 'FN': 244} 

2022-12-30 18:27: **********Val Epoch 3: average Loss: 0.181539
2022-12-30 18:27: *********************************Current best model saved!
2022-12-30 18:29: 
 Testing metrics {'precision': 0.7565217391304347, 'recall': 0.7793159609120521, 'f1-score': 0.7677496991576414, 'support': 1228, 'AUC': 0.9034097841886916, 'AUCPR': 0.8501424046068689, 'TP': 957, 'FP': 308, 'TN': 2148, 'FN': 271} 

2022-12-30 18:33: 
 Testing metrics {'precision': 0.8405885959534029, 'recall': 0.9332879509870661, 'f1-score': 0.8845161290322581, 'support': 4407, 'AUC': 0.9757269066081875, 'AUCPR': 0.9526318870083408, 'TP': 4113, 'FP': 780, 'TN': 8034, 'FN': 294} 

2022-12-30 18:33: Train Epoch 4: 3/634 Loss: 0.204895
2022-12-30 18:33: Train Epoch 4: 7/634 Loss: 0.220355
2022-12-30 18:34: Train Epoch 4: 11/634 Loss: 0.204050
2022-12-30 18:34: Train Epoch 4: 15/634 Loss: 0.195820
2022-12-30 18:34: Train Epoch 4: 19/634 Loss: 0.204769
2022-12-30 18:34: Train Epoch 4: 23/634 Loss: 0.168162
2022-12-30 18:35: Train Epoch 4: 27/634 Loss: 0.190720
2022-12-30 18:35: Train Epoch 4: 31/634 Loss: 0.177656
2022-12-30 18:35: Train Epoch 4: 35/634 Loss: 0.198588
2022-12-30 18:35: Train Epoch 4: 39/634 Loss: 0.157299
2022-12-30 18:36: Train Epoch 4: 43/634 Loss: 0.170384
2022-12-30 18:36: Train Epoch 4: 47/634 Loss: 0.154194
2022-12-30 18:36: Train Epoch 4: 51/634 Loss: 0.182785
2022-12-30 18:36: Train Epoch 4: 55/634 Loss: 0.190567
2022-12-30 18:36: Train Epoch 4: 59/634 Loss: 0.181964
2022-12-30 18:37: Train Epoch 4: 63/634 Loss: 0.165705
2022-12-30 18:37: Train Epoch 4: 67/634 Loss: 0.168009
2022-12-30 18:37: Train Epoch 4: 71/634 Loss: 0.176790
2022-12-30 18:37: Train Epoch 4: 75/634 Loss: 0.182747
2022-12-30 18:38: Train Epoch 4: 79/634 Loss: 0.177548
2022-12-30 18:38: Train Epoch 4: 83/634 Loss: 0.154568
2022-12-30 18:38: Train Epoch 4: 87/634 Loss: 0.179197
2022-12-30 18:38: Train Epoch 4: 91/634 Loss: 0.173165
2022-12-30 18:39: Train Epoch 4: 95/634 Loss: 0.169489
2022-12-30 18:39: Train Epoch 4: 99/634 Loss: 0.187029
2022-12-30 18:39: Train Epoch 4: 103/634 Loss: 0.170055
2022-12-30 18:39: Train Epoch 4: 107/634 Loss: 0.159069
2022-12-30 18:39: Train Epoch 4: 111/634 Loss: 0.161243
2022-12-30 18:40: Train Epoch 4: 115/634 Loss: 0.165630
2022-12-30 18:40: Train Epoch 4: 119/634 Loss: 0.172944
2022-12-30 18:40: Train Epoch 4: 123/634 Loss: 0.157778
2022-12-30 18:40: Train Epoch 4: 127/634 Loss: 0.151343
2022-12-30 18:41: Train Epoch 4: 131/634 Loss: 0.181477
2022-12-30 18:41: Train Epoch 4: 135/634 Loss: 0.154503
2022-12-30 18:41: Train Epoch 4: 139/634 Loss: 0.199537
2022-12-30 18:41: Train Epoch 4: 143/634 Loss: 0.163895
2022-12-30 18:42: Train Epoch 4: 147/634 Loss: 0.168937
2022-12-30 18:42: Train Epoch 4: 151/634 Loss: 0.187720
2022-12-30 18:42: Train Epoch 4: 155/634 Loss: 0.172240
2022-12-30 18:42: Train Epoch 4: 159/634 Loss: 0.152375
2022-12-30 18:42: Train Epoch 4: 163/634 Loss: 0.153821
2022-12-30 18:43: Train Epoch 4: 167/634 Loss: 0.175153
2022-12-30 18:43: Train Epoch 4: 171/634 Loss: 0.184116
2022-12-30 18:43: Train Epoch 4: 175/634 Loss: 0.166843
2022-12-30 18:43: Train Epoch 4: 179/634 Loss: 0.176934
2022-12-30 18:44: Train Epoch 4: 183/634 Loss: 0.194658
2022-12-30 18:44: Train Epoch 4: 187/634 Loss: 0.172506
2022-12-30 18:44: Train Epoch 4: 191/634 Loss: 0.156543
2022-12-30 18:44: Train Epoch 4: 195/634 Loss: 0.163097
2022-12-30 18:44: Train Epoch 4: 199/634 Loss: 0.173339
2022-12-30 18:45: Train Epoch 4: 203/634 Loss: 0.176229
2022-12-30 18:45: Train Epoch 4: 207/634 Loss: 0.171499
2022-12-30 18:45: Train Epoch 4: 211/634 Loss: 0.139354
2022-12-30 18:45: Train Epoch 4: 215/634 Loss: 0.164875
2022-12-30 18:46: Train Epoch 4: 219/634 Loss: 0.158023
2022-12-30 18:46: Train Epoch 4: 223/634 Loss: 0.181569
2022-12-30 18:46: Train Epoch 4: 227/634 Loss: 0.198720
2022-12-30 18:46: Train Epoch 4: 231/634 Loss: 0.161372
2022-12-30 18:47: Train Epoch 4: 235/634 Loss: 0.174485
2022-12-30 18:47: Train Epoch 4: 239/634 Loss: 0.154213
2022-12-30 18:47: Train Epoch 4: 243/634 Loss: 0.172032
2022-12-30 18:47: Train Epoch 4: 247/634 Loss: 0.151149
2022-12-30 18:47: Train Epoch 4: 251/634 Loss: 0.175646
2022-12-30 18:48: Train Epoch 4: 255/634 Loss: 0.190036
2022-12-30 18:48: Train Epoch 4: 259/634 Loss: 0.155605
2022-12-30 18:48: Train Epoch 4: 263/634 Loss: 0.215377
2022-12-30 18:48: Train Epoch 4: 267/634 Loss: 0.188919
2022-12-30 18:49: Train Epoch 4: 271/634 Loss: 0.193125
2022-12-30 18:49: Train Epoch 4: 275/634 Loss: 0.166731
2022-12-30 18:49: Train Epoch 4: 279/634 Loss: 0.169153
2022-12-30 18:49: Train Epoch 4: 283/634 Loss: 0.158809
2022-12-30 18:50: Train Epoch 4: 287/634 Loss: 0.189826
2022-12-30 18:50: Train Epoch 4: 291/634 Loss: 0.202930
2022-12-30 18:50: Train Epoch 4: 295/634 Loss: 0.174356
2022-12-30 18:50: Train Epoch 4: 299/634 Loss: 0.172065
2022-12-30 18:50: Train Epoch 4: 303/634 Loss: 0.176319
2022-12-30 18:51: Train Epoch 4: 307/634 Loss: 0.169475
2022-12-30 18:51: Train Epoch 4: 311/634 Loss: 0.144922
2022-12-30 18:51: Train Epoch 4: 315/634 Loss: 0.151106
2022-12-30 18:51: Train Epoch 4: 319/634 Loss: 0.191663
2022-12-30 18:52: Train Epoch 4: 323/634 Loss: 0.149789
2022-12-30 18:52: Train Epoch 4: 327/634 Loss: 0.137244
2022-12-30 18:52: Train Epoch 4: 331/634 Loss: 0.165814
2022-12-30 18:52: Train Epoch 4: 335/634 Loss: 0.164676
2022-12-30 18:53: Train Epoch 4: 339/634 Loss: 0.196234
2022-12-30 18:53: Train Epoch 4: 343/634 Loss: 0.165654
2022-12-30 18:53: Train Epoch 4: 347/634 Loss: 0.187711
2022-12-30 18:53: Train Epoch 4: 351/634 Loss: 0.164809
2022-12-30 18:53: Train Epoch 4: 355/634 Loss: 0.155801
2022-12-30 18:54: Train Epoch 4: 359/634 Loss: 0.179844
2022-12-30 18:54: Train Epoch 4: 363/634 Loss: 0.150549
2022-12-30 18:54: Train Epoch 4: 367/634 Loss: 0.163681
2022-12-30 18:54: Train Epoch 4: 371/634 Loss: 0.141227
2022-12-30 18:55: Train Epoch 4: 375/634 Loss: 0.154058
2022-12-30 18:55: Train Epoch 4: 379/634 Loss: 0.185941
2022-12-30 18:55: Train Epoch 4: 383/634 Loss: 0.160458
2022-12-30 18:55: Train Epoch 4: 387/634 Loss: 0.189512
2022-12-30 18:56: Train Epoch 4: 391/634 Loss: 0.182496
2022-12-30 18:56: Train Epoch 4: 395/634 Loss: 0.144639
2022-12-30 18:56: Train Epoch 4: 399/634 Loss: 0.186572
2022-12-30 18:56: Train Epoch 4: 403/634 Loss: 0.169162
2022-12-30 18:56: Train Epoch 4: 407/634 Loss: 0.157360
2022-12-30 18:57: Train Epoch 4: 411/634 Loss: 0.134326
2022-12-30 18:57: Train Epoch 4: 415/634 Loss: 0.197325
2022-12-30 18:57: Train Epoch 4: 419/634 Loss: 0.173588
2022-12-30 18:57: Train Epoch 4: 423/634 Loss: 0.150419
2022-12-30 18:58: Train Epoch 4: 427/634 Loss: 0.164687
2022-12-30 18:58: Train Epoch 4: 431/634 Loss: 0.188687
2022-12-30 18:58: Train Epoch 4: 435/634 Loss: 0.174175
2022-12-30 18:58: Train Epoch 4: 439/634 Loss: 0.154797
2022-12-30 18:59: Train Epoch 4: 443/634 Loss: 0.201392
2022-12-30 18:59: Train Epoch 4: 447/634 Loss: 0.177435
2022-12-30 18:59: Train Epoch 4: 451/634 Loss: 0.190146
2022-12-30 18:59: Train Epoch 4: 455/634 Loss: 0.159996
2022-12-30 19:00: Train Epoch 4: 459/634 Loss: 0.159518
2022-12-30 19:00: Train Epoch 4: 463/634 Loss: 0.149426
2022-12-30 19:00: Train Epoch 4: 467/634 Loss: 0.166256
2022-12-30 19:00: Train Epoch 4: 471/634 Loss: 0.151262
2022-12-30 19:00: Train Epoch 4: 475/634 Loss: 0.194017
2022-12-30 19:01: Train Epoch 4: 479/634 Loss: 0.150520
2022-12-30 19:01: Train Epoch 4: 483/634 Loss: 0.164134
2022-12-30 19:01: Train Epoch 4: 487/634 Loss: 0.173375
2022-12-30 19:01: Train Epoch 4: 491/634 Loss: 0.159915
2022-12-30 19:02: Train Epoch 4: 495/634 Loss: 0.167415
2022-12-30 19:02: Train Epoch 4: 499/634 Loss: 0.169010
2022-12-30 19:02: Train Epoch 4: 503/634 Loss: 0.179777
2022-12-30 19:02: Train Epoch 4: 507/634 Loss: 0.174397
2022-12-30 19:03: Train Epoch 4: 511/634 Loss: 0.176713
2022-12-30 19:03: Train Epoch 4: 515/634 Loss: 0.141603
2022-12-30 19:03: Train Epoch 4: 519/634 Loss: 0.183687
2022-12-30 19:03: Train Epoch 4: 523/634 Loss: 0.160214
2022-12-30 19:03: Train Epoch 4: 527/634 Loss: 0.148245
2022-12-30 19:04: Train Epoch 4: 531/634 Loss: 0.164200
2022-12-30 19:04: Train Epoch 4: 535/634 Loss: 0.168004
2022-12-30 19:04: Train Epoch 4: 539/634 Loss: 0.157504
2022-12-30 19:04: Train Epoch 4: 543/634 Loss: 0.172186
2022-12-30 19:05: Train Epoch 4: 547/634 Loss: 0.175372
2022-12-30 19:05: Train Epoch 4: 551/634 Loss: 0.160206
2022-12-30 19:05: Train Epoch 4: 555/634 Loss: 0.183660
2022-12-30 19:05: Train Epoch 4: 559/634 Loss: 0.155426
2022-12-30 19:06: Train Epoch 4: 563/634 Loss: 0.167053
2022-12-30 19:06: Train Epoch 4: 567/634 Loss: 0.149917
2022-12-30 19:06: Train Epoch 4: 571/634 Loss: 0.183837
2022-12-30 19:06: Train Epoch 4: 575/634 Loss: 0.191903
2022-12-30 19:07: Train Epoch 4: 579/634 Loss: 0.169162
2022-12-30 19:07: Train Epoch 4: 583/634 Loss: 0.167694
2022-12-30 19:07: Train Epoch 4: 587/634 Loss: 0.186604
2022-12-30 19:07: Train Epoch 4: 591/634 Loss: 0.182105
2022-12-30 19:07: Train Epoch 4: 595/634 Loss: 0.160373
2022-12-30 19:08: Train Epoch 4: 599/634 Loss: 0.216657
2022-12-30 19:08: Train Epoch 4: 603/634 Loss: 0.148703
2022-12-30 19:08: Train Epoch 4: 607/634 Loss: 0.161141
2022-12-30 19:08: Train Epoch 4: 611/634 Loss: 0.227349
2022-12-30 19:09: Train Epoch 4: 615/634 Loss: 0.171063
2022-12-30 19:09: Train Epoch 4: 619/634 Loss: 0.180269
2022-12-30 19:09: Train Epoch 4: 623/634 Loss: 0.165865
2022-12-30 19:09: Train Epoch 4: 627/634 Loss: 0.198971
2022-12-30 19:10: Train Epoch 4: 631/634 Loss: 0.191060
2022-12-30 19:10: Train Epoch 4: 633/634 Loss: 0.064633
2022-12-30 19:10: **********Train Epoch 4: averaged Loss: 0.171525 
2022-12-30 19:10: 
Epoch time elapsed: 2202.0974113941193

2022-12-30 19:11: 
 metrics validation: {'precision': 0.7008491182233834, 'recall': 0.8253846153846154, 'f1-score': 0.7580360296714942, 'support': 1300, 'AUC': 0.9138920118343195, 'AUCPR': 0.8559396318581394, 'TP': 1073, 'FP': 458, 'TN': 2142, 'FN': 227} 

2022-12-30 19:11: **********Val Epoch 4: average Loss: 0.178686
2022-12-30 19:11: *********************************Current best model saved!
2022-12-30 19:12: 
 Testing metrics {'precision': 0.7488789237668162, 'recall': 0.8159609120521173, 'f1-score': 0.7809820732657834, 'support': 1228, 'AUC': 0.9130952317796475, 'AUCPR': 0.8677578620967483, 'TP': 1002, 'FP': 336, 'TN': 2120, 'FN': 226} 

2022-12-30 19:16: 
 Testing metrics {'precision': 0.8259823576583801, 'recall': 0.9348763331064216, 'f1-score': 0.8770622671633848, 'support': 4407, 'AUC': 0.9781579051294769, 'AUCPR': 0.9608728591289605, 'TP': 4120, 'FP': 868, 'TN': 7946, 'FN': 287} 

2022-12-30 19:17: Train Epoch 5: 3/634 Loss: 0.199870
2022-12-30 19:17: Train Epoch 5: 7/634 Loss: 0.199681
2022-12-30 19:17: Train Epoch 5: 11/634 Loss: 0.141129
2022-12-30 19:17: Train Epoch 5: 15/634 Loss: 0.159863
2022-12-30 19:18: Train Epoch 5: 19/634 Loss: 0.193012
2022-12-30 19:18: Train Epoch 5: 23/634 Loss: 0.169354
2022-12-30 19:18: Train Epoch 5: 27/634 Loss: 0.166645
2022-12-30 19:18: Train Epoch 5: 31/634 Loss: 0.189289
2022-12-30 19:18: Train Epoch 5: 35/634 Loss: 0.173455
2022-12-30 19:19: Train Epoch 5: 39/634 Loss: 0.172181
2022-12-30 19:19: Train Epoch 5: 43/634 Loss: 0.177682
2022-12-30 19:19: Train Epoch 5: 47/634 Loss: 0.178563
2022-12-30 19:19: Train Epoch 5: 51/634 Loss: 0.163360
2022-12-30 19:20: Train Epoch 5: 55/634 Loss: 0.207993
2022-12-30 19:20: Train Epoch 5: 59/634 Loss: 0.190232
2022-12-30 19:20: Train Epoch 5: 63/634 Loss: 0.166725
2022-12-30 19:20: Train Epoch 5: 67/634 Loss: 0.154585
2022-12-30 19:21: Train Epoch 5: 71/634 Loss: 0.150874
2022-12-30 19:21: Train Epoch 5: 75/634 Loss: 0.166314
2022-12-30 19:21: Train Epoch 5: 79/634 Loss: 0.187156
2022-12-30 19:21: Train Epoch 5: 83/634 Loss: 0.171036
2022-12-30 19:21: Train Epoch 5: 87/634 Loss: 0.150032
2022-12-30 19:22: Train Epoch 5: 91/634 Loss: 0.164845
2022-12-30 19:22: Train Epoch 5: 95/634 Loss: 0.168034
2022-12-30 19:22: Train Epoch 5: 99/634 Loss: 0.161531
2022-12-30 19:22: Train Epoch 5: 103/634 Loss: 0.171031
2022-12-30 19:23: Train Epoch 5: 107/634 Loss: 0.184060
2022-12-30 19:23: Train Epoch 5: 111/634 Loss: 0.159800
2022-12-30 19:23: Train Epoch 5: 115/634 Loss: 0.185475
2022-12-30 19:23: Train Epoch 5: 119/634 Loss: 0.177535
2022-12-30 19:24: Train Epoch 5: 123/634 Loss: 0.180071
2022-12-30 19:24: Train Epoch 5: 127/634 Loss: 0.175994
2022-12-30 19:24: Train Epoch 5: 131/634 Loss: 0.158560
2022-12-30 19:24: Train Epoch 5: 135/634 Loss: 0.171235
2022-12-30 19:24: Train Epoch 5: 139/634 Loss: 0.162594
2022-12-30 19:25: Train Epoch 5: 143/634 Loss: 0.170143
2022-12-30 19:25: Train Epoch 5: 147/634 Loss: 0.157516
2022-12-30 19:25: Train Epoch 5: 151/634 Loss: 0.191494
2022-12-30 19:25: Train Epoch 5: 155/634 Loss: 0.179072
2022-12-30 19:26: Train Epoch 5: 159/634 Loss: 0.172402
2022-12-30 19:26: Train Epoch 5: 163/634 Loss: 0.171289
2022-12-30 19:26: Train Epoch 5: 167/634 Loss: 0.161773
2022-12-30 19:26: Train Epoch 5: 171/634 Loss: 0.184355
2022-12-30 19:27: Train Epoch 5: 175/634 Loss: 0.168876
2022-12-30 19:27: Train Epoch 5: 179/634 Loss: 0.164425
2022-12-30 19:27: Train Epoch 5: 183/634 Loss: 0.179521
2022-12-30 19:27: Train Epoch 5: 187/634 Loss: 0.152373
2022-12-30 19:27: Train Epoch 5: 191/634 Loss: 0.163730
2022-12-30 19:28: Train Epoch 5: 195/634 Loss: 0.180403
2022-12-30 19:28: Train Epoch 5: 199/634 Loss: 0.156944
2022-12-30 19:28: Train Epoch 5: 203/634 Loss: 0.191672
2022-12-30 19:28: Train Epoch 5: 207/634 Loss: 0.180995
2022-12-30 19:29: Train Epoch 5: 211/634 Loss: 0.178471
2022-12-30 19:29: Train Epoch 5: 215/634 Loss: 0.140383
2022-12-30 19:29: Train Epoch 5: 219/634 Loss: 0.191743
2022-12-30 19:29: Train Epoch 5: 223/634 Loss: 0.171149
2022-12-30 19:29: Train Epoch 5: 227/634 Loss: 0.145770
2022-12-30 19:30: Train Epoch 5: 231/634 Loss: 0.159337
2022-12-30 19:30: Train Epoch 5: 235/634 Loss: 0.164156
2022-12-30 19:30: Train Epoch 5: 239/634 Loss: 0.152825
2022-12-30 19:30: Train Epoch 5: 243/634 Loss: 0.167849
2022-12-30 19:31: Train Epoch 5: 247/634 Loss: 0.168835
2022-12-30 19:31: Train Epoch 5: 251/634 Loss: 0.154826
2022-12-30 19:31: Train Epoch 5: 255/634 Loss: 0.166899
2022-12-30 19:31: Train Epoch 5: 259/634 Loss: 0.188435
2022-12-30 19:32: Train Epoch 5: 263/634 Loss: 0.186294
2022-12-30 19:32: Train Epoch 5: 267/634 Loss: 0.167742
2022-12-30 19:32: Train Epoch 5: 271/634 Loss: 0.157038
2022-12-30 19:32: Train Epoch 5: 275/634 Loss: 0.153552
2022-12-30 19:32: Train Epoch 5: 279/634 Loss: 0.143018
2022-12-30 19:33: Train Epoch 5: 283/634 Loss: 0.172963
2022-12-30 19:33: Train Epoch 5: 287/634 Loss: 0.135197
2022-12-30 19:33: Train Epoch 5: 291/634 Loss: 0.161733
2022-12-30 19:33: Train Epoch 5: 295/634 Loss: 0.184346
2022-12-30 19:34: Train Epoch 5: 299/634 Loss: 0.163575
2022-12-30 19:34: Train Epoch 5: 303/634 Loss: 0.173210
2022-12-30 19:34: Train Epoch 5: 307/634 Loss: 0.168199
2022-12-30 19:34: Train Epoch 5: 311/634 Loss: 0.164526
2022-12-30 19:35: Train Epoch 5: 315/634 Loss: 0.196932
2022-12-30 19:35: Train Epoch 5: 319/634 Loss: 0.167534
2022-12-30 19:35: Train Epoch 5: 323/634 Loss: 0.183912
2022-12-30 19:35: Train Epoch 5: 327/634 Loss: 0.152413
2022-12-30 19:35: Train Epoch 5: 331/634 Loss: 0.165110
2022-12-30 19:36: Train Epoch 5: 335/634 Loss: 0.193985
2022-12-30 19:36: Train Epoch 5: 339/634 Loss: 0.174620
2022-12-30 19:36: Train Epoch 5: 343/634 Loss: 0.147320
2022-12-30 19:36: Train Epoch 5: 347/634 Loss: 0.149163
2022-12-30 19:37: Train Epoch 5: 351/634 Loss: 0.171451
2022-12-30 19:37: Train Epoch 5: 355/634 Loss: 0.165184
2022-12-30 19:37: Train Epoch 5: 359/634 Loss: 0.167374
2022-12-30 19:37: Train Epoch 5: 363/634 Loss: 0.196516
2022-12-30 19:38: Train Epoch 5: 367/634 Loss: 0.183855
2022-12-30 19:38: Train Epoch 5: 371/634 Loss: 0.182539
2022-12-30 19:38: Train Epoch 5: 375/634 Loss: 0.175049
2022-12-30 19:38: Train Epoch 5: 379/634 Loss: 0.168080
2022-12-30 19:38: Train Epoch 5: 383/634 Loss: 0.169227
2022-12-30 19:39: Train Epoch 5: 387/634 Loss: 0.170678
2022-12-30 19:39: Train Epoch 5: 391/634 Loss: 0.147452
2022-12-30 19:39: Train Epoch 5: 395/634 Loss: 0.209554
2022-12-30 19:39: Train Epoch 5: 399/634 Loss: 0.175432
2022-12-30 19:40: Train Epoch 5: 403/634 Loss: 0.150926
2022-12-30 19:40: Train Epoch 5: 407/634 Loss: 0.193414
2022-12-30 19:40: Train Epoch 5: 411/634 Loss: 0.171545
2022-12-30 19:40: Train Epoch 5: 415/634 Loss: 0.154196
2022-12-30 19:41: Train Epoch 5: 419/634 Loss: 0.198575
2022-12-30 19:41: Train Epoch 5: 423/634 Loss: 0.167139
2022-12-30 19:41: Train Epoch 5: 427/634 Loss: 0.177213
2022-12-30 19:41: Train Epoch 5: 431/634 Loss: 0.183675
2022-12-30 19:41: Train Epoch 5: 435/634 Loss: 0.173012
2022-12-30 19:42: Train Epoch 5: 439/634 Loss: 0.181754
2022-12-30 19:42: Train Epoch 5: 443/634 Loss: 0.174425
2022-12-30 19:42: Train Epoch 5: 447/634 Loss: 0.187715
2022-12-30 19:42: Train Epoch 5: 451/634 Loss: 0.187789
2022-12-30 19:43: Train Epoch 5: 455/634 Loss: 0.146820
2022-12-30 19:43: Train Epoch 5: 459/634 Loss: 0.161442
2022-12-30 19:43: Train Epoch 5: 463/634 Loss: 0.189533
2022-12-30 19:43: Train Epoch 5: 467/634 Loss: 0.156631
2022-12-30 19:44: Train Epoch 5: 471/634 Loss: 0.160423
2022-12-30 19:44: Train Epoch 5: 475/634 Loss: 0.159926
2022-12-30 19:44: Train Epoch 5: 479/634 Loss: 0.149054
2022-12-30 19:44: Train Epoch 5: 483/634 Loss: 0.183045
2022-12-30 19:44: Train Epoch 5: 487/634 Loss: 0.182752
2022-12-30 19:45: Train Epoch 5: 491/634 Loss: 0.160119
2022-12-30 19:45: Train Epoch 5: 495/634 Loss: 0.155342
2022-12-30 19:45: Train Epoch 5: 499/634 Loss: 0.148345
2022-12-30 19:45: Train Epoch 5: 503/634 Loss: 0.181127
2022-12-30 19:46: Train Epoch 5: 507/634 Loss: 0.146561
2022-12-30 19:46: Train Epoch 5: 511/634 Loss: 0.159785
2022-12-30 19:46: Train Epoch 5: 515/634 Loss: 0.173026
2022-12-30 19:46: Train Epoch 5: 519/634 Loss: 0.157915
2022-12-30 19:47: Train Epoch 5: 523/634 Loss: 0.142578
2022-12-30 19:47: Train Epoch 5: 527/634 Loss: 0.168398
2022-12-30 19:47: Train Epoch 5: 531/634 Loss: 0.146901
2022-12-30 19:47: Train Epoch 5: 535/634 Loss: 0.148974
2022-12-30 19:48: Train Epoch 5: 539/634 Loss: 0.200528
2022-12-30 19:48: Train Epoch 5: 543/634 Loss: 0.165291
2022-12-30 19:48: Train Epoch 5: 547/634 Loss: 0.169534
2022-12-30 19:48: Train Epoch 5: 551/634 Loss: 0.142558
2022-12-30 19:48: Train Epoch 5: 555/634 Loss: 0.167605
2022-12-30 19:49: Train Epoch 5: 559/634 Loss: 0.210803
2022-12-30 19:49: Train Epoch 5: 563/634 Loss: 0.175228
2022-12-30 19:49: Train Epoch 5: 567/634 Loss: 0.155580
2022-12-30 19:49: Train Epoch 5: 571/634 Loss: 0.146521
2022-12-30 19:50: Train Epoch 5: 575/634 Loss: 0.177058
2022-12-30 19:50: Train Epoch 5: 579/634 Loss: 0.183736
2022-12-30 19:50: Train Epoch 5: 583/634 Loss: 0.165218
2022-12-30 19:50: Train Epoch 5: 587/634 Loss: 0.169144
2022-12-30 19:51: Train Epoch 5: 591/634 Loss: 0.193213
2022-12-30 19:51: Train Epoch 5: 595/634 Loss: 0.158081
2022-12-30 19:51: Train Epoch 5: 599/634 Loss: 0.173197
2022-12-30 19:51: Train Epoch 5: 603/634 Loss: 0.176233
2022-12-30 19:51: Train Epoch 5: 607/634 Loss: 0.145003
2022-12-30 19:52: Train Epoch 5: 611/634 Loss: 0.157517
2022-12-30 19:52: Train Epoch 5: 615/634 Loss: 0.180795
2022-12-30 19:52: Train Epoch 5: 619/634 Loss: 0.195232
2022-12-30 19:52: Train Epoch 5: 623/634 Loss: 0.175021
2022-12-30 19:53: Train Epoch 5: 627/634 Loss: 0.154336
2022-12-30 19:53: Train Epoch 5: 631/634 Loss: 0.177345
2022-12-30 19:53: Train Epoch 5: 633/634 Loss: 0.066598
2022-12-30 19:53: **********Train Epoch 5: averaged Loss: 0.169394 
2022-12-30 19:53: 
Epoch time elapsed: 2194.557329893112

2022-12-30 19:54: 
 metrics validation: {'precision': 0.7755255255255256, 'recall': 0.7946153846153846, 'f1-score': 0.7849544072948328, 'support': 1300, 'AUC': 0.9197852071005918, 'AUCPR': 0.8626292746803998, 'TP': 1033, 'FP': 299, 'TN': 2301, 'FN': 267} 

2022-12-30 19:54: **********Val Epoch 5: average Loss: 0.161150
2022-12-30 19:54: *********************************Current best model saved!
2022-12-30 19:55: 
 Testing metrics {'precision': 0.8072398190045249, 'recall': 0.7263843648208469, 'f1-score': 0.7646806686669524, 'support': 1228, 'AUC': 0.9120769849016965, 'AUCPR': 0.8626780930055741, 'TP': 892, 'FP': 213, 'TN': 2243, 'FN': 336} 

2022-12-30 20:00: 
 Testing metrics {'precision': 0.8915715539947322, 'recall': 0.921715452688904, 'f1-score': 0.9063929487894677, 'support': 4407, 'AUC': 0.9782111575592782, 'AUCPR': 0.9594928258464661, 'TP': 4062, 'FP': 494, 'TN': 8320, 'FN': 345} 

2022-12-30 20:00: Train Epoch 6: 3/634 Loss: 0.180004
2022-12-30 20:00: Train Epoch 6: 7/634 Loss: 0.173916
2022-12-30 20:00: Train Epoch 6: 11/634 Loss: 0.163336
2022-12-30 20:01: Train Epoch 6: 15/634 Loss: 0.143565
2022-12-30 20:01: Train Epoch 6: 19/634 Loss: 0.177351
2022-12-30 20:01: Train Epoch 6: 23/634 Loss: 0.152150
2022-12-30 20:01: Train Epoch 6: 27/634 Loss: 0.180421
2022-12-30 20:01: Train Epoch 6: 31/634 Loss: 0.192878
2022-12-30 20:02: Train Epoch 6: 35/634 Loss: 0.173997
2022-12-30 20:02: Train Epoch 6: 39/634 Loss: 0.159659
2022-12-30 20:02: Train Epoch 6: 43/634 Loss: 0.168714
2022-12-30 20:02: Train Epoch 6: 47/634 Loss: 0.166648
2022-12-30 20:03: Train Epoch 6: 51/634 Loss: 0.157241
2022-12-30 20:03: Train Epoch 6: 55/634 Loss: 0.186911
2022-12-30 20:03: Train Epoch 6: 59/634 Loss: 0.161292
2022-12-30 20:03: Train Epoch 6: 63/634 Loss: 0.194939
2022-12-30 20:03: Train Epoch 6: 67/634 Loss: 0.152363
2022-12-30 20:04: Train Epoch 6: 71/634 Loss: 0.174745
2022-12-30 20:04: Train Epoch 6: 75/634 Loss: 0.148266
2022-12-30 20:04: Train Epoch 6: 79/634 Loss: 0.197136
2022-12-30 20:04: Train Epoch 6: 83/634 Loss: 0.170618
2022-12-30 20:05: Train Epoch 6: 87/634 Loss: 0.162641
2022-12-30 20:05: Train Epoch 6: 91/634 Loss: 0.149012
2022-12-30 20:05: Train Epoch 6: 95/634 Loss: 0.150267
2022-12-30 20:05: Train Epoch 6: 99/634 Loss: 0.173634
2022-12-30 20:06: Train Epoch 6: 103/634 Loss: 0.157560
2022-12-30 20:06: Train Epoch 6: 107/634 Loss: 0.204048
2022-12-30 20:06: Train Epoch 6: 111/634 Loss: 0.156356
2022-12-30 20:06: Train Epoch 6: 115/634 Loss: 0.151972
2022-12-30 20:06: Train Epoch 6: 119/634 Loss: 0.149509
2022-12-30 20:07: Train Epoch 6: 123/634 Loss: 0.152829
2022-12-30 20:07: Train Epoch 6: 127/634 Loss: 0.182037
2022-12-30 20:07: Train Epoch 6: 131/634 Loss: 0.165048
2022-12-30 20:07: Train Epoch 6: 135/634 Loss: 0.168623
2022-12-30 20:08: Train Epoch 6: 139/634 Loss: 0.144754
2022-12-30 20:08: Train Epoch 6: 143/634 Loss: 0.169493
2022-12-30 20:08: Train Epoch 6: 147/634 Loss: 0.159361
2022-12-30 20:08: Train Epoch 6: 151/634 Loss: 0.197168
2022-12-30 20:08: Train Epoch 6: 155/634 Loss: 0.137531
2022-12-30 20:09: Train Epoch 6: 159/634 Loss: 0.178204
2022-12-30 20:09: Train Epoch 6: 163/634 Loss: 0.178173
2022-12-30 20:09: Train Epoch 6: 167/634 Loss: 0.156206
2022-12-30 20:09: Train Epoch 6: 171/634 Loss: 0.178585
2022-12-30 20:10: Train Epoch 6: 175/634 Loss: 0.132177
2022-12-30 20:10: Train Epoch 6: 179/634 Loss: 0.156124
2022-12-30 20:10: Train Epoch 6: 183/634 Loss: 0.171891
2022-12-30 20:10: Train Epoch 6: 187/634 Loss: 0.164154
2022-12-30 20:10: Train Epoch 6: 191/634 Loss: 0.147643
2022-12-30 20:11: Train Epoch 6: 195/634 Loss: 0.140928
2022-12-30 20:11: Train Epoch 6: 199/634 Loss: 0.166601
2022-12-30 20:11: Train Epoch 6: 203/634 Loss: 0.143911
2022-12-30 20:11: Train Epoch 6: 207/634 Loss: 0.174832
2022-12-30 20:12: Train Epoch 6: 211/634 Loss: 0.152086
2022-12-30 20:12: Train Epoch 6: 215/634 Loss: 0.164498
2022-12-30 20:12: Train Epoch 6: 219/634 Loss: 0.154987
2022-12-30 20:12: Train Epoch 6: 223/634 Loss: 0.141323
2022-12-30 20:13: Train Epoch 6: 227/634 Loss: 0.169535
2022-12-30 20:13: Train Epoch 6: 231/634 Loss: 0.189397
2022-12-30 20:13: Train Epoch 6: 235/634 Loss: 0.156067
2022-12-30 20:13: Train Epoch 6: 239/634 Loss: 0.184820
2022-12-30 20:13: Train Epoch 6: 243/634 Loss: 0.137644
2022-12-30 20:14: Train Epoch 6: 247/634 Loss: 0.155256
2022-12-30 20:14: Train Epoch 6: 251/634 Loss: 0.159194
2022-12-30 20:14: Train Epoch 6: 255/634 Loss: 0.162627
2022-12-30 20:14: Train Epoch 6: 259/634 Loss: 0.191512
2022-12-30 20:15: Train Epoch 6: 263/634 Loss: 0.146203
2022-12-30 20:15: Train Epoch 6: 267/634 Loss: 0.209008
2022-12-30 20:15: Train Epoch 6: 271/634 Loss: 0.179886
2022-12-30 20:15: Train Epoch 6: 275/634 Loss: 0.178584
2022-12-30 20:15: Train Epoch 6: 279/634 Loss: 0.166439
2022-12-30 20:16: Train Epoch 6: 283/634 Loss: 0.177026
2022-12-30 20:16: Train Epoch 6: 287/634 Loss: 0.183685
2022-12-30 20:16: Train Epoch 6: 291/634 Loss: 0.167957
2022-12-30 20:16: Train Epoch 6: 295/634 Loss: 0.181661
2022-12-30 20:17: Train Epoch 6: 299/634 Loss: 0.152127
2022-12-30 20:17: Train Epoch 6: 303/634 Loss: 0.159297
2022-12-30 20:17: Train Epoch 6: 307/634 Loss: 0.183446
2022-12-30 20:17: Train Epoch 6: 311/634 Loss: 0.162398
2022-12-30 20:17: Train Epoch 6: 315/634 Loss: 0.166477
2022-12-30 20:18: Train Epoch 6: 319/634 Loss: 0.135264
2022-12-30 20:18: Train Epoch 6: 323/634 Loss: 0.170256
2022-12-30 20:18: Train Epoch 6: 327/634 Loss: 0.169067
2022-12-30 20:18: Train Epoch 6: 331/634 Loss: 0.164211
2022-12-30 20:19: Train Epoch 6: 335/634 Loss: 0.169688
2022-12-30 20:19: Train Epoch 6: 339/634 Loss: 0.170627
2022-12-30 20:19: Train Epoch 6: 343/634 Loss: 0.165935
2022-12-30 20:19: Train Epoch 6: 347/634 Loss: 0.165943
2022-12-30 20:20: Train Epoch 6: 351/634 Loss: 0.152308
2022-12-30 20:20: Train Epoch 6: 355/634 Loss: 0.141914
2022-12-30 20:20: Train Epoch 6: 359/634 Loss: 0.153964
2022-12-30 20:20: Train Epoch 6: 363/634 Loss: 0.164247
2022-12-30 20:20: Train Epoch 6: 367/634 Loss: 0.156014
2022-12-30 20:21: Train Epoch 6: 371/634 Loss: 0.157547
2022-12-30 20:21: Train Epoch 6: 375/634 Loss: 0.155774
2022-12-30 20:21: Train Epoch 6: 379/634 Loss: 0.152019
2022-12-30 20:21: Train Epoch 6: 383/634 Loss: 0.135232
2022-12-30 20:22: Train Epoch 6: 387/634 Loss: 0.142507
2022-12-30 20:22: Train Epoch 6: 391/634 Loss: 0.159585
2022-12-30 20:22: Train Epoch 6: 395/634 Loss: 0.163066
2022-12-30 20:22: Train Epoch 6: 399/634 Loss: 0.140885
2022-12-30 20:22: Train Epoch 6: 403/634 Loss: 0.153065
2022-12-30 20:23: Train Epoch 6: 407/634 Loss: 0.156356
2022-12-30 20:23: Train Epoch 6: 411/634 Loss: 0.210637
2022-12-30 20:23: Train Epoch 6: 415/634 Loss: 0.157229
2022-12-30 20:23: Train Epoch 6: 419/634 Loss: 0.167446
2022-12-30 20:24: Train Epoch 6: 423/634 Loss: 0.166998
2022-12-30 20:24: Train Epoch 6: 427/634 Loss: 0.190949
2022-12-30 20:24: Train Epoch 6: 431/634 Loss: 0.161031
2022-12-30 20:24: Train Epoch 6: 435/634 Loss: 0.135936
2022-12-30 20:24: Train Epoch 6: 439/634 Loss: 0.150058
2022-12-30 20:25: Train Epoch 6: 443/634 Loss: 0.175469
2022-12-30 20:25: Train Epoch 6: 447/634 Loss: 0.141346
2022-12-30 20:25: Train Epoch 6: 451/634 Loss: 0.161578
2022-12-30 20:25: Train Epoch 6: 455/634 Loss: 0.144396
2022-12-30 20:26: Train Epoch 6: 459/634 Loss: 0.156871
