2023-01-04 23:49: log dir: /home/joel.chacon/tmp/convLSTM/WildFire_GCN/experiments/2020/2023010423495271632390253
2023-01-04 23:49: Experiment log path in: /home/joel.chacon/tmp/convLSTM/WildFire_GCN/experiments/2020/2023010423495271632390253
2023-01-04 23:49: Argument: Namespace(batch_size=256, clc='vec', cuda=True, dataset='2020', dataset_root='/home/joel.chacon/tmp/datasets_grl/', debug=False, default_graph=True, device='cpu', dynamic_features=['1 km 16 days NDVI', 'LST_Day_1km', 'LST_Night_1km', 'era5_max_d2m', 'era5_max_t2m', 'era5_max_sp', 'era5_max_tp', 'sminx', 'era5_max_wind_speed', 'era5_min_rh'], early_stop=True, early_stop_patience=5, embed_dim=32, epochs=30, grad_norm=False, horizon=1, input_dim=25, lag=10, link_len=2, log_dir='/home/joel.chacon/tmp/convLSTM/WildFire_GCN/experiments/2020/2023010423495271632390253', log_step=1, loss_func='nllloss', lr_decay=True, lr_decay_rate=0.1, lr_decay_step='15', lr_init=0.0001, max_grad_norm=5, minbatch_size=64, mode='train', model='fire_GCN', nan_fill=-1.0, num_layers=1, num_nodes=625, num_workers=12, output_dim=2, patch_height=25, patch_width=25, persistent_workers=True, pin_memory=True, plot=False, positive_weight=0.5, prefetch_factor=2, real_value=True, rnn_units=32, seed=100000, static_features=['dem_mean', 'slope_mean', 'roads_distance', 'waterway_distance', 'population_density'], teacher_forcing=False, weight_decay=0.01, window_len=10)
2023-01-04 23:49: Argument batch_size: 256
2023-01-04 23:49: Argument clc: 'vec'
2023-01-04 23:49: Argument cuda: True
2023-01-04 23:49: Argument dataset: '2020'
2023-01-04 23:49: Argument dataset_root: '/home/joel.chacon/tmp/datasets_grl/'
2023-01-04 23:49: Argument debug: False
2023-01-04 23:49: Argument default_graph: True
2023-01-04 23:49: Argument device: 'cpu'
2023-01-04 23:49: Argument dynamic_features: ['1 km 16 days NDVI', 'LST_Day_1km', 'LST_Night_1km', 'era5_max_d2m', 'era5_max_t2m', 'era5_max_sp', 'era5_max_tp', 'sminx', 'era5_max_wind_speed', 'era5_min_rh']
2023-01-04 23:49: Argument early_stop: True
2023-01-04 23:49: Argument early_stop_patience: 5
2023-01-04 23:49: Argument embed_dim: 32
2023-01-04 23:49: Argument epochs: 30
2023-01-04 23:49: Argument grad_norm: False
2023-01-04 23:49: Argument horizon: 1
2023-01-04 23:49: Argument input_dim: 25
2023-01-04 23:49: Argument lag: 10
2023-01-04 23:49: Argument link_len: 2
2023-01-04 23:49: Argument log_dir: '/home/joel.chacon/tmp/convLSTM/WildFire_GCN/experiments/2020/2023010423495271632390253'
2023-01-04 23:49: Argument log_step: 1
2023-01-04 23:49: Argument loss_func: 'nllloss'
2023-01-04 23:49: Argument lr_decay: True
2023-01-04 23:49: Argument lr_decay_rate: 0.1
2023-01-04 23:49: Argument lr_decay_step: '15'
2023-01-04 23:49: Argument lr_init: 0.0001
2023-01-04 23:49: Argument max_grad_norm: 5
2023-01-04 23:49: Argument minbatch_size: 64
2023-01-04 23:49: Argument mode: 'train'
2023-01-04 23:49: Argument model: 'fire_GCN'
2023-01-04 23:49: Argument nan_fill: -1.0
2023-01-04 23:49: Argument num_layers: 1
2023-01-04 23:49: Argument num_nodes: 625
2023-01-04 23:49: Argument num_workers: 12
2023-01-04 23:49: Argument output_dim: 2
2023-01-04 23:49: Argument patch_height: 25
2023-01-04 23:49: Argument patch_width: 25
2023-01-04 23:49: Argument persistent_workers: True
2023-01-04 23:49: Argument pin_memory: True
2023-01-04 23:49: Argument plot: False
2023-01-04 23:49: Argument positive_weight: 0.5
2023-01-04 23:49: Argument prefetch_factor: 2
2023-01-04 23:49: Argument real_value: True
2023-01-04 23:49: Argument rnn_units: 32
2023-01-04 23:49: Argument seed: 100000
2023-01-04 23:49: Argument static_features: ['dem_mean', 'slope_mean', 'roads_distance', 'waterway_distance', 'population_density']
2023-01-04 23:49: Argument teacher_forcing: False
2023-01-04 23:49: Argument weight_decay: 0.01
2023-01-04 23:49: Argument window_len: 10
2023-01-04 23:49: 60.048770904541016 <-----
2023-01-04 23:49: 45.13690185546875 <-----
2023-01-04 23:50: 40.38298797607422 <-----
2023-01-04 23:50: 43.24221420288086 <-----
2023-01-04 23:50: Train Epoch 1: 3/5 Loss: 0.737542
2023-01-04 23:50: 26.857643127441406 <-----
2023-01-04 23:50: Train Epoch 1: 4/5 Loss: 0.104913
2023-01-04 23:50: **********Train Epoch 1: averaged Loss: 0.421228 
2023-01-04 23:50: 
Epoch time elapsed: 12.158042430877686

2023-01-04 23:50: 
 metrics validation: {'precision': 0.4657534246575342, 'recall': 0.34, 'f1-score': 0.3930635838150289, 'support': 100, 'AUC': 0.64825, 'AUCPR': 0.41828666241567447, 'TP': 34, 'FP': 39, 'TN': 161, 'FN': 66} 

2023-01-04 23:50: **********Val Epoch 1: average Loss: 0.193682
2023-01-04 23:50: *********************************Current best model saved!
2023-01-04 23:50: OrderedDict([('ln1.weight', tensor([0.3703, 0.3663, 0.7465, 0.1630, 0.1499, 0.2991, 0.5193, 0.8009, 0.9952,
        0.3949, 0.3097, 0.9141, 0.7446, 0.3589, 0.1294, 0.9238, 0.7581, 0.7454,
        0.6562, 0.9152, 0.4420, 0.0600, 0.2029, 0.4618, 0.7870])), ('ln1.bias', tensor([0.0033, 0.0258, 0.8693, 0.5992, 0.4585, 0.4173, 0.3188, 0.5453, 0.5025,
        0.1523, 0.6535, 0.1062, 0.0416, 0.2699, 0.0679, 0.1092, 0.4239, 0.2787,
        0.2720, 0.0104, 0.0621, 0.8283, 0.7529, 0.7188, 0.0256])), ('convlstm.cell_list.0.conv.weight', tensor([[[[-0.0185, -0.0239,  0.0528],
          [ 0.0388, -0.0466,  0.0169],
          [ 0.0364, -0.0543, -0.0461]],

         [[ 0.0123,  0.0509,  0.0359],
          [ 0.0500, -0.0520,  0.0147],
          [ 0.0401, -0.0505,  0.0526]],

         [[-0.0289, -0.0107, -0.0273],
          [ 0.0541,  0.0519,  0.0117],
          [-0.0455, -0.0591,  0.0586]],

         ...,

         [[-0.0422,  0.0479,  0.0167],
          [-0.0499, -0.0354, -0.0023],
          [-0.0493,  0.0435, -0.0419]],

         [[ 0.0517, -0.0310,  0.0431],
          [-0.0058, -0.0199, -0.0504],
          [-0.0227, -0.0458, -0.0121]],

         [[ 0.0359,  0.0087,  0.0561],
          [ 0.0578, -0.0532,  0.0100],
          [ 0.0035,  0.0140,  0.0210]]],


        [[[-0.0268,  0.0133,  0.0475],
          [ 0.0059,  0.0345,  0.0144],
          [-0.0106,  0.0124,  0.0072]],

         [[-0.0470,  0.0368, -0.0322],
          [-0.0304, -0.0184, -0.0075],
          [ 0.0074,  0.0453, -0.0187]],

         [[-0.0260, -0.0161, -0.0468],
          [ 0.0429, -0.0400,  0.0160],
          [-0.0473, -0.0207,  0.0491]],

         ...,

         [[ 0.0327, -0.0347,  0.0017],
          [ 0.0209,  0.0356,  0.0011],
          [ 0.0050, -0.0371, -0.0230]],

         [[ 0.0146,  0.0270,  0.0493],
          [-0.0242, -0.0290,  0.0233],
          [-0.0583, -0.0470, -0.0079]],

         [[-0.0152, -0.0098,  0.0052],
          [-0.0192,  0.0238,  0.0061],
          [ 0.0208,  0.0469, -0.0121]]],


        [[[ 0.0219,  0.0365,  0.0359],
          [ 0.0139,  0.0576,  0.0086],
          [ 0.0514, -0.0409,  0.0216]],

         [[-0.0554,  0.0487, -0.0306],
          [ 0.0431,  0.0143,  0.0147],
          [ 0.0315, -0.0380,  0.0262]],

         [[-0.0401, -0.0369, -0.0408],
          [ 0.0331, -0.0228, -0.0282],
          [-0.0438,  0.0402,  0.0482]],

         ...,

         [[-0.0148,  0.0454, -0.0140],
          [ 0.0281, -0.0335,  0.0557],
          [ 0.0403,  0.0201, -0.0199]],

         [[-0.0597, -0.0535,  0.0281],
          [ 0.0083,  0.0396, -0.0460],
          [ 0.0263, -0.0342,  0.0356]],

         [[-0.0577,  0.0417, -0.0320],
          [-0.0148, -0.0056, -0.0009],
          [-0.0015,  0.0410,  0.0202]]],


        ...,


        [[[ 0.0548,  0.0337, -0.0106],
          [ 0.0169, -0.0111,  0.0410],
          [-0.0508,  0.0175,  0.0380]],

         [[ 0.0210,  0.0186,  0.0073],
          [ 0.0088, -0.0379,  0.0118],
          [-0.0499, -0.0373, -0.0079]],

         [[-0.0308, -0.0007,  0.0559],
          [ 0.0237, -0.0583,  0.0055],
          [ 0.0233,  0.0152,  0.0510]],

         ...,

         [[ 0.0009, -0.0582, -0.0474],
          [-0.0351,  0.0190, -0.0105],
          [ 0.0597,  0.0316, -0.0135]],

         [[-0.0175, -0.0413,  0.0042],
          [-0.0190, -0.0376,  0.0578],
          [ 0.0012, -0.0316,  0.0578]],

         [[ 0.0003,  0.0567,  0.0146],
          [ 0.0487,  0.0544,  0.0191],
          [-0.0011, -0.0072, -0.0396]]],


        [[[-0.0310,  0.0522,  0.0596],
          [ 0.0514,  0.0064, -0.0465],
          [ 0.0384, -0.0214, -0.0557]],

         [[-0.0451, -0.0265, -0.0499],
          [ 0.0052, -0.0550, -0.0503],
          [-0.0160,  0.0317, -0.0594]],

         [[-0.0040, -0.0054,  0.0481],
          [-0.0264,  0.0373,  0.0079],
          [ 0.0523,  0.0286,  0.0338]],

         ...,

         [[ 0.0557,  0.0403,  0.0399],
          [ 0.0128,  0.0462,  0.0551],
          [ 0.0056,  0.0387, -0.0100]],

         [[-0.0236, -0.0367, -0.0264],
          [-0.0552,  0.0023, -0.0311],
          [ 0.0434, -0.0185,  0.0359]],

         [[ 0.0467,  0.0422,  0.0571],
          [ 0.0339,  0.0579,  0.0573],
          [ 0.0481,  0.0330, -0.0434]]],


        [[[-0.0099,  0.0496,  0.0158],
          [ 0.0323,  0.0392, -0.0048],
          [ 0.0380,  0.0171, -0.0197]],

         [[ 0.0449, -0.0364, -0.0480],
          [-0.0439, -0.0309,  0.0125],
          [ 0.0560,  0.0383,  0.0489]],

         [[-0.0448, -0.0014, -0.0041],
          [-0.0037, -0.0234,  0.0059],
          [-0.0474, -0.0226, -0.0509]],

         ...,

         [[-0.0299,  0.0200,  0.0193],
          [ 0.0584,  0.0434, -0.0442],
          [ 0.0334, -0.0542,  0.0165]],

         [[ 0.0431, -0.0397, -0.0145],
          [ 0.0103, -0.0215, -0.0064],
          [-0.0023, -0.0071, -0.0556]],

         [[ 0.0391,  0.0288,  0.0373],
          [-0.0038, -0.0243,  0.0195],
          [ 0.0196, -0.0585, -0.0516]]]])), ('convlstm.cell_list.0.conv.bias', tensor([0.5152, 0.9145, 0.8473, 0.3428, 0.9935, 0.3496, 0.1472, 0.6531, 0.3532,
        0.7215, 0.0945, 0.3157, 0.5541, 0.4999, 0.2161, 0.0976, 0.9949, 0.2142,
        0.6035, 0.8071, 0.5792, 0.2916, 0.6771, 0.0156, 0.3775, 0.4745, 0.1415,
        0.6290, 0.9868, 0.9415, 0.4066, 0.8216, 0.5862, 0.5432, 0.3032, 0.4904,
        0.7311, 0.2303, 0.7003, 0.5777, 0.7148, 0.1511, 0.3065, 0.2166, 0.5215,
        0.8084, 0.8091, 0.6521, 0.2128, 0.1070, 0.0596, 0.3622, 0.3472, 0.4385,
        0.7220, 0.7969, 0.4448, 0.4267, 0.6616, 0.4429, 0.2318, 0.2962, 0.0136,
        0.5362, 0.8103, 0.4639, 0.3152, 0.6937, 0.0556, 0.2178, 0.0349, 0.7222,
        0.2183, 0.2212, 0.4948, 0.4787, 0.6481, 0.6570, 0.0360, 0.7905, 0.0163,
        0.7283, 0.9490, 0.6869, 0.3871, 0.8900, 0.7028, 0.0322, 0.4211, 0.6046,
        0.3796, 0.6165, 0.3697, 0.8086, 0.1569, 0.6597, 0.7122, 0.4609, 0.1321,
        0.5550, 0.9484, 0.3832, 0.5009, 0.4247, 0.2070, 0.6609, 0.4479, 0.6118,
        0.0724, 0.9621, 0.4225, 0.8920, 0.5342, 0.2753, 0.2924, 0.1538, 0.5627,
        0.7573, 0.9792, 0.9500, 0.8445, 0.0123, 0.5461, 0.4875, 0.7687, 0.8719,
        0.2967, 0.1531])), ('conv1.weight', tensor([[[[ 2.5687e-02,  4.4031e-02, -6.4092e-02],
          [ 5.6747e-02, -9.2291e-02,  5.0113e-02],
          [-1.8331e-02,  6.6099e-02, -5.8086e-02]],

         [[ 6.5820e-02, -8.8885e-02, -9.6481e-03],
          [ 3.6864e-02, -7.5742e-02, -6.7591e-02],
          [ 7.5076e-02,  2.4960e-02,  9.6970e-02]],

         [[ 1.3644e-02,  1.1643e-02,  6.7153e-02],
          [-8.0905e-02,  6.6168e-02, -2.4879e-02],
          [ 6.9479e-02,  3.3383e-02,  1.2873e-03]],

         ...,

         [[-5.7596e-02,  4.2537e-02, -3.9330e-02],
          [-4.2892e-02, -1.0751e-02,  4.7302e-02],
          [-5.7752e-02,  8.2892e-03, -2.0075e-02]],

         [[ 9.5487e-02, -2.5985e-02,  5.2035e-02],
          [ 2.7959e-02, -8.6298e-02,  4.7497e-02],
          [-6.8689e-02,  6.5598e-02, -2.3609e-02]],

         [[ 2.2290e-02, -4.6909e-02,  7.5560e-02],
          [-3.6190e-02,  9.8315e-03,  7.4811e-02],
          [ 7.4986e-02,  9.5304e-02,  4.3531e-02]]],


        [[[ 8.2129e-02, -6.1862e-02, -1.6969e-02],
          [ 1.7351e-03, -9.5097e-02, -6.7470e-02],
          [-2.7197e-02,  1.0046e-01,  6.9665e-02]],

         [[-6.9346e-03, -3.8219e-03, -1.0156e-01],
          [ 8.0433e-02, -2.1145e-02,  5.2417e-02],
          [ 5.6253e-02, -6.1803e-02,  6.4825e-02]],

         [[-6.8431e-02, -4.2808e-03,  4.3889e-02],
          [-5.3174e-02,  1.4229e-02, -5.7571e-02],
          [ 7.9895e-02, -9.2789e-02, -2.8925e-02]],

         ...,

         [[-3.2981e-02,  3.8573e-02, -5.7727e-03],
          [-5.1829e-02, -9.5454e-02, -1.0591e-02],
          [-4.2638e-02,  4.8788e-02, -4.6689e-02]],

         [[-4.9858e-02, -7.3547e-02,  1.9571e-02],
          [-4.9604e-02, -8.8488e-02, -6.0667e-02],
          [ 5.3045e-02,  5.9124e-02,  1.3894e-02]],

         [[-7.0021e-02, -4.2470e-02, -8.9202e-03],
          [-3.7630e-02, -5.7563e-02,  5.4854e-02],
          [ 5.4182e-02, -4.5598e-05, -3.4728e-02]]],


        [[[-3.2700e-02, -8.8130e-02, -4.0033e-02],
          [ 8.3734e-02,  7.0894e-02, -4.4463e-02],
          [-5.9665e-02, -7.9609e-02,  6.7883e-03]],

         [[ 3.3844e-03, -3.5719e-02,  7.1591e-03],
          [ 2.4292e-02,  4.8638e-03,  7.6638e-02],
          [-8.9045e-02, -1.5053e-02,  9.8786e-02]],

         [[-2.5699e-02, -7.8408e-02, -8.7525e-02],
          [-6.6146e-02, -2.7420e-04, -7.4431e-02],
          [-4.7631e-02,  5.0512e-02,  6.4517e-02]],

         ...,

         [[ 9.1692e-02,  5.5593e-02,  6.9809e-02],
          [ 1.9838e-02, -5.3446e-02,  8.9808e-02],
          [-1.2563e-02, -2.1683e-02, -7.3912e-02]],

         [[-4.2640e-02, -2.4024e-02, -1.0096e-01],
          [-9.7584e-02, -4.5556e-02,  2.0132e-02],
          [-3.0326e-02, -9.5088e-02,  3.0643e-02]],

         [[-4.8649e-02, -2.9997e-02,  7.1659e-02],
          [ 2.3428e-02,  6.7971e-02,  6.8023e-02],
          [-3.6103e-02,  8.6289e-03, -4.4027e-02]]],


        ...,


        [[[ 4.3013e-02,  7.2890e-02,  3.9044e-02],
          [ 3.1615e-02, -8.7786e-02, -5.6142e-03],
          [ 9.0760e-02,  1.3101e-02, -3.0470e-02]],

         [[-6.2829e-02,  4.9402e-02,  1.5257e-02],
          [-1.1766e-02,  5.4146e-02,  5.0691e-02],
          [ 9.0681e-02,  5.9131e-02, -4.2096e-02]],

         [[ 8.7622e-02,  7.0685e-02,  5.5002e-02],
          [-2.4306e-02, -1.5863e-02,  6.9852e-02],
          [ 5.6085e-03,  4.0167e-02,  3.8209e-02]],

         ...,

         [[ 2.7955e-02, -7.8878e-02,  6.6757e-02],
          [ 2.8490e-02,  7.6646e-02,  2.2267e-02],
          [-8.0710e-02, -5.1766e-02,  6.2202e-02]],

         [[ 6.8634e-02,  8.2554e-03, -4.8344e-02],
          [-1.0034e-01,  8.7632e-02, -3.2013e-02],
          [ 1.8864e-02, -9.0431e-02, -9.5450e-03]],

         [[ 2.5961e-02,  8.8615e-03,  3.2494e-03],
          [ 9.9003e-02,  5.3830e-02, -8.7892e-02],
          [ 2.2723e-02,  7.2641e-02,  3.8925e-02]]],


        [[[-5.8615e-02,  5.8016e-02,  5.6005e-02],
          [-6.2021e-02,  9.5716e-02, -2.2633e-02],
          [-9.4305e-02, -1.1371e-02,  6.9795e-02]],

         [[-8.6711e-03,  3.4160e-02, -5.8651e-03],
          [ 1.6299e-02,  1.2908e-02,  4.5804e-02],
          [-3.5391e-02, -2.6445e-02, -4.7907e-02]],

         [[-2.5436e-02, -9.8233e-02,  8.9508e-02],
          [ 5.4445e-02,  1.3091e-02,  2.5357e-02],
          [ 8.5554e-02,  5.2446e-02,  5.6427e-02]],

         ...,

         [[ 1.0148e-01,  4.1068e-02, -4.5275e-02],
          [ 8.2846e-02, -8.1220e-03, -7.0347e-02],
          [ 6.2122e-02, -4.6870e-02,  1.0186e-01]],

         [[ 8.9509e-02,  4.8781e-02, -5.8767e-02],
          [ 3.0313e-02,  4.5876e-02,  5.9781e-02],
          [-5.7362e-02, -2.4069e-02, -9.9450e-02]],

         [[ 3.9894e-02, -2.5192e-02, -1.5673e-02],
          [-2.3172e-02, -1.6301e-02,  7.2503e-02],
          [-7.3688e-03,  4.1354e-02,  5.7568e-03]]],


        [[[-8.2134e-02,  6.5186e-02,  3.9257e-02],
          [ 7.3844e-02,  2.8940e-02, -1.7199e-02],
          [ 9.4966e-02,  5.7227e-02, -2.0266e-02]],

         [[ 6.4790e-03, -5.7320e-02,  2.2658e-02],
          [ 3.8057e-02,  6.0254e-02,  3.8955e-02],
          [ 5.5493e-02,  7.9581e-02, -2.0921e-02]],

         [[ 4.0808e-02,  6.2467e-02, -8.4682e-02],
          [ 4.5454e-02,  5.1962e-03,  7.4803e-02],
          [-3.3073e-02,  5.7583e-02,  6.5474e-02]],

         ...,

         [[-3.1231e-02, -9.5142e-02,  1.7104e-02],
          [-6.1922e-02, -2.1177e-02, -7.1800e-02],
          [ 2.0718e-03,  3.7152e-02, -9.3682e-02]],

         [[-4.1938e-03,  2.9706e-02, -9.8797e-02],
          [-8.8649e-02, -6.7720e-02, -7.9242e-02],
          [-9.6330e-02,  5.3514e-02, -3.0896e-02]],

         [[-3.9631e-02,  2.0100e-02, -5.2165e-02],
          [-8.3055e-02,  6.3787e-02, -6.2049e-02],
          [ 3.5679e-02, -6.6923e-02,  8.8109e-02]]]])), ('conv1.bias', tensor([0.9269, 0.2492, 0.1718, 0.9306, 0.0410, 0.9227, 0.6815, 0.8290, 0.1909,
        0.2712, 0.2585, 0.0079, 0.9132, 0.3496, 0.3743, 0.1977, 0.6936, 0.3812,
        0.1000, 0.3630, 0.1430, 0.4162, 0.3878, 0.0473, 0.3941, 0.6530, 0.9549,
        0.2917, 0.0409, 0.6365, 0.1118, 0.3608])), ('fc1.weight', tensor([[-0.0123,  0.0089, -0.0164,  ..., -0.0178,  0.0054, -0.0328],
        [ 0.0358,  0.0270, -0.0074,  ..., -0.0099,  0.0192, -0.0287],
        [ 0.0150, -0.0291,  0.0073,  ..., -0.0143,  0.0191, -0.0206],
        ...,
        [-0.0013,  0.0008,  0.0312,  ...,  0.0144, -0.0088,  0.0348],
        [ 0.0237,  0.0199,  0.0088,  ...,  0.0016,  0.0196, -0.0095],
        [-0.0202,  0.0314, -0.0099,  ..., -0.0208,  0.0199,  0.0199]])), ('fc1.bias', tensor([0.6525, 0.9454, 0.3653, 0.6750, 0.4199, 0.7158, 0.3071, 0.6559, 0.2210,
        0.1453, 0.5671, 0.3452, 0.2325, 0.5333, 0.5559, 0.1427, 0.2886, 0.1269,
        0.4386, 0.1283, 0.9291, 0.3307, 0.4061, 0.8898, 0.6213, 0.4400, 0.4813,
        0.8242, 0.5679, 0.5493, 0.3615, 0.6291, 0.9539, 0.5724, 0.1085, 0.8060,
        0.5379, 0.3429, 0.6772, 0.0707, 0.1977, 0.2135, 0.6012, 0.0123, 0.1878,
        0.7718, 0.5360, 0.9523, 0.7473, 0.5776, 0.5645, 0.7654, 0.0222, 0.9252,
        0.5279, 0.9834, 0.5113, 0.0961, 0.0837, 0.1121, 0.8520, 0.0607, 0.8584,
        0.5348])), ('fc2.weight', tensor([[ 0.2304,  0.1957, -0.0306,  ..., -0.0214,  0.1995, -0.0987],
        [-0.1853, -0.1593, -0.2470,  ...,  0.1160,  0.0379,  0.0055],
        [ 0.1937,  0.1310,  0.1711,  ...,  0.1490,  0.2355, -0.1638],
        ...,
        [-0.0822,  0.0195, -0.2256,  ..., -0.1941,  0.2495,  0.1110],
        [ 0.1055,  0.0668,  0.1145,  ..., -0.0350,  0.1290, -0.1016],
        [ 0.1073,  0.1502,  0.0723,  ..., -0.1475,  0.1904, -0.0169]])), ('fc2.bias', tensor([0.9581, 0.6367, 0.2172, 0.8429, 0.5043, 0.6521, 0.4234, 0.3967, 0.0559,
        0.3400, 0.3539, 0.4234, 0.5125, 0.8715, 0.1014, 0.4459, 0.0433, 0.7005,
        0.5931, 0.1413, 0.8256, 0.4063, 0.2299, 0.9279, 0.9351, 0.8621, 0.1511,
        0.3259, 0.3976, 0.6767, 0.2078, 0.3732])), ('fc3.weight', tensor([[-0.3940,  0.3853,  0.2264, -0.2050,  0.3645, -0.0173,  0.0142, -0.2919,
          0.2701, -0.3587,  0.4188,  0.1447, -0.1455, -0.2420,  0.0224, -0.1264,
          0.1479,  0.2066, -0.3138, -0.0594,  0.0499, -0.3326,  0.4082,  0.0529,
          0.1040,  0.3414,  0.2545,  0.1102, -0.0730, -0.0100,  0.1878,  0.1996],
        [-0.0505, -0.1764, -0.0218, -0.3299, -0.1927,  0.3790, -0.3164, -0.0274,
         -0.2427, -0.1410,  0.2081,  0.2620, -0.3395,  0.4030,  0.1185,  0.2590,
          0.0146,  0.1400,  0.0240,  0.3176,  0.3659, -0.3612, -0.2442,  0.0839,
          0.0312,  0.1323, -0.2492,  0.0972,  0.3491, -0.2691,  0.3238, -0.1995]])), ('fc3.bias', tensor([0.0244, 0.8157]))])
2023-01-04 23:50: OrderedDict([('ln1.weight', tensor([0.3703, 0.3663, 0.7465, 0.1630, 0.1499, 0.2991, 0.5193, 0.8009, 0.9952,
        0.3949, 0.3097, 0.9141, 0.7446, 0.3589, 0.1294, 0.9238, 0.7581, 0.7454,
        0.6562, 0.9152, 0.4420, 0.0600, 0.2029, 0.4618, 0.7870])), ('ln1.bias', tensor([0.0033, 0.0258, 0.8693, 0.5992, 0.4585, 0.4173, 0.3188, 0.5453, 0.5025,
        0.1523, 0.6535, 0.1062, 0.0416, 0.2699, 0.0679, 0.1092, 0.4239, 0.2787,
        0.2720, 0.0104, 0.0621, 0.8283, 0.7529, 0.7188, 0.0256])), ('convlstm.cell_list.0.conv.weight', tensor([[[[-0.0185, -0.0239,  0.0528],
          [ 0.0388, -0.0466,  0.0169],
          [ 0.0364, -0.0543, -0.0461]],

         [[ 0.0123,  0.0509,  0.0359],
          [ 0.0500, -0.0520,  0.0147],
          [ 0.0401, -0.0505,  0.0526]],

         [[-0.0289, -0.0107, -0.0273],
          [ 0.0541,  0.0519,  0.0117],
          [-0.0455, -0.0591,  0.0586]],

         ...,

         [[-0.0422,  0.0479,  0.0167],
          [-0.0499, -0.0354, -0.0023],
          [-0.0493,  0.0435, -0.0419]],

         [[ 0.0517, -0.0310,  0.0431],
          [-0.0058, -0.0199, -0.0504],
          [-0.0227, -0.0458, -0.0121]],

         [[ 0.0359,  0.0087,  0.0561],
          [ 0.0578, -0.0532,  0.0100],
          [ 0.0035,  0.0140,  0.0210]]],


        [[[-0.0268,  0.0133,  0.0475],
          [ 0.0059,  0.0345,  0.0144],
          [-0.0106,  0.0124,  0.0072]],

         [[-0.0470,  0.0368, -0.0322],
          [-0.0304, -0.0184, -0.0075],
          [ 0.0074,  0.0453, -0.0187]],

         [[-0.0260, -0.0161, -0.0468],
          [ 0.0429, -0.0400,  0.0160],
          [-0.0473, -0.0207,  0.0491]],

         ...,

         [[ 0.0327, -0.0347,  0.0017],
          [ 0.0209,  0.0356,  0.0011],
          [ 0.0050, -0.0371, -0.0230]],

         [[ 0.0146,  0.0270,  0.0493],
          [-0.0242, -0.0290,  0.0233],
          [-0.0583, -0.0470, -0.0079]],

         [[-0.0152, -0.0098,  0.0052],
          [-0.0192,  0.0238,  0.0061],
          [ 0.0208,  0.0469, -0.0121]]],


        [[[ 0.0219,  0.0365,  0.0359],
          [ 0.0139,  0.0576,  0.0086],
          [ 0.0514, -0.0409,  0.0216]],

         [[-0.0554,  0.0487, -0.0306],
          [ 0.0431,  0.0143,  0.0147],
          [ 0.0315, -0.0380,  0.0262]],

         [[-0.0401, -0.0369, -0.0408],
          [ 0.0331, -0.0228, -0.0282],
          [-0.0438,  0.0402,  0.0482]],

         ...,

         [[-0.0148,  0.0454, -0.0140],
          [ 0.0281, -0.0335,  0.0557],
          [ 0.0403,  0.0201, -0.0199]],

         [[-0.0597, -0.0535,  0.0281],
          [ 0.0083,  0.0396, -0.0460],
          [ 0.0263, -0.0342,  0.0356]],

         [[-0.0577,  0.0417, -0.0320],
          [-0.0148, -0.0056, -0.0009],
          [-0.0015,  0.0410,  0.0202]]],


        ...,


        [[[ 0.0548,  0.0337, -0.0106],
          [ 0.0169, -0.0111,  0.0410],
          [-0.0508,  0.0175,  0.0380]],

         [[ 0.0210,  0.0186,  0.0073],
          [ 0.0088, -0.0379,  0.0118],
          [-0.0499, -0.0373, -0.0079]],

         [[-0.0308, -0.0007,  0.0559],
          [ 0.0237, -0.0583,  0.0055],
          [ 0.0233,  0.0152,  0.0510]],

         ...,

         [[ 0.0009, -0.0582, -0.0474],
          [-0.0351,  0.0190, -0.0105],
          [ 0.0597,  0.0316, -0.0135]],

         [[-0.0175, -0.0413,  0.0042],
          [-0.0190, -0.0376,  0.0578],
          [ 0.0012, -0.0316,  0.0578]],

         [[ 0.0003,  0.0567,  0.0146],
          [ 0.0487,  0.0544,  0.0191],
          [-0.0011, -0.0072, -0.0396]]],


        [[[-0.0310,  0.0522,  0.0596],
          [ 0.0514,  0.0064, -0.0465],
          [ 0.0384, -0.0214, -0.0557]],

         [[-0.0451, -0.0265, -0.0499],
          [ 0.0052, -0.0550, -0.0503],
          [-0.0160,  0.0317, -0.0594]],

         [[-0.0040, -0.0054,  0.0481],
          [-0.0264,  0.0373,  0.0079],
          [ 0.0523,  0.0286,  0.0338]],

         ...,

         [[ 0.0557,  0.0403,  0.0399],
          [ 0.0128,  0.0462,  0.0551],
          [ 0.0056,  0.0387, -0.0100]],

         [[-0.0236, -0.0367, -0.0264],
          [-0.0552,  0.0023, -0.0311],
          [ 0.0434, -0.0185,  0.0359]],

         [[ 0.0467,  0.0422,  0.0571],
          [ 0.0339,  0.0579,  0.0573],
          [ 0.0481,  0.0330, -0.0434]]],


        [[[-0.0099,  0.0496,  0.0158],
          [ 0.0323,  0.0392, -0.0048],
          [ 0.0380,  0.0171, -0.0197]],

         [[ 0.0449, -0.0364, -0.0480],
          [-0.0439, -0.0309,  0.0125],
          [ 0.0560,  0.0383,  0.0489]],

         [[-0.0448, -0.0014, -0.0041],
          [-0.0037, -0.0234,  0.0059],
          [-0.0474, -0.0226, -0.0509]],

         ...,

         [[-0.0299,  0.0200,  0.0193],
          [ 0.0584,  0.0434, -0.0442],
          [ 0.0334, -0.0542,  0.0165]],

         [[ 0.0431, -0.0397, -0.0145],
          [ 0.0103, -0.0215, -0.0064],
          [-0.0023, -0.0071, -0.0556]],

         [[ 0.0391,  0.0288,  0.0373],
          [-0.0038, -0.0243,  0.0195],
          [ 0.0196, -0.0585, -0.0516]]]])), ('convlstm.cell_list.0.conv.bias', tensor([0.5152, 0.9145, 0.8473, 0.3428, 0.9935, 0.3496, 0.1472, 0.6531, 0.3532,
        0.7215, 0.0945, 0.3157, 0.5541, 0.4999, 0.2161, 0.0976, 0.9949, 0.2142,
        0.6035, 0.8071, 0.5792, 0.2916, 0.6771, 0.0156, 0.3775, 0.4745, 0.1415,
        0.6290, 0.9868, 0.9415, 0.4066, 0.8216, 0.5862, 0.5432, 0.3032, 0.4904,
        0.7311, 0.2303, 0.7003, 0.5777, 0.7148, 0.1511, 0.3065, 0.2166, 0.5215,
        0.8084, 0.8091, 0.6521, 0.2128, 0.1070, 0.0596, 0.3622, 0.3472, 0.4385,
        0.7220, 0.7969, 0.4448, 0.4267, 0.6616, 0.4429, 0.2318, 0.2962, 0.0136,
        0.5362, 0.8103, 0.4639, 0.3152, 0.6937, 0.0556, 0.2178, 0.0349, 0.7222,
        0.2183, 0.2212, 0.4948, 0.4787, 0.6481, 0.6570, 0.0360, 0.7905, 0.0163,
        0.7283, 0.9490, 0.6869, 0.3871, 0.8900, 0.7028, 0.0322, 0.4211, 0.6046,
        0.3796, 0.6165, 0.3697, 0.8086, 0.1569, 0.6597, 0.7122, 0.4609, 0.1321,
        0.5550, 0.9484, 0.3832, 0.5009, 0.4247, 0.2070, 0.6609, 0.4479, 0.6118,
        0.0724, 0.9621, 0.4225, 0.8920, 0.5342, 0.2753, 0.2924, 0.1538, 0.5627,
        0.7573, 0.9792, 0.9500, 0.8445, 0.0123, 0.5461, 0.4875, 0.7687, 0.8719,
        0.2967, 0.1531])), ('conv1.weight', tensor([[[[ 2.5687e-02,  4.4031e-02, -6.4092e-02],
          [ 5.6747e-02, -9.2291e-02,  5.0113e-02],
          [-1.8331e-02,  6.6099e-02, -5.8086e-02]],

         [[ 6.5820e-02, -8.8885e-02, -9.6481e-03],
          [ 3.6864e-02, -7.5742e-02, -6.7591e-02],
          [ 7.5076e-02,  2.4960e-02,  9.6970e-02]],

         [[ 1.3644e-02,  1.1643e-02,  6.7153e-02],
          [-8.0905e-02,  6.6168e-02, -2.4879e-02],
          [ 6.9479e-02,  3.3383e-02,  1.2873e-03]],

         ...,

         [[-5.7596e-02,  4.2537e-02, -3.9330e-02],
          [-4.2892e-02, -1.0751e-02,  4.7302e-02],
          [-5.7752e-02,  8.2892e-03, -2.0075e-02]],

         [[ 9.5487e-02, -2.5985e-02,  5.2035e-02],
          [ 2.7959e-02, -8.6298e-02,  4.7497e-02],
          [-6.8689e-02,  6.5598e-02, -2.3609e-02]],

         [[ 2.2290e-02, -4.6909e-02,  7.5560e-02],
          [-3.6190e-02,  9.8315e-03,  7.4811e-02],
          [ 7.4986e-02,  9.5304e-02,  4.3531e-02]]],


        [[[ 8.2129e-02, -6.1862e-02, -1.6969e-02],
          [ 1.7351e-03, -9.5097e-02, -6.7470e-02],
          [-2.7197e-02,  1.0046e-01,  6.9665e-02]],

         [[-6.9346e-03, -3.8219e-03, -1.0156e-01],
          [ 8.0433e-02, -2.1145e-02,  5.2417e-02],
          [ 5.6253e-02, -6.1803e-02,  6.4825e-02]],

         [[-6.8431e-02, -4.2808e-03,  4.3889e-02],
          [-5.3174e-02,  1.4229e-02, -5.7571e-02],
          [ 7.9895e-02, -9.2789e-02, -2.8925e-02]],

         ...,

         [[-3.2981e-02,  3.8573e-02, -5.7727e-03],
          [-5.1829e-02, -9.5454e-02, -1.0591e-02],
          [-4.2638e-02,  4.8788e-02, -4.6689e-02]],

         [[-4.9858e-02, -7.3547e-02,  1.9571e-02],
          [-4.9604e-02, -8.8488e-02, -6.0667e-02],
          [ 5.3045e-02,  5.9124e-02,  1.3894e-02]],

         [[-7.0021e-02, -4.2470e-02, -8.9202e-03],
          [-3.7630e-02, -5.7563e-02,  5.4854e-02],
          [ 5.4182e-02, -4.5598e-05, -3.4728e-02]]],


        [[[-3.2700e-02, -8.8130e-02, -4.0033e-02],
          [ 8.3734e-02,  7.0894e-02, -4.4463e-02],
          [-5.9665e-02, -7.9609e-02,  6.7883e-03]],

         [[ 3.3844e-03, -3.5719e-02,  7.1591e-03],
          [ 2.4292e-02,  4.8638e-03,  7.6638e-02],
          [-8.9045e-02, -1.5053e-02,  9.8786e-02]],

         [[-2.5699e-02, -7.8408e-02, -8.7525e-02],
          [-6.6146e-02, -2.7420e-04, -7.4431e-02],
          [-4.7631e-02,  5.0512e-02,  6.4517e-02]],

         ...,

         [[ 9.1692e-02,  5.5593e-02,  6.9809e-02],
          [ 1.9838e-02, -5.3446e-02,  8.9808e-02],
          [-1.2563e-02, -2.1683e-02, -7.3912e-02]],

         [[-4.2640e-02, -2.4024e-02, -1.0096e-01],
          [-9.7584e-02, -4.5556e-02,  2.0132e-02],
          [-3.0326e-02, -9.5088e-02,  3.0643e-02]],

         [[-4.8649e-02, -2.9997e-02,  7.1659e-02],
          [ 2.3428e-02,  6.7971e-02,  6.8023e-02],
          [-3.6103e-02,  8.6289e-03, -4.4027e-02]]],


        ...,


        [[[ 4.3013e-02,  7.2890e-02,  3.9044e-02],
          [ 3.1615e-02, -8.7786e-02, -5.6142e-03],
          [ 9.0760e-02,  1.3101e-02, -3.0470e-02]],

         [[-6.2829e-02,  4.9402e-02,  1.5257e-02],
          [-1.1766e-02,  5.4146e-02,  5.0691e-02],
          [ 9.0681e-02,  5.9131e-02, -4.2096e-02]],

         [[ 8.7622e-02,  7.0685e-02,  5.5002e-02],
          [-2.4306e-02, -1.5863e-02,  6.9852e-02],
          [ 5.6085e-03,  4.0167e-02,  3.8209e-02]],

         ...,

         [[ 2.7955e-02, -7.8878e-02,  6.6757e-02],
          [ 2.8490e-02,  7.6646e-02,  2.2267e-02],
          [-8.0710e-02, -5.1766e-02,  6.2202e-02]],

         [[ 6.8634e-02,  8.2554e-03, -4.8344e-02],
          [-1.0034e-01,  8.7632e-02, -3.2013e-02],
          [ 1.8864e-02, -9.0431e-02, -9.5450e-03]],

         [[ 2.5961e-02,  8.8615e-03,  3.2494e-03],
          [ 9.9003e-02,  5.3830e-02, -8.7892e-02],
          [ 2.2723e-02,  7.2641e-02,  3.8925e-02]]],


        [[[-5.8615e-02,  5.8016e-02,  5.6005e-02],
          [-6.2021e-02,  9.5716e-02, -2.2633e-02],
          [-9.4305e-02, -1.1371e-02,  6.9795e-02]],

         [[-8.6711e-03,  3.4160e-02, -5.8651e-03],
          [ 1.6299e-02,  1.2908e-02,  4.5804e-02],
          [-3.5391e-02, -2.6445e-02, -4.7907e-02]],

         [[-2.5436e-02, -9.8233e-02,  8.9508e-02],
          [ 5.4445e-02,  1.3091e-02,  2.5357e-02],
          [ 8.5554e-02,  5.2446e-02,  5.6427e-02]],

         ...,

         [[ 1.0148e-01,  4.1068e-02, -4.5275e-02],
          [ 8.2846e-02, -8.1220e-03, -7.0347e-02],
          [ 6.2122e-02, -4.6870e-02,  1.0186e-01]],

         [[ 8.9509e-02,  4.8781e-02, -5.8767e-02],
          [ 3.0313e-02,  4.5876e-02,  5.9781e-02],
          [-5.7362e-02, -2.4069e-02, -9.9450e-02]],

         [[ 3.9894e-02, -2.5192e-02, -1.5673e-02],
          [-2.3172e-02, -1.6301e-02,  7.2503e-02],
          [-7.3688e-03,  4.1354e-02,  5.7568e-03]]],


        [[[-8.2134e-02,  6.5186e-02,  3.9257e-02],
          [ 7.3844e-02,  2.8940e-02, -1.7199e-02],
          [ 9.4966e-02,  5.7227e-02, -2.0266e-02]],

         [[ 6.4790e-03, -5.7320e-02,  2.2658e-02],
          [ 3.8057e-02,  6.0254e-02,  3.8955e-02],
          [ 5.5493e-02,  7.9581e-02, -2.0921e-02]],

         [[ 4.0808e-02,  6.2467e-02, -8.4682e-02],
          [ 4.5454e-02,  5.1962e-03,  7.4803e-02],
          [-3.3073e-02,  5.7583e-02,  6.5474e-02]],

         ...,

         [[-3.1231e-02, -9.5142e-02,  1.7104e-02],
          [-6.1922e-02, -2.1177e-02, -7.1800e-02],
          [ 2.0718e-03,  3.7152e-02, -9.3682e-02]],

         [[-4.1938e-03,  2.9706e-02, -9.8797e-02],
          [-8.8649e-02, -6.7720e-02, -7.9242e-02],
          [-9.6330e-02,  5.3514e-02, -3.0896e-02]],

         [[-3.9631e-02,  2.0100e-02, -5.2165e-02],
          [-8.3055e-02,  6.3787e-02, -6.2049e-02],
          [ 3.5679e-02, -6.6923e-02,  8.8109e-02]]]])), ('conv1.bias', tensor([0.9269, 0.2492, 0.1718, 0.9306, 0.0410, 0.9227, 0.6815, 0.8290, 0.1909,
        0.2712, 0.2585, 0.0079, 0.9132, 0.3496, 0.3743, 0.1977, 0.6936, 0.3812,
        0.1000, 0.3630, 0.1430, 0.4162, 0.3878, 0.0473, 0.3941, 0.6530, 0.9549,
        0.2917, 0.0409, 0.6365, 0.1118, 0.3608])), ('fc1.weight', tensor([[-0.0123,  0.0089, -0.0164,  ..., -0.0178,  0.0054, -0.0328],
        [ 0.0358,  0.0270, -0.0074,  ..., -0.0099,  0.0192, -0.0287],
        [ 0.0150, -0.0291,  0.0073,  ..., -0.0143,  0.0191, -0.0206],
        ...,
        [-0.0013,  0.0008,  0.0312,  ...,  0.0144, -0.0088,  0.0348],
        [ 0.0237,  0.0199,  0.0088,  ...,  0.0016,  0.0196, -0.0095],
        [-0.0202,  0.0314, -0.0099,  ..., -0.0208,  0.0199,  0.0199]])), ('fc1.bias', tensor([0.6525, 0.9454, 0.3653, 0.6750, 0.4199, 0.7158, 0.3071, 0.6559, 0.2210,
        0.1453, 0.5671, 0.3452, 0.2325, 0.5333, 0.5559, 0.1427, 0.2886, 0.1269,
        0.4386, 0.1283, 0.9291, 0.3307, 0.4061, 0.8898, 0.6213, 0.4400, 0.4813,
        0.8242, 0.5679, 0.5493, 0.3615, 0.6291, 0.9539, 0.5724, 0.1085, 0.8060,
        0.5379, 0.3429, 0.6772, 0.0707, 0.1977, 0.2135, 0.6012, 0.0123, 0.1878,
        0.7718, 0.5360, 0.9523, 0.7473, 0.5776, 0.5645, 0.7654, 0.0222, 0.9252,
        0.5279, 0.9834, 0.5113, 0.0961, 0.0837, 0.1121, 0.8520, 0.0607, 0.8584,
        0.5348])), ('fc2.weight', tensor([[ 0.2304,  0.1957, -0.0306,  ..., -0.0214,  0.1995, -0.0987],
        [-0.1853, -0.1593, -0.2470,  ...,  0.1160,  0.0379,  0.0055],
        [ 0.1937,  0.1310,  0.1711,  ...,  0.1490,  0.2355, -0.1638],
        ...,
        [-0.0822,  0.0195, -0.2256,  ..., -0.1941,  0.2495,  0.1110],
        [ 0.1055,  0.0668,  0.1145,  ..., -0.0350,  0.1290, -0.1016],
        [ 0.1073,  0.1502,  0.0723,  ..., -0.1475,  0.1904, -0.0169]])), ('fc2.bias', tensor([0.9581, 0.6367, 0.2172, 0.8429, 0.5043, 0.6521, 0.4234, 0.3967, 0.0559,
        0.3400, 0.3539, 0.4234, 0.5125, 0.8715, 0.1014, 0.4459, 0.0433, 0.7005,
        0.5931, 0.1413, 0.8256, 0.4063, 0.2299, 0.9279, 0.9351, 0.8621, 0.1511,
        0.3259, 0.3976, 0.6767, 0.2078, 0.3732])), ('fc3.weight', tensor([[-0.3940,  0.3853,  0.2264, -0.2050,  0.3645, -0.0173,  0.0142, -0.2919,
          0.2701, -0.3587,  0.4188,  0.1447, -0.1455, -0.2420,  0.0224, -0.1264,
          0.1479,  0.2066, -0.3138, -0.0594,  0.0499, -0.3326,  0.4082,  0.0529,
          0.1040,  0.3414,  0.2545,  0.1102, -0.0730, -0.0100,  0.1878,  0.1996],
        [-0.0505, -0.1764, -0.0218, -0.3299, -0.1927,  0.3790, -0.3164, -0.0274,
         -0.2427, -0.1410,  0.2081,  0.2620, -0.3395,  0.4030,  0.1185,  0.2590,
          0.0146,  0.1400,  0.0240,  0.3176,  0.3659, -0.3612, -0.2442,  0.0839,
          0.0312,  0.1323, -0.2492,  0.0972,  0.3491, -0.2691,  0.3238, -0.1995]])), ('fc3.bias', tensor([0.0244, 0.8157]))])
2023-01-04 23:50: 
 Testing metrics {'precision': 0.5714285714285714, 'recall': 0.52, 'f1-score': 0.5445026178010471, 'support': 100, 'AUC': 0.7493500000000002, 'AUCPR': 0.5673348764628338, 'TP': 52, 'FP': 39, 'TN': 161, 'FN': 48} 

2023-01-04 23:50: 
 Testing metrics {'precision': 0.6470588235294118, 'recall': 0.66, 'f1-score': 0.6534653465346535, 'support': 100, 'AUC': 0.8373499999999999, 'AUCPR': 0.6129850049492263, 'TP': 66, 'FP': 36, 'TN': 164, 'FN': 34} 

2023-01-04 23:50: 31.00037384033203 <-----
2023-01-04 23:50: 30.982572555541992 <-----
2023-01-04 23:50: 32.54071807861328 <-----
2023-01-04 23:50: 34.824668884277344 <-----
2023-01-04 23:50: Train Epoch 2: 3/5 Loss: 0.505267
2023-01-04 23:50: 25.0847225189209 <-----
2023-01-04 23:50: Train Epoch 2: 4/5 Loss: 0.097987
2023-01-04 23:50: **********Train Epoch 2: averaged Loss: 0.301627 
2023-01-04 23:50: 
Epoch time elapsed: 10.572531938552856

2023-01-04 23:50: 
 metrics validation: {'precision': 0.0, 'recall': 0.0, 'f1-score': 0.0, 'support': 100, 'AUC': 0.6759000000000001, 'AUCPR': 0.4363387640015447, 'TP': 0, 'FP': 6, 'TN': 194, 'FN': 100} 

2023-01-04 23:50: **********Val Epoch 2: average Loss: 0.184637
2023-01-04 23:50: *********************************Current best model saved!
2023-01-04 23:50: OrderedDict([('ln1.weight', tensor([0.3703, 0.3663, 0.7465, 0.1630, 0.1499, 0.2991, 0.5193, 0.8009, 0.9952,
        0.3949, 0.3097, 0.9141, 0.7446, 0.3589, 0.1294, 0.9238, 0.7581, 0.7454,
        0.6562, 0.9152, 0.4420, 0.0600, 0.2029, 0.4618, 0.7870])), ('ln1.bias', tensor([0.0033, 0.0258, 0.8693, 0.5992, 0.4585, 0.4173, 0.3188, 0.5453, 0.5025,
        0.1523, 0.6535, 0.1062, 0.0416, 0.2699, 0.0679, 0.1092, 0.4239, 0.2787,
        0.2720, 0.0104, 0.0621, 0.8283, 0.7529, 0.7188, 0.0256])), ('convlstm.cell_list.0.conv.weight', tensor([[[[-0.0187, -0.0240,  0.0526],
          [ 0.0386, -0.0467,  0.0168],
          [ 0.0362, -0.0544, -0.0462]],

         [[ 0.0121,  0.0508,  0.0357],
          [ 0.0498, -0.0521,  0.0145],
          [ 0.0399, -0.0506,  0.0524]],

         [[-0.0290, -0.0108, -0.0274],
          [ 0.0539,  0.0517,  0.0116],
          [-0.0457, -0.0593,  0.0584]],

         ...,

         [[-0.0423,  0.0477,  0.0166],
          [-0.0500, -0.0355, -0.0024],
          [-0.0494,  0.0433, -0.0420]],

         [[ 0.0515, -0.0308,  0.0429],
          [-0.0059, -0.0199, -0.0502],
          [-0.0226, -0.0456, -0.0119]],

         [[ 0.0360,  0.0088,  0.0561],
          [ 0.0578, -0.0531,  0.0102],
          [ 0.0037,  0.0142,  0.0211]]],


        [[[-0.0266,  0.0134,  0.0475],
          [ 0.0060,  0.0345,  0.0145],
          [-0.0104,  0.0125,  0.0074]],

         [[-0.0468,  0.0366, -0.0320],
          [-0.0302, -0.0183, -0.0074],
          [ 0.0073,  0.0451, -0.0185]],

         [[-0.0258, -0.0160, -0.0466],
          [ 0.0427, -0.0398,  0.0159],
          [-0.0472, -0.0205,  0.0489]],

         ...,

         [[ 0.0327, -0.0346,  0.0018],
          [ 0.0209,  0.0356,  0.0012],
          [ 0.0051, -0.0370, -0.0228]],

         [[ 0.0144,  0.0268,  0.0491],
          [-0.0240, -0.0288,  0.0231],
          [-0.0581, -0.0468, -0.0078]],

         [[-0.0151, -0.0098,  0.0051],
          [-0.0191,  0.0237,  0.0059],
          [ 0.0206,  0.0467, -0.0121]]],


        [[[ 0.0217,  0.0363,  0.0357],
          [ 0.0137,  0.0574,  0.0084],
          [ 0.0512, -0.0409,  0.0215]],

         [[-0.0552,  0.0485, -0.0306],
          [ 0.0430,  0.0142,  0.0146],
          [ 0.0313, -0.0379,  0.0260]],

         [[-0.0400, -0.0367, -0.0407],
          [ 0.0330, -0.0227, -0.0281],
          [-0.0437,  0.0401,  0.0481]],

         ...,

         [[-0.0150,  0.0453, -0.0142],
          [ 0.0280, -0.0336,  0.0555],
          [ 0.0401,  0.0200, -0.0201]],

         [[-0.0595, -0.0533,  0.0279],
          [ 0.0081,  0.0394, -0.0458],
          [ 0.0261, -0.0340,  0.0354]],

         [[-0.0575,  0.0415, -0.0318],
          [-0.0146, -0.0054, -0.0007],
          [-0.0013,  0.0409,  0.0202]]],


        ...,


        [[[ 0.0548,  0.0337, -0.0105],
          [ 0.0170, -0.0110,  0.0411],
          [-0.0507,  0.0176,  0.0381]],

         [[ 0.0211,  0.0187,  0.0075],
          [ 0.0089, -0.0378,  0.0120],
          [-0.0498, -0.0371, -0.0078]],

         [[-0.0307, -0.0005,  0.0557],
          [ 0.0238, -0.0581,  0.0057],
          [ 0.0234,  0.0153,  0.0509]],

         ...,

         [[ 0.0010, -0.0581, -0.0473],
          [-0.0350,  0.0191, -0.0104],
          [ 0.0597,  0.0317, -0.0134]],

         [[-0.0173, -0.0411,  0.0042],
          [-0.0188, -0.0374,  0.0576],
          [ 0.0014, -0.0314,  0.0576]],

         [[ 0.0002,  0.0565,  0.0145],
          [ 0.0486,  0.0543,  0.0190],
          [-0.0012, -0.0073, -0.0396]]],


        [[[-0.0309,  0.0524,  0.0597],
          [ 0.0516,  0.0065, -0.0464],
          [ 0.0386, -0.0213, -0.0556]],

         [[-0.0450, -0.0264, -0.0498],
          [ 0.0053, -0.0549, -0.0502],
          [-0.0159,  0.0318, -0.0593]],

         [[-0.0039, -0.0053,  0.0482],
          [-0.0263,  0.0374,  0.0080],
          [ 0.0524,  0.0287,  0.0339]],

         ...,

         [[ 0.0558,  0.0404,  0.0400],
          [ 0.0129,  0.0463,  0.0552],
          [ 0.0058,  0.0388, -0.0099]],

         [[-0.0234, -0.0365, -0.0263],
          [-0.0550,  0.0024, -0.0309],
          [ 0.0434, -0.0183,  0.0359]],

         [[ 0.0466,  0.0420,  0.0570],
          [ 0.0338,  0.0578,  0.0572],
          [ 0.0479,  0.0328, -0.0435]]],


        [[[-0.0098,  0.0497,  0.0159],
          [ 0.0324,  0.0393, -0.0047],
          [ 0.0382,  0.0172, -0.0196]],

         [[ 0.0448, -0.0365, -0.0481],
          [-0.0440, -0.0310,  0.0123],
          [ 0.0559,  0.0382,  0.0488]],

         [[-0.0450, -0.0015, -0.0043],
          [-0.0038, -0.0236,  0.0057],
          [-0.0475, -0.0227, -0.0511]],

         ...,

         [[-0.0298,  0.0201,  0.0194],
          [ 0.0584,  0.0435, -0.0441],
          [ 0.0335, -0.0541,  0.0166]],

         [[ 0.0433, -0.0395, -0.0143],
          [ 0.0105, -0.0214, -0.0063],
          [-0.0022, -0.0069, -0.0554]],

         [[ 0.0390,  0.0287,  0.0372],
          [-0.0039, -0.0243,  0.0195],
          [ 0.0195, -0.0585, -0.0516]]]])), ('convlstm.cell_list.0.conv.bias', tensor([0.5150, 0.9143, 0.8471, 0.3426, 0.9933, 0.3494, 0.1472, 0.6529, 0.3530,
        0.7213, 0.0944, 0.3155, 0.5539, 0.4997, 0.2160, 0.0976, 0.9947, 0.2140,
        0.6033, 0.8069, 0.5790, 0.2914, 0.6769, 0.0158, 0.3773, 0.4743, 0.1414,
        0.6288, 0.9866, 0.9413, 0.4064, 0.8214, 0.5860, 0.5430, 0.3030, 0.4902,
        0.7309, 0.2301, 0.7002, 0.5775, 0.7146, 0.1512, 0.3063, 0.2166, 0.5213,
        0.8082, 0.8089, 0.6519, 0.2127, 0.1068, 0.0595, 0.3620, 0.3470, 0.4383,
        0.7218, 0.7967, 0.4446, 0.4265, 0.6614, 0.4427, 0.2316, 0.2961, 0.0137,
        0.5361, 0.8101, 0.4637, 0.3150, 0.6935, 0.0555, 0.2177, 0.0350, 0.7220,
        0.2181, 0.2213, 0.4946, 0.4785, 0.6479, 0.6568, 0.0359, 0.7903, 0.0164,
        0.7281, 0.9488, 0.6867, 0.3869, 0.8898, 0.7026, 0.0324, 0.4209, 0.6044,
        0.3794, 0.6164, 0.3695, 0.8084, 0.1567, 0.6595, 0.7120, 0.4609, 0.1319,
        0.5548, 0.9482, 0.3832, 0.5008, 0.4249, 0.2071, 0.6608, 0.4480, 0.6117,
        0.0725, 0.9619, 0.4226, 0.8918, 0.5340, 0.2752, 0.2925, 0.1537, 0.5625,
        0.7571, 0.9790, 0.9498, 0.8443, 0.0122, 0.5462, 0.4874, 0.7685, 0.8717,
        0.2968, 0.1532])), ('conv1.weight', tensor([[[[ 0.0255,  0.0439, -0.0642],
          [ 0.0566, -0.0924,  0.0500],
          [-0.0185,  0.0659, -0.0582]],

         [[ 0.0657, -0.0890, -0.0098],
          [ 0.0367, -0.0759, -0.0678],
          [ 0.0749,  0.0248,  0.0968]],

         [[ 0.0135,  0.0115,  0.0670],
          [-0.0811,  0.0660, -0.0250],
          [ 0.0693,  0.0332,  0.0011]],

         ...,

         [[-0.0578,  0.0424, -0.0395],
          [-0.0431, -0.0109,  0.0471],
          [-0.0579,  0.0081, -0.0202]],

         [[ 0.0953, -0.0259,  0.0521],
          [ 0.0279, -0.0861,  0.0475],
          [-0.0685,  0.0654, -0.0235]],

         [[ 0.0224, -0.0467,  0.0757],
          [-0.0360,  0.0100,  0.0750],
          [ 0.0751,  0.0955,  0.0437]]],


        [[[ 0.0822, -0.0618, -0.0170],
          [ 0.0019, -0.0949, -0.0673],
          [-0.0270,  0.1004,  0.0697]],

         [[-0.0068, -0.0038, -0.1015],
          [ 0.0805, -0.0211,  0.0523],
          [ 0.0564, -0.0616,  0.0648]],

         [[-0.0682, -0.0044,  0.0438],
          [-0.0530,  0.0141, -0.0574],
          [ 0.0797, -0.0926, -0.0287]],

         ...,

         [[-0.0329,  0.0386, -0.0058],
          [-0.0517, -0.0953, -0.0105],
          [-0.0425,  0.0488, -0.0466]],

         [[-0.0498, -0.0734,  0.0194],
          [-0.0495, -0.0883, -0.0605],
          [ 0.0529,  0.0590,  0.0138]],

         [[-0.0700, -0.0424, -0.0089],
          [-0.0377, -0.0575,  0.0547],
          [ 0.0540, -0.0002, -0.0348]]],


        [[[-0.0325, -0.0879, -0.0398],
          [ 0.0839,  0.0711, -0.0443],
          [-0.0595, -0.0794,  0.0070]],

         [[ 0.0036, -0.0355,  0.0073],
          [ 0.0245,  0.0050,  0.0768],
          [-0.0889, -0.0149,  0.0990]],

         [[-0.0255, -0.0782, -0.0873],
          [-0.0660, -0.0001, -0.0742],
          [-0.0475,  0.0506,  0.0646]],

         ...,

         [[ 0.0919,  0.0558,  0.0700],
          [ 0.0200, -0.0533,  0.0900],
          [-0.0124, -0.0215, -0.0737]],

         [[-0.0426, -0.0241, -0.1008],
          [-0.0974, -0.0455,  0.0200],
          [-0.0305, -0.0949,  0.0305]],

         [[-0.0488, -0.0302,  0.0715],
          [ 0.0232,  0.0678,  0.0678],
          [-0.0363,  0.0084, -0.0442]]],


        ...,


        [[[ 0.0429,  0.0727,  0.0389],
          [ 0.0315, -0.0879, -0.0058],
          [ 0.0906,  0.0129, -0.0306]],

         [[-0.0630,  0.0492,  0.0151],
          [-0.0119,  0.0540,  0.0505],
          [ 0.0905,  0.0590, -0.0423]],

         [[ 0.0875,  0.0705,  0.0548],
          [-0.0244, -0.0160,  0.0697],
          [ 0.0055,  0.0400,  0.0381]],

         ...,

         [[ 0.0278, -0.0790,  0.0666],
          [ 0.0283,  0.0765,  0.0221],
          [-0.0809, -0.0519,  0.0620]],

         [[ 0.0685,  0.0083, -0.0482],
          [-0.1001,  0.0875, -0.0319],
          [ 0.0188, -0.0903, -0.0096]],

         [[ 0.0261,  0.0090,  0.0034],
          [ 0.0992,  0.0540, -0.0877],
          [ 0.0229,  0.0728,  0.0391]]],


        [[[-0.0587,  0.0579,  0.0559],
          [-0.0621,  0.0956, -0.0228],
          [-0.0944, -0.0115,  0.0697]],

         [[-0.0088,  0.0340, -0.0060],
          [ 0.0162,  0.0128,  0.0457],
          [-0.0355, -0.0266, -0.0480]],

         [[-0.0256, -0.0984,  0.0894],
          [ 0.0543,  0.0130,  0.0252],
          [ 0.0854,  0.0523,  0.0563]],

         ...,

         [[ 0.1013,  0.0409, -0.0454],
          [ 0.0827, -0.0083, -0.0705],
          [ 0.0620, -0.0470,  0.1017]],

         [[ 0.0896,  0.0489, -0.0586],
          [ 0.0305,  0.0460,  0.0599],
          [-0.0572, -0.0239, -0.0993]],

         [[ 0.0400, -0.0250, -0.0155],
          [-0.0230, -0.0162,  0.0726],
          [-0.0072,  0.0415,  0.0059]]],


        [[[-0.0822,  0.0650,  0.0391],
          [ 0.0737,  0.0288, -0.0174],
          [ 0.0948,  0.0571, -0.0204]],

         [[ 0.0064, -0.0575,  0.0225],
          [ 0.0379,  0.0601,  0.0388],
          [ 0.0553,  0.0794, -0.0211]],

         [[ 0.0406,  0.0623, -0.0848],
          [ 0.0453,  0.0050,  0.0746],
          [-0.0332,  0.0574,  0.0653]],

         ...,

         [[-0.0313, -0.0953,  0.0170],
          [-0.0621, -0.0213, -0.0719],
          [ 0.0019,  0.0370, -0.0938]],

         [[-0.0042,  0.0296, -0.0986],
          [-0.0885, -0.0676, -0.0791],
          [-0.0963,  0.0535, -0.0308]],

         [[-0.0396,  0.0202, -0.0521],
          [-0.0829,  0.0638, -0.0619],
          [ 0.0358, -0.0668,  0.0882]]]])), ('conv1.bias', tensor([0.9268, 0.2490, 0.1720, 0.9305, 0.0410, 0.9226, 0.6814, 0.8288, 0.1910,
        0.2712, 0.2585, 0.0077, 0.9131, 0.3495, 0.3742, 0.1978, 0.6935, 0.3813,
        0.0999, 0.3630, 0.1430, 0.4163, 0.3879, 0.0472, 0.3941, 0.6530, 0.9548,
        0.2918, 0.0408, 0.6363, 0.1117, 0.3607])), ('fc1.weight', tensor([[-0.0122,  0.0090, -0.0163,  ..., -0.0177,  0.0055, -0.0327],
        [ 0.0357,  0.0269, -0.0075,  ..., -0.0100,  0.0191, -0.0288],
        [ 0.0149, -0.0291,  0.0072,  ..., -0.0142,  0.0189, -0.0205],
        ...,
        [-0.0013,  0.0008,  0.0312,  ...,  0.0143, -0.0088,  0.0347],
        [ 0.0235,  0.0197,  0.0086,  ...,  0.0014,  0.0195, -0.0097],
        [-0.0204,  0.0313, -0.0101,  ..., -0.0210,  0.0198,  0.0197]])), ('fc1.bias', tensor([0.6524, 0.9452, 0.3651, 0.6748, 0.4200, 0.7157, 0.3069, 0.6558, 0.2208,
        0.1454, 0.5670, 0.3451, 0.2324, 0.5331, 0.5557, 0.1425, 0.2885, 0.1267,
        0.4385, 0.1283, 0.9290, 0.3305, 0.4059, 0.8896, 0.6211, 0.4398, 0.4812,
        0.8241, 0.5677, 0.5492, 0.3613, 0.6289, 0.9537, 0.5723, 0.1084, 0.8059,
        0.5379, 0.3428, 0.6770, 0.0706, 0.1975, 0.2133, 0.6011, 0.0122, 0.1877,
        0.7716, 0.5358, 0.9522, 0.7471, 0.5775, 0.5643, 0.7652, 0.0220, 0.9250,
        0.5278, 0.9833, 0.5112, 0.0960, 0.0836, 0.1119, 0.8518, 0.0607, 0.8582,
        0.5346])), ('fc2.weight', tensor([[ 0.2302,  0.1955, -0.0304,  ..., -0.0215,  0.1994, -0.0989],
        [-0.1852, -0.1594, -0.2468,  ...,  0.1160,  0.0379,  0.0055],
        [ 0.1936,  0.1309,  0.1709,  ...,  0.1489,  0.2355, -0.1637],
        ...,
        [-0.0822,  0.0195, -0.2254,  ..., -0.1939,  0.2494,  0.1110],
        [ 0.1053,  0.0667,  0.1143,  ..., -0.0348,  0.1289, -0.1015],
        [ 0.1072,  0.1501,  0.0721,  ..., -0.1474,  0.1903, -0.0168]])), ('fc2.bias', tensor([0.9579, 0.6366, 0.2172, 0.8428, 0.5042, 0.6520, 0.4234, 0.3965, 0.0559,
        0.3398, 0.3538, 0.4232, 0.5124, 0.8714, 0.1013, 0.4457, 0.0432, 0.7003,
        0.5929, 0.1412, 0.8254, 0.4061, 0.2298, 0.9277, 0.9349, 0.8620, 0.1512,
        0.3257, 0.3974, 0.6765, 0.2077, 0.3731])), ('fc3.weight', tensor([[-0.3938,  0.3852,  0.2264, -0.2049,  0.3644, -0.0172,  0.0143, -0.2917,
          0.2700, -0.3586,  0.4188,  0.1448, -0.1455, -0.2418,  0.0225, -0.1262,
          0.1477,  0.2068, -0.3137, -0.0593,  0.0500, -0.3326,  0.4081,  0.0529,
          0.1040,  0.3415,  0.2545,  0.1103, -0.0729, -0.0101,  0.1878,  0.1995],
        [-0.0507, -0.1763, -0.0217, -0.3299, -0.1926,  0.3788, -0.3165, -0.0276,
         -0.2426, -0.1411,  0.2082,  0.2619, -0.3396,  0.4028,  0.1184,  0.2588,
          0.0148,  0.1398,  0.0239,  0.3175,  0.3657, -0.3611, -0.2440,  0.0840,
          0.0311,  0.1323, -0.2492,  0.0971,  0.3489, -0.2690,  0.3236, -0.1993]])), ('fc3.bias', tensor([0.0245, 0.8156]))])
2023-01-04 23:50: OrderedDict([('ln1.weight', tensor([0.3703, 0.3663, 0.7465, 0.1630, 0.1499, 0.2991, 0.5193, 0.8009, 0.9952,
        0.3949, 0.3097, 0.9141, 0.7446, 0.3589, 0.1294, 0.9238, 0.7581, 0.7454,
        0.6562, 0.9152, 0.4420, 0.0600, 0.2029, 0.4618, 0.7870])), ('ln1.bias', tensor([0.0033, 0.0258, 0.8693, 0.5992, 0.4585, 0.4173, 0.3188, 0.5453, 0.5025,
        0.1523, 0.6535, 0.1062, 0.0416, 0.2699, 0.0679, 0.1092, 0.4239, 0.2787,
        0.2720, 0.0104, 0.0621, 0.8283, 0.7529, 0.7188, 0.0256])), ('convlstm.cell_list.0.conv.weight', tensor([[[[-0.0187, -0.0240,  0.0526],
          [ 0.0386, -0.0467,  0.0168],
          [ 0.0362, -0.0544, -0.0462]],

         [[ 0.0121,  0.0508,  0.0357],
          [ 0.0498, -0.0521,  0.0145],
          [ 0.0399, -0.0506,  0.0524]],

         [[-0.0290, -0.0108, -0.0274],
          [ 0.0539,  0.0517,  0.0116],
          [-0.0457, -0.0593,  0.0584]],

         ...,

         [[-0.0423,  0.0477,  0.0166],
          [-0.0500, -0.0355, -0.0024],
          [-0.0494,  0.0433, -0.0420]],

         [[ 0.0515, -0.0308,  0.0429],
          [-0.0059, -0.0199, -0.0502],
          [-0.0226, -0.0456, -0.0119]],

         [[ 0.0360,  0.0088,  0.0561],
          [ 0.0578, -0.0531,  0.0102],
          [ 0.0037,  0.0142,  0.0211]]],


        [[[-0.0266,  0.0134,  0.0475],
          [ 0.0060,  0.0345,  0.0145],
          [-0.0104,  0.0125,  0.0074]],

         [[-0.0468,  0.0366, -0.0320],
          [-0.0302, -0.0183, -0.0074],
          [ 0.0073,  0.0451, -0.0185]],

         [[-0.0258, -0.0160, -0.0466],
          [ 0.0427, -0.0398,  0.0159],
          [-0.0472, -0.0205,  0.0489]],

         ...,

         [[ 0.0327, -0.0346,  0.0018],
          [ 0.0209,  0.0356,  0.0012],
          [ 0.0051, -0.0370, -0.0228]],

         [[ 0.0144,  0.0268,  0.0491],
          [-0.0240, -0.0288,  0.0231],
          [-0.0581, -0.0468, -0.0078]],

         [[-0.0151, -0.0098,  0.0051],
          [-0.0191,  0.0237,  0.0059],
          [ 0.0206,  0.0467, -0.0121]]],


        [[[ 0.0217,  0.0363,  0.0357],
          [ 0.0137,  0.0574,  0.0084],
          [ 0.0512, -0.0409,  0.0215]],

         [[-0.0552,  0.0485, -0.0306],
          [ 0.0430,  0.0142,  0.0146],
          [ 0.0313, -0.0379,  0.0260]],

         [[-0.0400, -0.0367, -0.0407],
          [ 0.0330, -0.0227, -0.0281],
          [-0.0437,  0.0401,  0.0481]],

         ...,

         [[-0.0150,  0.0453, -0.0142],
          [ 0.0280, -0.0336,  0.0555],
          [ 0.0401,  0.0200, -0.0201]],

         [[-0.0595, -0.0533,  0.0279],
          [ 0.0081,  0.0394, -0.0458],
          [ 0.0261, -0.0340,  0.0354]],

         [[-0.0575,  0.0415, -0.0318],
          [-0.0146, -0.0054, -0.0007],
          [-0.0013,  0.0409,  0.0202]]],


        ...,


        [[[ 0.0548,  0.0337, -0.0105],
          [ 0.0170, -0.0110,  0.0411],
          [-0.0507,  0.0176,  0.0381]],

         [[ 0.0211,  0.0187,  0.0075],
          [ 0.0089, -0.0378,  0.0120],
          [-0.0498, -0.0371, -0.0078]],

         [[-0.0307, -0.0005,  0.0557],
          [ 0.0238, -0.0581,  0.0057],
          [ 0.0234,  0.0153,  0.0509]],

         ...,

         [[ 0.0010, -0.0581, -0.0473],
          [-0.0350,  0.0191, -0.0104],
          [ 0.0597,  0.0317, -0.0134]],

         [[-0.0173, -0.0411,  0.0042],
          [-0.0188, -0.0374,  0.0576],
          [ 0.0014, -0.0314,  0.0576]],

         [[ 0.0002,  0.0565,  0.0145],
          [ 0.0486,  0.0543,  0.0190],
          [-0.0012, -0.0073, -0.0396]]],


        [[[-0.0309,  0.0524,  0.0597],
          [ 0.0516,  0.0065, -0.0464],
          [ 0.0386, -0.0213, -0.0556]],

         [[-0.0450, -0.0264, -0.0498],
          [ 0.0053, -0.0549, -0.0502],
          [-0.0159,  0.0318, -0.0593]],

         [[-0.0039, -0.0053,  0.0482],
          [-0.0263,  0.0374,  0.0080],
          [ 0.0524,  0.0287,  0.0339]],

         ...,

         [[ 0.0558,  0.0404,  0.0400],
          [ 0.0129,  0.0463,  0.0552],
          [ 0.0058,  0.0388, -0.0099]],

         [[-0.0234, -0.0365, -0.0263],
          [-0.0550,  0.0024, -0.0309],
          [ 0.0434, -0.0183,  0.0359]],

         [[ 0.0466,  0.0420,  0.0570],
          [ 0.0338,  0.0578,  0.0572],
          [ 0.0479,  0.0328, -0.0435]]],


        [[[-0.0098,  0.0497,  0.0159],
          [ 0.0324,  0.0393, -0.0047],
          [ 0.0382,  0.0172, -0.0196]],

         [[ 0.0448, -0.0365, -0.0481],
          [-0.0440, -0.0310,  0.0123],
          [ 0.0559,  0.0382,  0.0488]],

         [[-0.0450, -0.0015, -0.0043],
          [-0.0038, -0.0236,  0.0057],
          [-0.0475, -0.0227, -0.0511]],

         ...,

         [[-0.0298,  0.0201,  0.0194],
          [ 0.0584,  0.0435, -0.0441],
          [ 0.0335, -0.0541,  0.0166]],

         [[ 0.0433, -0.0395, -0.0143],
          [ 0.0105, -0.0214, -0.0063],
          [-0.0022, -0.0069, -0.0554]],

         [[ 0.0390,  0.0287,  0.0372],
          [-0.0039, -0.0243,  0.0195],
          [ 0.0195, -0.0585, -0.0516]]]])), ('convlstm.cell_list.0.conv.bias', tensor([0.5150, 0.9143, 0.8471, 0.3426, 0.9933, 0.3494, 0.1472, 0.6529, 0.3530,
        0.7213, 0.0944, 0.3155, 0.5539, 0.4997, 0.2160, 0.0976, 0.9947, 0.2140,
        0.6033, 0.8069, 0.5790, 0.2914, 0.6769, 0.0158, 0.3773, 0.4743, 0.1414,
        0.6288, 0.9866, 0.9413, 0.4064, 0.8214, 0.5860, 0.5430, 0.3030, 0.4902,
        0.7309, 0.2301, 0.7002, 0.5775, 0.7146, 0.1512, 0.3063, 0.2166, 0.5213,
        0.8082, 0.8089, 0.6519, 0.2127, 0.1068, 0.0595, 0.3620, 0.3470, 0.4383,
        0.7218, 0.7967, 0.4446, 0.4265, 0.6614, 0.4427, 0.2316, 0.2961, 0.0137,
        0.5361, 0.8101, 0.4637, 0.3150, 0.6935, 0.0555, 0.2177, 0.0350, 0.7220,
        0.2181, 0.2213, 0.4946, 0.4785, 0.6479, 0.6568, 0.0359, 0.7903, 0.0164,
        0.7281, 0.9488, 0.6867, 0.3869, 0.8898, 0.7026, 0.0324, 0.4209, 0.6044,
        0.3794, 0.6164, 0.3695, 0.8084, 0.1567, 0.6595, 0.7120, 0.4609, 0.1319,
        0.5548, 0.9482, 0.3832, 0.5008, 0.4249, 0.2071, 0.6608, 0.4480, 0.6117,
        0.0725, 0.9619, 0.4226, 0.8918, 0.5340, 0.2752, 0.2925, 0.1537, 0.5625,
        0.7571, 0.9790, 0.9498, 0.8443, 0.0122, 0.5462, 0.4874, 0.7685, 0.8717,
        0.2968, 0.1532])), ('conv1.weight', tensor([[[[ 0.0255,  0.0439, -0.0642],
          [ 0.0566, -0.0924,  0.0500],
          [-0.0185,  0.0659, -0.0582]],

         [[ 0.0657, -0.0890, -0.0098],
          [ 0.0367, -0.0759, -0.0678],
          [ 0.0749,  0.0248,  0.0968]],

         [[ 0.0135,  0.0115,  0.0670],
          [-0.0811,  0.0660, -0.0250],
          [ 0.0693,  0.0332,  0.0011]],

         ...,

         [[-0.0578,  0.0424, -0.0395],
          [-0.0431, -0.0109,  0.0471],
          [-0.0579,  0.0081, -0.0202]],

         [[ 0.0953, -0.0259,  0.0521],
          [ 0.0279, -0.0861,  0.0475],
          [-0.0685,  0.0654, -0.0235]],

         [[ 0.0224, -0.0467,  0.0757],
          [-0.0360,  0.0100,  0.0750],
          [ 0.0751,  0.0955,  0.0437]]],


        [[[ 0.0822, -0.0618, -0.0170],
          [ 0.0019, -0.0949, -0.0673],
          [-0.0270,  0.1004,  0.0697]],

         [[-0.0068, -0.0038, -0.1015],
          [ 0.0805, -0.0211,  0.0523],
          [ 0.0564, -0.0616,  0.0648]],

         [[-0.0682, -0.0044,  0.0438],
          [-0.0530,  0.0141, -0.0574],
          [ 0.0797, -0.0926, -0.0287]],

         ...,

         [[-0.0329,  0.0386, -0.0058],
          [-0.0517, -0.0953, -0.0105],
          [-0.0425,  0.0488, -0.0466]],

         [[-0.0498, -0.0734,  0.0194],
          [-0.0495, -0.0883, -0.0605],
          [ 0.0529,  0.0590,  0.0138]],

         [[-0.0700, -0.0424, -0.0089],
          [-0.0377, -0.0575,  0.0547],
          [ 0.0540, -0.0002, -0.0348]]],


        [[[-0.0325, -0.0879, -0.0398],
          [ 0.0839,  0.0711, -0.0443],
          [-0.0595, -0.0794,  0.0070]],

         [[ 0.0036, -0.0355,  0.0073],
          [ 0.0245,  0.0050,  0.0768],
          [-0.0889, -0.0149,  0.0990]],

         [[-0.0255, -0.0782, -0.0873],
          [-0.0660, -0.0001, -0.0742],
          [-0.0475,  0.0506,  0.0646]],

         ...,

         [[ 0.0919,  0.0558,  0.0700],
          [ 0.0200, -0.0533,  0.0900],
          [-0.0124, -0.0215, -0.0737]],

         [[-0.0426, -0.0241, -0.1008],
          [-0.0974, -0.0455,  0.0200],
          [-0.0305, -0.0949,  0.0305]],

         [[-0.0488, -0.0302,  0.0715],
          [ 0.0232,  0.0678,  0.0678],
          [-0.0363,  0.0084, -0.0442]]],


        ...,


        [[[ 0.0429,  0.0727,  0.0389],
          [ 0.0315, -0.0879, -0.0058],
          [ 0.0906,  0.0129, -0.0306]],

         [[-0.0630,  0.0492,  0.0151],
          [-0.0119,  0.0540,  0.0505],
          [ 0.0905,  0.0590, -0.0423]],

         [[ 0.0875,  0.0705,  0.0548],
          [-0.0244, -0.0160,  0.0697],
          [ 0.0055,  0.0400,  0.0381]],

         ...,

         [[ 0.0278, -0.0790,  0.0666],
          [ 0.0283,  0.0765,  0.0221],
          [-0.0809, -0.0519,  0.0620]],

         [[ 0.0685,  0.0083, -0.0482],
          [-0.1001,  0.0875, -0.0319],
          [ 0.0188, -0.0903, -0.0096]],

         [[ 0.0261,  0.0090,  0.0034],
          [ 0.0992,  0.0540, -0.0877],
          [ 0.0229,  0.0728,  0.0391]]],


        [[[-0.0587,  0.0579,  0.0559],
          [-0.0621,  0.0956, -0.0228],
          [-0.0944, -0.0115,  0.0697]],

         [[-0.0088,  0.0340, -0.0060],
          [ 0.0162,  0.0128,  0.0457],
          [-0.0355, -0.0266, -0.0480]],

         [[-0.0256, -0.0984,  0.0894],
          [ 0.0543,  0.0130,  0.0252],
          [ 0.0854,  0.0523,  0.0563]],

         ...,

         [[ 0.1013,  0.0409, -0.0454],
          [ 0.0827, -0.0083, -0.0705],
          [ 0.0620, -0.0470,  0.1017]],

         [[ 0.0896,  0.0489, -0.0586],
          [ 0.0305,  0.0460,  0.0599],
          [-0.0572, -0.0239, -0.0993]],

         [[ 0.0400, -0.0250, -0.0155],
          [-0.0230, -0.0162,  0.0726],
          [-0.0072,  0.0415,  0.0059]]],


        [[[-0.0822,  0.0650,  0.0391],
          [ 0.0737,  0.0288, -0.0174],
          [ 0.0948,  0.0571, -0.0204]],

         [[ 0.0064, -0.0575,  0.0225],
          [ 0.0379,  0.0601,  0.0388],
          [ 0.0553,  0.0794, -0.0211]],

         [[ 0.0406,  0.0623, -0.0848],
          [ 0.0453,  0.0050,  0.0746],
          [-0.0332,  0.0574,  0.0653]],

         ...,

         [[-0.0313, -0.0953,  0.0170],
          [-0.0621, -0.0213, -0.0719],
          [ 0.0019,  0.0370, -0.0938]],

         [[-0.0042,  0.0296, -0.0986],
          [-0.0885, -0.0676, -0.0791],
          [-0.0963,  0.0535, -0.0308]],

         [[-0.0396,  0.0202, -0.0521],
          [-0.0829,  0.0638, -0.0619],
          [ 0.0358, -0.0668,  0.0882]]]])), ('conv1.bias', tensor([0.9268, 0.2490, 0.1720, 0.9305, 0.0410, 0.9226, 0.6814, 0.8288, 0.1910,
        0.2712, 0.2585, 0.0077, 0.9131, 0.3495, 0.3742, 0.1978, 0.6935, 0.3813,
        0.0999, 0.3630, 0.1430, 0.4163, 0.3879, 0.0472, 0.3941, 0.6530, 0.9548,
        0.2918, 0.0408, 0.6363, 0.1117, 0.3607])), ('fc1.weight', tensor([[-0.0122,  0.0090, -0.0163,  ..., -0.0177,  0.0055, -0.0327],
        [ 0.0357,  0.0269, -0.0075,  ..., -0.0100,  0.0191, -0.0288],
        [ 0.0149, -0.0291,  0.0072,  ..., -0.0142,  0.0189, -0.0205],
        ...,
        [-0.0013,  0.0008,  0.0312,  ...,  0.0143, -0.0088,  0.0347],
        [ 0.0235,  0.0197,  0.0086,  ...,  0.0014,  0.0195, -0.0097],
        [-0.0204,  0.0313, -0.0101,  ..., -0.0210,  0.0198,  0.0197]])), ('fc1.bias', tensor([0.6524, 0.9452, 0.3651, 0.6748, 0.4200, 0.7157, 0.3069, 0.6558, 0.2208,
        0.1454, 0.5670, 0.3451, 0.2324, 0.5331, 0.5557, 0.1425, 0.2885, 0.1267,
        0.4385, 0.1283, 0.9290, 0.3305, 0.4059, 0.8896, 0.6211, 0.4398, 0.4812,
        0.8241, 0.5677, 0.5492, 0.3613, 0.6289, 0.9537, 0.5723, 0.1084, 0.8059,
        0.5379, 0.3428, 0.6770, 0.0706, 0.1975, 0.2133, 0.6011, 0.0122, 0.1877,
        0.7716, 0.5358, 0.9522, 0.7471, 0.5775, 0.5643, 0.7652, 0.0220, 0.9250,
        0.5278, 0.9833, 0.5112, 0.0960, 0.0836, 0.1119, 0.8518, 0.0607, 0.8582,
        0.5346])), ('fc2.weight', tensor([[ 0.2302,  0.1955, -0.0304,  ..., -0.0215,  0.1994, -0.0989],
        [-0.1852, -0.1594, -0.2468,  ...,  0.1160,  0.0379,  0.0055],
        [ 0.1936,  0.1309,  0.1709,  ...,  0.1489,  0.2355, -0.1637],
        ...,
        [-0.0822,  0.0195, -0.2254,  ..., -0.1939,  0.2494,  0.1110],
        [ 0.1053,  0.0667,  0.1143,  ..., -0.0348,  0.1289, -0.1015],
        [ 0.1072,  0.1501,  0.0721,  ..., -0.1474,  0.1903, -0.0168]])), ('fc2.bias', tensor([0.9579, 0.6366, 0.2172, 0.8428, 0.5042, 0.6520, 0.4234, 0.3965, 0.0559,
        0.3398, 0.3538, 0.4232, 0.5124, 0.8714, 0.1013, 0.4457, 0.0432, 0.7003,
        0.5929, 0.1412, 0.8254, 0.4061, 0.2298, 0.9277, 0.9349, 0.8620, 0.1512,
        0.3257, 0.3974, 0.6765, 0.2077, 0.3731])), ('fc3.weight', tensor([[-0.3938,  0.3852,  0.2264, -0.2049,  0.3644, -0.0172,  0.0143, -0.2917,
          0.2700, -0.3586,  0.4188,  0.1448, -0.1455, -0.2418,  0.0225, -0.1262,
          0.1477,  0.2068, -0.3137, -0.0593,  0.0500, -0.3326,  0.4081,  0.0529,
          0.1040,  0.3415,  0.2545,  0.1103, -0.0729, -0.0101,  0.1878,  0.1995],
        [-0.0507, -0.1763, -0.0217, -0.3299, -0.1926,  0.3788, -0.3165, -0.0276,
         -0.2426, -0.1411,  0.2082,  0.2619, -0.3396,  0.4028,  0.1184,  0.2588,
          0.0148,  0.1398,  0.0239,  0.3175,  0.3657, -0.3611, -0.2440,  0.0840,
          0.0311,  0.1323, -0.2492,  0.0971,  0.3489, -0.2690,  0.3236, -0.1993]])), ('fc3.bias', tensor([0.0245, 0.8156]))])
2023-01-04 23:50: 
 Testing metrics {'precision': 0.5555555555555556, 'recall': 0.05, 'f1-score': 0.09174311926605504, 'support': 100, 'AUC': 0.7868999999999998, 'AUCPR': 0.6068027258277215, 'TP': 5, 'FP': 4, 'TN': 196, 'FN': 95} 

2023-01-04 23:50: 
 Testing metrics {'precision': 1.0, 'recall': 0.01, 'f1-score': 0.019801980198019802, 'support': 100, 'AUC': 0.90175, 'AUCPR': 0.7738292349246405, 'TP': 1, 'FP': 0, 'TN': 200, 'FN': 99} 

2023-01-04 23:51: 34.13603973388672 <-----
2023-01-04 23:51: 30.435142517089844 <-----
2023-01-04 23:51: 35.241947174072266 <-----
2023-01-04 23:51: 32.45170593261719 <-----
2023-01-04 23:51: Train Epoch 3: 3/5 Loss: 0.516660
2023-01-04 23:51: 22.1328067779541 <-----
2023-01-04 23:51: Train Epoch 3: 4/5 Loss: 0.086456
2023-01-04 23:51: **********Train Epoch 3: averaged Loss: 0.301558 
2023-01-04 23:51: 
Epoch time elapsed: 9.158072471618652

2023-01-04 23:51: 
 metrics validation: {'precision': 0.0, 'recall': 0.0, 'f1-score': 0.0, 'support': 100, 'AUC': 0.7048000000000001, 'AUCPR': 0.44963280653233606, 'TP': 0, 'FP': 0, 'TN': 200, 'FN': 100} 

2023-01-04 23:51: **********Val Epoch 3: average Loss: 0.181018
2023-01-04 23:51: *********************************Current best model saved!
2023-01-04 23:51: OrderedDict([('ln1.weight', tensor([0.3703, 0.3663, 0.7465, 0.1630, 0.1499, 0.2991, 0.5193, 0.8009, 0.9952,
        0.3949, 0.3097, 0.9141, 0.7446, 0.3589, 0.1294, 0.9238, 0.7581, 0.7454,
        0.6562, 0.9152, 0.4420, 0.0600, 0.2029, 0.4618, 0.7870])), ('ln1.bias', tensor([0.0033, 0.0258, 0.8693, 0.5992, 0.4585, 0.4173, 0.3188, 0.5453, 0.5025,
        0.1523, 0.6535, 0.1062, 0.0416, 0.2699, 0.0679, 0.1092, 0.4239, 0.2787,
        0.2720, 0.0104, 0.0621, 0.8283, 0.7529, 0.7188, 0.0256])), ('convlstm.cell_list.0.conv.weight', tensor([[[[-0.0188, -0.0241,  0.0524],
          [ 0.0385, -0.0468,  0.0166],
          [ 0.0361, -0.0544, -0.0463]],

         [[ 0.0120,  0.0506,  0.0356],
          [ 0.0496, -0.0522,  0.0144],
          [ 0.0398, -0.0507,  0.0523]],

         [[-0.0291, -0.0109, -0.0275],
          [ 0.0538,  0.0515,  0.0114],
          [-0.0457, -0.0593,  0.0582]],

         ...,

         [[-0.0424,  0.0476,  0.0164],
          [-0.0501, -0.0356, -0.0025],
          [-0.0495,  0.0432, -0.0421]],

         [[ 0.0513, -0.0306,  0.0427],
          [-0.0059, -0.0197, -0.0500],
          [-0.0224, -0.0454, -0.0117]],

         [[ 0.0361,  0.0089,  0.0561],
          [ 0.0578, -0.0529,  0.0103],
          [ 0.0038,  0.0143,  0.0212]]],


        [[[-0.0265,  0.0135,  0.0474],
          [ 0.0061,  0.0345,  0.0146],
          [-0.0103,  0.0127,  0.0075]],

         [[-0.0467,  0.0364, -0.0318],
          [-0.0301, -0.0182, -0.0072],
          [ 0.0072,  0.0449, -0.0184]],

         [[-0.0256, -0.0158, -0.0464],
          [ 0.0425, -0.0396,  0.0158],
          [-0.0470, -0.0204,  0.0488]],

         ...,

         [[ 0.0326, -0.0344,  0.0019],
          [ 0.0210,  0.0356,  0.0014],
          [ 0.0052, -0.0368, -0.0226]],

         [[ 0.0142,  0.0266,  0.0489],
          [-0.0238, -0.0286,  0.0229],
          [-0.0579, -0.0466, -0.0076]],

         [[-0.0150, -0.0098,  0.0049],
          [-0.0191,  0.0235,  0.0058],
          [ 0.0204,  0.0465, -0.0122]]],


        [[[ 0.0216,  0.0361,  0.0355],
          [ 0.0136,  0.0572,  0.0083],
          [ 0.0510, -0.0410,  0.0213]],

         [[-0.0551,  0.0484, -0.0306],
          [ 0.0428,  0.0141,  0.0145],
          [ 0.0312, -0.0379,  0.0258]],

         [[-0.0398, -0.0366, -0.0405],
          [ 0.0330, -0.0226, -0.0280],
          [-0.0435,  0.0399,  0.0480]],

         ...,

         [[-0.0150,  0.0451, -0.0143],
          [ 0.0278, -0.0336,  0.0553],
          [ 0.0399,  0.0198, -0.0201]],

         [[-0.0593, -0.0531,  0.0277],
          [ 0.0079,  0.0392, -0.0456],
          [ 0.0259, -0.0338,  0.0352]],

         [[-0.0573,  0.0413, -0.0316],
          [-0.0144, -0.0052, -0.0006],
          [-0.0012,  0.0408,  0.0202]]],


        ...,


        [[[ 0.0548,  0.0338, -0.0105],
          [ 0.0170, -0.0109,  0.0411],
          [-0.0505,  0.0177,  0.0381]],

         [[ 0.0212,  0.0188,  0.0076],
          [ 0.0091, -0.0376,  0.0121],
          [-0.0496, -0.0369, -0.0076]],

         [[-0.0305, -0.0003,  0.0557],
          [ 0.0239, -0.0580,  0.0058],
          [ 0.0235,  0.0155,  0.0510]],

         ...,

         [[ 0.0011, -0.0580, -0.0472],
          [-0.0349,  0.0192, -0.0103],
          [ 0.0597,  0.0318, -0.0133]],

         [[-0.0172, -0.0409,  0.0042],
          [-0.0186, -0.0372,  0.0574],
          [ 0.0014, -0.0313,  0.0574]],

         [[ 0.0001,  0.0564,  0.0144],
          [ 0.0484,  0.0541,  0.0188],
          [-0.0013, -0.0073, -0.0396]]],


        [[[-0.0308,  0.0524,  0.0598],
          [ 0.0517,  0.0066, -0.0463],
          [ 0.0387, -0.0211, -0.0554]],

         [[-0.0448, -0.0263, -0.0497],
          [ 0.0055, -0.0548, -0.0501],
          [-0.0158,  0.0319, -0.0592]],

         [[-0.0037, -0.0052,  0.0483],
          [-0.0262,  0.0375,  0.0082],
          [ 0.0525,  0.0288,  0.0340]],

         ...,

         [[ 0.0559,  0.0406,  0.0401],
          [ 0.0130,  0.0464,  0.0553],
          [ 0.0059,  0.0389, -0.0098]],

         [[-0.0233, -0.0364, -0.0262],
          [-0.0549,  0.0025, -0.0308],
          [ 0.0433, -0.0182,  0.0358]],

         [[ 0.0465,  0.0419,  0.0568],
          [ 0.0337,  0.0576,  0.0570],
          [ 0.0478,  0.0327, -0.0437]]],


        [[[-0.0096,  0.0498,  0.0161],
          [ 0.0325,  0.0394, -0.0045],
          [ 0.0383,  0.0174, -0.0195]],

         [[ 0.0447, -0.0367, -0.0482],
          [-0.0441, -0.0312,  0.0122],
          [ 0.0557,  0.0380,  0.0487]],

         [[-0.0451, -0.0017, -0.0044],
          [-0.0039, -0.0237,  0.0056],
          [-0.0476, -0.0229, -0.0512]],

         ...,

         [[-0.0297,  0.0203,  0.0195],
          [ 0.0586,  0.0436, -0.0440],
          [ 0.0336, -0.0540,  0.0167]],

         [[ 0.0434, -0.0394, -0.0142],
          [ 0.0106, -0.0212, -0.0061],
          [-0.0020, -0.0067, -0.0552]],

         [[ 0.0389,  0.0286,  0.0371],
          [-0.0040, -0.0244,  0.0193],
          [ 0.0194, -0.0586, -0.0517]]]])), ('convlstm.cell_list.0.conv.bias', tensor([0.5148, 0.9141, 0.8469, 0.3424, 0.9931, 0.3492, 0.1471, 0.6527, 0.3528,
        0.7211, 0.0943, 0.3154, 0.5537, 0.4995, 0.2158, 0.0975, 0.9945, 0.2138,
        0.6031, 0.8067, 0.5788, 0.2912, 0.6767, 0.0159, 0.3771, 0.4741, 0.1413,
        0.6286, 0.9864, 0.9411, 0.4062, 0.8212, 0.5858, 0.5429, 0.3028, 0.4900,
        0.7307, 0.2299, 0.7000, 0.5773, 0.7144, 0.1513, 0.3061, 0.2166, 0.5211,
        0.8080, 0.8087, 0.6517, 0.2125, 0.1067, 0.0594, 0.3618, 0.3468, 0.4381,
        0.7216, 0.7965, 0.4444, 0.4263, 0.6612, 0.4426, 0.2314, 0.2960, 0.0137,
        0.5359, 0.8099, 0.4635, 0.3148, 0.6933, 0.0553, 0.2175, 0.0350, 0.7218,
        0.2180, 0.2214, 0.4944, 0.4783, 0.6477, 0.6566, 0.0358, 0.7901, 0.0164,
        0.7279, 0.9487, 0.6865, 0.3867, 0.8896, 0.7024, 0.0325, 0.4207, 0.6042,
        0.3792, 0.6162, 0.3693, 0.8082, 0.1565, 0.6593, 0.7118, 0.4609, 0.1318,
        0.5547, 0.9480, 0.3831, 0.5007, 0.4250, 0.2071, 0.6606, 0.4481, 0.6117,
        0.0726, 0.9617, 0.4227, 0.8916, 0.5338, 0.2752, 0.2925, 0.1535, 0.5624,
        0.7569, 0.9788, 0.9496, 0.8441, 0.0122, 0.5461, 0.4873, 0.7684, 0.8715,
        0.2969, 0.1533])), ('conv1.weight', tensor([[[[ 2.5377e-02,  4.3717e-02, -6.4399e-02],
          [ 5.6436e-02, -9.2595e-02,  4.9797e-02],
          [-1.8637e-02,  6.5785e-02, -5.8394e-02]],

         [[ 6.5498e-02, -8.9199e-02, -9.9662e-03],
          [ 3.6544e-02, -7.6057e-02, -6.7905e-02],
          [ 7.4754e-02,  2.4639e-02,  9.6645e-02]],

         [[ 1.3341e-02,  1.1339e-02,  6.6835e-02],
          [-8.1181e-02,  6.5850e-02, -2.5177e-02],
          [ 6.9167e-02,  3.3066e-02,  9.8660e-04]],

         ...,

         [[-5.7905e-02,  4.2220e-02, -3.9642e-02],
          [-4.3202e-02, -1.1066e-02,  4.6984e-02],
          [-5.8062e-02,  7.9732e-03, -2.0389e-02]],

         [[ 9.5123e-02, -2.5740e-02,  5.2080e-02],
          [ 2.7814e-02, -8.5975e-02,  4.7387e-02],
          [-6.8433e-02,  6.5252e-02, -2.3552e-02]],

         [[ 2.2601e-02, -4.6584e-02,  7.5874e-02],
          [-3.5872e-02,  1.0149e-02,  7.5124e-02],
          [ 7.5292e-02,  9.5611e-02,  4.3848e-02]]],


        [[[ 8.2186e-02, -6.1782e-02, -1.6998e-02],
          [ 1.9912e-03, -9.4767e-02, -6.7162e-02],
          [-2.6922e-02,  1.0033e-01,  6.9678e-02]],

         [[-6.7436e-03, -3.7809e-03, -1.0134e-01],
          [ 8.0570e-02, -2.0974e-02,  5.2239e-02],
          [ 5.6455e-02, -6.1502e-02,  6.4699e-02]],

         [[-6.8091e-02, -4.5367e-03,  4.3609e-02],
          [-5.2825e-02,  1.3966e-02, -5.7182e-02],
          [ 7.9582e-02, -9.2447e-02, -2.8592e-02]],

         ...,

         [[-3.2781e-02,  3.8496e-02, -5.7844e-03],
          [-5.1537e-02, -9.5147e-02, -1.0410e-02],
          [-4.2350e-02,  4.8833e-02, -4.6424e-02]],

         [[-4.9653e-02, -7.3179e-02,  1.9307e-02],
          [-4.9351e-02, -8.8159e-02, -6.0349e-02],
          [ 5.2731e-02,  5.8821e-02,  1.3717e-02]],

         [[-6.9965e-02, -4.2327e-02, -8.8090e-03],
          [-3.7803e-02, -5.7426e-02,  5.4577e-02],
          [ 5.3840e-02, -3.4613e-04, -3.4849e-02]]],


        [[[-3.2408e-02, -8.7809e-02, -3.9728e-02],
          [ 8.3956e-02,  7.1142e-02, -4.4156e-02],
          [-5.9364e-02, -7.9295e-02,  7.0745e-03]],

         [[ 3.6682e-03, -3.5407e-02,  7.4599e-03],
          [ 2.4564e-02,  5.1592e-03,  7.6904e-02],
          [-8.8727e-02, -1.4755e-02,  9.9030e-02]],

         [[-2.5403e-02, -7.8062e-02, -8.7166e-02],
          [-6.5820e-02, -6.3443e-06, -7.4078e-02],
          [-4.7322e-02,  5.0662e-02,  6.4644e-02]],

         ...,

         [[ 9.1939e-02,  5.5879e-02,  7.0091e-02],
          [ 2.0121e-02, -5.3124e-02,  9.0079e-02],
          [-1.2268e-02, -2.1371e-02, -7.3583e-02]],

         [[-4.2506e-02, -2.4070e-02, -1.0060e-01],
          [-9.7219e-02, -4.5388e-02,  1.9794e-02],
          [-3.0460e-02, -9.4716e-02,  3.0399e-02]],

         [[-4.8912e-02, -3.0291e-02,  7.1298e-02],
          [ 2.3114e-02,  6.7626e-02,  6.7664e-02],
          [-3.6372e-02,  8.3221e-03, -4.4344e-02]]],


        ...,


        [[[ 4.2703e-02,  7.2575e-02,  3.8734e-02],
          [ 3.1300e-02, -8.8084e-02, -5.9210e-03],
          [ 9.0435e-02,  1.2783e-02, -3.0779e-02]],

         [[-6.3128e-02,  4.9085e-02,  1.4945e-02],
          [-1.2078e-02,  5.3826e-02,  5.0372e-02],
          [ 9.0354e-02,  5.8811e-02, -4.2402e-02]],

         [[ 8.7329e-02,  7.0375e-02,  5.4684e-02],
          [-2.4558e-02, -1.6133e-02,  6.9520e-02],
          [ 5.3313e-03,  3.9853e-02,  3.7896e-02]],

         ...,

         [[ 2.7645e-02, -7.9175e-02,  6.6440e-02],
          [ 2.8177e-02,  7.6328e-02,  2.1955e-02],
          [-8.1008e-02, -5.2069e-02,  6.1885e-02]],

         [[ 6.8356e-02,  8.1958e-03, -4.8079e-02],
          [-1.0001e-01,  8.7321e-02, -3.1838e-02],
          [ 1.8604e-02, -9.0274e-02, -9.7182e-03]],

         [[ 2.6268e-02,  9.1685e-03,  3.5799e-03],
          [ 9.9297e-02,  5.4120e-02, -8.7555e-02],
          [ 2.3030e-02,  7.2920e-02,  3.9223e-02]]],


        [[[-5.8763e-02,  5.7816e-02,  5.5810e-02],
          [-6.2156e-02,  9.5515e-02, -2.2807e-02],
          [-9.4425e-02, -1.1546e-02,  6.9600e-02]],

         [[-8.8336e-03,  3.3962e-02, -6.0604e-03],
          [ 1.6136e-02,  1.2722e-02,  4.5601e-02],
          [-3.5526e-02, -2.6619e-02, -4.8083e-02]],

         [[-2.5614e-02, -9.8414e-02,  8.9255e-02],
          [ 5.4226e-02,  1.2876e-02,  2.5137e-02],
          [ 8.5305e-02,  5.2217e-02,  5.6191e-02]],

         ...,

         [[ 1.0129e-01,  4.0859e-02, -4.5472e-02],
          [ 8.2656e-02, -8.3185e-03, -7.0534e-02],
          [ 6.1939e-02, -4.7058e-02,  1.0165e-01]],

         [[ 8.9625e-02,  4.9035e-02, -5.8423e-02],
          [ 3.0588e-02,  4.6104e-02,  6.0011e-02],
          [-5.6998e-02, -2.3731e-02, -9.9091e-02]],

         [[ 4.0101e-02, -2.4953e-02, -1.5437e-02],
          [-2.2963e-02, -1.6073e-02,  7.2719e-02],
          [-7.1425e-03,  4.1575e-02,  5.9886e-03]]],


        [[[-8.2196e-02,  6.4990e-02,  3.9070e-02],
          [ 7.3606e-02,  2.8706e-02, -1.7418e-02],
          [ 9.4706e-02,  5.6967e-02, -2.0502e-02]],

         [[ 6.3628e-03, -5.7446e-02,  2.2476e-02],
          [ 3.7855e-02,  6.0019e-02,  3.8720e-02],
          [ 5.5270e-02,  7.9333e-02, -2.1150e-02]],

         [[ 4.0503e-02,  6.2140e-02, -8.4802e-02],
          [ 4.5163e-02,  4.9167e-03,  7.4475e-02],
          [-3.3268e-02,  5.7280e-02,  6.5177e-02]],

         ...,

         [[-3.1296e-02, -9.5238e-02,  1.6954e-02],
          [-6.2071e-02, -2.1377e-02, -7.1979e-02],
          [ 1.8913e-03,  3.6934e-02, -9.3853e-02]],

         [[-4.2208e-03,  2.9537e-02, -9.8475e-02],
          [-8.8409e-02, -6.7499e-02, -7.9062e-02],
          [-9.6193e-02,  5.3377e-02, -3.0722e-02]],

         [[-3.9587e-02,  2.0119e-02, -5.2073e-02],
          [-8.2938e-02,  6.3803e-02, -6.1853e-02],
          [ 3.5808e-02, -6.6699e-02,  8.8263e-02]]]])), ('conv1.bias', tensor([0.9266, 0.2489, 0.1721, 0.9303, 0.0410, 0.9225, 0.6812, 0.8287, 0.1912,
        0.2712, 0.2587, 0.0076, 0.9129, 0.3493, 0.3741, 0.1979, 0.6933, 0.3814,
        0.0998, 0.3630, 0.1431, 0.4163, 0.3881, 0.0471, 0.3940, 0.6530, 0.9548,
        0.2919, 0.0408, 0.6361, 0.1116, 0.3605])), ('fc1.weight', tensor([[-0.0123,  0.0090, -0.0163,  ..., -0.0178,  0.0055, -0.0327],
        [ 0.0356,  0.0267, -0.0076,  ..., -0.0101,  0.0189, -0.0288],
        [ 0.0148, -0.0290,  0.0071,  ..., -0.0141,  0.0187, -0.0203],
        ...,
        [-0.0014,  0.0007,  0.0311,  ...,  0.0143, -0.0089,  0.0346],
        [ 0.0234,  0.0196,  0.0085,  ...,  0.0013,  0.0193, -0.0098],
        [-0.0205,  0.0311, -0.0102,  ..., -0.0211,  0.0196,  0.0195]])), ('fc1.bias', tensor([0.6523, 0.9450, 0.3649, 0.6747, 0.4202, 0.7156, 0.3068, 0.6557, 0.2207,
        0.1453, 0.5668, 0.3450, 0.2322, 0.5329, 0.5556, 0.1423, 0.2884, 0.1266,
        0.4383, 0.1284, 0.9288, 0.3303, 0.4058, 0.8894, 0.6209, 0.4397, 0.4810,
        0.8239, 0.5675, 0.5491, 0.3611, 0.6288, 0.9536, 0.5721, 0.1084, 0.8057,
        0.5378, 0.3427, 0.6768, 0.0705, 0.1973, 0.2131, 0.6010, 0.0121, 0.1875,
        0.7714, 0.5356, 0.9520, 0.7469, 0.5775, 0.5642, 0.7651, 0.0218, 0.9248,
        0.5277, 0.9832, 0.5110, 0.0960, 0.0835, 0.1117, 0.8516, 0.0606, 0.8580,
        0.5344])), ('fc2.weight', tensor([[ 0.2300,  0.1954, -0.0302,  ..., -0.0217,  0.1993, -0.0990],
        [-0.1851, -0.1594, -0.2466,  ...,  0.1161,  0.0378,  0.0054],
        [ 0.1936,  0.1309,  0.1707,  ...,  0.1488,  0.2354, -0.1635],
        ...,
        [-0.0821,  0.0195, -0.2252,  ..., -0.1938,  0.2494,  0.1109],
        [ 0.1051,  0.0666,  0.1141,  ..., -0.0347,  0.1288, -0.1013],
        [ 0.1072,  0.1501,  0.0719,  ..., -0.1472,  0.1903, -0.0168]])), ('fc2.bias', tensor([0.9577, 0.6366, 0.2172, 0.8426, 0.5041, 0.6518, 0.4234, 0.3963, 0.0559,
        0.3397, 0.3538, 0.4230, 0.5124, 0.8712, 0.1012, 0.4456, 0.0430, 0.7001,
        0.5927, 0.1410, 0.8252, 0.4059, 0.2296, 0.9275, 0.9347, 0.8618, 0.1512,
        0.3255, 0.3973, 0.6764, 0.2075, 0.3730])), ('fc3.weight', tensor([[-0.3937,  0.3852,  0.2264, -0.2049,  0.3643, -0.0170,  0.0144, -0.2915,
          0.2700, -0.3584,  0.4188,  0.1449, -0.1455, -0.2417,  0.0225, -0.1261,
          0.1475,  0.2070, -0.3135, -0.0592,  0.0501, -0.3327,  0.4079,  0.0529,
          0.1041,  0.3415,  0.2546,  0.1104, -0.0727, -0.0101,  0.1878,  0.1994],
        [-0.0508, -0.1762, -0.0218, -0.3299, -0.1925,  0.3787, -0.3166, -0.0277,
         -0.2426, -0.1412,  0.2081,  0.2617, -0.3396,  0.4027,  0.1183,  0.2587,
          0.0149,  0.1396,  0.0237,  0.3174,  0.3656, -0.3610, -0.2439,  0.0839,
          0.0311,  0.1322, -0.2492,  0.0970,  0.3488, -0.2689,  0.3235, -0.1993]])), ('fc3.bias', tensor([0.0246, 0.8155]))])
2023-01-04 23:51: OrderedDict([('ln1.weight', tensor([0.3703, 0.3663, 0.7465, 0.1630, 0.1499, 0.2991, 0.5193, 0.8009, 0.9952,
        0.3949, 0.3097, 0.9141, 0.7446, 0.3589, 0.1294, 0.9238, 0.7581, 0.7454,
        0.6562, 0.9152, 0.4420, 0.0600, 0.2029, 0.4618, 0.7870])), ('ln1.bias', tensor([0.0033, 0.0258, 0.8693, 0.5992, 0.4585, 0.4173, 0.3188, 0.5453, 0.5025,
        0.1523, 0.6535, 0.1062, 0.0416, 0.2699, 0.0679, 0.1092, 0.4239, 0.2787,
        0.2720, 0.0104, 0.0621, 0.8283, 0.7529, 0.7188, 0.0256])), ('convlstm.cell_list.0.conv.weight', tensor([[[[-0.0188, -0.0241,  0.0524],
          [ 0.0385, -0.0468,  0.0166],
          [ 0.0361, -0.0544, -0.0463]],

         [[ 0.0120,  0.0506,  0.0356],
          [ 0.0496, -0.0522,  0.0144],
          [ 0.0398, -0.0507,  0.0523]],

         [[-0.0291, -0.0109, -0.0275],
          [ 0.0538,  0.0515,  0.0114],
          [-0.0457, -0.0593,  0.0582]],

         ...,

         [[-0.0424,  0.0476,  0.0164],
          [-0.0501, -0.0356, -0.0025],
          [-0.0495,  0.0432, -0.0421]],

         [[ 0.0513, -0.0306,  0.0427],
          [-0.0059, -0.0197, -0.0500],
          [-0.0224, -0.0454, -0.0117]],

         [[ 0.0361,  0.0089,  0.0561],
          [ 0.0578, -0.0529,  0.0103],
          [ 0.0038,  0.0143,  0.0212]]],


        [[[-0.0265,  0.0135,  0.0474],
          [ 0.0061,  0.0345,  0.0146],
          [-0.0103,  0.0127,  0.0075]],

         [[-0.0467,  0.0364, -0.0318],
          [-0.0301, -0.0182, -0.0072],
          [ 0.0072,  0.0449, -0.0184]],

         [[-0.0256, -0.0158, -0.0464],
          [ 0.0425, -0.0396,  0.0158],
          [-0.0470, -0.0204,  0.0488]],

         ...,

         [[ 0.0326, -0.0344,  0.0019],
          [ 0.0210,  0.0356,  0.0014],
          [ 0.0052, -0.0368, -0.0226]],

         [[ 0.0142,  0.0266,  0.0489],
          [-0.0238, -0.0286,  0.0229],
          [-0.0579, -0.0466, -0.0076]],

         [[-0.0150, -0.0098,  0.0049],
          [-0.0191,  0.0235,  0.0058],
          [ 0.0204,  0.0465, -0.0122]]],


        [[[ 0.0216,  0.0361,  0.0355],
          [ 0.0136,  0.0572,  0.0083],
          [ 0.0510, -0.0410,  0.0213]],

         [[-0.0551,  0.0484, -0.0306],
          [ 0.0428,  0.0141,  0.0145],
          [ 0.0312, -0.0379,  0.0258]],

         [[-0.0398, -0.0366, -0.0405],
          [ 0.0330, -0.0226, -0.0280],
          [-0.0435,  0.0399,  0.0480]],

         ...,

         [[-0.0150,  0.0451, -0.0143],
          [ 0.0278, -0.0336,  0.0553],
          [ 0.0399,  0.0198, -0.0201]],

         [[-0.0593, -0.0531,  0.0277],
          [ 0.0079,  0.0392, -0.0456],
          [ 0.0259, -0.0338,  0.0352]],

         [[-0.0573,  0.0413, -0.0316],
          [-0.0144, -0.0052, -0.0006],
          [-0.0012,  0.0408,  0.0202]]],


        ...,


        [[[ 0.0548,  0.0338, -0.0105],
          [ 0.0170, -0.0109,  0.0411],
          [-0.0505,  0.0177,  0.0381]],

         [[ 0.0212,  0.0188,  0.0076],
          [ 0.0091, -0.0376,  0.0121],
          [-0.0496, -0.0369, -0.0076]],

         [[-0.0305, -0.0003,  0.0557],
          [ 0.0239, -0.0580,  0.0058],
          [ 0.0235,  0.0155,  0.0510]],

         ...,

         [[ 0.0011, -0.0580, -0.0472],
          [-0.0349,  0.0192, -0.0103],
          [ 0.0597,  0.0318, -0.0133]],

         [[-0.0172, -0.0409,  0.0042],
          [-0.0186, -0.0372,  0.0574],
          [ 0.0014, -0.0313,  0.0574]],

         [[ 0.0001,  0.0564,  0.0144],
          [ 0.0484,  0.0541,  0.0188],
          [-0.0013, -0.0073, -0.0396]]],


        [[[-0.0308,  0.0524,  0.0598],
          [ 0.0517,  0.0066, -0.0463],
          [ 0.0387, -0.0211, -0.0554]],

         [[-0.0448, -0.0263, -0.0497],
          [ 0.0055, -0.0548, -0.0501],
          [-0.0158,  0.0319, -0.0592]],

         [[-0.0037, -0.0052,  0.0483],
          [-0.0262,  0.0375,  0.0082],
          [ 0.0525,  0.0288,  0.0340]],

         ...,

         [[ 0.0559,  0.0406,  0.0401],
          [ 0.0130,  0.0464,  0.0553],
          [ 0.0059,  0.0389, -0.0098]],

         [[-0.0233, -0.0364, -0.0262],
          [-0.0549,  0.0025, -0.0308],
          [ 0.0433, -0.0182,  0.0358]],

         [[ 0.0465,  0.0419,  0.0568],
          [ 0.0337,  0.0576,  0.0570],
          [ 0.0478,  0.0327, -0.0437]]],


        [[[-0.0096,  0.0498,  0.0161],
          [ 0.0325,  0.0394, -0.0045],
          [ 0.0383,  0.0174, -0.0195]],

         [[ 0.0447, -0.0367, -0.0482],
          [-0.0441, -0.0312,  0.0122],
          [ 0.0557,  0.0380,  0.0487]],

         [[-0.0451, -0.0017, -0.0044],
          [-0.0039, -0.0237,  0.0056],
          [-0.0476, -0.0229, -0.0512]],

         ...,

         [[-0.0297,  0.0203,  0.0195],
          [ 0.0586,  0.0436, -0.0440],
          [ 0.0336, -0.0540,  0.0167]],

         [[ 0.0434, -0.0394, -0.0142],
          [ 0.0106, -0.0212, -0.0061],
          [-0.0020, -0.0067, -0.0552]],

         [[ 0.0389,  0.0286,  0.0371],
          [-0.0040, -0.0244,  0.0193],
          [ 0.0194, -0.0586, -0.0517]]]])), ('convlstm.cell_list.0.conv.bias', tensor([0.5148, 0.9141, 0.8469, 0.3424, 0.9931, 0.3492, 0.1471, 0.6527, 0.3528,
        0.7211, 0.0943, 0.3154, 0.5537, 0.4995, 0.2158, 0.0975, 0.9945, 0.2138,
        0.6031, 0.8067, 0.5788, 0.2912, 0.6767, 0.0159, 0.3771, 0.4741, 0.1413,
        0.6286, 0.9864, 0.9411, 0.4062, 0.8212, 0.5858, 0.5429, 0.3028, 0.4900,
        0.7307, 0.2299, 0.7000, 0.5773, 0.7144, 0.1513, 0.3061, 0.2166, 0.5211,
        0.8080, 0.8087, 0.6517, 0.2125, 0.1067, 0.0594, 0.3618, 0.3468, 0.4381,
        0.7216, 0.7965, 0.4444, 0.4263, 0.6612, 0.4426, 0.2314, 0.2960, 0.0137,
        0.5359, 0.8099, 0.4635, 0.3148, 0.6933, 0.0553, 0.2175, 0.0350, 0.7218,
        0.2180, 0.2214, 0.4944, 0.4783, 0.6477, 0.6566, 0.0358, 0.7901, 0.0164,
        0.7279, 0.9487, 0.6865, 0.3867, 0.8896, 0.7024, 0.0325, 0.4207, 0.6042,
        0.3792, 0.6162, 0.3693, 0.8082, 0.1565, 0.6593, 0.7118, 0.4609, 0.1318,
        0.5547, 0.9480, 0.3831, 0.5007, 0.4250, 0.2071, 0.6606, 0.4481, 0.6117,
        0.0726, 0.9617, 0.4227, 0.8916, 0.5338, 0.2752, 0.2925, 0.1535, 0.5624,
        0.7569, 0.9788, 0.9496, 0.8441, 0.0122, 0.5461, 0.4873, 0.7684, 0.8715,
        0.2969, 0.1533])), ('conv1.weight', tensor([[[[ 2.5377e-02,  4.3717e-02, -6.4399e-02],
          [ 5.6436e-02, -9.2595e-02,  4.9797e-02],
          [-1.8637e-02,  6.5785e-02, -5.8394e-02]],

         [[ 6.5498e-02, -8.9199e-02, -9.9662e-03],
          [ 3.6544e-02, -7.6057e-02, -6.7905e-02],
          [ 7.4754e-02,  2.4639e-02,  9.6645e-02]],

         [[ 1.3341e-02,  1.1339e-02,  6.6835e-02],
          [-8.1181e-02,  6.5850e-02, -2.5177e-02],
          [ 6.9167e-02,  3.3066e-02,  9.8660e-04]],

         ...,

         [[-5.7905e-02,  4.2220e-02, -3.9642e-02],
          [-4.3202e-02, -1.1066e-02,  4.6984e-02],
          [-5.8062e-02,  7.9732e-03, -2.0389e-02]],

         [[ 9.5123e-02, -2.5740e-02,  5.2080e-02],
          [ 2.7814e-02, -8.5975e-02,  4.7387e-02],
          [-6.8433e-02,  6.5252e-02, -2.3552e-02]],

         [[ 2.2601e-02, -4.6584e-02,  7.5874e-02],
          [-3.5872e-02,  1.0149e-02,  7.5124e-02],
          [ 7.5292e-02,  9.5611e-02,  4.3848e-02]]],


        [[[ 8.2186e-02, -6.1782e-02, -1.6998e-02],
          [ 1.9912e-03, -9.4767e-02, -6.7162e-02],
          [-2.6922e-02,  1.0033e-01,  6.9678e-02]],

         [[-6.7436e-03, -3.7809e-03, -1.0134e-01],
          [ 8.0570e-02, -2.0974e-02,  5.2239e-02],
          [ 5.6455e-02, -6.1502e-02,  6.4699e-02]],

         [[-6.8091e-02, -4.5367e-03,  4.3609e-02],
          [-5.2825e-02,  1.3966e-02, -5.7182e-02],
          [ 7.9582e-02, -9.2447e-02, -2.8592e-02]],

         ...,

         [[-3.2781e-02,  3.8496e-02, -5.7844e-03],
          [-5.1537e-02, -9.5147e-02, -1.0410e-02],
          [-4.2350e-02,  4.8833e-02, -4.6424e-02]],

         [[-4.9653e-02, -7.3179e-02,  1.9307e-02],
          [-4.9351e-02, -8.8159e-02, -6.0349e-02],
          [ 5.2731e-02,  5.8821e-02,  1.3717e-02]],

         [[-6.9965e-02, -4.2327e-02, -8.8090e-03],
          [-3.7803e-02, -5.7426e-02,  5.4577e-02],
          [ 5.3840e-02, -3.4613e-04, -3.4849e-02]]],


        [[[-3.2408e-02, -8.7809e-02, -3.9728e-02],
          [ 8.3956e-02,  7.1142e-02, -4.4156e-02],
          [-5.9364e-02, -7.9295e-02,  7.0745e-03]],

         [[ 3.6682e-03, -3.5407e-02,  7.4599e-03],
          [ 2.4564e-02,  5.1592e-03,  7.6904e-02],
          [-8.8727e-02, -1.4755e-02,  9.9030e-02]],

         [[-2.5403e-02, -7.8062e-02, -8.7166e-02],
          [-6.5820e-02, -6.3443e-06, -7.4078e-02],
          [-4.7322e-02,  5.0662e-02,  6.4644e-02]],

         ...,

         [[ 9.1939e-02,  5.5879e-02,  7.0091e-02],
          [ 2.0121e-02, -5.3124e-02,  9.0079e-02],
          [-1.2268e-02, -2.1371e-02, -7.3583e-02]],

         [[-4.2506e-02, -2.4070e-02, -1.0060e-01],
          [-9.7219e-02, -4.5388e-02,  1.9794e-02],
          [-3.0460e-02, -9.4716e-02,  3.0399e-02]],

         [[-4.8912e-02, -3.0291e-02,  7.1298e-02],
          [ 2.3114e-02,  6.7626e-02,  6.7664e-02],
          [-3.6372e-02,  8.3221e-03, -4.4344e-02]]],


        ...,


        [[[ 4.2703e-02,  7.2575e-02,  3.8734e-02],
          [ 3.1300e-02, -8.8084e-02, -5.9210e-03],
          [ 9.0435e-02,  1.2783e-02, -3.0779e-02]],

         [[-6.3128e-02,  4.9085e-02,  1.4945e-02],
          [-1.2078e-02,  5.3826e-02,  5.0372e-02],
          [ 9.0354e-02,  5.8811e-02, -4.2402e-02]],

         [[ 8.7329e-02,  7.0375e-02,  5.4684e-02],
          [-2.4558e-02, -1.6133e-02,  6.9520e-02],
          [ 5.3313e-03,  3.9853e-02,  3.7896e-02]],

         ...,

         [[ 2.7645e-02, -7.9175e-02,  6.6440e-02],
          [ 2.8177e-02,  7.6328e-02,  2.1955e-02],
          [-8.1008e-02, -5.2069e-02,  6.1885e-02]],

         [[ 6.8356e-02,  8.1958e-03, -4.8079e-02],
          [-1.0001e-01,  8.7321e-02, -3.1838e-02],
          [ 1.8604e-02, -9.0274e-02, -9.7182e-03]],

         [[ 2.6268e-02,  9.1685e-03,  3.5799e-03],
          [ 9.9297e-02,  5.4120e-02, -8.7555e-02],
          [ 2.3030e-02,  7.2920e-02,  3.9223e-02]]],


        [[[-5.8763e-02,  5.7816e-02,  5.5810e-02],
          [-6.2156e-02,  9.5515e-02, -2.2807e-02],
          [-9.4425e-02, -1.1546e-02,  6.9600e-02]],

         [[-8.8336e-03,  3.3962e-02, -6.0604e-03],
          [ 1.6136e-02,  1.2722e-02,  4.5601e-02],
          [-3.5526e-02, -2.6619e-02, -4.8083e-02]],

         [[-2.5614e-02, -9.8414e-02,  8.9255e-02],
          [ 5.4226e-02,  1.2876e-02,  2.5137e-02],
          [ 8.5305e-02,  5.2217e-02,  5.6191e-02]],

         ...,

         [[ 1.0129e-01,  4.0859e-02, -4.5472e-02],
          [ 8.2656e-02, -8.3185e-03, -7.0534e-02],
          [ 6.1939e-02, -4.7058e-02,  1.0165e-01]],

         [[ 8.9625e-02,  4.9035e-02, -5.8423e-02],
          [ 3.0588e-02,  4.6104e-02,  6.0011e-02],
          [-5.6998e-02, -2.3731e-02, -9.9091e-02]],

         [[ 4.0101e-02, -2.4953e-02, -1.5437e-02],
          [-2.2963e-02, -1.6073e-02,  7.2719e-02],
          [-7.1425e-03,  4.1575e-02,  5.9886e-03]]],


        [[[-8.2196e-02,  6.4990e-02,  3.9070e-02],
          [ 7.3606e-02,  2.8706e-02, -1.7418e-02],
          [ 9.4706e-02,  5.6967e-02, -2.0502e-02]],

         [[ 6.3628e-03, -5.7446e-02,  2.2476e-02],
          [ 3.7855e-02,  6.0019e-02,  3.8720e-02],
          [ 5.5270e-02,  7.9333e-02, -2.1150e-02]],

         [[ 4.0503e-02,  6.2140e-02, -8.4802e-02],
          [ 4.5163e-02,  4.9167e-03,  7.4475e-02],
          [-3.3268e-02,  5.7280e-02,  6.5177e-02]],

         ...,

         [[-3.1296e-02, -9.5238e-02,  1.6954e-02],
          [-6.2071e-02, -2.1377e-02, -7.1979e-02],
          [ 1.8913e-03,  3.6934e-02, -9.3853e-02]],

         [[-4.2208e-03,  2.9537e-02, -9.8475e-02],
          [-8.8409e-02, -6.7499e-02, -7.9062e-02],
          [-9.6193e-02,  5.3377e-02, -3.0722e-02]],

         [[-3.9587e-02,  2.0119e-02, -5.2073e-02],
          [-8.2938e-02,  6.3803e-02, -6.1853e-02],
          [ 3.5808e-02, -6.6699e-02,  8.8263e-02]]]])), ('conv1.bias', tensor([0.9266, 0.2489, 0.1721, 0.9303, 0.0410, 0.9225, 0.6812, 0.8287, 0.1912,
        0.2712, 0.2587, 0.0076, 0.9129, 0.3493, 0.3741, 0.1979, 0.6933, 0.3814,
        0.0998, 0.3630, 0.1431, 0.4163, 0.3881, 0.0471, 0.3940, 0.6530, 0.9548,
        0.2919, 0.0408, 0.6361, 0.1116, 0.3605])), ('fc1.weight', tensor([[-0.0123,  0.0090, -0.0163,  ..., -0.0178,  0.0055, -0.0327],
        [ 0.0356,  0.0267, -0.0076,  ..., -0.0101,  0.0189, -0.0288],
        [ 0.0148, -0.0290,  0.0071,  ..., -0.0141,  0.0187, -0.0203],
        ...,
        [-0.0014,  0.0007,  0.0311,  ...,  0.0143, -0.0089,  0.0346],
        [ 0.0234,  0.0196,  0.0085,  ...,  0.0013,  0.0193, -0.0098],
        [-0.0205,  0.0311, -0.0102,  ..., -0.0211,  0.0196,  0.0195]])), ('fc1.bias', tensor([0.6523, 0.9450, 0.3649, 0.6747, 0.4202, 0.7156, 0.3068, 0.6557, 0.2207,
        0.1453, 0.5668, 0.3450, 0.2322, 0.5329, 0.5556, 0.1423, 0.2884, 0.1266,
        0.4383, 0.1284, 0.9288, 0.3303, 0.4058, 0.8894, 0.6209, 0.4397, 0.4810,
        0.8239, 0.5675, 0.5491, 0.3611, 0.6288, 0.9536, 0.5721, 0.1084, 0.8057,
        0.5378, 0.3427, 0.6768, 0.0705, 0.1973, 0.2131, 0.6010, 0.0121, 0.1875,
        0.7714, 0.5356, 0.9520, 0.7469, 0.5775, 0.5642, 0.7651, 0.0218, 0.9248,
        0.5277, 0.9832, 0.5110, 0.0960, 0.0835, 0.1117, 0.8516, 0.0606, 0.8580,
        0.5344])), ('fc2.weight', tensor([[ 0.2300,  0.1954, -0.0302,  ..., -0.0217,  0.1993, -0.0990],
        [-0.1851, -0.1594, -0.2466,  ...,  0.1161,  0.0378,  0.0054],
        [ 0.1936,  0.1309,  0.1707,  ...,  0.1488,  0.2354, -0.1635],
        ...,
        [-0.0821,  0.0195, -0.2252,  ..., -0.1938,  0.2494,  0.1109],
        [ 0.1051,  0.0666,  0.1141,  ..., -0.0347,  0.1288, -0.1013],
        [ 0.1072,  0.1501,  0.0719,  ..., -0.1472,  0.1903, -0.0168]])), ('fc2.bias', tensor([0.9577, 0.6366, 0.2172, 0.8426, 0.5041, 0.6518, 0.4234, 0.3963, 0.0559,
        0.3397, 0.3538, 0.4230, 0.5124, 0.8712, 0.1012, 0.4456, 0.0430, 0.7001,
        0.5927, 0.1410, 0.8252, 0.4059, 0.2296, 0.9275, 0.9347, 0.8618, 0.1512,
        0.3255, 0.3973, 0.6764, 0.2075, 0.3730])), ('fc3.weight', tensor([[-0.3937,  0.3852,  0.2264, -0.2049,  0.3643, -0.0170,  0.0144, -0.2915,
          0.2700, -0.3584,  0.4188,  0.1449, -0.1455, -0.2417,  0.0225, -0.1261,
          0.1475,  0.2070, -0.3135, -0.0592,  0.0501, -0.3327,  0.4079,  0.0529,
          0.1041,  0.3415,  0.2546,  0.1104, -0.0727, -0.0101,  0.1878,  0.1994],
        [-0.0508, -0.1762, -0.0218, -0.3299, -0.1925,  0.3787, -0.3166, -0.0277,
         -0.2426, -0.1412,  0.2081,  0.2617, -0.3396,  0.4027,  0.1183,  0.2587,
          0.0149,  0.1396,  0.0237,  0.3174,  0.3656, -0.3610, -0.2439,  0.0839,
          0.0311,  0.1322, -0.2492,  0.0970,  0.3488, -0.2689,  0.3235, -0.1993]])), ('fc3.bias', tensor([0.0246, 0.8155]))])
2023-01-04 23:51: 
 Testing metrics {'precision': 0.0, 'recall': 0.0, 'f1-score': 0.0, 'support': 100, 'AUC': 0.8076, 'AUCPR': 0.6211934821021448, 'TP': 0, 'FP': 0, 'TN': 200, 'FN': 100} 

