2023-01-04 22:35: log dir: /home/joel.chacon/tmp/convLSTM/WildFire_GCN/experiments/2020/2023010422352202982319251
2023-01-04 22:35: Experiment log path in: /home/joel.chacon/tmp/convLSTM/WildFire_GCN/experiments/2020/2023010422352202982319251
2023-01-04 22:35: Argument: Namespace(batch_size=2, clc='vec', cuda=True, dataset='2020', dataset_root='/home/joel.chacon/tmp/datasets_grl/', debug=False, default_graph=True, device='cpu', dynamic_features=['1 km 16 days NDVI', 'LST_Day_1km', 'LST_Night_1km', 'era5_max_d2m', 'era5_max_t2m', 'era5_max_sp', 'era5_max_tp', 'sminx', 'era5_max_wind_speed', 'era5_min_rh'], early_stop=True, early_stop_patience=5, embed_dim=32, epochs=30, grad_norm=False, horizon=1, input_dim=25, lag=10, link_len=2, log_dir='/home/joel.chacon/tmp/convLSTM/WildFire_GCN/experiments/2020/2023010422352202982319251', log_step=1, loss_func='nllloss', lr_decay=True, lr_decay_rate=0.1, lr_decay_step='15', lr_init=0.0001, max_grad_norm=5, minbatch_size=2, mode='train', model='fire_GCN', nan_fill=-1.0, num_layers=1, num_nodes=625, num_workers=12, output_dim=2, patch_height=25, patch_width=25, persistent_workers=True, pin_memory=True, plot=False, positive_weight=0.5, prefetch_factor=2, real_value=True, rnn_units=32, seed=100000, static_features=['dem_mean', 'slope_mean', 'roads_distance', 'waterway_distance', 'population_density'], teacher_forcing=False, weight_decay=0.01, window_len=10)
2023-01-04 22:35: Argument batch_size: 2
2023-01-04 22:35: Argument clc: 'vec'
2023-01-04 22:35: Argument cuda: True
2023-01-04 22:35: Argument dataset: '2020'
2023-01-04 22:35: Argument dataset_root: '/home/joel.chacon/tmp/datasets_grl/'
2023-01-04 22:35: Argument debug: False
2023-01-04 22:35: Argument default_graph: True
2023-01-04 22:35: Argument device: 'cpu'
2023-01-04 22:35: Argument dynamic_features: ['1 km 16 days NDVI', 'LST_Day_1km', 'LST_Night_1km', 'era5_max_d2m', 'era5_max_t2m', 'era5_max_sp', 'era5_max_tp', 'sminx', 'era5_max_wind_speed', 'era5_min_rh']
2023-01-04 22:35: Argument early_stop: True
2023-01-04 22:35: Argument early_stop_patience: 5
2023-01-04 22:35: Argument embed_dim: 32
2023-01-04 22:35: Argument epochs: 30
2023-01-04 22:35: Argument grad_norm: False
2023-01-04 22:35: Argument horizon: 1
2023-01-04 22:35: Argument input_dim: 25
2023-01-04 22:35: Argument lag: 10
2023-01-04 22:35: Argument link_len: 2
2023-01-04 22:35: Argument log_dir: '/home/joel.chacon/tmp/convLSTM/WildFire_GCN/experiments/2020/2023010422352202982319251'
2023-01-04 22:35: Argument log_step: 1
2023-01-04 22:35: Argument loss_func: 'nllloss'
2023-01-04 22:35: Argument lr_decay: True
2023-01-04 22:35: Argument lr_decay_rate: 0.1
2023-01-04 22:35: Argument lr_decay_step: '15'
2023-01-04 22:35: Argument lr_init: 0.0001
2023-01-04 22:35: Argument max_grad_norm: 5
2023-01-04 22:35: Argument minbatch_size: 2
2023-01-04 22:35: Argument mode: 'train'
2023-01-04 22:35: Argument model: 'fire_GCN'
2023-01-04 22:35: Argument nan_fill: -1.0
2023-01-04 22:35: Argument num_layers: 1
2023-01-04 22:35: Argument num_nodes: 625
2023-01-04 22:35: Argument num_workers: 12
2023-01-04 22:35: Argument output_dim: 2
2023-01-04 22:35: Argument patch_height: 25
2023-01-04 22:35: Argument patch_width: 25
2023-01-04 22:35: Argument persistent_workers: True
2023-01-04 22:35: Argument pin_memory: True
2023-01-04 22:35: Argument plot: False
2023-01-04 22:35: Argument positive_weight: 0.5
2023-01-04 22:35: Argument prefetch_factor: 2
2023-01-04 22:35: Argument real_value: True
2023-01-04 22:35: Argument rnn_units: 32
2023-01-04 22:35: Argument seed: 100000
2023-01-04 22:35: Argument static_features: ['dem_mean', 'slope_mean', 'roads_distance', 'waterway_distance', 'population_density']
2023-01-04 22:35: Argument teacher_forcing: False
2023-01-04 22:35: Argument weight_decay: 0.01
2023-01-04 22:35: Argument window_len: 10
2023-01-04 22:35: 0.4865095913410187 <-----
2023-01-04 22:35: Train Epoch 1: 0/20277 Loss: 0.243255
2023-01-04 22:35: 0.06210251897573471 <-----
2023-01-04 22:35: Train Epoch 1: 1/20277 Loss: 0.031051
2023-01-04 22:35: 3.7749428749084473 <-----
2023-01-04 22:35: Train Epoch 1: 2/20277 Loss: 1.887471
2023-01-04 22:35: 0.12429173290729523 <-----
2023-01-04 22:35: Train Epoch 1: 3/20277 Loss: 0.062146
2023-01-04 22:35: 0.005322713870555162 <-----
2023-01-04 22:35: Train Epoch 1: 4/20277 Loss: 0.002661
2023-01-04 22:35: 0.037583936005830765 <-----
2023-01-04 22:35: Train Epoch 1: 5/20277 Loss: 0.018792
2023-01-04 22:35: 2.207714080810547 <-----
2023-01-04 22:35: Train Epoch 1: 6/20277 Loss: 1.103857
2023-01-04 22:35: 0.08554178476333618 <-----
2023-01-04 22:35: Train Epoch 1: 7/20277 Loss: 0.042771
2023-01-04 22:35: 5.771317958831787 <-----
2023-01-04 22:35: Train Epoch 1: 8/20277 Loss: 2.885659
2023-01-04 22:35: 1.2626214027404785 <-----
2023-01-04 22:35: Train Epoch 1: 9/20277 Loss: 0.631311
2023-01-04 22:35: 0.20512467622756958 <-----
2023-01-04 22:35: Train Epoch 1: 10/20277 Loss: 0.102562
2023-01-04 22:35: 1.9780330657958984 <-----
2023-01-04 22:35: Train Epoch 1: 11/20277 Loss: 0.989017
2023-01-04 22:35: 4.188553333282471 <-----
2023-01-04 22:35: Train Epoch 1: 12/20277 Loss: 2.094277
2023-01-04 22:35: 2.9146416187286377 <-----
2023-01-04 22:35: Train Epoch 1: 13/20277 Loss: 1.457321
2023-01-04 22:35: 3.1109530925750732 <-----
2023-01-04 22:35: Train Epoch 1: 14/20277 Loss: 1.555477
2023-01-04 22:35: 0.2979918420314789 <-----
2023-01-04 22:35: Train Epoch 1: 15/20277 Loss: 0.148996
2023-01-04 22:35: 0.41076695919036865 <-----
2023-01-04 22:35: Train Epoch 1: 16/20277 Loss: 0.205383
2023-01-04 22:35: 1.354359745979309 <-----
2023-01-04 22:35: Train Epoch 1: 17/20277 Loss: 0.677180
2023-01-04 22:35: 0.37243831157684326 <-----
2023-01-04 22:35: Train Epoch 1: 18/20277 Loss: 0.186219
2023-01-04 22:35: 1.156314730644226 <-----
2023-01-04 22:35: Train Epoch 1: 19/20277 Loss: 0.578157
2023-01-04 22:35: 0.001440051943063736 <-----
2023-01-04 22:35: Train Epoch 1: 20/20277 Loss: 0.000720
2023-01-04 22:35: 0.16016945242881775 <-----
2023-01-04 22:35: Train Epoch 1: 21/20277 Loss: 0.080085
2023-01-04 22:35: 2.3610315322875977 <-----
2023-01-04 22:35: Train Epoch 1: 22/20277 Loss: 1.180516
2023-01-04 22:35: 0.9226488471031189 <-----
2023-01-04 22:35: Train Epoch 1: 23/20277 Loss: 0.461324
2023-01-04 22:35: 1.179636001586914 <-----
2023-01-04 22:35: Train Epoch 1: 24/20277 Loss: 0.589818
2023-01-04 22:35: 1.611090064048767 <-----
2023-01-04 22:35: Train Epoch 1: 25/20277 Loss: 0.805545
2023-01-04 22:35: 0.06781241297721863 <-----
2023-01-04 22:35: Train Epoch 1: 26/20277 Loss: 0.033906
2023-01-04 22:35: 1.5120954513549805 <-----
2023-01-04 22:35: Train Epoch 1: 27/20277 Loss: 0.756048
2023-01-04 22:35: 5.00625467300415 <-----
2023-01-04 22:35: Train Epoch 1: 28/20277 Loss: 2.503127
2023-01-04 22:35: 0.7827678322792053 <-----
2023-01-04 22:35: Train Epoch 1: 29/20277 Loss: 0.391384
2023-01-04 22:35: 0.09120260924100876 <-----
2023-01-04 22:35: Train Epoch 1: 30/20277 Loss: 0.045601
2023-01-04 22:35: 1.8478270769119263 <-----
2023-01-04 22:35: Train Epoch 1: 31/20277 Loss: 0.923914
2023-01-04 22:35: 1.0395101308822632 <-----
2023-01-04 22:35: Train Epoch 1: 32/20277 Loss: 0.519755
2023-01-04 22:35: 0.9768522381782532 <-----
2023-01-04 22:35: Train Epoch 1: 33/20277 Loss: 0.488426
2023-01-04 22:35: 2.136448383331299 <-----
2023-01-04 22:35: Train Epoch 1: 34/20277 Loss: 1.068224
2023-01-04 22:35: 0.0328332781791687 <-----
2023-01-04 22:35: Train Epoch 1: 35/20277 Loss: 0.016417
2023-01-04 22:35: 0.19723814725875854 <-----
2023-01-04 22:35: Train Epoch 1: 36/20277 Loss: 0.098619
2023-01-04 22:35: 0.08270508050918579 <-----
2023-01-04 22:35: Train Epoch 1: 37/20277 Loss: 0.041353
2023-01-04 22:35: 0.306804895401001 <-----
2023-01-04 22:35: Train Epoch 1: 38/20277 Loss: 0.153402
2023-01-04 22:36: 0.016001291573047638 <-----
2023-01-04 22:36: Train Epoch 1: 39/20277 Loss: 0.008001
2023-01-04 22:36: 0.8988915085792542 <-----
2023-01-04 22:36: Train Epoch 1: 40/20277 Loss: 0.449446
2023-01-04 22:36: 0.4516666829586029 <-----
2023-01-04 22:36: Train Epoch 1: 41/20277 Loss: 0.225833
2023-01-04 22:36: 0.9242149591445923 <-----
2023-01-04 22:36: Train Epoch 1: 42/20277 Loss: 0.462107
2023-01-04 22:36: 0.5408364534378052 <-----
2023-01-04 22:36: Train Epoch 1: 43/20277 Loss: 0.270418
2023-01-04 22:36: 1.2409627437591553 <-----
2023-01-04 22:36: Train Epoch 1: 44/20277 Loss: 0.620481
2023-01-04 22:36: 5.7517313957214355 <-----
2023-01-04 22:36: Train Epoch 1: 45/20277 Loss: 2.875866
2023-01-04 22:36: 1.7374564409255981 <-----
2023-01-04 22:36: Train Epoch 1: 46/20277 Loss: 0.868728
2023-01-04 22:36: 0.0832064151763916 <-----
2023-01-04 22:36: Train Epoch 1: 47/20277 Loss: 0.041603
2023-01-04 22:36: 0.05655679106712341 <-----
2023-01-04 22:36: Train Epoch 1: 48/20277 Loss: 0.028278
2023-01-04 22:36: 4.031425952911377 <-----
2023-01-04 22:36: Train Epoch 1: 49/20277 Loss: 2.015713
2023-01-04 22:36: 2.1168391704559326 <-----
2023-01-04 22:36: Train Epoch 1: 50/20277 Loss: 1.058420
2023-01-04 22:36: 4.568792819976807 <-----
2023-01-04 22:36: Train Epoch 1: 51/20277 Loss: 2.284396
2023-01-04 22:36: 0.7024468183517456 <-----
2023-01-04 22:36: Train Epoch 1: 52/20277 Loss: 0.351223
2023-01-04 22:36: 0.4349695146083832 <-----
2023-01-04 22:36: Train Epoch 1: 53/20277 Loss: 0.217485
2023-01-04 22:36: 0.36434492468833923 <-----
2023-01-04 22:36: Train Epoch 1: 54/20277 Loss: 0.182172
2023-01-04 22:36: 2.820300579071045 <-----
2023-01-04 22:36: Train Epoch 1: 55/20277 Loss: 1.410150
2023-01-04 22:36: 0.49744170904159546 <-----
2023-01-04 22:36: Train Epoch 1: 56/20277 Loss: 0.248721
2023-01-04 22:36: 1.5980556011199951 <-----
2023-01-04 22:36: Train Epoch 1: 57/20277 Loss: 0.799028
2023-01-04 22:36: 0.16054609417915344 <-----
2023-01-04 22:36: Train Epoch 1: 58/20277 Loss: 0.080273
2023-01-04 22:36: 0.6870250105857849 <-----
2023-01-04 22:36: Train Epoch 1: 59/20277 Loss: 0.343513
2023-01-04 22:36: 1.3957011699676514 <-----
2023-01-04 22:36: Train Epoch 1: 60/20277 Loss: 0.697851
2023-01-04 22:36: 0.9710879921913147 <-----
2023-01-04 22:36: Train Epoch 1: 61/20277 Loss: 0.485544
2023-01-04 22:36: 2.5807650089263916 <-----
2023-01-04 22:36: Train Epoch 1: 62/20277 Loss: 1.290383
2023-01-04 22:36: 1.1949462890625 <-----
2023-01-04 22:36: Train Epoch 1: 63/20277 Loss: 0.597473
2023-01-04 22:36: 0.9795024991035461 <-----
2023-01-04 22:36: Train Epoch 1: 64/20277 Loss: 0.489751
2023-01-04 22:36: 0.16702906787395477 <-----
2023-01-04 22:36: Train Epoch 1: 65/20277 Loss: 0.083515
2023-01-04 22:36: 1.5088260173797607 <-----
2023-01-04 22:36: Train Epoch 1: 66/20277 Loss: 0.754413
2023-01-04 22:36: 0.42412686347961426 <-----
2023-01-04 22:36: Train Epoch 1: 67/20277 Loss: 0.212063
2023-01-04 22:36: 0.8248828649520874 <-----
2023-01-04 22:36: Train Epoch 1: 68/20277 Loss: 0.412441
2023-01-04 22:36: 0.42090511322021484 <-----
2023-01-04 22:36: Train Epoch 1: 69/20277 Loss: 0.210453
2023-01-04 22:36: 0.15451693534851074 <-----
2023-01-04 22:36: Train Epoch 1: 70/20277 Loss: 0.077258
2023-01-04 22:36: 0.22926093637943268 <-----
2023-01-04 22:36: Train Epoch 1: 71/20277 Loss: 0.114630
2023-01-04 22:36: 0.08501650393009186 <-----
2023-01-04 22:36: Train Epoch 1: 72/20277 Loss: 0.042508
2023-01-04 22:36: 1.290890097618103 <-----
2023-01-04 22:36: Train Epoch 1: 73/20277 Loss: 0.645445
2023-01-04 22:36: 1.323889970779419 <-----
2023-01-04 22:36: Train Epoch 1: 74/20277 Loss: 0.661945
2023-01-04 22:36: 1.0342304706573486 <-----
2023-01-04 22:36: Train Epoch 1: 75/20277 Loss: 0.517115
2023-01-04 22:36: 0.5768808126449585 <-----
2023-01-04 22:36: Train Epoch 1: 76/20277 Loss: 0.288440
2023-01-04 22:36: 0.365020215511322 <-----
2023-01-04 22:36: Train Epoch 1: 77/20277 Loss: 0.182510
2023-01-04 22:36: 2.3208391666412354 <-----
2023-01-04 22:36: Train Epoch 1: 78/20277 Loss: 1.160420
2023-01-04 22:36: 0.08750486373901367 <-----
2023-01-04 22:36: Train Epoch 1: 79/20277 Loss: 0.043752
2023-01-04 22:36: 0.4703904390335083 <-----
2023-01-04 22:36: Train Epoch 1: 80/20277 Loss: 0.235195
2023-01-04 22:36: 0.895218551158905 <-----
2023-01-04 22:36: Train Epoch 1: 81/20277 Loss: 0.447609
2023-01-04 22:36: 1.7796121835708618 <-----
2023-01-04 22:36: Train Epoch 1: 82/20277 Loss: 0.889806
2023-01-04 22:36: 0.6828404664993286 <-----
2023-01-04 22:36: Train Epoch 1: 83/20277 Loss: 0.341420
2023-01-04 22:36: 0.09847021102905273 <-----
2023-01-04 22:36: Train Epoch 1: 84/20277 Loss: 0.049235
2023-01-04 22:36: 0.26241812109947205 <-----
2023-01-04 22:36: Train Epoch 1: 85/20277 Loss: 0.131209
2023-01-04 22:36: 0.6592602133750916 <-----
2023-01-04 22:36: Train Epoch 1: 86/20277 Loss: 0.329630
2023-01-04 22:36: 0.11492916196584702 <-----
2023-01-04 22:36: Train Epoch 1: 87/20277 Loss: 0.057465
2023-01-04 22:36: 0.4872148036956787 <-----
2023-01-04 22:36: Train Epoch 1: 88/20277 Loss: 0.243607
2023-01-04 22:36: 1.7836287021636963 <-----
2023-01-04 22:36: Train Epoch 1: 89/20277 Loss: 0.891814
2023-01-04 22:36: 1.0401756763458252 <-----
2023-01-04 22:36: Train Epoch 1: 90/20277 Loss: 0.520088
2023-01-04 22:36: 0.6043063998222351 <-----
2023-01-04 22:36: Train Epoch 1: 91/20277 Loss: 0.302153
2023-01-04 22:36: 0.3113405108451843 <-----
2023-01-04 22:36: Train Epoch 1: 92/20277 Loss: 0.155670
2023-01-04 22:36: 0.4066142439842224 <-----
2023-01-04 22:36: Train Epoch 1: 93/20277 Loss: 0.203307
2023-01-04 22:36: 1.2477787733078003 <-----
2023-01-04 22:36: Train Epoch 1: 94/20277 Loss: 0.623889
2023-01-04 22:36: 0.14439933001995087 <-----
2023-01-04 22:36: Train Epoch 1: 95/20277 Loss: 0.072200
2023-01-04 22:36: 0.7006222009658813 <-----
2023-01-04 22:36: Train Epoch 1: 96/20277 Loss: 0.350311
2023-01-04 22:36: 0.669032633304596 <-----
2023-01-04 22:36: Train Epoch 1: 97/20277 Loss: 0.334516
2023-01-04 22:36: 1.6788408756256104 <-----
2023-01-04 22:36: Train Epoch 1: 98/20277 Loss: 0.839420
2023-01-04 22:36: 2.563600778579712 <-----
2023-01-04 22:36: Train Epoch 1: 99/20277 Loss: 1.281800
2023-01-04 22:36: 0.422067254781723 <-----
2023-01-04 22:36: Train Epoch 1: 100/20277 Loss: 0.211034
2023-01-04 22:36: 0.27342796325683594 <-----
2023-01-04 22:36: Train Epoch 1: 101/20277 Loss: 0.136714
2023-01-04 22:36: 0.8166707754135132 <-----
2023-01-04 22:36: Train Epoch 1: 102/20277 Loss: 0.408335
2023-01-04 22:36: 0.6228844523429871 <-----
2023-01-04 22:36: Train Epoch 1: 103/20277 Loss: 0.311442
2023-01-04 22:36: 1.3661283254623413 <-----
2023-01-04 22:36: Train Epoch 1: 104/20277 Loss: 0.683064
2023-01-04 22:36: 0.07639274001121521 <-----
2023-01-04 22:36: Train Epoch 1: 105/20277 Loss: 0.038196
2023-01-04 22:36: 0.10429920256137848 <-----
2023-01-04 22:36: Train Epoch 1: 106/20277 Loss: 0.052150
2023-01-04 22:36: 0.2115175724029541 <-----
2023-01-04 22:37: Train Epoch 1: 107/20277 Loss: 0.105759
2023-01-04 22:37: 0.12742064893245697 <-----
2023-01-04 22:37: Train Epoch 1: 108/20277 Loss: 0.063710
2023-01-04 22:37: 1.1972328424453735 <-----
2023-01-04 22:37: Train Epoch 1: 109/20277 Loss: 0.598616
2023-01-04 22:37: 0.56695955991745 <-----
2023-01-04 22:37: Train Epoch 1: 110/20277 Loss: 0.283480
2023-01-04 22:37: 1.7949622869491577 <-----
2023-01-04 22:37: Train Epoch 1: 111/20277 Loss: 0.897481
2023-01-04 22:37: 0.32008668780326843 <-----
2023-01-04 22:37: Train Epoch 1: 112/20277 Loss: 0.160043
2023-01-04 22:37: 0.036690786480903625 <-----
2023-01-04 22:37: Train Epoch 1: 113/20277 Loss: 0.018345
2023-01-04 22:37: 1.9923481941223145 <-----
2023-01-04 22:37: Train Epoch 1: 114/20277 Loss: 0.996174
2023-01-04 22:37: 0.26957738399505615 <-----
2023-01-04 22:37: Train Epoch 1: 115/20277 Loss: 0.134789
2023-01-04 22:37: 0.04565763846039772 <-----
2023-01-04 22:37: Train Epoch 1: 116/20277 Loss: 0.022829
2023-01-04 22:37: 0.22459347546100616 <-----
2023-01-04 22:37: Train Epoch 1: 117/20277 Loss: 0.112297
2023-01-04 22:37: 2.0573582649230957 <-----
2023-01-04 22:37: Train Epoch 1: 118/20277 Loss: 1.028679
2023-01-04 22:37: 1.1835709810256958 <-----
2023-01-04 22:37: Train Epoch 1: 119/20277 Loss: 0.591785
2023-01-04 22:37: 0.9617461562156677 <-----
2023-01-04 22:37: Train Epoch 1: 120/20277 Loss: 0.480873
2023-01-04 22:37: 1.4702627658843994 <-----
2023-01-04 22:37: Train Epoch 1: 121/20277 Loss: 0.735131
2023-01-04 22:37: 1.23821222782135 <-----
2023-01-04 22:37: Train Epoch 1: 122/20277 Loss: 0.619106
2023-01-04 22:37: 0.27337101101875305 <-----
2023-01-04 22:37: Train Epoch 1: 123/20277 Loss: 0.136686
2023-01-04 22:37: 1.0168906450271606 <-----
2023-01-04 22:37: Train Epoch 1: 124/20277 Loss: 0.508445
2023-01-04 22:37: 1.1172574758529663 <-----
2023-01-04 22:37: Train Epoch 1: 125/20277 Loss: 0.558629
2023-01-04 22:37: 1.3520967960357666 <-----
2023-01-04 22:37: Train Epoch 1: 126/20277 Loss: 0.676048
2023-01-04 22:37: 0.9676191210746765 <-----
2023-01-04 22:37: Train Epoch 1: 127/20277 Loss: 0.483810
2023-01-04 22:37: 0.2993544340133667 <-----
2023-01-04 22:37: Train Epoch 1: 128/20277 Loss: 0.149677
2023-01-04 22:37: 0.2900872230529785 <-----
2023-01-04 22:37: Train Epoch 1: 129/20277 Loss: 0.145044
2023-01-04 22:37: 0.582229733467102 <-----
2023-01-04 22:37: Train Epoch 1: 130/20277 Loss: 0.291115
2023-01-04 22:37: 0.009088517166674137 <-----
2023-01-04 22:37: Train Epoch 1: 131/20277 Loss: 0.004544
2023-01-04 22:37: 0.021197358146309853 <-----
2023-01-04 22:37: Train Epoch 1: 132/20277 Loss: 0.010599
2023-01-04 22:37: 0.8164069056510925 <-----
2023-01-04 22:37: Train Epoch 1: 133/20277 Loss: 0.408203
2023-01-04 22:37: 0.2746655344963074 <-----
2023-01-04 22:37: Train Epoch 1: 134/20277 Loss: 0.137333
2023-01-04 22:37: 0.5542189478874207 <-----
2023-01-04 22:37: Train Epoch 1: 135/20277 Loss: 0.277109
2023-01-04 22:37: 0.23254887759685516 <-----
2023-01-04 22:37: Train Epoch 1: 136/20277 Loss: 0.116274
2023-01-04 22:37: 0.9084007740020752 <-----
2023-01-04 22:37: Train Epoch 1: 137/20277 Loss: 0.454200
2023-01-04 22:37: 0.37471094727516174 <-----
2023-01-04 22:37: Train Epoch 1: 138/20277 Loss: 0.187355
2023-01-04 22:37: 0.5261298418045044 <-----
2023-01-04 22:37: Train Epoch 1: 139/20277 Loss: 0.263065
2023-01-04 22:37: 0.10629600286483765 <-----
2023-01-04 22:37: Train Epoch 1: 140/20277 Loss: 0.053148
2023-01-04 22:37: 0.979934811592102 <-----
2023-01-04 22:37: Train Epoch 1: 141/20277 Loss: 0.489967
2023-01-04 22:37: 0.8898839950561523 <-----
2023-01-04 22:37: Train Epoch 1: 142/20277 Loss: 0.444942
2023-01-04 22:37: 1.7895160913467407 <-----
2023-01-04 22:37: Train Epoch 1: 143/20277 Loss: 0.894758
2023-01-04 22:37: 0.574867308139801 <-----
2023-01-04 22:37: Train Epoch 1: 144/20277 Loss: 0.287434
2023-01-04 22:37: 1.113877296447754 <-----
2023-01-04 22:37: Train Epoch 1: 145/20277 Loss: 0.556939
2023-01-04 22:37: 1.6118446588516235 <-----
2023-01-04 22:37: Train Epoch 1: 146/20277 Loss: 0.805922
2023-01-04 22:37: 1.5400645732879639 <-----
2023-01-04 22:37: Train Epoch 1: 147/20277 Loss: 0.770032
2023-01-04 22:37: 0.4132111668586731 <-----
2023-01-04 22:37: Train Epoch 1: 148/20277 Loss: 0.206606
2023-01-04 22:37: 0.43804100155830383 <-----
2023-01-04 22:37: Train Epoch 1: 149/20277 Loss: 0.219021
2023-01-04 22:37: 1.9025263786315918 <-----
2023-01-04 22:37: Train Epoch 1: 150/20277 Loss: 0.951263
2023-01-04 22:37: 1.2618179321289062 <-----
2023-01-04 22:37: Train Epoch 1: 151/20277 Loss: 0.630909
2023-01-04 22:37: 0.3764023780822754 <-----
2023-01-04 22:37: Train Epoch 1: 152/20277 Loss: 0.188201
2023-01-04 22:37: 0.26528069376945496 <-----
2023-01-04 22:37: Train Epoch 1: 153/20277 Loss: 0.132640
2023-01-04 22:37: 0.03135751187801361 <-----
2023-01-04 22:37: Train Epoch 1: 154/20277 Loss: 0.015679
2023-01-04 22:37: 0.6815868616104126 <-----
2023-01-04 22:37: Train Epoch 1: 155/20277 Loss: 0.340793
2023-01-04 22:37: 0.12418045103549957 <-----
2023-01-04 22:37: Train Epoch 1: 156/20277 Loss: 0.062090
2023-01-04 22:37: 2.1340205669403076 <-----
2023-01-04 22:37: Train Epoch 1: 157/20277 Loss: 1.067010
2023-01-04 22:37: 0.8634775876998901 <-----
2023-01-04 22:37: Train Epoch 1: 158/20277 Loss: 0.431739
2023-01-04 22:37: 0.2851836085319519 <-----
2023-01-04 22:37: Train Epoch 1: 159/20277 Loss: 0.142592
2023-01-04 22:37: 1.527068018913269 <-----
2023-01-04 22:37: Train Epoch 1: 160/20277 Loss: 0.763534
2023-01-04 22:37: 2.0770373344421387 <-----
2023-01-04 22:37: Train Epoch 1: 161/20277 Loss: 1.038519
2023-01-04 22:37: 0.12849316000938416 <-----
2023-01-04 22:37: Train Epoch 1: 162/20277 Loss: 0.064247
2023-01-04 22:37: 1.5769214630126953 <-----
2023-01-04 22:37: Train Epoch 1: 163/20277 Loss: 0.788461
2023-01-04 22:37: 1.0941036939620972 <-----
2023-01-04 22:37: Train Epoch 1: 164/20277 Loss: 0.547052
2023-01-04 22:37: 0.037623897194862366 <-----
2023-01-04 22:37: Train Epoch 1: 165/20277 Loss: 0.018812
2023-01-04 22:37: 1.3314576148986816 <-----
2023-01-04 22:37: Train Epoch 1: 166/20277 Loss: 0.665729
2023-01-04 22:37: 1.2283806800842285 <-----
2023-01-04 22:37: Train Epoch 1: 167/20277 Loss: 0.614190
2023-01-04 22:37: 0.8374629020690918 <-----
2023-01-04 22:37: Train Epoch 1: 168/20277 Loss: 0.418731
2023-01-04 22:37: 0.20746463537216187 <-----
2023-01-04 22:37: Train Epoch 1: 169/20277 Loss: 0.103732
2023-01-04 22:37: 0.07488887012004852 <-----
2023-01-04 22:37: Train Epoch 1: 170/20277 Loss: 0.037444
2023-01-04 22:37: 0.12163668870925903 <-----
2023-01-04 22:37: Train Epoch 1: 171/20277 Loss: 0.060818
2023-01-04 22:37: 0.1050017923116684 <-----
2023-01-04 22:37: Train Epoch 1: 172/20277 Loss: 0.052501
2023-01-04 22:37: 0.01686142198741436 <-----
2023-01-04 22:37: Train Epoch 1: 173/20277 Loss: 0.008431
2023-01-04 22:37: 0.4843329191207886 <-----
2023-01-04 22:37: Train Epoch 1: 174/20277 Loss: 0.242166
2023-01-04 22:37: 0.23860108852386475 <-----
2023-01-04 22:37: Train Epoch 1: 175/20277 Loss: 0.119301
2023-01-04 22:37: 0.0596277117729187 <-----
2023-01-04 22:37: Train Epoch 1: 176/20277 Loss: 0.029814
2023-01-04 22:37: 0.6949441432952881 <-----
2023-01-04 22:37: Train Epoch 1: 177/20277 Loss: 0.347472
2023-01-04 22:37: 0.12308375537395477 <-----
2023-01-04 22:37: Train Epoch 1: 178/20277 Loss: 0.061542
2023-01-04 22:37: 0.2811782956123352 <-----
2023-01-04 22:37: Train Epoch 1: 179/20277 Loss: 0.140589
2023-01-04 22:37: 0.7485083937644958 <-----
2023-01-04 22:37: Train Epoch 1: 180/20277 Loss: 0.374254
2023-01-04 22:38: 0.31333252787590027 <-----
2023-01-04 22:38: Train Epoch 1: 181/20277 Loss: 0.156666
2023-01-04 22:38: 2.854240894317627 <-----
2023-01-04 22:38: Train Epoch 1: 182/20277 Loss: 1.427120
2023-01-04 22:38: 0.6856589913368225 <-----
2023-01-04 22:38: Train Epoch 1: 183/20277 Loss: 0.342829
2023-01-04 22:38: 0.011668620631098747 <-----
2023-01-04 22:38: Train Epoch 1: 184/20277 Loss: 0.005834
2023-01-04 22:38: 0.040082402527332306 <-----
2023-01-04 22:38: Train Epoch 1: 185/20277 Loss: 0.020041
2023-01-04 22:38: 0.1627257764339447 <-----
2023-01-04 22:38: Train Epoch 1: 186/20277 Loss: 0.081363
