2023-01-07 16:12: log dir: /home/joel.chacon/tmp/Graphs/WildFire_GCN/experiments/2020/2023010716121459052654013
2023-01-07 16:12: Experiment log path in: /home/joel.chacon/tmp/Graphs/WildFire_GCN/experiments/2020/2023010716121459052654013
2023-01-07 16:12: Argument: Namespace(batch_size=256, clc='vec', cuda=True, dataset='2020', dataset_root='/home/joel.chacon/tmp/datasets_grl/', debug=False, default_graph=True, device='cpu', dynamic_features=['1 km 16 days NDVI', 'LST_Day_1km', 'LST_Night_1km', 'era5_max_d2m', 'era5_max_t2m', 'era5_max_sp', 'era5_max_tp', 'sminx', 'era5_max_wind_speed', 'era5_min_rh'], early_stop=True, early_stop_patience=8, embed_dim=64, epochs=30, grad_norm=False, horizon=1, input_dim=25, lag=10, link_len=2, log_dir='/home/joel.chacon/tmp/Graphs/WildFire_GCN/experiments/2020/2023010716121459052654013', log_step=1, loss_func='nllloss', lr_decay=True, lr_decay_rate=0.1, lr_decay_step='20', lr_init=0.0001, max_grad_norm=5, minbatch_size=64, mode='train', model='fire_GCN', nan_fill=-1.0, num_layers=1, num_nodes=625, num_workers=12, output_dim=2, patch_height=25, patch_width=25, persistent_workers=True, pin_memory=True, plot=False, positive_weight=0.5, prefetch_factor=2, real_value=True, rnn_units=64, seed=10000, static_features=['dem_mean', 'slope_mean', 'roads_distance', 'waterway_distance', 'population_density'], teacher_forcing=False, weight_decay=0.0, window_len=10)
2023-01-07 16:12: Argument batch_size: 256
2023-01-07 16:12: Argument clc: 'vec'
2023-01-07 16:12: Argument cuda: True
2023-01-07 16:12: Argument dataset: '2020'
2023-01-07 16:12: Argument dataset_root: '/home/joel.chacon/tmp/datasets_grl/'
2023-01-07 16:12: Argument debug: False
2023-01-07 16:12: Argument default_graph: True
2023-01-07 16:12: Argument device: 'cpu'
2023-01-07 16:12: Argument dynamic_features: ['1 km 16 days NDVI', 'LST_Day_1km', 'LST_Night_1km', 'era5_max_d2m', 'era5_max_t2m', 'era5_max_sp', 'era5_max_tp', 'sminx', 'era5_max_wind_speed', 'era5_min_rh']
2023-01-07 16:12: Argument early_stop: True
2023-01-07 16:12: Argument early_stop_patience: 8
2023-01-07 16:12: Argument embed_dim: 64
2023-01-07 16:12: Argument epochs: 30
2023-01-07 16:12: Argument grad_norm: False
2023-01-07 16:12: Argument horizon: 1
2023-01-07 16:12: Argument input_dim: 25
2023-01-07 16:12: Argument lag: 10
2023-01-07 16:12: Argument link_len: 2
2023-01-07 16:12: Argument log_dir: '/home/joel.chacon/tmp/Graphs/WildFire_GCN/experiments/2020/2023010716121459052654013'
2023-01-07 16:12: Argument log_step: 1
2023-01-07 16:12: Argument loss_func: 'nllloss'
2023-01-07 16:12: Argument lr_decay: True
2023-01-07 16:12: Argument lr_decay_rate: 0.1
2023-01-07 16:12: Argument lr_decay_step: '20'
2023-01-07 16:12: Argument lr_init: 0.0001
2023-01-07 16:12: Argument max_grad_norm: 5
2023-01-07 16:12: Argument minbatch_size: 64
2023-01-07 16:12: Argument mode: 'train'
2023-01-07 16:12: Argument model: 'fire_GCN'
2023-01-07 16:12: Argument nan_fill: -1.0
2023-01-07 16:12: Argument num_layers: 1
2023-01-07 16:12: Argument num_nodes: 625
2023-01-07 16:12: Argument num_workers: 12
2023-01-07 16:12: Argument output_dim: 2
2023-01-07 16:12: Argument patch_height: 25
2023-01-07 16:12: Argument patch_width: 25
2023-01-07 16:12: Argument persistent_workers: True
2023-01-07 16:12: Argument pin_memory: True
2023-01-07 16:12: Argument plot: False
2023-01-07 16:12: Argument positive_weight: 0.5
2023-01-07 16:12: Argument prefetch_factor: 2
2023-01-07 16:12: Argument real_value: True
2023-01-07 16:12: Argument rnn_units: 64
2023-01-07 16:12: Argument seed: 10000
2023-01-07 16:12: Argument static_features: ['dem_mean', 'slope_mean', 'roads_distance', 'waterway_distance', 'population_density']
2023-01-07 16:12: Argument teacher_forcing: False
2023-01-07 16:12: Argument weight_decay: 0.0
2023-01-07 16:12: Argument window_len: 10
2023-01-07 16:12: Train Epoch 1: 3/634 Loss: 0.378207
2023-01-07 16:12: Train Epoch 1: 7/634 Loss: 0.382140
2023-01-07 16:13: Train Epoch 1: 11/634 Loss: 0.445919
2023-01-07 16:13: Train Epoch 1: 15/634 Loss: 0.326443
2023-01-07 16:13: Train Epoch 1: 19/634 Loss: 0.294007
2023-01-07 16:13: Train Epoch 1: 23/634 Loss: 0.332891
2023-01-07 16:14: Train Epoch 1: 27/634 Loss: 0.380509
2023-01-07 16:14: Train Epoch 1: 31/634 Loss: 0.286767
2023-01-07 16:14: Train Epoch 1: 35/634 Loss: 0.253169
2023-01-07 16:15: Train Epoch 1: 39/634 Loss: 0.250636
2023-01-07 16:15: Train Epoch 1: 43/634 Loss: 0.303686
2023-01-07 16:15: Train Epoch 1: 47/634 Loss: 0.326777
2023-01-07 16:15: Train Epoch 1: 51/634 Loss: 0.290676
2023-01-07 16:16: Train Epoch 1: 55/634 Loss: 0.243742
2023-01-07 16:16: Train Epoch 1: 59/634 Loss: 0.241946
2023-01-07 16:16: Train Epoch 1: 63/634 Loss: 0.249522
2023-01-07 16:16: Train Epoch 1: 67/634 Loss: 0.258707
2023-01-07 16:17: Train Epoch 1: 71/634 Loss: 0.286616
2023-01-07 16:17: Train Epoch 1: 75/634 Loss: 0.230438
2023-01-07 16:17: Train Epoch 1: 79/634 Loss: 0.233630
2023-01-07 16:17: Train Epoch 1: 83/634 Loss: 0.286479
2023-01-07 16:18: Train Epoch 1: 87/634 Loss: 0.245726
2023-01-07 16:18: Train Epoch 1: 91/634 Loss: 0.232981
2023-01-07 16:18: Train Epoch 1: 95/634 Loss: 0.216287
2023-01-07 16:19: Train Epoch 1: 99/634 Loss: 0.252251
2023-01-07 16:19: Train Epoch 1: 103/634 Loss: 0.236663
2023-01-07 16:19: Train Epoch 1: 107/634 Loss: 0.225584
2023-01-07 16:19: Train Epoch 1: 111/634 Loss: 0.245319
2023-01-07 16:20: Train Epoch 1: 115/634 Loss: 0.267381
2023-01-07 16:20: Train Epoch 1: 119/634 Loss: 0.228592
2023-01-07 16:20: Train Epoch 1: 123/634 Loss: 0.226151
2023-01-07 16:20: Train Epoch 1: 127/634 Loss: 0.240128
2023-01-07 16:21: Train Epoch 1: 131/634 Loss: 0.194371
2023-01-07 16:21: Train Epoch 1: 135/634 Loss: 0.218531
2023-01-07 16:21: Train Epoch 1: 139/634 Loss: 0.230134
2023-01-07 16:21: Train Epoch 1: 143/634 Loss: 0.215543
2023-01-07 16:22: Train Epoch 1: 147/634 Loss: 0.204992
2023-01-07 16:22: Train Epoch 1: 151/634 Loss: 0.234117
2023-01-07 16:22: Train Epoch 1: 155/634 Loss: 0.245236
2023-01-07 16:22: Train Epoch 1: 159/634 Loss: 0.209112
2023-01-07 16:23: Train Epoch 1: 163/634 Loss: 0.233335
2023-01-07 16:23: Train Epoch 1: 167/634 Loss: 0.244417
2023-01-07 16:23: Train Epoch 1: 171/634 Loss: 0.214886
2023-01-07 16:23: Train Epoch 1: 175/634 Loss: 0.203540
2023-01-07 16:24: Train Epoch 1: 179/634 Loss: 0.247956
2023-01-07 16:24: Train Epoch 1: 183/634 Loss: 0.228151
2023-01-07 16:24: Train Epoch 1: 187/634 Loss: 0.198155
2023-01-07 16:25: Train Epoch 1: 191/634 Loss: 0.201864
2023-01-07 16:25: Train Epoch 1: 195/634 Loss: 0.219083
2023-01-07 16:25: Train Epoch 1: 199/634 Loss: 0.207062
2023-01-07 16:25: Train Epoch 1: 203/634 Loss: 0.220676
2023-01-07 16:26: Train Epoch 1: 207/634 Loss: 0.241436
2023-01-07 16:26: Train Epoch 1: 211/634 Loss: 0.229646
2023-01-07 16:26: Train Epoch 1: 215/634 Loss: 0.208033
2023-01-07 16:26: Train Epoch 1: 219/634 Loss: 0.218569
2023-01-07 16:27: Train Epoch 1: 223/634 Loss: 0.191483
2023-01-07 16:27: Train Epoch 1: 227/634 Loss: 0.207359
2023-01-07 16:27: Train Epoch 1: 231/634 Loss: 0.216418
2023-01-07 16:27: Train Epoch 1: 235/634 Loss: 0.197055
2023-01-07 16:28: Train Epoch 1: 239/634 Loss: 0.225113
2023-01-07 16:28: Train Epoch 1: 243/634 Loss: 0.199113
2023-01-07 16:28: Train Epoch 1: 247/634 Loss: 0.208610
2023-01-07 16:28: Train Epoch 1: 251/634 Loss: 0.218177
2023-01-07 16:29: Train Epoch 1: 255/634 Loss: 0.216126
2023-01-07 16:29: Train Epoch 1: 259/634 Loss: 0.226061
2023-01-07 16:29: Train Epoch 1: 263/634 Loss: 0.209632
2023-01-07 16:30: Train Epoch 1: 267/634 Loss: 0.235526
2023-01-07 16:30: Train Epoch 1: 271/634 Loss: 0.207775
2023-01-07 16:30: Train Epoch 1: 275/634 Loss: 0.189548
2023-01-07 16:30: Train Epoch 1: 279/634 Loss: 0.218758
2023-01-07 16:31: Train Epoch 1: 283/634 Loss: 0.219499
2023-01-07 16:31: Train Epoch 1: 287/634 Loss: 0.245774
2023-01-07 16:31: Train Epoch 1: 291/634 Loss: 0.245011
2023-01-07 16:31: Train Epoch 1: 295/634 Loss: 0.224663
2023-01-07 16:32: Train Epoch 1: 299/634 Loss: 0.196735
2023-01-07 16:32: Train Epoch 1: 303/634 Loss: 0.201866
2023-01-07 16:32: Train Epoch 1: 307/634 Loss: 0.207279
2023-01-07 16:32: Train Epoch 1: 311/634 Loss: 0.237496
2023-01-07 16:33: Train Epoch 1: 315/634 Loss: 0.212724
2023-01-07 16:33: Train Epoch 1: 319/634 Loss: 0.204497
2023-01-07 16:33: Train Epoch 1: 323/634 Loss: 0.197853
2023-01-07 16:33: Train Epoch 1: 327/634 Loss: 0.203175
2023-01-07 16:34: Train Epoch 1: 331/634 Loss: 0.199800
2023-01-07 16:34: Train Epoch 1: 335/634 Loss: 0.190876
2023-01-07 16:34: Train Epoch 1: 339/634 Loss: 0.221592
2023-01-07 16:34: Train Epoch 1: 343/634 Loss: 0.232167
2023-01-07 16:35: Train Epoch 1: 347/634 Loss: 0.222112
2023-01-07 16:35: Train Epoch 1: 351/634 Loss: 0.237330
2023-01-07 16:35: Train Epoch 1: 355/634 Loss: 0.220825
2023-01-07 16:35: Train Epoch 1: 359/634 Loss: 0.204345
2023-01-07 16:36: Train Epoch 1: 363/634 Loss: 0.169342
2023-01-07 16:36: Train Epoch 1: 367/634 Loss: 0.218130
2023-01-07 16:36: Train Epoch 1: 371/634 Loss: 0.206470
2023-01-07 16:37: Train Epoch 1: 375/634 Loss: 0.200453
2023-01-07 16:37: Train Epoch 1: 379/634 Loss: 0.251868
2023-01-07 16:37: Train Epoch 1: 383/634 Loss: 0.223482
2023-01-07 16:37: Train Epoch 1: 387/634 Loss: 0.183785
2023-01-07 16:38: Train Epoch 1: 391/634 Loss: 0.198511
2023-01-07 16:38: Train Epoch 1: 395/634 Loss: 0.212318
2023-01-07 16:38: Train Epoch 1: 399/634 Loss: 0.232401
2023-01-07 16:38: Train Epoch 1: 403/634 Loss: 0.177441
2023-01-07 16:39: Train Epoch 1: 407/634 Loss: 0.192523
2023-01-07 16:39: Train Epoch 1: 411/634 Loss: 0.226266
2023-01-07 16:39: Train Epoch 1: 415/634 Loss: 0.203686
2023-01-07 16:39: Train Epoch 1: 419/634 Loss: 0.194033
2023-01-07 16:40: Train Epoch 1: 423/634 Loss: 0.190133
2023-01-07 16:40: Train Epoch 1: 427/634 Loss: 0.226296
2023-01-07 16:40: Train Epoch 1: 431/634 Loss: 0.218140
2023-01-07 16:40: Train Epoch 1: 435/634 Loss: 0.204689
2023-01-07 16:41: Train Epoch 1: 439/634 Loss: 0.254402
2023-01-07 16:41: Train Epoch 1: 443/634 Loss: 0.225122
2023-01-07 16:41: Train Epoch 1: 447/634 Loss: 0.215952
2023-01-07 16:41: Train Epoch 1: 451/634 Loss: 0.205712
2023-01-07 16:42: Train Epoch 1: 455/634 Loss: 0.222968
2023-01-07 16:42: Train Epoch 1: 459/634 Loss: 0.222040
2023-01-07 16:42: Train Epoch 1: 463/634 Loss: 0.230920
2023-01-07 16:42: Train Epoch 1: 467/634 Loss: 0.235211
2023-01-07 16:43: Train Epoch 1: 471/634 Loss: 0.208742
2023-01-07 16:43: Train Epoch 1: 475/634 Loss: 0.185118
2023-01-07 16:43: Train Epoch 1: 479/634 Loss: 0.186363
2023-01-07 16:43: Train Epoch 1: 483/634 Loss: 0.201896
2023-01-07 16:44: Train Epoch 1: 487/634 Loss: 0.220060
2023-01-07 16:44: Train Epoch 1: 491/634 Loss: 0.228190
2023-01-07 16:44: Train Epoch 1: 495/634 Loss: 0.228740
2023-01-07 16:44: Train Epoch 1: 499/634 Loss: 0.226278
2023-01-07 16:45: Train Epoch 1: 503/634 Loss: 0.236542
2023-01-07 16:45: Train Epoch 1: 507/634 Loss: 0.209912
2023-01-07 16:45: Train Epoch 1: 511/634 Loss: 0.203306
2023-01-07 16:45: Train Epoch 1: 515/634 Loss: 0.209500
2023-01-07 16:46: Train Epoch 1: 519/634 Loss: 0.208169
2023-01-07 16:46: Train Epoch 1: 523/634 Loss: 0.214279
2023-01-07 16:46: Train Epoch 1: 527/634 Loss: 0.208350
2023-01-07 16:47: Train Epoch 1: 531/634 Loss: 0.245211
2023-01-07 16:47: Train Epoch 1: 535/634 Loss: 0.220371
2023-01-07 16:47: Train Epoch 1: 539/634 Loss: 0.210356
2023-01-07 16:47: Train Epoch 1: 543/634 Loss: 0.231263
2023-01-07 16:48: Train Epoch 1: 547/634 Loss: 0.214223
2023-01-07 16:48: Train Epoch 1: 551/634 Loss: 0.219225
2023-01-07 16:48: Train Epoch 1: 555/634 Loss: 0.238676
2023-01-07 16:48: Train Epoch 1: 559/634 Loss: 0.200041
2023-01-07 16:48: Train Epoch 1: 563/634 Loss: 0.225375
2023-01-07 16:49: Train Epoch 1: 567/634 Loss: 0.207331
2023-01-07 16:49: Train Epoch 1: 571/634 Loss: 0.198344
2023-01-07 16:49: Train Epoch 1: 575/634 Loss: 0.212389
2023-01-07 16:50: Train Epoch 1: 579/634 Loss: 0.212697
2023-01-07 16:50: Train Epoch 1: 583/634 Loss: 0.194929
2023-01-07 16:50: Train Epoch 1: 587/634 Loss: 0.212905
2023-01-07 16:50: Train Epoch 1: 591/634 Loss: 0.211805
2023-01-07 16:51: Train Epoch 1: 595/634 Loss: 0.214965
2023-01-07 16:51: Train Epoch 1: 599/634 Loss: 0.203627
2023-01-07 16:51: Train Epoch 1: 603/634 Loss: 0.191097
2023-01-07 16:51: Train Epoch 1: 607/634 Loss: 0.201035
2023-01-07 16:52: Train Epoch 1: 611/634 Loss: 0.204223
2023-01-07 16:52: Train Epoch 1: 615/634 Loss: 0.202463
2023-01-07 16:52: Train Epoch 1: 619/634 Loss: 0.193824
2023-01-07 16:52: Train Epoch 1: 623/634 Loss: 0.225832
2023-01-07 16:52: Train Epoch 1: 627/634 Loss: 0.213185
2023-01-07 16:53: Train Epoch 1: 631/634 Loss: 0.185824
2023-01-07 16:53: Train Epoch 1: 633/634 Loss: 0.086387
2023-01-07 16:53: **********Train Epoch 1: averaged Loss: 0.226142 
2023-01-07 16:53: 
Epoch time elapsed: 2463.2106199264526

2023-01-07 16:54: 
 metrics validation: {'precision': 0.6994894237782641, 'recall': 0.7376923076923076, 'f1-score': 0.7180831149382254, 'support': 1300, 'AUC': 0.8278150887573965, 'AUCPR': 0.7031946114033447, 'TP': 959, 'FP': 412, 'TN': 2188, 'FN': 341} 

2023-01-07 16:54: **********Val Epoch 1: average Loss: 0.232172
2023-01-07 16:54: *********************************Current best model saved!
2023-01-07 16:55: 
 Testing metrics {'precision': 0.74251968503937, 'recall': 0.7679153094462541, 'f1-score': 0.755004003202562, 'support': 1228, 'AUC': 0.8636895351674818, 'AUCPR': 0.7715739052129101, 'TP': 943, 'FP': 327, 'TN': 2129, 'FN': 285} 

2023-01-07 16:59: 
 Testing metrics {'precision': 0.8271425606972401, 'recall': 0.9044701611073293, 'f1-score': 0.8640797745501844, 'support': 4407, 'AUC': 0.9636407804507228, 'AUCPR': 0.9363673160079691, 'TP': 3986, 'FP': 833, 'TN': 7981, 'FN': 421} 

2023-01-07 17:00: Train Epoch 2: 3/634 Loss: 0.197670
2023-01-07 17:00: Train Epoch 2: 7/634 Loss: 0.218229
2023-01-07 17:00: Train Epoch 2: 11/634 Loss: 0.225026
2023-01-07 17:00: Train Epoch 2: 15/634 Loss: 0.200338
2023-01-07 17:01: Train Epoch 2: 19/634 Loss: 0.207519
2023-01-07 17:01: Train Epoch 2: 23/634 Loss: 0.238381
2023-01-07 17:01: Train Epoch 2: 27/634 Loss: 0.218525
2023-01-07 17:01: Train Epoch 2: 31/634 Loss: 0.227691
2023-01-07 17:02: Train Epoch 2: 35/634 Loss: 0.197357
2023-01-07 17:02: Train Epoch 2: 39/634 Loss: 0.193817
2023-01-07 17:02: Train Epoch 2: 43/634 Loss: 0.209437
2023-01-07 17:03: Train Epoch 2: 47/634 Loss: 0.203474
2023-01-07 17:03: Train Epoch 2: 51/634 Loss: 0.197710
2023-01-07 17:03: Train Epoch 2: 55/634 Loss: 0.202312
2023-01-07 17:03: Train Epoch 2: 59/634 Loss: 0.234516
2023-01-07 17:04: Train Epoch 2: 63/634 Loss: 0.231689
2023-01-07 17:04: Train Epoch 2: 67/634 Loss: 0.207302
2023-01-07 17:04: Train Epoch 2: 71/634 Loss: 0.185970
2023-01-07 17:04: Train Epoch 2: 75/634 Loss: 0.215704
2023-01-07 17:05: Train Epoch 2: 79/634 Loss: 0.201173
2023-01-07 17:05: Train Epoch 2: 83/634 Loss: 0.235380
2023-01-07 17:05: Train Epoch 2: 87/634 Loss: 0.210833
2023-01-07 17:06: Train Epoch 2: 91/634 Loss: 0.193551
2023-01-07 17:06: Train Epoch 2: 95/634 Loss: 0.233840
2023-01-07 17:06: Train Epoch 2: 99/634 Loss: 0.214097
2023-01-07 17:06: Train Epoch 2: 103/634 Loss: 0.185734
2023-01-07 17:07: Train Epoch 2: 107/634 Loss: 0.213235
2023-01-07 17:07: Train Epoch 2: 111/634 Loss: 0.220002
2023-01-07 17:07: Train Epoch 2: 115/634 Loss: 0.201505
2023-01-07 17:07: Train Epoch 2: 119/634 Loss: 0.230069
2023-01-07 17:08: Train Epoch 2: 123/634 Loss: 0.213543
2023-01-07 17:08: Train Epoch 2: 127/634 Loss: 0.188198
2023-01-07 17:08: Train Epoch 2: 131/634 Loss: 0.219970
2023-01-07 17:09: Train Epoch 2: 135/634 Loss: 0.208273
2023-01-07 17:09: Train Epoch 2: 139/634 Loss: 0.214272
2023-01-07 17:09: Train Epoch 2: 143/634 Loss: 0.210788
2023-01-07 17:09: Train Epoch 2: 147/634 Loss: 0.219560
2023-01-07 17:10: Train Epoch 2: 151/634 Loss: 0.194818
2023-01-07 17:10: Train Epoch 2: 155/634 Loss: 0.206800
2023-01-07 17:10: Train Epoch 2: 159/634 Loss: 0.176816
2023-01-07 17:10: Train Epoch 2: 163/634 Loss: 0.217801
2023-01-07 17:11: Train Epoch 2: 167/634 Loss: 0.182788
2023-01-07 17:11: Train Epoch 2: 171/634 Loss: 0.197248
2023-01-07 17:11: Train Epoch 2: 175/634 Loss: 0.219178
2023-01-07 17:12: Train Epoch 2: 179/634 Loss: 0.227107
2023-01-07 17:12: Train Epoch 2: 183/634 Loss: 0.202139
2023-01-07 17:12: Train Epoch 2: 187/634 Loss: 0.178442
2023-01-07 17:12: Train Epoch 2: 191/634 Loss: 0.197426
2023-01-07 17:13: Train Epoch 2: 195/634 Loss: 0.193265
2023-01-07 17:13: Train Epoch 2: 199/634 Loss: 0.202132
2023-01-07 17:13: Train Epoch 2: 203/634 Loss: 0.214446
2023-01-07 17:13: Train Epoch 2: 207/634 Loss: 0.207085
2023-01-07 17:14: Train Epoch 2: 211/634 Loss: 0.208700
2023-01-07 17:14: Train Epoch 2: 215/634 Loss: 0.196358
2023-01-07 17:14: Train Epoch 2: 219/634 Loss: 0.216945
2023-01-07 17:15: Train Epoch 2: 223/634 Loss: 0.169239
2023-01-07 17:15: Train Epoch 2: 227/634 Loss: 0.236022
2023-01-07 17:15: Train Epoch 2: 231/634 Loss: 0.185312
2023-01-07 17:15: Train Epoch 2: 235/634 Loss: 0.200445
2023-01-07 17:16: Train Epoch 2: 239/634 Loss: 0.197866
2023-01-07 17:16: Train Epoch 2: 243/634 Loss: 0.189090
2023-01-07 17:16: Train Epoch 2: 247/634 Loss: 0.221277
2023-01-07 17:16: Train Epoch 2: 251/634 Loss: 0.215261
2023-01-07 17:17: Train Epoch 2: 255/634 Loss: 0.196876
2023-01-07 17:17: Train Epoch 2: 259/634 Loss: 0.196217
2023-01-07 17:17: Train Epoch 2: 263/634 Loss: 0.207696
2023-01-07 17:18: Train Epoch 2: 267/634 Loss: 0.179465
2023-01-07 17:18: Train Epoch 2: 271/634 Loss: 0.228819
2023-01-07 17:18: Train Epoch 2: 275/634 Loss: 0.194378
2023-01-07 17:18: Train Epoch 2: 279/634 Loss: 0.205455
2023-01-07 17:19: Train Epoch 2: 283/634 Loss: 0.174869
2023-01-07 17:19: Train Epoch 2: 287/634 Loss: 0.185432
2023-01-07 17:19: Train Epoch 2: 291/634 Loss: 0.219823
2023-01-07 17:19: Train Epoch 2: 295/634 Loss: 0.184962
2023-01-07 17:20: Train Epoch 2: 299/634 Loss: 0.202569
2023-01-07 17:20: Train Epoch 2: 303/634 Loss: 0.244343
2023-01-07 17:20: Train Epoch 2: 307/634 Loss: 0.194892
2023-01-07 17:21: Train Epoch 2: 311/634 Loss: 0.230137
2023-01-07 17:21: Train Epoch 2: 315/634 Loss: 0.234112
2023-01-07 17:21: Train Epoch 2: 319/634 Loss: 0.207232
2023-01-07 17:21: Train Epoch 2: 323/634 Loss: 0.233430
2023-01-07 17:22: Train Epoch 2: 327/634 Loss: 0.183987
2023-01-07 17:22: Train Epoch 2: 331/634 Loss: 0.199218
2023-01-07 17:22: Train Epoch 2: 335/634 Loss: 0.174986
2023-01-07 17:23: Train Epoch 2: 339/634 Loss: 0.197342
2023-01-07 17:23: Train Epoch 2: 343/634 Loss: 0.215116
2023-01-07 17:23: Train Epoch 2: 347/634 Loss: 0.210255
2023-01-07 17:23: Train Epoch 2: 351/634 Loss: 0.189900
2023-01-07 17:24: Train Epoch 2: 355/634 Loss: 0.193772
2023-01-07 17:24: Train Epoch 2: 359/634 Loss: 0.197253
2023-01-07 17:24: Train Epoch 2: 363/634 Loss: 0.197386
2023-01-07 17:24: Train Epoch 2: 367/634 Loss: 0.215672
2023-01-07 17:25: Train Epoch 2: 371/634 Loss: 0.183302
2023-01-07 17:25: Train Epoch 2: 375/634 Loss: 0.191713
2023-01-07 17:25: Train Epoch 2: 379/634 Loss: 0.154151
2023-01-07 17:26: Train Epoch 2: 383/634 Loss: 0.203043
2023-01-07 17:26: Train Epoch 2: 387/634 Loss: 0.234766
2023-01-07 17:26: Train Epoch 2: 391/634 Loss: 0.244395
2023-01-07 17:26: Train Epoch 2: 395/634 Loss: 0.169328
2023-01-07 17:27: Train Epoch 2: 399/634 Loss: 0.187336
2023-01-07 17:27: Train Epoch 2: 403/634 Loss: 0.190806
2023-01-07 17:27: Train Epoch 2: 407/634 Loss: 0.228345
2023-01-07 17:27: Train Epoch 2: 411/634 Loss: 0.188088
2023-01-07 17:28: Train Epoch 2: 415/634 Loss: 0.218147
2023-01-07 17:28: Train Epoch 2: 419/634 Loss: 0.201157
2023-01-07 17:28: Train Epoch 2: 423/634 Loss: 0.190395
2023-01-07 17:28: Train Epoch 2: 427/634 Loss: 0.160006
2023-01-07 17:29: Train Epoch 2: 431/634 Loss: 0.217892
2023-01-07 17:29: Train Epoch 2: 435/634 Loss: 0.229580
2023-01-07 17:29: Train Epoch 2: 439/634 Loss: 0.196785
2023-01-07 17:30: Train Epoch 2: 443/634 Loss: 0.187811
2023-01-07 17:30: Train Epoch 2: 447/634 Loss: 0.219047
2023-01-07 17:30: Train Epoch 2: 451/634 Loss: 0.190087
2023-01-07 17:30: Train Epoch 2: 455/634 Loss: 0.201660
2023-01-07 17:31: Train Epoch 2: 459/634 Loss: 0.200286
2023-01-07 17:31: Train Epoch 2: 463/634 Loss: 0.184049
2023-01-07 17:31: Train Epoch 2: 467/634 Loss: 0.171805
2023-01-07 17:31: Train Epoch 2: 471/634 Loss: 0.188062
2023-01-07 17:32: Train Epoch 2: 475/634 Loss: 0.171824
2023-01-07 17:32: Train Epoch 2: 479/634 Loss: 0.211240
2023-01-07 17:32: Train Epoch 2: 483/634 Loss: 0.214759
2023-01-07 17:33: Train Epoch 2: 487/634 Loss: 0.209312
2023-01-07 17:33: Train Epoch 2: 491/634 Loss: 0.193132
2023-01-07 17:33: Train Epoch 2: 495/634 Loss: 0.197375
2023-01-07 17:33: Train Epoch 2: 499/634 Loss: 0.195611
2023-01-07 17:34: Train Epoch 2: 503/634 Loss: 0.190236
2023-01-07 17:34: Train Epoch 2: 507/634 Loss: 0.176464
2023-01-07 17:34: Train Epoch 2: 511/634 Loss: 0.213440
2023-01-07 17:35: Train Epoch 2: 515/634 Loss: 0.187261
2023-01-07 17:35: Train Epoch 2: 519/634 Loss: 0.195715
2023-01-07 17:35: Train Epoch 2: 523/634 Loss: 0.198349
2023-01-07 17:35: Train Epoch 2: 527/634 Loss: 0.189792
2023-01-07 17:36: Train Epoch 2: 531/634 Loss: 0.176076
2023-01-07 17:36: Train Epoch 2: 535/634 Loss: 0.192366
2023-01-07 17:36: Train Epoch 2: 539/634 Loss: 0.174181
2023-01-07 17:37: Train Epoch 2: 543/634 Loss: 0.224448
2023-01-07 17:37: Train Epoch 2: 547/634 Loss: 0.190284
2023-01-07 17:37: Train Epoch 2: 551/634 Loss: 0.173088
2023-01-07 17:37: Train Epoch 2: 555/634 Loss: 0.191182
2023-01-07 17:38: Train Epoch 2: 559/634 Loss: 0.204139
2023-01-07 17:38: Train Epoch 2: 563/634 Loss: 0.179514
2023-01-07 17:38: Train Epoch 2: 567/634 Loss: 0.199185
2023-01-07 17:39: Train Epoch 2: 571/634 Loss: 0.220193
2023-01-07 17:39: Train Epoch 2: 575/634 Loss: 0.187842
2023-01-07 17:39: Train Epoch 2: 579/634 Loss: 0.189574
2023-01-07 17:39: Train Epoch 2: 583/634 Loss: 0.215755
2023-01-07 17:40: Train Epoch 2: 587/634 Loss: 0.205615
2023-01-07 17:40: Train Epoch 2: 591/634 Loss: 0.217885
2023-01-07 17:40: Train Epoch 2: 595/634 Loss: 0.216719
2023-01-07 17:41: Train Epoch 2: 599/634 Loss: 0.204391
2023-01-07 17:41: Train Epoch 2: 603/634 Loss: 0.218301
2023-01-07 17:41: Train Epoch 2: 607/634 Loss: 0.210321
2023-01-07 17:41: Train Epoch 2: 611/634 Loss: 0.212443
2023-01-07 17:42: Train Epoch 2: 615/634 Loss: 0.211861
2023-01-07 17:42: Train Epoch 2: 619/634 Loss: 0.219741
2023-01-07 17:42: Train Epoch 2: 623/634 Loss: 0.201520
2023-01-07 17:42: Train Epoch 2: 627/634 Loss: 0.169326
2023-01-07 17:43: Train Epoch 2: 631/634 Loss: 0.208264
2023-01-07 17:43: Train Epoch 2: 633/634 Loss: 0.067051
2023-01-07 17:43: **********Train Epoch 2: averaged Loss: 0.202101 
2023-01-07 17:43: 
Epoch time elapsed: 2605.9818937778473

2023-01-07 17:44: 
 metrics validation: {'precision': 0.7773399014778325, 'recall': 0.6069230769230769, 'f1-score': 0.6816414686825054, 'support': 1300, 'AUC': 0.865681952662722, 'AUCPR': 0.7514989737721138, 'TP': 789, 'FP': 226, 'TN': 2374, 'FN': 511} 

2023-01-07 17:44: **********Val Epoch 2: average Loss: 0.211028
2023-01-07 17:44: *********************************Current best model saved!
2023-01-07 17:45: 
 Testing metrics {'precision': 0.8270042194092827, 'recall': 0.6384364820846905, 'f1-score': 0.7205882352941176, 'support': 1228, 'AUC': 0.8842660134325033, 'AUCPR': 0.8095585275467048, 'TP': 784, 'FP': 164, 'TN': 2292, 'FN': 444} 

2023-01-07 17:49: 
 Testing metrics {'precision': 0.8966414380321666, 'recall': 0.8602223734967098, 'f1-score': 0.8780544296467864, 'support': 4407, 'AUC': 0.9658751813504611, 'AUCPR': 0.935061671843287, 'TP': 3791, 'FP': 437, 'TN': 8377, 'FN': 616} 

2023-01-07 17:49: Train Epoch 3: 3/634 Loss: 0.174051
2023-01-07 17:50: Train Epoch 3: 7/634 Loss: 0.172425
2023-01-07 17:50: Train Epoch 3: 11/634 Loss: 0.209871
2023-01-07 17:50: Train Epoch 3: 15/634 Loss: 0.200550
2023-01-07 17:50: Train Epoch 3: 19/634 Loss: 0.190112
2023-01-07 17:51: Train Epoch 3: 23/634 Loss: 0.182782
2023-01-07 17:51: Train Epoch 3: 27/634 Loss: 0.169627
2023-01-07 17:51: Train Epoch 3: 31/634 Loss: 0.189877
2023-01-07 17:52: Train Epoch 3: 35/634 Loss: 0.247864
2023-01-07 17:52: Train Epoch 3: 39/634 Loss: 0.184177
2023-01-07 17:52: Train Epoch 3: 43/634 Loss: 0.185203
2023-01-07 17:52: Train Epoch 3: 47/634 Loss: 0.186389
2023-01-07 17:53: Train Epoch 3: 51/634 Loss: 0.182398
2023-01-07 17:53: Train Epoch 3: 55/634 Loss: 0.183622
2023-01-07 17:53: Train Epoch 3: 59/634 Loss: 0.189153
2023-01-07 17:53: Train Epoch 3: 63/634 Loss: 0.206373
2023-01-07 17:54: Train Epoch 3: 67/634 Loss: 0.188494
2023-01-07 17:54: Train Epoch 3: 71/634 Loss: 0.185907
2023-01-07 17:54: Train Epoch 3: 75/634 Loss: 0.180684
2023-01-07 17:54: Train Epoch 3: 79/634 Loss: 0.212610
2023-01-07 17:54: Train Epoch 3: 83/634 Loss: 0.210400
2023-01-07 17:55: Train Epoch 3: 87/634 Loss: 0.194593
2023-01-07 17:55: Train Epoch 3: 91/634 Loss: 0.194387
2023-01-07 17:55: Train Epoch 3: 95/634 Loss: 0.184784
2023-01-07 17:56: Train Epoch 3: 99/634 Loss: 0.170756
2023-01-07 17:56: Train Epoch 3: 103/634 Loss: 0.199009
2023-01-07 17:56: Train Epoch 3: 107/634 Loss: 0.189105
2023-01-07 17:56: Train Epoch 3: 111/634 Loss: 0.187905
2023-01-07 17:57: Train Epoch 3: 115/634 Loss: 0.195267
2023-01-07 17:57: Train Epoch 3: 119/634 Loss: 0.210498
2023-01-07 17:57: Train Epoch 3: 123/634 Loss: 0.202393
2023-01-07 17:57: Train Epoch 3: 127/634 Loss: 0.171401
2023-01-07 17:58: Train Epoch 3: 131/634 Loss: 0.152965
2023-01-07 17:58: Train Epoch 3: 135/634 Loss: 0.234936
2023-01-07 17:58: Train Epoch 3: 139/634 Loss: 0.245101
2023-01-07 17:59: Train Epoch 3: 143/634 Loss: 0.194031
2023-01-07 17:59: Train Epoch 3: 147/634 Loss: 0.179080
2023-01-07 17:59: Train Epoch 3: 151/634 Loss: 0.212435
2023-01-07 17:59: Train Epoch 3: 155/634 Loss: 0.169554
2023-01-07 18:00: Train Epoch 3: 159/634 Loss: 0.192715
2023-01-07 18:00: Train Epoch 3: 163/634 Loss: 0.194185
2023-01-07 18:00: Train Epoch 3: 167/634 Loss: 0.219833
2023-01-07 18:00: Train Epoch 3: 171/634 Loss: 0.204994
2023-01-07 18:01: Train Epoch 3: 175/634 Loss: 0.219329
2023-01-07 18:01: Train Epoch 3: 179/634 Loss: 0.191049
2023-01-07 18:01: Train Epoch 3: 183/634 Loss: 0.204761
2023-01-07 18:01: Train Epoch 3: 187/634 Loss: 0.200280
2023-01-07 18:02: Train Epoch 3: 191/634 Loss: 0.226842
2023-01-07 18:02: Train Epoch 3: 195/634 Loss: 0.175334
2023-01-07 18:02: Train Epoch 3: 199/634 Loss: 0.222269
2023-01-07 18:03: Train Epoch 3: 203/634 Loss: 0.159054
2023-01-07 18:03: Train Epoch 3: 207/634 Loss: 0.252047
2023-01-07 18:03: Train Epoch 3: 211/634 Loss: 0.211835
2023-01-07 18:03: Train Epoch 3: 215/634 Loss: 0.208798
2023-01-07 18:04: Train Epoch 3: 219/634 Loss: 0.210423
2023-01-07 18:04: Train Epoch 3: 223/634 Loss: 0.186778
2023-01-07 18:04: Train Epoch 3: 227/634 Loss: 0.169265
2023-01-07 18:04: Train Epoch 3: 231/634 Loss: 0.213794
2023-01-07 18:05: Train Epoch 3: 235/634 Loss: 0.221069
2023-01-07 18:05: Train Epoch 3: 239/634 Loss: 0.176093
2023-01-07 18:05: Train Epoch 3: 243/634 Loss: 0.213615
2023-01-07 18:05: Train Epoch 3: 247/634 Loss: 0.197161
2023-01-07 18:06: Train Epoch 3: 251/634 Loss: 0.205339
2023-01-07 18:06: Train Epoch 3: 255/634 Loss: 0.190099
2023-01-07 18:06: Train Epoch 3: 259/634 Loss: 0.197492
2023-01-07 18:06: Train Epoch 3: 263/634 Loss: 0.169135
2023-01-07 18:07: Train Epoch 3: 267/634 Loss: 0.201352
2023-01-07 18:07: Train Epoch 3: 271/634 Loss: 0.197722
2023-01-07 18:07: Train Epoch 3: 275/634 Loss: 0.174255
2023-01-07 18:08: Train Epoch 3: 279/634 Loss: 0.232915
2023-01-07 18:08: Train Epoch 3: 283/634 Loss: 0.153422
2023-01-07 18:08: Train Epoch 3: 287/634 Loss: 0.181532
2023-01-07 18:08: Train Epoch 3: 291/634 Loss: 0.168866
2023-01-07 18:09: Train Epoch 3: 295/634 Loss: 0.187850
2023-01-07 18:09: Train Epoch 3: 299/634 Loss: 0.185857
2023-01-07 18:09: Train Epoch 3: 303/634 Loss: 0.180246
2023-01-07 18:09: Train Epoch 3: 307/634 Loss: 0.202128
2023-01-07 18:10: Train Epoch 3: 311/634 Loss: 0.193781
2023-01-07 18:10: Train Epoch 3: 315/634 Loss: 0.179493
2023-01-07 18:10: Train Epoch 3: 319/634 Loss: 0.183413
2023-01-07 18:10: Train Epoch 3: 323/634 Loss: 0.190591
2023-01-07 18:11: Train Epoch 3: 327/634 Loss: 0.184540
2023-01-07 18:11: Train Epoch 3: 331/634 Loss: 0.209378
2023-01-07 18:11: Train Epoch 3: 335/634 Loss: 0.187942
2023-01-07 18:11: Train Epoch 3: 339/634 Loss: 0.200387
2023-01-07 18:12: Train Epoch 3: 343/634 Loss: 0.198030
2023-01-07 18:12: Train Epoch 3: 347/634 Loss: 0.155208
2023-01-07 18:12: Train Epoch 3: 351/634 Loss: 0.183385
2023-01-07 18:13: Train Epoch 3: 355/634 Loss: 0.177594
2023-01-07 18:13: Train Epoch 3: 359/634 Loss: 0.160973
2023-01-07 18:13: Train Epoch 3: 363/634 Loss: 0.181325
2023-01-07 18:13: Train Epoch 3: 367/634 Loss: 0.194869
2023-01-07 18:14: Train Epoch 3: 371/634 Loss: 0.194604
2023-01-07 18:14: Train Epoch 3: 375/634 Loss: 0.206355
2023-01-07 18:14: Train Epoch 3: 379/634 Loss: 0.181581
2023-01-07 18:14: Train Epoch 3: 383/634 Loss: 0.231863
2023-01-07 18:15: Train Epoch 3: 387/634 Loss: 0.160694
2023-01-07 18:15: Train Epoch 3: 391/634 Loss: 0.195240
2023-01-07 18:15: Train Epoch 3: 395/634 Loss: 0.198259
2023-01-07 18:15: Train Epoch 3: 399/634 Loss: 0.201090
2023-01-07 18:16: Train Epoch 3: 403/634 Loss: 0.175211
2023-01-07 18:16: Train Epoch 3: 407/634 Loss: 0.201099
2023-01-07 18:16: Train Epoch 3: 411/634 Loss: 0.172376
2023-01-07 18:16: Train Epoch 3: 415/634 Loss: 0.219973
2023-01-07 18:17: Train Epoch 3: 419/634 Loss: 0.212401
2023-01-07 18:17: Train Epoch 3: 423/634 Loss: 0.187050
2023-01-07 18:17: Train Epoch 3: 427/634 Loss: 0.196868
2023-01-07 18:17: Train Epoch 3: 431/634 Loss: 0.187416
2023-01-07 18:18: Train Epoch 3: 435/634 Loss: 0.204807
2023-01-07 18:18: Train Epoch 3: 439/634 Loss: 0.168393
2023-01-07 18:18: Train Epoch 3: 443/634 Loss: 0.181576
2023-01-07 18:18: Train Epoch 3: 447/634 Loss: 0.204197
2023-01-07 18:19: Train Epoch 3: 451/634 Loss: 0.192089
2023-01-07 18:19: Train Epoch 3: 455/634 Loss: 0.196919
2023-01-07 18:19: Train Epoch 3: 459/634 Loss: 0.192440
2023-01-07 18:19: Train Epoch 3: 463/634 Loss: 0.196848
2023-01-07 18:20: Train Epoch 3: 467/634 Loss: 0.195626
2023-01-07 18:20: Train Epoch 3: 471/634 Loss: 0.209455
2023-01-07 18:20: Train Epoch 3: 475/634 Loss: 0.157021
2023-01-07 18:21: Train Epoch 3: 479/634 Loss: 0.218995
2023-01-07 18:21: Train Epoch 3: 483/634 Loss: 0.176293
2023-01-07 18:21: Train Epoch 3: 487/634 Loss: 0.209086
2023-01-07 18:21: Train Epoch 3: 491/634 Loss: 0.192296
2023-01-07 18:22: Train Epoch 3: 495/634 Loss: 0.184285
2023-01-07 18:22: Train Epoch 3: 499/634 Loss: 0.201566
2023-01-07 18:22: Train Epoch 3: 503/634 Loss: 0.192623
2023-01-07 18:22: Train Epoch 3: 507/634 Loss: 0.197538
2023-01-07 18:23: Train Epoch 3: 511/634 Loss: 0.178900
2023-01-07 18:23: Train Epoch 3: 515/634 Loss: 0.168180
2023-01-07 18:23: Train Epoch 3: 519/634 Loss: 0.158259
2023-01-07 18:23: Train Epoch 3: 523/634 Loss: 0.182460
2023-01-07 18:24: Train Epoch 3: 527/634 Loss: 0.215359
2023-01-07 18:24: Train Epoch 3: 531/634 Loss: 0.189371
2023-01-07 18:24: Train Epoch 3: 535/634 Loss: 0.186623
2023-01-07 18:25: Train Epoch 3: 539/634 Loss: 0.193486
2023-01-07 18:25: Train Epoch 3: 543/634 Loss: 0.158995
2023-01-07 18:25: Train Epoch 3: 547/634 Loss: 0.188485
2023-01-07 18:25: Train Epoch 3: 551/634 Loss: 0.179939
2023-01-07 18:26: Train Epoch 3: 555/634 Loss: 0.193885
2023-01-07 18:26: Train Epoch 3: 559/634 Loss: 0.185105
2023-01-07 18:26: Train Epoch 3: 563/634 Loss: 0.171603
2023-01-07 18:26: Train Epoch 3: 567/634 Loss: 0.191099
2023-01-07 18:27: Train Epoch 3: 571/634 Loss: 0.180909
2023-01-07 18:27: Train Epoch 3: 575/634 Loss: 0.203718
2023-01-07 18:27: Train Epoch 3: 579/634 Loss: 0.186886
2023-01-07 18:27: Train Epoch 3: 583/634 Loss: 0.176178
2023-01-07 18:28: Train Epoch 3: 587/634 Loss: 0.160850
2023-01-07 18:28: Train Epoch 3: 591/634 Loss: 0.200604
2023-01-07 18:28: Train Epoch 3: 595/634 Loss: 0.200388
2023-01-07 18:29: Train Epoch 3: 599/634 Loss: 0.175206
2023-01-07 18:29: Train Epoch 3: 603/634 Loss: 0.200607
2023-01-07 18:29: Train Epoch 3: 607/634 Loss: 0.200954
2023-01-07 18:29: Train Epoch 3: 611/634 Loss: 0.148332
2023-01-07 18:30: Train Epoch 3: 615/634 Loss: 0.227397
2023-01-07 18:30: Train Epoch 3: 619/634 Loss: 0.198398
2023-01-07 18:30: Train Epoch 3: 623/634 Loss: 0.178820
2023-01-07 18:30: Train Epoch 3: 627/634 Loss: 0.165915
2023-01-07 18:31: Train Epoch 3: 631/634 Loss: 0.182078
2023-01-07 18:31: Train Epoch 3: 633/634 Loss: 0.102558
2023-01-07 18:31: **********Train Epoch 3: averaged Loss: 0.191365 
2023-01-07 18:31: 
Epoch time elapsed: 2493.2317736148834

2023-01-07 18:32: 
 metrics validation: {'precision': 0.7804674457429048, 'recall': 0.7192307692307692, 'f1-score': 0.7485988791032826, 'support': 1300, 'AUC': 0.8818254437869822, 'AUCPR': 0.7940866883290894, 'TP': 935, 'FP': 263, 'TN': 2337, 'FN': 365} 

2023-01-07 18:32: **********Val Epoch 3: average Loss: 0.196190
2023-01-07 18:32: *********************************Current best model saved!
2023-01-07 18:33: 
 Testing metrics {'precision': 0.8228678537956888, 'recall': 0.7149837133550488, 'f1-score': 0.7651416122004356, 'support': 1228, 'AUC': 0.898835465097773, 'AUCPR': 0.8366051007286393, 'TP': 878, 'FP': 189, 'TN': 2267, 'FN': 350} 

2023-01-07 18:37: 
 Testing metrics {'precision': 0.8913916146297948, 'recall': 0.9069661901520308, 'f1-score': 0.8991114610280058, 'support': 4407, 'AUC': 0.9726738960219082, 'AUCPR': 0.9472250522877347, 'TP': 3997, 'FP': 487, 'TN': 8327, 'FN': 410} 

2023-01-07 18:37: Train Epoch 4: 3/634 Loss: 0.219566
2023-01-07 18:38: Train Epoch 4: 7/634 Loss: 0.156497
2023-01-07 18:38: Train Epoch 4: 11/634 Loss: 0.196832
2023-01-07 18:38: Train Epoch 4: 15/634 Loss: 0.176854
2023-01-07 18:38: Train Epoch 4: 19/634 Loss: 0.160711
2023-01-07 18:39: Train Epoch 4: 23/634 Loss: 0.173144
2023-01-07 18:39: Train Epoch 4: 27/634 Loss: 0.194468
2023-01-07 18:39: Train Epoch 4: 31/634 Loss: 0.194036
2023-01-07 18:39: Train Epoch 4: 35/634 Loss: 0.176891
2023-01-07 18:40: Train Epoch 4: 39/634 Loss: 0.185824
2023-01-07 18:40: Train Epoch 4: 43/634 Loss: 0.225169
2023-01-07 18:40: Train Epoch 4: 47/634 Loss: 0.171562
2023-01-07 18:40: Train Epoch 4: 51/634 Loss: 0.214095
2023-01-07 18:41: Train Epoch 4: 55/634 Loss: 0.183831
2023-01-07 18:41: Train Epoch 4: 59/634 Loss: 0.191917
2023-01-07 18:41: Train Epoch 4: 63/634 Loss: 0.203300
2023-01-07 18:41: Train Epoch 4: 67/634 Loss: 0.148858
2023-01-07 18:42: Train Epoch 4: 71/634 Loss: 0.164151
2023-01-07 18:42: Train Epoch 4: 75/634 Loss: 0.181941
2023-01-07 18:42: Train Epoch 4: 79/634 Loss: 0.191753
2023-01-07 18:43: Train Epoch 4: 83/634 Loss: 0.163646
2023-01-07 18:43: Train Epoch 4: 87/634 Loss: 0.172613
2023-01-07 18:43: Train Epoch 4: 91/634 Loss: 0.222388
2023-01-07 18:43: Train Epoch 4: 95/634 Loss: 0.224121
2023-01-07 18:44: Train Epoch 4: 99/634 Loss: 0.182143
2023-01-07 18:44: Train Epoch 4: 103/634 Loss: 0.189189
2023-01-07 18:44: Train Epoch 4: 107/634 Loss: 0.201007
2023-01-07 18:44: Train Epoch 4: 111/634 Loss: 0.218207
2023-01-07 18:45: Train Epoch 4: 115/634 Loss: 0.197327
2023-01-07 18:45: Train Epoch 4: 119/634 Loss: 0.172923
2023-01-07 18:45: Train Epoch 4: 123/634 Loss: 0.198944
2023-01-07 18:45: Train Epoch 4: 127/634 Loss: 0.192016
2023-01-07 18:46: Train Epoch 4: 131/634 Loss: 0.170779
2023-01-07 18:46: Train Epoch 4: 135/634 Loss: 0.172813
2023-01-07 18:46: Train Epoch 4: 139/634 Loss: 0.209440
2023-01-07 18:46: Train Epoch 4: 143/634 Loss: 0.180221
2023-01-07 18:47: Train Epoch 4: 147/634 Loss: 0.144354
2023-01-07 18:47: Train Epoch 4: 151/634 Loss: 0.215956
2023-01-07 18:47: Train Epoch 4: 155/634 Loss: 0.185155
2023-01-07 18:47: Train Epoch 4: 159/634 Loss: 0.171258
2023-01-07 18:48: Train Epoch 4: 163/634 Loss: 0.185412
2023-01-07 18:48: Train Epoch 4: 167/634 Loss: 0.176709
2023-01-07 18:48: Train Epoch 4: 171/634 Loss: 0.188311
2023-01-07 18:49: Train Epoch 4: 175/634 Loss: 0.184791
2023-01-07 18:49: Train Epoch 4: 179/634 Loss: 0.180410
2023-01-07 18:49: Train Epoch 4: 183/634 Loss: 0.184189
2023-01-07 18:49: Train Epoch 4: 187/634 Loss: 0.182314
2023-01-07 18:50: Train Epoch 4: 191/634 Loss: 0.167228
2023-01-07 18:50: Train Epoch 4: 195/634 Loss: 0.167373
2023-01-07 18:50: Train Epoch 4: 199/634 Loss: 0.179099
2023-01-07 18:50: Train Epoch 4: 203/634 Loss: 0.195168
2023-01-07 18:51: Train Epoch 4: 207/634 Loss: 0.190892
2023-01-07 18:51: Train Epoch 4: 211/634 Loss: 0.161011
2023-01-07 18:51: Train Epoch 4: 215/634 Loss: 0.177010
2023-01-07 18:51: Train Epoch 4: 219/634 Loss: 0.215556
2023-01-07 18:52: Train Epoch 4: 223/634 Loss: 0.208822
2023-01-07 18:52: Train Epoch 4: 227/634 Loss: 0.187155
2023-01-07 18:52: Train Epoch 4: 231/634 Loss: 0.224942
2023-01-07 18:52: Train Epoch 4: 235/634 Loss: 0.183294
2023-01-07 18:53: Train Epoch 4: 239/634 Loss: 0.162541
2023-01-07 18:53: Train Epoch 4: 243/634 Loss: 0.175410
2023-01-07 18:53: Train Epoch 4: 247/634 Loss: 0.180153
2023-01-07 18:53: Train Epoch 4: 251/634 Loss: 0.160560
2023-01-07 18:54: Train Epoch 4: 255/634 Loss: 0.203940
2023-01-07 18:54: Train Epoch 4: 259/634 Loss: 0.172881
2023-01-07 18:54: Train Epoch 4: 263/634 Loss: 0.198125
2023-01-07 18:55: Train Epoch 4: 267/634 Loss: 0.182115
2023-01-07 18:55: Train Epoch 4: 271/634 Loss: 0.151953
2023-01-07 18:55: Train Epoch 4: 275/634 Loss: 0.180782
2023-01-07 18:55: Train Epoch 4: 279/634 Loss: 0.169683
2023-01-07 18:56: Train Epoch 4: 283/634 Loss: 0.165414
2023-01-07 18:56: Train Epoch 4: 287/634 Loss: 0.189224
2023-01-07 18:56: Train Epoch 4: 291/634 Loss: 0.180128
2023-01-07 18:56: Train Epoch 4: 295/634 Loss: 0.198349
2023-01-07 18:57: Train Epoch 4: 299/634 Loss: 0.167688
2023-01-07 18:57: Train Epoch 4: 303/634 Loss: 0.184133
2023-01-07 18:57: Train Epoch 4: 307/634 Loss: 0.181915
2023-01-07 18:57: Train Epoch 4: 311/634 Loss: 0.167425
2023-01-07 18:58: Train Epoch 4: 315/634 Loss: 0.209119
2023-01-07 18:58: Train Epoch 4: 319/634 Loss: 0.186108
2023-01-07 18:58: Train Epoch 4: 323/634 Loss: 0.166436
2023-01-07 18:59: Train Epoch 4: 327/634 Loss: 0.172817
2023-01-07 18:59: Train Epoch 4: 331/634 Loss: 0.173342
2023-01-07 18:59: Train Epoch 4: 335/634 Loss: 0.179870
2023-01-07 18:59: Train Epoch 4: 339/634 Loss: 0.182758
2023-01-07 19:00: Train Epoch 4: 343/634 Loss: 0.192609
2023-01-07 19:00: Train Epoch 4: 347/634 Loss: 0.188361
2023-01-07 19:00: Train Epoch 4: 351/634 Loss: 0.168215
2023-01-07 19:00: Train Epoch 4: 355/634 Loss: 0.218443
2023-01-07 19:01: Train Epoch 4: 359/634 Loss: 0.207215
2023-01-07 19:01: Train Epoch 4: 363/634 Loss: 0.202693
2023-01-07 19:01: Train Epoch 4: 367/634 Loss: 0.194434
2023-01-07 19:02: Train Epoch 4: 371/634 Loss: 0.194159
2023-01-07 19:02: Train Epoch 4: 375/634 Loss: 0.170662
2023-01-07 19:02: Train Epoch 4: 379/634 Loss: 0.201474
2023-01-07 19:02: Train Epoch 4: 383/634 Loss: 0.184162
2023-01-07 19:03: Train Epoch 4: 387/634 Loss: 0.168976
2023-01-07 19:03: Train Epoch 4: 391/634 Loss: 0.167256
2023-01-07 19:03: Train Epoch 4: 395/634 Loss: 0.216872
2023-01-07 19:03: Train Epoch 4: 399/634 Loss: 0.223552
2023-01-07 19:04: Train Epoch 4: 403/634 Loss: 0.164047
2023-01-07 19:04: Train Epoch 4: 407/634 Loss: 0.259740
2023-01-07 19:04: Train Epoch 4: 411/634 Loss: 0.238257
2023-01-07 19:04: Train Epoch 4: 415/634 Loss: 0.179047
2023-01-07 19:05: Train Epoch 4: 419/634 Loss: 0.186205
2023-01-07 19:05: Train Epoch 4: 423/634 Loss: 0.219084
2023-01-07 19:05: Train Epoch 4: 427/634 Loss: 0.238108
2023-01-07 19:05: Train Epoch 4: 431/634 Loss: 0.205280
2023-01-07 19:06: Train Epoch 4: 435/634 Loss: 0.170094
2023-01-07 19:06: Train Epoch 4: 439/634 Loss: 0.216678
2023-01-07 19:06: Train Epoch 4: 443/634 Loss: 0.179386
2023-01-07 19:06: Train Epoch 4: 447/634 Loss: 0.220816
2023-01-07 19:07: Train Epoch 4: 451/634 Loss: 0.195952
2023-01-07 19:07: Train Epoch 4: 455/634 Loss: 0.208578
2023-01-07 19:07: Train Epoch 4: 459/634 Loss: 0.200462
2023-01-07 19:07: Train Epoch 4: 463/634 Loss: 0.199924
2023-01-07 19:08: Train Epoch 4: 467/634 Loss: 0.193473
2023-01-07 19:08: Train Epoch 4: 471/634 Loss: 0.192683
2023-01-07 19:08: Train Epoch 4: 475/634 Loss: 0.202404
2023-01-07 19:08: Train Epoch 4: 479/634 Loss: 0.170866
2023-01-07 19:09: Train Epoch 4: 483/634 Loss: 0.170998
2023-01-07 19:09: Train Epoch 4: 487/634 Loss: 0.199031
2023-01-07 19:09: Train Epoch 4: 491/634 Loss: 0.183566
2023-01-07 19:09: Train Epoch 4: 495/634 Loss: 0.196069
2023-01-07 19:10: Train Epoch 4: 499/634 Loss: 0.184205
2023-01-07 19:10: Train Epoch 4: 503/634 Loss: 0.182833
2023-01-07 19:10: Train Epoch 4: 507/634 Loss: 0.235759
2023-01-07 19:10: Train Epoch 4: 511/634 Loss: 0.185829
2023-01-07 19:11: Train Epoch 4: 515/634 Loss: 0.173103
2023-01-07 19:11: Train Epoch 4: 519/634 Loss: 0.178860
2023-01-07 19:11: Train Epoch 4: 523/634 Loss: 0.174992
2023-01-07 19:12: Train Epoch 4: 527/634 Loss: 0.179630
2023-01-07 19:12: Train Epoch 4: 531/634 Loss: 0.178128
2023-01-07 19:12: Train Epoch 4: 535/634 Loss: 0.191459
2023-01-07 19:12: Train Epoch 4: 539/634 Loss: 0.183174
2023-01-07 19:13: Train Epoch 4: 543/634 Loss: 0.188493
2023-01-07 19:13: Train Epoch 4: 547/634 Loss: 0.186410
2023-01-07 19:13: Train Epoch 4: 551/634 Loss: 0.160461
2023-01-07 19:13: Train Epoch 4: 555/634 Loss: 0.204568
2023-01-07 19:14: Train Epoch 4: 559/634 Loss: 0.185430
2023-01-07 19:14: Train Epoch 4: 563/634 Loss: 0.174292
2023-01-07 19:14: Train Epoch 4: 567/634 Loss: 0.155308
2023-01-07 19:14: Train Epoch 4: 571/634 Loss: 0.195164
2023-01-07 19:15: Train Epoch 4: 575/634 Loss: 0.146601
2023-01-07 19:15: Train Epoch 4: 579/634 Loss: 0.184678
2023-01-07 19:15: Train Epoch 4: 583/634 Loss: 0.166951
2023-01-07 19:16: Train Epoch 4: 587/634 Loss: 0.168475
2023-01-07 19:16: Train Epoch 4: 591/634 Loss: 0.186553
2023-01-07 19:16: Train Epoch 4: 595/634 Loss: 0.145205
2023-01-07 19:16: Train Epoch 4: 599/634 Loss: 0.172538
2023-01-07 19:17: Train Epoch 4: 603/634 Loss: 0.175752
2023-01-07 19:17: Train Epoch 4: 607/634 Loss: 0.168343
2023-01-07 19:17: Train Epoch 4: 611/634 Loss: 0.165929
2023-01-07 19:17: Train Epoch 4: 615/634 Loss: 0.175684
2023-01-07 19:18: Train Epoch 4: 619/634 Loss: 0.188328
2023-01-07 19:18: Train Epoch 4: 623/634 Loss: 0.187566
2023-01-07 19:18: Train Epoch 4: 627/634 Loss: 0.186014
2023-01-07 19:18: Train Epoch 4: 631/634 Loss: 0.146424
2023-01-07 19:18: Train Epoch 4: 633/634 Loss: 0.089085
2023-01-07 19:18: **********Train Epoch 4: averaged Loss: 0.185664 
2023-01-07 19:18: 
Epoch time elapsed: 2488.1571888923645

2023-01-07 19:20: 
 metrics validation: {'precision': 0.7804878048780488, 'recall': 0.7138461538461538, 'f1-score': 0.74568099638409, 'support': 1300, 'AUC': 0.8947544378698224, 'AUCPR': 0.8170835931068235, 'TP': 928, 'FP': 261, 'TN': 2339, 'FN': 372} 

2023-01-07 19:20: **********Val Epoch 4: average Loss: 0.188845
2023-01-07 19:20: *********************************Current best model saved!
2023-01-07 19:21: 
 Testing metrics {'precision': 0.8245948522402288, 'recall': 0.7043973941368078, 'f1-score': 0.7597716293368466, 'support': 1228, 'AUC': 0.9126549088053983, 'AUCPR': 0.8601282854008967, 'TP': 865, 'FP': 184, 'TN': 2272, 'FN': 363} 

2023-01-07 19:25: 
 Testing metrics {'precision': 0.8979133946600852, 'recall': 0.9081007488087134, 'f1-score': 0.9029783393501805, 'support': 4407, 'AUC': 0.9731271788507763, 'AUCPR': 0.9472205102303782, 'TP': 4002, 'FP': 455, 'TN': 8359, 'FN': 405} 

2023-01-07 19:25: Train Epoch 5: 3/634 Loss: 0.200478
2023-01-07 19:25: Train Epoch 5: 7/634 Loss: 0.197016
2023-01-07 19:26: Train Epoch 5: 11/634 Loss: 0.181301
2023-01-07 19:26: Train Epoch 5: 15/634 Loss: 0.179176
2023-01-07 19:26: Train Epoch 5: 19/634 Loss: 0.164766
2023-01-07 19:26: Train Epoch 5: 23/634 Loss: 0.208708
2023-01-07 19:27: Train Epoch 5: 27/634 Loss: 0.172768
2023-01-07 19:27: Train Epoch 5: 31/634 Loss: 0.190375
2023-01-07 19:27: Train Epoch 5: 35/634 Loss: 0.150272
2023-01-07 19:28: Train Epoch 5: 39/634 Loss: 0.195947
2023-01-07 19:28: Train Epoch 5: 43/634 Loss: 0.157119
2023-01-07 19:28: Train Epoch 5: 47/634 Loss: 0.182421
2023-01-07 19:28: Train Epoch 5: 51/634 Loss: 0.154792
2023-01-07 19:29: Train Epoch 5: 55/634 Loss: 0.194959
2023-01-07 19:29: Train Epoch 5: 59/634 Loss: 0.152110
2023-01-07 19:29: Train Epoch 5: 63/634 Loss: 0.200079
2023-01-07 19:29: Train Epoch 5: 67/634 Loss: 0.170294
2023-01-07 19:30: Train Epoch 5: 71/634 Loss: 0.175253
2023-01-07 19:30: Train Epoch 5: 75/634 Loss: 0.186646
2023-01-07 19:30: Train Epoch 5: 79/634 Loss: 0.175202
2023-01-07 19:30: Train Epoch 5: 83/634 Loss: 0.197624
2023-01-07 19:31: Train Epoch 5: 87/634 Loss: 0.204294
2023-01-07 19:31: Train Epoch 5: 91/634 Loss: 0.163464
2023-01-07 19:31: Train Epoch 5: 95/634 Loss: 0.194648
2023-01-07 19:32: Train Epoch 5: 99/634 Loss: 0.156773
2023-01-07 19:32: Train Epoch 5: 103/634 Loss: 0.191817
2023-01-07 19:32: Train Epoch 5: 107/634 Loss: 0.193532
2023-01-07 19:32: Train Epoch 5: 111/634 Loss: 0.163165
2023-01-07 19:33: Train Epoch 5: 115/634 Loss: 0.179875
2023-01-07 19:33: Train Epoch 5: 119/634 Loss: 0.187906
2023-01-07 19:33: Train Epoch 5: 123/634 Loss: 0.168518
2023-01-07 19:34: Train Epoch 5: 127/634 Loss: 0.181976
2023-01-07 19:34: Train Epoch 5: 131/634 Loss: 0.204489
2023-01-07 19:34: Train Epoch 5: 135/634 Loss: 0.163888
2023-01-07 19:34: Train Epoch 5: 139/634 Loss: 0.189610
2023-01-07 19:35: Train Epoch 5: 143/634 Loss: 0.164099
2023-01-07 19:35: Train Epoch 5: 147/634 Loss: 0.249307
2023-01-07 19:35: Train Epoch 5: 151/634 Loss: 0.185172
2023-01-07 19:35: Train Epoch 5: 155/634 Loss: 0.191658
2023-01-07 19:36: Train Epoch 5: 159/634 Loss: 0.194948
2023-01-07 19:36: Train Epoch 5: 163/634 Loss: 0.186675
2023-01-07 19:36: Train Epoch 5: 167/634 Loss: 0.164847
2023-01-07 19:36: Train Epoch 5: 171/634 Loss: 0.187698
2023-01-07 19:37: Train Epoch 5: 175/634 Loss: 0.178815
2023-01-07 19:37: Train Epoch 5: 179/634 Loss: 0.175942
2023-01-07 19:37: Train Epoch 5: 183/634 Loss: 0.192518
2023-01-07 19:37: Train Epoch 5: 187/634 Loss: 0.153893
2023-01-07 19:38: Train Epoch 5: 191/634 Loss: 0.202397
2023-01-07 19:38: Train Epoch 5: 195/634 Loss: 0.191960
2023-01-07 19:38: Train Epoch 5: 199/634 Loss: 0.182630
2023-01-07 19:38: Train Epoch 5: 203/634 Loss: 0.159054
2023-01-07 19:39: Train Epoch 5: 207/634 Loss: 0.189795
2023-01-07 19:39: Train Epoch 5: 211/634 Loss: 0.145411
2023-01-07 19:39: Train Epoch 5: 215/634 Loss: 0.180926
2023-01-07 19:40: Train Epoch 5: 219/634 Loss: 0.202598
2023-01-07 19:40: Train Epoch 5: 223/634 Loss: 0.193792
2023-01-07 19:40: Train Epoch 5: 227/634 Loss: 0.175377
2023-01-07 19:40: Train Epoch 5: 231/634 Loss: 0.182092
2023-01-07 19:41: Train Epoch 5: 235/634 Loss: 0.228068
2023-01-07 19:41: Train Epoch 5: 239/634 Loss: 0.171236
2023-01-07 19:41: Train Epoch 5: 243/634 Loss: 0.169511
2023-01-07 19:41: Train Epoch 5: 247/634 Loss: 0.166668
2023-01-07 19:42: Train Epoch 5: 251/634 Loss: 0.204836
2023-01-07 19:42: Train Epoch 5: 255/634 Loss: 0.178626
2023-01-07 19:42: Train Epoch 5: 259/634 Loss: 0.154980
2023-01-07 19:43: Train Epoch 5: 263/634 Loss: 0.175660
2023-01-07 19:43: Train Epoch 5: 267/634 Loss: 0.230413
2023-01-07 19:43: Train Epoch 5: 271/634 Loss: 0.174712
2023-01-07 19:43: Train Epoch 5: 275/634 Loss: 0.172359
2023-01-07 19:44: Train Epoch 5: 279/634 Loss: 0.176322
2023-01-07 19:44: Train Epoch 5: 283/634 Loss: 0.189392
2023-01-07 19:44: Train Epoch 5: 287/634 Loss: 0.168057
2023-01-07 19:44: Train Epoch 5: 291/634 Loss: 0.193772
2023-01-07 19:45: Train Epoch 5: 295/634 Loss: 0.188573
2023-01-07 19:45: Train Epoch 5: 299/634 Loss: 0.204940
2023-01-07 19:45: Train Epoch 5: 303/634 Loss: 0.173864
2023-01-07 19:45: Train Epoch 5: 307/634 Loss: 0.159279
2023-01-07 19:46: Train Epoch 5: 311/634 Loss: 0.160723
2023-01-07 19:46: Train Epoch 5: 315/634 Loss: 0.179556
2023-01-07 19:46: Train Epoch 5: 319/634 Loss: 0.163830
2023-01-07 19:47: Train Epoch 5: 323/634 Loss: 0.188414
2023-01-07 19:47: Train Epoch 5: 327/634 Loss: 0.196006
2023-01-07 19:47: Train Epoch 5: 331/634 Loss: 0.181953
2023-01-07 19:47: Train Epoch 5: 335/634 Loss: 0.175538
2023-01-07 19:48: Train Epoch 5: 339/634 Loss: 0.217867
2023-01-07 19:48: Train Epoch 5: 343/634 Loss: 0.158060
2023-01-07 19:48: Train Epoch 5: 347/634 Loss: 0.176460
2023-01-07 19:48: Train Epoch 5: 351/634 Loss: 0.190785
2023-01-07 19:49: Train Epoch 5: 355/634 Loss: 0.168100
2023-01-07 19:49: Train Epoch 5: 359/634 Loss: 0.166589
2023-01-07 19:49: Train Epoch 5: 363/634 Loss: 0.177632
2023-01-07 19:50: Train Epoch 5: 367/634 Loss: 0.181550
2023-01-07 19:50: Train Epoch 5: 371/634 Loss: 0.201658
2023-01-07 19:50: Train Epoch 5: 375/634 Loss: 0.161227
2023-01-07 19:50: Train Epoch 5: 379/634 Loss: 0.181633
2023-01-07 19:51: Train Epoch 5: 383/634 Loss: 0.173907
2023-01-07 19:51: Train Epoch 5: 387/634 Loss: 0.190457
2023-01-07 19:51: Train Epoch 5: 391/634 Loss: 0.187254
2023-01-07 19:51: Train Epoch 5: 395/634 Loss: 0.185072
2023-01-07 19:52: Train Epoch 5: 399/634 Loss: 0.169986
2023-01-07 19:52: Train Epoch 5: 403/634 Loss: 0.219017
2023-01-07 19:52: Train Epoch 5: 407/634 Loss: 0.178090
2023-01-07 19:52: Train Epoch 5: 411/634 Loss: 0.194341
2023-01-07 19:53: Train Epoch 5: 415/634 Loss: 0.211420
2023-01-07 19:53: Train Epoch 5: 419/634 Loss: 0.229295
2023-01-07 19:53: Train Epoch 5: 423/634 Loss: 0.181525
2023-01-07 19:53: Train Epoch 5: 427/634 Loss: 0.205201
2023-01-07 19:54: Train Epoch 5: 431/634 Loss: 0.183405
2023-01-07 19:54: Train Epoch 5: 435/634 Loss: 0.166016
2023-01-07 19:54: Train Epoch 5: 439/634 Loss: 0.196137
2023-01-07 19:55: Train Epoch 5: 443/634 Loss: 0.190478
2023-01-07 19:55: Train Epoch 5: 447/634 Loss: 0.214644
2023-01-07 19:55: Train Epoch 5: 451/634 Loss: 0.175025
2023-01-07 19:55: Train Epoch 5: 455/634 Loss: 0.200106
2023-01-07 19:56: Train Epoch 5: 459/634 Loss: 0.186440
2023-01-07 19:56: Train Epoch 5: 463/634 Loss: 0.214429
2023-01-07 19:56: Train Epoch 5: 467/634 Loss: 0.217536
2023-01-07 19:57: Train Epoch 5: 471/634 Loss: 0.149730
2023-01-07 19:57: Train Epoch 5: 475/634 Loss: 0.186093
2023-01-07 19:57: Train Epoch 5: 479/634 Loss: 0.167816
2023-01-07 19:57: Train Epoch 5: 483/634 Loss: 0.175318
2023-01-07 19:58: Train Epoch 5: 487/634 Loss: 0.196910
2023-01-07 19:58: Train Epoch 5: 491/634 Loss: 0.176720
2023-01-07 19:58: Train Epoch 5: 495/634 Loss: 0.199565
2023-01-07 19:58: Train Epoch 5: 499/634 Loss: 0.253198
2023-01-07 19:59: Train Epoch 5: 503/634 Loss: 0.206774
2023-01-07 19:59: Train Epoch 5: 507/634 Loss: 0.177699
2023-01-07 19:59: Train Epoch 5: 511/634 Loss: 0.206943
2023-01-07 19:59: Train Epoch 5: 515/634 Loss: 0.196784
2023-01-07 20:00: Train Epoch 5: 519/634 Loss: 0.182890
2023-01-07 20:00: Train Epoch 5: 523/634 Loss: 0.189216
2023-01-07 20:00: Train Epoch 5: 527/634 Loss: 0.208843
2023-01-07 20:01: Train Epoch 5: 531/634 Loss: 0.192288
2023-01-07 20:01: Train Epoch 5: 535/634 Loss: 0.183854
2023-01-07 20:01: Train Epoch 5: 539/634 Loss: 0.190130
2023-01-07 20:01: Train Epoch 5: 543/634 Loss: 0.173825
2023-01-07 20:02: Train Epoch 5: 547/634 Loss: 0.173175
2023-01-07 20:02: Train Epoch 5: 551/634 Loss: 0.168047
2023-01-07 20:02: Train Epoch 5: 555/634 Loss: 0.143470
2023-01-07 20:02: Train Epoch 5: 559/634 Loss: 0.189897
2023-01-07 20:03: Train Epoch 5: 563/634 Loss: 0.162746
2023-01-07 20:03: Train Epoch 5: 567/634 Loss: 0.180406
2023-01-07 20:03: Train Epoch 5: 571/634 Loss: 0.179119
2023-01-07 20:04: Train Epoch 5: 575/634 Loss: 0.193939
2023-01-07 20:04: Train Epoch 5: 579/634 Loss: 0.150916
2023-01-07 20:04: Train Epoch 5: 583/634 Loss: 0.173248
2023-01-07 20:04: Train Epoch 5: 587/634 Loss: 0.171320
2023-01-07 20:05: Train Epoch 5: 591/634 Loss: 0.179741
2023-01-07 20:05: Train Epoch 5: 595/634 Loss: 0.169028
2023-01-07 20:05: Train Epoch 5: 599/634 Loss: 0.173745
2023-01-07 20:05: Train Epoch 5: 603/634 Loss: 0.191058
2023-01-07 20:06: Train Epoch 5: 607/634 Loss: 0.157969
2023-01-07 20:06: Train Epoch 5: 611/634 Loss: 0.178858
2023-01-07 20:06: Train Epoch 5: 615/634 Loss: 0.179399
2023-01-07 20:06: Train Epoch 5: 619/634 Loss: 0.165542
2023-01-07 20:07: Train Epoch 5: 623/634 Loss: 0.178153
2023-01-07 20:07: Train Epoch 5: 627/634 Loss: 0.144318
2023-01-07 20:07: Train Epoch 5: 631/634 Loss: 0.165122
2023-01-07 20:07: Train Epoch 5: 633/634 Loss: 0.073738
2023-01-07 20:07: **********Train Epoch 5: averaged Loss: 0.182384 
2023-01-07 20:07: 
Epoch time elapsed: 2537.9041748046875

2023-01-07 20:08: 
 metrics validation: {'precision': 0.8712753277711561, 'recall': 0.5623076923076923, 'f1-score': 0.6834969611968209, 'support': 1300, 'AUC': 0.9177041420118343, 'AUCPR': 0.8495356926267937, 'TP': 731, 'FP': 108, 'TN': 2492, 'FN': 569} 

2023-01-07 20:08: **********Val Epoch 5: average Loss: 0.187002
2023-01-07 20:08: *********************************Current best model saved!
2023-01-07 20:09: 
 Testing metrics {'precision': 0.9183168316831684, 'recall': 0.6042345276872965, 'f1-score': 0.7288801571709234, 'support': 1228, 'AUC': 0.9161950657301404, 'AUCPR': 0.8596067962801357, 'TP': 742, 'FP': 66, 'TN': 2390, 'FN': 486} 

2023-01-07 20:14: 
 Testing metrics {'precision': 0.9505235602094241, 'recall': 0.8239164964828681, 'f1-score': 0.8827032940318463, 'support': 4407, 'AUC': 0.9740644061686007, 'AUCPR': 0.9463873531691578, 'TP': 3631, 'FP': 189, 'TN': 8625, 'FN': 776} 

2023-01-07 20:14: Train Epoch 6: 3/634 Loss: 0.178029
2023-01-07 20:14: Train Epoch 6: 7/634 Loss: 0.147083
2023-01-07 20:14: Train Epoch 6: 11/634 Loss: 0.162220
2023-01-07 20:15: Train Epoch 6: 15/634 Loss: 0.179443
2023-01-07 20:15: Train Epoch 6: 19/634 Loss: 0.188436
2023-01-07 20:15: Train Epoch 6: 23/634 Loss: 0.187488
2023-01-07 20:15: Train Epoch 6: 27/634 Loss: 0.148447
2023-01-07 20:16: Train Epoch 6: 31/634 Loss: 0.153184
2023-01-07 20:16: Train Epoch 6: 35/634 Loss: 0.154149
2023-01-07 20:16: Train Epoch 6: 39/634 Loss: 0.179324
2023-01-07 20:16: Train Epoch 6: 43/634 Loss: 0.184393
2023-01-07 20:17: Train Epoch 6: 47/634 Loss: 0.191722
2023-01-07 20:17: Train Epoch 6: 51/634 Loss: 0.187858
2023-01-07 20:17: Train Epoch 6: 55/634 Loss: 0.182124
2023-01-07 20:18: Train Epoch 6: 59/634 Loss: 0.197289
2023-01-07 20:18: Train Epoch 6: 63/634 Loss: 0.188387
2023-01-07 20:18: Train Epoch 6: 67/634 Loss: 0.193669
2023-01-07 20:18: Train Epoch 6: 71/634 Loss: 0.167816
2023-01-07 20:19: Train Epoch 6: 75/634 Loss: 0.175081
2023-01-07 20:19: Train Epoch 6: 79/634 Loss: 0.156835
2023-01-07 20:19: Train Epoch 6: 83/634 Loss: 0.193138
2023-01-07 20:19: Train Epoch 6: 87/634 Loss: 0.158474
2023-01-07 20:20: Train Epoch 6: 91/634 Loss: 0.152465
2023-01-07 20:20: Train Epoch 6: 95/634 Loss: 0.186862
2023-01-07 20:20: Train Epoch 6: 99/634 Loss: 0.196164
2023-01-07 20:20: Train Epoch 6: 103/634 Loss: 0.187162
2023-01-07 20:21: Train Epoch 6: 107/634 Loss: 0.182045
2023-01-07 20:21: Train Epoch 6: 111/634 Loss: 0.217578
2023-01-07 20:21: Train Epoch 6: 115/634 Loss: 0.176755
2023-01-07 20:21: Train Epoch 6: 119/634 Loss: 0.200608
2023-01-07 20:22: Train Epoch 6: 123/634 Loss: 0.167897
2023-01-07 20:22: Train Epoch 6: 127/634 Loss: 0.170813
2023-01-07 20:22: Train Epoch 6: 131/634 Loss: 0.193890
2023-01-07 20:22: Train Epoch 6: 135/634 Loss: 0.146947
2023-01-07 20:23: Train Epoch 6: 139/634 Loss: 0.188814
2023-01-07 20:23: Train Epoch 6: 143/634 Loss: 0.163071
2023-01-07 20:23: Train Epoch 6: 147/634 Loss: 0.168063
2023-01-07 20:23: Train Epoch 6: 151/634 Loss: 0.165288
2023-01-07 20:24: Train Epoch 6: 155/634 Loss: 0.179517
2023-01-07 20:24: Train Epoch 6: 159/634 Loss: 0.191184
2023-01-07 20:24: Train Epoch 6: 163/634 Loss: 0.178715
2023-01-07 20:25: Train Epoch 6: 167/634 Loss: 0.161582
2023-01-07 20:25: Train Epoch 6: 171/634 Loss: 0.169849
2023-01-07 20:25: Train Epoch 6: 175/634 Loss: 0.185697
2023-01-07 20:25: Train Epoch 6: 179/634 Loss: 0.206145
2023-01-07 20:26: Train Epoch 6: 183/634 Loss: 0.174606
2023-01-07 20:26: Train Epoch 6: 187/634 Loss: 0.177438
2023-01-07 20:26: Train Epoch 6: 191/634 Loss: 0.165986
2023-01-07 20:26: Train Epoch 6: 195/634 Loss: 0.184201
2023-01-07 20:27: Train Epoch 6: 199/634 Loss: 0.161272
2023-01-07 20:27: Train Epoch 6: 203/634 Loss: 0.203671
2023-01-07 20:27: Train Epoch 6: 207/634 Loss: 0.177818
2023-01-07 20:27: Train Epoch 6: 211/634 Loss: 0.186149
2023-01-07 20:28: Train Epoch 6: 215/634 Loss: 0.171493
2023-01-07 20:28: Train Epoch 6: 219/634 Loss: 0.157155
2023-01-07 20:28: Train Epoch 6: 223/634 Loss: 0.154064
2023-01-07 20:29: Train Epoch 6: 227/634 Loss: 0.193473
2023-01-07 20:29: Train Epoch 6: 231/634 Loss: 0.188578
2023-01-07 20:29: Train Epoch 6: 235/634 Loss: 0.165639
2023-01-07 20:29: Train Epoch 6: 239/634 Loss: 0.182848
2023-01-07 20:30: Train Epoch 6: 243/634 Loss: 0.185557
2023-01-07 20:30: Train Epoch 6: 247/634 Loss: 0.225659
2023-01-07 20:30: Train Epoch 6: 251/634 Loss: 0.195585
2023-01-07 20:30: Train Epoch 6: 255/634 Loss: 0.195466
2023-01-07 20:31: Train Epoch 6: 259/634 Loss: 0.175992
2023-01-07 20:31: Train Epoch 6: 263/634 Loss: 0.182951
2023-01-07 20:31: Train Epoch 6: 267/634 Loss: 0.214931
2023-01-07 20:31: Train Epoch 6: 271/634 Loss: 0.175724
2023-01-07 20:32: Train Epoch 6: 275/634 Loss: 0.203642
2023-01-07 20:32: Train Epoch 6: 279/634 Loss: 0.185693
2023-01-07 20:32: Train Epoch 6: 283/634 Loss: 0.168785
2023-01-07 20:33: Train Epoch 6: 287/634 Loss: 0.214099
2023-01-07 20:33: Train Epoch 6: 291/634 Loss: 0.167578
2023-01-07 20:33: Train Epoch 6: 295/634 Loss: 0.222851
2023-01-07 20:33: Train Epoch 6: 299/634 Loss: 0.148211
2023-01-07 20:34: Train Epoch 6: 303/634 Loss: 0.170315
2023-01-07 20:34: Train Epoch 6: 307/634 Loss: 0.210077
2023-01-07 20:34: Train Epoch 6: 311/634 Loss: 0.178252
2023-01-07 20:34: Train Epoch 6: 315/634 Loss: 0.165218
2023-01-07 20:35: Train Epoch 6: 319/634 Loss: 0.161299
2023-01-07 20:35: Train Epoch 6: 323/634 Loss: 0.186869
2023-01-07 20:35: Train Epoch 6: 327/634 Loss: 0.171339
2023-01-07 20:35: Train Epoch 6: 331/634 Loss: 0.197767
2023-01-07 20:36: Train Epoch 6: 335/634 Loss: 0.167290
2023-01-07 20:36: Train Epoch 6: 339/634 Loss: 0.195286
2023-01-07 20:36: Train Epoch 6: 343/634 Loss: 0.195747
2023-01-07 20:36: Train Epoch 6: 347/634 Loss: 0.145813
2023-01-07 20:37: Train Epoch 6: 351/634 Loss: 0.189502
2023-01-07 20:37: Train Epoch 6: 355/634 Loss: 0.182464
2023-01-07 20:37: Train Epoch 6: 359/634 Loss: 0.192413
2023-01-07 20:37: Train Epoch 6: 363/634 Loss: 0.174620
2023-01-07 20:38: Train Epoch 6: 367/634 Loss: 0.182016
2023-01-07 20:38: Train Epoch 6: 371/634 Loss: 0.179083
2023-01-07 20:38: Train Epoch 6: 375/634 Loss: 0.191439
2023-01-07 20:39: Train Epoch 6: 379/634 Loss: 0.198746
2023-01-07 20:39: Train Epoch 6: 383/634 Loss: 0.199536
2023-01-07 20:39: Train Epoch 6: 387/634 Loss: 0.187641
2023-01-07 20:39: Train Epoch 6: 391/634 Loss: 0.189465
2023-01-07 20:40: Train Epoch 6: 395/634 Loss: 0.175909
2023-01-07 20:40: Train Epoch 6: 399/634 Loss: 0.159026
2023-01-07 20:40: Train Epoch 6: 403/634 Loss: 0.175263
2023-01-07 20:41: Train Epoch 6: 407/634 Loss: 0.194619
2023-01-07 20:41: Train Epoch 6: 411/634 Loss: 0.176587
2023-01-07 20:41: Train Epoch 6: 415/634 Loss: 0.177837
2023-01-07 20:41: Train Epoch 6: 419/634 Loss: 0.193313
2023-01-07 20:42: Train Epoch 6: 423/634 Loss: 0.160930
2023-01-07 20:42: Train Epoch 6: 427/634 Loss: 0.155084
2023-01-07 20:42: Train Epoch 6: 431/634 Loss: 0.161270
2023-01-07 20:42: Train Epoch 6: 435/634 Loss: 0.211126
2023-01-07 20:43: Train Epoch 6: 439/634 Loss: 0.171721
2023-01-07 20:43: Train Epoch 6: 443/634 Loss: 0.159979
2023-01-07 20:43: Train Epoch 6: 447/634 Loss: 0.128966
2023-01-07 20:44: Train Epoch 6: 451/634 Loss: 0.167594
2023-01-07 20:44: Train Epoch 6: 455/634 Loss: 0.166296
2023-01-07 20:44: Train Epoch 6: 459/634 Loss: 0.155649
2023-01-07 20:44: Train Epoch 6: 463/634 Loss: 0.168142
2023-01-07 20:45: Train Epoch 6: 467/634 Loss: 0.147654
2023-01-07 20:45: Train Epoch 6: 471/634 Loss: 0.188167
2023-01-07 20:45: Train Epoch 6: 475/634 Loss: 0.166947
2023-01-07 20:45: Train Epoch 6: 479/634 Loss: 0.161367
2023-01-07 20:46: Train Epoch 6: 483/634 Loss: 0.197539
2023-01-07 20:46: Train Epoch 6: 487/634 Loss: 0.174913
2023-01-07 20:46: Train Epoch 6: 491/634 Loss: 0.204958
2023-01-07 20:47: Train Epoch 6: 495/634 Loss: 0.150425
2023-01-07 20:47: Train Epoch 6: 499/634 Loss: 0.216549
2023-01-07 20:47: Train Epoch 6: 503/634 Loss: 0.162139
2023-01-07 20:47: Train Epoch 6: 507/634 Loss: 0.169004
2023-01-07 20:48: Train Epoch 6: 511/634 Loss: 0.184015
2023-01-07 20:48: Train Epoch 6: 515/634 Loss: 0.175064
2023-01-07 20:48: Train Epoch 6: 519/634 Loss: 0.158291
2023-01-07 20:49: Train Epoch 6: 523/634 Loss: 0.153714
2023-01-07 20:49: Train Epoch 6: 527/634 Loss: 0.176251
2023-01-07 20:49: Train Epoch 6: 531/634 Loss: 0.184748
2023-01-07 20:49: Train Epoch 6: 535/634 Loss: 0.138158
2023-01-07 20:50: Train Epoch 6: 539/634 Loss: 0.164264
2023-01-07 20:50: Train Epoch 6: 543/634 Loss: 0.153399
2023-01-07 20:50: Train Epoch 6: 547/634 Loss: 0.158701
2023-01-07 20:50: Train Epoch 6: 551/634 Loss: 0.182207
2023-01-07 20:50: Train Epoch 6: 555/634 Loss: 0.190331
2023-01-07 20:51: Train Epoch 6: 559/634 Loss: 0.159748
2023-01-07 20:51: Train Epoch 6: 563/634 Loss: 0.183262
2023-01-07 20:51: Train Epoch 6: 567/634 Loss: 0.156365
2023-01-07 20:52: Train Epoch 6: 571/634 Loss: 0.169720
2023-01-07 20:52: Train Epoch 6: 575/634 Loss: 0.150275
2023-01-07 20:52: Train Epoch 6: 579/634 Loss: 0.177001
2023-01-07 20:52: Train Epoch 6: 583/634 Loss: 0.176014
2023-01-07 20:53: Train Epoch 6: 587/634 Loss: 0.159541
2023-01-07 20:53: Train Epoch 6: 591/634 Loss: 0.171863
2023-01-07 20:53: Train Epoch 6: 595/634 Loss: 0.176240
2023-01-07 20:53: Train Epoch 6: 599/634 Loss: 0.156093
2023-01-07 20:54: Train Epoch 6: 603/634 Loss: 0.213426
2023-01-07 20:54: Train Epoch 6: 607/634 Loss: 0.172987
2023-01-07 20:54: Train Epoch 6: 611/634 Loss: 0.172754
2023-01-07 20:54: Train Epoch 6: 615/634 Loss: 0.178514
2023-01-07 20:55: Train Epoch 6: 619/634 Loss: 0.184508
2023-01-07 20:55: Train Epoch 6: 623/634 Loss: 0.149947
2023-01-07 20:55: Train Epoch 6: 627/634 Loss: 0.165033
2023-01-07 20:55: Train Epoch 6: 631/634 Loss: 0.151116
2023-01-07 20:56: Train Epoch 6: 633/634 Loss: 0.063919
2023-01-07 20:56: **********Train Epoch 6: averaged Loss: 0.176210 
2023-01-07 20:56: 
Epoch time elapsed: 2519.730664253235

2023-01-07 20:57: 
 metrics validation: {'precision': 0.8082808280828083, 'recall': 0.6907692307692308, 'f1-score': 0.7449191206968062, 'support': 1300, 'AUC': 0.9095384615384615, 'AUCPR': 0.8276614858655007, 'TP': 898, 'FP': 213, 'TN': 2387, 'FN': 402} 

2023-01-07 20:57: **********Val Epoch 6: average Loss: 0.176180
2023-01-07 20:57: *********************************Current best model saved!
2023-01-07 20:58: 
 Testing metrics {'precision': 0.8577540106951872, 'recall': 0.6530944625407166, 'f1-score': 0.7415626444752658, 'support': 1228, 'AUC': 0.9187640585045994, 'AUCPR': 0.8647474172977676, 'TP': 802, 'FP': 133, 'TN': 2323, 'FN': 426} 

2023-01-07 21:02: 
 Testing metrics {'precision': 0.9114821591948765, 'recall': 0.9042432493759928, 'f1-score': 0.9078482742909216, 'support': 4407, 'AUC': 0.9726306453175011, 'AUCPR': 0.9389297171984217, 'TP': 3985, 'FP': 387, 'TN': 8427, 'FN': 422} 

2023-01-07 21:02: Train Epoch 7: 3/634 Loss: 0.186177
2023-01-07 21:03: Train Epoch 7: 7/634 Loss: 0.197307
2023-01-07 21:03: Train Epoch 7: 11/634 Loss: 0.168251
2023-01-07 21:03: Train Epoch 7: 15/634 Loss: 0.167490
2023-01-07 21:03: Train Epoch 7: 19/634 Loss: 0.208531
2023-01-07 21:04: Train Epoch 7: 23/634 Loss: 0.179177
2023-01-07 21:04: Train Epoch 7: 27/634 Loss: 0.182732
2023-01-07 21:04: Train Epoch 7: 31/634 Loss: 0.174529
2023-01-07 21:04: Train Epoch 7: 35/634 Loss: 0.147243
2023-01-07 21:05: Train Epoch 7: 39/634 Loss: 0.173861
2023-01-07 21:05: Train Epoch 7: 43/634 Loss: 0.141247
2023-01-07 21:05: Train Epoch 7: 47/634 Loss: 0.175995
2023-01-07 21:05: Train Epoch 7: 51/634 Loss: 0.168541
2023-01-07 21:06: Train Epoch 7: 55/634 Loss: 0.165772
2023-01-07 21:06: Train Epoch 7: 59/634 Loss: 0.217876
2023-01-07 21:06: Train Epoch 7: 63/634 Loss: 0.168105
2023-01-07 21:06: Train Epoch 7: 67/634 Loss: 0.145762
2023-01-07 21:07: Train Epoch 7: 71/634 Loss: 0.186739
2023-01-07 21:07: Train Epoch 7: 75/634 Loss: 0.146693
2023-01-07 21:07: Train Epoch 7: 79/634 Loss: 0.175950
2023-01-07 21:07: Train Epoch 7: 83/634 Loss: 0.175282
2023-01-07 21:08: Train Epoch 7: 87/634 Loss: 0.154374
2023-01-07 21:08: Train Epoch 7: 91/634 Loss: 0.185958
2023-01-07 21:08: Train Epoch 7: 95/634 Loss: 0.159999
2023-01-07 21:08: Train Epoch 7: 99/634 Loss: 0.155538
2023-01-07 21:09: Train Epoch 7: 103/634 Loss: 0.199771
2023-01-07 21:09: Train Epoch 7: 107/634 Loss: 0.180552
2023-01-07 21:09: Train Epoch 7: 111/634 Loss: 0.147683
2023-01-07 21:10: Train Epoch 7: 115/634 Loss: 0.202559
2023-01-07 21:10: Train Epoch 7: 119/634 Loss: 0.152954
2023-01-07 21:10: Train Epoch 7: 123/634 Loss: 0.164991
2023-01-07 21:10: Train Epoch 7: 127/634 Loss: 0.176322
2023-01-07 21:11: Train Epoch 7: 131/634 Loss: 0.182521
2023-01-07 21:11: Train Epoch 7: 135/634 Loss: 0.175755
2023-01-07 21:11: Train Epoch 7: 139/634 Loss: 0.177764
2023-01-07 21:12: Train Epoch 7: 143/634 Loss: 0.201505
2023-01-07 21:12: Train Epoch 7: 147/634 Loss: 0.164824
2023-01-07 21:12: Train Epoch 7: 151/634 Loss: 0.193933
2023-01-07 21:12: Train Epoch 7: 155/634 Loss: 0.169977
2023-01-07 21:13: Train Epoch 7: 159/634 Loss: 0.208375
2023-01-07 21:13: Train Epoch 7: 163/634 Loss: 0.206368
2023-01-07 21:13: Train Epoch 7: 167/634 Loss: 0.178982
2023-01-07 21:13: Train Epoch 7: 171/634 Loss: 0.142641
2023-01-07 21:14: Train Epoch 7: 175/634 Loss: 0.200346
2023-01-07 21:14: Train Epoch 7: 179/634 Loss: 0.172331
2023-01-07 21:14: Train Epoch 7: 183/634 Loss: 0.180515
2023-01-07 21:14: Train Epoch 7: 187/634 Loss: 0.146128
2023-01-07 21:15: Train Epoch 7: 191/634 Loss: 0.199103
2023-01-07 21:15: Train Epoch 7: 195/634 Loss: 0.178839
2023-01-07 21:15: Train Epoch 7: 199/634 Loss: 0.176609
2023-01-07 21:15: Train Epoch 7: 203/634 Loss: 0.165059
2023-01-07 21:16: Train Epoch 7: 207/634 Loss: 0.188022
2023-01-07 21:16: Train Epoch 7: 211/634 Loss: 0.145938
2023-01-07 21:16: Train Epoch 7: 215/634 Loss: 0.170785
2023-01-07 21:17: Train Epoch 7: 219/634 Loss: 0.163364
2023-01-07 21:17: Train Epoch 7: 223/634 Loss: 0.197205
2023-01-07 21:17: Train Epoch 7: 227/634 Loss: 0.168216
2023-01-07 21:17: Train Epoch 7: 231/634 Loss: 0.151336
2023-01-07 21:18: Train Epoch 7: 235/634 Loss: 0.175468
2023-01-07 21:18: Train Epoch 7: 239/634 Loss: 0.174187
2023-01-07 21:18: Train Epoch 7: 243/634 Loss: 0.175499
2023-01-07 21:18: Train Epoch 7: 247/634 Loss: 0.170618
2023-01-07 21:19: Train Epoch 7: 251/634 Loss: 0.218372
2023-01-07 21:19: Train Epoch 7: 255/634 Loss: 0.166511
2023-01-07 21:19: Train Epoch 7: 259/634 Loss: 0.176095
2023-01-07 21:19: Train Epoch 7: 263/634 Loss: 0.147084
2023-01-07 21:20: Train Epoch 7: 267/634 Loss: 0.182620
2023-01-07 21:20: Train Epoch 7: 271/634 Loss: 0.168396
2023-01-07 21:20: Train Epoch 7: 275/634 Loss: 0.193724
2023-01-07 21:20: Train Epoch 7: 279/634 Loss: 0.201147
2023-01-07 21:21: Train Epoch 7: 283/634 Loss: 0.158894
2023-01-07 21:21: Train Epoch 7: 287/634 Loss: 0.158396
2023-01-07 21:21: Train Epoch 7: 291/634 Loss: 0.177065
2023-01-07 21:22: Train Epoch 7: 295/634 Loss: 0.163818
2023-01-07 21:22: Train Epoch 7: 299/634 Loss: 0.191129
2023-01-07 21:22: Train Epoch 7: 303/634 Loss: 0.185080
2023-01-07 21:22: Train Epoch 7: 307/634 Loss: 0.173177
2023-01-07 21:23: Train Epoch 7: 311/634 Loss: 0.176832
2023-01-07 21:23: Train Epoch 7: 315/634 Loss: 0.172023
2023-01-07 21:23: Train Epoch 7: 319/634 Loss: 0.165829
2023-01-07 21:23: Train Epoch 7: 323/634 Loss: 0.183340
2023-01-07 21:24: Train Epoch 7: 327/634 Loss: 0.138331
2023-01-07 21:24: Train Epoch 7: 331/634 Loss: 0.145552
2023-01-07 21:24: Train Epoch 7: 335/634 Loss: 0.205018
2023-01-07 21:24: Train Epoch 7: 339/634 Loss: 0.156861
2023-01-07 21:25: Train Epoch 7: 343/634 Loss: 0.179275
2023-01-07 21:25: Train Epoch 7: 347/634 Loss: 0.171681
2023-01-07 21:25: Train Epoch 7: 351/634 Loss: 0.166029
2023-01-07 21:26: Train Epoch 7: 355/634 Loss: 0.172256
2023-01-07 21:26: Train Epoch 7: 359/634 Loss: 0.205406
2023-01-07 21:26: Train Epoch 7: 363/634 Loss: 0.166651
2023-01-07 21:26: Train Epoch 7: 367/634 Loss: 0.153891
2023-01-07 21:27: Train Epoch 7: 371/634 Loss: 0.187313
2023-01-07 21:27: Train Epoch 7: 375/634 Loss: 0.132103
2023-01-07 21:27: Train Epoch 7: 379/634 Loss: 0.162995
2023-01-07 21:27: Train Epoch 7: 383/634 Loss: 0.171303
2023-01-07 21:28: Train Epoch 7: 387/634 Loss: 0.175014
2023-01-07 21:28: Train Epoch 7: 391/634 Loss: 0.146873
2023-01-07 21:28: Train Epoch 7: 395/634 Loss: 0.171938
2023-01-07 21:28: Train Epoch 7: 399/634 Loss: 0.167395
2023-01-07 21:29: Train Epoch 7: 403/634 Loss: 0.173269
2023-01-07 21:29: Train Epoch 7: 407/634 Loss: 0.166771
2023-01-07 21:29: Train Epoch 7: 411/634 Loss: 0.173129
2023-01-07 21:29: Train Epoch 7: 415/634 Loss: 0.189087
2023-01-07 21:30: Train Epoch 7: 419/634 Loss: 0.151125
2023-01-07 21:30: Train Epoch 7: 423/634 Loss: 0.160536
2023-01-07 21:30: Train Epoch 7: 427/634 Loss: 0.184338
2023-01-07 21:31: Train Epoch 7: 431/634 Loss: 0.202091
2023-01-07 21:31: Train Epoch 7: 435/634 Loss: 0.163425
2023-01-07 21:31: Train Epoch 7: 439/634 Loss: 0.156849
2023-01-07 21:31: Train Epoch 7: 443/634 Loss: 0.135567
2023-01-07 21:32: Train Epoch 7: 447/634 Loss: 0.179368
2023-01-07 21:32: Train Epoch 7: 451/634 Loss: 0.163654
2023-01-07 21:32: Train Epoch 7: 455/634 Loss: 0.159694
2023-01-07 21:32: Train Epoch 7: 459/634 Loss: 0.163961
2023-01-07 21:33: Train Epoch 7: 463/634 Loss: 0.149591
2023-01-07 21:33: Train Epoch 7: 467/634 Loss: 0.166868
2023-01-07 21:33: Train Epoch 7: 471/634 Loss: 0.175331
2023-01-07 21:33: Train Epoch 7: 475/634 Loss: 0.175074
2023-01-07 21:34: Train Epoch 7: 479/634 Loss: 0.181376
2023-01-07 21:34: Train Epoch 7: 483/634 Loss: 0.139169
2023-01-07 21:34: Train Epoch 7: 487/634 Loss: 0.167681
2023-01-07 21:35: Train Epoch 7: 491/634 Loss: 0.157945
2023-01-07 21:35: Train Epoch 7: 495/634 Loss: 0.194718
2023-01-07 21:35: Train Epoch 7: 499/634 Loss: 0.151311
2023-01-07 21:35: Train Epoch 7: 503/634 Loss: 0.184927
2023-01-07 21:36: Train Epoch 7: 507/634 Loss: 0.186461
2023-01-07 21:36: Train Epoch 7: 511/634 Loss: 0.193996
2023-01-07 21:36: Train Epoch 7: 515/634 Loss: 0.126717
2023-01-07 21:36: Train Epoch 7: 519/634 Loss: 0.141519
2023-01-07 21:37: Train Epoch 7: 523/634 Loss: 0.143241
2023-01-07 21:37: Train Epoch 7: 527/634 Loss: 0.166451
2023-01-07 21:37: Train Epoch 7: 531/634 Loss: 0.154742
2023-01-07 21:37: Train Epoch 7: 535/634 Loss: 0.182208
2023-01-07 21:38: Train Epoch 7: 539/634 Loss: 0.177026
2023-01-07 21:38: Train Epoch 7: 543/634 Loss: 0.161985
2023-01-07 21:38: Train Epoch 7: 547/634 Loss: 0.164463
2023-01-07 21:38: Train Epoch 7: 551/634 Loss: 0.156730
2023-01-07 21:39: Train Epoch 7: 555/634 Loss: 0.172643
2023-01-07 21:39: Train Epoch 7: 559/634 Loss: 0.201181
2023-01-07 21:39: Train Epoch 7: 563/634 Loss: 0.179283
2023-01-07 21:40: Train Epoch 7: 567/634 Loss: 0.178957
2023-01-07 21:40: Train Epoch 7: 571/634 Loss: 0.186202
2023-01-07 21:40: Train Epoch 7: 575/634 Loss: 0.152873
2023-01-07 21:40: Train Epoch 7: 579/634 Loss: 0.182454
2023-01-07 21:41: Train Epoch 7: 583/634 Loss: 0.176737
2023-01-07 21:41: Train Epoch 7: 587/634 Loss: 0.157359
2023-01-07 21:41: Train Epoch 7: 591/634 Loss: 0.156477
2023-01-07 21:42: Train Epoch 7: 595/634 Loss: 0.196300
2023-01-07 21:42: Train Epoch 7: 599/634 Loss: 0.166877
2023-01-07 21:42: Train Epoch 7: 603/634 Loss: 0.159302
2023-01-07 21:42: Train Epoch 7: 607/634 Loss: 0.191226
2023-01-07 21:43: Train Epoch 7: 611/634 Loss: 0.149847
2023-01-07 21:43: Train Epoch 7: 615/634 Loss: 0.180828
2023-01-07 21:43: Train Epoch 7: 619/634 Loss: 0.156785
2023-01-07 21:43: Train Epoch 7: 623/634 Loss: 0.158273
2023-01-07 21:44: Train Epoch 7: 627/634 Loss: 0.197949
2023-01-07 21:44: Train Epoch 7: 631/634 Loss: 0.171068
2023-01-07 21:44: Train Epoch 7: 633/634 Loss: 0.061486
2023-01-07 21:44: **********Train Epoch 7: averaged Loss: 0.171246 
2023-01-07 21:44: 
Epoch time elapsed: 2521.651640892029

2023-01-07 21:45: 
 metrics validation: {'precision': 0.8287081339712918, 'recall': 0.6661538461538462, 'f1-score': 0.7385927505330491, 'support': 1300, 'AUC': 0.9199866863905325, 'AUCPR': 0.854868383326253, 'TP': 866, 'FP': 179, 'TN': 2421, 'FN': 434} 

2023-01-07 21:45: **********Val Epoch 7: average Loss: 0.166705
2023-01-07 21:45: *********************************Current best model saved!
2023-01-07 21:46: 
 Testing metrics {'precision': 0.8792372881355932, 'recall': 0.6758957654723127, 'f1-score': 0.7642725598526704, 'support': 1228, 'AUC': 0.9282071295186155, 'AUCPR': 0.8806521802114097, 'TP': 830, 'FP': 114, 'TN': 2342, 'FN': 398} 

2023-01-07 21:50: 
 Testing metrics {'precision': 0.9253661939083934, 'recall': 0.9031086907193102, 'f1-score': 0.9141019751952228, 'support': 4407, 'AUC': 0.977998495390376, 'AUCPR': 0.9537769278899656, 'TP': 3980, 'FP': 321, 'TN': 8493, 'FN': 427} 

2023-01-07 21:51: Train Epoch 8: 3/634 Loss: 0.182313
2023-01-07 21:51: Train Epoch 8: 7/634 Loss: 0.149723
2023-01-07 21:51: Train Epoch 8: 11/634 Loss: 0.169027
2023-01-07 21:52: Train Epoch 8: 15/634 Loss: 0.178900
2023-01-07 21:52: Train Epoch 8: 19/634 Loss: 0.182027
2023-01-07 21:52: Train Epoch 8: 23/634 Loss: 0.177634
2023-01-07 21:52: Train Epoch 8: 27/634 Loss: 0.165700
2023-01-07 21:53: Train Epoch 8: 31/634 Loss: 0.195156
2023-01-07 21:53: Train Epoch 8: 35/634 Loss: 0.186545
2023-01-07 21:53: Train Epoch 8: 39/634 Loss: 0.142508
2023-01-07 21:53: Train Epoch 8: 43/634 Loss: 0.176116
2023-01-07 21:54: Train Epoch 8: 47/634 Loss: 0.147814
2023-01-07 21:54: Train Epoch 8: 51/634 Loss: 0.181539
2023-01-07 21:54: Train Epoch 8: 55/634 Loss: 0.126249
2023-01-07 21:55: Train Epoch 8: 59/634 Loss: 0.161937
2023-01-07 21:55: Train Epoch 8: 63/634 Loss: 0.173576
2023-01-07 21:55: Train Epoch 8: 67/634 Loss: 0.158966
2023-01-07 21:55: Train Epoch 8: 71/634 Loss: 0.171161
2023-01-07 21:56: Train Epoch 8: 75/634 Loss: 0.156311
2023-01-07 21:56: Train Epoch 8: 79/634 Loss: 0.151334
2023-01-07 21:56: Train Epoch 8: 83/634 Loss: 0.172740
2023-01-07 21:56: Train Epoch 8: 87/634 Loss: 0.148044
2023-01-07 21:57: Train Epoch 8: 91/634 Loss: 0.197336
2023-01-07 21:57: Train Epoch 8: 95/634 Loss: 0.250808
2023-01-07 21:57: Train Epoch 8: 99/634 Loss: 0.163625
2023-01-07 21:57: Train Epoch 8: 103/634 Loss: 0.196202
2023-01-07 21:58: Train Epoch 8: 107/634 Loss: 0.174242
2023-01-07 21:58: Train Epoch 8: 111/634 Loss: 0.178578
2023-01-07 21:58: Train Epoch 8: 115/634 Loss: 0.171415
2023-01-07 21:58: Train Epoch 8: 119/634 Loss: 0.178486
2023-01-07 21:59: Train Epoch 8: 123/634 Loss: 0.157547
2023-01-07 21:59: Train Epoch 8: 127/634 Loss: 0.167503
2023-01-07 21:59: Train Epoch 8: 131/634 Loss: 0.174696
2023-01-07 22:00: Train Epoch 8: 135/634 Loss: 0.237776
2023-01-07 22:00: Train Epoch 8: 139/634 Loss: 0.199887
2023-01-07 22:00: Train Epoch 8: 143/634 Loss: 0.157257
2023-01-07 22:00: Train Epoch 8: 147/634 Loss: 0.204610
2023-01-07 22:01: Train Epoch 8: 151/634 Loss: 0.188769
2023-01-07 22:01: Train Epoch 8: 155/634 Loss: 0.184627
2023-01-07 22:01: Train Epoch 8: 159/634 Loss: 0.197744
2023-01-07 22:01: Train Epoch 8: 163/634 Loss: 0.230854
2023-01-07 22:02: Train Epoch 8: 167/634 Loss: 0.146258
2023-01-07 22:02: Train Epoch 8: 171/634 Loss: 0.140270
2023-01-07 22:02: Train Epoch 8: 175/634 Loss: 0.166977
2023-01-07 22:02: Train Epoch 8: 179/634 Loss: 0.205990
2023-01-07 22:03: Train Epoch 8: 183/634 Loss: 0.185570
2023-01-07 22:03: Train Epoch 8: 187/634 Loss: 0.182659
2023-01-07 22:03: Train Epoch 8: 191/634 Loss: 0.214593
2023-01-07 22:03: Train Epoch 8: 195/634 Loss: 0.160913
2023-01-07 22:04: Train Epoch 8: 199/634 Loss: 0.161700
2023-01-07 22:04: Train Epoch 8: 203/634 Loss: 0.210167
2023-01-07 22:04: Train Epoch 8: 207/634 Loss: 0.168540
2023-01-07 22:05: Train Epoch 8: 211/634 Loss: 0.149254
2023-01-07 22:05: Train Epoch 8: 215/634 Loss: 0.175619
2023-01-07 22:05: Train Epoch 8: 219/634 Loss: 0.198244
2023-01-07 22:05: Train Epoch 8: 223/634 Loss: 0.194588
2023-01-07 22:06: Train Epoch 8: 227/634 Loss: 0.173815
2023-01-07 22:06: Train Epoch 8: 231/634 Loss: 0.155657
2023-01-07 22:06: Train Epoch 8: 235/634 Loss: 0.167120
2023-01-07 22:06: Train Epoch 8: 239/634 Loss: 0.205928
2023-01-07 22:07: Train Epoch 8: 243/634 Loss: 0.169875
2023-01-07 22:07: Train Epoch 8: 247/634 Loss: 0.180685
2023-01-07 22:07: Train Epoch 8: 251/634 Loss: 0.195427
2023-01-07 22:07: Train Epoch 8: 255/634 Loss: 0.180171
2023-01-07 22:08: Train Epoch 8: 259/634 Loss: 0.190769
2023-01-07 22:08: Train Epoch 8: 263/634 Loss: 0.162556
2023-01-07 22:08: Train Epoch 8: 267/634 Loss: 0.144291
2023-01-07 22:08: Train Epoch 8: 271/634 Loss: 0.141035
2023-01-07 22:09: Train Epoch 8: 275/634 Loss: 0.164561
2023-01-07 22:09: Train Epoch 8: 279/634 Loss: 0.182325
2023-01-07 22:09: Train Epoch 8: 283/634 Loss: 0.127136
2023-01-07 22:10: Train Epoch 8: 287/634 Loss: 0.178124
2023-01-07 22:10: Train Epoch 8: 291/634 Loss: 0.178039
2023-01-07 22:10: Train Epoch 8: 295/634 Loss: 0.175831
2023-01-07 22:10: Train Epoch 8: 299/634 Loss: 0.156095
2023-01-07 22:11: Train Epoch 8: 303/634 Loss: 0.142444
2023-01-07 22:11: Train Epoch 8: 307/634 Loss: 0.190647
2023-01-07 22:11: Train Epoch 8: 311/634 Loss: 0.173649
2023-01-07 22:11: Train Epoch 8: 315/634 Loss: 0.159876
2023-01-07 22:12: Train Epoch 8: 319/634 Loss: 0.181855
2023-01-07 22:12: Train Epoch 8: 323/634 Loss: 0.178257
2023-01-07 22:12: Train Epoch 8: 327/634 Loss: 0.183819
2023-01-07 22:13: Train Epoch 8: 331/634 Loss: 0.201523
2023-01-07 22:13: Train Epoch 8: 335/634 Loss: 0.152689
2023-01-07 22:13: Train Epoch 8: 339/634 Loss: 0.157866
2023-01-07 22:13: Train Epoch 8: 343/634 Loss: 0.153027
2023-01-07 22:14: Train Epoch 8: 347/634 Loss: 0.147383
2023-01-07 22:14: Train Epoch 8: 351/634 Loss: 0.183099
2023-01-07 22:14: Train Epoch 8: 355/634 Loss: 0.174467
2023-01-07 22:14: Train Epoch 8: 359/634 Loss: 0.169771
2023-01-07 22:15: Train Epoch 8: 363/634 Loss: 0.190072
2023-01-07 22:15: Train Epoch 8: 367/634 Loss: 0.196264
2023-01-07 22:15: Train Epoch 8: 371/634 Loss: 0.191838
2023-01-07 22:16: Train Epoch 8: 375/634 Loss: 0.155152
2023-01-07 22:16: Train Epoch 8: 379/634 Loss: 0.171485
2023-01-07 22:16: Train Epoch 8: 383/634 Loss: 0.149348
2023-01-07 22:16: Train Epoch 8: 387/634 Loss: 0.174602
2023-01-07 22:17: Train Epoch 8: 391/634 Loss: 0.177998
2023-01-07 22:17: Train Epoch 8: 395/634 Loss: 0.156735
2023-01-07 22:17: Train Epoch 8: 399/634 Loss: 0.171357
2023-01-07 22:17: Train Epoch 8: 403/634 Loss: 0.199129
2023-01-07 22:18: Train Epoch 8: 407/634 Loss: 0.154390
2023-01-07 22:18: Train Epoch 8: 411/634 Loss: 0.177806
2023-01-07 22:18: Train Epoch 8: 415/634 Loss: 0.155111
2023-01-07 22:18: Train Epoch 8: 419/634 Loss: 0.173839
2023-01-07 22:19: Train Epoch 8: 423/634 Loss: 0.191279
2023-01-07 22:19: Train Epoch 8: 427/634 Loss: 0.182725
2023-01-07 22:19: Train Epoch 8: 431/634 Loss: 0.173002
2023-01-07 22:19: Train Epoch 8: 435/634 Loss: 0.176088
2023-01-07 22:20: Train Epoch 8: 439/634 Loss: 0.160355
2023-01-07 22:20: Train Epoch 8: 443/634 Loss: 0.180049
2023-01-07 22:20: Train Epoch 8: 447/634 Loss: 0.182323
2023-01-07 22:20: Train Epoch 8: 451/634 Loss: 0.176025
2023-01-07 22:21: Train Epoch 8: 455/634 Loss: 0.176184
2023-01-07 22:21: Train Epoch 8: 459/634 Loss: 0.180822
2023-01-07 22:21: Train Epoch 8: 463/634 Loss: 0.186915
2023-01-07 22:21: Train Epoch 8: 467/634 Loss: 0.170669
2023-01-07 22:22: Train Epoch 8: 471/634 Loss: 0.141387
2023-01-07 22:22: Train Epoch 8: 475/634 Loss: 0.179192
2023-01-07 22:22: Train Epoch 8: 479/634 Loss: 0.178127
2023-01-07 22:22: Train Epoch 8: 483/634 Loss: 0.177283
2023-01-07 22:23: Train Epoch 8: 487/634 Loss: 0.180363
2023-01-07 22:23: Train Epoch 8: 491/634 Loss: 0.159985
2023-01-07 22:23: Train Epoch 8: 495/634 Loss: 0.172304
2023-01-07 22:24: Train Epoch 8: 499/634 Loss: 0.193531
2023-01-07 22:24: Train Epoch 8: 503/634 Loss: 0.204385
2023-01-07 22:24: Train Epoch 8: 507/634 Loss: 0.155068
2023-01-07 22:24: Train Epoch 8: 511/634 Loss: 0.190076
2023-01-07 22:25: Train Epoch 8: 515/634 Loss: 0.167119
2023-01-07 22:25: Train Epoch 8: 519/634 Loss: 0.194967
2023-01-07 22:25: Train Epoch 8: 523/634 Loss: 0.161967
2023-01-07 22:25: Train Epoch 8: 527/634 Loss: 0.171986
2023-01-07 22:26: Train Epoch 8: 531/634 Loss: 0.146377
2023-01-07 22:26: Train Epoch 8: 535/634 Loss: 0.152633
2023-01-07 22:26: Train Epoch 8: 539/634 Loss: 0.188473
2023-01-07 22:27: Train Epoch 8: 543/634 Loss: 0.169684
2023-01-07 22:27: Train Epoch 8: 547/634 Loss: 0.189693
2023-01-07 22:27: Train Epoch 8: 551/634 Loss: 0.181122
2023-01-07 22:27: Train Epoch 8: 555/634 Loss: 0.152807
2023-01-07 22:28: Train Epoch 8: 559/634 Loss: 0.146756
2023-01-07 22:28: Train Epoch 8: 563/634 Loss: 0.145741
2023-01-07 22:28: Train Epoch 8: 567/634 Loss: 0.190409
2023-01-07 22:28: Train Epoch 8: 571/634 Loss: 0.183611
2023-01-07 22:29: Train Epoch 8: 575/634 Loss: 0.164656
2023-01-07 22:29: Train Epoch 8: 579/634 Loss: 0.159292
2023-01-07 22:29: Train Epoch 8: 583/634 Loss: 0.151595
2023-01-07 22:30: Train Epoch 8: 587/634 Loss: 0.157473
2023-01-07 22:30: Train Epoch 8: 591/634 Loss: 0.167594
2023-01-07 22:30: Train Epoch 8: 595/634 Loss: 0.208647
2023-01-07 22:30: Train Epoch 8: 599/634 Loss: 0.170965
2023-01-07 22:31: Train Epoch 8: 603/634 Loss: 0.174642
2023-01-07 22:31: Train Epoch 8: 607/634 Loss: 0.151756
2023-01-07 22:31: Train Epoch 8: 611/634 Loss: 0.145353
2023-01-07 22:31: Train Epoch 8: 615/634 Loss: 0.164246
2023-01-07 22:32: Train Epoch 8: 619/634 Loss: 0.152455
2023-01-07 22:32: Train Epoch 8: 623/634 Loss: 0.172140
2023-01-07 22:32: Train Epoch 8: 627/634 Loss: 0.140622
2023-01-07 22:32: Train Epoch 8: 631/634 Loss: 0.166373
2023-01-07 22:32: Train Epoch 8: 633/634 Loss: 0.087494
2023-01-07 22:32: **********Train Epoch 8: averaged Loss: 0.172644 
2023-01-07 22:32: 
Epoch time elapsed: 2519.600864648819

2023-01-07 22:34: 
 metrics validation: {'precision': 0.8140531276778064, 'recall': 0.7307692307692307, 'f1-score': 0.7701661937576003, 'support': 1300, 'AUC': 0.9289307692307693, 'AUCPR': 0.8628534871181542, 'TP': 950, 'FP': 217, 'TN': 2383, 'FN': 350} 

2023-01-07 22:34: **********Val Epoch 8: average Loss: 0.153195
2023-01-07 22:34: *********************************Current best model saved!
2023-01-07 22:35: 
 Testing metrics {'precision': 0.841995841995842, 'recall': 0.6596091205211726, 'f1-score': 0.7397260273972603, 'support': 1228, 'AUC': 0.9239728339292725, 'AUCPR': 0.8708023314286757, 'TP': 810, 'FP': 152, 'TN': 2304, 'FN': 418} 

2023-01-07 22:39: 
 Testing metrics {'precision': 0.902433528616494, 'recall': 0.908781484002723, 'f1-score': 0.9055963821368005, 'support': 4407, 'AUC': 0.9782890474439115, 'AUCPR': 0.9592921267424617, 'TP': 4005, 'FP': 433, 'TN': 8381, 'FN': 402} 

2023-01-07 22:39: Train Epoch 9: 3/634 Loss: 0.189003
2023-01-07 22:39: Train Epoch 9: 7/634 Loss: 0.197649
2023-01-07 22:40: Train Epoch 9: 11/634 Loss: 0.147137
2023-01-07 22:40: Train Epoch 9: 15/634 Loss: 0.161736
2023-01-07 22:40: Train Epoch 9: 19/634 Loss: 0.142402
2023-01-07 22:41: Train Epoch 9: 23/634 Loss: 0.143235
2023-01-07 22:41: Train Epoch 9: 27/634 Loss: 0.141893
2023-01-07 22:41: Train Epoch 9: 31/634 Loss: 0.153712
2023-01-07 22:41: Train Epoch 9: 35/634 Loss: 0.166532
2023-01-07 22:42: Train Epoch 9: 39/634 Loss: 0.145451
2023-01-07 22:42: Train Epoch 9: 43/634 Loss: 0.138271
2023-01-07 22:42: Train Epoch 9: 47/634 Loss: 0.160037
2023-01-07 22:42: Train Epoch 9: 51/634 Loss: 0.206761
2023-01-07 22:43: Train Epoch 9: 55/634 Loss: 0.188886
2023-01-07 22:43: Train Epoch 9: 59/634 Loss: 0.146120
2023-01-07 22:43: Train Epoch 9: 63/634 Loss: 0.161566
2023-01-07 22:44: Train Epoch 9: 67/634 Loss: 0.179750
2023-01-07 22:44: Train Epoch 9: 71/634 Loss: 0.157468
2023-01-07 22:44: Train Epoch 9: 75/634 Loss: 0.149693
2023-01-07 22:44: Train Epoch 9: 79/634 Loss: 0.184658
2023-01-07 22:45: Train Epoch 9: 83/634 Loss: 0.163510
2023-01-07 22:45: Train Epoch 9: 87/634 Loss: 0.174299
2023-01-07 22:45: Train Epoch 9: 91/634 Loss: 0.153927
2023-01-07 22:45: Train Epoch 9: 95/634 Loss: 0.175806
2023-01-07 22:46: Train Epoch 9: 99/634 Loss: 0.171086
2023-01-07 22:46: Train Epoch 9: 103/634 Loss: 0.180645
2023-01-07 22:46: Train Epoch 9: 107/634 Loss: 0.179820
2023-01-07 22:46: Train Epoch 9: 111/634 Loss: 0.162930
2023-01-07 22:47: Train Epoch 9: 115/634 Loss: 0.163786
2023-01-07 22:47: Train Epoch 9: 119/634 Loss: 0.205073
2023-01-07 22:47: Train Epoch 9: 123/634 Loss: 0.183085
2023-01-07 22:47: Train Epoch 9: 127/634 Loss: 0.175655
2023-01-07 22:48: Train Epoch 9: 131/634 Loss: 0.166084
2023-01-07 22:48: Train Epoch 9: 135/634 Loss: 0.164173
2023-01-07 22:48: Train Epoch 9: 139/634 Loss: 0.170523
2023-01-07 22:48: Train Epoch 9: 143/634 Loss: 0.168249
2023-01-07 22:49: Train Epoch 9: 147/634 Loss: 0.159890
2023-01-07 22:49: Train Epoch 9: 151/634 Loss: 0.155461
2023-01-07 22:49: Train Epoch 9: 155/634 Loss: 0.163933
2023-01-07 22:49: Train Epoch 9: 159/634 Loss: 0.173381
2023-01-07 22:50: Train Epoch 9: 163/634 Loss: 0.152822
2023-01-07 22:50: Train Epoch 9: 167/634 Loss: 0.182674
2023-01-07 22:50: Train Epoch 9: 171/634 Loss: 0.177465
2023-01-07 22:50: Train Epoch 9: 175/634 Loss: 0.191141
2023-01-07 22:51: Train Epoch 9: 179/634 Loss: 0.168136
2023-01-07 22:51: Train Epoch 9: 183/634 Loss: 0.174844
2023-01-07 22:51: Train Epoch 9: 187/634 Loss: 0.150171
2023-01-07 22:51: Train Epoch 9: 191/634 Loss: 0.156510
2023-01-07 22:52: Train Epoch 9: 195/634 Loss: 0.156380
2023-01-07 22:52: Train Epoch 9: 199/634 Loss: 0.170670
2023-01-07 22:52: Train Epoch 9: 203/634 Loss: 0.158537
2023-01-07 22:52: Train Epoch 9: 207/634 Loss: 0.162480
2023-01-07 22:53: Train Epoch 9: 211/634 Loss: 0.157880
2023-01-07 22:53: Train Epoch 9: 215/634 Loss: 0.143269
2023-01-07 22:53: Train Epoch 9: 219/634 Loss: 0.144927
2023-01-07 22:53: Train Epoch 9: 223/634 Loss: 0.133762
2023-01-07 22:54: Train Epoch 9: 227/634 Loss: 0.167081
2023-01-07 22:54: Train Epoch 9: 231/634 Loss: 0.148879
2023-01-07 22:54: Train Epoch 9: 235/634 Loss: 0.184090
2023-01-07 22:54: Train Epoch 9: 239/634 Loss: 0.188558
2023-01-07 22:54: Train Epoch 9: 243/634 Loss: 0.157607
2023-01-07 22:55: Train Epoch 9: 247/634 Loss: 0.164622
2023-01-07 22:55: Train Epoch 9: 251/634 Loss: 0.155752
2023-01-07 22:55: Train Epoch 9: 255/634 Loss: 0.174019
2023-01-07 22:56: Train Epoch 9: 259/634 Loss: 0.181149
2023-01-07 22:56: Train Epoch 9: 263/634 Loss: 0.149691
2023-01-07 22:56: Train Epoch 9: 267/634 Loss: 0.154713
2023-01-07 22:56: Train Epoch 9: 271/634 Loss: 0.168557
2023-01-07 22:57: Train Epoch 9: 275/634 Loss: 0.155480
2023-01-07 22:57: Train Epoch 9: 279/634 Loss: 0.154488
2023-01-07 22:57: Train Epoch 9: 283/634 Loss: 0.161709
2023-01-07 22:57: Train Epoch 9: 287/634 Loss: 0.147010
2023-01-07 22:58: Train Epoch 9: 291/634 Loss: 0.188534
2023-01-07 22:58: Train Epoch 9: 295/634 Loss: 0.169281
2023-01-07 22:58: Train Epoch 9: 299/634 Loss: 0.153229
2023-01-07 22:58: Train Epoch 9: 303/634 Loss: 0.138682
2023-01-07 22:59: Train Epoch 9: 307/634 Loss: 0.179051
2023-01-07 22:59: Train Epoch 9: 311/634 Loss: 0.180167
2023-01-07 22:59: Train Epoch 9: 315/634 Loss: 0.150583
2023-01-07 22:59: Train Epoch 9: 319/634 Loss: 0.169025
2023-01-07 23:00: Train Epoch 9: 323/634 Loss: 0.153029
2023-01-07 23:00: Train Epoch 9: 327/634 Loss: 0.180646
2023-01-07 23:00: Train Epoch 9: 331/634 Loss: 0.143002
2023-01-07 23:00: Train Epoch 9: 335/634 Loss: 0.171131
2023-01-07 23:01: Train Epoch 9: 339/634 Loss: 0.149760
2023-01-07 23:01: Train Epoch 9: 343/634 Loss: 0.162552
2023-01-07 23:01: Train Epoch 9: 347/634 Loss: 0.139108
2023-01-07 23:01: Train Epoch 9: 351/634 Loss: 0.181659
2023-01-07 23:02: Train Epoch 9: 355/634 Loss: 0.136575
2023-01-07 23:02: Train Epoch 9: 359/634 Loss: 0.153191
2023-01-07 23:02: Train Epoch 9: 363/634 Loss: 0.154448
2023-01-07 23:02: Train Epoch 9: 367/634 Loss: 0.154740
2023-01-07 23:03: Train Epoch 9: 371/634 Loss: 0.155031
2023-01-07 23:03: Train Epoch 9: 375/634 Loss: 0.188300
2023-01-07 23:03: Train Epoch 9: 379/634 Loss: 0.193751
2023-01-07 23:03: Train Epoch 9: 383/634 Loss: 0.190536
2023-01-07 23:04: Train Epoch 9: 387/634 Loss: 0.145256
2023-01-07 23:04: Train Epoch 9: 391/634 Loss: 0.167004
2023-01-07 23:04: Train Epoch 9: 395/634 Loss: 0.164722
2023-01-07 23:04: Train Epoch 9: 399/634 Loss: 0.156822
2023-01-07 23:05: Train Epoch 9: 403/634 Loss: 0.175729
2023-01-07 23:05: Train Epoch 9: 407/634 Loss: 0.179599
2023-01-07 23:05: Train Epoch 9: 411/634 Loss: 0.137695
2023-01-07 23:05: Train Epoch 9: 415/634 Loss: 0.162379
2023-01-07 23:06: Train Epoch 9: 419/634 Loss: 0.158813
2023-01-07 23:06: Train Epoch 9: 423/634 Loss: 0.161617
2023-01-07 23:06: Train Epoch 9: 427/634 Loss: 0.171473
2023-01-07 23:06: Train Epoch 9: 431/634 Loss: 0.199628
2023-01-07 23:07: Train Epoch 9: 435/634 Loss: 0.185110
2023-01-07 23:07: Train Epoch 9: 439/634 Loss: 0.164067
2023-01-07 23:07: Train Epoch 9: 443/634 Loss: 0.199554
2023-01-07 23:07: Train Epoch 9: 447/634 Loss: 0.199167
2023-01-07 23:08: Train Epoch 9: 451/634 Loss: 0.133664
2023-01-07 23:08: Train Epoch 9: 455/634 Loss: 0.164895
2023-01-07 23:08: Train Epoch 9: 459/634 Loss: 0.169392
2023-01-07 23:08: Train Epoch 9: 463/634 Loss: 0.156074
2023-01-07 23:09: Train Epoch 9: 467/634 Loss: 0.146453
2023-01-07 23:09: Train Epoch 9: 471/634 Loss: 0.184540
2023-01-07 23:09: Train Epoch 9: 475/634 Loss: 0.173955
2023-01-07 23:09: Train Epoch 9: 479/634 Loss: 0.165139
2023-01-07 23:10: Train Epoch 9: 483/634 Loss: 0.190364
2023-01-07 23:10: Train Epoch 9: 487/634 Loss: 0.172946
2023-01-07 23:10: Train Epoch 9: 491/634 Loss: 0.176228
2023-01-07 23:11: Train Epoch 9: 495/634 Loss: 0.148621
2023-01-07 23:11: Train Epoch 9: 499/634 Loss: 0.134785
2023-01-07 23:11: Train Epoch 9: 503/634 Loss: 0.161803
2023-01-07 23:11: Train Epoch 9: 507/634 Loss: 0.138440
2023-01-07 23:12: Train Epoch 9: 511/634 Loss: 0.164197
2023-01-07 23:12: Train Epoch 9: 515/634 Loss: 0.160167
2023-01-07 23:12: Train Epoch 9: 519/634 Loss: 0.157219
2023-01-07 23:12: Train Epoch 9: 523/634 Loss: 0.167277
2023-01-07 23:13: Train Epoch 9: 527/634 Loss: 0.195783
2023-01-07 23:13: Train Epoch 9: 531/634 Loss: 0.168884
2023-01-07 23:13: Train Epoch 9: 535/634 Loss: 0.174618
2023-01-07 23:13: Train Epoch 9: 539/634 Loss: 0.170955
2023-01-07 23:14: Train Epoch 9: 543/634 Loss: 0.144276
2023-01-07 23:14: Train Epoch 9: 547/634 Loss: 0.151398
2023-01-07 23:14: Train Epoch 9: 551/634 Loss: 0.126100
2023-01-07 23:14: Train Epoch 9: 555/634 Loss: 0.156595
2023-01-07 23:15: Train Epoch 9: 559/634 Loss: 0.170688
2023-01-07 23:15: Train Epoch 9: 563/634 Loss: 0.153752
2023-01-07 23:15: Train Epoch 9: 567/634 Loss: 0.200887
2023-01-07 23:15: Train Epoch 9: 571/634 Loss: 0.149380
2023-01-07 23:16: Train Epoch 9: 575/634 Loss: 0.154508
2023-01-07 23:16: Train Epoch 9: 579/634 Loss: 0.143780
2023-01-07 23:16: Train Epoch 9: 583/634 Loss: 0.142662
2023-01-07 23:16: Train Epoch 9: 587/634 Loss: 0.192457
2023-01-07 23:17: Train Epoch 9: 591/634 Loss: 0.190523
2023-01-07 23:17: Train Epoch 9: 595/634 Loss: 0.153591
2023-01-07 23:17: Train Epoch 9: 599/634 Loss: 0.157350
2023-01-07 23:17: Train Epoch 9: 603/634 Loss: 0.144601
2023-01-07 23:18: Train Epoch 9: 607/634 Loss: 0.188002
2023-01-07 23:18: Train Epoch 9: 611/634 Loss: 0.163608
2023-01-07 23:18: Train Epoch 9: 615/634 Loss: 0.167936
2023-01-07 23:18: Train Epoch 9: 619/634 Loss: 0.162742
2023-01-07 23:19: Train Epoch 9: 623/634 Loss: 0.154930
2023-01-07 23:19: Train Epoch 9: 627/634 Loss: 0.159209
2023-01-07 23:19: Train Epoch 9: 631/634 Loss: 0.215422
2023-01-07 23:19: Train Epoch 9: 633/634 Loss: 0.066595
2023-01-07 23:19: **********Train Epoch 9: averaged Loss: 0.164279 
2023-01-07 23:19: 
Epoch time elapsed: 2420.5274357795715

2023-01-07 23:20: 
 metrics validation: {'precision': 0.8949771689497716, 'recall': 0.6030769230769231, 'f1-score': 0.7205882352941176, 'support': 1300, 'AUC': 0.9338452662721893, 'AUCPR': 0.8764817325257459, 'TP': 784, 'FP': 92, 'TN': 2508, 'FN': 516} 

2023-01-07 23:20: **********Val Epoch 9: average Loss: 0.175292
2023-01-07 23:21: Train Epoch 10: 3/634 Loss: 0.143707
2023-01-07 23:21: Train Epoch 10: 7/634 Loss: 0.130677
2023-01-07 23:21: Train Epoch 10: 11/634 Loss: 0.184257
2023-01-07 23:21: Train Epoch 10: 15/634 Loss: 0.153839
2023-01-07 23:22: Train Epoch 10: 19/634 Loss: 0.153774
2023-01-07 23:22: Train Epoch 10: 23/634 Loss: 0.152075
2023-01-07 23:22: Train Epoch 10: 27/634 Loss: 0.181963
2023-01-07 23:22: Train Epoch 10: 31/634 Loss: 0.156001
2023-01-07 23:23: Train Epoch 10: 35/634 Loss: 0.137807
2023-01-07 23:23: Train Epoch 10: 39/634 Loss: 0.148951
2023-01-07 23:23: Train Epoch 10: 43/634 Loss: 0.183280
2023-01-07 23:24: Train Epoch 10: 47/634 Loss: 0.183366
2023-01-07 23:24: Train Epoch 10: 51/634 Loss: 0.168093
2023-01-07 23:24: Train Epoch 10: 55/634 Loss: 0.184460
2023-01-07 23:24: Train Epoch 10: 59/634 Loss: 0.177633
2023-01-07 23:24: Train Epoch 10: 63/634 Loss: 0.147634
2023-01-07 23:25: Train Epoch 10: 67/634 Loss: 0.157647
2023-01-07 23:25: Train Epoch 10: 71/634 Loss: 0.166636
2023-01-07 23:25: Train Epoch 10: 75/634 Loss: 0.167818
2023-01-07 23:26: Train Epoch 10: 79/634 Loss: 0.156040
2023-01-07 23:26: Train Epoch 10: 83/634 Loss: 0.159228
2023-01-07 23:26: Train Epoch 10: 87/634 Loss: 0.167295
2023-01-07 23:26: Train Epoch 10: 91/634 Loss: 0.182960
2023-01-07 23:27: Train Epoch 10: 95/634 Loss: 0.144345
2023-01-07 23:27: Train Epoch 10: 99/634 Loss: 0.144667
2023-01-07 23:27: Train Epoch 10: 103/634 Loss: 0.188490
2023-01-07 23:27: Train Epoch 10: 107/634 Loss: 0.157906
2023-01-07 23:28: Train Epoch 10: 111/634 Loss: 0.182228
2023-01-07 23:28: Train Epoch 10: 115/634 Loss: 0.122557
2023-01-07 23:28: Train Epoch 10: 119/634 Loss: 0.172009
2023-01-07 23:28: Train Epoch 10: 123/634 Loss: 0.159099
2023-01-07 23:29: Train Epoch 10: 127/634 Loss: 0.161370
2023-01-07 23:29: Train Epoch 10: 131/634 Loss: 0.171670
2023-01-07 23:29: Train Epoch 10: 135/634 Loss: 0.161949
2023-01-07 23:29: Train Epoch 10: 139/634 Loss: 0.197663
2023-01-07 23:30: Train Epoch 10: 143/634 Loss: 0.181655
2023-01-07 23:30: Train Epoch 10: 147/634 Loss: 0.155476
2023-01-07 23:30: Train Epoch 10: 151/634 Loss: 0.190766
2023-01-07 23:30: Train Epoch 10: 155/634 Loss: 0.151998
2023-01-07 23:31: Train Epoch 10: 159/634 Loss: 0.129174
2023-01-07 23:31: Train Epoch 10: 163/634 Loss: 0.164620
2023-01-07 23:31: Train Epoch 10: 167/634 Loss: 0.162732
2023-01-07 23:31: Train Epoch 10: 171/634 Loss: 0.156556
2023-01-07 23:32: Train Epoch 10: 175/634 Loss: 0.173630
2023-01-07 23:32: Train Epoch 10: 179/634 Loss: 0.189484
2023-01-07 23:32: Train Epoch 10: 183/634 Loss: 0.161486
2023-01-07 23:32: Train Epoch 10: 187/634 Loss: 0.145004
2023-01-07 23:33: Train Epoch 10: 191/634 Loss: 0.154625
2023-01-07 23:33: Train Epoch 10: 195/634 Loss: 0.159053
2023-01-07 23:33: Train Epoch 10: 199/634 Loss: 0.158412
2023-01-07 23:33: Train Epoch 10: 203/634 Loss: 0.159968
2023-01-07 23:34: Train Epoch 10: 207/634 Loss: 0.135879
2023-01-07 23:34: Train Epoch 10: 211/634 Loss: 0.162580
2023-01-07 23:34: Train Epoch 10: 215/634 Loss: 0.162888
2023-01-07 23:34: Train Epoch 10: 219/634 Loss: 0.176701
2023-01-07 23:35: Train Epoch 10: 223/634 Loss: 0.165707
2023-01-07 23:35: Train Epoch 10: 227/634 Loss: 0.166483
2023-01-07 23:35: Train Epoch 10: 231/634 Loss: 0.146308
2023-01-07 23:35: Train Epoch 10: 235/634 Loss: 0.150725
2023-01-07 23:36: Train Epoch 10: 239/634 Loss: 0.198011
2023-01-07 23:36: Train Epoch 10: 243/634 Loss: 0.152285
2023-01-07 23:36: Train Epoch 10: 247/634 Loss: 0.177138
2023-01-07 23:36: Train Epoch 10: 251/634 Loss: 0.178010
2023-01-07 23:37: Train Epoch 10: 255/634 Loss: 0.198729
2023-01-07 23:37: Train Epoch 10: 259/634 Loss: 0.171916
2023-01-07 23:37: Train Epoch 10: 263/634 Loss: 0.186005
2023-01-07 23:37: Train Epoch 10: 267/634 Loss: 0.164630
2023-01-07 23:38: Train Epoch 10: 271/634 Loss: 0.157551
2023-01-07 23:38: Train Epoch 10: 275/634 Loss: 0.176106
2023-01-07 23:38: Train Epoch 10: 279/634 Loss: 0.215716
2023-01-07 23:38: Train Epoch 10: 283/634 Loss: 0.179148
2023-01-07 23:39: Train Epoch 10: 287/634 Loss: 0.175859
2023-01-07 23:39: Train Epoch 10: 291/634 Loss: 0.212621
2023-01-07 23:39: Train Epoch 10: 295/634 Loss: 0.179559
2023-01-07 23:39: Train Epoch 10: 299/634 Loss: 0.152995
2023-01-07 23:40: Train Epoch 10: 303/634 Loss: 0.157264
2023-01-07 23:40: Train Epoch 10: 307/634 Loss: 0.220430
2023-01-07 23:40: Train Epoch 10: 311/634 Loss: 0.164591
2023-01-07 23:40: Train Epoch 10: 315/634 Loss: 0.199721
2023-01-07 23:41: Train Epoch 10: 319/634 Loss: 0.181019
2023-01-07 23:41: Train Epoch 10: 323/634 Loss: 0.164664
2023-01-07 23:41: Train Epoch 10: 327/634 Loss: 0.181431
2023-01-07 23:41: Train Epoch 10: 331/634 Loss: 0.174407
2023-01-07 23:42: Train Epoch 10: 335/634 Loss: 0.159962
2023-01-07 23:42: Train Epoch 10: 339/634 Loss: 0.181184
2023-01-07 23:42: Train Epoch 10: 343/634 Loss: 0.169003
2023-01-07 23:42: Train Epoch 10: 347/634 Loss: 0.150315
2023-01-07 23:43: Train Epoch 10: 351/634 Loss: 0.170953
2023-01-07 23:43: Train Epoch 10: 355/634 Loss: 0.160916
2023-01-07 23:43: Train Epoch 10: 359/634 Loss: 0.156785
2023-01-07 23:43: Train Epoch 10: 363/634 Loss: 0.164238
