2023-01-01 18:43: log dir: /home/joel.chacon/tmp/WildFire_GCN/experiments/2020/2023010118433059064371113
2023-01-01 18:43: Experiment log path in: /home/joel.chacon/tmp/WildFire_GCN/experiments/2020/2023010118433059064371113
2023-01-01 18:43: Argument: Namespace(batch_size=256, clc='vec', cuda=True, dataset='2020', dataset_root='/home/joel.chacon/tmp/datasets_grl/', debug=False, default_graph=True, device='cpu', dynamic_features=['1 km 16 days NDVI', 'LST_Day_1km', 'LST_Night_1km', 'era5_max_d2m', 'era5_max_t2m', 'era5_max_sp', 'era5_max_tp', 'sminx', 'era5_max_wind_speed', 'era5_min_rh'], early_stop=True, early_stop_patience=8, embed_dim=64, epochs=30, grad_norm=False, horizon=1, input_dim=25, lag=10, link_len=2, log_dir='/home/joel.chacon/tmp/WildFire_GCN/experiments/2020/2023010118433059064371113', log_step=1, loss_func='nllloss', lr_decay=True, lr_decay_rate=0.1, lr_decay_step='15, 20', lr_init=0.0001, max_grad_norm=5, minbatch_size=64, mode='train', model='fire_GCN', nan_fill=-1.0, num_layers=1, num_nodes=625, num_workers=12, output_dim=2, patch_height=25, patch_width=25, persistent_workers=True, pin_memory=True, plot=False, positive_weight=0.5, prefetch_factor=2, real_value=True, rnn_units=64, seed=100, static_features=['dem_mean', 'slope_mean', 'roads_distance', 'waterway_distance', 'population_density'], teacher_forcing=False, weight_decay=0.0, window_len=10)
2023-01-01 18:43: Argument batch_size: 256
2023-01-01 18:43: Argument clc: 'vec'
2023-01-01 18:43: Argument cuda: True
2023-01-01 18:43: Argument dataset: '2020'
2023-01-01 18:43: Argument dataset_root: '/home/joel.chacon/tmp/datasets_grl/'
2023-01-01 18:43: Argument debug: False
2023-01-01 18:43: Argument default_graph: True
2023-01-01 18:43: Argument device: 'cpu'
2023-01-01 18:43: Argument dynamic_features: ['1 km 16 days NDVI', 'LST_Day_1km', 'LST_Night_1km', 'era5_max_d2m', 'era5_max_t2m', 'era5_max_sp', 'era5_max_tp', 'sminx', 'era5_max_wind_speed', 'era5_min_rh']
2023-01-01 18:43: Argument early_stop: True
2023-01-01 18:43: Argument early_stop_patience: 8
2023-01-01 18:43: Argument embed_dim: 64
2023-01-01 18:43: Argument epochs: 30
2023-01-01 18:43: Argument grad_norm: False
2023-01-01 18:43: Argument horizon: 1
2023-01-01 18:43: Argument input_dim: 25
2023-01-01 18:43: Argument lag: 10
2023-01-01 18:43: Argument link_len: 2
2023-01-01 18:43: Argument log_dir: '/home/joel.chacon/tmp/WildFire_GCN/experiments/2020/2023010118433059064371113'
2023-01-01 18:43: Argument log_step: 1
2023-01-01 18:43: Argument loss_func: 'nllloss'
2023-01-01 18:43: Argument lr_decay: True
2023-01-01 18:43: Argument lr_decay_rate: 0.1
2023-01-01 18:43: Argument lr_decay_step: '15, 20'
2023-01-01 18:43: Argument lr_init: 0.0001
2023-01-01 18:43: Argument max_grad_norm: 5
2023-01-01 18:43: Argument minbatch_size: 64
2023-01-01 18:43: Argument mode: 'train'
2023-01-01 18:43: Argument model: 'fire_GCN'
2023-01-01 18:43: Argument nan_fill: -1.0
2023-01-01 18:43: Argument num_layers: 1
2023-01-01 18:43: Argument num_nodes: 625
2023-01-01 18:43: Argument num_workers: 12
2023-01-01 18:43: Argument output_dim: 2
2023-01-01 18:43: Argument patch_height: 25
2023-01-01 18:43: Argument patch_width: 25
2023-01-01 18:43: Argument persistent_workers: True
2023-01-01 18:43: Argument pin_memory: True
2023-01-01 18:43: Argument plot: False
2023-01-01 18:43: Argument positive_weight: 0.5
2023-01-01 18:43: Argument prefetch_factor: 2
2023-01-01 18:43: Argument real_value: True
2023-01-01 18:43: Argument rnn_units: 64
2023-01-01 18:43: Argument seed: 100
2023-01-01 18:43: Argument static_features: ['dem_mean', 'slope_mean', 'roads_distance', 'waterway_distance', 'population_density']
2023-01-01 18:43: Argument teacher_forcing: False
2023-01-01 18:43: Argument weight_decay: 0.0
2023-01-01 18:43: Argument window_len: 10
2023-01-01 18:44: Train Epoch 1: 3/634 Loss: 0.410569
2023-01-01 18:44: Train Epoch 1: 7/634 Loss: 0.857676
2023-01-01 18:45: Train Epoch 1: 11/634 Loss: 0.568900
2023-01-01 18:45: Train Epoch 1: 15/634 Loss: 0.255700
2023-01-01 18:45: Train Epoch 1: 19/634 Loss: 0.298508
2023-01-01 18:46: Train Epoch 1: 23/634 Loss: 0.434718
2023-01-01 18:46: Train Epoch 1: 27/634 Loss: 0.329737
2023-01-01 18:47: Train Epoch 1: 31/634 Loss: 0.311832
2023-01-01 18:47: Train Epoch 1: 35/634 Loss: 0.228392
2023-01-01 18:48: Train Epoch 1: 39/634 Loss: 0.275936
2023-01-01 18:48: Train Epoch 1: 43/634 Loss: 0.291760
2023-01-01 18:49: Train Epoch 1: 47/634 Loss: 0.276069
2023-01-01 18:49: Train Epoch 1: 51/634 Loss: 0.290576
2023-01-01 18:50: Train Epoch 1: 55/634 Loss: 0.261552
2023-01-01 18:50: Train Epoch 1: 59/634 Loss: 0.247595
2023-01-01 18:50: Train Epoch 1: 63/634 Loss: 0.269202
2023-01-01 18:51: Train Epoch 1: 67/634 Loss: 0.252005
2023-01-01 18:51: Train Epoch 1: 71/634 Loss: 0.235259
2023-01-01 18:52: Train Epoch 1: 75/634 Loss: 0.258170
2023-01-01 18:52: Train Epoch 1: 79/634 Loss: 0.228189
2023-01-01 18:53: Train Epoch 1: 83/634 Loss: 0.241649
2023-01-01 18:53: Train Epoch 1: 87/634 Loss: 0.226995
2023-01-01 18:54: Train Epoch 1: 91/634 Loss: 0.256472
2023-01-01 18:54: Train Epoch 1: 95/634 Loss: 0.230432
2023-01-01 18:55: Train Epoch 1: 99/634 Loss: 0.238971
2023-01-01 18:55: Train Epoch 1: 103/634 Loss: 0.190556
2023-01-01 18:55: Train Epoch 1: 107/634 Loss: 0.204005
2023-01-01 18:56: Train Epoch 1: 111/634 Loss: 0.231576
2023-01-01 18:56: Train Epoch 1: 115/634 Loss: 0.207337
2023-01-01 18:57: Train Epoch 1: 119/634 Loss: 0.250917
2023-01-01 18:57: Train Epoch 1: 123/634 Loss: 0.212847
2023-01-01 18:58: Train Epoch 1: 127/634 Loss: 0.250644
2023-01-01 18:58: Train Epoch 1: 131/634 Loss: 0.206035
2023-01-01 18:59: Train Epoch 1: 135/634 Loss: 0.249573
2023-01-01 18:59: Train Epoch 1: 139/634 Loss: 0.275646
2023-01-01 18:59: Train Epoch 1: 143/634 Loss: 0.231329
2023-01-01 19:00: Train Epoch 1: 147/634 Loss: 0.213287
2023-01-01 19:00: Train Epoch 1: 151/634 Loss: 0.202046
2023-01-01 19:01: Train Epoch 1: 155/634 Loss: 0.208090
2023-01-01 19:01: Train Epoch 1: 159/634 Loss: 0.285154
2023-01-01 19:02: Train Epoch 1: 163/634 Loss: 0.197591
2023-01-01 19:02: Train Epoch 1: 167/634 Loss: 0.231567
2023-01-01 19:03: Train Epoch 1: 171/634 Loss: 0.227030
2023-01-01 19:03: Train Epoch 1: 175/634 Loss: 0.195452
2023-01-01 19:03: Train Epoch 1: 179/634 Loss: 0.215102
2023-01-01 19:04: Train Epoch 1: 183/634 Loss: 0.215394
2023-01-01 19:04: Train Epoch 1: 187/634 Loss: 0.229976
2023-01-01 19:05: Train Epoch 1: 191/634 Loss: 0.218862
2023-01-01 19:05: Train Epoch 1: 195/634 Loss: 0.174716
2023-01-01 19:06: Train Epoch 1: 199/634 Loss: 0.215743
2023-01-01 19:06: Train Epoch 1: 203/634 Loss: 0.195881
2023-01-01 19:07: Train Epoch 1: 207/634 Loss: 0.202525
2023-01-01 19:07: Train Epoch 1: 211/634 Loss: 0.222440
2023-01-01 19:08: Train Epoch 1: 215/634 Loss: 0.202793
2023-01-01 19:08: Train Epoch 1: 219/634 Loss: 0.191643
2023-01-01 19:08: Train Epoch 1: 223/634 Loss: 0.193342
2023-01-01 19:09: Train Epoch 1: 227/634 Loss: 0.206183
2023-01-01 19:09: Train Epoch 1: 231/634 Loss: 0.223705
2023-01-01 19:10: Train Epoch 1: 235/634 Loss: 0.192344
2023-01-01 19:10: Train Epoch 1: 239/634 Loss: 0.220908
2023-01-01 19:11: Train Epoch 1: 243/634 Loss: 0.236727
2023-01-01 19:11: Train Epoch 1: 247/634 Loss: 0.217567
2023-01-01 19:12: Train Epoch 1: 251/634 Loss: 0.197991
2023-01-01 19:12: Train Epoch 1: 255/634 Loss: 0.247452
2023-01-01 19:13: Train Epoch 1: 259/634 Loss: 0.211951
2023-01-01 19:13: Train Epoch 1: 263/634 Loss: 0.225765
2023-01-01 19:14: Train Epoch 1: 267/634 Loss: 0.239613
2023-01-01 19:14: Train Epoch 1: 271/634 Loss: 0.207351
2023-01-01 19:14: Train Epoch 1: 275/634 Loss: 0.233965
2023-01-01 19:15: Train Epoch 1: 279/634 Loss: 0.245310
2023-01-01 19:15: Train Epoch 1: 283/634 Loss: 0.181774
2023-01-01 19:16: Train Epoch 1: 287/634 Loss: 0.214371
2023-01-01 19:16: Train Epoch 1: 291/634 Loss: 0.227732
2023-01-01 19:17: Train Epoch 1: 295/634 Loss: 0.220911
2023-01-01 19:17: Train Epoch 1: 299/634 Loss: 0.201250
2023-01-01 19:18: Train Epoch 1: 303/634 Loss: 0.202168
2023-01-01 19:18: Train Epoch 1: 307/634 Loss: 0.236155
2023-01-01 19:18: Train Epoch 1: 311/634 Loss: 0.215050
2023-01-01 19:19: Train Epoch 1: 315/634 Loss: 0.215779
2023-01-01 19:19: Train Epoch 1: 319/634 Loss: 0.218388
2023-01-01 19:20: Train Epoch 1: 323/634 Loss: 0.206786
2023-01-01 19:20: Train Epoch 1: 327/634 Loss: 0.217611
2023-01-01 19:21: Train Epoch 1: 331/634 Loss: 0.215784
2023-01-01 19:21: Train Epoch 1: 335/634 Loss: 0.201891
2023-01-01 19:22: Train Epoch 1: 339/634 Loss: 0.201159
2023-01-01 19:22: Train Epoch 1: 343/634 Loss: 0.217798
2023-01-01 19:23: Train Epoch 1: 347/634 Loss: 0.237073
2023-01-01 19:23: Train Epoch 1: 351/634 Loss: 0.241790
2023-01-01 19:23: Train Epoch 1: 355/634 Loss: 0.207248
2023-01-01 19:24: Train Epoch 1: 359/634 Loss: 0.213659
2023-01-01 19:24: Train Epoch 1: 363/634 Loss: 0.180879
2023-01-01 19:25: Train Epoch 1: 367/634 Loss: 0.210472
2023-01-01 19:25: Train Epoch 1: 371/634 Loss: 0.196363
2023-01-01 19:26: Train Epoch 1: 375/634 Loss: 0.241263
2023-01-01 19:26: Train Epoch 1: 379/634 Loss: 0.192595
2023-01-01 19:27: Train Epoch 1: 383/634 Loss: 0.252945
2023-01-01 19:27: Train Epoch 1: 387/634 Loss: 0.215104
2023-01-01 19:28: Train Epoch 1: 391/634 Loss: 0.199238
2023-01-01 19:28: Train Epoch 1: 395/634 Loss: 0.247287
2023-01-01 19:28: Train Epoch 1: 399/634 Loss: 0.232252
2023-01-01 19:29: Train Epoch 1: 403/634 Loss: 0.192194
2023-01-01 19:29: Train Epoch 1: 407/634 Loss: 0.176500
2023-01-01 19:30: Train Epoch 1: 411/634 Loss: 0.191488
2023-01-01 19:30: Train Epoch 1: 415/634 Loss: 0.225060
2023-01-01 19:31: Train Epoch 1: 419/634 Loss: 0.177809
2023-01-01 19:31: Train Epoch 1: 423/634 Loss: 0.188276
2023-01-01 19:32: Train Epoch 1: 427/634 Loss: 0.227063
2023-01-01 19:32: Train Epoch 1: 431/634 Loss: 0.254606
2023-01-01 19:32: Train Epoch 1: 435/634 Loss: 0.189276
2023-01-01 19:33: Train Epoch 1: 439/634 Loss: 0.206297
2023-01-01 19:33: Train Epoch 1: 443/634 Loss: 0.205360
2023-01-01 19:34: Train Epoch 1: 447/634 Loss: 0.216782
2023-01-01 19:34: Train Epoch 1: 451/634 Loss: 0.198585
2023-01-01 19:35: Train Epoch 1: 455/634 Loss: 0.231570
2023-01-01 19:35: Train Epoch 1: 459/634 Loss: 0.189695
2023-01-01 19:36: Train Epoch 1: 463/634 Loss: 0.190061
2023-01-01 19:36: Train Epoch 1: 467/634 Loss: 0.249193
2023-01-01 19:36: Train Epoch 1: 471/634 Loss: 0.213864
2023-01-01 19:37: Train Epoch 1: 475/634 Loss: 0.226209
2023-01-01 19:37: Train Epoch 1: 479/634 Loss: 0.234919
2023-01-01 19:38: Train Epoch 1: 483/634 Loss: 0.195604
2023-01-01 19:38: Train Epoch 1: 487/634 Loss: 0.199302
2023-01-01 19:39: Train Epoch 1: 491/634 Loss: 0.233528
2023-01-01 19:39: Train Epoch 1: 495/634 Loss: 0.196097
2023-01-01 19:40: Train Epoch 1: 499/634 Loss: 0.203253
2023-01-01 19:40: Train Epoch 1: 503/634 Loss: 0.208604
2023-01-01 19:41: Train Epoch 1: 507/634 Loss: 0.203252
2023-01-01 19:41: Train Epoch 1: 511/634 Loss: 0.255274
2023-01-01 19:42: Train Epoch 1: 515/634 Loss: 0.206391
2023-01-01 19:42: Train Epoch 1: 519/634 Loss: 0.209675
2023-01-01 19:42: Train Epoch 1: 523/634 Loss: 0.235898
2023-01-01 19:43: Train Epoch 1: 527/634 Loss: 0.218179
2023-01-01 19:43: Train Epoch 1: 531/634 Loss: 0.208370
2023-01-01 19:44: Train Epoch 1: 535/634 Loss: 0.214382
2023-01-01 19:44: Train Epoch 1: 539/634 Loss: 0.213985
2023-01-01 19:45: Train Epoch 1: 543/634 Loss: 0.213782
2023-01-01 19:45: Train Epoch 1: 547/634 Loss: 0.219675
2023-01-01 19:46: Train Epoch 1: 551/634 Loss: 0.192810
2023-01-01 19:46: Train Epoch 1: 555/634 Loss: 0.197941
2023-01-01 19:47: Train Epoch 1: 559/634 Loss: 0.190088
2023-01-01 19:47: Train Epoch 1: 563/634 Loss: 0.210091
2023-01-01 19:47: Train Epoch 1: 567/634 Loss: 0.196981
2023-01-01 19:48: Train Epoch 1: 571/634 Loss: 0.259175
2023-01-01 19:48: Train Epoch 1: 575/634 Loss: 0.198601
2023-01-01 19:49: Train Epoch 1: 579/634 Loss: 0.200019
2023-01-01 19:49: Train Epoch 1: 583/634 Loss: 0.226432
2023-01-01 19:50: Train Epoch 1: 587/634 Loss: 0.224832
2023-01-01 19:50: Train Epoch 1: 591/634 Loss: 0.194729
2023-01-01 19:51: Train Epoch 1: 595/634 Loss: 0.187777
2023-01-01 19:51: Train Epoch 1: 599/634 Loss: 0.210431
2023-01-01 19:52: Train Epoch 1: 603/634 Loss: 0.224431
2023-01-01 19:52: Train Epoch 1: 607/634 Loss: 0.212223
2023-01-01 19:53: Train Epoch 1: 611/634 Loss: 0.229655
2023-01-01 19:53: Train Epoch 1: 615/634 Loss: 0.237372
2023-01-01 19:53: Train Epoch 1: 619/634 Loss: 0.213233
2023-01-01 19:54: Train Epoch 1: 623/634 Loss: 0.218773
2023-01-01 19:54: Train Epoch 1: 627/634 Loss: 0.214257
2023-01-01 19:55: Train Epoch 1: 631/634 Loss: 0.209154
2023-01-01 19:55: Train Epoch 1: 633/634 Loss: 0.071605
2023-01-01 19:55: **********Train Epoch 1: averaged Loss: 0.229159 
2023-01-01 19:55: 
Epoch time elapsed: 4317.398207426071

2023-01-01 19:57: 
 metrics validation: {'precision': 0.7330552659019812, 'recall': 0.5407692307692308, 'f1-score': 0.6223992917220008, 'support': 1300, 'AUC': 0.8199044378698225, 'AUCPR': 0.6852869383462912, 'TP': 703, 'FP': 256, 'TN': 2344, 'FN': 597} 

2023-01-01 19:57: **********Val Epoch 1: average Loss: 0.244625
2023-01-01 19:57: *********************************Current best model saved!
2023-01-01 19:59: 
 Testing metrics {'precision': 0.7855477855477856, 'recall': 0.5488599348534202, 'f1-score': 0.6462128475551294, 'support': 1228, 'AUC': 0.8520136818427781, 'AUCPR': 0.760214335977215, 'TP': 674, 'FP': 184, 'TN': 2272, 'FN': 554} 

2023-01-01 20:05: 
 Testing metrics {'precision': 0.9036253096149516, 'recall': 0.910596777853415, 'f1-score': 0.9070976491862567, 'support': 4407, 'AUC': 0.9730878541775725, 'AUCPR': 0.9510724723195902, 'TP': 4013, 'FP': 428, 'TN': 8386, 'FN': 394} 

2023-01-01 20:05: Train Epoch 2: 3/634 Loss: 0.188602
2023-01-01 20:06: Train Epoch 2: 7/634 Loss: 0.191271
2023-01-01 20:06: Train Epoch 2: 11/634 Loss: 0.190619
2023-01-01 20:07: Train Epoch 2: 15/634 Loss: 0.182292
2023-01-01 20:07: Train Epoch 2: 19/634 Loss: 0.206576
2023-01-01 20:08: Train Epoch 2: 23/634 Loss: 0.192471
2023-01-01 20:08: Train Epoch 2: 27/634 Loss: 0.203445
2023-01-01 20:09: Train Epoch 2: 31/634 Loss: 0.223186
2023-01-01 20:09: Train Epoch 2: 35/634 Loss: 0.209397
2023-01-01 20:10: Train Epoch 2: 39/634 Loss: 0.198876
2023-01-01 20:10: Train Epoch 2: 43/634 Loss: 0.181599
2023-01-01 20:11: Train Epoch 2: 47/634 Loss: 0.179590
2023-01-01 20:11: Train Epoch 2: 51/634 Loss: 0.198203
2023-01-01 20:12: Train Epoch 2: 55/634 Loss: 0.210237
2023-01-01 20:12: Train Epoch 2: 59/634 Loss: 0.200630
2023-01-01 20:13: Train Epoch 2: 63/634 Loss: 0.199152
2023-01-01 20:13: Train Epoch 2: 67/634 Loss: 0.218639
2023-01-01 20:14: Train Epoch 2: 71/634 Loss: 0.209789
2023-01-01 20:14: Train Epoch 2: 75/634 Loss: 0.234736
2023-01-01 20:15: Train Epoch 2: 79/634 Loss: 0.213374
2023-01-01 20:15: Train Epoch 2: 83/634 Loss: 0.253279
2023-01-01 20:16: Train Epoch 2: 87/634 Loss: 0.251682
2023-01-01 20:16: Train Epoch 2: 91/634 Loss: 0.204938
2023-01-01 20:17: Train Epoch 2: 95/634 Loss: 0.240959
2023-01-01 20:18: Train Epoch 2: 99/634 Loss: 0.233312
2023-01-01 20:18: Train Epoch 2: 103/634 Loss: 0.229466
2023-01-01 20:19: Train Epoch 2: 107/634 Loss: 0.243983
2023-01-01 20:19: Train Epoch 2: 111/634 Loss: 0.214011
2023-01-01 20:20: Train Epoch 2: 115/634 Loss: 0.191569
2023-01-01 20:20: Train Epoch 2: 119/634 Loss: 0.289100
2023-01-01 20:21: Train Epoch 2: 123/634 Loss: 0.206706
2023-01-01 20:21: Train Epoch 2: 127/634 Loss: 0.204725
2023-01-01 20:22: Train Epoch 2: 131/634 Loss: 0.236244
2023-01-01 20:22: Train Epoch 2: 135/634 Loss: 0.243591
2023-01-01 20:23: Train Epoch 2: 139/634 Loss: 0.178457
2023-01-01 20:23: Train Epoch 2: 143/634 Loss: 0.290475
2023-01-01 20:24: Train Epoch 2: 147/634 Loss: 0.217531
2023-01-01 20:24: Train Epoch 2: 151/634 Loss: 0.248825
2023-01-01 20:25: Train Epoch 2: 155/634 Loss: 0.273294
2023-01-01 20:25: Train Epoch 2: 159/634 Loss: 0.207433
2023-01-01 20:26: Train Epoch 2: 163/634 Loss: 0.234376
2023-01-01 20:26: Train Epoch 2: 167/634 Loss: 0.302588
2023-01-01 20:27: Train Epoch 2: 171/634 Loss: 0.201669
2023-01-01 20:27: Train Epoch 2: 175/634 Loss: 0.192609
2023-01-01 20:28: Train Epoch 2: 179/634 Loss: 0.231934
2023-01-01 20:28: Train Epoch 2: 183/634 Loss: 0.212381
2023-01-01 20:29: Train Epoch 2: 187/634 Loss: 0.244237
2023-01-01 20:29: Train Epoch 2: 191/634 Loss: 0.238635
2023-01-01 20:30: Train Epoch 2: 195/634 Loss: 0.223800
2023-01-01 20:30: Train Epoch 2: 199/634 Loss: 0.182410
2023-01-01 20:31: Train Epoch 2: 203/634 Loss: 0.228115
2023-01-01 20:31: Train Epoch 2: 207/634 Loss: 0.224594
2023-01-01 20:32: Train Epoch 2: 211/634 Loss: 0.189080
2023-01-01 20:32: Train Epoch 2: 215/634 Loss: 0.229120
2023-01-01 20:33: Train Epoch 2: 219/634 Loss: 0.223119
2023-01-01 20:33: Train Epoch 2: 223/634 Loss: 0.249801
2023-01-01 20:34: Train Epoch 2: 227/634 Loss: 0.190153
2023-01-01 20:35: Train Epoch 2: 231/634 Loss: 0.234764
2023-01-01 20:35: Train Epoch 2: 235/634 Loss: 0.193121
2023-01-01 20:36: Train Epoch 2: 239/634 Loss: 0.199743
2023-01-01 20:36: Train Epoch 2: 243/634 Loss: 0.211608
2023-01-01 20:37: Train Epoch 2: 247/634 Loss: 0.235672
2023-01-01 20:37: Train Epoch 2: 251/634 Loss: 0.194919
2023-01-01 20:38: Train Epoch 2: 255/634 Loss: 0.258579
2023-01-01 20:38: Train Epoch 2: 259/634 Loss: 0.196127
2023-01-01 20:39: Train Epoch 2: 263/634 Loss: 0.192921
2023-01-01 20:39: Train Epoch 2: 267/634 Loss: 0.217123
2023-01-01 20:40: Train Epoch 2: 271/634 Loss: 0.203201
2023-01-01 20:40: Train Epoch 2: 275/634 Loss: 0.213401
2023-01-01 20:41: Train Epoch 2: 279/634 Loss: 0.214624
2023-01-01 20:41: Train Epoch 2: 283/634 Loss: 0.214770
2023-01-01 20:42: Train Epoch 2: 287/634 Loss: 0.208177
2023-01-01 20:42: Train Epoch 2: 291/634 Loss: 0.221802
2023-01-01 20:43: Train Epoch 2: 295/634 Loss: 0.203336
2023-01-01 20:43: Train Epoch 2: 299/634 Loss: 0.184150
2023-01-01 20:44: Train Epoch 2: 303/634 Loss: 0.243527
2023-01-01 20:44: Train Epoch 2: 307/634 Loss: 0.174627
2023-01-01 20:45: Train Epoch 2: 311/634 Loss: 0.187580
2023-01-01 20:45: Train Epoch 2: 315/634 Loss: 0.200091
2023-01-01 20:46: Train Epoch 2: 319/634 Loss: 0.198341
2023-01-01 20:46: Train Epoch 2: 323/634 Loss: 0.185317
2023-01-01 20:47: Train Epoch 2: 327/634 Loss: 0.211664
2023-01-01 20:47: Train Epoch 2: 331/634 Loss: 0.187867
2023-01-01 20:48: Train Epoch 2: 335/634 Loss: 0.227331
2023-01-01 20:48: Train Epoch 2: 339/634 Loss: 0.201735
2023-01-01 20:49: Train Epoch 2: 343/634 Loss: 0.219186
2023-01-01 20:49: Train Epoch 2: 347/634 Loss: 0.200237
2023-01-01 20:50: Train Epoch 2: 351/634 Loss: 0.197515
2023-01-01 20:50: Train Epoch 2: 355/634 Loss: 0.181970
2023-01-01 20:51: Train Epoch 2: 359/634 Loss: 0.222594
2023-01-01 20:51: Train Epoch 2: 363/634 Loss: 0.215678
2023-01-01 20:52: Train Epoch 2: 367/634 Loss: 0.204291
2023-01-01 20:52: Train Epoch 2: 371/634 Loss: 0.174296
2023-01-01 20:53: Train Epoch 2: 375/634 Loss: 0.191722
2023-01-01 20:53: Train Epoch 2: 379/634 Loss: 0.187165
2023-01-01 20:54: Train Epoch 2: 383/634 Loss: 0.222327
2023-01-01 20:54: Train Epoch 2: 387/634 Loss: 0.213827
2023-01-01 20:55: Train Epoch 2: 391/634 Loss: 0.211570
2023-01-01 20:55: Train Epoch 2: 395/634 Loss: 0.190965
2023-01-01 20:56: Train Epoch 2: 399/634 Loss: 0.179391
2023-01-01 20:56: Train Epoch 2: 403/634 Loss: 0.229611
2023-01-01 20:57: Train Epoch 2: 407/634 Loss: 0.216336
2023-01-01 20:57: Train Epoch 2: 411/634 Loss: 0.190523
2023-01-01 20:58: Train Epoch 2: 415/634 Loss: 0.196061
2023-01-01 20:58: Train Epoch 2: 419/634 Loss: 0.213914
2023-01-01 20:59: Train Epoch 2: 423/634 Loss: 0.171755
2023-01-01 20:59: Train Epoch 2: 427/634 Loss: 0.231195
2023-01-01 21:00: Train Epoch 2: 431/634 Loss: 0.207522
2023-01-01 21:00: Train Epoch 2: 435/634 Loss: 0.214515
2023-01-01 21:01: Train Epoch 2: 439/634 Loss: 0.228923
2023-01-01 21:01: Train Epoch 2: 443/634 Loss: 0.218709
2023-01-01 21:02: Train Epoch 2: 447/634 Loss: 0.191305
2023-01-01 21:02: Train Epoch 2: 451/634 Loss: 0.215833
2023-01-01 21:03: Train Epoch 2: 455/634 Loss: 0.210670
2023-01-01 21:03: Train Epoch 2: 459/634 Loss: 0.192359
2023-01-01 21:04: Train Epoch 2: 463/634 Loss: 0.212159
2023-01-01 21:04: Train Epoch 2: 467/634 Loss: 0.175534
2023-01-01 21:05: Train Epoch 2: 471/634 Loss: 0.223250
2023-01-01 21:05: Train Epoch 2: 475/634 Loss: 0.162767
2023-01-01 21:06: Train Epoch 2: 479/634 Loss: 0.215503
2023-01-01 21:06: Train Epoch 2: 483/634 Loss: 0.224780
2023-01-01 21:07: Train Epoch 2: 487/634 Loss: 0.204950
2023-01-01 21:07: Train Epoch 2: 491/634 Loss: 0.193233
2023-01-01 21:07: Train Epoch 2: 495/634 Loss: 0.209430
2023-01-01 21:08: Train Epoch 2: 499/634 Loss: 0.229414
2023-01-01 21:08: Train Epoch 2: 503/634 Loss: 0.237020
2023-01-01 21:09: Train Epoch 2: 507/634 Loss: 0.241792
2023-01-01 21:09: Train Epoch 2: 511/634 Loss: 0.209419
2023-01-01 21:10: Train Epoch 2: 515/634 Loss: 0.195216
2023-01-01 21:10: Train Epoch 2: 519/634 Loss: 0.192947
2023-01-01 21:11: Train Epoch 2: 523/634 Loss: 0.170556
2023-01-01 21:11: Train Epoch 2: 527/634 Loss: 0.185482
2023-01-01 21:12: Train Epoch 2: 531/634 Loss: 0.236978
2023-01-01 21:12: Train Epoch 2: 535/634 Loss: 0.187010
2023-01-01 21:13: Train Epoch 2: 539/634 Loss: 0.222785
2023-01-01 21:13: Train Epoch 2: 543/634 Loss: 0.231504
2023-01-01 21:14: Train Epoch 2: 547/634 Loss: 0.212054
2023-01-01 21:14: Train Epoch 2: 551/634 Loss: 0.197887
2023-01-01 21:15: Train Epoch 2: 555/634 Loss: 0.193637
2023-01-01 21:15: Train Epoch 2: 559/634 Loss: 0.257389
2023-01-01 21:16: Train Epoch 2: 563/634 Loss: 0.212693
2023-01-01 21:16: Train Epoch 2: 567/634 Loss: 0.190455
2023-01-01 21:17: Train Epoch 2: 571/634 Loss: 0.179344
2023-01-01 21:17: Train Epoch 2: 575/634 Loss: 0.186480
2023-01-01 21:18: Train Epoch 2: 579/634 Loss: 0.193451
2023-01-01 21:18: Train Epoch 2: 583/634 Loss: 0.194850
2023-01-01 21:19: Train Epoch 2: 587/634 Loss: 0.205293
2023-01-01 21:19: Train Epoch 2: 591/634 Loss: 0.182277
2023-01-01 21:20: Train Epoch 2: 595/634 Loss: 0.210763
2023-01-01 21:20: Train Epoch 2: 599/634 Loss: 0.169902
2023-01-01 21:21: Train Epoch 2: 603/634 Loss: 0.185692
2023-01-01 21:21: Train Epoch 2: 607/634 Loss: 0.202914
2023-01-01 21:22: Train Epoch 2: 611/634 Loss: 0.186248
2023-01-01 21:22: Train Epoch 2: 615/634 Loss: 0.238737
2023-01-01 21:23: Train Epoch 2: 619/634 Loss: 0.196134
2023-01-01 21:23: Train Epoch 2: 623/634 Loss: 0.231589
2023-01-01 21:24: Train Epoch 2: 627/634 Loss: 0.200847
2023-01-01 21:25: Train Epoch 2: 631/634 Loss: 0.198598
2023-01-01 21:25: Train Epoch 2: 633/634 Loss: 0.077502
2023-01-01 21:25: **********Train Epoch 2: averaged Loss: 0.209531 
2023-01-01 21:25: 
Epoch time elapsed: 4796.141162157059

2023-01-01 21:27: 
 metrics validation: {'precision': 0.706601466992665, 'recall': 0.666923076923077, 'f1-score': 0.6861891571032845, 'support': 1300, 'AUC': 0.8364227810650886, 'AUCPR': 0.7072164236822353, 'TP': 867, 'FP': 360, 'TN': 2240, 'FN': 433} 

2023-01-01 21:27: **********Val Epoch 2: average Loss: 0.232804
2023-01-01 21:27: *********************************Current best model saved!
2023-01-01 21:29: 
 Testing metrics {'precision': 0.7562557924003707, 'recall': 0.6644951140065146, 'f1-score': 0.7074122236671001, 'support': 1228, 'AUC': 0.8595737753185709, 'AUCPR': 0.7736358198438879, 'TP': 816, 'FP': 263, 'TN': 2193, 'FN': 412} 

2023-01-01 21:35: 
 Testing metrics {'precision': 0.8700454840805718, 'recall': 0.911504424778761, 'f1-score': 0.8902925531914895, 'support': 4407, 'AUC': 0.9713794899701873, 'AUCPR': 0.949441662358492, 'TP': 4017, 'FP': 600, 'TN': 8214, 'FN': 390} 

2023-01-01 21:36: Train Epoch 3: 3/634 Loss: 0.210732
2023-01-01 21:36: Train Epoch 3: 7/634 Loss: 0.192018
2023-01-01 21:37: Train Epoch 3: 11/634 Loss: 0.193023
2023-01-01 21:37: Train Epoch 3: 15/634 Loss: 0.203734
2023-01-01 21:38: Train Epoch 3: 19/634 Loss: 0.212809
2023-01-01 21:38: Train Epoch 3: 23/634 Loss: 0.210483
2023-01-01 21:39: Train Epoch 3: 27/634 Loss: 0.193926
2023-01-01 21:39: Train Epoch 3: 31/634 Loss: 0.222457
2023-01-01 21:40: Train Epoch 3: 35/634 Loss: 0.169144
2023-01-01 21:40: Train Epoch 3: 39/634 Loss: 0.214864
2023-01-01 21:41: Train Epoch 3: 43/634 Loss: 0.205957
2023-01-01 21:41: Train Epoch 3: 47/634 Loss: 0.220383
2023-01-01 21:42: Train Epoch 3: 51/634 Loss: 0.206944
2023-01-01 21:43: Train Epoch 3: 55/634 Loss: 0.221327
2023-01-01 21:43: Train Epoch 3: 59/634 Loss: 0.205758
2023-01-01 21:44: Train Epoch 3: 63/634 Loss: 0.214655
2023-01-01 21:44: Train Epoch 3: 67/634 Loss: 0.218598
2023-01-01 21:45: Train Epoch 3: 71/634 Loss: 0.191849
2023-01-01 21:45: Train Epoch 3: 75/634 Loss: 0.182811
2023-01-01 21:46: Train Epoch 3: 79/634 Loss: 0.184307
2023-01-01 21:46: Train Epoch 3: 83/634 Loss: 0.211879
2023-01-01 21:46: Train Epoch 3: 87/634 Loss: 0.178313
2023-01-01 21:47: Train Epoch 3: 91/634 Loss: 0.184084
2023-01-01 21:47: Train Epoch 3: 95/634 Loss: 0.217561
2023-01-01 21:48: Train Epoch 3: 99/634 Loss: 0.189479
2023-01-01 21:48: Train Epoch 3: 103/634 Loss: 0.235328
2023-01-01 21:49: Train Epoch 3: 107/634 Loss: 0.191136
2023-01-01 21:49: Train Epoch 3: 111/634 Loss: 0.239701
2023-01-01 21:50: Train Epoch 3: 115/634 Loss: 0.210844
2023-01-01 21:50: Train Epoch 3: 119/634 Loss: 0.228548
2023-01-01 21:51: Train Epoch 3: 123/634 Loss: 0.222070
2023-01-01 21:51: Train Epoch 3: 127/634 Loss: 0.205096
2023-01-01 21:52: Train Epoch 3: 131/634 Loss: 0.206144
2023-01-01 21:52: Train Epoch 3: 135/634 Loss: 0.174644
2023-01-01 21:53: Train Epoch 3: 139/634 Loss: 0.182900
2023-01-01 21:54: Train Epoch 3: 143/634 Loss: 0.192205
2023-01-01 21:54: Train Epoch 3: 147/634 Loss: 0.220872
2023-01-01 21:55: Train Epoch 3: 151/634 Loss: 0.171929
2023-01-01 21:55: Train Epoch 3: 155/634 Loss: 0.192902
2023-01-01 21:56: Train Epoch 3: 159/634 Loss: 0.228828
2023-01-01 21:56: Train Epoch 3: 163/634 Loss: 0.191876
2023-01-01 21:56: Train Epoch 3: 167/634 Loss: 0.193200
2023-01-01 21:57: Train Epoch 3: 171/634 Loss: 0.176375
2023-01-01 21:57: Train Epoch 3: 175/634 Loss: 0.196756
2023-01-01 21:58: Train Epoch 3: 179/634 Loss: 0.238911
2023-01-01 21:58: Train Epoch 3: 183/634 Loss: 0.202698
2023-01-01 21:59: Train Epoch 3: 187/634 Loss: 0.187285
2023-01-01 21:59: Train Epoch 3: 191/634 Loss: 0.193636
2023-01-01 22:00: Train Epoch 3: 195/634 Loss: 0.188788
2023-01-01 22:00: Train Epoch 3: 199/634 Loss: 0.181064
2023-01-01 22:01: Train Epoch 3: 203/634 Loss: 0.231019
2023-01-01 22:01: Train Epoch 3: 207/634 Loss: 0.185405
2023-01-01 22:02: Train Epoch 3: 211/634 Loss: 0.199010
2023-01-01 22:02: Train Epoch 3: 215/634 Loss: 0.256344
2023-01-01 22:03: Train Epoch 3: 219/634 Loss: 0.206352
2023-01-01 22:03: Train Epoch 3: 223/634 Loss: 0.187853
2023-01-01 22:04: Train Epoch 3: 227/634 Loss: 0.169170
2023-01-01 22:05: Train Epoch 3: 231/634 Loss: 0.180311
2023-01-01 22:05: Train Epoch 3: 235/634 Loss: 0.199320
2023-01-01 22:05: Train Epoch 3: 239/634 Loss: 0.199049
2023-01-01 22:06: Train Epoch 3: 243/634 Loss: 0.206130
2023-01-01 22:06: Train Epoch 3: 247/634 Loss: 0.181537
2023-01-01 22:07: Train Epoch 3: 251/634 Loss: 0.211507
2023-01-01 22:07: Train Epoch 3: 255/634 Loss: 0.197893
2023-01-01 22:08: Train Epoch 3: 259/634 Loss: 0.220684
2023-01-01 22:08: Train Epoch 3: 263/634 Loss: 0.171560
2023-01-01 22:09: Train Epoch 3: 267/634 Loss: 0.205514
2023-01-01 22:09: Train Epoch 3: 271/634 Loss: 0.210659
2023-01-01 22:10: Train Epoch 3: 275/634 Loss: 0.218987
2023-01-01 22:10: Train Epoch 3: 279/634 Loss: 0.176836
2023-01-01 22:11: Train Epoch 3: 283/634 Loss: 0.173624
2023-01-01 22:11: Train Epoch 3: 287/634 Loss: 0.202953
2023-01-01 22:12: Train Epoch 3: 291/634 Loss: 0.206904
2023-01-01 22:12: Train Epoch 3: 295/634 Loss: 0.191768
2023-01-01 22:13: Train Epoch 3: 299/634 Loss: 0.219922
2023-01-01 22:13: Train Epoch 3: 303/634 Loss: 0.179452
2023-01-01 22:14: Train Epoch 3: 307/634 Loss: 0.204265
2023-01-01 22:14: Train Epoch 3: 311/634 Loss: 0.172676
2023-01-01 22:15: Train Epoch 3: 315/634 Loss: 0.205695
2023-01-01 22:15: Train Epoch 3: 319/634 Loss: 0.185496
2023-01-01 22:16: Train Epoch 3: 323/634 Loss: 0.243919
2023-01-01 22:16: Train Epoch 3: 327/634 Loss: 0.192633
2023-01-01 22:16: Train Epoch 3: 331/634 Loss: 0.191739
2023-01-01 22:17: Train Epoch 3: 335/634 Loss: 0.178821
2023-01-01 22:17: Train Epoch 3: 339/634 Loss: 0.189029
2023-01-01 22:18: Train Epoch 3: 343/634 Loss: 0.251545
2023-01-01 22:18: Train Epoch 3: 347/634 Loss: 0.176315
2023-01-01 22:19: Train Epoch 3: 351/634 Loss: 0.245375
2023-01-01 22:20: Train Epoch 3: 355/634 Loss: 0.213937
2023-01-01 22:20: Train Epoch 3: 359/634 Loss: 0.201415
2023-01-01 22:20: Train Epoch 3: 363/634 Loss: 0.201353
2023-01-01 22:21: Train Epoch 3: 367/634 Loss: 0.179656
2023-01-01 22:21: Train Epoch 3: 371/634 Loss: 0.164314
2023-01-01 22:22: Train Epoch 3: 375/634 Loss: 0.186948
2023-01-01 22:22: Train Epoch 3: 379/634 Loss: 0.198787
2023-01-01 22:23: Train Epoch 3: 383/634 Loss: 0.203123
2023-01-01 22:23: Train Epoch 3: 387/634 Loss: 0.237122
2023-01-01 22:24: Train Epoch 3: 391/634 Loss: 0.254690
2023-01-01 22:24: Train Epoch 3: 395/634 Loss: 0.223507
2023-01-01 22:25: Train Epoch 3: 399/634 Loss: 0.201239
2023-01-01 22:25: Train Epoch 3: 403/634 Loss: 0.257747
2023-01-01 22:26: Train Epoch 3: 407/634 Loss: 0.185920
2023-01-01 22:26: Train Epoch 3: 411/634 Loss: 0.248678
2023-01-01 22:27: Train Epoch 3: 415/634 Loss: 0.277433
2023-01-01 22:27: Train Epoch 3: 419/634 Loss: 0.187992
2023-01-01 22:28: Train Epoch 3: 423/634 Loss: 0.214299
2023-01-01 22:28: Train Epoch 3: 427/634 Loss: 0.243429
2023-01-01 22:29: Train Epoch 3: 431/634 Loss: 0.223144
2023-01-01 22:29: Train Epoch 3: 435/634 Loss: 0.231582
2023-01-01 22:30: Train Epoch 3: 439/634 Loss: 0.216619
2023-01-01 22:30: Train Epoch 3: 443/634 Loss: 0.185455
2023-01-01 22:31: Train Epoch 3: 447/634 Loss: 0.190488
2023-01-01 22:31: Train Epoch 3: 451/634 Loss: 0.210111
2023-01-01 22:32: Train Epoch 3: 455/634 Loss: 0.189233
2023-01-01 22:32: Train Epoch 3: 459/634 Loss: 0.206159
2023-01-01 22:33: Train Epoch 3: 463/634 Loss: 0.194113
2023-01-01 22:33: Train Epoch 3: 467/634 Loss: 0.210799
2023-01-01 22:33: Train Epoch 3: 471/634 Loss: 0.170535
2023-01-01 22:34: Train Epoch 3: 475/634 Loss: 0.213732
2023-01-01 22:34: Train Epoch 3: 479/634 Loss: 0.204189
2023-01-01 22:35: Train Epoch 3: 483/634 Loss: 0.194828
2023-01-01 22:35: Train Epoch 3: 487/634 Loss: 0.213860
2023-01-01 22:36: Train Epoch 3: 491/634 Loss: 0.215505
2023-01-01 22:36: Train Epoch 3: 495/634 Loss: 0.213315
2023-01-01 22:37: Train Epoch 3: 499/634 Loss: 0.184654
2023-01-01 22:37: Train Epoch 3: 503/634 Loss: 0.193503
2023-01-01 22:38: Train Epoch 3: 507/634 Loss: 0.183298
2023-01-01 22:38: Train Epoch 3: 511/634 Loss: 0.212701
2023-01-01 22:39: Train Epoch 3: 515/634 Loss: 0.157110
2023-01-01 22:39: Train Epoch 3: 519/634 Loss: 0.197102
2023-01-01 22:40: Train Epoch 3: 523/634 Loss: 0.194540
2023-01-01 22:40: Train Epoch 3: 527/634 Loss: 0.159395
2023-01-01 22:41: Train Epoch 3: 531/634 Loss: 0.218879
2023-01-01 22:41: Train Epoch 3: 535/634 Loss: 0.208119
2023-01-01 22:41: Train Epoch 3: 539/634 Loss: 0.217313
2023-01-01 22:42: Train Epoch 3: 543/634 Loss: 0.207610
2023-01-01 22:42: Train Epoch 3: 547/634 Loss: 0.219811
2023-01-01 22:43: Train Epoch 3: 551/634 Loss: 0.199541
2023-01-01 22:43: Train Epoch 3: 555/634 Loss: 0.159923
2023-01-01 22:44: Train Epoch 3: 559/634 Loss: 0.196678
2023-01-01 22:44: Train Epoch 3: 563/634 Loss: 0.189051
2023-01-01 22:45: Train Epoch 3: 567/634 Loss: 0.189848
2023-01-01 22:45: Train Epoch 3: 571/634 Loss: 0.198195
2023-01-01 22:45: Train Epoch 3: 575/634 Loss: 0.185063
2023-01-01 22:46: Train Epoch 3: 579/634 Loss: 0.186369
2023-01-01 22:46: Train Epoch 3: 583/634 Loss: 0.204680
2023-01-01 22:47: Train Epoch 3: 587/634 Loss: 0.189192
2023-01-01 22:47: Train Epoch 3: 591/634 Loss: 0.204413
2023-01-01 22:48: Train Epoch 3: 595/634 Loss: 0.194139
2023-01-01 22:48: Train Epoch 3: 599/634 Loss: 0.187289
2023-01-01 22:49: Train Epoch 3: 603/634 Loss: 0.208478
2023-01-01 22:49: Train Epoch 3: 607/634 Loss: 0.207668
2023-01-01 22:50: Train Epoch 3: 611/634 Loss: 0.191772
2023-01-01 22:50: Train Epoch 3: 615/634 Loss: 0.184085
2023-01-01 22:51: Train Epoch 3: 619/634 Loss: 0.207596
2023-01-01 22:51: Train Epoch 3: 623/634 Loss: 0.197389
2023-01-01 22:52: Train Epoch 3: 627/634 Loss: 0.201194
2023-01-01 22:52: Train Epoch 3: 631/634 Loss: 0.210135
2023-01-01 22:52: Train Epoch 3: 633/634 Loss: 0.086956
2023-01-01 22:52: **********Train Epoch 3: averaged Loss: 0.201491 
2023-01-01 22:52: 
Epoch time elapsed: 4640.202029943466

2023-01-01 22:54: 
 metrics validation: {'precision': 0.7162284678150499, 'recall': 0.6076923076923076, 'f1-score': 0.6575114440282979, 'support': 1300, 'AUC': 0.8333115384615386, 'AUCPR': 0.7036316355606225, 'TP': 790, 'FP': 313, 'TN': 2287, 'FN': 510} 

2023-01-01 22:54: **********Val Epoch 3: average Loss: 0.233209
2023-01-01 22:56: 
 Testing metrics {'precision': 0.7562557924003707, 'recall': 0.6644951140065146, 'f1-score': 0.7074122236671001, 'support': 1228, 'AUC': 0.8595737753185709, 'AUCPR': 0.7736358198438879, 'TP': 816, 'FP': 263, 'TN': 2193, 'FN': 412} 

2023-01-01 23:03: 
 Testing metrics {'precision': 0.8700454840805718, 'recall': 0.911504424778761, 'f1-score': 0.8902925531914895, 'support': 4407, 'AUC': 0.9713794899701873, 'AUCPR': 0.949441662358492, 'TP': 4017, 'FP': 600, 'TN': 8214, 'FN': 390} 

2023-01-01 23:03: Train Epoch 4: 3/634 Loss: 0.175436
2023-01-01 23:04: Train Epoch 4: 7/634 Loss: 0.196220
2023-01-01 23:04: Train Epoch 4: 11/634 Loss: 0.208865
2023-01-01 23:05: Train Epoch 4: 15/634 Loss: 0.186066
2023-01-01 23:05: Train Epoch 4: 19/634 Loss: 0.175509
2023-01-01 23:06: Train Epoch 4: 23/634 Loss: 0.176423
2023-01-01 23:06: Train Epoch 4: 27/634 Loss: 0.211135
2023-01-01 23:07: Train Epoch 4: 31/634 Loss: 0.210807
2023-01-01 23:07: Train Epoch 4: 35/634 Loss: 0.201656
2023-01-01 23:08: Train Epoch 4: 39/634 Loss: 0.192439
2023-01-01 23:08: Train Epoch 4: 43/634 Loss: 0.203398
2023-01-01 23:09: Train Epoch 4: 47/634 Loss: 0.183762
2023-01-01 23:09: Train Epoch 4: 51/634 Loss: 0.194014
2023-01-01 23:10: Train Epoch 4: 55/634 Loss: 0.187665
2023-01-01 23:10: Train Epoch 4: 59/634 Loss: 0.220259
2023-01-01 23:11: Train Epoch 4: 63/634 Loss: 0.205281
2023-01-01 23:11: Train Epoch 4: 67/634 Loss: 0.188132
2023-01-01 23:11: Train Epoch 4: 71/634 Loss: 0.214595
2023-01-01 23:12: Train Epoch 4: 75/634 Loss: 0.184086
2023-01-01 23:12: Train Epoch 4: 79/634 Loss: 0.203371
2023-01-01 23:13: Train Epoch 4: 83/634 Loss: 0.202058
2023-01-01 23:13: Train Epoch 4: 87/634 Loss: 0.186024
2023-01-01 23:14: Train Epoch 4: 91/634 Loss: 0.202750
2023-01-01 23:14: Train Epoch 4: 95/634 Loss: 0.199636
2023-01-01 23:15: Train Epoch 4: 99/634 Loss: 0.209139
2023-01-01 23:15: Train Epoch 4: 103/634 Loss: 0.193659
2023-01-01 23:16: Train Epoch 4: 107/634 Loss: 0.189034
2023-01-01 23:16: Train Epoch 4: 111/634 Loss: 0.195026
2023-01-01 23:17: Train Epoch 4: 115/634 Loss: 0.223196
2023-01-01 23:17: Train Epoch 4: 119/634 Loss: 0.216359
2023-01-01 23:17: Train Epoch 4: 123/634 Loss: 0.217762
2023-01-01 23:18: Train Epoch 4: 127/634 Loss: 0.201510
2023-01-01 23:18: Train Epoch 4: 131/634 Loss: 0.147242
2023-01-01 23:19: Train Epoch 4: 135/634 Loss: 0.232781
2023-01-01 23:19: Train Epoch 4: 139/634 Loss: 0.203967
2023-01-01 23:20: Train Epoch 4: 143/634 Loss: 0.192129
2023-01-01 23:20: Train Epoch 4: 147/634 Loss: 0.178105
2023-01-01 23:21: Train Epoch 4: 151/634 Loss: 0.194219
2023-01-01 23:21: Train Epoch 4: 155/634 Loss: 0.210165
2023-01-01 23:22: Train Epoch 4: 159/634 Loss: 0.191863
2023-01-01 23:22: Train Epoch 4: 163/634 Loss: 0.243230
2023-01-01 23:22: Train Epoch 4: 167/634 Loss: 0.261707
2023-01-01 23:23: Train Epoch 4: 171/634 Loss: 0.225699
2023-01-01 23:23: Train Epoch 4: 175/634 Loss: 0.176992
2023-01-01 23:24: Train Epoch 4: 179/634 Loss: 0.208666
2023-01-01 23:24: Train Epoch 4: 183/634 Loss: 0.194458
2023-01-01 23:25: Train Epoch 4: 187/634 Loss: 0.205558
2023-01-01 23:25: Train Epoch 4: 191/634 Loss: 0.169479
2023-01-01 23:26: Train Epoch 4: 195/634 Loss: 0.183333
2023-01-01 23:26: Train Epoch 4: 199/634 Loss: 0.222211
2023-01-01 23:27: Train Epoch 4: 203/634 Loss: 0.206672
2023-01-01 23:27: Train Epoch 4: 207/634 Loss: 0.212521
2023-01-01 23:27: Train Epoch 4: 211/634 Loss: 0.223654
2023-01-01 23:28: Train Epoch 4: 215/634 Loss: 0.210269
2023-01-01 23:28: Train Epoch 4: 219/634 Loss: 0.191327
2023-01-01 23:29: Train Epoch 4: 223/634 Loss: 0.222237
2023-01-01 23:29: Train Epoch 4: 227/634 Loss: 0.188469
2023-01-01 23:30: Train Epoch 4: 231/634 Loss: 0.181583
2023-01-01 23:30: Train Epoch 4: 235/634 Loss: 0.230042
2023-01-01 23:31: Train Epoch 4: 239/634 Loss: 0.222431
2023-01-01 23:31: Train Epoch 4: 243/634 Loss: 0.204659
2023-01-01 23:32: Train Epoch 4: 247/634 Loss: 0.216640
2023-01-01 23:32: Train Epoch 4: 251/634 Loss: 0.211838
2023-01-01 23:33: Train Epoch 4: 255/634 Loss: 0.217128
2023-01-01 23:33: Train Epoch 4: 259/634 Loss: 0.209923
2023-01-01 23:33: Train Epoch 4: 263/634 Loss: 0.183648
2023-01-01 23:34: Train Epoch 4: 267/634 Loss: 0.170622
2023-01-01 23:34: Train Epoch 4: 271/634 Loss: 0.192001
2023-01-01 23:35: Train Epoch 4: 275/634 Loss: 0.190199
2023-01-01 23:35: Train Epoch 4: 279/634 Loss: 0.166997
2023-01-01 23:36: Train Epoch 4: 283/634 Loss: 0.177582
2023-01-01 23:36: Train Epoch 4: 287/634 Loss: 0.213367
2023-01-01 23:37: Train Epoch 4: 291/634 Loss: 0.152467
2023-01-01 23:37: Train Epoch 4: 295/634 Loss: 0.206692
2023-01-01 23:38: Train Epoch 4: 299/634 Loss: 0.203483
2023-01-01 23:38: Train Epoch 4: 303/634 Loss: 0.213469
2023-01-01 23:38: Train Epoch 4: 307/634 Loss: 0.201842
2023-01-01 23:39: Train Epoch 4: 311/634 Loss: 0.190507
2023-01-01 23:39: Train Epoch 4: 315/634 Loss: 0.220343
2023-01-01 23:40: Train Epoch 4: 319/634 Loss: 0.210745
2023-01-01 23:40: Train Epoch 4: 323/634 Loss: 0.195046
2023-01-01 23:41: Train Epoch 4: 327/634 Loss: 0.201751
2023-01-01 23:41: Train Epoch 4: 331/634 Loss: 0.211409
2023-01-01 23:42: Train Epoch 4: 335/634 Loss: 0.172401
2023-01-01 23:42: Train Epoch 4: 339/634 Loss: 0.202824
2023-01-01 23:42: Train Epoch 4: 343/634 Loss: 0.192655
2023-01-01 23:43: Train Epoch 4: 347/634 Loss: 0.236598
2023-01-01 23:43: Train Epoch 4: 351/634 Loss: 0.165240
2023-01-01 23:44: Train Epoch 4: 355/634 Loss: 0.198546
2023-01-01 23:44: Train Epoch 4: 359/634 Loss: 0.167780
2023-01-01 23:45: Train Epoch 4: 363/634 Loss: 0.200168
2023-01-01 23:45: Train Epoch 4: 367/634 Loss: 0.179704
2023-01-01 23:46: Train Epoch 4: 371/634 Loss: 0.201786
2023-01-01 23:46: Train Epoch 4: 375/634 Loss: 0.212480
2023-01-01 23:47: Train Epoch 4: 379/634 Loss: 0.193848
2023-01-01 23:47: Train Epoch 4: 383/634 Loss: 0.203630
2023-01-01 23:47: Train Epoch 4: 387/634 Loss: 0.192102
2023-01-01 23:48: Train Epoch 4: 391/634 Loss: 0.210033
2023-01-01 23:48: Train Epoch 4: 395/634 Loss: 0.179517
2023-01-01 23:49: Train Epoch 4: 399/634 Loss: 0.194227
2023-01-01 23:49: Train Epoch 4: 403/634 Loss: 0.159810
2023-01-01 23:50: Train Epoch 4: 407/634 Loss: 0.194870
2023-01-01 23:50: Train Epoch 4: 411/634 Loss: 0.194111
2023-01-01 23:51: Train Epoch 4: 415/634 Loss: 0.191437
2023-01-01 23:51: Train Epoch 4: 419/634 Loss: 0.227207
2023-01-01 23:52: Train Epoch 4: 423/634 Loss: 0.165097
2023-01-01 23:52: Train Epoch 4: 427/634 Loss: 0.169769
2023-01-01 23:53: Train Epoch 4: 431/634 Loss: 0.190531
2023-01-01 23:53: Train Epoch 4: 435/634 Loss: 0.200208
2023-01-01 23:54: Train Epoch 4: 439/634 Loss: 0.189901
2023-01-01 23:54: Train Epoch 4: 443/634 Loss: 0.203925
2023-01-01 23:55: Train Epoch 4: 447/634 Loss: 0.237551
2023-01-01 23:55: Train Epoch 4: 451/634 Loss: 0.216521
2023-01-01 23:55: Train Epoch 4: 455/634 Loss: 0.231658
2023-01-01 23:56: Train Epoch 4: 459/634 Loss: 0.226248
2023-01-01 23:56: Train Epoch 4: 463/634 Loss: 0.176166
2023-01-01 23:57: Train Epoch 4: 467/634 Loss: 0.218794
2023-01-01 23:57: Train Epoch 4: 471/634 Loss: 0.206795
2023-01-01 23:58: Train Epoch 4: 475/634 Loss: 0.183662
2023-01-01 23:58: Train Epoch 4: 479/634 Loss: 0.222240
2023-01-01 23:59: Train Epoch 4: 483/634 Loss: 0.178513
2023-01-01 23:59: Train Epoch 4: 487/634 Loss: 0.193562
2023-01-02 00:00: Train Epoch 4: 491/634 Loss: 0.205883
2023-01-02 00:00: Train Epoch 4: 495/634 Loss: 0.176287
2023-01-02 00:00: Train Epoch 4: 499/634 Loss: 0.173674
2023-01-02 00:01: Train Epoch 4: 503/634 Loss: 0.218795
2023-01-02 00:01: Train Epoch 4: 507/634 Loss: 0.187930
2023-01-02 00:02: Train Epoch 4: 511/634 Loss: 0.205091
2023-01-02 00:02: Train Epoch 4: 515/634 Loss: 0.177121
2023-01-02 00:03: Train Epoch 4: 519/634 Loss: 0.204564
2023-01-02 00:03: Train Epoch 4: 523/634 Loss: 0.171049
2023-01-02 00:04: Train Epoch 4: 527/634 Loss: 0.199962
2023-01-02 00:04: Train Epoch 4: 531/634 Loss: 0.240410
2023-01-02 00:05: Train Epoch 4: 535/634 Loss: 0.178648
2023-01-02 00:05: Train Epoch 4: 539/634 Loss: 0.182192
2023-01-02 00:06: Train Epoch 4: 543/634 Loss: 0.232348
2023-01-02 00:06: Train Epoch 4: 547/634 Loss: 0.194339
2023-01-02 00:07: Train Epoch 4: 551/634 Loss: 0.246674
2023-01-02 00:07: Train Epoch 4: 555/634 Loss: 0.176212
2023-01-02 00:07: Train Epoch 4: 559/634 Loss: 0.167446
2023-01-02 00:08: Train Epoch 4: 563/634 Loss: 0.235510
2023-01-02 00:08: Train Epoch 4: 567/634 Loss: 0.218386
2023-01-02 00:09: Train Epoch 4: 571/634 Loss: 0.197088
2023-01-02 00:09: Train Epoch 4: 575/634 Loss: 0.264622
2023-01-02 00:10: Train Epoch 4: 579/634 Loss: 0.200895
2023-01-02 00:10: Train Epoch 4: 583/634 Loss: 0.246545
2023-01-02 00:11: Train Epoch 4: 587/634 Loss: 0.259217
2023-01-02 00:11: Train Epoch 4: 591/634 Loss: 0.183849
2023-01-02 00:12: Train Epoch 4: 595/634 Loss: 0.200997
2023-01-02 00:12: Train Epoch 4: 599/634 Loss: 0.252722
2023-01-02 00:13: Train Epoch 4: 603/634 Loss: 0.194856
2023-01-02 00:13: Train Epoch 4: 607/634 Loss: 0.245565
2023-01-02 00:14: Train Epoch 4: 611/634 Loss: 0.203092
2023-01-02 00:14: Train Epoch 4: 615/634 Loss: 0.164423
2023-01-02 00:15: Train Epoch 4: 619/634 Loss: 0.255583
2023-01-02 00:15: Train Epoch 4: 623/634 Loss: 0.192088
2023-01-02 00:16: Train Epoch 4: 627/634 Loss: 0.182808
2023-01-02 00:16: Train Epoch 4: 631/634 Loss: 0.224523
2023-01-02 00:16: Train Epoch 4: 633/634 Loss: 0.070134
2023-01-02 00:16: **********Train Epoch 4: averaged Loss: 0.200392 
2023-01-02 00:16: 
Epoch time elapsed: 4412.789583683014

2023-01-02 00:18: 
 metrics validation: {'precision': 0.6662225183211192, 'recall': 0.7692307692307693, 'f1-score': 0.7140307033202429, 'support': 1300, 'AUC': 0.8474721893491125, 'AUCPR': 0.7162381373004381, 'TP': 1000, 'FP': 501, 'TN': 2099, 'FN': 300} 

2023-01-02 00:18: **********Val Epoch 4: average Loss: 0.221195
2023-01-02 00:18: *********************************Current best model saved!
2023-01-02 00:20: 
 Testing metrics {'precision': 0.7124233128834356, 'recall': 0.756514657980456, 'f1-score': 0.7338072669826224, 'support': 1228, 'AUC': 0.8706378847520929, 'AUCPR': 0.7921776682801099, 'TP': 929, 'FP': 375, 'TN': 2081, 'FN': 299} 

2023-01-02 00:26: 
 Testing metrics {'precision': 0.8212799682979988, 'recall': 0.9405491263898343, 'f1-score': 0.8768775121641633, 'support': 4407, 'AUC': 0.9738094587128004, 'AUCPR': 0.9533623402071585, 'TP': 4145, 'FP': 902, 'TN': 7912, 'FN': 262} 

2023-01-02 00:27: Train Epoch 5: 3/634 Loss: 0.207744
2023-01-02 00:27: Train Epoch 5: 7/634 Loss: 0.208281
2023-01-02 00:28: Train Epoch 5: 11/634 Loss: 0.200891
2023-01-02 00:28: Train Epoch 5: 15/634 Loss: 0.244447
2023-01-02 00:29: Train Epoch 5: 19/634 Loss: 0.185249
2023-01-02 00:29: Train Epoch 5: 23/634 Loss: 0.197385
2023-01-02 00:30: Train Epoch 5: 27/634 Loss: 0.204257
2023-01-02 00:30: Train Epoch 5: 31/634 Loss: 0.175968
2023-01-02 00:31: Train Epoch 5: 35/634 Loss: 0.207007
2023-01-02 00:31: Train Epoch 5: 39/634 Loss: 0.172051
2023-01-02 00:32: Train Epoch 5: 43/634 Loss: 0.209878
2023-01-02 00:32: Train Epoch 5: 47/634 Loss: 0.201218
2023-01-02 00:33: Train Epoch 5: 51/634 Loss: 0.198242
2023-01-02 00:33: Train Epoch 5: 55/634 Loss: 0.190063
2023-01-02 00:34: Train Epoch 5: 59/634 Loss: 0.198069
2023-01-02 00:34: Train Epoch 5: 63/634 Loss: 0.188018
2023-01-02 00:35: Train Epoch 5: 67/634 Loss: 0.187577
2023-01-02 00:35: Train Epoch 5: 71/634 Loss: 0.201294
2023-01-02 00:36: Train Epoch 5: 75/634 Loss: 0.170810
2023-01-02 00:36: Train Epoch 5: 79/634 Loss: 0.228936
2023-01-02 00:37: Train Epoch 5: 83/634 Loss: 0.187739
2023-01-02 00:37: Train Epoch 5: 87/634 Loss: 0.215593
2023-01-02 00:38: Train Epoch 5: 91/634 Loss: 0.201252
2023-01-02 00:38: Train Epoch 5: 95/634 Loss: 0.206466
2023-01-02 00:38: Train Epoch 5: 99/634 Loss: 0.181141
2023-01-02 00:39: Train Epoch 5: 103/634 Loss: 0.190594
2023-01-02 00:39: Train Epoch 5: 107/634 Loss: 0.181253
2023-01-02 00:40: Train Epoch 5: 111/634 Loss: 0.193305
2023-01-02 00:40: Train Epoch 5: 115/634 Loss: 0.190937
2023-01-02 00:41: Train Epoch 5: 119/634 Loss: 0.194624
2023-01-02 00:41: Train Epoch 5: 123/634 Loss: 0.226694
2023-01-02 00:42: Train Epoch 5: 127/634 Loss: 0.230137
2023-01-02 00:42: Train Epoch 5: 131/634 Loss: 0.195784
2023-01-02 00:43: Train Epoch 5: 135/634 Loss: 0.196846
2023-01-02 00:43: Train Epoch 5: 139/634 Loss: 0.187077
2023-01-02 00:44: Train Epoch 5: 143/634 Loss: 0.190265
2023-01-02 00:44: Train Epoch 5: 147/634 Loss: 0.172707
2023-01-02 00:45: Train Epoch 5: 151/634 Loss: 0.183938
2023-01-02 00:45: Train Epoch 5: 155/634 Loss: 0.170111
2023-01-02 00:45: Train Epoch 5: 159/634 Loss: 0.177875
2023-01-02 00:46: Train Epoch 5: 163/634 Loss: 0.217461
2023-01-02 00:46: Train Epoch 5: 167/634 Loss: 0.161500
2023-01-02 00:47: Train Epoch 5: 171/634 Loss: 0.240776
2023-01-02 00:47: Train Epoch 5: 175/634 Loss: 0.179216
2023-01-02 00:48: Train Epoch 5: 179/634 Loss: 0.185059
2023-01-02 00:48: Train Epoch 5: 183/634 Loss: 0.222582
2023-01-02 00:49: Train Epoch 5: 187/634 Loss: 0.212743
2023-01-02 00:49: Train Epoch 5: 191/634 Loss: 0.165130
2023-01-02 00:50: Train Epoch 5: 195/634 Loss: 0.182657
2023-01-02 00:50: Train Epoch 5: 199/634 Loss: 0.195991
2023-01-02 00:51: Train Epoch 5: 203/634 Loss: 0.177138
2023-01-02 00:51: Train Epoch 5: 207/634 Loss: 0.210792
2023-01-02 00:52: Train Epoch 5: 211/634 Loss: 0.198737
2023-01-02 00:52: Train Epoch 5: 215/634 Loss: 0.190049
2023-01-02 00:53: Train Epoch 5: 219/634 Loss: 0.211537
2023-01-02 00:53: Train Epoch 5: 223/634 Loss: 0.203896
2023-01-02 00:53: Train Epoch 5: 227/634 Loss: 0.215981
2023-01-02 00:54: Train Epoch 5: 231/634 Loss: 0.188926
2023-01-02 00:54: Train Epoch 5: 235/634 Loss: 0.247148
2023-01-02 00:55: Train Epoch 5: 239/634 Loss: 0.203328
2023-01-02 00:55: Train Epoch 5: 243/634 Loss: 0.195791
2023-01-02 00:56: Train Epoch 5: 247/634 Loss: 0.218415
2023-01-02 00:56: Train Epoch 5: 251/634 Loss: 0.176247
2023-01-02 00:57: Train Epoch 5: 255/634 Loss: 0.177268
2023-01-02 00:57: Train Epoch 5: 259/634 Loss: 0.213796
2023-01-02 00:57: Train Epoch 5: 263/634 Loss: 0.227723
2023-01-02 00:58: Train Epoch 5: 267/634 Loss: 0.172274
2023-01-02 00:58: Train Epoch 5: 271/634 Loss: 0.199713
2023-01-02 00:59: Train Epoch 5: 275/634 Loss: 0.225482
2023-01-02 00:59: Train Epoch 5: 279/634 Loss: 0.175604
2023-01-02 01:00: Train Epoch 5: 283/634 Loss: 0.193587
2023-01-02 01:00: Train Epoch 5: 287/634 Loss: 0.189753
2023-01-02 01:00: Train Epoch 5: 291/634 Loss: 0.171624
2023-01-02 01:01: Train Epoch 5: 295/634 Loss: 0.231460
2023-01-02 01:01: Train Epoch 5: 299/634 Loss: 0.216534
2023-01-02 01:02: Train Epoch 5: 303/634 Loss: 0.171554
2023-01-02 01:02: Train Epoch 5: 307/634 Loss: 0.206364
2023-01-02 01:03: Train Epoch 5: 311/634 Loss: 0.200327
2023-01-02 01:03: Train Epoch 5: 315/634 Loss: 0.162011
2023-01-02 01:03: Train Epoch 5: 319/634 Loss: 0.163449
2023-01-02 01:04: Train Epoch 5: 323/634 Loss: 0.200824
2023-01-02 01:04: Train Epoch 5: 327/634 Loss: 0.180165
2023-01-02 01:05: Train Epoch 5: 331/634 Loss: 0.200928
2023-01-02 01:05: Train Epoch 5: 335/634 Loss: 0.201606
2023-01-02 01:06: Train Epoch 5: 339/634 Loss: 0.188330
2023-01-02 01:06: Train Epoch 5: 343/634 Loss: 0.218117
2023-01-02 01:07: Train Epoch 5: 347/634 Loss: 0.164115
2023-01-02 01:07: Train Epoch 5: 351/634 Loss: 0.206847
2023-01-02 01:07: Train Epoch 5: 355/634 Loss: 0.188314
2023-01-02 01:08: Train Epoch 5: 359/634 Loss: 0.198651
2023-01-02 01:08: Train Epoch 5: 363/634 Loss: 0.246505
2023-01-02 01:09: Train Epoch 5: 367/634 Loss: 0.192954
2023-01-02 01:09: Train Epoch 5: 371/634 Loss: 0.195738
2023-01-02 01:10: Train Epoch 5: 375/634 Loss: 0.181407
2023-01-02 01:10: Train Epoch 5: 379/634 Loss: 0.184765
2023-01-02 01:11: Train Epoch 5: 383/634 Loss: 0.197103
2023-01-02 01:11: Train Epoch 5: 387/634 Loss: 0.204050
2023-01-02 01:12: Train Epoch 5: 391/634 Loss: 0.178179
2023-01-02 01:12: Train Epoch 5: 395/634 Loss: 0.204288
2023-01-02 01:12: Train Epoch 5: 399/634 Loss: 0.201976
2023-01-02 01:13: Train Epoch 5: 403/634 Loss: 0.202056
2023-01-02 01:13: Train Epoch 5: 407/634 Loss: 0.190881
2023-01-02 01:14: Train Epoch 5: 411/634 Loss: 0.217520
2023-01-02 01:14: Train Epoch 5: 415/634 Loss: 0.185934
2023-01-02 01:15: Train Epoch 5: 419/634 Loss: 0.209359
2023-01-02 01:15: Train Epoch 5: 423/634 Loss: 0.213871
2023-01-02 01:16: Train Epoch 5: 427/634 Loss: 0.153602
2023-01-02 01:16: Train Epoch 5: 431/634 Loss: 0.214256
2023-01-02 01:17: Train Epoch 5: 435/634 Loss: 0.241120
2023-01-02 01:17: Train Epoch 5: 439/634 Loss: 0.203809
2023-01-02 01:17: Train Epoch 5: 443/634 Loss: 0.201878
2023-01-02 01:18: Train Epoch 5: 447/634 Loss: 0.206172
2023-01-02 01:18: Train Epoch 5: 451/634 Loss: 0.232948
2023-01-02 01:19: Train Epoch 5: 455/634 Loss: 0.220688
2023-01-02 01:19: Train Epoch 5: 459/634 Loss: 0.172317
2023-01-02 01:20: Train Epoch 5: 463/634 Loss: 0.197982
2023-01-02 01:20: Train Epoch 5: 467/634 Loss: 0.204452
2023-01-02 01:21: Train Epoch 5: 471/634 Loss: 0.214222
2023-01-02 01:21: Train Epoch 5: 475/634 Loss: 0.168965
2023-01-02 01:21: Train Epoch 5: 479/634 Loss: 0.216776
2023-01-02 01:22: Train Epoch 5: 483/634 Loss: 0.197567
2023-01-02 01:22: Train Epoch 5: 487/634 Loss: 0.202411
2023-01-02 01:23: Train Epoch 5: 491/634 Loss: 0.169707
2023-01-02 01:23: Train Epoch 5: 495/634 Loss: 0.243236
2023-01-02 01:24: Train Epoch 5: 499/634 Loss: 0.187173
2023-01-02 01:24: Train Epoch 5: 503/634 Loss: 0.195122
2023-01-02 01:25: Train Epoch 5: 507/634 Loss: 0.197453
2023-01-02 01:25: Train Epoch 5: 511/634 Loss: 0.143194
2023-01-02 01:26: Train Epoch 5: 515/634 Loss: 0.202950
2023-01-02 01:26: Train Epoch 5: 519/634 Loss: 0.214999
2023-01-02 01:26: Train Epoch 5: 523/634 Loss: 0.184458
2023-01-02 01:27: Train Epoch 5: 527/634 Loss: 0.204273
2023-01-02 01:27: Train Epoch 5: 531/634 Loss: 0.216712
2023-01-02 01:28: Train Epoch 5: 535/634 Loss: 0.215107
2023-01-02 01:28: Train Epoch 5: 539/634 Loss: 0.209740
2023-01-02 01:29: Train Epoch 5: 543/634 Loss: 0.196707
2023-01-02 01:29: Train Epoch 5: 547/634 Loss: 0.206457
2023-01-02 01:29: Train Epoch 5: 551/634 Loss: 0.161766
2023-01-02 01:30: Train Epoch 5: 555/634 Loss: 0.189941
2023-01-02 01:30: Train Epoch 5: 559/634 Loss: 0.213992
2023-01-02 01:31: Train Epoch 5: 563/634 Loss: 0.195562
2023-01-02 01:31: Train Epoch 5: 567/634 Loss: 0.191863
2023-01-02 01:32: Train Epoch 5: 571/634 Loss: 0.194378
2023-01-02 01:32: Train Epoch 5: 575/634 Loss: 0.179949
2023-01-02 01:33: Train Epoch 5: 579/634 Loss: 0.192654
2023-01-02 01:33: Train Epoch 5: 583/634 Loss: 0.222767
2023-01-02 01:33: Train Epoch 5: 587/634 Loss: 0.222126
2023-01-02 01:34: Train Epoch 5: 591/634 Loss: 0.219240
2023-01-02 01:34: Train Epoch 5: 595/634 Loss: 0.169477
2023-01-02 01:35: Train Epoch 5: 599/634 Loss: 0.217410
2023-01-02 01:35: Train Epoch 5: 603/634 Loss: 0.197110
2023-01-02 01:36: Train Epoch 5: 607/634 Loss: 0.182814
2023-01-02 01:36: Train Epoch 5: 611/634 Loss: 0.217991
2023-01-02 01:37: Train Epoch 5: 615/634 Loss: 0.192497
2023-01-02 01:37: Train Epoch 5: 619/634 Loss: 0.179540
2023-01-02 01:37: Train Epoch 5: 623/634 Loss: 0.179049
2023-01-02 01:38: Train Epoch 5: 627/634 Loss: 0.183113
2023-01-02 01:38: Train Epoch 5: 631/634 Loss: 0.204482
2023-01-02 01:39: Train Epoch 5: 633/634 Loss: 0.089565
2023-01-02 01:39: **********Train Epoch 5: averaged Loss: 0.197104 
2023-01-02 01:39: 
Epoch time elapsed: 4339.731044769287

2023-01-02 01:41: 
 metrics validation: {'precision': 0.7701863354037267, 'recall': 0.5723076923076923, 'f1-score': 0.6566637246248896, 'support': 1300, 'AUC': 0.857594674556213, 'AUCPR': 0.7383408041866437, 'TP': 744, 'FP': 222, 'TN': 2378, 'FN': 556} 

2023-01-02 01:41: **********Val Epoch 5: average Loss: 0.220837
2023-01-02 01:41: *********************************Current best model saved!
2023-01-02 01:42: 
 Testing metrics {'precision': 0.8262967430639324, 'recall': 0.5578175895765473, 'f1-score': 0.6660184735051045, 'support': 1228, 'AUC': 0.8759028610383133, 'AUCPR': 0.7959922469820226, 'TP': 685, 'FP': 144, 'TN': 2312, 'FN': 543} 

2023-01-02 01:49: 
 Testing metrics {'precision': 0.913874469089193, 'recall': 0.8788291354663036, 'f1-score': 0.8960092539039907, 'support': 4407, 'AUC': 0.9741063310329622, 'AUCPR': 0.9533370775936441, 'TP': 3873, 'FP': 365, 'TN': 8449, 'FN': 534} 

2023-01-02 01:49: Train Epoch 6: 3/634 Loss: 0.198235
2023-01-02 01:50: Train Epoch 6: 7/634 Loss: 0.210018
2023-01-02 01:50: Train Epoch 6: 11/634 Loss: 0.155418
2023-01-02 01:51: Train Epoch 6: 15/634 Loss: 0.194712
2023-01-02 01:51: Train Epoch 6: 19/634 Loss: 0.236214
2023-01-02 01:52: Train Epoch 6: 23/634 Loss: 0.161118
