2023-01-04 00:11: log dir: /home/joel.chacon/tmp/WildFire_GCN/experiments/2020/2023010400113633584854013
2023-01-04 00:11: Experiment log path in: /home/joel.chacon/tmp/WildFire_GCN/experiments/2020/2023010400113633584854013
2023-01-04 00:11: Argument: Namespace(alpha=1, batch_size=256, clc='vec', cuda=True, dataset='2020', dataset_root='/home/joel.chacon/tmp/datasets_grl/', debug=False, default_graph=True, device='cpu', dynamic_features=['1 km 16 days NDVI', 'LST_Day_1km', 'LST_Night_1km', 'era5_max_d2m', 'era5_max_t2m', 'era5_max_sp', 'era5_max_tp', 'sminx', 'era5_max_wind_speed', 'era5_min_rh'], early_stop=True, early_stop_patience=8, embed_dim=64, epochs=30, grad_norm=False, horizon=1, input_dim=25, lag=10, link_len=2, log_dir='/home/joel.chacon/tmp/WildFire_GCN/experiments/2020/2023010400113633584854013', log_step=1, loss_func='nllloss', lr_decay=True, lr_decay_rate=0.1, lr_decay_step='20', lr_init=0.0001, maxDimHoles=1, max_grad_norm=5, minbatch_size=64, mode='train', model='fire_GCN', nan_fill=-1.0, num_layers=1, num_nodes=625, num_workers=12, output_dim=2, patch_height=25, patch_width=25, persistent_workers=True, pin_memory=True, plot=False, positive_weight=0.5, prefetch_factor=2, real_value=True, rnn_units=64, scaleParameter=1.0, seed=10000, sizeBorder=1, static_features=['dem_mean', 'slope_mean', 'roads_distance', 'waterway_distance', 'population_density'], teacher_forcing=False, weight_decay=0.0, window_len=10)
2023-01-04 00:11: Argument alpha: 1
2023-01-04 00:11: Argument batch_size: 256
2023-01-04 00:11: Argument clc: 'vec'
2023-01-04 00:11: Argument cuda: True
2023-01-04 00:11: Argument dataset: '2020'
2023-01-04 00:11: Argument dataset_root: '/home/joel.chacon/tmp/datasets_grl/'
2023-01-04 00:11: Argument debug: False
2023-01-04 00:11: Argument default_graph: True
2023-01-04 00:11: Argument device: 'cpu'
2023-01-04 00:11: Argument dynamic_features: ['1 km 16 days NDVI', 'LST_Day_1km', 'LST_Night_1km', 'era5_max_d2m', 'era5_max_t2m', 'era5_max_sp', 'era5_max_tp', 'sminx', 'era5_max_wind_speed', 'era5_min_rh']
2023-01-04 00:11: Argument early_stop: True
2023-01-04 00:11: Argument early_stop_patience: 8
2023-01-04 00:11: Argument embed_dim: 64
2023-01-04 00:11: Argument epochs: 30
2023-01-04 00:11: Argument grad_norm: False
2023-01-04 00:11: Argument horizon: 1
2023-01-04 00:11: Argument input_dim: 25
2023-01-04 00:11: Argument lag: 10
2023-01-04 00:11: Argument link_len: 2
2023-01-04 00:11: Argument log_dir: '/home/joel.chacon/tmp/WildFire_GCN/experiments/2020/2023010400113633584854013'
2023-01-04 00:11: Argument log_step: 1
2023-01-04 00:11: Argument loss_func: 'nllloss'
2023-01-04 00:11: Argument lr_decay: True
2023-01-04 00:11: Argument lr_decay_rate: 0.1
2023-01-04 00:11: Argument lr_decay_step: '20'
2023-01-04 00:11: Argument lr_init: 0.0001
2023-01-04 00:11: Argument maxDimHoles: 1
2023-01-04 00:11: Argument max_grad_norm: 5
2023-01-04 00:11: Argument minbatch_size: 64
2023-01-04 00:11: Argument mode: 'train'
2023-01-04 00:11: Argument model: 'fire_GCN'
2023-01-04 00:11: Argument nan_fill: -1.0
2023-01-04 00:11: Argument num_layers: 1
2023-01-04 00:11: Argument num_nodes: 625
2023-01-04 00:11: Argument num_workers: 12
2023-01-04 00:11: Argument output_dim: 2
2023-01-04 00:11: Argument patch_height: 25
2023-01-04 00:11: Argument patch_width: 25
2023-01-04 00:11: Argument persistent_workers: True
2023-01-04 00:11: Argument pin_memory: True
2023-01-04 00:11: Argument plot: False
2023-01-04 00:11: Argument positive_weight: 0.5
2023-01-04 00:11: Argument prefetch_factor: 2
2023-01-04 00:11: Argument real_value: True
2023-01-04 00:11: Argument rnn_units: 64
2023-01-04 00:11: Argument scaleParameter: 1.0
2023-01-04 00:11: Argument seed: 10000
2023-01-04 00:11: Argument sizeBorder: 1
2023-01-04 00:11: Argument static_features: ['dem_mean', 'slope_mean', 'roads_distance', 'waterway_distance', 'population_density']
2023-01-04 00:11: Argument teacher_forcing: False
2023-01-04 00:11: Argument weight_decay: 0.0
2023-01-04 00:11: Argument window_len: 10
2023-01-04 00:12: Train Epoch 1: 3/634 Loss: 0.473204
2023-01-04 00:12: Train Epoch 1: 7/634 Loss: 0.711867
2023-01-04 00:13: Train Epoch 1: 11/634 Loss: 0.579442
2023-01-04 00:13: Train Epoch 1: 15/634 Loss: 0.361830
2023-01-04 00:14: Train Epoch 1: 19/634 Loss: 0.448798
2023-01-04 00:14: Train Epoch 1: 23/634 Loss: 0.357959
2023-01-04 00:15: Train Epoch 1: 27/634 Loss: 0.236909
2023-01-04 00:15: Train Epoch 1: 31/634 Loss: 0.273226
2023-01-04 00:16: Train Epoch 1: 35/634 Loss: 0.369932
2023-01-04 00:16: Train Epoch 1: 39/634 Loss: 0.333980
2023-01-04 00:17: Train Epoch 1: 43/634 Loss: 0.305903
2023-01-04 00:17: Train Epoch 1: 47/634 Loss: 0.229323
2023-01-04 00:18: Train Epoch 1: 51/634 Loss: 0.246212
2023-01-04 00:18: Train Epoch 1: 55/634 Loss: 0.251948
2023-01-04 00:19: Train Epoch 1: 59/634 Loss: 0.264649
2023-01-04 00:19: Train Epoch 1: 63/634 Loss: 0.249806
2023-01-04 00:20: Train Epoch 1: 67/634 Loss: 0.229517
2023-01-04 00:20: Train Epoch 1: 71/634 Loss: 0.254585
2023-01-04 00:21: Train Epoch 1: 75/634 Loss: 0.292897
2023-01-04 00:21: Train Epoch 1: 79/634 Loss: 0.224310
2023-01-04 00:21: Train Epoch 1: 83/634 Loss: 0.210188
2023-01-04 00:22: Train Epoch 1: 87/634 Loss: 0.224635
2023-01-04 00:22: Train Epoch 1: 91/634 Loss: 0.250648
2023-01-04 00:23: Train Epoch 1: 95/634 Loss: 0.256618
2023-01-04 00:23: Train Epoch 1: 99/634 Loss: 0.243856
2023-01-04 00:24: Train Epoch 1: 103/634 Loss: 0.231876
2023-01-04 00:24: Train Epoch 1: 107/634 Loss: 0.289929
2023-01-04 00:25: Train Epoch 1: 111/634 Loss: 0.211969
2023-01-04 00:25: Train Epoch 1: 115/634 Loss: 0.228453
2023-01-04 00:26: Train Epoch 1: 119/634 Loss: 0.231147
2023-01-04 00:26: Train Epoch 1: 123/634 Loss: 0.217845
2023-01-04 00:27: Train Epoch 1: 127/634 Loss: 0.215600
2023-01-04 00:27: Train Epoch 1: 131/634 Loss: 0.226866
2023-01-04 00:28: Train Epoch 1: 135/634 Loss: 0.240016
2023-01-04 00:28: Train Epoch 1: 139/634 Loss: 0.244110
2023-01-04 00:29: Train Epoch 1: 143/634 Loss: 0.226843
2023-01-04 00:29: Train Epoch 1: 147/634 Loss: 0.214481
2023-01-04 00:30: Train Epoch 1: 151/634 Loss: 0.217146
2023-01-04 00:30: Train Epoch 1: 155/634 Loss: 0.222491
2023-01-04 00:31: Train Epoch 1: 159/634 Loss: 0.212899
2023-01-04 00:31: Train Epoch 1: 163/634 Loss: 0.231389
2023-01-04 00:32: Train Epoch 1: 167/634 Loss: 0.219134
2023-01-04 00:32: Train Epoch 1: 171/634 Loss: 0.254216
2023-01-04 00:33: Train Epoch 1: 175/634 Loss: 0.198836
2023-01-04 00:33: Train Epoch 1: 179/634 Loss: 0.226294
2023-01-04 00:34: Train Epoch 1: 183/634 Loss: 0.211054
2023-01-04 00:34: Train Epoch 1: 187/634 Loss: 0.200491
2023-01-04 00:34: Train Epoch 1: 191/634 Loss: 0.261643
2023-01-04 00:35: Train Epoch 1: 195/634 Loss: 0.247619
2023-01-04 00:35: Train Epoch 1: 199/634 Loss: 0.230750
2023-01-04 00:36: Train Epoch 1: 203/634 Loss: 0.228341
2023-01-04 00:36: Train Epoch 1: 207/634 Loss: 0.237878
2023-01-04 00:37: Train Epoch 1: 211/634 Loss: 0.234264
2023-01-04 00:37: Train Epoch 1: 215/634 Loss: 0.219907
2023-01-04 00:38: Train Epoch 1: 219/634 Loss: 0.210960
2023-01-04 00:38: Train Epoch 1: 223/634 Loss: 0.187516
2023-01-04 00:39: Train Epoch 1: 227/634 Loss: 0.213631
2023-01-04 00:39: Train Epoch 1: 231/634 Loss: 0.205552
2023-01-04 00:40: Train Epoch 1: 235/634 Loss: 0.217072
2023-01-04 00:40: Train Epoch 1: 239/634 Loss: 0.208112
2023-01-04 00:41: Train Epoch 1: 243/634 Loss: 0.222657
2023-01-04 00:41: Train Epoch 1: 247/634 Loss: 0.242725
2023-01-04 00:42: Train Epoch 1: 251/634 Loss: 0.188661
2023-01-04 00:42: Train Epoch 1: 255/634 Loss: 0.206739
2023-01-04 00:43: Train Epoch 1: 259/634 Loss: 0.206145
2023-01-04 00:43: Train Epoch 1: 263/634 Loss: 0.238896
2023-01-04 00:44: Train Epoch 1: 267/634 Loss: 0.199776
2023-01-04 00:44: Train Epoch 1: 271/634 Loss: 0.215451
2023-01-04 00:45: Train Epoch 1: 275/634 Loss: 0.223499
2023-01-04 00:45: Train Epoch 1: 279/634 Loss: 0.220176
2023-01-04 00:45: Train Epoch 1: 283/634 Loss: 0.213192
2023-01-04 00:46: Train Epoch 1: 287/634 Loss: 0.228195
2023-01-04 00:46: Train Epoch 1: 291/634 Loss: 0.203275
2023-01-04 00:47: Train Epoch 1: 295/634 Loss: 0.223096
2023-01-04 00:47: Train Epoch 1: 299/634 Loss: 0.205831
2023-01-04 00:48: Train Epoch 1: 303/634 Loss: 0.209850
2023-01-04 00:48: Train Epoch 1: 307/634 Loss: 0.223007
2023-01-04 00:49: Train Epoch 1: 311/634 Loss: 0.195091
2023-01-04 00:49: Train Epoch 1: 315/634 Loss: 0.203150
2023-01-04 00:50: Train Epoch 1: 319/634 Loss: 0.225487
2023-01-04 00:50: Train Epoch 1: 323/634 Loss: 0.221495
2023-01-04 00:51: Train Epoch 1: 327/634 Loss: 0.193613
2023-01-04 00:51: Train Epoch 1: 331/634 Loss: 0.219093
2023-01-04 00:52: Train Epoch 1: 335/634 Loss: 0.234005
2023-01-04 00:52: Train Epoch 1: 339/634 Loss: 0.224316
2023-01-04 00:53: Train Epoch 1: 343/634 Loss: 0.222277
2023-01-04 00:53: Train Epoch 1: 347/634 Loss: 0.193503
2023-01-04 00:54: Train Epoch 1: 351/634 Loss: 0.210077
2023-01-04 00:54: Train Epoch 1: 355/634 Loss: 0.188878
2023-01-04 00:55: Train Epoch 1: 359/634 Loss: 0.218777
2023-01-04 00:55: Train Epoch 1: 363/634 Loss: 0.232301
2023-01-04 00:56: Train Epoch 1: 367/634 Loss: 0.202019
2023-01-04 00:56: Train Epoch 1: 371/634 Loss: 0.212992
2023-01-04 00:56: Train Epoch 1: 375/634 Loss: 0.188880
2023-01-04 00:57: Train Epoch 1: 379/634 Loss: 0.202667
2023-01-04 00:57: Train Epoch 1: 383/634 Loss: 0.176813
2023-01-04 00:58: Train Epoch 1: 387/634 Loss: 0.214284
2023-01-04 00:58: Train Epoch 1: 391/634 Loss: 0.210033
2023-01-04 00:59: Train Epoch 1: 395/634 Loss: 0.216522
2023-01-04 00:59: Train Epoch 1: 399/634 Loss: 0.202835
2023-01-04 01:00: Train Epoch 1: 403/634 Loss: 0.213718
2023-01-04 01:00: Train Epoch 1: 407/634 Loss: 0.222459
2023-01-04 01:01: Train Epoch 1: 411/634 Loss: 0.203860
2023-01-04 01:01: Train Epoch 1: 415/634 Loss: 0.188973
2023-01-04 01:02: Train Epoch 1: 419/634 Loss: 0.190373
2023-01-04 01:02: Train Epoch 1: 423/634 Loss: 0.191032
2023-01-04 01:03: Train Epoch 1: 427/634 Loss: 0.229013
2023-01-04 01:03: Train Epoch 1: 431/634 Loss: 0.208142
2023-01-04 01:04: Train Epoch 1: 435/634 Loss: 0.184369
2023-01-04 01:04: Train Epoch 1: 439/634 Loss: 0.196434
2023-01-04 01:05: Train Epoch 1: 443/634 Loss: 0.185123
2023-01-04 01:05: Train Epoch 1: 447/634 Loss: 0.214387
2023-01-04 01:06: Train Epoch 1: 451/634 Loss: 0.217171
2023-01-04 01:06: Train Epoch 1: 455/634 Loss: 0.203187
2023-01-04 01:07: Train Epoch 1: 459/634 Loss: 0.211767
2023-01-04 01:07: Train Epoch 1: 463/634 Loss: 0.196314
2023-01-04 01:08: Train Epoch 1: 467/634 Loss: 0.217499
2023-01-04 01:08: Train Epoch 1: 471/634 Loss: 0.217449
2023-01-04 01:09: Train Epoch 1: 475/634 Loss: 0.219758
2023-01-04 01:09: Train Epoch 1: 479/634 Loss: 0.224159
2023-01-04 01:10: Train Epoch 1: 483/634 Loss: 0.182620
2023-01-04 01:10: Train Epoch 1: 487/634 Loss: 0.223057
2023-01-04 01:11: Train Epoch 1: 491/634 Loss: 0.212356
2023-01-04 01:11: Train Epoch 1: 495/634 Loss: 0.201939
2023-01-04 01:11: Train Epoch 1: 499/634 Loss: 0.208162
2023-01-04 01:12: Train Epoch 1: 503/634 Loss: 0.193932
2023-01-04 01:12: Train Epoch 1: 507/634 Loss: 0.173902
2023-01-04 01:13: Train Epoch 1: 511/634 Loss: 0.222205
2023-01-04 01:13: Train Epoch 1: 515/634 Loss: 0.235618
2023-01-04 01:14: Train Epoch 1: 519/634 Loss: 0.212324
2023-01-04 01:14: Train Epoch 1: 523/634 Loss: 0.219763
2023-01-04 01:15: Train Epoch 1: 527/634 Loss: 0.189150
2023-01-04 01:15: Train Epoch 1: 531/634 Loss: 0.182576
2023-01-04 01:16: Train Epoch 1: 535/634 Loss: 0.191380
2023-01-04 01:16: Train Epoch 1: 539/634 Loss: 0.199145
2023-01-04 01:17: Train Epoch 1: 543/634 Loss: 0.176542
2023-01-04 01:17: Train Epoch 1: 547/634 Loss: 0.204738
2023-01-04 01:18: Train Epoch 1: 551/634 Loss: 0.169587
2023-01-04 01:18: Train Epoch 1: 555/634 Loss: 0.198648
2023-01-04 01:19: Train Epoch 1: 559/634 Loss: 0.216476
2023-01-04 01:19: Train Epoch 1: 563/634 Loss: 0.196320
2023-01-04 01:20: Train Epoch 1: 567/634 Loss: 0.216291
2023-01-04 01:20: Train Epoch 1: 571/634 Loss: 0.182530
2023-01-04 01:21: Train Epoch 1: 575/634 Loss: 0.190011
2023-01-04 01:21: Train Epoch 1: 579/634 Loss: 0.180479
2023-01-04 01:22: Train Epoch 1: 583/634 Loss: 0.219597
2023-01-04 01:22: Train Epoch 1: 587/634 Loss: 0.227918
2023-01-04 01:23: Train Epoch 1: 591/634 Loss: 0.180816
2023-01-04 01:23: Train Epoch 1: 595/634 Loss: 0.222254
2023-01-04 01:24: Train Epoch 1: 599/634 Loss: 0.186436
2023-01-04 01:24: Train Epoch 1: 603/634 Loss: 0.187559
2023-01-04 01:24: Train Epoch 1: 607/634 Loss: 0.213135
2023-01-04 01:25: Train Epoch 1: 611/634 Loss: 0.207303
2023-01-04 01:25: Train Epoch 1: 615/634 Loss: 0.180216
2023-01-04 01:26: Train Epoch 1: 619/634 Loss: 0.198265
2023-01-04 01:26: Train Epoch 1: 623/634 Loss: 0.226614
2023-01-04 01:27: Train Epoch 1: 627/634 Loss: 0.229318
2023-01-04 01:27: Train Epoch 1: 631/634 Loss: 0.189333
2023-01-04 01:28: Train Epoch 1: 633/634 Loss: 0.070228
2023-01-04 01:28: **********Train Epoch 1: averaged Loss: 0.226999 
2023-01-04 01:28: 
Epoch time elapsed: 4586.1653735637665

2023-01-04 01:30: 
 metrics validation: {'precision': 0.8523676880222841, 'recall': 0.4707692307692308, 'f1-score': 0.6065411298315163, 'support': 1300, 'AUC': 0.8380582840236687, 'AUCPR': 0.7662863508797858, 'TP': 612, 'FP': 106, 'TN': 2494, 'FN': 688} 

2023-01-04 01:30: **********Val Epoch 1: average Loss: 0.258018
2023-01-04 01:30: *********************************Current best model saved!
2023-01-04 01:32: 
 Testing metrics {'precision': 0.8877952755905512, 'recall': 0.36726384364820847, 'f1-score': 0.5195852534562212, 'support': 1228, 'AUC': 0.8726591263567783, 'AUCPR': 0.8126592950123688, 'TP': 451, 'FP': 57, 'TN': 2399, 'FN': 777} 

2023-01-04 01:40: 
 Testing metrics {'precision': 0.9482708514966579, 'recall': 0.7404129793510325, 'f1-score': 0.8315494393476045, 'support': 4407, 'AUC': 0.9704835825217522, 'AUCPR': 0.9497462828631464, 'TP': 3263, 'FP': 178, 'TN': 8636, 'FN': 1144} 

2023-01-04 01:41: Train Epoch 2: 3/634 Loss: 0.177323
2023-01-04 01:41: Train Epoch 2: 7/634 Loss: 0.199195
2023-01-04 01:42: Train Epoch 2: 11/634 Loss: 0.227151
2023-01-04 01:42: Train Epoch 2: 15/634 Loss: 0.197556
2023-01-04 01:43: Train Epoch 2: 19/634 Loss: 0.245886
2023-01-04 01:43: Train Epoch 2: 23/634 Loss: 0.197816
2023-01-04 01:43: Train Epoch 2: 27/634 Loss: 0.212657
2023-01-04 01:44: Train Epoch 2: 31/634 Loss: 0.199619
2023-01-04 01:44: Train Epoch 2: 35/634 Loss: 0.203654
2023-01-04 01:45: Train Epoch 2: 39/634 Loss: 0.170918
2023-01-04 01:45: Train Epoch 2: 43/634 Loss: 0.216260
2023-01-04 01:46: Train Epoch 2: 47/634 Loss: 0.216070
2023-01-04 01:46: Train Epoch 2: 51/634 Loss: 0.236955
2023-01-04 01:47: Train Epoch 2: 55/634 Loss: 0.240981
2023-01-04 01:47: Train Epoch 2: 59/634 Loss: 0.224729
2023-01-04 01:48: Train Epoch 2: 63/634 Loss: 0.215291
2023-01-04 01:48: Train Epoch 2: 67/634 Loss: 0.192091
2023-01-04 01:49: Train Epoch 2: 71/634 Loss: 0.239492
2023-01-04 01:49: Train Epoch 2: 75/634 Loss: 0.194624
2023-01-04 01:50: Train Epoch 2: 79/634 Loss: 0.196669
2023-01-04 01:50: Train Epoch 2: 83/634 Loss: 0.198253
2023-01-04 01:51: Train Epoch 2: 87/634 Loss: 0.235628
2023-01-04 01:51: Train Epoch 2: 91/634 Loss: 0.187519
2023-01-04 01:52: Train Epoch 2: 95/634 Loss: 0.202499
2023-01-04 01:52: Train Epoch 2: 99/634 Loss: 0.196600
2023-01-04 01:53: Train Epoch 2: 103/634 Loss: 0.223121
2023-01-04 01:53: Train Epoch 2: 107/634 Loss: 0.170042
2023-01-04 01:54: Train Epoch 2: 111/634 Loss: 0.204476
2023-01-04 01:54: Train Epoch 2: 115/634 Loss: 0.176470
2023-01-04 01:55: Train Epoch 2: 119/634 Loss: 0.196502
2023-01-04 01:55: Train Epoch 2: 123/634 Loss: 0.204989
2023-01-04 01:56: Train Epoch 2: 127/634 Loss: 0.160488
2023-01-04 01:56: Train Epoch 2: 131/634 Loss: 0.208302
2023-01-04 01:57: Train Epoch 2: 135/634 Loss: 0.189351
2023-01-04 01:57: Train Epoch 2: 139/634 Loss: 0.184005
2023-01-04 01:58: Train Epoch 2: 143/634 Loss: 0.189461
2023-01-04 01:58: Train Epoch 2: 147/634 Loss: 0.199266
2023-01-04 01:59: Train Epoch 2: 151/634 Loss: 0.185380
2023-01-04 01:59: Train Epoch 2: 155/634 Loss: 0.200557
2023-01-04 02:00: Train Epoch 2: 159/634 Loss: 0.203748
2023-01-04 02:00: Train Epoch 2: 163/634 Loss: 0.207448
2023-01-04 02:01: Train Epoch 2: 167/634 Loss: 0.212828
2023-01-04 02:01: Train Epoch 2: 171/634 Loss: 0.222426
2023-01-04 02:01: Train Epoch 2: 175/634 Loss: 0.181594
2023-01-04 02:02: Train Epoch 2: 179/634 Loss: 0.183793
2023-01-04 02:02: Train Epoch 2: 183/634 Loss: 0.190648
2023-01-04 02:03: Train Epoch 2: 187/634 Loss: 0.217050
2023-01-04 02:03: Train Epoch 2: 191/634 Loss: 0.212533
2023-01-04 02:04: Train Epoch 2: 195/634 Loss: 0.211627
2023-01-04 02:04: Train Epoch 2: 199/634 Loss: 0.203938
2023-01-04 02:05: Train Epoch 2: 203/634 Loss: 0.209981
2023-01-04 02:05: Train Epoch 2: 207/634 Loss: 0.214000
2023-01-04 02:06: Train Epoch 2: 211/634 Loss: 0.193605
2023-01-04 02:06: Train Epoch 2: 215/634 Loss: 0.161506
2023-01-04 02:07: Train Epoch 2: 219/634 Loss: 0.194045
2023-01-04 02:07: Train Epoch 2: 223/634 Loss: 0.193670
2023-01-04 02:08: Train Epoch 2: 227/634 Loss: 0.199273
2023-01-04 02:08: Train Epoch 2: 231/634 Loss: 0.190548
2023-01-04 02:09: Train Epoch 2: 235/634 Loss: 0.211228
2023-01-04 02:09: Train Epoch 2: 239/634 Loss: 0.188762
2023-01-04 02:10: Train Epoch 2: 243/634 Loss: 0.195067
2023-01-04 02:10: Train Epoch 2: 247/634 Loss: 0.210715
2023-01-04 02:11: Train Epoch 2: 251/634 Loss: 0.182565
2023-01-04 02:11: Train Epoch 2: 255/634 Loss: 0.223359
2023-01-04 02:12: Train Epoch 2: 259/634 Loss: 0.168650
2023-01-04 02:12: Train Epoch 2: 263/634 Loss: 0.167786
2023-01-04 02:13: Train Epoch 2: 267/634 Loss: 0.166216
2023-01-04 02:13: Train Epoch 2: 271/634 Loss: 0.214762
2023-01-04 02:13: Train Epoch 2: 275/634 Loss: 0.173589
2023-01-04 02:14: Train Epoch 2: 279/634 Loss: 0.187114
2023-01-04 02:15: Train Epoch 2: 283/634 Loss: 0.181721
2023-01-04 02:15: Train Epoch 2: 287/634 Loss: 0.231417
2023-01-04 02:15: Train Epoch 2: 291/634 Loss: 0.171357
2023-01-04 02:16: Train Epoch 2: 295/634 Loss: 0.228651
2023-01-04 02:16: Train Epoch 2: 299/634 Loss: 0.175397
2023-01-04 02:17: Train Epoch 2: 303/634 Loss: 0.205996
2023-01-04 02:17: Train Epoch 2: 307/634 Loss: 0.204627
2023-01-04 02:18: Train Epoch 2: 311/634 Loss: 0.208498
2023-01-04 02:18: Train Epoch 2: 315/634 Loss: 0.200607
2023-01-04 02:19: Train Epoch 2: 319/634 Loss: 0.197136
2023-01-04 02:19: Train Epoch 2: 323/634 Loss: 0.179197
2023-01-04 02:20: Train Epoch 2: 327/634 Loss: 0.195361
2023-01-04 02:20: Train Epoch 2: 331/634 Loss: 0.184256
2023-01-04 02:21: Train Epoch 2: 335/634 Loss: 0.211555
2023-01-04 02:21: Train Epoch 2: 339/634 Loss: 0.207328
2023-01-04 02:22: Train Epoch 2: 343/634 Loss: 0.201987
2023-01-04 02:22: Train Epoch 2: 347/634 Loss: 0.206523
2023-01-04 02:23: Train Epoch 2: 351/634 Loss: 0.184172
2023-01-04 02:23: Train Epoch 2: 355/634 Loss: 0.178042
2023-01-04 02:24: Train Epoch 2: 359/634 Loss: 0.199834
2023-01-04 02:24: Train Epoch 2: 363/634 Loss: 0.201573
2023-01-04 02:25: Train Epoch 2: 367/634 Loss: 0.187266
2023-01-04 02:25: Train Epoch 2: 371/634 Loss: 0.177412
2023-01-04 02:26: Train Epoch 2: 375/634 Loss: 0.196849
2023-01-04 02:26: Train Epoch 2: 379/634 Loss: 0.209547
2023-01-04 02:27: Train Epoch 2: 383/634 Loss: 0.165210
2023-01-04 02:27: Train Epoch 2: 387/634 Loss: 0.212728
2023-01-04 02:28: Train Epoch 2: 391/634 Loss: 0.168637
2023-01-04 02:28: Train Epoch 2: 395/634 Loss: 0.165011
2023-01-04 02:29: Train Epoch 2: 399/634 Loss: 0.165436
2023-01-04 02:29: Train Epoch 2: 403/634 Loss: 0.220380
2023-01-04 02:30: Train Epoch 2: 407/634 Loss: 0.185665
2023-01-04 02:30: Train Epoch 2: 411/634 Loss: 0.215627
2023-01-04 02:31: Train Epoch 2: 415/634 Loss: 0.211584
2023-01-04 02:31: Train Epoch 2: 419/634 Loss: 0.180702
2023-01-04 02:32: Train Epoch 2: 423/634 Loss: 0.166861
2023-01-04 02:32: Train Epoch 2: 427/634 Loss: 0.162742
2023-01-04 02:33: Train Epoch 2: 431/634 Loss: 0.194588
2023-01-04 02:33: Train Epoch 2: 435/634 Loss: 0.205372
2023-01-04 02:34: Train Epoch 2: 439/634 Loss: 0.158875
2023-01-04 02:34: Train Epoch 2: 443/634 Loss: 0.158004
2023-01-04 02:35: Train Epoch 2: 447/634 Loss: 0.212057
2023-01-04 02:35: Train Epoch 2: 451/634 Loss: 0.167476
2023-01-04 02:36: Train Epoch 2: 455/634 Loss: 0.191724
2023-01-04 02:36: Train Epoch 2: 459/634 Loss: 0.177143
2023-01-04 02:37: Train Epoch 2: 463/634 Loss: 0.177418
2023-01-04 02:37: Train Epoch 2: 467/634 Loss: 0.178050
2023-01-04 02:37: Train Epoch 2: 471/634 Loss: 0.209286
2023-01-04 02:38: Train Epoch 2: 475/634 Loss: 0.160389
2023-01-04 02:38: Train Epoch 2: 479/634 Loss: 0.182840
2023-01-04 02:39: Train Epoch 2: 483/634 Loss: 0.183748
2023-01-04 02:39: Train Epoch 2: 487/634 Loss: 0.178967
2023-01-04 02:40: Train Epoch 2: 491/634 Loss: 0.163410
2023-01-04 02:40: Train Epoch 2: 495/634 Loss: 0.193929
2023-01-04 02:41: Train Epoch 2: 499/634 Loss: 0.213595
2023-01-04 02:41: Train Epoch 2: 503/634 Loss: 0.173775
2023-01-04 02:42: Train Epoch 2: 507/634 Loss: 0.183674
2023-01-04 02:42: Train Epoch 2: 511/634 Loss: 0.220403
2023-01-04 02:43: Train Epoch 2: 515/634 Loss: 0.187790
2023-01-04 02:43: Train Epoch 2: 519/634 Loss: 0.191551
2023-01-04 02:44: Train Epoch 2: 523/634 Loss: 0.173841
2023-01-04 02:44: Train Epoch 2: 527/634 Loss: 0.178298
2023-01-04 02:45: Train Epoch 2: 531/634 Loss: 0.238556
2023-01-04 02:45: Train Epoch 2: 535/634 Loss: 0.204256
2023-01-04 02:46: Train Epoch 2: 539/634 Loss: 0.204783
2023-01-04 02:46: Train Epoch 2: 543/634 Loss: 0.168086
2023-01-04 02:47: Train Epoch 2: 547/634 Loss: 0.203575
2023-01-04 02:47: Train Epoch 2: 551/634 Loss: 0.187436
2023-01-04 02:48: Train Epoch 2: 555/634 Loss: 0.201821
2023-01-04 02:48: Train Epoch 2: 559/634 Loss: 0.184990
2023-01-04 02:49: Train Epoch 2: 563/634 Loss: 0.194211
2023-01-04 02:49: Train Epoch 2: 567/634 Loss: 0.193537
2023-01-04 02:50: Train Epoch 2: 571/634 Loss: 0.174959
2023-01-04 02:50: Train Epoch 2: 575/634 Loss: 0.200709
2023-01-04 02:51: Train Epoch 2: 579/634 Loss: 0.205149
2023-01-04 02:51: Train Epoch 2: 583/634 Loss: 0.172608
2023-01-04 02:52: Train Epoch 2: 587/634 Loss: 0.177708
2023-01-04 02:52: Train Epoch 2: 591/634 Loss: 0.211974
2023-01-04 02:53: Train Epoch 2: 595/634 Loss: 0.178883
2023-01-04 02:53: Train Epoch 2: 599/634 Loss: 0.198126
2023-01-04 02:54: Train Epoch 2: 603/634 Loss: 0.168423
2023-01-04 02:54: Train Epoch 2: 607/634 Loss: 0.180490
2023-01-04 02:55: Train Epoch 2: 611/634 Loss: 0.211214
2023-01-04 02:55: Train Epoch 2: 615/634 Loss: 0.195401
2023-01-04 02:56: Train Epoch 2: 619/634 Loss: 0.165675
2023-01-04 02:56: Train Epoch 2: 623/634 Loss: 0.212930
2023-01-04 02:57: Train Epoch 2: 627/634 Loss: 0.169631
2023-01-04 02:57: Train Epoch 2: 631/634 Loss: 0.179846
2023-01-04 02:57: Train Epoch 2: 633/634 Loss: 0.080759
2023-01-04 02:57: **********Train Epoch 2: averaged Loss: 0.193967 
2023-01-04 02:57: 
Epoch time elapsed: 4643.616969347

2023-01-04 03:00: 
 metrics validation: {'precision': 0.7684210526315789, 'recall': 0.73, 'f1-score': 0.7487179487179486, 'support': 1300, 'AUC': 0.8890452662721893, 'AUCPR': 0.8238378323961781, 'TP': 949, 'FP': 286, 'TN': 2314, 'FN': 351} 

2023-01-04 03:00: **********Val Epoch 2: average Loss: 0.186273
2023-01-04 03:00: *********************************Current best model saved!
2023-01-04 03:02: 
 Testing metrics {'precision': 0.810091743119266, 'recall': 0.7190553745928339, 'f1-score': 0.7618636755823985, 'support': 1228, 'AUC': 0.8961494286411527, 'AUCPR': 0.8380193420566808, 'TP': 883, 'FP': 207, 'TN': 2249, 'FN': 345} 

2023-01-04 03:09: 
 Testing metrics {'precision': 0.8809732573432705, 'recall': 0.9119582482414341, 'f1-score': 0.8961980153863307, 'support': 4407, 'AUC': 0.976188389049766, 'AUCPR': 0.9595698321503137, 'TP': 4019, 'FP': 543, 'TN': 8271, 'FN': 388} 

2023-01-04 03:10: Train Epoch 3: 3/634 Loss: 0.220645
2023-01-04 03:10: Train Epoch 3: 7/634 Loss: 0.167230
2023-01-04 03:11: Train Epoch 3: 11/634 Loss: 0.181070
2023-01-04 03:11: Train Epoch 3: 15/634 Loss: 0.181627
2023-01-04 03:12: Train Epoch 3: 19/634 Loss: 0.197487
2023-01-04 03:12: Train Epoch 3: 23/634 Loss: 0.198114
2023-01-04 03:13: Train Epoch 3: 27/634 Loss: 0.162922
2023-01-04 03:13: Train Epoch 3: 31/634 Loss: 0.202343
2023-01-04 03:14: Train Epoch 3: 35/634 Loss: 0.192146
2023-01-04 03:14: Train Epoch 3: 39/634 Loss: 0.174133
2023-01-04 03:15: Train Epoch 3: 43/634 Loss: 0.205262
2023-01-04 03:15: Train Epoch 3: 47/634 Loss: 0.208065
2023-01-04 03:16: Train Epoch 3: 51/634 Loss: 0.200484
2023-01-04 03:16: Train Epoch 3: 55/634 Loss: 0.197969
2023-01-04 03:17: Train Epoch 3: 59/634 Loss: 0.162391
2023-01-04 03:17: Train Epoch 3: 63/634 Loss: 0.177795
2023-01-04 03:18: Train Epoch 3: 67/634 Loss: 0.174884
2023-01-04 03:18: Train Epoch 3: 71/634 Loss: 0.191315
2023-01-04 03:19: Train Epoch 3: 75/634 Loss: 0.171916
2023-01-04 03:19: Train Epoch 3: 79/634 Loss: 0.182257
2023-01-04 03:20: Train Epoch 3: 83/634 Loss: 0.177230
2023-01-04 03:20: Train Epoch 3: 87/634 Loss: 0.213390
2023-01-04 03:21: Train Epoch 3: 91/634 Loss: 0.178609
2023-01-04 03:21: Train Epoch 3: 95/634 Loss: 0.172671
2023-01-04 03:21: Train Epoch 3: 99/634 Loss: 0.193212
2023-01-04 03:22: Train Epoch 3: 103/634 Loss: 0.188872
2023-01-04 03:22: Train Epoch 3: 107/634 Loss: 0.173910
2023-01-04 03:23: Train Epoch 3: 111/634 Loss: 0.161226
2023-01-04 03:23: Train Epoch 3: 115/634 Loss: 0.208942
2023-01-04 03:24: Train Epoch 3: 119/634 Loss: 0.262017
2023-01-04 03:24: Train Epoch 3: 123/634 Loss: 0.206972
2023-01-04 03:25: Train Epoch 3: 127/634 Loss: 0.177190
2023-01-04 03:25: Train Epoch 3: 131/634 Loss: 0.176634
2023-01-04 03:26: Train Epoch 3: 135/634 Loss: 0.195639
2023-01-04 03:26: Train Epoch 3: 139/634 Loss: 0.209535
2023-01-04 03:27: Train Epoch 3: 143/634 Loss: 0.193880
2023-01-04 03:27: Train Epoch 3: 147/634 Loss: 0.193832
2023-01-04 03:28: Train Epoch 3: 151/634 Loss: 0.219771
2023-01-04 03:28: Train Epoch 3: 155/634 Loss: 0.181724
2023-01-04 03:29: Train Epoch 3: 159/634 Loss: 0.179539
2023-01-04 03:29: Train Epoch 3: 163/634 Loss: 0.213674
2023-01-04 03:30: Train Epoch 3: 167/634 Loss: 0.159923
2023-01-04 03:30: Train Epoch 3: 171/634 Loss: 0.169605
2023-01-04 03:31: Train Epoch 3: 175/634 Loss: 0.186183
2023-01-04 03:31: Train Epoch 3: 179/634 Loss: 0.206231
2023-01-04 03:32: Train Epoch 3: 183/634 Loss: 0.165947
2023-01-04 03:32: Train Epoch 3: 187/634 Loss: 0.208770
2023-01-04 03:33: Train Epoch 3: 191/634 Loss: 0.191273
2023-01-04 03:33: Train Epoch 3: 195/634 Loss: 0.160736
2023-01-04 03:33: Train Epoch 3: 199/634 Loss: 0.202398
2023-01-04 03:34: Train Epoch 3: 203/634 Loss: 0.168940
2023-01-04 03:34: Train Epoch 3: 207/634 Loss: 0.179111
2023-01-04 03:35: Train Epoch 3: 211/634 Loss: 0.178626
2023-01-04 03:35: Train Epoch 3: 215/634 Loss: 0.180363
2023-01-04 03:36: Train Epoch 3: 219/634 Loss: 0.205876
2023-01-04 03:36: Train Epoch 3: 223/634 Loss: 0.153298
2023-01-04 03:37: Train Epoch 3: 227/634 Loss: 0.201020
2023-01-04 03:37: Train Epoch 3: 231/634 Loss: 0.208920
2023-01-04 03:38: Train Epoch 3: 235/634 Loss: 0.161401
2023-01-04 03:38: Train Epoch 3: 239/634 Loss: 0.174602
2023-01-04 03:39: Train Epoch 3: 243/634 Loss: 0.181036
2023-01-04 03:39: Train Epoch 3: 247/634 Loss: 0.157089
2023-01-04 03:40: Train Epoch 3: 251/634 Loss: 0.168742
2023-01-04 03:40: Train Epoch 3: 255/634 Loss: 0.215108
2023-01-04 03:41: Train Epoch 3: 259/634 Loss: 0.192188
2023-01-04 03:41: Train Epoch 3: 263/634 Loss: 0.175863
2023-01-04 03:42: Train Epoch 3: 267/634 Loss: 0.160662
2023-01-04 03:42: Train Epoch 3: 271/634 Loss: 0.173979
2023-01-04 03:43: Train Epoch 3: 275/634 Loss: 0.159793
2023-01-04 03:43: Train Epoch 3: 279/634 Loss: 0.177525
2023-01-04 03:44: Train Epoch 3: 283/634 Loss: 0.171816
2023-01-04 03:44: Train Epoch 3: 287/634 Loss: 0.201953
2023-01-04 03:44: Train Epoch 3: 291/634 Loss: 0.168898
2023-01-04 03:45: Train Epoch 3: 295/634 Loss: 0.158553
2023-01-04 03:45: Train Epoch 3: 299/634 Loss: 0.169125
2023-01-04 03:46: Train Epoch 3: 303/634 Loss: 0.202209
2023-01-04 03:46: Train Epoch 3: 307/634 Loss: 0.163582
2023-01-04 03:47: Train Epoch 3: 311/634 Loss: 0.155145
2023-01-04 03:47: Train Epoch 3: 315/634 Loss: 0.164259
2023-01-04 03:48: Train Epoch 3: 319/634 Loss: 0.182424
2023-01-04 03:48: Train Epoch 3: 323/634 Loss: 0.156495
2023-01-04 03:49: Train Epoch 3: 327/634 Loss: 0.174404
2023-01-04 03:49: Train Epoch 3: 331/634 Loss: 0.199279
2023-01-04 03:50: Train Epoch 3: 335/634 Loss: 0.161580
2023-01-04 03:50: Train Epoch 3: 339/634 Loss: 0.203140
2023-01-04 03:51: Train Epoch 3: 343/634 Loss: 0.188023
2023-01-04 03:51: Train Epoch 3: 347/634 Loss: 0.178311
2023-01-04 03:52: Train Epoch 3: 351/634 Loss: 0.192290
2023-01-04 03:52: Train Epoch 3: 355/634 Loss: 0.202964
2023-01-04 03:53: Train Epoch 3: 359/634 Loss: 0.206087
2023-01-04 03:53: Train Epoch 3: 363/634 Loss: 0.188881
2023-01-04 03:54: Train Epoch 3: 367/634 Loss: 0.176977
2023-01-04 03:54: Train Epoch 3: 371/634 Loss: 0.181316
2023-01-04 03:55: Train Epoch 3: 375/634 Loss: 0.194787
2023-01-04 03:55: Train Epoch 3: 379/634 Loss: 0.220862
2023-01-04 03:56: Train Epoch 3: 383/634 Loss: 0.168709
2023-01-04 03:56: Train Epoch 3: 387/634 Loss: 0.203531
2023-01-04 03:56: Train Epoch 3: 391/634 Loss: 0.196588
2023-01-04 03:57: Train Epoch 3: 395/634 Loss: 0.191204
2023-01-04 03:57: Train Epoch 3: 399/634 Loss: 0.181949
2023-01-04 03:58: Train Epoch 3: 403/634 Loss: 0.152284
2023-01-04 03:58: Train Epoch 3: 407/634 Loss: 0.189241
2023-01-04 03:59: Train Epoch 3: 411/634 Loss: 0.160849
2023-01-04 03:59: Train Epoch 3: 415/634 Loss: 0.161687
2023-01-04 04:00: Train Epoch 3: 419/634 Loss: 0.157919
2023-01-04 04:00: Train Epoch 3: 423/634 Loss: 0.201361
2023-01-04 04:01: Train Epoch 3: 427/634 Loss: 0.213264
2023-01-04 04:01: Train Epoch 3: 431/634 Loss: 0.166970
2023-01-04 04:02: Train Epoch 3: 435/634 Loss: 0.214004
2023-01-04 04:02: Train Epoch 3: 439/634 Loss: 0.153677
2023-01-04 04:03: Train Epoch 3: 443/634 Loss: 0.161022
2023-01-04 04:03: Train Epoch 3: 447/634 Loss: 0.192646
2023-01-04 04:04: Train Epoch 3: 451/634 Loss: 0.175062
2023-01-04 04:04: Train Epoch 3: 455/634 Loss: 0.169144
2023-01-04 04:05: Train Epoch 3: 459/634 Loss: 0.166302
2023-01-04 04:05: Train Epoch 3: 463/634 Loss: 0.208617
2023-01-04 04:06: Train Epoch 3: 467/634 Loss: 0.168192
2023-01-04 04:06: Train Epoch 3: 471/634 Loss: 0.175467
2023-01-04 04:07: Train Epoch 3: 475/634 Loss: 0.190548
2023-01-04 04:07: Train Epoch 3: 479/634 Loss: 0.148192
2023-01-04 04:08: Train Epoch 3: 483/634 Loss: 0.150004
2023-01-04 04:08: Train Epoch 3: 487/634 Loss: 0.168463
2023-01-04 04:08: Train Epoch 3: 491/634 Loss: 0.178004
2023-01-04 04:09: Train Epoch 3: 495/634 Loss: 0.168702
2023-01-04 04:09: Train Epoch 3: 499/634 Loss: 0.189053
2023-01-04 04:10: Train Epoch 3: 503/634 Loss: 0.187785
2023-01-04 04:10: Train Epoch 3: 507/634 Loss: 0.202124
2023-01-04 04:11: Train Epoch 3: 511/634 Loss: 0.212006
2023-01-04 04:11: Train Epoch 3: 515/634 Loss: 0.168894
2023-01-04 04:12: Train Epoch 3: 519/634 Loss: 0.176701
2023-01-04 04:12: Train Epoch 3: 523/634 Loss: 0.139663
2023-01-04 04:13: Train Epoch 3: 527/634 Loss: 0.202018
2023-01-04 04:13: Train Epoch 3: 531/634 Loss: 0.175753
2023-01-04 04:14: Train Epoch 3: 535/634 Loss: 0.177911
2023-01-04 04:14: Train Epoch 3: 539/634 Loss: 0.204378
2023-01-04 04:15: Train Epoch 3: 543/634 Loss: 0.151201
2023-01-04 04:15: Train Epoch 3: 547/634 Loss: 0.140862
2023-01-04 04:16: Train Epoch 3: 551/634 Loss: 0.186880
2023-01-04 04:16: Train Epoch 3: 555/634 Loss: 0.171993
2023-01-04 04:17: Train Epoch 3: 559/634 Loss: 0.188542
2023-01-04 04:17: Train Epoch 3: 563/634 Loss: 0.199969
2023-01-04 04:18: Train Epoch 3: 567/634 Loss: 0.166417
2023-01-04 04:18: Train Epoch 3: 571/634 Loss: 0.201040
2023-01-04 04:19: Train Epoch 3: 575/634 Loss: 0.207004
2023-01-04 04:19: Train Epoch 3: 579/634 Loss: 0.189253
2023-01-04 04:20: Train Epoch 3: 583/634 Loss: 0.167198
2023-01-04 04:20: Train Epoch 3: 587/634 Loss: 0.188907
2023-01-04 04:21: Train Epoch 3: 591/634 Loss: 0.166339
2023-01-04 04:21: Train Epoch 3: 595/634 Loss: 0.180196
2023-01-04 04:22: Train Epoch 3: 599/634 Loss: 0.173066
2023-01-04 04:22: Train Epoch 3: 603/634 Loss: 0.207479
2023-01-04 04:22: Train Epoch 3: 607/634 Loss: 0.170260
2023-01-04 04:23: Train Epoch 3: 611/634 Loss: 0.148011
2023-01-04 04:23: Train Epoch 3: 615/634 Loss: 0.178637
2023-01-04 04:24: Train Epoch 3: 619/634 Loss: 0.175388
2023-01-04 04:24: Train Epoch 3: 623/634 Loss: 0.177252
2023-01-04 04:25: Train Epoch 3: 627/634 Loss: 0.194044
2023-01-04 04:25: Train Epoch 3: 631/634 Loss: 0.179542
2023-01-04 04:26: Train Epoch 3: 633/634 Loss: 0.073344
2023-01-04 04:26: **********Train Epoch 3: averaged Loss: 0.182200 
2023-01-04 04:26: 
Epoch time elapsed: 4586.796564340591

2023-01-04 04:28: 
 metrics validation: {'precision': 0.9007731958762887, 'recall': 0.5376923076923077, 'f1-score': 0.6734104046242775, 'support': 1300, 'AUC': 0.9165789940828402, 'AUCPR': 0.8593018284927678, 'TP': 699, 'FP': 77, 'TN': 2523, 'FN': 601} 

2023-01-04 04:28: **********Val Epoch 3: average Loss: 0.189873
2023-01-04 04:30: 
 Testing metrics {'precision': 0.810091743119266, 'recall': 0.7190553745928339, 'f1-score': 0.7618636755823985, 'support': 1228, 'AUC': 0.8961494286411527, 'AUCPR': 0.8380193420566808, 'TP': 883, 'FP': 207, 'TN': 2249, 'FN': 345} 

2023-01-04 04:37: 
 Testing metrics {'precision': 0.8809732573432705, 'recall': 0.9119582482414341, 'f1-score': 0.8961980153863307, 'support': 4407, 'AUC': 0.976188389049766, 'AUCPR': 0.9595698321503137, 'TP': 4019, 'FP': 543, 'TN': 8271, 'FN': 388} 

2023-01-04 04:38: Train Epoch 4: 3/634 Loss: 0.179364
2023-01-04 04:39: Train Epoch 4: 7/634 Loss: 0.189896
2023-01-04 04:39: Train Epoch 4: 11/634 Loss: 0.181731
2023-01-04 04:40: Train Epoch 4: 15/634 Loss: 0.192248
2023-01-04 04:40: Train Epoch 4: 19/634 Loss: 0.204694
2023-01-04 04:41: Train Epoch 4: 23/634 Loss: 0.200979
2023-01-04 04:41: Train Epoch 4: 27/634 Loss: 0.170062
2023-01-04 04:41: Train Epoch 4: 31/634 Loss: 0.151933
2023-01-04 04:42: Train Epoch 4: 35/634 Loss: 0.226570
2023-01-04 04:42: Train Epoch 4: 39/634 Loss: 0.212657
2023-01-04 04:43: Train Epoch 4: 43/634 Loss: 0.170442
2023-01-04 04:43: Train Epoch 4: 47/634 Loss: 0.173589
2023-01-04 04:44: Train Epoch 4: 51/634 Loss: 0.205004
2023-01-04 04:44: Train Epoch 4: 55/634 Loss: 0.179132
2023-01-04 04:45: Train Epoch 4: 59/634 Loss: 0.172525
2023-01-04 04:45: Train Epoch 4: 63/634 Loss: 0.199299
2023-01-04 04:46: Train Epoch 4: 67/634 Loss: 0.208384
2023-01-04 04:46: Train Epoch 4: 71/634 Loss: 0.224200
2023-01-04 04:47: Train Epoch 4: 75/634 Loss: 0.176162
2023-01-04 04:47: Train Epoch 4: 79/634 Loss: 0.205615
2023-01-04 04:48: Train Epoch 4: 83/634 Loss: 0.182920
2023-01-04 04:48: Train Epoch 4: 87/634 Loss: 0.202415
2023-01-04 04:49: Train Epoch 4: 91/634 Loss: 0.170202
2023-01-04 04:49: Train Epoch 4: 95/634 Loss: 0.197782
2023-01-04 04:50: Train Epoch 4: 99/634 Loss: 0.191360
2023-01-04 04:50: Train Epoch 4: 103/634 Loss: 0.168399
2023-01-04 04:51: Train Epoch 4: 107/634 Loss: 0.198280
2023-01-04 04:51: Train Epoch 4: 111/634 Loss: 0.195396
2023-01-04 04:52: Train Epoch 4: 115/634 Loss: 0.174473
2023-01-04 04:52: Train Epoch 4: 119/634 Loss: 0.217590
2023-01-04 04:53: Train Epoch 4: 123/634 Loss: 0.182757
2023-01-04 04:53: Train Epoch 4: 127/634 Loss: 0.202143
2023-01-04 04:53: Train Epoch 4: 131/634 Loss: 0.206085
2023-01-04 04:54: Train Epoch 4: 135/634 Loss: 0.178102
2023-01-04 04:54: Train Epoch 4: 139/634 Loss: 0.192747
2023-01-04 04:55: Train Epoch 4: 143/634 Loss: 0.184003
2023-01-04 04:55: Train Epoch 4: 147/634 Loss: 0.194261
2023-01-04 04:56: Train Epoch 4: 151/634 Loss: 0.186161
2023-01-04 04:56: Train Epoch 4: 155/634 Loss: 0.189060
2023-01-04 04:57: Train Epoch 4: 159/634 Loss: 0.179085
2023-01-04 04:57: Train Epoch 4: 163/634 Loss: 0.178270
2023-01-04 04:58: Train Epoch 4: 167/634 Loss: 0.161400
2023-01-04 04:58: Train Epoch 4: 171/634 Loss: 0.188706
2023-01-04 04:59: Train Epoch 4: 175/634 Loss: 0.169587
2023-01-04 04:59: Train Epoch 4: 179/634 Loss: 0.212687
2023-01-04 05:00: Train Epoch 4: 183/634 Loss: 0.182915
2023-01-04 05:00: Train Epoch 4: 187/634 Loss: 0.190783
2023-01-04 05:01: Train Epoch 4: 191/634 Loss: 0.184493
2023-01-04 05:01: Train Epoch 4: 195/634 Loss: 0.179550
2023-01-04 05:01: Train Epoch 4: 199/634 Loss: 0.186124
2023-01-04 05:02: Train Epoch 4: 203/634 Loss: 0.192268
2023-01-04 05:02: Train Epoch 4: 207/634 Loss: 0.175949
2023-01-04 05:03: Train Epoch 4: 211/634 Loss: 0.165366
2023-01-04 05:03: Train Epoch 4: 215/634 Loss: 0.170009
2023-01-04 05:04: Train Epoch 4: 219/634 Loss: 0.164659
2023-01-04 05:04: Train Epoch 4: 223/634 Loss: 0.153820
2023-01-04 05:05: Train Epoch 4: 227/634 Loss: 0.168020
2023-01-04 05:05: Train Epoch 4: 231/634 Loss: 0.177459
2023-01-04 05:06: Train Epoch 4: 235/634 Loss: 0.184550
2023-01-04 05:06: Train Epoch 4: 239/634 Loss: 0.162898
2023-01-04 05:07: Train Epoch 4: 243/634 Loss: 0.192143
2023-01-04 05:07: Train Epoch 4: 247/634 Loss: 0.190320
2023-01-04 05:08: Train Epoch 4: 251/634 Loss: 0.193391
2023-01-04 05:08: Train Epoch 4: 255/634 Loss: 0.167614
2023-01-04 05:09: Train Epoch 4: 259/634 Loss: 0.193743
2023-01-04 05:09: Train Epoch 4: 263/634 Loss: 0.205381
2023-01-04 05:10: Train Epoch 4: 267/634 Loss: 0.155625
2023-01-04 05:10: Train Epoch 4: 271/634 Loss: 0.155381
2023-01-04 05:11: Train Epoch 4: 275/634 Loss: 0.208811
2023-01-04 05:11: Train Epoch 4: 279/634 Loss: 0.208565
2023-01-04 05:12: Train Epoch 4: 283/634 Loss: 0.203826
2023-01-04 05:12: Train Epoch 4: 287/634 Loss: 0.186072
2023-01-04 05:12: Train Epoch 4: 291/634 Loss: 0.207023
2023-01-04 05:13: Train Epoch 4: 295/634 Loss: 0.150948
2023-01-04 05:13: Train Epoch 4: 299/634 Loss: 0.229589
2023-01-04 05:14: Train Epoch 4: 303/634 Loss: 0.211816
2023-01-04 05:14: Train Epoch 4: 307/634 Loss: 0.161253
2023-01-04 05:15: Train Epoch 4: 311/634 Loss: 0.209069
2023-01-04 05:15: Train Epoch 4: 315/634 Loss: 0.180198
2023-01-04 05:16: Train Epoch 4: 319/634 Loss: 0.167415
2023-01-04 05:16: Train Epoch 4: 323/634 Loss: 0.160852
2023-01-04 05:17: Train Epoch 4: 327/634 Loss: 0.166775
2023-01-04 05:17: Train Epoch 4: 331/634 Loss: 0.190419
2023-01-04 05:18: Train Epoch 4: 335/634 Loss: 0.221329
2023-01-04 05:18: Train Epoch 4: 339/634 Loss: 0.162402
2023-01-04 05:19: Train Epoch 4: 343/634 Loss: 0.180072
2023-01-04 05:19: Train Epoch 4: 347/634 Loss: 0.203580
2023-01-04 05:20: Train Epoch 4: 351/634 Loss: 0.191628
2023-01-04 05:20: Train Epoch 4: 355/634 Loss: 0.215907
2023-01-04 05:21: Train Epoch 4: 359/634 Loss: 0.189531
2023-01-04 05:21: Train Epoch 4: 363/634 Loss: 0.186252
2023-01-04 05:22: Train Epoch 4: 367/634 Loss: 0.170788
2023-01-04 05:22: Train Epoch 4: 371/634 Loss: 0.184737
2023-01-04 05:23: Train Epoch 4: 375/634 Loss: 0.181053
2023-01-04 05:23: Train Epoch 4: 379/634 Loss: 0.209776
2023-01-04 05:24: Train Epoch 4: 383/634 Loss: 0.191823
2023-01-04 05:24: Train Epoch 4: 387/634 Loss: 0.219443
2023-01-04 05:24: Train Epoch 4: 391/634 Loss: 0.204961
2023-01-04 05:25: Train Epoch 4: 395/634 Loss: 0.186375
2023-01-04 05:25: Train Epoch 4: 399/634 Loss: 0.179403
2023-01-04 05:26: Train Epoch 4: 403/634 Loss: 0.226019
2023-01-04 05:26: Train Epoch 4: 407/634 Loss: 0.178227
2023-01-04 05:27: Train Epoch 4: 411/634 Loss: 0.196077
2023-01-04 05:27: Train Epoch 4: 415/634 Loss: 0.164874
2023-01-04 05:28: Train Epoch 4: 419/634 Loss: 0.208144
2023-01-04 05:28: Train Epoch 4: 423/634 Loss: 0.199558
2023-01-04 05:29: Train Epoch 4: 427/634 Loss: 0.184647
2023-01-04 05:29: Train Epoch 4: 431/634 Loss: 0.183485
2023-01-04 05:30: Train Epoch 4: 435/634 Loss: 0.190284
2023-01-04 05:30: Train Epoch 4: 439/634 Loss: 0.174686
2023-01-04 05:31: Train Epoch 4: 443/634 Loss: 0.179094
2023-01-04 05:31: Train Epoch 4: 447/634 Loss: 0.166965
2023-01-04 05:32: Train Epoch 4: 451/634 Loss: 0.194098
2023-01-04 05:32: Train Epoch 4: 455/634 Loss: 0.176522
2023-01-04 05:33: Train Epoch 4: 459/634 Loss: 0.193747
2023-01-04 05:33: Train Epoch 4: 463/634 Loss: 0.206374
2023-01-04 05:34: Train Epoch 4: 467/634 Loss: 0.178124
2023-01-04 05:34: Train Epoch 4: 471/634 Loss: 0.148168
2023-01-04 05:35: Train Epoch 4: 475/634 Loss: 0.176107
2023-01-04 05:35: Train Epoch 4: 479/634 Loss: 0.163791
2023-01-04 05:36: Train Epoch 4: 483/634 Loss: 0.192225
2023-01-04 05:36: Train Epoch 4: 487/634 Loss: 0.204849
2023-01-04 05:36: Train Epoch 4: 491/634 Loss: 0.174840
2023-01-04 05:37: Train Epoch 4: 495/634 Loss: 0.158848
2023-01-04 05:37: Train Epoch 4: 499/634 Loss: 0.181949
2023-01-04 05:38: Train Epoch 4: 503/634 Loss: 0.200057
2023-01-04 05:38: Train Epoch 4: 507/634 Loss: 0.188357
2023-01-04 05:39: Train Epoch 4: 511/634 Loss: 0.218244
2023-01-04 05:39: Train Epoch 4: 515/634 Loss: 0.203075
2023-01-04 05:40: Train Epoch 4: 519/634 Loss: 0.175877
2023-01-04 05:40: Train Epoch 4: 523/634 Loss: 0.165330
2023-01-04 05:41: Train Epoch 4: 527/634 Loss: 0.185288
2023-01-04 05:41: Train Epoch 4: 531/634 Loss: 0.177001
2023-01-04 05:42: Train Epoch 4: 535/634 Loss: 0.217941
2023-01-04 05:42: Train Epoch 4: 539/634 Loss: 0.191114
2023-01-04 05:43: Train Epoch 4: 543/634 Loss: 0.176914
2023-01-04 05:43: Train Epoch 4: 547/634 Loss: 0.189453
2023-01-04 05:44: Train Epoch 4: 551/634 Loss: 0.194386
2023-01-04 05:44: Train Epoch 4: 555/634 Loss: 0.136867
2023-01-04 05:45: Train Epoch 4: 559/634 Loss: 0.191183
2023-01-04 05:45: Train Epoch 4: 563/634 Loss: 0.185536
2023-01-04 05:45: Train Epoch 4: 567/634 Loss: 0.156334
2023-01-04 05:46: Train Epoch 4: 571/634 Loss: 0.171394
2023-01-04 05:46: Train Epoch 4: 575/634 Loss: 0.226963
2023-01-04 05:47: Train Epoch 4: 579/634 Loss: 0.187467
2023-01-04 05:47: Train Epoch 4: 583/634 Loss: 0.193494
2023-01-04 05:48: Train Epoch 4: 587/634 Loss: 0.205790
2023-01-04 05:48: Train Epoch 4: 591/634 Loss: 0.215354
2023-01-04 05:49: Train Epoch 4: 595/634 Loss: 0.171215
2023-01-04 05:49: Train Epoch 4: 599/634 Loss: 0.183628
2023-01-04 05:50: Train Epoch 4: 603/634 Loss: 0.153579
2023-01-04 05:50: Train Epoch 4: 607/634 Loss: 0.174603
2023-01-04 05:51: Train Epoch 4: 611/634 Loss: 0.168134
2023-01-04 05:51: Train Epoch 4: 615/634 Loss: 0.189304
2023-01-04 05:52: Train Epoch 4: 619/634 Loss: 0.185331
2023-01-04 05:52: Train Epoch 4: 623/634 Loss: 0.164473
2023-01-04 05:53: Train Epoch 4: 627/634 Loss: 0.161617
2023-01-04 05:53: Train Epoch 4: 631/634 Loss: 0.177591
2023-01-04 05:53: Train Epoch 4: 633/634 Loss: 0.085312
2023-01-04 05:53: **********Train Epoch 4: averaged Loss: 0.185613 
2023-01-04 05:53: 
Epoch time elapsed: 4559.031282424927

2023-01-04 05:56: 
 metrics validation: {'precision': 0.8318181818181818, 'recall': 0.7038461538461539, 'f1-score': 0.7625000000000001, 'support': 1300, 'AUC': 0.9126943786982249, 'AUCPR': 0.8526650712880084, 'TP': 915, 'FP': 185, 'TN': 2415, 'FN': 385} 

2023-01-04 05:56: **********Val Epoch 4: average Loss: 0.169178
2023-01-04 05:56: *********************************Current best model saved!
2023-01-04 05:58: 
 Testing metrics {'precision': 0.8605150214592274, 'recall': 0.6530944625407166, 'f1-score': 0.7425925925925926, 'support': 1228, 'AUC': 0.9081356300862609, 'AUCPR': 0.856473498617294, 'TP': 802, 'FP': 130, 'TN': 2326, 'FN': 426} 

2023-01-04 06:05: 
 Testing metrics {'precision': 0.9182870370370371, 'recall': 0.9001588382119355, 'f1-score': 0.9091325770596999, 'support': 4407, 'AUC': 0.9776022880446453, 'AUCPR': 0.9596674833822337, 'TP': 3967, 'FP': 353, 'TN': 8461, 'FN': 440} 

2023-01-04 06:06: Train Epoch 5: 3/634 Loss: 0.161543
2023-01-04 06:06: Train Epoch 5: 7/634 Loss: 0.160010
2023-01-04 06:07: Train Epoch 5: 11/634 Loss: 0.163679
2023-01-04 06:07: Train Epoch 5: 15/634 Loss: 0.193597
2023-01-04 06:08: Train Epoch 5: 19/634 Loss: 0.188795
2023-01-04 06:08: Train Epoch 5: 23/634 Loss: 0.188555
2023-01-04 06:09: Train Epoch 5: 27/634 Loss: 0.199326
2023-01-04 06:09: Train Epoch 5: 31/634 Loss: 0.155322
2023-01-04 06:10: Train Epoch 5: 35/634 Loss: 0.168835
2023-01-04 06:10: Train Epoch 5: 39/634 Loss: 0.163478
2023-01-04 06:11: Train Epoch 5: 43/634 Loss: 0.208407
2023-01-04 06:11: Train Epoch 5: 47/634 Loss: 0.143921
2023-01-04 06:11: Train Epoch 5: 51/634 Loss: 0.188933
2023-01-04 06:12: Train Epoch 5: 55/634 Loss: 0.177919
2023-01-04 06:12: Train Epoch 5: 59/634 Loss: 0.190082
2023-01-04 06:13: Train Epoch 5: 63/634 Loss: 0.181261
2023-01-04 06:13: Train Epoch 5: 67/634 Loss: 0.140924
2023-01-04 06:14: Train Epoch 5: 71/634 Loss: 0.166454
2023-01-04 06:14: Train Epoch 5: 75/634 Loss: 0.179732
2023-01-04 06:15: Train Epoch 5: 79/634 Loss: 0.158537
2023-01-04 06:15: Train Epoch 5: 83/634 Loss: 0.200338
2023-01-04 06:16: Train Epoch 5: 87/634 Loss: 0.156597
2023-01-04 06:16: Train Epoch 5: 91/634 Loss: 0.175787
2023-01-04 06:17: Train Epoch 5: 95/634 Loss: 0.157537
2023-01-04 06:17: Train Epoch 5: 99/634 Loss: 0.180533
2023-01-04 06:18: Train Epoch 5: 103/634 Loss: 0.163440
2023-01-04 06:18: Train Epoch 5: 107/634 Loss: 0.188728
2023-01-04 06:18: Train Epoch 5: 111/634 Loss: 0.189015
2023-01-04 06:19: Train Epoch 5: 115/634 Loss: 0.192209
2023-01-04 06:19: Train Epoch 5: 119/634 Loss: 0.176298
2023-01-04 06:20: Train Epoch 5: 123/634 Loss: 0.182238
2023-01-04 06:20: Train Epoch 5: 127/634 Loss: 0.169609
2023-01-04 06:21: Train Epoch 5: 131/634 Loss: 0.163852
2023-01-04 06:21: Train Epoch 5: 135/634 Loss: 0.178611
2023-01-04 06:22: Train Epoch 5: 139/634 Loss: 0.193451
2023-01-04 06:22: Train Epoch 5: 143/634 Loss: 0.197806
2023-01-04 06:23: Train Epoch 5: 147/634 Loss: 0.172695
2023-01-04 06:23: Train Epoch 5: 151/634 Loss: 0.157919
2023-01-04 06:24: Train Epoch 5: 155/634 Loss: 0.165558
2023-01-04 06:24: Train Epoch 5: 159/634 Loss: 0.181679
2023-01-04 06:25: Train Epoch 5: 163/634 Loss: 0.188390
2023-01-04 06:25: Train Epoch 5: 167/634 Loss: 0.156096
2023-01-04 06:26: Train Epoch 5: 171/634 Loss: 0.143144
2023-01-04 06:26: Train Epoch 5: 175/634 Loss: 0.170780
2023-01-04 06:27: Train Epoch 5: 179/634 Loss: 0.201388
2023-01-04 06:27: Train Epoch 5: 183/634 Loss: 0.157661
2023-01-04 06:27: Train Epoch 5: 187/634 Loss: 0.184465
2023-01-04 06:28: Train Epoch 5: 191/634 Loss: 0.151723
2023-01-04 06:28: Train Epoch 5: 195/634 Loss: 0.168631
2023-01-04 06:29: Train Epoch 5: 199/634 Loss: 0.168516
2023-01-04 06:29: Train Epoch 5: 203/634 Loss: 0.197714
2023-01-04 06:30: Train Epoch 5: 207/634 Loss: 0.144229
2023-01-04 06:30: Train Epoch 5: 211/634 Loss: 0.154382
2023-01-04 06:31: Train Epoch 5: 215/634 Loss: 0.174131
2023-01-04 06:31: Train Epoch 5: 219/634 Loss: 0.184503
2023-01-04 06:32: Train Epoch 5: 223/634 Loss: 0.179841
2023-01-04 06:32: Train Epoch 5: 227/634 Loss: 0.210664
2023-01-04 06:33: Train Epoch 5: 231/634 Loss: 0.168886
2023-01-04 06:33: Train Epoch 5: 235/634 Loss: 0.197918
2023-01-04 06:34: Train Epoch 5: 239/634 Loss: 0.188825
2023-01-04 06:34: Train Epoch 5: 243/634 Loss: 0.158591
2023-01-04 06:35: Train Epoch 5: 247/634 Loss: 0.172236
2023-01-04 06:35: Train Epoch 5: 251/634 Loss: 0.158836
2023-01-04 06:36: Train Epoch 5: 255/634 Loss: 0.163562
2023-01-04 06:36: Train Epoch 5: 259/634 Loss: 0.189024
2023-01-04 06:37: Train Epoch 5: 263/634 Loss: 0.159062
2023-01-04 06:37: Train Epoch 5: 267/634 Loss: 0.157117
2023-01-04 06:38: Train Epoch 5: 271/634 Loss: 0.147890
2023-01-04 06:38: Train Epoch 5: 275/634 Loss: 0.174381
2023-01-04 06:39: Train Epoch 5: 279/634 Loss: 0.176696
2023-01-04 06:39: Train Epoch 5: 283/634 Loss: 0.140417
2023-01-04 06:40: Train Epoch 5: 287/634 Loss: 0.169784
2023-01-04 06:40: Train Epoch 5: 291/634 Loss: 0.174497
2023-01-04 06:41: Train Epoch 5: 295/634 Loss: 0.166926
2023-01-04 06:41: Train Epoch 5: 299/634 Loss: 0.151025
2023-01-04 06:42: Train Epoch 5: 303/634 Loss: 0.171915
2023-01-04 06:42: Train Epoch 5: 307/634 Loss: 0.160668
2023-01-04 06:42: Train Epoch 5: 311/634 Loss: 0.163182
2023-01-04 06:43: Train Epoch 5: 315/634 Loss: 0.193299
2023-01-04 06:43: Train Epoch 5: 319/634 Loss: 0.182221
2023-01-04 06:44: Train Epoch 5: 323/634 Loss: 0.162351
2023-01-04 06:44: Train Epoch 5: 327/634 Loss: 0.142902
2023-01-04 06:45: Train Epoch 5: 331/634 Loss: 0.175624
2023-01-04 06:45: Train Epoch 5: 335/634 Loss: 0.152075
2023-01-04 06:46: Train Epoch 5: 339/634 Loss: 0.195262
2023-01-04 06:46: Train Epoch 5: 343/634 Loss: 0.149787
2023-01-04 06:47: Train Epoch 5: 347/634 Loss: 0.159589
2023-01-04 06:47: Train Epoch 5: 351/634 Loss: 0.182106
2023-01-04 06:48: Train Epoch 5: 355/634 Loss: 0.160739
2023-01-04 06:48: Train Epoch 5: 359/634 Loss: 0.156728
2023-01-04 06:49: Train Epoch 5: 363/634 Loss: 0.176275
2023-01-04 06:49: Train Epoch 5: 367/634 Loss: 0.176025
2023-01-04 06:50: Train Epoch 5: 371/634 Loss: 0.150254
2023-01-04 06:50: Train Epoch 5: 375/634 Loss: 0.177185
2023-01-04 06:51: Train Epoch 5: 379/634 Loss: 0.175934
2023-01-04 06:51: Train Epoch 5: 383/634 Loss: 0.160630
2023-01-04 06:52: Train Epoch 5: 387/634 Loss: 0.186494
2023-01-04 06:52: Train Epoch 5: 391/634 Loss: 0.160547
2023-01-04 06:53: Train Epoch 5: 395/634 Loss: 0.152024
2023-01-04 06:53: Train Epoch 5: 399/634 Loss: 0.196241
2023-01-04 06:54: Train Epoch 5: 403/634 Loss: 0.187394
2023-01-04 06:54: Train Epoch 5: 407/634 Loss: 0.191751
2023-01-04 06:54: Train Epoch 5: 411/634 Loss: 0.178297
2023-01-04 06:55: Train Epoch 5: 415/634 Loss: 0.167215
2023-01-04 06:55: Train Epoch 5: 419/634 Loss: 0.173566
2023-01-04 06:56: Train Epoch 5: 423/634 Loss: 0.172395
2023-01-04 06:56: Train Epoch 5: 427/634 Loss: 0.200119
2023-01-04 06:57: Train Epoch 5: 431/634 Loss: 0.169224
2023-01-04 06:57: Train Epoch 5: 435/634 Loss: 0.169183
2023-01-04 06:58: Train Epoch 5: 439/634 Loss: 0.192433
2023-01-04 06:58: Train Epoch 5: 443/634 Loss: 0.154471
2023-01-04 06:59: Train Epoch 5: 447/634 Loss: 0.207811
2023-01-04 06:59: Train Epoch 5: 451/634 Loss: 0.194487
2023-01-04 07:00: Train Epoch 5: 455/634 Loss: 0.161381
2023-01-04 07:00: Train Epoch 5: 459/634 Loss: 0.188934
2023-01-04 07:01: Train Epoch 5: 463/634 Loss: 0.185038
2023-01-04 07:01: Train Epoch 5: 467/634 Loss: 0.172647
2023-01-04 07:02: Train Epoch 5: 471/634 Loss: 0.161056
2023-01-04 07:02: Train Epoch 5: 475/634 Loss: 0.160797
2023-01-04 07:03: Train Epoch 5: 479/634 Loss: 0.176003
2023-01-04 07:03: Train Epoch 5: 483/634 Loss: 0.154472
2023-01-04 07:04: Train Epoch 5: 487/634 Loss: 0.194533
2023-01-04 07:04: Train Epoch 5: 491/634 Loss: 0.173121
2023-01-04 07:05: Train Epoch 5: 495/634 Loss: 0.144009
2023-01-04 07:05: Train Epoch 5: 499/634 Loss: 0.141902
2023-01-04 07:05: Train Epoch 5: 503/634 Loss: 0.153778
2023-01-04 07:06: Train Epoch 5: 507/634 Loss: 0.173521
2023-01-04 07:06: Train Epoch 5: 511/634 Loss: 0.141501
2023-01-04 07:07: Train Epoch 5: 515/634 Loss: 0.167758
2023-01-04 07:07: Train Epoch 5: 519/634 Loss: 0.169023
2023-01-04 07:08: Train Epoch 5: 523/634 Loss: 0.152382
2023-01-04 07:08: Train Epoch 5: 527/634 Loss: 0.189891
2023-01-04 07:09: Train Epoch 5: 531/634 Loss: 0.189794
2023-01-04 07:09: Train Epoch 5: 535/634 Loss: 0.174286
2023-01-04 07:10: Train Epoch 5: 539/634 Loss: 0.152629
2023-01-04 07:10: Train Epoch 5: 543/634 Loss: 0.172694
2023-01-04 07:11: Train Epoch 5: 547/634 Loss: 0.149353
2023-01-04 07:11: Train Epoch 5: 551/634 Loss: 0.179450
2023-01-04 07:12: Train Epoch 5: 555/634 Loss: 0.168451
2023-01-04 07:12: Train Epoch 5: 559/634 Loss: 0.199092
2023-01-04 07:13: Train Epoch 5: 563/634 Loss: 0.160454
2023-01-04 07:13: Train Epoch 5: 567/634 Loss: 0.170999
2023-01-04 07:14: Train Epoch 5: 571/634 Loss: 0.137631
2023-01-04 07:14: Train Epoch 5: 575/634 Loss: 0.168583
2023-01-04 07:15: Train Epoch 5: 579/634 Loss: 0.150429
2023-01-04 07:15: Train Epoch 5: 583/634 Loss: 0.165626
2023-01-04 07:16: Train Epoch 5: 587/634 Loss: 0.185206
2023-01-04 07:16: Train Epoch 5: 591/634 Loss: 0.156887
2023-01-04 07:16: Train Epoch 5: 595/634 Loss: 0.183800
2023-01-04 07:17: Train Epoch 5: 599/634 Loss: 0.163314
2023-01-04 07:17: Train Epoch 5: 603/634 Loss: 0.162331
2023-01-04 07:18: Train Epoch 5: 607/634 Loss: 0.189496
2023-01-04 07:18: Train Epoch 5: 611/634 Loss: 0.161789
2023-01-04 07:19: Train Epoch 5: 615/634 Loss: 0.209291
2023-01-04 07:19: Train Epoch 5: 619/634 Loss: 0.141875
2023-01-04 07:20: Train Epoch 5: 623/634 Loss: 0.152065
2023-01-04 07:20: Train Epoch 5: 627/634 Loss: 0.159845
2023-01-04 07:21: Train Epoch 5: 631/634 Loss: 0.208154
2023-01-04 07:21: Train Epoch 5: 633/634 Loss: 0.104728
2023-01-04 07:21: **********Train Epoch 5: averaged Loss: 0.171280 
2023-01-04 07:21: 
Epoch time elapsed: 4551.093793153763

2023-01-04 07:23: 
 metrics validation: {'precision': 0.8271276595744681, 'recall': 0.7176923076923077, 'f1-score': 0.7685337726523889, 'support': 1300, 'AUC': 0.9267301775147929, 'AUCPR': 0.874189999336134, 'TP': 933, 'FP': 195, 'TN': 2405, 'FN': 367} 

2023-01-04 07:23: **********Val Epoch 5: average Loss: 0.154492
2023-01-04 07:23: *********************************Current best model saved!
2023-01-04 07:25: 
 Testing metrics {'precision': 0.847265221878225, 'recall': 0.6685667752442996, 'f1-score': 0.7473827947200729, 'support': 1228, 'AUC': 0.9162106494498615, 'AUCPR': 0.8683694862702187, 'TP': 821, 'FP': 148, 'TN': 2308, 'FN': 407} 

2023-01-04 07:33: 
 Testing metrics {'precision': 0.9111969111969112, 'recall': 0.9103698661220785, 'f1-score': 0.910783200908059, 'support': 4407, 'AUC': 0.9800534702279915, 'AUCPR': 0.9666869648879975, 'TP': 4012, 'FP': 391, 'TN': 8423, 'FN': 395} 

2023-01-04 07:33: Train Epoch 6: 3/634 Loss: 0.186089
2023-01-04 07:34: Train Epoch 6: 7/634 Loss: 0.169364
2023-01-04 07:34: Train Epoch 6: 11/634 Loss: 0.186677
2023-01-04 07:35: Train Epoch 6: 15/634 Loss: 0.158345
2023-01-04 07:35: Train Epoch 6: 19/634 Loss: 0.151722
2023-01-04 07:36: Train Epoch 6: 23/634 Loss: 0.180489
2023-01-04 07:36: Train Epoch 6: 27/634 Loss: 0.165335
2023-01-04 07:37: Train Epoch 6: 31/634 Loss: 0.164552
2023-01-04 07:37: Train Epoch 6: 35/634 Loss: 0.156627
2023-01-04 07:38: Train Epoch 6: 39/634 Loss: 0.169331
2023-01-04 07:38: Train Epoch 6: 43/634 Loss: 0.165330
2023-01-04 07:39: Train Epoch 6: 47/634 Loss: 0.172639
2023-01-04 07:39: Train Epoch 6: 51/634 Loss: 0.183352
2023-01-04 07:39: Train Epoch 6: 55/634 Loss: 0.164976
2023-01-04 07:40: Train Epoch 6: 59/634 Loss: 0.188631
2023-01-04 07:40: Train Epoch 6: 63/634 Loss: 0.158042
2023-01-04 07:41: Train Epoch 6: 67/634 Loss: 0.139476
2023-01-04 07:41: Train Epoch 6: 71/634 Loss: 0.172713
2023-01-04 07:42: Train Epoch 6: 75/634 Loss: 0.184430
2023-01-04 07:42: Train Epoch 6: 79/634 Loss: 0.187227
2023-01-04 07:43: Train Epoch 6: 83/634 Loss: 0.163210
2023-01-04 07:43: Train Epoch 6: 87/634 Loss: 0.190676
2023-01-04 07:44: Train Epoch 6: 91/634 Loss: 0.154438
2023-01-04 07:44: Train Epoch 6: 95/634 Loss: 0.168250
2023-01-04 07:45: Train Epoch 6: 99/634 Loss: 0.171181
2023-01-04 07:45: Train Epoch 6: 103/634 Loss: 0.164397
2023-01-04 07:46: Train Epoch 6: 107/634 Loss: 0.168153
2023-01-04 07:46: Train Epoch 6: 111/634 Loss: 0.153665
2023-01-04 07:47: Train Epoch 6: 115/634 Loss: 0.151741
2023-01-04 07:47: Train Epoch 6: 119/634 Loss: 0.148168
2023-01-04 07:48: Train Epoch 6: 123/634 Loss: 0.165592
2023-01-04 07:48: Train Epoch 6: 127/634 Loss: 0.219682
2023-01-04 07:48: Train Epoch 6: 131/634 Loss: 0.173427
2023-01-04 07:49: Train Epoch 6: 135/634 Loss: 0.210287
2023-01-04 07:49: Train Epoch 6: 139/634 Loss: 0.172411
2023-01-04 07:50: Train Epoch 6: 143/634 Loss: 0.163912
2023-01-04 07:50: Train Epoch 6: 147/634 Loss: 0.181232
2023-01-04 07:51: Train Epoch 6: 151/634 Loss: 0.173766
2023-01-04 07:51: Train Epoch 6: 155/634 Loss: 0.192085
2023-01-04 07:52: Train Epoch 6: 159/634 Loss: 0.165404
2023-01-04 07:52: Train Epoch 6: 163/634 Loss: 0.156575
2023-01-04 07:53: Train Epoch 6: 167/634 Loss: 0.177470
2023-01-04 07:53: Train Epoch 6: 171/634 Loss: 0.176429
2023-01-04 07:54: Train Epoch 6: 175/634 Loss: 0.171081
2023-01-04 07:54: Train Epoch 6: 179/634 Loss: 0.168056
2023-01-04 07:55: Train Epoch 6: 183/634 Loss: 0.153166
2023-01-04 07:55: Train Epoch 6: 187/634 Loss: 0.174807
2023-01-04 07:56: Train Epoch 6: 191/634 Loss: 0.201190
2023-01-04 07:56: Train Epoch 6: 195/634 Loss: 0.144805
2023-01-04 07:56: Train Epoch 6: 199/634 Loss: 0.163792
2023-01-04 07:57: Train Epoch 6: 203/634 Loss: 0.159111
2023-01-04 07:57: Train Epoch 6: 207/634 Loss: 0.180685
2023-01-04 07:58: Train Epoch 6: 211/634 Loss: 0.151159
2023-01-04 07:58: Train Epoch 6: 215/634 Loss: 0.160546
2023-01-04 07:59: Train Epoch 6: 219/634 Loss: 0.158729
2023-01-04 07:59: Train Epoch 6: 223/634 Loss: 0.159623
2023-01-04 08:00: Train Epoch 6: 227/634 Loss: 0.170419
2023-01-04 08:00: Train Epoch 6: 231/634 Loss: 0.187327
2023-01-04 08:01: Train Epoch 6: 235/634 Loss: 0.176010
2023-01-04 08:01: Train Epoch 6: 239/634 Loss: 0.153045
2023-01-04 08:02: Train Epoch 6: 243/634 Loss: 0.162444
2023-01-04 08:02: Train Epoch 6: 247/634 Loss: 0.203363
2023-01-04 08:03: Train Epoch 6: 251/634 Loss: 0.201482
2023-01-04 08:03: Train Epoch 6: 255/634 Loss: 0.162574
2023-01-04 08:04: Train Epoch 6: 259/634 Loss: 0.164436
2023-01-04 08:04: Train Epoch 6: 263/634 Loss: 0.171469
2023-01-04 08:05: Train Epoch 6: 267/634 Loss: 0.163746
2023-01-04 08:05: Train Epoch 6: 271/634 Loss: 0.169438
2023-01-04 08:06: Train Epoch 6: 275/634 Loss: 0.147961
2023-01-04 08:06: Train Epoch 6: 279/634 Loss: 0.168427
2023-01-04 08:06: Train Epoch 6: 283/634 Loss: 0.175829
2023-01-04 08:07: Train Epoch 6: 287/634 Loss: 0.141772
2023-01-04 08:07: Train Epoch 6: 291/634 Loss: 0.131925
2023-01-04 08:08: Train Epoch 6: 295/634 Loss: 0.155649
2023-01-04 08:08: Train Epoch 6: 299/634 Loss: 0.164942
2023-01-04 08:09: Train Epoch 6: 303/634 Loss: 0.147034
2023-01-04 08:09: Train Epoch 6: 307/634 Loss: 0.166497
2023-01-04 08:10: Train Epoch 6: 311/634 Loss: 0.151426
2023-01-04 08:10: Train Epoch 6: 315/634 Loss: 0.166709
2023-01-04 08:11: Train Epoch 6: 319/634 Loss: 0.143399
2023-01-04 08:11: Train Epoch 6: 323/634 Loss: 0.156081
2023-01-04 08:12: Train Epoch 6: 327/634 Loss: 0.161841
2023-01-04 08:12: Train Epoch 6: 331/634 Loss: 0.185968
2023-01-04 08:13: Train Epoch 6: 335/634 Loss: 0.152337
2023-01-04 08:13: Train Epoch 6: 339/634 Loss: 0.155547
2023-01-04 08:13: Train Epoch 6: 343/634 Loss: 0.161113
2023-01-04 08:14: Train Epoch 6: 347/634 Loss: 0.147384
2023-01-04 08:14: Train Epoch 6: 351/634 Loss: 0.194158
2023-01-04 08:15: Train Epoch 6: 355/634 Loss: 0.149250
2023-01-04 08:15: Train Epoch 6: 359/634 Loss: 0.154554
2023-01-04 08:16: Train Epoch 6: 363/634 Loss: 0.172974
2023-01-04 08:16: Train Epoch 6: 367/634 Loss: 0.158850
2023-01-04 08:17: Train Epoch 6: 371/634 Loss: 0.136397
2023-01-04 08:17: Train Epoch 6: 375/634 Loss: 0.145619
2023-01-04 08:18: Train Epoch 6: 379/634 Loss: 0.195489
2023-01-04 08:18: Train Epoch 6: 383/634 Loss: 0.187453
2023-01-04 08:19: Train Epoch 6: 387/634 Loss: 0.143113
2023-01-04 08:19: Train Epoch 6: 391/634 Loss: 0.146168
2023-01-04 08:20: Train Epoch 6: 395/634 Loss: 0.193057
2023-01-04 08:20: Train Epoch 6: 399/634 Loss: 0.196629
2023-01-04 08:21: Train Epoch 6: 403/634 Loss: 0.170390
2023-01-04 08:21: Train Epoch 6: 407/634 Loss: 0.172696
2023-01-04 08:22: Train Epoch 6: 411/634 Loss: 0.173315
2023-01-04 08:22: Train Epoch 6: 415/634 Loss: 0.160466
2023-01-04 08:22: Train Epoch 6: 419/634 Loss: 0.198929
2023-01-04 08:23: Train Epoch 6: 423/634 Loss: 0.177872
2023-01-04 08:23: Train Epoch 6: 427/634 Loss: 0.189034
2023-01-04 08:24: Train Epoch 6: 431/634 Loss: 0.204042
2023-01-04 08:24: Train Epoch 6: 435/634 Loss: 0.152905
2023-01-04 08:25: Train Epoch 6: 439/634 Loss: 0.182194
2023-01-04 08:25: Train Epoch 6: 443/634 Loss: 0.166265
2023-01-04 08:26: Train Epoch 6: 447/634 Loss: 0.188451
2023-01-04 08:26: Train Epoch 6: 451/634 Loss: 0.157249
2023-01-04 08:27: Train Epoch 6: 455/634 Loss: 0.175697
2023-01-04 08:27: Train Epoch 6: 459/634 Loss: 0.180857
2023-01-04 08:28: Train Epoch 6: 463/634 Loss: 0.161097
2023-01-04 08:28: Train Epoch 6: 467/634 Loss: 0.186674
2023-01-04 08:29: Train Epoch 6: 471/634 Loss: 0.175770
2023-01-04 08:29: Train Epoch 6: 475/634 Loss: 0.170377
2023-01-04 08:30: Train Epoch 6: 479/634 Loss: 0.180303
2023-01-04 08:30: Train Epoch 6: 483/634 Loss: 0.158883
2023-01-04 08:30: Train Epoch 6: 487/634 Loss: 0.169547
2023-01-04 08:31: Train Epoch 6: 491/634 Loss: 0.170971
2023-01-04 08:31: Train Epoch 6: 495/634 Loss: 0.158681
2023-01-04 08:32: Train Epoch 6: 499/634 Loss: 0.188711
2023-01-04 08:32: Train Epoch 6: 503/634 Loss: 0.179427
2023-01-04 08:33: Train Epoch 6: 507/634 Loss: 0.175892
2023-01-04 08:33: Train Epoch 6: 511/634 Loss: 0.183314
2023-01-04 08:34: Train Epoch 6: 515/634 Loss: 0.159292
2023-01-04 08:34: Train Epoch 6: 519/634 Loss: 0.160529
2023-01-04 08:35: Train Epoch 6: 523/634 Loss: 0.180239
2023-01-04 08:35: Train Epoch 6: 527/634 Loss: 0.161911
2023-01-04 08:36: Train Epoch 6: 531/634 Loss: 0.147249
2023-01-04 08:36: Train Epoch 6: 535/634 Loss: 0.154065
2023-01-04 08:37: Train Epoch 6: 539/634 Loss: 0.157695
2023-01-04 08:37: Train Epoch 6: 543/634 Loss: 0.177496
2023-01-04 08:38: Train Epoch 6: 547/634 Loss: 0.154156
2023-01-04 08:38: Train Epoch 6: 551/634 Loss: 0.132547
2023-01-04 08:39: Train Epoch 6: 555/634 Loss: 0.141495
2023-01-04 08:39: Train Epoch 6: 559/634 Loss: 0.153954
2023-01-04 08:39: Train Epoch 6: 563/634 Loss: 0.177007
2023-01-04 08:40: Train Epoch 6: 567/634 Loss: 0.143918
2023-01-04 08:40: Train Epoch 6: 571/634 Loss: 0.162356
2023-01-04 08:41: Train Epoch 6: 575/634 Loss: 0.175799
2023-01-04 08:41: Train Epoch 6: 579/634 Loss: 0.160597
2023-01-04 08:42: Train Epoch 6: 583/634 Loss: 0.173146
2023-01-04 08:42: Train Epoch 6: 587/634 Loss: 0.157874
2023-01-04 08:43: Train Epoch 6: 591/634 Loss: 0.187730
2023-01-04 08:43: Train Epoch 6: 595/634 Loss: 0.138675
2023-01-04 08:44: Train Epoch 6: 599/634 Loss: 0.163881
2023-01-04 08:44: Train Epoch 6: 603/634 Loss: 0.140359
2023-01-04 08:45: Train Epoch 6: 607/634 Loss: 0.150212
2023-01-04 08:45: Train Epoch 6: 611/634 Loss: 0.182913
2023-01-04 08:46: Train Epoch 6: 615/634 Loss: 0.147464
2023-01-04 08:46: Train Epoch 6: 619/634 Loss: 0.178430
2023-01-04 08:47: Train Epoch 6: 623/634 Loss: 0.187803
2023-01-04 08:47: Train Epoch 6: 627/634 Loss: 0.143114
2023-01-04 08:48: Train Epoch 6: 631/634 Loss: 0.182061
2023-01-04 08:48: Train Epoch 6: 633/634 Loss: 0.051892
2023-01-04 08:48: **********Train Epoch 6: averaged Loss: 0.166990 
2023-01-04 08:48: 
Epoch time elapsed: 4508.4993596076965

2023-01-04 08:50: 
 metrics validation: {'precision': 0.9127358490566038, 'recall': 0.5953846153846154, 'f1-score': 0.7206703910614526, 'support': 1300, 'AUC': 0.9322562130177514, 'AUCPR': 0.8807250306021878, 'TP': 774, 'FP': 74, 'TN': 2526, 'FN': 526} 

2023-01-04 08:50: **********Val Epoch 6: average Loss: 0.173043
2023-01-04 08:52: 
 Testing metrics {'precision': 0.847265221878225, 'recall': 0.6685667752442996, 'f1-score': 0.7473827947200729, 'support': 1228, 'AUC': 0.9162106494498615, 'AUCPR': 0.8683694862702187, 'TP': 821, 'FP': 148, 'TN': 2308, 'FN': 407} 

2023-01-04 08:59: 
 Testing metrics {'precision': 0.9111969111969112, 'recall': 0.9103698661220785, 'f1-score': 0.910783200908059, 'support': 4407, 'AUC': 0.9800534702279915, 'AUCPR': 0.9666869648879975, 'TP': 4012, 'FP': 391, 'TN': 8423, 'FN': 395} 

2023-01-04 09:00: Train Epoch 7: 3/634 Loss: 0.162908
2023-01-04 09:01: Train Epoch 7: 7/634 Loss: 0.176890
2023-01-04 09:01: Train Epoch 7: 11/634 Loss: 0.163431
2023-01-04 09:02: Train Epoch 7: 15/634 Loss: 0.164162
2023-01-04 09:02: Train Epoch 7: 19/634 Loss: 0.167985
2023-01-04 09:03: Train Epoch 7: 23/634 Loss: 0.163419
2023-01-04 09:03: Train Epoch 7: 27/634 Loss: 0.178985
2023-01-04 09:04: Train Epoch 7: 31/634 Loss: 0.158055
2023-01-04 09:04: Train Epoch 7: 35/634 Loss: 0.156501
2023-01-04 09:05: Train Epoch 7: 39/634 Loss: 0.182755
2023-01-04 09:05: Train Epoch 7: 43/634 Loss: 0.178277
2023-01-04 09:05: Train Epoch 7: 47/634 Loss: 0.210193
2023-01-04 09:06: Train Epoch 7: 51/634 Loss: 0.172774
2023-01-04 09:06: Train Epoch 7: 55/634 Loss: 0.177871
2023-01-04 09:07: Train Epoch 7: 59/634 Loss: 0.180611
2023-01-04 09:07: Train Epoch 7: 63/634 Loss: 0.167728
2023-01-04 09:08: Train Epoch 7: 67/634 Loss: 0.185058
2023-01-04 09:08: Train Epoch 7: 71/634 Loss: 0.155083
2023-01-04 09:09: Train Epoch 7: 75/634 Loss: 0.178223
2023-01-04 09:09: Train Epoch 7: 79/634 Loss: 0.192133
2023-01-04 09:10: Train Epoch 7: 83/634 Loss: 0.160106
2023-01-04 09:10: Train Epoch 7: 87/634 Loss: 0.172732
2023-01-04 09:11: Train Epoch 7: 91/634 Loss: 0.171558
2023-01-04 09:11: Train Epoch 7: 95/634 Loss: 0.180302
2023-01-04 09:12: Train Epoch 7: 99/634 Loss: 0.186068
2023-01-04 09:12: Train Epoch 7: 103/634 Loss: 0.178844
2023-01-04 09:13: Train Epoch 7: 107/634 Loss: 0.196291
2023-01-04 09:13: Train Epoch 7: 111/634 Loss: 0.144140
2023-01-04 09:14: Train Epoch 7: 115/634 Loss: 0.179717
2023-01-04 09:14: Train Epoch 7: 119/634 Loss: 0.165840
2023-01-04 09:15: Train Epoch 7: 123/634 Loss: 0.176926
2023-01-04 09:15: Train Epoch 7: 127/634 Loss: 0.157757
2023-01-04 09:16: Train Epoch 7: 131/634 Loss: 0.163425
2023-01-04 09:16: Train Epoch 7: 135/634 Loss: 0.164293
2023-01-04 09:17: Train Epoch 7: 139/634 Loss: 0.171289
2023-01-04 09:17: Train Epoch 7: 143/634 Loss: 0.166612
2023-01-04 09:17: Train Epoch 7: 147/634 Loss: 0.189458
2023-01-04 09:18: Train Epoch 7: 151/634 Loss: 0.179533
2023-01-04 09:18: Train Epoch 7: 155/634 Loss: 0.173524
2023-01-04 09:19: Train Epoch 7: 159/634 Loss: 0.194738
2023-01-04 09:19: Train Epoch 7: 163/634 Loss: 0.171563
2023-01-04 09:20: Train Epoch 7: 167/634 Loss: 0.158222
2023-01-04 09:20: Train Epoch 7: 171/634 Loss: 0.195030
2023-01-04 09:21: Train Epoch 7: 175/634 Loss: 0.187618
2023-01-04 09:21: Train Epoch 7: 179/634 Loss: 0.168330
2023-01-04 09:22: Train Epoch 7: 183/634 Loss: 0.179261
2023-01-04 09:22: Train Epoch 7: 187/634 Loss: 0.175935
2023-01-04 09:23: Train Epoch 7: 191/634 Loss: 0.161576
2023-01-04 09:23: Train Epoch 7: 195/634 Loss: 0.179737
2023-01-04 09:24: Train Epoch 7: 199/634 Loss: 0.174702
2023-01-04 09:24: Train Epoch 7: 203/634 Loss: 0.159049
2023-01-04 09:25: Train Epoch 7: 207/634 Loss: 0.159403
2023-01-04 09:25: Train Epoch 7: 211/634 Loss: 0.152521
2023-01-04 09:26: Train Epoch 7: 215/634 Loss: 0.175287
2023-01-04 09:26: Train Epoch 7: 219/634 Loss: 0.183248
2023-01-04 09:26: Train Epoch 7: 223/634 Loss: 0.187207
2023-01-04 09:27: Train Epoch 7: 227/634 Loss: 0.191805
2023-01-04 09:27: Train Epoch 7: 231/634 Loss: 0.170833
2023-01-04 09:28: Train Epoch 7: 235/634 Loss: 0.163931
2023-01-04 09:28: Train Epoch 7: 239/634 Loss: 0.145291
2023-01-04 09:29: Train Epoch 7: 243/634 Loss: 0.156270
2023-01-04 09:29: Train Epoch 7: 247/634 Loss: 0.185882
2023-01-04 09:30: Train Epoch 7: 251/634 Loss: 0.159291
2023-01-04 09:30: Train Epoch 7: 255/634 Loss: 0.151943
2023-01-04 09:31: Train Epoch 7: 259/634 Loss: 0.213795
2023-01-04 09:31: Train Epoch 7: 263/634 Loss: 0.166890
2023-01-04 09:32: Train Epoch 7: 267/634 Loss: 0.156113
2023-01-04 09:32: Train Epoch 7: 271/634 Loss: 0.176698
2023-01-04 09:33: Train Epoch 7: 275/634 Loss: 0.196437
2023-01-04 09:33: Train Epoch 7: 279/634 Loss: 0.151487
2023-01-04 09:34: Train Epoch 7: 283/634 Loss: 0.165567
2023-01-04 09:34: Train Epoch 7: 287/634 Loss: 0.165239
2023-01-04 09:35: Train Epoch 7: 291/634 Loss: 0.181588
2023-01-04 09:35: Train Epoch 7: 295/634 Loss: 0.169230
2023-01-04 09:35: Train Epoch 7: 299/634 Loss: 0.178956
2023-01-04 09:36: Train Epoch 7: 303/634 Loss: 0.148232
2023-01-04 09:36: Train Epoch 7: 307/634 Loss: 0.148215
2023-01-04 09:37: Train Epoch 7: 311/634 Loss: 0.161548
2023-01-04 09:37: Train Epoch 7: 315/634 Loss: 0.166282
2023-01-04 09:38: Train Epoch 7: 319/634 Loss: 0.160520
2023-01-04 09:38: Train Epoch 7: 323/634 Loss: 0.174520
2023-01-04 09:39: Train Epoch 7: 327/634 Loss: 0.179261
2023-01-04 09:39: Train Epoch 7: 331/634 Loss: 0.150728
2023-01-04 09:40: Train Epoch 7: 335/634 Loss: 0.166139
2023-01-04 09:40: Train Epoch 7: 339/634 Loss: 0.160403
2023-01-04 09:41: Train Epoch 7: 343/634 Loss: 0.180632
2023-01-04 09:41: Train Epoch 7: 347/634 Loss: 0.168151
2023-01-04 09:42: Train Epoch 7: 351/634 Loss: 0.162621
2023-01-04 09:42: Train Epoch 7: 355/634 Loss: 0.173996
2023-01-04 09:43: Train Epoch 7: 359/634 Loss: 0.149658
2023-01-04 09:43: Train Epoch 7: 363/634 Loss: 0.172471
2023-01-04 09:43: Train Epoch 7: 367/634 Loss: 0.149414
2023-01-04 09:44: Train Epoch 7: 371/634 Loss: 0.178519
2023-01-04 09:44: Train Epoch 7: 375/634 Loss: 0.165838
2023-01-04 09:45: Train Epoch 7: 379/634 Loss: 0.187651
2023-01-04 09:45: Train Epoch 7: 383/634 Loss: 0.218915
2023-01-04 09:46: Train Epoch 7: 387/634 Loss: 0.185459
2023-01-04 09:46: Train Epoch 7: 391/634 Loss: 0.159164
2023-01-04 09:47: Train Epoch 7: 395/634 Loss: 0.208014
2023-01-04 09:47: Train Epoch 7: 399/634 Loss: 0.163562
2023-01-04 09:48: Train Epoch 7: 403/634 Loss: 0.152659
2023-01-04 09:48: Train Epoch 7: 407/634 Loss: 0.188230
2023-01-04 09:49: Train Epoch 7: 411/634 Loss: 0.162840
2023-01-04 09:49: Train Epoch 7: 415/634 Loss: 0.136798
2023-01-04 09:50: Train Epoch 7: 419/634 Loss: 0.167399
2023-01-04 09:50: Train Epoch 7: 423/634 Loss: 0.175485
2023-01-04 09:51: Train Epoch 7: 427/634 Loss: 0.155956
2023-01-04 09:51: Train Epoch 7: 431/634 Loss: 0.140209
2023-01-04 09:51: Train Epoch 7: 435/634 Loss: 0.169594
2023-01-04 09:52: Train Epoch 7: 439/634 Loss: 0.197975
2023-01-04 09:52: Train Epoch 7: 443/634 Loss: 0.157288
2023-01-04 09:53: Train Epoch 7: 447/634 Loss: 0.172370
2023-01-04 09:53: Train Epoch 7: 451/634 Loss: 0.177821
2023-01-04 09:54: Train Epoch 7: 455/634 Loss: 0.151212
2023-01-04 09:54: Train Epoch 7: 459/634 Loss: 0.173581
2023-01-04 09:55: Train Epoch 7: 463/634 Loss: 0.162498
2023-01-04 09:55: Train Epoch 7: 467/634 Loss: 0.174884
2023-01-04 09:56: Train Epoch 7: 471/634 Loss: 0.203173
2023-01-04 09:56: Train Epoch 7: 475/634 Loss: 0.172897
2023-01-04 09:57: Train Epoch 7: 479/634 Loss: 0.202393
2023-01-04 09:57: Train Epoch 7: 483/634 Loss: 0.159034
2023-01-04 09:58: Train Epoch 7: 487/634 Loss: 0.151148
2023-01-04 09:58: Train Epoch 7: 491/634 Loss: 0.152061
2023-01-04 09:59: Train Epoch 7: 495/634 Loss: 0.139269
2023-01-04 09:59: Train Epoch 7: 499/634 Loss: 0.189298
2023-01-04 10:00: Train Epoch 7: 503/634 Loss: 0.157760
2023-01-04 10:00: Train Epoch 7: 507/634 Loss: 0.163145
2023-01-04 10:00: Train Epoch 7: 511/634 Loss: 0.167531
2023-01-04 10:01: Train Epoch 7: 515/634 Loss: 0.163608
2023-01-04 10:01: Train Epoch 7: 519/634 Loss: 0.156967
2023-01-04 10:02: Train Epoch 7: 523/634 Loss: 0.166257
2023-01-04 10:02: Train Epoch 7: 527/634 Loss: 0.147381
2023-01-04 10:03: Train Epoch 7: 531/634 Loss: 0.137795
2023-01-04 10:03: Train Epoch 7: 535/634 Loss: 0.138983
2023-01-04 10:04: Train Epoch 7: 539/634 Loss: 0.153241
2023-01-04 10:04: Train Epoch 7: 543/634 Loss: 0.159840
2023-01-04 10:05: Train Epoch 7: 547/634 Loss: 0.152491
2023-01-04 10:05: Train Epoch 7: 551/634 Loss: 0.118921
2023-01-04 10:06: Train Epoch 7: 555/634 Loss: 0.157344
2023-01-04 10:06: Train Epoch 7: 559/634 Loss: 0.153904
2023-01-04 10:07: Train Epoch 7: 563/634 Loss: 0.171928
2023-01-04 10:07: Train Epoch 7: 567/634 Loss: 0.176410
2023-01-04 10:08: Train Epoch 7: 571/634 Loss: 0.151483
2023-01-04 10:08: Train Epoch 7: 575/634 Loss: 0.162918
2023-01-04 10:08: Train Epoch 7: 579/634 Loss: 0.153918
2023-01-04 10:09: Train Epoch 7: 583/634 Loss: 0.195839
2023-01-04 10:09: Train Epoch 7: 587/634 Loss: 0.144717
2023-01-04 10:10: Train Epoch 7: 591/634 Loss: 0.134541
2023-01-04 10:10: Train Epoch 7: 595/634 Loss: 0.166624
2023-01-04 10:11: Train Epoch 7: 599/634 Loss: 0.167915
2023-01-04 10:11: Train Epoch 7: 603/634 Loss: 0.142310
2023-01-04 10:12: Train Epoch 7: 607/634 Loss: 0.145074
2023-01-04 10:12: Train Epoch 7: 611/634 Loss: 0.160724
2023-01-04 10:13: Train Epoch 7: 615/634 Loss: 0.156877
2023-01-04 10:13: Train Epoch 7: 619/634 Loss: 0.158491
2023-01-04 10:14: Train Epoch 7: 623/634 Loss: 0.144833
2023-01-04 10:14: Train Epoch 7: 627/634 Loss: 0.140366
2023-01-04 10:15: Train Epoch 7: 631/634 Loss: 0.140805
2023-01-04 10:15: Train Epoch 7: 633/634 Loss: 0.085494
2023-01-04 10:15: **********Train Epoch 7: averaged Loss: 0.167198 
2023-01-04 10:15: 
Epoch time elapsed: 4530.740922927856

2023-01-04 10:17: 
 metrics validation: {'precision': 0.8823529411764706, 'recall': 0.6, 'f1-score': 0.7142857142857143, 'support': 1300, 'AUC': 0.9274008875739644, 'AUCPR': 0.8731815607186241, 'TP': 780, 'FP': 104, 'TN': 2496, 'FN': 520} 

2023-01-04 10:17: **********Val Epoch 7: average Loss: 0.170947
2023-01-04 10:19: 
 Testing metrics {'precision': 0.847265221878225, 'recall': 0.6685667752442996, 'f1-score': 0.7473827947200729, 'support': 1228, 'AUC': 0.9162106494498615, 'AUCPR': 0.8683694862702187, 'TP': 821, 'FP': 148, 'TN': 2308, 'FN': 407} 

2023-01-04 10:27: 
 Testing metrics {'precision': 0.9111969111969112, 'recall': 0.9103698661220785, 'f1-score': 0.910783200908059, 'support': 4407, 'AUC': 0.9800534702279915, 'AUCPR': 0.9666869648879975, 'TP': 4012, 'FP': 391, 'TN': 8423, 'FN': 395} 

2023-01-04 10:27: Train Epoch 8: 3/634 Loss: 0.153426
2023-01-04 10:28: Train Epoch 8: 7/634 Loss: 0.171951
2023-01-04 10:28: Train Epoch 8: 11/634 Loss: 0.163310
2023-01-04 10:29: Train Epoch 8: 15/634 Loss: 0.147909
2023-01-04 10:29: Train Epoch 8: 19/634 Loss: 0.172356
2023-01-04 10:30: Train Epoch 8: 23/634 Loss: 0.182392
2023-01-04 10:30: Train Epoch 8: 27/634 Loss: 0.163469
2023-01-04 10:31: Train Epoch 8: 31/634 Loss: 0.164446
2023-01-04 10:31: Train Epoch 8: 35/634 Loss: 0.168447
2023-01-04 10:31: Train Epoch 8: 39/634 Loss: 0.159801
2023-01-04 10:32: Train Epoch 8: 43/634 Loss: 0.165245
2023-01-04 10:32: Train Epoch 8: 47/634 Loss: 0.186314
2023-01-04 10:33: Train Epoch 8: 51/634 Loss: 0.179596
2023-01-04 10:33: Train Epoch 8: 55/634 Loss: 0.175139
2023-01-04 10:34: Train Epoch 8: 59/634 Loss: 0.163716
2023-01-04 10:34: Train Epoch 8: 63/634 Loss: 0.157848
2023-01-04 10:35: Train Epoch 8: 67/634 Loss: 0.142954
2023-01-04 10:35: Train Epoch 8: 71/634 Loss: 0.158899
2023-01-04 10:36: Train Epoch 8: 75/634 Loss: 0.179170
2023-01-04 10:36: Train Epoch 8: 79/634 Loss: 0.182098
2023-01-04 10:37: Train Epoch 8: 83/634 Loss: 0.156092
2023-01-04 10:37: Train Epoch 8: 87/634 Loss: 0.159387
2023-01-04 10:38: Train Epoch 8: 91/634 Loss: 0.169851
2023-01-04 10:38: Train Epoch 8: 95/634 Loss: 0.163267
2023-01-04 10:39: Train Epoch 8: 99/634 Loss: 0.154660
2023-01-04 10:39: Train Epoch 8: 103/634 Loss: 0.160877
2023-01-04 10:39: Train Epoch 8: 107/634 Loss: 0.151829
2023-01-04 10:40: Train Epoch 8: 111/634 Loss: 0.192836
2023-01-04 10:40: Train Epoch 8: 115/634 Loss: 0.151403
2023-01-04 10:41: Train Epoch 8: 119/634 Loss: 0.176614
2023-01-04 10:41: Train Epoch 8: 123/634 Loss: 0.176631
2023-01-04 10:42: Train Epoch 8: 127/634 Loss: 0.218378
2023-01-04 10:42: Train Epoch 8: 131/634 Loss: 0.151322
2023-01-04 10:43: Train Epoch 8: 135/634 Loss: 0.195758
2023-01-04 10:43: Train Epoch 8: 139/634 Loss: 0.171055
2023-01-04 10:44: Train Epoch 8: 143/634 Loss: 0.172331
2023-01-04 10:44: Train Epoch 8: 147/634 Loss: 0.181721
2023-01-04 10:45: Train Epoch 8: 151/634 Loss: 0.157658
2023-01-04 10:45: Train Epoch 8: 155/634 Loss: 0.167110
2023-01-04 10:46: Train Epoch 8: 159/634 Loss: 0.201103
2023-01-04 10:46: Train Epoch 8: 163/634 Loss: 0.157382
2023-01-04 10:47: Train Epoch 8: 167/634 Loss: 0.171313
2023-01-04 10:47: Train Epoch 8: 171/634 Loss: 0.166808
2023-01-04 10:47: Train Epoch 8: 175/634 Loss: 0.205587
2023-01-04 10:48: Train Epoch 8: 179/634 Loss: 0.204013
2023-01-04 10:48: Train Epoch 8: 183/634 Loss: 0.202400
2023-01-04 10:49: Train Epoch 8: 187/634 Loss: 0.172956
2023-01-04 10:49: Train Epoch 8: 191/634 Loss: 0.177897
2023-01-04 10:50: Train Epoch 8: 195/634 Loss: 0.159795
2023-01-04 10:50: Train Epoch 8: 199/634 Loss: 0.175331
2023-01-04 10:51: Train Epoch 8: 203/634 Loss: 0.145341
2023-01-04 10:51: Train Epoch 8: 207/634 Loss: 0.174019
2023-01-04 10:52: Train Epoch 8: 211/634 Loss: 0.181542
2023-01-04 10:52: Train Epoch 8: 215/634 Loss: 0.172640
2023-01-04 10:53: Train Epoch 8: 219/634 Loss: 0.187830
2023-01-04 10:53: Train Epoch 8: 223/634 Loss: 0.164683
2023-01-04 10:54: Train Epoch 8: 227/634 Loss: 0.182455
2023-01-04 10:54: Train Epoch 8: 231/634 Loss: 0.167670
2023-01-04 10:54: Train Epoch 8: 235/634 Loss: 0.166319
2023-01-04 10:55: Train Epoch 8: 239/634 Loss: 0.183809
2023-01-04 10:55: Train Epoch 8: 243/634 Loss: 0.183583
2023-01-04 10:56: Train Epoch 8: 247/634 Loss: 0.178796
2023-01-04 10:56: Train Epoch 8: 251/634 Loss: 0.214655
2023-01-04 10:57: Train Epoch 8: 255/634 Loss: 0.193563
2023-01-04 10:57: Train Epoch 8: 259/634 Loss: 0.168408
2023-01-04 10:58: Train Epoch 8: 263/634 Loss: 0.176816
2023-01-04 10:58: Train Epoch 8: 267/634 Loss: 0.157824
2023-01-04 10:59: Train Epoch 8: 271/634 Loss: 0.171133
2023-01-04 10:59: Train Epoch 8: 275/634 Loss: 0.167068
2023-01-04 11:00: Train Epoch 8: 279/634 Loss: 0.178764
2023-01-04 11:00: Train Epoch 8: 283/634 Loss: 0.187836
2023-01-04 11:01: Train Epoch 8: 287/634 Loss: 0.186385
2023-01-04 11:01: Train Epoch 8: 291/634 Loss: 0.166783
2023-01-04 11:02: Train Epoch 8: 295/634 Loss: 0.178011
2023-01-04 11:02: Train Epoch 8: 299/634 Loss: 0.169505
2023-01-04 11:02: Train Epoch 8: 303/634 Loss: 0.160529
2023-01-04 11:03: Train Epoch 8: 307/634 Loss: 0.169732
2023-01-04 11:03: Train Epoch 8: 311/634 Loss: 0.158326
2023-01-04 11:04: Train Epoch 8: 315/634 Loss: 0.185474
2023-01-04 11:04: Train Epoch 8: 319/634 Loss: 0.159858
2023-01-04 11:05: Train Epoch 8: 323/634 Loss: 0.152914
2023-01-04 11:05: Train Epoch 8: 327/634 Loss: 0.166010
2023-01-04 11:06: Train Epoch 8: 331/634 Loss: 0.156369
2023-01-04 11:06: Train Epoch 8: 335/634 Loss: 0.160254
2023-01-04 11:07: Train Epoch 8: 339/634 Loss: 0.182516
2023-01-04 11:07: Train Epoch 8: 343/634 Loss: 0.203803
2023-01-04 11:08: Train Epoch 8: 347/634 Loss: 0.138973
2023-01-04 11:08: Train Epoch 8: 351/634 Loss: 0.165714
2023-01-04 11:09: Train Epoch 8: 355/634 Loss: 0.172875
2023-01-04 11:09: Train Epoch 8: 359/634 Loss: 0.146477
2023-01-04 11:09: Train Epoch 8: 363/634 Loss: 0.158957
2023-01-04 11:10: Train Epoch 8: 367/634 Loss: 0.167863
2023-01-04 11:10: Train Epoch 8: 371/634 Loss: 0.159278
2023-01-04 11:11: Train Epoch 8: 375/634 Loss: 0.166592
2023-01-04 11:11: Train Epoch 8: 379/634 Loss: 0.167133
2023-01-04 11:12: Train Epoch 8: 383/634 Loss: 0.172264
2023-01-04 11:12: Train Epoch 8: 387/634 Loss: 0.151379
2023-01-04 11:13: Train Epoch 8: 391/634 Loss: 0.144297
2023-01-04 11:13: Train Epoch 8: 395/634 Loss: 0.189300
2023-01-04 11:14: Train Epoch 8: 399/634 Loss: 0.173449
2023-01-04 11:14: Train Epoch 8: 403/634 Loss: 0.178260
2023-01-04 11:15: Train Epoch 8: 407/634 Loss: 0.157256
2023-01-04 11:15: Train Epoch 8: 411/634 Loss: 0.129868
2023-01-04 11:16: Train Epoch 8: 415/634 Loss: 0.153408
2023-01-04 11:16: Train Epoch 8: 419/634 Loss: 0.138831
2023-01-04 11:17: Train Epoch 8: 423/634 Loss: 0.162418
2023-01-04 11:17: Train Epoch 8: 427/634 Loss: 0.193018
2023-01-04 11:18: Train Epoch 8: 431/634 Loss: 0.173722
2023-01-04 11:18: Train Epoch 8: 435/634 Loss: 0.131056
2023-01-04 11:18: Train Epoch 8: 439/634 Loss: 0.172887
2023-01-04 11:19: Train Epoch 8: 443/634 Loss: 0.148573
2023-01-04 11:19: Train Epoch 8: 447/634 Loss: 0.164309
2023-01-04 11:20: Train Epoch 8: 451/634 Loss: 0.176993
2023-01-04 11:20: Train Epoch 8: 455/634 Loss: 0.193174
2023-01-04 11:21: Train Epoch 8: 459/634 Loss: 0.152896
2023-01-04 11:21: Train Epoch 8: 463/634 Loss: 0.182766
2023-01-04 11:22: Train Epoch 8: 467/634 Loss: 0.189258
2023-01-04 11:22: Train Epoch 8: 471/634 Loss: 0.167859
2023-01-04 11:23: Train Epoch 8: 475/634 Loss: 0.110692
2023-01-04 11:23: Train Epoch 8: 479/634 Loss: 0.166977
2023-01-04 11:24: Train Epoch 8: 483/634 Loss: 0.193579
2023-01-04 11:24: Train Epoch 8: 487/634 Loss: 0.165697
2023-01-04 11:25: Train Epoch 8: 491/634 Loss: 0.140107
2023-01-04 11:25: Train Epoch 8: 495/634 Loss: 0.162175
2023-01-04 11:26: Train Epoch 8: 499/634 Loss: 0.146247
2023-01-04 11:26: Train Epoch 8: 503/634 Loss: 0.168825
2023-01-04 11:27: Train Epoch 8: 507/634 Loss: 0.146268
2023-01-04 11:27: Train Epoch 8: 511/634 Loss: 0.159494
2023-01-04 11:27: Train Epoch 8: 515/634 Loss: 0.153894
2023-01-04 11:28: Train Epoch 8: 519/634 Loss: 0.141670
2023-01-04 11:28: Train Epoch 8: 523/634 Loss: 0.207926
2023-01-04 11:29: Train Epoch 8: 527/634 Loss: 0.194155
2023-01-04 11:29: Train Epoch 8: 531/634 Loss: 0.174491
2023-01-04 11:30: Train Epoch 8: 535/634 Loss: 0.154126
2023-01-04 11:30: Train Epoch 8: 539/634 Loss: 0.162733
2023-01-04 11:31: Train Epoch 8: 543/634 Loss: 0.185758
2023-01-04 11:31: Train Epoch 8: 547/634 Loss: 0.158202
2023-01-04 11:32: Train Epoch 8: 551/634 Loss: 0.171486
2023-01-04 11:32: Train Epoch 8: 555/634 Loss: 0.155235
2023-01-04 11:33: Train Epoch 8: 559/634 Loss: 0.168651
2023-01-04 11:33: Train Epoch 8: 563/634 Loss: 0.161813
2023-01-04 11:34: Train Epoch 8: 567/634 Loss: 0.153231
2023-01-04 11:34: Train Epoch 8: 571/634 Loss: 0.176016
2023-01-04 11:35: Train Epoch 8: 575/634 Loss: 0.142615
2023-01-04 11:35: Train Epoch 8: 579/634 Loss: 0.177821
2023-01-04 11:35: Train Epoch 8: 583/634 Loss: 0.134376
2023-01-04 11:36: Train Epoch 8: 587/634 Loss: 0.169579
2023-01-04 11:36: Train Epoch 8: 591/634 Loss: 0.148426
2023-01-04 11:37: Train Epoch 8: 595/634 Loss: 0.171303
2023-01-04 11:37: Train Epoch 8: 599/634 Loss: 0.175754
2023-01-04 11:38: Train Epoch 8: 603/634 Loss: 0.164444
2023-01-04 11:38: Train Epoch 8: 607/634 Loss: 0.167207
2023-01-04 11:39: Train Epoch 8: 611/634 Loss: 0.182186
2023-01-04 11:43: Train Epoch 8: 615/634 Loss: 0.155780
2023-01-04 11:44: Train Epoch 8: 619/634 Loss: 0.142688
2023-01-04 11:44: Train Epoch 8: 623/634 Loss: 0.237225
2023-01-04 11:45: Train Epoch 8: 627/634 Loss: 0.167303
2023-01-04 11:45: Train Epoch 8: 631/634 Loss: 0.177799
2023-01-04 11:46: Train Epoch 8: 633/634 Loss: 0.083368
2023-01-04 11:46: **********Train Epoch 8: averaged Loss: 0.168186 
2023-01-04 11:46: 
Epoch time elapsed: 4741.21444773674

2023-01-04 11:48: 
 metrics validation: {'precision': 0.8820093457943925, 'recall': 0.5807692307692308, 'f1-score': 0.7003710575139147, 'support': 1300, 'AUC': 0.9301801775147928, 'AUCPR': 0.8772969559745489, 'TP': 755, 'FP': 101, 'TN': 2499, 'FN': 545} 

2023-01-04 11:48: **********Val Epoch 8: average Loss: 0.167691
2023-01-04 11:50: 
 Testing metrics {'precision': 0.847265221878225, 'recall': 0.6685667752442996, 'f1-score': 0.7473827947200729, 'support': 1228, 'AUC': 0.9162106494498615, 'AUCPR': 0.8683694862702187, 'TP': 821, 'FP': 148, 'TN': 2308, 'FN': 407} 

2023-01-04 11:57: 
 Testing metrics {'precision': 0.9111969111969112, 'recall': 0.9103698661220785, 'f1-score': 0.910783200908059, 'support': 4407, 'AUC': 0.9800534702279915, 'AUCPR': 0.9666869648879975, 'TP': 4012, 'FP': 391, 'TN': 8423, 'FN': 395} 

2023-01-04 11:58: Train Epoch 9: 3/634 Loss: 0.155955
2023-01-04 11:58: Train Epoch 9: 7/634 Loss: 0.165564
2023-01-04 11:59: Train Epoch 9: 11/634 Loss: 0.149898
2023-01-04 11:59: Train Epoch 9: 15/634 Loss: 0.165093
2023-01-04 12:00: Train Epoch 9: 19/634 Loss: 0.157126
2023-01-04 12:00: Train Epoch 9: 23/634 Loss: 0.172156
2023-01-04 12:01: Train Epoch 9: 27/634 Loss: 0.164036
2023-01-04 12:01: Train Epoch 9: 31/634 Loss: 0.159303
2023-01-04 12:01: Train Epoch 9: 35/634 Loss: 0.189782
2023-01-04 12:02: Train Epoch 9: 39/634 Loss: 0.163101
2023-01-04 12:02: Train Epoch 9: 43/634 Loss: 0.128220
2023-01-04 12:03: Train Epoch 9: 47/634 Loss: 0.151657
2023-01-04 12:03: Train Epoch 9: 51/634 Loss: 0.159743
2023-01-04 12:04: Train Epoch 9: 55/634 Loss: 0.162946
2023-01-04 12:04: Train Epoch 9: 59/634 Loss: 0.164042
2023-01-04 12:05: Train Epoch 9: 63/634 Loss: 0.164477
2023-01-04 12:05: Train Epoch 9: 67/634 Loss: 0.161563
2023-01-04 12:06: Train Epoch 9: 71/634 Loss: 0.147814
2023-01-04 12:06: Train Epoch 9: 75/634 Loss: 0.140010
2023-01-04 12:07: Train Epoch 9: 79/634 Loss: 0.161216
2023-01-04 12:07: Train Epoch 9: 83/634 Loss: 0.164446
2023-01-04 12:08: Train Epoch 9: 87/634 Loss: 0.183588
2023-01-04 12:08: Train Epoch 9: 91/634 Loss: 0.150095
2023-01-04 12:09: Train Epoch 9: 95/634 Loss: 0.161989
2023-01-04 12:09: Train Epoch 9: 99/634 Loss: 0.169874
2023-01-04 12:09: Train Epoch 9: 103/634 Loss: 0.188734
2023-01-04 12:10: Train Epoch 9: 107/634 Loss: 0.161697
2023-01-04 12:10: Train Epoch 9: 111/634 Loss: 0.168345
2023-01-04 12:11: Train Epoch 9: 115/634 Loss: 0.170738
2023-01-04 12:11: Train Epoch 9: 119/634 Loss: 0.178396
2023-01-04 12:12: Train Epoch 9: 123/634 Loss: 0.165326
2023-01-04 12:12: Train Epoch 9: 127/634 Loss: 0.168962
2023-01-04 12:13: Train Epoch 9: 131/634 Loss: 0.153905
2023-01-04 12:13: Train Epoch 9: 135/634 Loss: 0.166502
2023-01-04 12:14: Train Epoch 9: 139/634 Loss: 0.169889
2023-01-04 12:14: Train Epoch 9: 143/634 Loss: 0.170142
2023-01-04 12:15: Train Epoch 9: 147/634 Loss: 0.168644
2023-01-04 12:15: Train Epoch 9: 151/634 Loss: 0.165656
2023-01-04 12:16: Train Epoch 9: 155/634 Loss: 0.166935
2023-01-04 12:16: Train Epoch 9: 159/634 Loss: 0.171181
2023-01-04 12:16: Train Epoch 9: 163/634 Loss: 0.182425
2023-01-04 12:17: Train Epoch 9: 167/634 Loss: 0.176868
2023-01-04 12:17: Train Epoch 9: 171/634 Loss: 0.145390
2023-01-04 12:18: Train Epoch 9: 175/634 Loss: 0.194113
2023-01-04 12:18: Train Epoch 9: 179/634 Loss: 0.181952
2023-01-04 12:19: Train Epoch 9: 183/634 Loss: 0.174470
2023-01-04 12:19: Train Epoch 9: 187/634 Loss: 0.185680
2023-01-04 12:20: Train Epoch 9: 191/634 Loss: 0.158621
2023-01-04 12:20: Train Epoch 9: 195/634 Loss: 0.180399
2023-01-04 12:21: Train Epoch 9: 199/634 Loss: 0.180899
2023-01-04 12:21: Train Epoch 9: 203/634 Loss: 0.180498
2023-01-04 12:22: Train Epoch 9: 207/634 Loss: 0.181038
2023-01-04 12:22: Train Epoch 9: 211/634 Loss: 0.176030
2023-01-04 12:22: Train Epoch 9: 215/634 Loss: 0.168324
2023-01-04 12:23: Train Epoch 9: 219/634 Loss: 0.148157
2023-01-04 12:23: Train Epoch 9: 223/634 Loss: 0.191575
2023-01-04 12:24: Train Epoch 9: 227/634 Loss: 0.205594
2023-01-04 12:24: Train Epoch 9: 231/634 Loss: 0.177975
2023-01-04 12:25: Train Epoch 9: 235/634 Loss: 0.187361
2023-01-04 12:25: Train Epoch 9: 239/634 Loss: 0.140841
2023-01-04 12:26: Train Epoch 9: 243/634 Loss: 0.150886
2023-01-04 12:26: Train Epoch 9: 247/634 Loss: 0.190289
2023-01-04 12:27: Train Epoch 9: 251/634 Loss: 0.158317
2023-01-04 12:27: Train Epoch 9: 255/634 Loss: 0.162495
2023-01-04 12:28: Train Epoch 9: 259/634 Loss: 0.167089
2023-01-04 12:28: Train Epoch 9: 263/634 Loss: 0.157326
2023-01-04 12:29: Train Epoch 9: 267/634 Loss: 0.179667
2023-01-04 12:29: Train Epoch 9: 271/634 Loss: 0.171219
2023-01-04 12:29: Train Epoch 9: 275/634 Loss: 0.175467
2023-01-04 12:30: Train Epoch 9: 279/634 Loss: 0.166627
2023-01-04 12:30: Train Epoch 9: 283/634 Loss: 0.149033
2023-01-04 12:31: Train Epoch 9: 287/634 Loss: 0.156212
2023-01-04 12:31: Train Epoch 9: 291/634 Loss: 0.173258
2023-01-04 12:32: Train Epoch 9: 295/634 Loss: 0.170355
2023-01-04 12:32: Train Epoch 9: 299/634 Loss: 0.167584
2023-01-04 12:33: Train Epoch 9: 303/634 Loss: 0.173560
2023-01-04 12:33: Train Epoch 9: 307/634 Loss: 0.151413
2023-01-04 12:34: Train Epoch 9: 311/634 Loss: 0.157668
2023-01-04 12:34: Train Epoch 9: 315/634 Loss: 0.143510
2023-01-04 12:35: Train Epoch 9: 319/634 Loss: 0.163961
2023-01-04 12:35: Train Epoch 9: 323/634 Loss: 0.177816
2023-01-04 12:36: Train Epoch 9: 327/634 Loss: 0.163325
2023-01-04 12:36: Train Epoch 9: 331/634 Loss: 0.144023
2023-01-04 12:36: Train Epoch 9: 335/634 Loss: 0.145087
2023-01-04 12:37: Train Epoch 9: 339/634 Loss: 0.157015
2023-01-04 12:37: Train Epoch 9: 343/634 Loss: 0.144782
2023-01-04 12:38: Train Epoch 9: 347/634 Loss: 0.152840
2023-01-04 12:38: Train Epoch 9: 351/634 Loss: 0.176510
2023-01-04 12:39: Train Epoch 9: 355/634 Loss: 0.169302
2023-01-04 12:39: Train Epoch 9: 359/634 Loss: 0.161534
2023-01-04 12:40: Train Epoch 9: 363/634 Loss: 0.191916
2023-01-04 12:40: Train Epoch 9: 367/634 Loss: 0.195384
2023-01-04 12:41: Train Epoch 9: 371/634 Loss: 0.130633
2023-01-04 12:41: Train Epoch 9: 375/634 Loss: 0.198036
2023-01-04 12:42: Train Epoch 9: 379/634 Loss: 0.180000
2023-01-04 12:42: Train Epoch 9: 383/634 Loss: 0.196459
2023-01-04 12:43: Train Epoch 9: 387/634 Loss: 0.153279
2023-01-04 12:43: Train Epoch 9: 391/634 Loss: 0.213186
2023-01-04 12:44: Train Epoch 9: 395/634 Loss: 0.167756
2023-01-04 12:44: Train Epoch 9: 399/634 Loss: 0.154692
2023-01-04 12:44: Train Epoch 9: 403/634 Loss: 0.228311
2023-01-04 12:45: Train Epoch 9: 407/634 Loss: 0.183247
2023-01-04 12:45: Train Epoch 9: 411/634 Loss: 0.165285
2023-01-04 12:46: Train Epoch 9: 415/634 Loss: 0.162392
2023-01-04 12:46: Train Epoch 9: 419/634 Loss: 0.156434
2023-01-04 12:47: Train Epoch 9: 423/634 Loss: 0.172226
2023-01-04 12:47: Train Epoch 9: 427/634 Loss: 0.166435
2023-01-04 12:48: Train Epoch 9: 431/634 Loss: 0.171856
2023-01-04 12:48: Train Epoch 9: 435/634 Loss: 0.156554
2023-01-04 12:49: Train Epoch 9: 439/634 Loss: 0.175962
2023-01-04 12:49: Train Epoch 9: 443/634 Loss: 0.156848
2023-01-04 12:50: Train Epoch 9: 447/634 Loss: 0.167811
2023-01-04 12:50: Train Epoch 9: 451/634 Loss: 0.164587
2023-01-04 12:50: Train Epoch 9: 455/634 Loss: 0.176210
2023-01-04 12:51: Train Epoch 9: 459/634 Loss: 0.153783
2023-01-04 12:51: Train Epoch 9: 463/634 Loss: 0.144924
2023-01-04 12:52: Train Epoch 9: 467/634 Loss: 0.135011
2023-01-04 12:52: Train Epoch 9: 471/634 Loss: 0.171542
2023-01-04 12:53: Train Epoch 9: 475/634 Loss: 0.178026
2023-01-04 12:53: Train Epoch 9: 479/634 Loss: 0.143557
2023-01-04 12:54: Train Epoch 9: 483/634 Loss: 0.166783
2023-01-04 12:54: Train Epoch 9: 487/634 Loss: 0.184468
2023-01-04 12:55: Train Epoch 9: 491/634 Loss: 0.153116
2023-01-04 12:55: Train Epoch 9: 495/634 Loss: 0.167016
2023-01-04 12:56: Train Epoch 9: 499/634 Loss: 0.165861
2023-01-04 12:56: Train Epoch 9: 503/634 Loss: 0.154685
2023-01-04 12:57: Train Epoch 9: 507/634 Loss: 0.157384
2023-01-04 12:57: Train Epoch 9: 511/634 Loss: 0.171497
2023-01-04 12:58: Train Epoch 9: 515/634 Loss: 0.143889
2023-01-04 12:58: Train Epoch 9: 519/634 Loss: 0.163106
2023-01-04 12:58: Train Epoch 9: 523/634 Loss: 0.151130
2023-01-04 12:59: Train Epoch 9: 527/634 Loss: 0.148266
2023-01-04 12:59: Train Epoch 9: 531/634 Loss: 0.166264
2023-01-04 13:00: Train Epoch 9: 535/634 Loss: 0.166523
2023-01-04 13:00: Train Epoch 9: 539/634 Loss: 0.173390
2023-01-04 13:01: Train Epoch 9: 543/634 Loss: 0.213722
2023-01-04 13:01: Train Epoch 9: 547/634 Loss: 0.192918
2023-01-04 13:02: Train Epoch 9: 551/634 Loss: 0.149133
2023-01-04 13:02: Train Epoch 9: 555/634 Loss: 0.139509
2023-01-04 13:03: Train Epoch 9: 559/634 Loss: 0.182527
2023-01-04 13:03: Train Epoch 9: 563/634 Loss: 0.161567
2023-01-04 13:04: Train Epoch 9: 567/634 Loss: 0.146216
2023-01-04 13:04: Train Epoch 9: 571/634 Loss: 0.142415
2023-01-04 13:04: Train Epoch 9: 575/634 Loss: 0.172367
2023-01-04 13:05: Train Epoch 9: 579/634 Loss: 0.160567
2023-01-04 13:05: Train Epoch 9: 583/634 Loss: 0.154942
2023-01-04 13:06: Train Epoch 9: 587/634 Loss: 0.150161
2023-01-04 13:06: Train Epoch 9: 591/634 Loss: 0.140725
2023-01-04 13:07: Train Epoch 9: 595/634 Loss: 0.160804
2023-01-04 13:07: Train Epoch 9: 599/634 Loss: 0.179089
2023-01-04 13:08: Train Epoch 9: 603/634 Loss: 0.160816
2023-01-04 13:08: Train Epoch 9: 607/634 Loss: 0.162131
2023-01-04 13:09: Train Epoch 9: 611/634 Loss: 0.197270
2023-01-04 13:09: Train Epoch 9: 615/634 Loss: 0.159325
2023-01-04 13:10: Train Epoch 9: 619/634 Loss: 0.153918
2023-01-04 13:10: Train Epoch 9: 623/634 Loss: 0.147015
2023-01-04 13:11: Train Epoch 9: 627/634 Loss: 0.158076
2023-01-04 13:11: Train Epoch 9: 631/634 Loss: 0.158407
2023-01-04 13:11: Train Epoch 9: 633/634 Loss: 0.076575
2023-01-04 13:11: **********Train Epoch 9: averaged Loss: 0.165478 
2023-01-04 13:11: 
Epoch time elapsed: 4463.360942602158

2023-01-04 13:14: 
 metrics validation: {'precision': 0.7918939984411536, 'recall': 0.7815384615384615, 'f1-score': 0.7866821525358111, 'support': 1300, 'AUC': 0.9301624260355028, 'AUCPR': 0.8773055872228077, 'TP': 1016, 'FP': 267, 'TN': 2333, 'FN': 284} 

2023-01-04 13:14: **********Val Epoch 9: average Loss: 0.149819
2023-01-04 13:14: *********************************Current best model saved!
2023-01-04 13:16: 
 Testing metrics {'precision': 0.825938566552901, 'recall': 0.7882736156351792, 'f1-score': 0.8066666666666668, 'support': 1228, 'AUC': 0.9244202856263727, 'AUCPR': 0.8816864915818421, 'TP': 968, 'FP': 204, 'TN': 2252, 'FN': 260} 

2023-01-04 13:23: 
 Testing metrics {'precision': 0.8851424842288449, 'recall': 0.9233038348082596, 'f1-score': 0.9038205242114615, 'support': 4407, 'AUC': 0.9800808880852497, 'AUCPR': 0.966995498035866, 'TP': 4069, 'FP': 528, 'TN': 8286, 'FN': 338} 

2023-01-04 13:24: Train Epoch 10: 3/634 Loss: 0.187274
2023-01-04 13:25: Train Epoch 10: 7/634 Loss: 0.174418
2023-01-04 13:25: Train Epoch 10: 11/634 Loss: 0.164156
2023-01-04 13:26: Train Epoch 10: 15/634 Loss: 0.137323
2023-01-04 13:27: Train Epoch 10: 19/634 Loss: 0.156084
2023-01-04 13:28: Train Epoch 10: 23/634 Loss: 0.136578
2023-01-04 13:28: Train Epoch 10: 27/634 Loss: 0.174855
2023-01-04 13:29: Train Epoch 10: 31/634 Loss: 0.158604
2023-01-04 13:30: Train Epoch 10: 35/634 Loss: 0.175355
2023-01-04 13:30: Train Epoch 10: 39/634 Loss: 0.165673
2023-01-04 13:31: Train Epoch 10: 43/634 Loss: 0.165988
2023-01-04 13:31: Train Epoch 10: 47/634 Loss: 0.141989
2023-01-04 13:32: Train Epoch 10: 51/634 Loss: 0.153095
2023-01-04 13:32: Train Epoch 10: 55/634 Loss: 0.150405
2023-01-04 13:33: Train Epoch 10: 59/634 Loss: 0.154427
2023-01-04 13:33: Train Epoch 10: 63/634 Loss: 0.153856
2023-01-04 13:33: Train Epoch 10: 67/634 Loss: 0.159216
2023-01-04 13:34: Train Epoch 10: 71/634 Loss: 0.137919
2023-01-04 13:34: Train Epoch 10: 75/634 Loss: 0.124763
2023-01-04 13:35: Train Epoch 10: 79/634 Loss: 0.177961
2023-01-04 13:35: Train Epoch 10: 83/634 Loss: 0.143009
2023-01-04 13:36: Train Epoch 10: 87/634 Loss: 0.171684
2023-01-04 13:36: Train Epoch 10: 91/634 Loss: 0.163176
2023-01-04 13:37: Train Epoch 10: 95/634 Loss: 0.164615
2023-01-04 13:37: Train Epoch 10: 99/634 Loss: 0.143653
2023-01-04 13:38: Train Epoch 10: 103/634 Loss: 0.157471
2023-01-04 13:38: Train Epoch 10: 107/634 Loss: 0.161122
2023-01-04 13:39: Train Epoch 10: 111/634 Loss: 0.142940
2023-01-04 13:39: Train Epoch 10: 115/634 Loss: 0.159994
2023-01-04 13:40: Train Epoch 10: 119/634 Loss: 0.147889
2023-01-04 13:40: Train Epoch 10: 123/634 Loss: 0.157238
2023-01-04 13:40: Train Epoch 10: 127/634 Loss: 0.145308
2023-01-04 13:41: Train Epoch 10: 131/634 Loss: 0.174177
2023-01-04 13:41: Train Epoch 10: 135/634 Loss: 0.142148
2023-01-04 13:42: Train Epoch 10: 139/634 Loss: 0.219177
2023-01-04 13:42: Train Epoch 10: 143/634 Loss: 0.172449
2023-01-04 13:43: Train Epoch 10: 147/634 Loss: 0.157600
2023-01-04 13:43: Train Epoch 10: 151/634 Loss: 0.155999
2023-01-04 13:44: Train Epoch 10: 155/634 Loss: 0.217729
2023-01-04 13:44: Train Epoch 10: 159/634 Loss: 0.184198
2023-01-04 13:45: Train Epoch 10: 163/634 Loss: 0.161969
2023-01-04 13:45: Train Epoch 10: 167/634 Loss: 0.159408
2023-01-04 13:46: Train Epoch 10: 171/634 Loss: 0.178135
