2022-12-23 18:51: log dir: /home/joel.chacon/tmp/WildFire_GCN/experiments/2020/20221223185106
2022-12-23 18:51: Experiment log path in: /home/joel.chacon/tmp/WildFire_GCN/experiments/2020/20221223185106
2022-12-23 18:51: Argument: Namespace(batch_size=256, clc='vec', cuda=True, dataset='2020', dataset_root='/home/joel.chacon/tmp/datasets_grl/', debug=False, default_graph=True, device='cpu', dynamic_features=['1 km 16 days NDVI', 'LST_Day_1km', 'LST_Night_1km', 'era5_max_d2m', 'era5_max_t2m', 'era5_max_sp', 'era5_max_tp', 'sminx', 'era5_max_wind_speed', 'era5_min_rh'], early_stop=True, early_stop_patience=5, embed_dim=64, epochs=30, gamma=1.0, grad_norm=False, horizon=1, input_dim=25, lag=10, link_len=2, log_dir='/home/joel.chacon/tmp/WildFire_GCN/experiments/2020/20221223185106', log_step=1, loss_func='nllloss', lr_decay=True, lr_decay_rate=0.1, lr_decay_step='10, 20, 25', lr_init=0.0005, mae_thresh=None, mape_thresh=0.0, max_grad_norm=5, mode='train', model='fire_GCN', nan_fill=0.5, num_layers=1, num_nodes=625, num_workers=20, output_dim=2, patch_height=25, patch_width=25, persistent_workers=True, pin_memory=True, plot=False, positive_weight=0.5, prefetch_factor=2, real_value=True, rnn_units=16, seed=1992, static_features=['dem_mean', 'slope_mean', 'roads_distance', 'waterway_distance', 'population_density'], teacher_forcing=False, test_ratio=0.2, val_ratio=0.2, weight_decay=0.01, window_len=10)
2022-12-23 18:51: Argument batch_size: 256
2022-12-23 18:51: Argument clc: 'vec'
2022-12-23 18:51: Argument cuda: True
2022-12-23 18:51: Argument dataset: '2020'
2022-12-23 18:51: Argument dataset_root: '/home/joel.chacon/tmp/datasets_grl/'
2022-12-23 18:51: Argument debug: False
2022-12-23 18:51: Argument default_graph: True
2022-12-23 18:51: Argument device: 'cpu'
2022-12-23 18:51: Argument dynamic_features: ['1 km 16 days NDVI', 'LST_Day_1km', 'LST_Night_1km', 'era5_max_d2m', 'era5_max_t2m', 'era5_max_sp', 'era5_max_tp', 'sminx', 'era5_max_wind_speed', 'era5_min_rh']
2022-12-23 18:51: Argument early_stop: True
2022-12-23 18:51: Argument early_stop_patience: 5
2022-12-23 18:51: Argument embed_dim: 64
2022-12-23 18:51: Argument epochs: 30
2022-12-23 18:51: Argument gamma: 1.0
2022-12-23 18:51: Argument grad_norm: False
2022-12-23 18:51: Argument horizon: 1
2022-12-23 18:51: Argument input_dim: 25
2022-12-23 18:51: Argument lag: 10
2022-12-23 18:51: Argument link_len: 2
2022-12-23 18:51: Argument log_dir: '/home/joel.chacon/tmp/WildFire_GCN/experiments/2020/20221223185106'
2022-12-23 18:51: Argument log_step: 1
2022-12-23 18:51: Argument loss_func: 'nllloss'
2022-12-23 18:51: Argument lr_decay: True
2022-12-23 18:51: Argument lr_decay_rate: 0.1
2022-12-23 18:51: Argument lr_decay_step: '10, 20, 25'
2022-12-23 18:51: Argument lr_init: 0.0005
2022-12-23 18:51: Argument mae_thresh: None
2022-12-23 18:51: Argument mape_thresh: 0.0
2022-12-23 18:51: Argument max_grad_norm: 5
2022-12-23 18:51: Argument mode: 'train'
2022-12-23 18:51: Argument model: 'fire_GCN'
2022-12-23 18:51: Argument nan_fill: 0.5
2022-12-23 18:51: Argument num_layers: 1
2022-12-23 18:51: Argument num_nodes: 625
2022-12-23 18:51: Argument num_workers: 20
2022-12-23 18:51: Argument output_dim: 2
2022-12-23 18:51: Argument patch_height: 25
2022-12-23 18:51: Argument patch_width: 25
2022-12-23 18:51: Argument persistent_workers: True
2022-12-23 18:51: Argument pin_memory: True
2022-12-23 18:51: Argument plot: False
2022-12-23 18:51: Argument positive_weight: 0.5
2022-12-23 18:51: Argument prefetch_factor: 2
2022-12-23 18:51: Argument real_value: True
2022-12-23 18:51: Argument rnn_units: 16
2022-12-23 18:51: Argument seed: 1992
2022-12-23 18:51: Argument static_features: ['dem_mean', 'slope_mean', 'roads_distance', 'waterway_distance', 'population_density']
2022-12-23 18:51: Argument teacher_forcing: False
2022-12-23 18:51: Argument test_ratio: 0.2
2022-12-23 18:51: Argument val_ratio: 0.2
2022-12-23 18:51: Argument weight_decay: 0.01
2022-12-23 18:51: Argument window_len: 10
2022-12-23 18:51: Train Epoch 1: 0/159 Loss: 1.578557
2022-12-23 18:51: Train Epoch 1: 1/159 Loss: 0.881928
2022-12-23 18:51: Train Epoch 1: 2/159 Loss: 0.840272
2022-12-23 18:51: Train Epoch 1: 3/159 Loss: 0.899170
2022-12-23 18:51: Train Epoch 1: 4/159 Loss: 0.751088
2022-12-23 18:51: Train Epoch 1: 5/159 Loss: 0.739598
2022-12-23 18:51: Train Epoch 1: 6/159 Loss: 0.683509
2022-12-23 18:51: Train Epoch 1: 7/159 Loss: 0.650427
2022-12-23 18:51: Train Epoch 1: 8/159 Loss: 0.707342
2022-12-23 18:51: Train Epoch 1: 9/159 Loss: 0.685320
2022-12-23 18:52: Train Epoch 1: 10/159 Loss: 0.695588
2022-12-23 18:52: Train Epoch 1: 11/159 Loss: 0.697807
2022-12-23 18:52: Train Epoch 1: 12/159 Loss: 0.685787
2022-12-23 18:52: Train Epoch 1: 13/159 Loss: 0.733452
2022-12-23 18:52: Train Epoch 1: 14/159 Loss: 0.633948
2022-12-23 18:52: Train Epoch 1: 15/159 Loss: 0.643213
2022-12-23 18:52: Train Epoch 1: 16/159 Loss: 0.661182
2022-12-23 18:52: Train Epoch 1: 17/159 Loss: 0.696632
2022-12-23 18:52: Train Epoch 1: 18/159 Loss: 0.667043
2022-12-23 18:52: Train Epoch 1: 19/159 Loss: 0.596441
2022-12-23 18:52: Train Epoch 1: 20/159 Loss: 0.670288
2022-12-23 18:52: Train Epoch 1: 21/159 Loss: 0.615413
2022-12-23 18:53: Train Epoch 1: 22/159 Loss: 0.676222
2022-12-23 18:53: Train Epoch 1: 23/159 Loss: 0.658565
2022-12-23 18:53: Train Epoch 1: 24/159 Loss: 0.683873
2022-12-23 18:53: Train Epoch 1: 25/159 Loss: 0.623735
2022-12-23 18:53: Train Epoch 1: 26/159 Loss: 0.648658
2022-12-23 18:53: Train Epoch 1: 27/159 Loss: 0.696073
2022-12-23 18:53: Train Epoch 1: 28/159 Loss: 0.645786
2022-12-23 18:53: Train Epoch 1: 29/159 Loss: 0.652070
2022-12-23 18:53: Train Epoch 1: 30/159 Loss: 0.661269
2022-12-23 18:53: Train Epoch 1: 31/159 Loss: 0.678348
2022-12-23 18:53: Train Epoch 1: 32/159 Loss: 0.678844
2022-12-23 18:53: Train Epoch 1: 33/159 Loss: 0.598549
2022-12-23 18:54: Train Epoch 1: 34/159 Loss: 0.604600
2022-12-23 18:54: Train Epoch 1: 35/159 Loss: 0.615385
2022-12-23 18:54: Train Epoch 1: 36/159 Loss: 0.648913
2022-12-23 18:54: Train Epoch 1: 37/159 Loss: 0.637009
2022-12-23 18:54: Train Epoch 1: 38/159 Loss: 0.594436
2022-12-23 18:54: Train Epoch 1: 39/159 Loss: 0.636963
2022-12-23 18:54: Train Epoch 1: 40/159 Loss: 0.567493
2022-12-23 18:54: Train Epoch 1: 41/159 Loss: 0.679651
2022-12-23 18:54: Train Epoch 1: 42/159 Loss: 0.646353
2022-12-23 18:54: Train Epoch 1: 43/159 Loss: 0.621115
2022-12-23 18:54: Train Epoch 1: 44/159 Loss: 0.605362
2022-12-23 18:54: Train Epoch 1: 45/159 Loss: 0.602073
2022-12-23 18:55: Train Epoch 1: 46/159 Loss: 0.619384
2022-12-23 18:55: Train Epoch 1: 47/159 Loss: 0.622574
2022-12-23 18:55: Train Epoch 1: 48/159 Loss: 0.689906
2022-12-23 18:55: Train Epoch 1: 49/159 Loss: 0.635366
2022-12-23 18:55: Train Epoch 1: 50/159 Loss: 0.624916
2022-12-23 18:55: Train Epoch 1: 51/159 Loss: 0.634606
2022-12-23 18:55: Train Epoch 1: 52/159 Loss: 0.600357
2022-12-23 18:55: Train Epoch 1: 53/159 Loss: 0.628537
2022-12-23 18:55: Train Epoch 1: 54/159 Loss: 0.638787
2022-12-23 18:55: Train Epoch 1: 55/159 Loss: 0.658365
2022-12-23 18:55: Train Epoch 1: 56/159 Loss: 0.613690
2022-12-23 18:55: Train Epoch 1: 57/159 Loss: 0.615454
2022-12-23 18:55: Train Epoch 1: 58/159 Loss: 0.575950
2022-12-23 18:56: Train Epoch 1: 59/159 Loss: 0.638467
2022-12-23 18:56: Train Epoch 1: 60/159 Loss: 0.557781
2022-12-23 18:56: Train Epoch 1: 61/159 Loss: 0.610125
2022-12-23 18:56: Train Epoch 1: 62/159 Loss: 0.616292
2022-12-23 18:56: Train Epoch 1: 63/159 Loss: 0.572343
2022-12-23 18:56: Train Epoch 1: 64/159 Loss: 0.595144
2022-12-23 18:56: Train Epoch 1: 65/159 Loss: 0.633971
2022-12-23 18:56: Train Epoch 1: 66/159 Loss: 0.600377
2022-12-23 18:56: Train Epoch 1: 67/159 Loss: 0.635619
2022-12-23 18:56: Train Epoch 1: 68/159 Loss: 0.629713
2022-12-23 18:56: Train Epoch 1: 69/159 Loss: 0.560163
2022-12-23 18:56: Train Epoch 1: 70/159 Loss: 0.630768
2022-12-23 18:57: Train Epoch 1: 71/159 Loss: 0.596608
2022-12-23 18:57: Train Epoch 1: 72/159 Loss: 0.581831
2022-12-23 18:57: Train Epoch 1: 73/159 Loss: 0.587329
2022-12-23 18:57: Train Epoch 1: 74/159 Loss: 0.602729
2022-12-23 18:57: Train Epoch 1: 75/159 Loss: 0.563356
2022-12-23 18:57: Train Epoch 1: 76/159 Loss: 0.592211
2022-12-23 18:57: Train Epoch 1: 77/159 Loss: 0.559550
2022-12-23 18:57: Train Epoch 1: 78/159 Loss: 0.622965
2022-12-23 18:57: Train Epoch 1: 79/159 Loss: 0.630186
2022-12-23 18:57: Train Epoch 1: 80/159 Loss: 0.610076
2022-12-23 18:57: Train Epoch 1: 81/159 Loss: 0.609545
2022-12-23 18:57: Train Epoch 1: 82/159 Loss: 0.546521
2022-12-23 18:58: Train Epoch 1: 83/159 Loss: 0.670637
2022-12-23 18:58: Train Epoch 1: 84/159 Loss: 0.607345
2022-12-23 18:58: Train Epoch 1: 85/159 Loss: 0.598535
2022-12-23 18:58: Train Epoch 1: 86/159 Loss: 0.575196
2022-12-23 18:58: Train Epoch 1: 87/159 Loss: 0.624519
2022-12-23 18:58: Train Epoch 1: 88/159 Loss: 0.614728
2022-12-23 18:58: Train Epoch 1: 89/159 Loss: 0.628624
2022-12-23 18:58: Train Epoch 1: 90/159 Loss: 0.611152
2022-12-23 18:58: Train Epoch 1: 91/159 Loss: 0.616360
2022-12-23 18:58: Train Epoch 1: 92/159 Loss: 0.584539
2022-12-23 18:58: Train Epoch 1: 93/159 Loss: 0.580200
2022-12-23 18:58: Train Epoch 1: 94/159 Loss: 0.714364
2022-12-23 18:59: Train Epoch 1: 95/159 Loss: 0.641892
2022-12-23 18:59: Train Epoch 1: 96/159 Loss: 0.590007
2022-12-23 18:59: Train Epoch 1: 97/159 Loss: 0.658533
2022-12-23 18:59: Train Epoch 1: 98/159 Loss: 0.636708
2022-12-23 18:59: Train Epoch 1: 99/159 Loss: 0.581662
2022-12-23 18:59: Train Epoch 1: 100/159 Loss: 0.582057
2022-12-23 18:59: Train Epoch 1: 101/159 Loss: 0.585437
2022-12-23 18:59: Train Epoch 1: 102/159 Loss: 0.568874
2022-12-23 18:59: Train Epoch 1: 103/159 Loss: 0.533211
2022-12-23 18:59: Train Epoch 1: 104/159 Loss: 0.587820
2022-12-23 18:59: Train Epoch 1: 105/159 Loss: 0.621875
2022-12-23 18:59: Train Epoch 1: 106/159 Loss: 0.636743
2022-12-23 19:00: Train Epoch 1: 107/159 Loss: 0.597420
2022-12-23 19:00: Train Epoch 1: 108/159 Loss: 0.675329
2022-12-23 19:00: Train Epoch 1: 109/159 Loss: 0.609913
2022-12-23 19:00: Train Epoch 1: 110/159 Loss: 0.606111
2022-12-23 19:00: Train Epoch 1: 111/159 Loss: 0.595788
2022-12-23 19:00: Train Epoch 1: 112/159 Loss: 0.591540
2022-12-23 19:00: Train Epoch 1: 113/159 Loss: 0.614197
2022-12-23 19:00: Train Epoch 1: 114/159 Loss: 0.522736
2022-12-23 19:00: Train Epoch 1: 115/159 Loss: 0.606050
2022-12-23 19:00: Train Epoch 1: 116/159 Loss: 0.614530
2022-12-23 19:00: Train Epoch 1: 117/159 Loss: 0.611218
2022-12-23 19:00: Train Epoch 1: 118/159 Loss: 0.589297
2022-12-23 19:01: Train Epoch 1: 119/159 Loss: 0.592402
2022-12-23 19:01: Train Epoch 1: 120/159 Loss: 0.624814
2022-12-23 19:01: Train Epoch 1: 121/159 Loss: 0.588164
2022-12-23 19:01: Train Epoch 1: 122/159 Loss: 0.665588
2022-12-23 19:01: Train Epoch 1: 123/159 Loss: 0.633444
2022-12-23 19:01: Train Epoch 1: 124/159 Loss: 0.566943
2022-12-23 19:01: Train Epoch 1: 125/159 Loss: 0.638379
2022-12-23 19:01: Train Epoch 1: 126/159 Loss: 0.547197
2022-12-23 19:01: Train Epoch 1: 127/159 Loss: 0.593838
2022-12-23 19:01: Train Epoch 1: 128/159 Loss: 0.510711
2022-12-23 19:01: Train Epoch 1: 129/159 Loss: 0.571038
2022-12-23 19:01: Train Epoch 1: 130/159 Loss: 0.528672
2022-12-23 19:01: Train Epoch 1: 131/159 Loss: 0.580731
2022-12-23 19:02: Train Epoch 1: 132/159 Loss: 0.554208
2022-12-23 19:02: Train Epoch 1: 133/159 Loss: 0.604175
2022-12-23 19:02: Train Epoch 1: 134/159 Loss: 0.596078
2022-12-23 19:02: Train Epoch 1: 135/159 Loss: 0.540858
2022-12-23 19:02: Train Epoch 1: 136/159 Loss: 0.643885
2022-12-23 19:02: Train Epoch 1: 137/159 Loss: 0.623938
2022-12-23 19:02: Train Epoch 1: 138/159 Loss: 0.567093
2022-12-23 19:02: Train Epoch 1: 139/159 Loss: 0.612198
2022-12-23 19:02: Train Epoch 1: 140/159 Loss: 0.597440
2022-12-23 19:02: Train Epoch 1: 141/159 Loss: 0.546421
2022-12-23 19:02: Train Epoch 1: 142/159 Loss: 0.634555
2022-12-23 19:02: Train Epoch 1: 143/159 Loss: 0.540842
2022-12-23 19:03: Train Epoch 1: 144/159 Loss: 0.646286
2022-12-23 19:03: Train Epoch 1: 145/159 Loss: 0.562957
2022-12-23 19:03: Train Epoch 1: 146/159 Loss: 0.542770
2022-12-23 19:03: Train Epoch 1: 147/159 Loss: 0.579486
2022-12-23 19:03: Train Epoch 1: 148/159 Loss: 0.605106
2022-12-23 19:03: Train Epoch 1: 149/159 Loss: 0.542635
2022-12-23 19:03: Train Epoch 1: 150/159 Loss: 0.540690
2022-12-23 19:03: Train Epoch 1: 151/159 Loss: 0.605555
2022-12-23 19:03: Train Epoch 1: 152/159 Loss: 0.597007
2022-12-23 19:03: Train Epoch 1: 153/159 Loss: 0.569535
2022-12-23 19:03: Train Epoch 1: 154/159 Loss: 0.590410
2022-12-23 19:03: Train Epoch 1: 155/159 Loss: 0.565162
2022-12-23 19:03: Train Epoch 1: 156/159 Loss: 0.569403
2022-12-23 19:04: Train Epoch 1: 157/159 Loss: 0.576360
2022-12-23 19:04: Train Epoch 1: 158/159 Loss: 0.583461
2022-12-23 19:04: **********Train Epoch 1: averaged Loss: 0.626305 
2022-12-23 19:04: 
Epoch time elapsed: 778.7334427833557

2022-12-23 19:04: 
 metrics validation: {'precision': 0.0, 'recall': 0.0, 'f1-score': 0.0, 'support': 1300, 'AUC': 0.8030933431952663, 'AUCPR': 0.6632440493916838, 'TP': 0, 'FP': 0, 'TN': 2600, 'FN': 1300} 

2022-12-23 19:04: **********Val Epoch 1: average Loss: 0.542165
2022-12-23 19:04: *********************************Current best model saved!
2022-12-23 19:04: 
 Testing metrics {'precision': 0.0, 'recall': 0.0, 'f1-score': 0.0, 'support': 1228, 'AUC': 0.8536627378009316, 'AUCPR': 0.7259773171573631, 'TP': 0, 'FP': 0, 'TN': 2456, 'FN': 1228} 

2022-12-23 19:04: Train Epoch 2: 0/159 Loss: 0.619371
2022-12-23 19:05: Train Epoch 2: 1/159 Loss: 0.581667
2022-12-23 19:05: Train Epoch 2: 2/159 Loss: 0.531397
2022-12-23 19:05: Train Epoch 2: 3/159 Loss: 0.540518
2022-12-23 19:05: Train Epoch 2: 4/159 Loss: 0.574849
2022-12-23 19:05: Train Epoch 2: 5/159 Loss: 0.569629
2022-12-23 19:05: Train Epoch 2: 6/159 Loss: 0.553945
2022-12-23 19:05: Train Epoch 2: 7/159 Loss: 0.574557
2022-12-23 19:05: Train Epoch 2: 8/159 Loss: 0.543304
2022-12-23 19:05: Train Epoch 2: 9/159 Loss: 0.510770
2022-12-23 19:05: Train Epoch 2: 10/159 Loss: 0.580196
2022-12-23 19:05: Train Epoch 2: 11/159 Loss: 0.591304
2022-12-23 19:05: Train Epoch 2: 12/159 Loss: 0.591801
2022-12-23 19:06: Train Epoch 2: 13/159 Loss: 0.607457
2022-12-23 19:06: Train Epoch 2: 14/159 Loss: 0.544334
2022-12-23 19:06: Train Epoch 2: 15/159 Loss: 0.506629
2022-12-23 19:06: Train Epoch 2: 16/159 Loss: 0.593064
2022-12-23 19:06: Train Epoch 2: 17/159 Loss: 0.536689
2022-12-23 19:06: Train Epoch 2: 18/159 Loss: 0.546476
2022-12-23 19:06: Train Epoch 2: 19/159 Loss: 0.575259
2022-12-23 19:06: Train Epoch 2: 20/159 Loss: 0.600262
2022-12-23 19:06: Train Epoch 2: 21/159 Loss: 0.518186
2022-12-23 19:06: Train Epoch 2: 22/159 Loss: 0.546868
2022-12-23 19:06: Train Epoch 2: 23/159 Loss: 0.602330
2022-12-23 19:06: Train Epoch 2: 24/159 Loss: 0.557469
2022-12-23 19:07: Train Epoch 2: 25/159 Loss: 0.588990
2022-12-23 19:07: Train Epoch 2: 26/159 Loss: 0.564683
2022-12-23 19:07: Train Epoch 2: 27/159 Loss: 0.533216
2022-12-23 19:07: Train Epoch 2: 28/159 Loss: 0.589963
2022-12-23 19:07: Train Epoch 2: 29/159 Loss: 0.592777
2022-12-23 19:07: Train Epoch 2: 30/159 Loss: 0.545839
2022-12-23 19:07: Train Epoch 2: 31/159 Loss: 0.548007
2022-12-23 19:07: Train Epoch 2: 32/159 Loss: 0.496116
2022-12-23 19:07: Train Epoch 2: 33/159 Loss: 0.572251
2022-12-23 19:07: Train Epoch 2: 34/159 Loss: 0.581529
2022-12-23 19:07: Train Epoch 2: 35/159 Loss: 0.572987
2022-12-23 19:07: Train Epoch 2: 36/159 Loss: 0.588545
2022-12-23 19:07: Train Epoch 2: 37/159 Loss: 0.518822
2022-12-23 19:08: Train Epoch 2: 38/159 Loss: 0.607931
2022-12-23 19:08: Train Epoch 2: 39/159 Loss: 0.593900
2022-12-23 19:08: Train Epoch 2: 40/159 Loss: 0.598777
2022-12-23 19:08: Train Epoch 2: 41/159 Loss: 0.605572
2022-12-23 19:08: Train Epoch 2: 42/159 Loss: 0.566005
2022-12-23 19:08: Train Epoch 2: 43/159 Loss: 0.503375
2022-12-23 19:08: Train Epoch 2: 44/159 Loss: 0.574596
2022-12-23 19:08: Train Epoch 2: 45/159 Loss: 0.591829
2022-12-23 19:08: Train Epoch 2: 46/159 Loss: 0.566783
2022-12-23 19:08: Train Epoch 2: 47/159 Loss: 0.574814
2022-12-23 19:08: Train Epoch 2: 48/159 Loss: 0.619853
2022-12-23 19:08: Train Epoch 2: 49/159 Loss: 0.575556
2022-12-23 19:09: Train Epoch 2: 50/159 Loss: 0.593993
2022-12-23 19:09: Train Epoch 2: 51/159 Loss: 0.545541
2022-12-23 19:09: Train Epoch 2: 52/159 Loss: 0.606003
2022-12-23 19:09: Train Epoch 2: 53/159 Loss: 0.567228
2022-12-23 19:09: Train Epoch 2: 54/159 Loss: 0.537266
2022-12-23 19:09: Train Epoch 2: 55/159 Loss: 0.558115
2022-12-23 19:09: Train Epoch 2: 56/159 Loss: 0.556763
2022-12-23 19:09: Train Epoch 2: 57/159 Loss: 0.576364
2022-12-23 19:09: Train Epoch 2: 58/159 Loss: 0.603667
2022-12-23 19:09: Train Epoch 2: 59/159 Loss: 0.562312
2022-12-23 19:09: Train Epoch 2: 60/159 Loss: 0.577990
2022-12-23 19:09: Train Epoch 2: 61/159 Loss: 0.556515
2022-12-23 19:10: Train Epoch 2: 62/159 Loss: 0.657426
2022-12-23 19:10: Train Epoch 2: 63/159 Loss: 0.569436
2022-12-23 19:10: Train Epoch 2: 64/159 Loss: 0.606903
2022-12-23 19:10: Train Epoch 2: 65/159 Loss: 0.578248
2022-12-23 19:10: Train Epoch 2: 66/159 Loss: 0.563560
2022-12-23 19:10: Train Epoch 2: 67/159 Loss: 0.532047
2022-12-23 19:10: Train Epoch 2: 68/159 Loss: 0.559176
2022-12-23 19:10: Train Epoch 2: 69/159 Loss: 0.625424
2022-12-23 19:10: Train Epoch 2: 70/159 Loss: 0.539766
2022-12-23 19:10: Train Epoch 2: 71/159 Loss: 0.554376
2022-12-23 19:10: Train Epoch 2: 72/159 Loss: 0.563551
2022-12-23 19:10: Train Epoch 2: 73/159 Loss: 0.549727
2022-12-23 19:11: Train Epoch 2: 74/159 Loss: 0.532080
2022-12-23 19:11: Train Epoch 2: 75/159 Loss: 0.590548
2022-12-23 19:11: Train Epoch 2: 76/159 Loss: 0.556941
2022-12-23 19:11: Train Epoch 2: 77/159 Loss: 0.584374
2022-12-23 19:11: Train Epoch 2: 78/159 Loss: 0.572870
2022-12-23 19:11: Train Epoch 2: 79/159 Loss: 0.580106
2022-12-23 19:11: Train Epoch 2: 80/159 Loss: 0.597768
2022-12-23 19:11: Train Epoch 2: 81/159 Loss: 0.521017
2022-12-23 19:11: Train Epoch 2: 82/159 Loss: 0.539224
2022-12-23 19:11: Train Epoch 2: 83/159 Loss: 0.578792
2022-12-23 19:11: Train Epoch 2: 84/159 Loss: 0.527359
2022-12-23 19:11: Train Epoch 2: 85/159 Loss: 0.560640
2022-12-23 19:12: Train Epoch 2: 86/159 Loss: 0.573916
2022-12-23 19:12: Train Epoch 2: 87/159 Loss: 0.603630
2022-12-23 19:12: Train Epoch 2: 88/159 Loss: 0.567413
2022-12-23 19:12: Train Epoch 2: 89/159 Loss: 0.585226
2022-12-23 19:12: Train Epoch 2: 90/159 Loss: 0.588995
2022-12-23 19:12: Train Epoch 2: 91/159 Loss: 0.547361
2022-12-23 19:12: Train Epoch 2: 92/159 Loss: 0.590407
2022-12-23 19:12: Train Epoch 2: 93/159 Loss: 0.619730
2022-12-23 19:12: Train Epoch 2: 94/159 Loss: 0.588379
2022-12-23 19:12: Train Epoch 2: 95/159 Loss: 0.548076
2022-12-23 19:12: Train Epoch 2: 96/159 Loss: 0.599328
2022-12-23 19:12: Train Epoch 2: 97/159 Loss: 0.524957
2022-12-23 19:13: Train Epoch 2: 98/159 Loss: 0.570533
2022-12-23 19:13: Train Epoch 2: 99/159 Loss: 0.540885
2022-12-23 19:13: Train Epoch 2: 100/159 Loss: 0.562080
2022-12-23 19:13: Train Epoch 2: 101/159 Loss: 0.562760
2022-12-23 19:13: Train Epoch 2: 102/159 Loss: 0.550613
2022-12-23 19:13: Train Epoch 2: 103/159 Loss: 0.570499
2022-12-23 19:13: Train Epoch 2: 104/159 Loss: 0.555279
2022-12-23 19:13: Train Epoch 2: 105/159 Loss: 0.546441
2022-12-23 19:13: Train Epoch 2: 106/159 Loss: 0.569193
2022-12-23 19:13: Train Epoch 2: 107/159 Loss: 0.560141
2022-12-23 19:13: Train Epoch 2: 108/159 Loss: 0.630140
2022-12-23 19:13: Train Epoch 2: 109/159 Loss: 0.584409
2022-12-23 19:14: Train Epoch 2: 110/159 Loss: 0.597910
2022-12-23 19:14: Train Epoch 2: 111/159 Loss: 0.554491
2022-12-23 19:14: Train Epoch 2: 112/159 Loss: 0.535000
2022-12-23 19:14: Train Epoch 2: 113/159 Loss: 0.596080
2022-12-23 19:14: Train Epoch 2: 114/159 Loss: 0.572364
2022-12-23 19:14: Train Epoch 2: 115/159 Loss: 0.575748
2022-12-23 19:14: Train Epoch 2: 116/159 Loss: 0.582449
2022-12-23 19:14: Train Epoch 2: 117/159 Loss: 0.522696
2022-12-23 19:14: Train Epoch 2: 118/159 Loss: 0.561050
2022-12-23 19:14: Train Epoch 2: 119/159 Loss: 0.607973
2022-12-23 19:14: Train Epoch 2: 120/159 Loss: 0.544780
2022-12-23 19:15: Train Epoch 2: 121/159 Loss: 0.609563
2022-12-23 19:15: Train Epoch 2: 122/159 Loss: 0.539425
2022-12-23 19:15: Train Epoch 2: 123/159 Loss: 0.573317
2022-12-23 19:15: Train Epoch 2: 124/159 Loss: 0.645475
2022-12-23 19:15: Train Epoch 2: 125/159 Loss: 0.605595
2022-12-23 19:15: Train Epoch 2: 126/159 Loss: 0.558148
2022-12-23 19:15: Train Epoch 2: 127/159 Loss: 0.560338
2022-12-23 19:15: Train Epoch 2: 128/159 Loss: 0.613228
2022-12-23 19:15: Train Epoch 2: 129/159 Loss: 0.560378
2022-12-23 19:15: Train Epoch 2: 130/159 Loss: 0.550510
2022-12-23 19:15: Train Epoch 2: 131/159 Loss: 0.598637
2022-12-23 19:15: Train Epoch 2: 132/159 Loss: 0.541760
2022-12-23 19:15: Train Epoch 2: 133/159 Loss: 0.534412
2022-12-23 19:16: Train Epoch 2: 134/159 Loss: 0.581453
2022-12-23 19:16: Train Epoch 2: 135/159 Loss: 0.571692
2022-12-23 19:16: Train Epoch 2: 136/159 Loss: 0.540814
2022-12-23 19:16: Train Epoch 2: 137/159 Loss: 0.521381
2022-12-23 19:16: Train Epoch 2: 138/159 Loss: 0.570614
2022-12-23 19:16: Train Epoch 2: 139/159 Loss: 0.508065
2022-12-23 19:16: Train Epoch 2: 140/159 Loss: 0.559093
2022-12-23 19:16: Train Epoch 2: 141/159 Loss: 0.554018
2022-12-23 19:16: Train Epoch 2: 142/159 Loss: 0.601048
2022-12-23 19:16: Train Epoch 2: 143/159 Loss: 0.534099
2022-12-23 19:16: Train Epoch 2: 144/159 Loss: 0.591484
2022-12-23 19:16: Train Epoch 2: 145/159 Loss: 0.563964
2022-12-23 19:17: Train Epoch 2: 146/159 Loss: 0.575985
2022-12-23 19:17: Train Epoch 2: 147/159 Loss: 0.554234
2022-12-23 19:17: Train Epoch 2: 148/159 Loss: 0.542572
2022-12-23 19:17: Train Epoch 2: 149/159 Loss: 0.531448
2022-12-23 19:17: Train Epoch 2: 150/159 Loss: 0.550179
2022-12-23 19:17: Train Epoch 2: 151/159 Loss: 0.598306
2022-12-23 19:17: Train Epoch 2: 152/159 Loss: 0.506048
2022-12-23 19:17: Train Epoch 2: 153/159 Loss: 0.595498
2022-12-23 19:17: Train Epoch 2: 154/159 Loss: 0.559796
2022-12-23 19:17: Train Epoch 2: 155/159 Loss: 0.639182
2022-12-23 19:17: Train Epoch 2: 156/159 Loss: 0.578806
2022-12-23 19:17: Train Epoch 2: 157/159 Loss: 0.579103
2022-12-23 19:17: Train Epoch 2: 158/159 Loss: 0.535934
2022-12-23 19:17: **********Train Epoch 2: averaged Loss: 0.568432 
2022-12-23 19:17: 
Epoch time elapsed: 787.3718800544739

2022-12-23 19:18: 
 metrics validation: {'precision': 0.0, 'recall': 0.0, 'f1-score': 0.0, 'support': 1300, 'AUC': 0.7815011834319527, 'AUCPR': 0.5683427826617671, 'TP': 0, 'FP': 0, 'TN': 2600, 'FN': 1300} 

2022-12-23 19:18: **********Val Epoch 2: average Loss: 0.531658
2022-12-23 19:18: *********************************Current best model saved!
2022-12-23 19:18: 
 Testing metrics {'precision': 0.0, 'recall': 0.0, 'f1-score': 0.0, 'support': 1228, 'AUC': 0.8282655850459952, 'AUCPR': 0.6296322839349894, 'TP': 0, 'FP': 0, 'TN': 2456, 'FN': 1228} 

2022-12-23 19:18: Train Epoch 3: 0/159 Loss: 0.551053
2022-12-23 19:18: Train Epoch 3: 1/159 Loss: 0.527539
2022-12-23 19:18: Train Epoch 3: 2/159 Loss: 0.532094
2022-12-23 19:19: Train Epoch 3: 3/159 Loss: 0.566154
