2023-01-05 19:58: log dir: /home/joel.chacon/tmp/convLSTM/WildFire_GCN/experiments/2020/2023010519584498892154013
2023-01-05 19:58: Experiment log path in: /home/joel.chacon/tmp/convLSTM/WildFire_GCN/experiments/2020/2023010519584498892154013
2023-01-05 19:58: Argument: Namespace(batch_size=256, clc='vec', cuda=True, dataset='2020', dataset_root='/home/joel.chacon/tmp/datasets_grl/', debug=False, default_graph=True, device='cpu', dynamic_features=['1 km 16 days NDVI', 'LST_Day_1km', 'LST_Night_1km', 'era5_max_d2m', 'era5_max_t2m', 'era5_max_sp', 'era5_max_tp', 'sminx', 'era5_max_wind_speed', 'era5_min_rh'], early_stop=True, early_stop_patience=5, embed_dim=32, epochs=30, grad_norm=False, horizon=1, input_dim=25, lag=10, link_len=2, log_dir='/home/joel.chacon/tmp/convLSTM/WildFire_GCN/experiments/2020/2023010519584498892154013', log_step=1, loss_func='nllloss', lr_decay=True, lr_decay_rate=0.1, lr_decay_step='15', lr_init=0.0001, max_grad_norm=5, minbatch_size=64, mode='train', model='fire_GCN', nan_fill=-1.0, num_layers=1, num_nodes=625, num_workers=12, output_dim=2, patch_height=25, patch_width=25, persistent_workers=True, pin_memory=True, plot=False, positive_weight=0.5, prefetch_factor=2, real_value=True, rnn_units=32, seed=10000, static_features=['dem_mean', 'slope_mean', 'roads_distance', 'waterway_distance', 'population_density'], teacher_forcing=False, weight_decay=0.01, window_len=10)
2023-01-05 19:58: Argument batch_size: 256
2023-01-05 19:58: Argument clc: 'vec'
2023-01-05 19:58: Argument cuda: True
2023-01-05 19:58: Argument dataset: '2020'
2023-01-05 19:58: Argument dataset_root: '/home/joel.chacon/tmp/datasets_grl/'
2023-01-05 19:58: Argument debug: False
2023-01-05 19:58: Argument default_graph: True
2023-01-05 19:58: Argument device: 'cpu'
2023-01-05 19:58: Argument dynamic_features: ['1 km 16 days NDVI', 'LST_Day_1km', 'LST_Night_1km', 'era5_max_d2m', 'era5_max_t2m', 'era5_max_sp', 'era5_max_tp', 'sminx', 'era5_max_wind_speed', 'era5_min_rh']
2023-01-05 19:58: Argument early_stop: True
2023-01-05 19:58: Argument early_stop_patience: 5
2023-01-05 19:58: Argument embed_dim: 32
2023-01-05 19:58: Argument epochs: 30
2023-01-05 19:58: Argument grad_norm: False
2023-01-05 19:58: Argument horizon: 1
2023-01-05 19:58: Argument input_dim: 25
2023-01-05 19:58: Argument lag: 10
2023-01-05 19:58: Argument link_len: 2
2023-01-05 19:58: Argument log_dir: '/home/joel.chacon/tmp/convLSTM/WildFire_GCN/experiments/2020/2023010519584498892154013'
2023-01-05 19:58: Argument log_step: 1
2023-01-05 19:58: Argument loss_func: 'nllloss'
2023-01-05 19:58: Argument lr_decay: True
2023-01-05 19:58: Argument lr_decay_rate: 0.1
2023-01-05 19:58: Argument lr_decay_step: '15'
2023-01-05 19:58: Argument lr_init: 0.0001
2023-01-05 19:58: Argument max_grad_norm: 5
2023-01-05 19:58: Argument minbatch_size: 64
2023-01-05 19:58: Argument mode: 'train'
2023-01-05 19:58: Argument model: 'fire_GCN'
2023-01-05 19:58: Argument nan_fill: -1.0
2023-01-05 19:58: Argument num_layers: 1
2023-01-05 19:58: Argument num_nodes: 625
2023-01-05 19:58: Argument num_workers: 12
2023-01-05 19:58: Argument output_dim: 2
2023-01-05 19:58: Argument patch_height: 25
2023-01-05 19:58: Argument patch_width: 25
2023-01-05 19:58: Argument persistent_workers: True
2023-01-05 19:58: Argument pin_memory: True
2023-01-05 19:58: Argument plot: False
2023-01-05 19:58: Argument positive_weight: 0.5
2023-01-05 19:58: Argument prefetch_factor: 2
2023-01-05 19:58: Argument real_value: True
2023-01-05 19:58: Argument rnn_units: 32
2023-01-05 19:58: Argument seed: 10000
2023-01-05 19:58: Argument static_features: ['dem_mean', 'slope_mean', 'roads_distance', 'waterway_distance', 'population_density']
2023-01-05 19:58: Argument teacher_forcing: False
2023-01-05 19:58: Argument weight_decay: 0.01
2023-01-05 19:58: Argument window_len: 10
2023-01-05 19:58: tensor([[0.1829, 0.8171],
        [0.0504, 0.9496],
        [0.5644, 0.4356],
        [0.1512, 0.8488],
        [0.3689, 0.6311],
        [0.8904, 0.1096],
        [0.6446, 0.3554],
        [0.8512, 0.1488],
        [0.9802, 0.0198],
        [0.0299, 0.9701],
        [0.2965, 0.7035],
        [0.0054, 0.9946],
        [0.3408, 0.6592],
        [0.6758, 0.3242],
        [0.9933, 0.0067],
        [0.2041, 0.7959],
        [0.4296, 0.5704],
        [0.9938, 0.0062],
        [0.0162, 0.9838],
        [0.8359, 0.1641],
        [0.3200, 0.6800],
        [0.7010, 0.2990],
        [0.3008, 0.6992],
        [0.6304, 0.3696],
        [0.0441, 0.9559],
        [0.8295, 0.1705],
        [0.8689, 0.1311],
        [0.3045, 0.6955],
        [0.7823, 0.2177],
        [0.3699, 0.6301],
        [0.3662, 0.6338],
        [0.5816, 0.4184],
        [0.1214, 0.8786],
        [0.5345, 0.4655],
        [0.9983, 0.0017],
        [0.2616, 0.7384],
        [0.8238, 0.1762],
        [0.0154, 0.9846],
        [0.9134, 0.0866],
        [0.9822, 0.0178],
        [0.8312, 0.1688],
        [0.8860, 0.1140],
        [0.8718, 0.1282],
        [0.2281, 0.7719],
        [0.4983, 0.5017],
        [0.4950, 0.5050],
        [0.7716, 0.2284],
        [0.4984, 0.5016],
        [0.0435, 0.9565],
        [0.4269, 0.5731],
        [0.4099, 0.5901],
        [0.2814, 0.7186],
        [0.2661, 0.7339],
        [0.9870, 0.0130],
        [0.7581, 0.2419],
        [0.8568, 0.1432],
        [0.9167, 0.0833],
        [0.3532, 0.6468],
        [0.9984, 0.0016],
        [0.9665, 0.0335],
        [0.9768, 0.0232],
        [0.6994, 0.3006],
        [0.1853, 0.8147],
        [0.8460, 0.1540]], grad_fn=<ExpBackward0>) <-----
2023-01-05 19:58: tensor([[6.0896e-01, 3.9104e-01],
        [8.7573e-01, 1.2427e-01],
        [9.9415e-01, 5.8516e-03],
        [9.9732e-01, 2.6825e-03],
        [9.6459e-01, 3.5409e-02],
        [1.0401e-01, 8.9599e-01],
        [9.7700e-01, 2.3002e-02],
        [5.5730e-02, 9.4427e-01],
        [4.1197e-01, 5.8803e-01],
        [9.9980e-01, 2.0381e-04],
        [9.3567e-01, 6.4326e-02],
        [1.1023e-02, 9.8898e-01],
        [3.8979e-02, 9.6102e-01],
        [9.6885e-01, 3.1150e-02],
        [9.3220e-02, 9.0678e-01],
        [9.7827e-01, 2.1728e-02],
        [1.6993e-02, 9.8301e-01],
        [5.1832e-01, 4.8168e-01],
        [8.9510e-01, 1.0490e-01],
        [1.7836e-01, 8.2164e-01],
        [1.1806e-02, 9.8819e-01],
        [9.6289e-01, 3.7109e-02],
        [3.5469e-01, 6.4531e-01],
        [4.6009e-01, 5.3991e-01],
        [4.4897e-04, 9.9955e-01],
        [1.5317e-03, 9.9847e-01],
        [9.3641e-01, 6.3589e-02],
        [4.2984e-02, 9.5702e-01],
        [3.0316e-02, 9.6968e-01],
        [8.5639e-01, 1.4361e-01],
        [7.7801e-01, 2.2199e-01],
        [9.9834e-01, 1.6571e-03],
        [1.3636e-01, 8.6364e-01],
        [5.3484e-01, 4.6516e-01],
        [6.8034e-01, 3.1966e-01],
        [7.2724e-01, 2.7276e-01],
        [2.0223e-01, 7.9777e-01],
        [9.8781e-01, 1.2187e-02],
        [9.9546e-01, 4.5420e-03],
        [2.2439e-02, 9.7756e-01],
        [1.0730e-02, 9.8927e-01],
        [4.2624e-01, 5.7376e-01],
        [1.4966e-01, 8.5034e-01],
        [1.4744e-01, 8.5256e-01],
        [8.5001e-01, 1.4999e-01],
        [9.9289e-01, 7.1071e-03],
        [6.3389e-01, 3.6611e-01],
        [4.6085e-01, 5.3915e-01],
        [9.7057e-01, 2.9425e-02],
        [9.2773e-01, 7.2265e-02],
        [4.0418e-01, 5.9582e-01],
        [7.4153e-03, 9.9258e-01],
        [8.2335e-01, 1.7665e-01],
        [8.1662e-01, 1.8338e-01],
        [8.0566e-03, 9.9194e-01],
        [6.8968e-01, 3.1032e-01],
        [6.5536e-01, 3.4464e-01],
        [5.9606e-01, 4.0394e-01],
        [7.0849e-02, 9.2915e-01],
        [1.9568e-01, 8.0432e-01],
        [9.0768e-01, 9.2317e-02],
        [9.6146e-02, 9.0385e-01],
        [7.5151e-01, 2.4849e-01],
        [7.6506e-01, 2.3494e-01]], grad_fn=<ExpBackward0>) <-----
2023-01-05 19:58: tensor([[9.4405e-01, 5.5955e-02],
        [9.7099e-01, 2.9011e-02],
        [9.8085e-01, 1.9155e-02],
        [2.3444e-01, 7.6556e-01],
        [9.7193e-01, 2.8066e-02],
        [7.8464e-01, 2.1536e-01],
        [6.7642e-01, 3.2358e-01],
        [2.4737e-01, 7.5263e-01],
        [4.3019e-02, 9.5698e-01],
        [4.2632e-01, 5.7368e-01],
        [8.5294e-01, 1.4706e-01],
        [9.8838e-01, 1.1619e-02],
        [7.1004e-01, 2.8996e-01],
        [9.2119e-01, 7.8808e-02],
        [8.0966e-01, 1.9034e-01],
        [9.6564e-01, 3.4356e-02],
        [5.5985e-01, 4.4015e-01],
        [2.0473e-03, 9.9795e-01],
        [8.1247e-01, 1.8753e-01],
        [6.3261e-01, 3.6739e-01],
        [8.9738e-01, 1.0262e-01],
        [2.9794e-03, 9.9702e-01],
        [6.1167e-01, 3.8833e-01],
        [5.2408e-02, 9.4759e-01],
        [7.7472e-01, 2.2528e-01],
        [7.7413e-01, 2.2587e-01],
        [9.0684e-01, 9.3160e-02],
        [9.8293e-01, 1.7071e-02],
        [9.7624e-01, 2.3764e-02],
        [9.8793e-01, 1.2074e-02],
        [5.8987e-01, 4.1013e-01],
        [6.4598e-01, 3.5402e-01],
        [2.6346e-01, 7.3654e-01],
        [7.6505e-01, 2.3495e-01],
        [9.9448e-01, 5.5241e-03],
        [2.7594e-01, 7.2406e-01],
        [7.0863e-01, 2.9137e-01],
        [8.2639e-01, 1.7361e-01],
        [9.6347e-01, 3.6527e-02],
        [9.5595e-01, 4.4053e-02],
        [5.7575e-01, 4.2425e-01],
        [8.0292e-02, 9.1971e-01],
        [7.3952e-01, 2.6048e-01],
        [1.3312e-01, 8.6688e-01],
        [9.5839e-01, 4.1614e-02],
        [7.7463e-01, 2.2537e-01],
        [9.6332e-01, 3.6682e-02],
        [9.7381e-01, 2.6194e-02],
        [2.3779e-01, 7.6221e-01],
        [9.9936e-01, 6.3547e-04],
        [4.8818e-01, 5.1182e-01],
        [6.6735e-01, 3.3265e-01],
        [4.2715e-01, 5.7285e-01],
        [9.8349e-01, 1.6507e-02],
        [9.9802e-01, 1.9844e-03],
        [3.9675e-01, 6.0325e-01],
        [1.8450e-01, 8.1550e-01],
        [3.9943e-01, 6.0057e-01],
        [4.2606e-01, 5.7394e-01],
        [9.5799e-01, 4.2007e-02],
        [8.8821e-01, 1.1179e-01],
        [5.7680e-01, 4.2320e-01],
        [2.8637e-01, 7.1363e-01],
        [2.7885e-01, 7.2115e-01]], grad_fn=<ExpBackward0>) <-----
2023-01-05 19:58: tensor([[0.0474, 0.9526],
        [0.0098, 0.9902],
        [0.8900, 0.1100],
        [0.5773, 0.4227],
        [0.6731, 0.3269],
        [0.0045, 0.9955],
        [0.9920, 0.0080],
        [0.5864, 0.4136],
        [0.9715, 0.0285],
        [0.2749, 0.7251],
        [0.0872, 0.9128],
        [0.9427, 0.0573],
        [0.3615, 0.6385],
        [0.9964, 0.0036],
        [0.9633, 0.0367],
        [0.6223, 0.3777],
        [0.9981, 0.0019],
        [0.3294, 0.6706],
        [0.7589, 0.2411],
        [0.0094, 0.9906],
        [0.4665, 0.5335],
        [0.3822, 0.6178],
        [0.0638, 0.9362],
        [0.0169, 0.9831],
        [0.3024, 0.6976],
        [0.9777, 0.0223],
        [0.2792, 0.7208],
        [0.9865, 0.0135],
        [0.6605, 0.3395],
        [0.0686, 0.9314],
        [0.8924, 0.1076],
        [0.2676, 0.7324],
        [0.9715, 0.0285],
        [0.5920, 0.4080],
        [0.6521, 0.3479],
        [0.6339, 0.3661],
        [0.0041, 0.9959],
        [0.6724, 0.3276],
        [0.0466, 0.9534],
        [0.1213, 0.8787],
        [0.1150, 0.8850],
        [0.8919, 0.1081],
        [0.9946, 0.0054],
        [0.1342, 0.8658],
        [0.9862, 0.0138],
        [0.9664, 0.0336],
        [0.8319, 0.1681],
        [0.4469, 0.5531],
        [0.8864, 0.1136],
        [0.0546, 0.9454],
        [0.8831, 0.1169],
        [0.5869, 0.4131],
        [0.6092, 0.3908],
        [0.5253, 0.4747],
        [0.0643, 0.9357],
        [0.0133, 0.9867],
        [0.9538, 0.0462],
        [0.3507, 0.6493],
        [0.7690, 0.2310],
        [0.6047, 0.3953],
        [0.0296, 0.9704],
        [0.8289, 0.1711],
        [0.0084, 0.9916],
        [0.6969, 0.3031]], grad_fn=<ExpBackward0>) <-----
2023-01-05 19:58: Train Epoch 1: 3/634 Loss: 0.579101
2023-01-05 19:58: tensor([[0.4341, 0.5659],
        [0.7812, 0.2188],
        [0.0217, 0.9783],
        [0.6869, 0.3131],
        [0.9367, 0.0633],
        [0.3540, 0.6460],
        [0.9902, 0.0098],
        [0.8149, 0.1851],
        [0.2726, 0.7274],
        [0.9751, 0.0249],
        [0.9824, 0.0176],
        [0.7113, 0.2887],
        [0.8218, 0.1782],
        [0.8354, 0.1646],
        [0.2864, 0.7136],
        [0.7471, 0.2529],
        [0.9820, 0.0180],
        [0.0322, 0.9678],
        [0.1028, 0.8972],
        [0.9691, 0.0309],
        [0.9854, 0.0146],
        [0.8668, 0.1332],
        [0.9714, 0.0286],
        [0.5417, 0.4583],
        [0.9623, 0.0377],
        [0.3081, 0.6919],
        [0.8897, 0.1103],
        [0.9646, 0.0354],
        [0.3852, 0.6148],
        [0.9004, 0.0996],
        [0.1784, 0.8216],
        [0.0285, 0.9715],
        [0.4398, 0.5602],
        [0.9522, 0.0478],
        [0.6221, 0.3779],
        [0.9392, 0.0608],
        [0.2398, 0.7602],
        [0.1530, 0.8470],
        [0.6886, 0.3114],
        [0.2944, 0.7056],
        [0.7599, 0.2401],
        [0.0065, 0.9935],
        [0.9368, 0.0632],
        [0.9819, 0.0181],
        [0.1447, 0.8553],
        [0.9916, 0.0084],
        [0.8347, 0.1653],
        [0.9239, 0.0761],
        [0.6320, 0.3680],
        [0.0154, 0.9846],
        [0.9670, 0.0330],
        [0.9105, 0.0895],
        [0.9545, 0.0455],
        [0.7513, 0.2487],
        [0.9614, 0.0386],
        [0.0827, 0.9173],
        [0.6870, 0.3130],
        [0.8091, 0.1909],
        [0.3106, 0.6894],
        [0.1061, 0.8939],
        [0.5319, 0.4681],
        [0.9717, 0.0283],
        [0.8611, 0.1389],
        [0.8833, 0.1167]], grad_fn=<ExpBackward0>) <-----
2023-01-05 19:58: tensor([[0.9792, 0.0208],
        [0.9861, 0.0139],
        [0.8082, 0.1918],
        [0.4334, 0.5666],
        [0.3853, 0.6147],
        [0.1871, 0.8129],
        [0.1923, 0.8077],
        [0.1533, 0.8467],
        [0.9912, 0.0088],
        [0.1019, 0.8981],
        [0.9078, 0.0922],
        [0.4786, 0.5214],
        [0.2690, 0.7310],
        [0.8382, 0.1618],
        [0.3052, 0.6948],
        [0.0169, 0.9831],
        [0.4397, 0.5603],
        [0.9929, 0.0071],
        [0.9086, 0.0914],
        [0.2530, 0.7470],
        [0.4144, 0.5856],
        [0.8926, 0.1074],
        [0.3300, 0.6700],
        [0.6708, 0.3292],
        [0.7115, 0.2885],
        [0.0643, 0.9357],
        [0.3934, 0.6066],
        [0.9535, 0.0465],
        [0.9815, 0.0185],
        [0.0233, 0.9767],
        [0.6083, 0.3917],
        [0.7216, 0.2784],
        [0.9349, 0.0651],
        [0.2112, 0.7888],
        [0.8557, 0.1443],
        [0.5683, 0.4317],
        [0.9902, 0.0098],
        [0.6141, 0.3859],
        [0.4437, 0.5563],
        [0.6467, 0.3533],
        [0.9603, 0.0397],
        [0.2437, 0.7563],
        [0.7656, 0.2344],
        [0.9588, 0.0412],
        [0.9954, 0.0046],
        [0.9436, 0.0564],
        [0.8488, 0.1512],
        [0.6533, 0.3467],
        [0.7681, 0.2319],
        [0.9411, 0.0589],
        [0.0511, 0.9489],
        [0.9449, 0.0551],
        [0.5491, 0.4509],
        [0.8050, 0.1950],
        [0.9088, 0.0912],
        [0.5470, 0.4530],
        [0.5555, 0.4445],
        [0.0622, 0.9378],
        [0.7088, 0.2912],
        [0.4582, 0.5418],
        [0.4120, 0.5880],
        [0.1647, 0.8353],
        [0.7072, 0.2928],
        [0.8344, 0.1656]], grad_fn=<ExpBackward0>) <-----
2023-01-05 19:58: tensor([[0.9814, 0.0186],
        [0.4327, 0.5673],
        [0.4926, 0.5074],
        [0.1198, 0.8802],
        [0.9040, 0.0960],
        [0.2631, 0.7369],
        [0.2952, 0.7048],
        [0.8839, 0.1161],
        [0.4263, 0.5737],
        [0.8585, 0.1415],
        [0.5949, 0.4051],
        [0.0014, 0.9986],
        [0.8566, 0.1434],
        [0.3926, 0.6074],
        [0.8249, 0.1751],
        [0.8212, 0.1788],
        [0.8664, 0.1336],
        [0.9170, 0.0830],
        [0.7456, 0.2544],
        [0.9643, 0.0357],
        [0.4418, 0.5582],
        [0.1458, 0.8542],
        [0.3464, 0.6536],
        [0.2039, 0.7961],
        [0.3021, 0.6979],
        [0.3654, 0.6346],
        [0.6222, 0.3778],
        [0.3975, 0.6025],
        [0.6872, 0.3128],
        [0.0751, 0.9249],
        [0.6870, 0.3130],
        [0.7490, 0.2510],
        [0.9106, 0.0894],
        [0.7886, 0.2114],
        [0.6750, 0.3250],
        [0.9174, 0.0826],
        [0.8944, 0.1056],
        [0.0182, 0.9818],
        [0.9391, 0.0609],
        [0.0558, 0.9442],
        [0.6931, 0.3069],
        [0.2698, 0.7302],
        [0.7129, 0.2871],
        [0.9746, 0.0254],
        [0.5156, 0.4844],
        [0.6819, 0.3181],
        [0.9152, 0.0848],
        [0.8912, 0.1088],
        [0.8710, 0.1290],
        [0.5422, 0.4578],
        [0.9631, 0.0369],
        [0.3453, 0.6547],
        [0.9052, 0.0948],
        [0.3056, 0.6944],
        [0.9724, 0.0276],
        [0.0193, 0.9807],
        [0.4674, 0.5326],
        [0.5633, 0.4367],
        [0.5596, 0.4404],
        [0.0441, 0.9559],
        [0.7349, 0.2651],
        [0.0454, 0.9546],
        [0.1129, 0.8871],
        [0.9666, 0.0334]], grad_fn=<ExpBackward0>) <-----
2023-01-05 19:58: tensor([[0.7940, 0.2060],
        [0.1257, 0.8743],
        [0.4195, 0.5805],
        [0.0117, 0.9883],
        [0.6987, 0.3013],
        [0.9038, 0.0962],
        [0.0214, 0.9786],
        [0.1900, 0.8100],
        [0.8054, 0.1946],
        [0.8278, 0.1722],
        [0.2292, 0.7708],
        [0.3568, 0.6432],
        [0.7777, 0.2223],
        [0.8697, 0.1303],
        [0.4630, 0.5370],
        [0.3779, 0.6221],
        [0.0516, 0.9484],
        [0.9272, 0.0728],
        [0.2432, 0.7568],
        [0.9277, 0.0723],
        [0.9982, 0.0018],
        [0.6249, 0.3751],
        [0.0438, 0.9562],
        [0.7025, 0.2975],
        [0.2116, 0.7884],
        [0.2659, 0.7341],
        [0.9341, 0.0659],
        [0.8691, 0.1309],
        [0.8515, 0.1485],
        [0.1647, 0.8353],
        [0.4025, 0.5975],
        [0.5251, 0.4749],
        [0.8803, 0.1197],
        [0.5810, 0.4190],
        [0.0088, 0.9912],
        [0.8864, 0.1136],
        [0.9151, 0.0849],
        [0.7695, 0.2305],
        [0.9014, 0.0986],
        [0.5017, 0.4983],
        [0.1781, 0.8219],
        [0.8750, 0.1250],
        [0.1670, 0.8330],
        [0.0756, 0.9244],
        [0.9301, 0.0699],
        [0.8173, 0.1827],
        [0.8755, 0.1245],
        [0.6948, 0.3052],
        [0.2124, 0.7876],
        [0.1562, 0.8438],
        [0.3479, 0.6521],
        [0.1147, 0.8853],
        [0.0432, 0.9568],
        [0.0147, 0.9853],
        [0.7988, 0.2012],
        [0.5771, 0.4229],
        [0.4742, 0.5258],
        [0.8245, 0.1755],
        [0.6073, 0.3927],
        [0.8886, 0.1114],
        [0.6996, 0.3004],
        [0.2955, 0.7045],
        [0.0830, 0.9170],
        [0.7387, 0.2613]], grad_fn=<ExpBackward0>) <-----
2023-01-05 19:58: Train Epoch 1: 7/634 Loss: 0.486579
2023-01-05 19:58: tensor([[0.8623, 0.1377],
        [0.7433, 0.2567],
        [0.6167, 0.3833],
        [0.9514, 0.0486],
        [0.9518, 0.0482],
        [0.9817, 0.0183],
        [0.8126, 0.1874],
        [0.8264, 0.1736],
        [0.2689, 0.7311],
        [0.2073, 0.7927],
        [0.5560, 0.4440],
        [0.9508, 0.0492],
        [0.4206, 0.5794],
        [0.5868, 0.4132],
        [0.9663, 0.0337],
        [0.2954, 0.7046],
        [0.8687, 0.1313],
        [0.9334, 0.0666],
        [0.9715, 0.0285],
        [0.4762, 0.5238],
        [0.7272, 0.2728],
        [0.8073, 0.1927],
        [0.6974, 0.3026],
        [0.9772, 0.0228],
        [0.3631, 0.6369],
        [0.9388, 0.0612],
        [0.6376, 0.3624],
        [0.6164, 0.3836],
        [0.0452, 0.9548],
        [0.4965, 0.5035],
        [0.4994, 0.5006],
        [0.0203, 0.9797],
        [0.7612, 0.2388],
        [0.4669, 0.5331],
        [0.9885, 0.0115],
        [0.9623, 0.0377],
        [0.7355, 0.2645],
        [0.6080, 0.3920],
        [0.9977, 0.0023],
        [0.0830, 0.9170],
        [0.7290, 0.2710],
        [0.9423, 0.0577],
        [0.4609, 0.5391],
        [0.8757, 0.1243],
        [0.3465, 0.6535],
        [0.9768, 0.0232],
        [0.2637, 0.7363],
        [0.4629, 0.5371],
        [0.9013, 0.0987],
        [0.4460, 0.5540],
        [0.3307, 0.6693],
        [0.8671, 0.1329],
        [0.9944, 0.0056],
        [0.6256, 0.3744],
        [0.6289, 0.3711],
        [0.0054, 0.9946],
        [0.7345, 0.2655],
        [0.7996, 0.2004],
        [0.8904, 0.1096],
        [0.5205, 0.4795],
        [0.8331, 0.1669],
        [0.4765, 0.5235],
        [0.9058, 0.0942],
        [0.4306, 0.5694]], grad_fn=<ExpBackward0>) <-----
2023-01-05 19:58: tensor([[8.6882e-01, 1.3118e-01],
        [9.6270e-01, 3.7301e-02],
        [6.9003e-01, 3.0997e-01],
        [9.7055e-01, 2.9448e-02],
        [9.1616e-01, 8.3837e-02],
        [2.9363e-01, 7.0637e-01],
        [2.0270e-01, 7.9730e-01],
        [7.3253e-01, 2.6747e-01],
        [6.2028e-01, 3.7972e-01],
        [8.1645e-01, 1.8355e-01],
        [4.3393e-01, 5.6607e-01],
        [3.3391e-01, 6.6609e-01],
        [8.0054e-01, 1.9946e-01],
        [7.6553e-01, 2.3447e-01],
        [7.5687e-01, 2.4313e-01],
        [8.7233e-01, 1.2767e-01],
        [4.4199e-02, 9.5580e-01],
        [5.4408e-02, 9.4559e-01],
        [7.1048e-01, 2.8952e-01],
        [9.0851e-01, 9.1494e-02],
        [3.9689e-01, 6.0311e-01],
        [7.4901e-01, 2.5099e-01],
        [9.4577e-01, 5.4226e-02],
        [8.9520e-01, 1.0480e-01],
        [9.7441e-01, 2.5586e-02],
        [9.8439e-01, 1.5608e-02],
        [7.7740e-01, 2.2260e-01],
        [9.8588e-01, 1.4119e-02],
        [9.2092e-01, 7.9084e-02],
        [8.2650e-01, 1.7350e-01],
        [9.3838e-01, 6.1616e-02],
        [8.0986e-01, 1.9014e-01],
        [7.8180e-01, 2.1820e-01],
        [2.5575e-01, 7.4425e-01],
        [1.4308e-01, 8.5692e-01],
        [8.7187e-01, 1.2813e-01],
        [5.1906e-01, 4.8094e-01],
        [4.6456e-01, 5.3544e-01],
        [2.0078e-01, 7.9922e-01],
        [3.1482e-01, 6.8518e-01],
        [8.3319e-01, 1.6681e-01],
        [5.8525e-01, 4.1475e-01],
        [4.9475e-01, 5.0525e-01],
        [3.4481e-01, 6.5519e-01],
        [2.6153e-01, 7.3847e-01],
        [9.7422e-01, 2.5778e-02],
        [4.0123e-01, 5.9878e-01],
        [8.8803e-01, 1.1197e-01],
        [9.0770e-01, 9.2301e-02],
        [8.6430e-01, 1.3570e-01],
        [8.4981e-01, 1.5019e-01],
        [9.9910e-01, 8.9824e-04],
        [7.3879e-02, 9.2612e-01],
        [6.1164e-01, 3.8836e-01],
        [5.4372e-01, 4.5628e-01],
        [1.9332e-01, 8.0668e-01],
        [1.4460e-01, 8.5540e-01],
        [7.7876e-01, 2.2124e-01],
        [9.9219e-01, 7.8078e-03],
        [3.6523e-01, 6.3477e-01],
        [5.2749e-01, 4.7251e-01],
        [4.3524e-01, 5.6476e-01],
        [9.9053e-01, 9.4663e-03],
        [9.7022e-01, 2.9783e-02]], grad_fn=<ExpBackward0>) <-----
2023-01-05 19:58: tensor([[0.9705, 0.0295],
        [0.9374, 0.0626],
        [0.6262, 0.3738],
        [0.8120, 0.1880],
        [0.8460, 0.1540],
        [0.5671, 0.4329],
        [0.1755, 0.8245],
        [0.9890, 0.0110],
        [0.7560, 0.2440],
        [0.8835, 0.1165],
        [0.8998, 0.1002],
        [0.0428, 0.9572],
        [0.9322, 0.0678],
        [0.9093, 0.0907],
        [0.8479, 0.1521],
        [0.8167, 0.1833],
        [0.8953, 0.1047],
        [0.1500, 0.8500],
        [0.5766, 0.4234],
        [0.6107, 0.3893],
        [0.9049, 0.0951],
        [0.9039, 0.0961],
        [0.9042, 0.0958],
        [0.1170, 0.8830],
        [0.0927, 0.9073],
        [0.0249, 0.9751],
        [0.7707, 0.2293],
        [0.2802, 0.7198],
        [0.8325, 0.1675],
        [0.4075, 0.5925],
        [0.9663, 0.0337],
        [0.8423, 0.1577],
        [0.0922, 0.9078],
        [0.3142, 0.6858],
        [0.0790, 0.9210],
        [0.1753, 0.8247],
        [0.1025, 0.8975],
        [0.3991, 0.6009],
        [0.5370, 0.4630],
        [0.9496, 0.0504],
        [0.8870, 0.1130],
        [0.8987, 0.1013],
        [0.5415, 0.4585],
        [0.2969, 0.7031],
        [0.9921, 0.0079],
        [0.9931, 0.0069],
        [0.8941, 0.1059],
        [0.6971, 0.3029],
        [0.8006, 0.1994],
        [0.3902, 0.6098],
        [0.9601, 0.0399],
        [0.1912, 0.8088],
        [0.1084, 0.8916],
        [0.3643, 0.6357],
        [0.1460, 0.8540],
        [0.2082, 0.7918],
        [0.3735, 0.6265],
        [0.9878, 0.0122],
        [0.7941, 0.2059],
        [0.5544, 0.4456],
        [0.7945, 0.2055],
        [0.8148, 0.1852],
        [0.9176, 0.0824],
        [0.0381, 0.9619]], grad_fn=<ExpBackward0>) <-----
2023-01-05 19:58: tensor([[0.3638, 0.6362],
        [0.9379, 0.0621],
        [0.8456, 0.1544],
        [0.7160, 0.2840],
        [0.8181, 0.1819],
        [0.2143, 0.7857],
        [0.2950, 0.7050],
        [0.9540, 0.0460],
        [0.3098, 0.6902],
        [0.0866, 0.9134],
        [0.3649, 0.6351],
        [0.9831, 0.0169],
        [0.8453, 0.1547],
        [0.3863, 0.6137],
        [0.5151, 0.4849],
        [0.4563, 0.5437],
        [0.9507, 0.0493],
        [0.2921, 0.7079],
        [0.9288, 0.0712],
        [0.9776, 0.0224],
        [0.5041, 0.4959],
        [0.8651, 0.1349],
        [0.9837, 0.0163],
        [0.7647, 0.2353],
        [0.9473, 0.0527],
        [0.7270, 0.2730],
        [0.9949, 0.0051],
        [0.9226, 0.0774],
        [0.3186, 0.6814],
        [0.9768, 0.0232],
        [0.1494, 0.8506],
        [0.9005, 0.0995],
        [0.6160, 0.3840],
        [0.6364, 0.3636],
        [0.7398, 0.2602],
        [0.9858, 0.0142],
        [0.9714, 0.0286],
        [0.8265, 0.1735],
        [0.1860, 0.8140],
        [0.9685, 0.0315],
        [0.1822, 0.8178],
        [0.7528, 0.2472],
        [0.5442, 0.4558],
        [0.9697, 0.0303],
        [0.8148, 0.1852],
        [0.9968, 0.0032],
        [0.9517, 0.0483],
        [0.2194, 0.7806],
        [0.4594, 0.5406],
        [0.9438, 0.0562],
        [0.3022, 0.6978],
        [0.7557, 0.2443],
        [0.9059, 0.0941],
        [0.8823, 0.1177],
        [0.9776, 0.0224],
        [0.4519, 0.5481],
        [0.9120, 0.0880],
        [0.9695, 0.0305],
        [0.8317, 0.1683],
        [0.7131, 0.2869],
        [0.6697, 0.3303],
        [0.6476, 0.3524],
        [0.2650, 0.7350],
        [0.0908, 0.9092]], grad_fn=<ExpBackward0>) <-----
2023-01-05 19:58: Train Epoch 1: 11/634 Loss: 0.542404
2023-01-05 19:58: tensor([[0.9778, 0.0222],
        [0.2746, 0.7254],
        [0.6116, 0.3884],
        [0.6504, 0.3496],
        [0.5163, 0.4837],
        [0.2974, 0.7026],
        [0.4467, 0.5533],
        [0.4461, 0.5539],
        [0.8361, 0.1639],
        [0.5888, 0.4112],
        [0.8594, 0.1406],
        [0.8863, 0.1137],
        [0.9192, 0.0808],
        [0.9705, 0.0295],
        [0.6061, 0.3939],
        [0.9432, 0.0568],
        [0.7775, 0.2225],
        [0.9943, 0.0057],
        [0.7596, 0.2404],
        [0.9010, 0.0990],
        [0.9325, 0.0675],
        [0.6020, 0.3980],
        [0.8333, 0.1667],
        [0.4762, 0.5238],
        [0.0445, 0.9555],
        [0.9690, 0.0310],
        [0.9861, 0.0139],
        [0.6454, 0.3546],
        [0.9658, 0.0342],
        [0.9701, 0.0299],
        [0.9033, 0.0967],
        [0.5725, 0.4275],
        [0.6414, 0.3586],
        [0.6277, 0.3723],
        [0.1781, 0.8219],
        [0.8389, 0.1611],
        [0.8977, 0.1023],
        [0.0824, 0.9176],
        [0.4237, 0.5763],
        [0.9490, 0.0510],
        [0.5002, 0.4998],
        [0.2716, 0.7284],
        [0.9893, 0.0107],
        [0.0181, 0.9819],
        [0.9444, 0.0556],
        [0.5840, 0.4160],
        [0.3615, 0.6385],
        [0.7659, 0.2341],
        [0.2804, 0.7196],
        [0.6424, 0.3576],
        [0.2885, 0.7115],
        [0.2664, 0.7336],
        [0.5217, 0.4783],
        [0.2222, 0.7778],
        [0.1777, 0.8223],
        [0.9143, 0.0857],
        [0.8353, 0.1647],
        [0.5207, 0.4793],
        [0.8841, 0.1159],
        [0.5570, 0.4430],
        [0.7289, 0.2711],
        [0.8658, 0.1342],
        [0.9147, 0.0853],
        [0.1523, 0.8477]], grad_fn=<ExpBackward0>) <-----
2023-01-05 19:58: tensor([[0.7879, 0.2121],
        [0.8414, 0.1586],
        [0.7536, 0.2464],
        [0.2403, 0.7597],
        [0.9571, 0.0429],
        [0.1857, 0.8143],
        [0.1738, 0.8262],
        [0.6105, 0.3895],
        [0.3093, 0.6907],
        [0.5557, 0.4443],
        [0.6526, 0.3474],
        [0.9474, 0.0526],
        [0.9891, 0.0109],
        [0.1569, 0.8431],
        [0.8750, 0.1250],
        [0.8250, 0.1750],
        [0.3691, 0.6309],
        [0.0785, 0.9215],
        [0.4672, 0.5328],
        [0.6967, 0.3033],
        [0.9873, 0.0127],
        [0.8632, 0.1368],
        [0.9567, 0.0433],
        [0.9295, 0.0705],
        [0.4066, 0.5934],
        [0.4124, 0.5876],
        [0.9844, 0.0156],
        [0.9747, 0.0253],
        [0.6509, 0.3491],
        [0.0335, 0.9665],
        [0.5399, 0.4601],
        [0.8062, 0.1938],
        [0.7574, 0.2426],
        [0.9855, 0.0145],
        [0.4686, 0.5314],
        [0.9316, 0.0684],
        [0.5330, 0.4670],
        [0.4787, 0.5213],
        [0.5699, 0.4301],
        [0.8853, 0.1147],
        [0.7594, 0.2406],
        [0.5304, 0.4696],
        [0.9809, 0.0191],
        [0.6348, 0.3652],
        [0.7392, 0.2608],
        [0.9104, 0.0896],
        [0.7760, 0.2240],
        [0.4862, 0.5138],
        [0.8301, 0.1699],
        [0.4626, 0.5374],
        [0.5884, 0.4116],
        [0.9805, 0.0195],
        [0.4575, 0.5425],
        [0.9928, 0.0072],
        [0.2679, 0.7321],
        [0.0617, 0.9383],
        [0.8971, 0.1029],
        [0.5151, 0.4849],
        [0.1126, 0.8874],
        [0.2944, 0.7056],
        [0.8135, 0.1865],
        [0.5713, 0.4287],
        [0.8724, 0.1276],
        [0.8152, 0.1848]], grad_fn=<ExpBackward0>) <-----
2023-01-05 19:58: tensor([[0.9587, 0.0413],
        [0.9511, 0.0489],
        [0.4483, 0.5517],
        [0.8039, 0.1961],
        [0.2677, 0.7323],
        [0.3268, 0.6732],
        [0.6955, 0.3045],
        [0.5919, 0.4081],
        [0.3261, 0.6739],
        [0.4067, 0.5933],
        [0.4855, 0.5145],
        [0.3042, 0.6958],
        [0.5722, 0.4278],
        [0.8953, 0.1047],
        [0.7719, 0.2281],
        [0.7151, 0.2849],
        [0.5873, 0.4127],
        [0.7694, 0.2306],
        [0.7933, 0.2067],
        [0.7057, 0.2943],
        [0.9421, 0.0579],
        [0.8595, 0.1405],
        [0.5931, 0.4069],
        [0.8519, 0.1481],
        [0.8312, 0.1688],
        [0.7123, 0.2877],
        [0.7501, 0.2499],
        [0.9320, 0.0680],
        [0.9871, 0.0129],
        [0.9827, 0.0173],
        [0.5948, 0.4052],
        [0.8661, 0.1339],
        [0.9938, 0.0062],
        [0.5230, 0.4770],
        [0.9876, 0.0124],
        [0.8327, 0.1673],
        [0.7948, 0.2052],
        [0.7858, 0.2142],
        [0.9704, 0.0296],
        [0.9592, 0.0408],
        [0.7420, 0.2580],
        [0.4212, 0.5788],
        [0.4368, 0.5632],
        [0.8631, 0.1369],
        [0.9265, 0.0735],
        [0.9634, 0.0366],
        [0.0500, 0.9500],
        [0.9047, 0.0953],
        [0.8939, 0.1061],
        [0.2886, 0.7114],
        [0.5899, 0.4101],
        [0.4676, 0.5324],
        [0.6721, 0.3279],
        [0.4354, 0.5646],
        [0.2483, 0.7517],
        [0.7175, 0.2825],
        [0.1086, 0.8914],
        [0.9639, 0.0361],
        [0.8451, 0.1549],
        [0.7339, 0.2661],
        [0.9931, 0.0069],
        [0.8048, 0.1952],
        [0.8002, 0.1998],
        [0.7671, 0.2329]], grad_fn=<ExpBackward0>) <-----
2023-01-05 19:58: tensor([[0.5718, 0.4282],
        [0.5555, 0.4445],
        [0.4726, 0.5274],
        [0.7476, 0.2524],
        [0.7861, 0.2139],
        [0.7031, 0.2969],
        [0.4209, 0.5791],
        [0.8947, 0.1053],
        [0.9947, 0.0053],
        [0.9059, 0.0941],
        [0.7335, 0.2665],
        [0.6940, 0.3060],
        [0.8815, 0.1185],
        [0.6560, 0.3440],
        [0.1857, 0.8143],
        [0.7146, 0.2854],
        [0.8816, 0.1184],
        [0.9660, 0.0340],
        [0.8845, 0.1155],
        [0.8795, 0.1205],
        [0.2020, 0.7980],
        [0.9790, 0.0210],
        [0.6271, 0.3729],
        [0.6156, 0.3844],
        [0.8931, 0.1069],
        [0.0519, 0.9481],
        [0.6094, 0.3906],
        [0.7306, 0.2694],
        [0.5571, 0.4429],
        [0.5313, 0.4687],
        [0.8694, 0.1306],
        [0.8076, 0.1924],
        [0.7826, 0.2174],
        [0.7590, 0.2410],
        [0.7957, 0.2043],
        [0.6885, 0.3115],
        [0.2154, 0.7846],
        [0.8792, 0.1208],
        [0.6247, 0.3753],
        [0.7905, 0.2095],
        [0.9908, 0.0092],
        [0.3395, 0.6605],
        [0.9207, 0.0793],
        [0.9461, 0.0539],
        [0.5705, 0.4295],
        [0.3985, 0.6015],
        [0.2835, 0.7165],
        [0.2069, 0.7931],
        [0.8857, 0.1143],
        [0.5180, 0.4820],
        [0.9063, 0.0937],
        [0.7681, 0.2319],
        [0.6640, 0.3360],
        [0.5923, 0.4077],
        [0.9616, 0.0384],
        [0.2507, 0.7493],
        [0.5018, 0.4982],
        [0.6265, 0.3735],
        [0.9510, 0.0490],
        [0.5629, 0.4371],
        [0.8163, 0.1837],
        [0.6673, 0.3327],
        [0.5507, 0.4493],
        [0.3670, 0.6330]], grad_fn=<ExpBackward0>) <-----
2023-01-05 19:58: Train Epoch 1: 15/634 Loss: 0.369011
2023-01-05 19:58: tensor([[0.3446, 0.6554],
        [0.6153, 0.3847],
        [0.2769, 0.7231],
        [0.7249, 0.2751],
        [0.7050, 0.2950],
        [0.4880, 0.5120],
        [0.9390, 0.0610],
        [0.7391, 0.2609],
        [0.8903, 0.1097],
        [0.5286, 0.4714],
        [0.6076, 0.3924],
        [0.9799, 0.0201],
        [0.6400, 0.3600],
        [0.5627, 0.4373],
        [0.8440, 0.1560],
        [0.7112, 0.2888],
        [0.6618, 0.3382],
        [0.2633, 0.7367],
        [0.9021, 0.0979],
        [0.2108, 0.7892],
        [0.3424, 0.6576],
        [0.6080, 0.3920],
        [0.5999, 0.4001],
        [0.6470, 0.3530],
        [0.6459, 0.3541],
        [0.7083, 0.2917],
        [0.6518, 0.3482],
        [0.2371, 0.7629],
        [0.3652, 0.6348],
        [0.8565, 0.1435],
        [0.7546, 0.2454],
        [0.7857, 0.2143],
        [0.3523, 0.6477],
        [0.3685, 0.6315],
        [0.9530, 0.0470],
        [0.8818, 0.1182],
        [0.7768, 0.2232],
        [0.9456, 0.0544],
        [0.3473, 0.6527],
        [0.4566, 0.5434],
        [0.9262, 0.0738],
        [0.5379, 0.4621],
        [0.6997, 0.3003],
        [0.6794, 0.3206],
        [0.6892, 0.3108],
        [0.9617, 0.0383],
        [0.3976, 0.6024],
        [0.6771, 0.3229],
        [0.7509, 0.2491],
        [0.9111, 0.0889],
        [0.2630, 0.7370],
        [0.1705, 0.8295],
        [0.9043, 0.0957],
        [0.8544, 0.1456],
        [0.7540, 0.2460],
        [0.8129, 0.1871],
        [0.4650, 0.5350],
        [0.9802, 0.0198],
        [0.1598, 0.8402],
        [0.9048, 0.0952],
        [0.9318, 0.0682],
        [0.3072, 0.6928],
        [0.7651, 0.2349],
        [0.6721, 0.3279]], grad_fn=<ExpBackward0>) <-----
2023-01-05 19:58: tensor([[0.8683, 0.1317],
        [0.6861, 0.3139],
        [0.9355, 0.0645],
        [0.9213, 0.0787],
        [0.5873, 0.4127],
        [0.9855, 0.0145],
        [0.1268, 0.8732],
        [0.8367, 0.1633],
        [0.3236, 0.6764],
        [0.3846, 0.6154],
        [0.9184, 0.0816],
        [0.8526, 0.1474],
        [0.4597, 0.5403],
        [0.6136, 0.3864],
        [0.9116, 0.0884],
        [0.7617, 0.2383],
        [0.2903, 0.7097],
        [0.4226, 0.5774],
        [0.7320, 0.2680],
        [0.2368, 0.7632],
        [0.8542, 0.1458],
        [0.9116, 0.0884],
        [0.6340, 0.3660],
        [0.5721, 0.4279],
        [0.6325, 0.3675],
        [0.9639, 0.0361],
        [0.9289, 0.0711],
        [0.5580, 0.4420],
        [0.9516, 0.0484],
        [0.5378, 0.4622],
        [0.3239, 0.6761],
        [0.7374, 0.2626],
        [0.4821, 0.5179],
        [0.8742, 0.1258],
        [0.8470, 0.1530],
        [0.8890, 0.1110],
        [0.6545, 0.3455],
        [0.1110, 0.8890],
        [0.9407, 0.0593],
        [0.5095, 0.4905],
        [0.2980, 0.7020],
        [0.4096, 0.5904],
        [0.7906, 0.2094],
        [0.0494, 0.9506],
        [0.7408, 0.2592],
        [0.6674, 0.3326],
        [0.9636, 0.0364],
        [0.4702, 0.5298],
        [0.6392, 0.3608],
        [0.7634, 0.2366],
        [0.7458, 0.2542],
        [0.5429, 0.4571],
        [0.8315, 0.1685],
        [0.2684, 0.7316],
        [0.9600, 0.0400],
        [0.9550, 0.0450],
        [0.4676, 0.5324],
        [0.7003, 0.2997],
        [0.6386, 0.3614],
        [0.8836, 0.1164],
        [0.6926, 0.3074],
        [0.9951, 0.0049],
        [0.5042, 0.4958],
        [0.9851, 0.0149]], grad_fn=<ExpBackward0>) <-----
2023-01-05 19:58: tensor([[0.8411, 0.1589],
        [0.6048, 0.3952],
        [0.1696, 0.8304],
        [0.1297, 0.8703],
        [0.4836, 0.5164],
        [0.5534, 0.4466],
        [0.1068, 0.8932],
        [0.4536, 0.5464],
        [0.3223, 0.6777],
        [0.4853, 0.5147],
        [0.9899, 0.0101],
        [0.7356, 0.2644],
        [0.6247, 0.3753],
        [0.8370, 0.1630],
        [0.5172, 0.4828],
        [0.5776, 0.4224],
        [0.9337, 0.0663],
        [0.2644, 0.7356],
        [0.8773, 0.1227],
        [0.6048, 0.3952],
        [0.8513, 0.1487],
        [0.7816, 0.2184],
        [0.0847, 0.9153],
        [0.9607, 0.0393],
        [0.8130, 0.1870],
        [0.3251, 0.6749],
        [0.4799, 0.5201],
        [0.5614, 0.4386],
        [0.6227, 0.3773],
        [0.9227, 0.0773],
        [0.9220, 0.0780],
        [0.7538, 0.2462],
        [0.6586, 0.3414],
        [0.4790, 0.5210],
        [0.3696, 0.6304],
        [0.6388, 0.3612],
        [0.9718, 0.0282],
        [0.7780, 0.2220],
        [0.5147, 0.4853],
        [0.4603, 0.5397],
        [0.3939, 0.6061],
        [0.8259, 0.1741],
        [0.5746, 0.4254],
        [0.1701, 0.8299],
        [0.9278, 0.0722],
        [0.3582, 0.6418],
        [0.0926, 0.9074],
        [0.9966, 0.0034],
        [0.4576, 0.5424],
        [0.4380, 0.5620],
        [0.9388, 0.0612],
        [0.2061, 0.7939],
        [0.5572, 0.4428],
        [0.9379, 0.0621],
        [0.8842, 0.1158],
        [0.4720, 0.5280],
        [0.9093, 0.0907],
        [0.5462, 0.4538],
        [0.8235, 0.1765],
        [0.1261, 0.8739],
        [0.9059, 0.0941],
        [0.9907, 0.0093],
        [0.4215, 0.5785],
        [0.8443, 0.1557]], grad_fn=<ExpBackward0>) <-----
2023-01-05 19:58: tensor([[0.2993, 0.7007],
        [0.5360, 0.4640],
        [0.6953, 0.3047],
        [0.9706, 0.0294],
        [0.8416, 0.1584],
        [0.8362, 0.1638],
        [0.8062, 0.1938],
        [0.6919, 0.3081],
        [0.9145, 0.0855],
        [0.3028, 0.6972],
        [0.0296, 0.9704],
        [0.9589, 0.0411],
        [0.3296, 0.6704],
        [0.6641, 0.3359],
        [0.5556, 0.4444],
        [0.8006, 0.1994],
        [0.8167, 0.1833],
        [0.5659, 0.4341],
        [0.3386, 0.6614],
        [0.9647, 0.0353],
        [0.8494, 0.1506],
        [0.8039, 0.1961],
        [0.7847, 0.2153],
        [0.2259, 0.7741],
        [0.9222, 0.0778],
        [0.8541, 0.1459],
        [0.1851, 0.8149],
        [0.5835, 0.4165],
        [0.1762, 0.8238],
        [0.5249, 0.4751],
        [0.9724, 0.0276],
        [0.7989, 0.2011],
        [0.7476, 0.2524],
        [0.8326, 0.1674],
        [0.5129, 0.4871],
        [0.4406, 0.5594],
        [0.1049, 0.8951],
        [0.7653, 0.2347],
        [0.2527, 0.7473],
        [0.9755, 0.0245],
        [0.8688, 0.1312],
        [0.5932, 0.4068],
        [0.6278, 0.3722],
        [0.5051, 0.4949],
        [0.5002, 0.4998],
        [0.4334, 0.5666],
        [0.9188, 0.0812],
        [0.7260, 0.2740],
        [0.3129, 0.6871],
        [0.9009, 0.0991],
        [0.8168, 0.1832],
        [0.4747, 0.5253],
        [0.6173, 0.3827],
        [0.4013, 0.5987],
        [0.3041, 0.6959],
        [0.3803, 0.6197],
        [0.8952, 0.1048],
        [0.9242, 0.0758],
        [0.9188, 0.0812],
        [0.7764, 0.2236],
        [0.8306, 0.1694],
        [0.5027, 0.4973],
        [0.7802, 0.2198],
        [0.4791, 0.5209]], grad_fn=<ExpBackward0>) <-----
2023-01-05 19:58: Train Epoch 1: 19/634 Loss: 0.433430
2023-01-05 19:58: tensor([[0.9109, 0.0891],
        [0.4305, 0.5695],
        [0.9276, 0.0724],
        [0.5916, 0.4084],
        [0.9608, 0.0392],
        [0.8972, 0.1028],
        [0.5104, 0.4896],
        [0.6829, 0.3171],
        [0.7369, 0.2631],
        [0.9487, 0.0513],
        [0.8744, 0.1256],
        [0.4547, 0.5453],
        [0.8699, 0.1301],
        [0.9540, 0.0460],
        [0.3414, 0.6586],
        [0.1530, 0.8470],
        [0.8306, 0.1694],
        [0.3753, 0.6247],
        [0.7163, 0.2837],
        [0.8846, 0.1154],
        [0.9687, 0.0313],
        [0.5446, 0.4554],
        [0.3404, 0.6596],
        [0.4010, 0.5990],
        [0.7454, 0.2546],
        [0.8531, 0.1469],
        [0.7272, 0.2728],
        [0.4848, 0.5152],
        [0.9737, 0.0263],
        [0.7734, 0.2266],
        [0.5173, 0.4827],
        [0.7305, 0.2695],
        [0.1569, 0.8431],
        [0.4761, 0.5239],
        [0.9046, 0.0954],
        [0.3962, 0.6038],
        [0.1880, 0.8120],
        [0.9109, 0.0891],
        [0.8072, 0.1928],
        [0.6297, 0.3703],
        [0.6334, 0.3666],
        [0.5585, 0.4415],
        [0.9626, 0.0374],
        [0.9715, 0.0285],
        [0.8752, 0.1248],
        [0.8188, 0.1812],
        [0.6209, 0.3791],
        [0.5899, 0.4101],
        [0.2348, 0.7652],
        [0.7217, 0.2783],
        [0.4490, 0.5510],
        [0.6376, 0.3624],
        [0.8498, 0.1502],
        [0.8083, 0.1917],
        [0.6595, 0.3405],
        [0.2342, 0.7658],
        [0.9286, 0.0714],
        [0.8596, 0.1404],
        [0.7834, 0.2166],
        [0.5835, 0.4165],
        [0.8047, 0.1953],
        [0.1210, 0.8790],
        [0.8515, 0.1485],
        [0.9627, 0.0373]], grad_fn=<ExpBackward0>) <-----
2023-01-05 19:58: tensor([[0.6530, 0.3470],
        [0.5120, 0.4880],
        [0.8544, 0.1456],
        [0.7979, 0.2021],
        [0.0506, 0.9494],
        [0.3451, 0.6549],
        [0.3341, 0.6659],
        [0.6575, 0.3425],
        [0.4696, 0.5304],
        [0.9359, 0.0641],
        [0.5301, 0.4699],
        [0.5462, 0.4538],
        [0.7947, 0.2053],
        [0.4623, 0.5377],
        [0.6785, 0.3215],
        [0.7999, 0.2001],
        [0.5967, 0.4033],
        [0.5391, 0.4609],
        [0.5456, 0.4544],
        [0.6164, 0.3836],
        [0.9253, 0.0747],
        [0.4941, 0.5059],
        [0.7452, 0.2548],
        [0.8110, 0.1890],
        [0.5705, 0.4295],
        [0.7634, 0.2366],
        [0.3165, 0.6835],
        [0.6203, 0.3797],
        [0.7336, 0.2664],
        [0.9327, 0.0673],
        [0.3175, 0.6825],
        [0.5248, 0.4752],
        [0.8250, 0.1750],
        [0.9295, 0.0705],
        [0.3915, 0.6085],
        [0.9393, 0.0607],
        [0.9472, 0.0528],
        [0.9022, 0.0978],
        [0.3021, 0.6979],
        [0.9363, 0.0637],
        [0.8613, 0.1387],
        [0.6734, 0.3266],
        [0.3594, 0.6406],
        [0.9210, 0.0790],
        [0.6162, 0.3838],
        [0.4688, 0.5312],
        [0.5382, 0.4618],
        [0.7966, 0.2034],
        [0.8369, 0.1631],
        [0.5470, 0.4530],
        [0.5313, 0.4687],
        [0.9284, 0.0716],
        [0.8712, 0.1288],
        [0.5253, 0.4747],
        [0.6841, 0.3159],
        [0.3492, 0.6508],
        [0.9496, 0.0504],
        [0.6187, 0.3813],
        [0.9495, 0.0505],
        [0.9498, 0.0502],
        [0.2269, 0.7731],
        [0.6291, 0.3709],
        [0.7945, 0.2055],
        [0.8183, 0.1817]], grad_fn=<ExpBackward0>) <-----
2023-01-05 19:58: tensor([[0.8652, 0.1348],
        [0.4649, 0.5351],
        [0.7942, 0.2058],
        [0.6297, 0.3703],
        [0.1841, 0.8159],
        [0.6532, 0.3468],
        [0.9315, 0.0685],
        [0.7115, 0.2885],
        [0.6336, 0.3664],
        [0.9057, 0.0943],
        [0.7744, 0.2256],
        [0.5178, 0.4822],
        [0.7038, 0.2962],
        [0.0544, 0.9456],
        [0.6025, 0.3975],
        [0.0916, 0.9084],
        [0.8679, 0.1321],
        [0.8239, 0.1761],
        [0.7821, 0.2179],
        [0.7711, 0.2289],
        [0.0908, 0.9092],
        [0.9185, 0.0815],
        [0.5029, 0.4971],
        [0.8409, 0.1591],
        [0.1226, 0.8774],
        [0.3626, 0.6374],
        [0.8916, 0.1084],
        [0.9701, 0.0299],
        [0.1649, 0.8351],
        [0.4023, 0.5977],
        [0.9650, 0.0350],
        [0.7620, 0.2380],
        [0.6811, 0.3189],
        [0.5852, 0.4148],
        [0.8375, 0.1625],
        [0.7283, 0.2717],
        [0.1724, 0.8276],
        [0.5316, 0.4684],
        [0.3355, 0.6645],
        [0.6473, 0.3527],
        [0.1817, 0.8183],
        [0.7080, 0.2920],
        [0.9742, 0.0258],
        [0.7400, 0.2600],
        [0.9311, 0.0689],
        [0.8531, 0.1469],
        [0.5827, 0.4173],
        [0.8970, 0.1030],
        [0.2162, 0.7838],
        [0.1461, 0.8539],
        [0.8367, 0.1633],
        [0.6862, 0.3138],
        [0.4913, 0.5087],
        [0.4473, 0.5527],
        [0.7706, 0.2294],
        [0.7419, 0.2581],
        [0.9517, 0.0483],
        [0.1848, 0.8152],
        [0.9071, 0.0929],
        [0.9867, 0.0133],
        [0.7233, 0.2767],
        [0.4982, 0.5018],
        [0.7505, 0.2495],
        [0.9659, 0.0341]], grad_fn=<ExpBackward0>) <-----
2023-01-05 19:58: tensor([[0.7472, 0.2528],
        [0.6404, 0.3596],
        [0.9576, 0.0424],
        [0.8751, 0.1249],
        [0.4804, 0.5196],
        [0.5472, 0.4528],
        [0.3844, 0.6156],
        [0.3027, 0.6973],
        [0.7020, 0.2980],
        [0.8738, 0.1262],
        [0.3941, 0.6059],
        [0.8467, 0.1533],
        [0.8686, 0.1314],
        [0.8065, 0.1935],
        [0.3855, 0.6145],
        [0.1968, 0.8032],
        [0.6161, 0.3839],
        [0.5392, 0.4608],
        [0.4297, 0.5703],
        [0.9155, 0.0845],
        [0.0896, 0.9104],
        [0.8275, 0.1725],
        [0.6768, 0.3232],
        [0.9604, 0.0396],
        [0.8013, 0.1987],
        [0.8330, 0.1670],
        [0.4200, 0.5800],
        [0.4076, 0.5924],
        [0.3519, 0.6481],
        [0.6849, 0.3151],
        [0.8065, 0.1935],
        [0.7843, 0.2157],
        [0.4186, 0.5814],
        [0.8560, 0.1440],
        [0.2850, 0.7150],
        [0.9495, 0.0505],
        [0.8059, 0.1941],
        [0.7628, 0.2372],
        [0.8768, 0.1232],
        [0.4372, 0.5628],
        [0.4865, 0.5135],
        [0.2592, 0.7408],
        [0.8788, 0.1212],
        [0.7412, 0.2588],
        [0.4566, 0.5434],
        [0.9606, 0.0394],
        [0.6847, 0.3153],
        [0.6102, 0.3898],
        [0.5402, 0.4598],
        [0.9644, 0.0356],
        [0.2997, 0.7003],
        [0.5317, 0.4683],
        [0.9747, 0.0253],
        [0.5605, 0.4395],
        [0.8236, 0.1764],
        [0.9883, 0.0117],
        [0.4062, 0.5938],
        [0.4725, 0.5275],
        [0.5355, 0.4645],
        [0.7070, 0.2930],
        [0.3324, 0.6676],
        [0.7678, 0.2322],
        [0.8335, 0.1665],
        [0.8546, 0.1454]], grad_fn=<ExpBackward0>) <-----
2023-01-05 19:58: Train Epoch 1: 23/634 Loss: 0.411564
2023-01-05 19:58: tensor([[0.1759, 0.8241],
        [0.8057, 0.1943],
        [0.2759, 0.7241],
        [0.9744, 0.0256],
        [0.8580, 0.1420],
        [0.9627, 0.0373],
        [0.3248, 0.6752],
        [0.9766, 0.0234],
        [0.7218, 0.2782],
        [0.4026, 0.5974],
        [0.7734, 0.2266],
        [0.3134, 0.6866],
        [0.9541, 0.0459],
        [0.8670, 0.1330],
        [0.1055, 0.8945],
        [0.1472, 0.8528],
        [0.9106, 0.0894],
        [0.8973, 0.1027],
        [0.8302, 0.1698],
        [0.7561, 0.2439],
        [0.6958, 0.3042],
        [0.7479, 0.2521],
        [0.1423, 0.8577],
        [0.7932, 0.2068],
        [0.5141, 0.4859],
        [0.5672, 0.4328],
        [0.3088, 0.6912],
        [0.8339, 0.1661],
        [0.8722, 0.1278],
        [0.7259, 0.2741],
        [0.1438, 0.8562],
        [0.1933, 0.8067],
        [0.8028, 0.1972],
        [0.1382, 0.8618],
        [0.2827, 0.7173],
        [0.8001, 0.1999],
        [0.6231, 0.3769],
        [0.2946, 0.7054],
        [0.9732, 0.0268],
        [0.6191, 0.3809],
        [0.5689, 0.4311],
        [0.3973, 0.6027],
        [0.8823, 0.1177],
        [0.4448, 0.5552],
        [0.1180, 0.8820],
        [0.5606, 0.4394],
        [0.7419, 0.2581],
        [0.8427, 0.1573],
        [0.5465, 0.4535],
        [0.8179, 0.1821],
        [0.5538, 0.4462],
        [0.7633, 0.2367],
        [0.9515, 0.0485],
        [0.7345, 0.2655],
        [0.8687, 0.1313],
        [0.5826, 0.4174],
        [0.5978, 0.4022],
        [0.6361, 0.3639],
        [0.9427, 0.0573],
        [0.9158, 0.0842],
        [0.4807, 0.5193],
        [0.5995, 0.4005],
        [0.0866, 0.9134],
        [0.7389, 0.2611]], grad_fn=<ExpBackward0>) <-----
2023-01-05 19:58: tensor([[0.9719, 0.0281],
        [0.6864, 0.3136],
        [0.0810, 0.9190],
        [0.3986, 0.6014],
        [0.4851, 0.5149],
        [0.5715, 0.4285],
        [0.1248, 0.8752],
        [0.6724, 0.3276],
        [0.4517, 0.5483],
        [0.9047, 0.0953],
        [0.8678, 0.1322],
        [0.6316, 0.3684],
        [0.1205, 0.8795],
        [0.2530, 0.7470],
        [0.7322, 0.2678],
        [0.8624, 0.1376],
        [0.9902, 0.0098],
        [0.8687, 0.1313],
        [0.1964, 0.8036],
        [0.5261, 0.4739],
        [0.3363, 0.6637],
        [0.4965, 0.5035],
        [0.4165, 0.5835],
        [0.4161, 0.5839],
        [0.7798, 0.2202],
        [0.7039, 0.2961],
        [0.3942, 0.6058],
        [0.4882, 0.5118],
        [0.2218, 0.7782],
        [0.7121, 0.2879],
        [0.6904, 0.3096],
        [0.5972, 0.4028],
        [0.7834, 0.2166],
        [0.6552, 0.3448],
        [0.9774, 0.0226],
        [0.5401, 0.4599],
        [0.4530, 0.5470],
        [0.1332, 0.8668],
        [0.5516, 0.4484],
        [0.8820, 0.1180],
        [0.3071, 0.6929],
        [0.4985, 0.5015],
        [0.3832, 0.6168],
        [0.1617, 0.8383],
        [0.8225, 0.1775],
        [0.1049, 0.8951],
        [0.5199, 0.4801],
        [0.5456, 0.4544],
        [0.6772, 0.3228],
        [0.4840, 0.5160],
        [0.6085, 0.3915],
        [0.8545, 0.1455],
        [0.3571, 0.6429],
        [0.7224, 0.2776],
        [0.7381, 0.2619],
        [0.4121, 0.5879],
        [0.6754, 0.3246],
        [0.1285, 0.8715],
        [0.5617, 0.4383],
        [0.6638, 0.3362],
        [0.3930, 0.6070],
        [0.7494, 0.2506],
        [0.8642, 0.1358],
        [0.8075, 0.1925]], grad_fn=<ExpBackward0>) <-----
2023-01-05 19:59: tensor([[0.2410, 0.7590],
        [0.9831, 0.0169],
        [0.6649, 0.3351],
        [0.3574, 0.6426],
        [0.8920, 0.1080],
        [0.6425, 0.3575],
        [0.2097, 0.7903],
        [0.2463, 0.7537],
        [0.7291, 0.2709],
        [0.8244, 0.1756],
        [0.7029, 0.2971],
        [0.4308, 0.5692],
        [0.4677, 0.5323],
        [0.9630, 0.0370],
        [0.3596, 0.6404],
        [0.6679, 0.3321],
        [0.6751, 0.3249],
        [0.5995, 0.4005],
        [0.5093, 0.4907],
        [0.1283, 0.8717],
        [0.6666, 0.3334],
        [0.7956, 0.2044],
        [0.4479, 0.5521],
        [0.2954, 0.7046],
        [0.4134, 0.5866],
        [0.7078, 0.2922],
        [0.5397, 0.4603],
        [0.3319, 0.6681],
        [0.1676, 0.8324],
        [0.8926, 0.1074],
        [0.8292, 0.1708],
        [0.3314, 0.6686],
        [0.6646, 0.3354],
        [0.7822, 0.2178],
        [0.4972, 0.5028],
        [0.7077, 0.2923],
        [0.4374, 0.5626],
        [0.6185, 0.3815],
        [0.0854, 0.9146],
        [0.9259, 0.0741],
        [0.6146, 0.3854],
        [0.7647, 0.2353],
        [0.2333, 0.7667],
        [0.2351, 0.7649],
        [0.7729, 0.2271],
        [0.5601, 0.4399],
        [0.4831, 0.5169],
        [0.7318, 0.2682],
        [0.9914, 0.0086],
        [0.6167, 0.3833],
        [0.4170, 0.5830],
        [0.7323, 0.2677],
        [0.8149, 0.1851],
        [0.3314, 0.6686],
        [0.3961, 0.6039],
        [0.3170, 0.6830],
        [0.9671, 0.0329],
        [0.9789, 0.0211],
        [0.5889, 0.4111],
        [0.2924, 0.7076],
        [0.7832, 0.2168],
        [0.2374, 0.7626],
        [0.4220, 0.5780],
        [0.9046, 0.0954]], grad_fn=<ExpBackward0>) <-----
2023-01-05 19:59: tensor([[0.6199, 0.3801],
        [0.4533, 0.5467],
        [0.9936, 0.0064],
        [0.8088, 0.1912],
        [0.2395, 0.7605],
        [0.5516, 0.4484],
        [0.7089, 0.2911],
        [0.9048, 0.0952],
        [0.8665, 0.1335],
        [0.1626, 0.8374],
        [0.3157, 0.6843],
        [0.3925, 0.6075],
        [0.8231, 0.1769],
        [0.8514, 0.1486],
        [0.7759, 0.2241],
        [0.7578, 0.2422],
        [0.7600, 0.2400],
        [0.2398, 0.7602],
        [0.6032, 0.3968],
        [0.4795, 0.5205],
        [0.8788, 0.1212],
        [0.4740, 0.5260],
        [0.5909, 0.4091],
        [0.4256, 0.5744],
        [0.9942, 0.0058],
        [0.2451, 0.7549],
        [0.7766, 0.2234],
        [0.6745, 0.3255],
        [0.6567, 0.3433],
        [0.4127, 0.5873],
        [0.4778, 0.5222],
        [0.3856, 0.6144],
        [0.7402, 0.2598],
        [0.5185, 0.4815],
        [0.3936, 0.6064],
        [0.6007, 0.3993],
        [0.2598, 0.7402],
        [0.7870, 0.2130],
        [0.5611, 0.4389],
        [0.7609, 0.2391],
        [0.6759, 0.3241],
        [0.2073, 0.7927],
        [0.1857, 0.8143],
        [0.6108, 0.3892],
        [0.3331, 0.6669],
        [0.1021, 0.8979],
        [0.8667, 0.1333],
        [0.7475, 0.2525],
        [0.9204, 0.0796],
        [0.6972, 0.3028],
        [0.5740, 0.4260],
        [0.7783, 0.2217],
        [0.6162, 0.3838],
        [0.9192, 0.0808],
        [0.7354, 0.2646],
        [0.8230, 0.1770],
        [0.7160, 0.2840],
        [0.1362, 0.8638],
        [0.1262, 0.8738],
        [0.3949, 0.6051],
        [0.1709, 0.8291],
        [0.3532, 0.6468],
        [0.5608, 0.4392],
        [0.9402, 0.0598]], grad_fn=<ExpBackward0>) <-----
2023-01-05 19:59: Train Epoch 1: 27/634 Loss: 0.390981
2023-01-05 19:59: tensor([[0.2533, 0.7467],
        [0.4634, 0.5366],
        [0.6111, 0.3889],
        [0.8821, 0.1179],
        [0.9024, 0.0976],
        [0.8141, 0.1859],
        [0.5906, 0.4094],
        [0.2860, 0.7140],
        [0.3319, 0.6681],
        [0.6331, 0.3669],
        [0.2848, 0.7152],
        [0.8185, 0.1815],
        [0.7287, 0.2713],
        [0.6683, 0.3317],
        [0.9620, 0.0380],
        [0.4540, 0.5460],
        [0.5505, 0.4495],
        [0.3957, 0.6043],
        [0.5507, 0.4493],
        [0.7478, 0.2522],
        [0.5945, 0.4055],
        [0.8851, 0.1149],
        [0.8306, 0.1694],
        [0.6168, 0.3832],
        [0.5087, 0.4913],
        [0.8475, 0.1525],
        [0.7121, 0.2879],
        [0.9121, 0.0879],
        [0.7919, 0.2081],
        [0.4367, 0.5633],
        [0.2839, 0.7161],
        [0.5659, 0.4341],
        [0.7654, 0.2346],
        [0.4570, 0.5430],
        [0.4022, 0.5978],
        [0.2741, 0.7259],
        [0.4374, 0.5626],
        [0.3411, 0.6589],
        [0.1974, 0.8026],
        [0.4194, 0.5806],
        [0.6436, 0.3564],
        [0.8735, 0.1265],
        [0.0761, 0.9239],
        [0.7252, 0.2748],
        [0.7635, 0.2365],
        [0.9317, 0.0683],
        [0.4770, 0.5230],
        [0.3768, 0.6232],
        [0.7065, 0.2935],
        [0.3432, 0.6568],
        [0.6411, 0.3589],
        [0.5465, 0.4535],
        [0.1450, 0.8550],
        [0.4255, 0.5745],
        [0.6727, 0.3273],
        [0.3721, 0.6279],
        [0.1304, 0.8696],
        [0.4004, 0.5996],
        [0.4464, 0.5536],
        [0.2353, 0.7647],
        [0.8378, 0.1622],
        [0.4720, 0.5280],
        [0.8832, 0.1168],
        [0.7681, 0.2319]], grad_fn=<ExpBackward0>) <-----
2023-01-05 19:59: tensor([[0.4672, 0.5328],
        [0.8639, 0.1361],
        [0.3045, 0.6955],
        [0.6048, 0.3952],
        [0.8889, 0.1111],
        [0.6779, 0.3221],
        [0.1927, 0.8073],
        [0.9698, 0.0302],
        [0.4302, 0.5698],
        [0.5043, 0.4957],
        [0.2312, 0.7688],
        [0.9347, 0.0653],
        [0.8863, 0.1137],
        [0.4253, 0.5747],
        [0.5509, 0.4491],
        [0.9607, 0.0393],
        [0.9072, 0.0928],
        [0.3038, 0.6962],
        [0.5220, 0.4780],
        [0.2772, 0.7228],
        [0.8658, 0.1342],
        [0.2452, 0.7548],
        [0.2755, 0.7245],
        [0.6966, 0.3034],
        [0.9274, 0.0726],
        [0.7417, 0.2583],
        [0.9564, 0.0436],
        [0.8381, 0.1619],
        [0.6123, 0.3877],
        [0.8331, 0.1669],
        [0.5455, 0.4545],
        [0.9874, 0.0126],
        [0.8516, 0.1484],
        [0.8806, 0.1194],
        [0.1381, 0.8619],
        [0.7612, 0.2388],
        [0.5931, 0.4069],
        [0.0453, 0.9547],
        [0.0979, 0.9021],
        [0.7428, 0.2572],
        [0.3700, 0.6300],
        [0.5261, 0.4739],
        [0.5388, 0.4612],
        [0.9231, 0.0769],
        [0.6499, 0.3501],
        [0.5613, 0.4387],
        [0.7601, 0.2399],
        [0.5109, 0.4891],
        [0.2207, 0.7793],
        [0.2105, 0.7895],
        [0.4038, 0.5962],
        [0.4626, 0.5374],
        [0.5216, 0.4784],
        [0.2150, 0.7850],
        [0.3579, 0.6421],
        [0.6525, 0.3475],
        [0.3311, 0.6689],
        [0.6349, 0.3651],
        [0.6498, 0.3502],
        [0.5256, 0.4744],
        [0.5424, 0.4576],
        [0.5098, 0.4902],
        [0.5397, 0.4603],
        [0.6028, 0.3972]], grad_fn=<ExpBackward0>) <-----
2023-01-05 19:59: tensor([[0.8244, 0.1756],
        [0.7397, 0.2603],
        [0.6211, 0.3789],
        [0.4895, 0.5105],
        [0.8680, 0.1320],
        [0.0992, 0.9008],
        [0.5182, 0.4818],
        [0.7624, 0.2376],
        [0.8282, 0.1718],
        [0.8156, 0.1844],
        [0.6527, 0.3473],
        [0.6488, 0.3512],
        [0.6652, 0.3348],
        [0.4489, 0.5511],
        [0.9031, 0.0969],
        [0.8847, 0.1153],
        [0.6568, 0.3432],
        [0.9235, 0.0765],
        [0.5375, 0.4625],
        [0.3658, 0.6342],
        [0.6637, 0.3363],
        [0.6272, 0.3728],
        [0.8681, 0.1319],
        [0.7306, 0.2694],
        [0.5866, 0.4134],
        [0.1999, 0.8001],
        [0.3450, 0.6550],
        [0.8758, 0.1242],
        [0.4192, 0.5808],
        [0.6557, 0.3443],
        [0.7337, 0.2663],
        [0.6197, 0.3803],
        [0.6982, 0.3018],
        [0.3701, 0.6299],
        [0.5222, 0.4778],
        [0.3139, 0.6861],
        [0.4784, 0.5216],
        [0.8120, 0.1880],
        [0.8464, 0.1536],
        [0.6179, 0.3821],
        [0.7339, 0.2661],
        [0.5670, 0.4330],
        [0.2790, 0.7210],
        [0.8257, 0.1743],
        [0.9722, 0.0278],
        [0.4257, 0.5743],
        [0.7665, 0.2335],
        [0.4255, 0.5745],
        [0.6231, 0.3769],
        [0.4949, 0.5051],
        [0.5548, 0.4452],
        [0.2489, 0.7511],
        [0.4788, 0.5212],
        [0.6236, 0.3764],
        [0.6257, 0.3743],
        [0.8837, 0.1163],
        [0.9711, 0.0289],
        [0.7495, 0.2505],
        [0.7683, 0.2317],
        [0.6559, 0.3441],
        [0.8530, 0.1470],
        [0.3483, 0.6517],
        [0.4238, 0.5762],
        [0.6718, 0.3282]], grad_fn=<ExpBackward0>) <-----
2023-01-05 19:59: tensor([[0.7835, 0.2165],
        [0.9786, 0.0214],
        [0.6747, 0.3253],
        [0.4405, 0.5595],
        [0.7855, 0.2145],
        [0.6447, 0.3553],
        [0.9818, 0.0182],
        [0.3610, 0.6390],
        [0.4269, 0.5731],
        [0.5551, 0.4449],
        [0.5898, 0.4102],
        [0.7743, 0.2257],
        [0.7355, 0.2645],
        [0.1284, 0.8716],
        [0.5687, 0.4313],
        [0.9396, 0.0604],
        [0.8589, 0.1411],
        [0.4643, 0.5357],
        [0.8224, 0.1776],
        [0.3026, 0.6974],
        [0.7141, 0.2859],
        [0.5911, 0.4089],
        [0.9296, 0.0704],
        [0.4093, 0.5907],
        [0.9726, 0.0274],
        [0.8050, 0.1950],
        [0.8026, 0.1974],
        [0.8591, 0.1409],
        [0.3649, 0.6351],
        [0.4478, 0.5522],
        [0.4144, 0.5856],
        [0.4856, 0.5144],
        [0.8523, 0.1477],
        [0.5219, 0.4781],
        [0.9730, 0.0270],
        [0.3835, 0.6165],
        [0.4480, 0.5520],
        [0.1945, 0.8055],
        [0.7669, 0.2331],
        [0.6484, 0.3516],
        [0.3683, 0.6317],
        [0.8150, 0.1850],
        [0.9172, 0.0828],
        [0.7918, 0.2082],
        [0.5238, 0.4762],
        [0.8191, 0.1809],
        [0.9329, 0.0671],
        [0.6606, 0.3394],
        [0.6149, 0.3851],
        [0.3529, 0.6471],
        [0.6814, 0.3186],
        [0.2141, 0.7859],
        [0.3643, 0.6357],
        [0.2847, 0.7153],
        [0.3236, 0.6764],
        [0.9587, 0.0413],
        [0.7340, 0.2660],
        [0.6229, 0.3771],
        [0.8704, 0.1296],
        [0.6647, 0.3353],
        [0.4090, 0.5910],
        [0.5526, 0.4474],
        [0.7860, 0.2140],
        [0.8074, 0.1926]], grad_fn=<ExpBackward0>) <-----
2023-01-05 19:59: Train Epoch 1: 31/634 Loss: 0.387907
2023-01-05 19:59: tensor([[0.8434, 0.1566],
        [0.9570, 0.0430],
        [0.5534, 0.4466],
        [0.8137, 0.1863],
        [0.6629, 0.3371],
        [0.7734, 0.2266],
        [0.4748, 0.5252],
        [0.5423, 0.4577],
        [0.1075, 0.8925],
        [0.2960, 0.7040],
        [0.2640, 0.7360],
        [0.7611, 0.2389],
        [0.5002, 0.4998],
        [0.8179, 0.1821],
        [0.7499, 0.2501],
        [0.7612, 0.2388],
        [0.4768, 0.5232],
        [0.8836, 0.1164],
        [0.0862, 0.9138],
        [0.8669, 0.1331],
        [0.7550, 0.2450],
        [0.5506, 0.4494],
        [0.9670, 0.0330],
        [0.7287, 0.2713],
        [0.7401, 0.2599],
        [0.3585, 0.6415],
        [0.7815, 0.2185],
        [0.3838, 0.6162],
        [0.5638, 0.4362],
        [0.4978, 0.5022],
        [0.3369, 0.6631],
        [0.6961, 0.3039],
        [0.7482, 0.2518],
        [0.8630, 0.1370],
        [0.3175, 0.6825],
        [0.1972, 0.8028],
        [0.4104, 0.5896],
        [0.4219, 0.5781],
        [0.3426, 0.6574],
        [0.5522, 0.4478],
        [0.8027, 0.1973],
        [0.7771, 0.2229],
        [0.5872, 0.4128],
        [0.4009, 0.5991],
        [0.4032, 0.5968],
        [0.9210, 0.0790],
        [0.7921, 0.2079],
        [0.7309, 0.2691],
        [0.2538, 0.7462],
        [0.9620, 0.0380],
        [0.8110, 0.1890],
        [0.3640, 0.6360],
        [0.9508, 0.0492],
        [0.1242, 0.8758],
        [0.6097, 0.3903],
        [0.4775, 0.5225],
        [0.8854, 0.1146],
        [0.9381, 0.0619],
        [0.4875, 0.5125],
        [0.9637, 0.0363],
        [0.5843, 0.4157],
        [0.1709, 0.8291],
        [0.9135, 0.0865],
        [0.7574, 0.2426]], grad_fn=<ExpBackward0>) <-----
2023-01-05 19:59: tensor([[0.9290, 0.0710],
        [0.7398, 0.2602],
        [0.8721, 0.1279],
        [0.3235, 0.6765],
        [0.5080, 0.4920],
        [0.9365, 0.0635],
        [0.8406, 0.1594],
        [0.7572, 0.2428],
        [0.7781, 0.2219],
        [0.1381, 0.8619],
        [0.4066, 0.5934],
        [0.5537, 0.4463],
        [0.7148, 0.2852],
        [0.7603, 0.2397],
        [0.8550, 0.1450],
        [0.5384, 0.4616],
        [0.9890, 0.0110],
        [0.4275, 0.5725],
        [0.3688, 0.6312],
        [0.8396, 0.1604],
        [0.3112, 0.6888],
        [0.6715, 0.3285],
        [0.9492, 0.0508],
        [0.7477, 0.2523],
        [0.8714, 0.1286],
        [0.7174, 0.2826],
        [0.6568, 0.3432],
        [0.4805, 0.5195],
        [0.2695, 0.7305],
        [0.7237, 0.2763],
        [0.5482, 0.4518],
        [0.4402, 0.5598],
        [0.4285, 0.5715],
        [0.8388, 0.1612],
        [0.3149, 0.6851],
        [0.9092, 0.0908],
        [0.7156, 0.2844],
        [0.6663, 0.3337],
        [0.8673, 0.1327],
        [0.6953, 0.3047],
        [0.7083, 0.2917],
        [0.8895, 0.1105],
        [0.6224, 0.3776],
        [0.7058, 0.2942],
        [0.8767, 0.1233],
        [0.9432, 0.0568],
        [0.9436, 0.0564],
        [0.6938, 0.3062],
        [0.7304, 0.2696],
        [0.2820, 0.7180],
        [0.6624, 0.3376],
        [0.9535, 0.0465],
        [0.9767, 0.0233],
        [0.8295, 0.1705],
        [0.8166, 0.1834],
        [0.9837, 0.0163],
        [0.8599, 0.1401],
        [0.8762, 0.1238],
        [0.8064, 0.1936],
        [0.2842, 0.7158],
        [0.6595, 0.3405],
        [0.6261, 0.3739],
        [0.7624, 0.2376],
        [0.7198, 0.2802]], grad_fn=<ExpBackward0>) <-----
2023-01-05 19:59: tensor([[0.4316, 0.5684],
        [0.5027, 0.4973],
        [0.7343, 0.2657],
        [0.3771, 0.6229],
        [0.7814, 0.2186],
        [0.9350, 0.0650],
        [0.4029, 0.5971],
        [0.6660, 0.3340],
        [0.7320, 0.2680],
        [0.8177, 0.1823],
        [0.7324, 0.2676],
        [0.9440, 0.0560],
        [0.6923, 0.3077],
        [0.5244, 0.4756],
        [0.5853, 0.4147],
        [0.2679, 0.7321],
        [0.7831, 0.2169],
        [0.9454, 0.0546],
        [0.7898, 0.2102],
        [0.8037, 0.1963],
        [0.4157, 0.5843],
        [0.7527, 0.2473],
        [0.8214, 0.1786],
        [0.4341, 0.5659],
        [0.3289, 0.6711],
        [0.4961, 0.5039],
        [0.4675, 0.5325],
        [0.9254, 0.0746],
        [0.7338, 0.2662],
        [0.8331, 0.1669],
        [0.8763, 0.1237],
        [0.4818, 0.5182],
        [0.4329, 0.5671],
        [0.6153, 0.3847],
        [0.6662, 0.3338],
        [0.7649, 0.2351],
        [0.8367, 0.1633],
        [0.9816, 0.0184],
        [0.1448, 0.8552],
        [0.7963, 0.2037],
        [0.9634, 0.0366],
        [0.7327, 0.2673],
        [0.4060, 0.5940],
        [0.7531, 0.2469],
        [0.7703, 0.2297],
        [0.4309, 0.5691],
        [0.1633, 0.8367],
        [0.2408, 0.7592],
        [0.7222, 0.2778],
        [0.2387, 0.7613],
        [0.7796, 0.2204],
        [0.8247, 0.1753],
        [0.9626, 0.0374],
        [0.3685, 0.6315],
        [0.0977, 0.9023],
        [0.9839, 0.0161],
        [0.7604, 0.2396],
        [0.6974, 0.3026],
        [0.4858, 0.5142],
        [0.2645, 0.7355],
        [0.6326, 0.3674],
        [0.5731, 0.4269],
        [0.6255, 0.3745],
        [0.7327, 0.2673]], grad_fn=<ExpBackward0>) <-----
2023-01-05 19:59: tensor([[0.5094, 0.4906],
        [0.6656, 0.3344],
        [0.7678, 0.2322],
        [0.4272, 0.5728],
        [0.3070, 0.6930],
        [0.5290, 0.4710],
        [0.8041, 0.1959],
        [0.6348, 0.3652],
        [0.3217, 0.6783],
        [0.0756, 0.9244],
        [0.7358, 0.2642],
        [0.3796, 0.6204],
        [0.7109, 0.2891],
        [0.5507, 0.4493],
        [0.9606, 0.0394],
        [0.8557, 0.1443],
        [0.6981, 0.3019],
        [0.7850, 0.2150],
        [0.1317, 0.8683],
        [0.2997, 0.7003],
        [0.6096, 0.3904],
        [0.1606, 0.8394],
        [0.7786, 0.2214],
        [0.8358, 0.1642],
        [0.3517, 0.6483],
        [0.8047, 0.1953],
        [0.4420, 0.5580],
        [0.5887, 0.4113],
        [0.5205, 0.4795],
        [0.7977, 0.2023],
        [0.4187, 0.5813],
        [0.5446, 0.4554],
        [0.9226, 0.0774],
        [0.4548, 0.5452],
        [0.3173, 0.6827],
        [0.6725, 0.3275],
        [0.9727, 0.0273],
        [0.2514, 0.7486],
        [0.9091, 0.0909],
        [0.1456, 0.8544],
        [0.8057, 0.1943],
        [0.6168, 0.3832],
        [0.4485, 0.5515],
        [0.9169, 0.0831],
        [0.5662, 0.4338],
        [0.3381, 0.6619],
        [0.5926, 0.4074],
        [0.3910, 0.6090],
        [0.4413, 0.5587],
        [0.9801, 0.0199],
        [0.6168, 0.3832],
        [0.8217, 0.1783],
        [0.8455, 0.1545],
        [0.5794, 0.4206],
        [0.8820, 0.1180],
        [0.2054, 0.7946],
        [0.8761, 0.1239],
        [0.7513, 0.2487],
        [0.4073, 0.5927],
        [0.0493, 0.9507],
        [0.8745, 0.1255],
        [0.7528, 0.2472],
        [0.9608, 0.0392],
        [0.6815, 0.3185]], grad_fn=<ExpBackward0>) <-----
2023-01-05 19:59: Train Epoch 1: 35/634 Loss: 0.411320
2023-01-05 19:59: tensor([[0.5619, 0.4381],
        [0.8603, 0.1397],
        [0.2647, 0.7353],
        [0.3957, 0.6043],
        [0.8486, 0.1514],
        [0.6131, 0.3869],
        [0.9349, 0.0651],
        [0.4281, 0.5719],
        [0.3188, 0.6812],
        [0.7696, 0.2304],
        [0.4629, 0.5371],
        [0.7475, 0.2525],
        [0.4041, 0.5959],
        [0.6679, 0.3321],
        [0.1585, 0.8415],
        [0.5109, 0.4891],
        [0.5458, 0.4542],
        [0.4795, 0.5205],
        [0.8108, 0.1892],
        [0.8469, 0.1531],
        [0.4919, 0.5081],
        [0.6022, 0.3978],
        [0.4838, 0.5162],
        [0.5242, 0.4758],
        [0.4538, 0.5462],
        [0.3278, 0.6722],
        [0.5453, 0.4547],
        [0.2776, 0.7224],
        [0.5773, 0.4227],
        [0.5074, 0.4926],
        [0.5793, 0.4207],
        [0.6299, 0.3701],
        [0.4715, 0.5285],
        [0.9081, 0.0919],
        [0.5137, 0.4863],
        [0.4627, 0.5373],
        [0.7737, 0.2263],
        [0.6114, 0.3886],
        [0.4451, 0.5549],
        [0.5051, 0.4949],
        [0.6799, 0.3201],
        [0.5514, 0.4486],
        [0.6166, 0.3834],
        [0.5332, 0.4668],
        [0.7593, 0.2407],
        [0.5301, 0.4699],
        [0.8941, 0.1059],
        [0.8122, 0.1878],
        [0.6869, 0.3131],
        [0.5548, 0.4452],
        [0.8646, 0.1354],
        [0.5916, 0.4084],
        [0.8351, 0.1649],
        [0.7411, 0.2589],
        [0.6665, 0.3335],
        [0.6190, 0.3810],
        [0.7593, 0.2407],
        [0.6482, 0.3518],
        [0.7409, 0.2591],
        [0.9871, 0.0129],
        [0.3302, 0.6698],
        [0.9168, 0.0832],
        [0.4868, 0.5132],
        [0.4597, 0.5403]], grad_fn=<ExpBackward0>) <-----
