2023-01-06 09:41: log dir: /home/joel.chacon/tmp/WildFire_GCNv2/experiments/2020/2023010609414679721469386
2023-01-06 09:41: Experiment log path in: /home/joel.chacon/tmp/WildFire_GCNv2/experiments/2020/2023010609414679721469386
2023-01-06 09:41: Argument: Namespace(batch_size=256, clc='vec', cuda=True, dataset='2020', dataset_root='/home/joel.chacon/tmp/datasets_grl/', debug=False, default_graph=True, device='cpu', dynamic_features=['1 km 16 days NDVI', 'LST_Day_1km', 'LST_Night_1km', 'era5_max_d2m', 'era5_max_t2m', 'era5_max_sp', 'era5_max_tp', 'sminx', 'era5_max_wind_speed', 'era5_min_rh'], early_stop=True, early_stop_patience=8, embed_dim=64, epochs=30, grad_norm=False, horizon=1, input_dim=25, lag=10, link_len=2, log_dir='/home/joel.chacon/tmp/WildFire_GCNv2/experiments/2020/2023010609414679721469386', log_step=1, loss_func='nllloss', lr_decay=True, lr_decay_rate=0.1, lr_decay_step='20', lr_init=0.0001, max_grad_norm=5, minbatch_size=64, mode='train', model='fire_GCN', nan_fill=-1.0, num_layers=1, num_nodes=625, num_workers=12, output_dim=2, patch_height=25, patch_width=25, persistent_workers=True, pin_memory=True, plot=False, positive_weight=0.5, prefetch_factor=2, real_value=True, rnn_units=48, seed=10000, static_features=['dem_mean', 'slope_mean', 'roads_distance', 'waterway_distance', 'population_density'], teacher_forcing=False, weight_decay=0.0, window_len=10)
2023-01-06 09:41: Argument batch_size: 256
2023-01-06 09:41: Argument clc: 'vec'
2023-01-06 09:41: Argument cuda: True
2023-01-06 09:41: Argument dataset: '2020'
2023-01-06 09:41: Argument dataset_root: '/home/joel.chacon/tmp/datasets_grl/'
2023-01-06 09:41: Argument debug: False
2023-01-06 09:41: Argument default_graph: True
2023-01-06 09:41: Argument device: 'cpu'
2023-01-06 09:41: Argument dynamic_features: ['1 km 16 days NDVI', 'LST_Day_1km', 'LST_Night_1km', 'era5_max_d2m', 'era5_max_t2m', 'era5_max_sp', 'era5_max_tp', 'sminx', 'era5_max_wind_speed', 'era5_min_rh']
2023-01-06 09:41: Argument early_stop: True
2023-01-06 09:41: Argument early_stop_patience: 8
2023-01-06 09:41: Argument embed_dim: 64
2023-01-06 09:41: Argument epochs: 30
2023-01-06 09:41: Argument grad_norm: False
2023-01-06 09:41: Argument horizon: 1
2023-01-06 09:41: Argument input_dim: 25
2023-01-06 09:41: Argument lag: 10
2023-01-06 09:41: Argument link_len: 2
2023-01-06 09:41: Argument log_dir: '/home/joel.chacon/tmp/WildFire_GCNv2/experiments/2020/2023010609414679721469386'
2023-01-06 09:41: Argument log_step: 1
2023-01-06 09:41: Argument loss_func: 'nllloss'
2023-01-06 09:41: Argument lr_decay: True
2023-01-06 09:41: Argument lr_decay_rate: 0.1
2023-01-06 09:41: Argument lr_decay_step: '20'
2023-01-06 09:41: Argument lr_init: 0.0001
2023-01-06 09:41: Argument max_grad_norm: 5
2023-01-06 09:41: Argument minbatch_size: 64
2023-01-06 09:41: Argument mode: 'train'
2023-01-06 09:41: Argument model: 'fire_GCN'
2023-01-06 09:41: Argument nan_fill: -1.0
2023-01-06 09:41: Argument num_layers: 1
2023-01-06 09:41: Argument num_nodes: 625
2023-01-06 09:41: Argument num_workers: 12
2023-01-06 09:41: Argument output_dim: 2
2023-01-06 09:41: Argument patch_height: 25
2023-01-06 09:41: Argument patch_width: 25
2023-01-06 09:41: Argument persistent_workers: True
2023-01-06 09:41: Argument pin_memory: True
2023-01-06 09:41: Argument plot: False
2023-01-06 09:41: Argument positive_weight: 0.5
2023-01-06 09:41: Argument prefetch_factor: 2
2023-01-06 09:41: Argument real_value: True
2023-01-06 09:41: Argument rnn_units: 48
2023-01-06 09:41: Argument seed: 10000
2023-01-06 09:41: Argument static_features: ['dem_mean', 'slope_mean', 'roads_distance', 'waterway_distance', 'population_density']
2023-01-06 09:41: Argument teacher_forcing: False
2023-01-06 09:41: Argument weight_decay: 0.0
2023-01-06 09:41: Argument window_len: 10
2023-01-06 09:42: Train Epoch 1: 3/24 Loss: 0.428058
2023-01-06 09:42: Train Epoch 1: 7/24 Loss: 0.325462
2023-01-06 09:42: Train Epoch 1: 11/24 Loss: 0.371080
2023-01-06 09:42: Train Epoch 1: 15/24 Loss: 0.326132
2023-01-06 09:42: Train Epoch 1: 19/24 Loss: 0.247063
2023-01-06 09:42: Train Epoch 1: 23/24 Loss: 0.209182
2023-01-06 09:42: **********Train Epoch 1: averaged Loss: 0.317830 
2023-01-06 09:42: 
Epoch time elapsed: 67.45710945129395

2023-01-06 09:43: 
 metrics validation: {'precision': 0.5995717344753747, 'recall': 0.56, 'f1-score': 0.5791106514994829, 'support': 500, 'AUC': 0.7824899999999999, 'AUCPR': 0.6485152385521975, 'TP': 280, 'FP': 187, 'TN': 813, 'FN': 220} 

2023-01-06 09:43: **********Val Epoch 1: average Loss: 0.255141
2023-01-06 09:43: *********************************Current best model saved!
2023-01-06 09:43: 
 Testing metrics {'precision': 0.7234848484848485, 'recall': 0.764, 'f1-score': 0.7431906614785992, 'support': 500, 'AUC': 0.858424, 'AUCPR': 0.7769577539495274, 'TP': 382, 'FP': 146, 'TN': 854, 'FN': 118} 

2023-01-06 09:44: 
 Testing metrics {'precision': 0.822992700729927, 'recall': 0.902, 'f1-score': 0.8606870229007634, 'support': 500, 'AUC': 0.951446, 'AUCPR': 0.9263402709682458, 'TP': 451, 'FP': 97, 'TN': 903, 'FN': 49} 

2023-01-06 09:44: Train Epoch 2: 3/24 Loss: 0.279828
2023-01-06 09:44: Train Epoch 2: 7/24 Loss: 0.291190
2023-01-06 09:45: Train Epoch 2: 11/24 Loss: 0.233709
2023-01-06 09:45: Train Epoch 2: 15/24 Loss: 0.226707
2023-01-06 09:45: Train Epoch 2: 19/24 Loss: 0.222923
2023-01-06 09:45: Train Epoch 2: 23/24 Loss: 0.165082
2023-01-06 09:45: **********Train Epoch 2: averaged Loss: 0.236573 
2023-01-06 09:45: 
Epoch time elapsed: 75.40259408950806

2023-01-06 09:46: 
 metrics validation: {'precision': 0.675392670157068, 'recall': 0.516, 'f1-score': 0.5850340136054422, 'support': 500, 'AUC': 0.7899259999999999, 'AUCPR': 0.6612379879540989, 'TP': 258, 'FP': 124, 'TN': 876, 'FN': 242} 

2023-01-06 09:46: **********Val Epoch 2: average Loss: 0.269137
2023-01-06 09:46: 
 Testing metrics {'precision': 0.7234848484848485, 'recall': 0.764, 'f1-score': 0.7431906614785992, 'support': 500, 'AUC': 0.858424, 'AUCPR': 0.7769577539495274, 'TP': 382, 'FP': 146, 'TN': 854, 'FN': 118} 

