2023-01-05 00:13: log dir: /home/joel.chacon/tmp/convLSTM/WildFire_GCN/experiments/2020/2023010500133720453754013
2023-01-05 00:13: Experiment log path in: /home/joel.chacon/tmp/convLSTM/WildFire_GCN/experiments/2020/2023010500133720453754013
2023-01-05 00:13: Argument: Namespace(batch_size=256, clc='vec', cuda=True, dataset='2020', dataset_root='/home/joel.chacon/tmp/datasets_grl/', debug=False, default_graph=True, device='cpu', dynamic_features=['1 km 16 days NDVI', 'LST_Day_1km', 'LST_Night_1km', 'era5_max_d2m', 'era5_max_t2m', 'era5_max_sp', 'era5_max_tp', 'sminx', 'era5_max_wind_speed', 'era5_min_rh'], early_stop=True, early_stop_patience=5, embed_dim=32, epochs=30, grad_norm=False, horizon=1, input_dim=25, lag=10, link_len=2, log_dir='/home/joel.chacon/tmp/convLSTM/WildFire_GCN/experiments/2020/2023010500133720453754013', log_step=1, loss_func='nllloss', lr_decay=True, lr_decay_rate=0.1, lr_decay_step='15', lr_init=0.0001, max_grad_norm=5, minbatch_size=64, mode='train', model='fire_GCN', nan_fill=-1.0, num_layers=1, num_nodes=625, num_workers=12, output_dim=2, patch_height=25, patch_width=25, persistent_workers=True, pin_memory=True, plot=False, positive_weight=0.5, prefetch_factor=2, real_value=True, rnn_units=32, seed=10000, static_features=['dem_mean', 'slope_mean', 'roads_distance', 'waterway_distance', 'population_density'], teacher_forcing=False, weight_decay=0.01, window_len=10)
2023-01-05 00:13: Argument batch_size: 256
2023-01-05 00:13: Argument clc: 'vec'
2023-01-05 00:13: Argument cuda: True
2023-01-05 00:13: Argument dataset: '2020'
2023-01-05 00:13: Argument dataset_root: '/home/joel.chacon/tmp/datasets_grl/'
2023-01-05 00:13: Argument debug: False
2023-01-05 00:13: Argument default_graph: True
2023-01-05 00:13: Argument device: 'cpu'
2023-01-05 00:13: Argument dynamic_features: ['1 km 16 days NDVI', 'LST_Day_1km', 'LST_Night_1km', 'era5_max_d2m', 'era5_max_t2m', 'era5_max_sp', 'era5_max_tp', 'sminx', 'era5_max_wind_speed', 'era5_min_rh']
2023-01-05 00:13: Argument early_stop: True
2023-01-05 00:13: Argument early_stop_patience: 5
2023-01-05 00:13: Argument embed_dim: 32
2023-01-05 00:13: Argument epochs: 30
2023-01-05 00:13: Argument grad_norm: False
2023-01-05 00:13: Argument horizon: 1
2023-01-05 00:13: Argument input_dim: 25
2023-01-05 00:13: Argument lag: 10
2023-01-05 00:13: Argument link_len: 2
2023-01-05 00:13: Argument log_dir: '/home/joel.chacon/tmp/convLSTM/WildFire_GCN/experiments/2020/2023010500133720453754013'
2023-01-05 00:13: Argument log_step: 1
2023-01-05 00:13: Argument loss_func: 'nllloss'
2023-01-05 00:13: Argument lr_decay: True
2023-01-05 00:13: Argument lr_decay_rate: 0.1
2023-01-05 00:13: Argument lr_decay_step: '15'
2023-01-05 00:13: Argument lr_init: 0.0001
2023-01-05 00:13: Argument max_grad_norm: 5
2023-01-05 00:13: Argument minbatch_size: 64
2023-01-05 00:13: Argument mode: 'train'
2023-01-05 00:13: Argument model: 'fire_GCN'
2023-01-05 00:13: Argument nan_fill: -1.0
2023-01-05 00:13: Argument num_layers: 1
2023-01-05 00:13: Argument num_nodes: 625
2023-01-05 00:13: Argument num_workers: 12
2023-01-05 00:13: Argument output_dim: 2
2023-01-05 00:13: Argument patch_height: 25
2023-01-05 00:13: Argument patch_width: 25
2023-01-05 00:13: Argument persistent_workers: True
2023-01-05 00:13: Argument pin_memory: True
2023-01-05 00:13: Argument plot: False
2023-01-05 00:13: Argument positive_weight: 0.5
2023-01-05 00:13: Argument prefetch_factor: 2
2023-01-05 00:13: Argument real_value: True
2023-01-05 00:13: Argument rnn_units: 32
2023-01-05 00:13: Argument seed: 10000
2023-01-05 00:13: Argument static_features: ['dem_mean', 'slope_mean', 'roads_distance', 'waterway_distance', 'population_density']
2023-01-05 00:13: Argument teacher_forcing: False
2023-01-05 00:13: Argument weight_decay: 0.01
2023-01-05 00:13: Argument window_len: 10
2023-01-05 00:13: 50.60853576660156 <-----
2023-01-05 00:13: 27.25486183166504 <-----
2023-01-05 00:13: 47.508541107177734 <-----
2023-01-05 00:13: 33.2148323059082 <-----
2023-01-05 00:13: Train Epoch 1: 3/634 Loss: 0.619480
2023-01-05 00:13: 27.75917625427246 <-----
2023-01-05 00:13: 32.246482849121094 <-----
2023-01-05 00:13: 34.4493522644043 <-----
2023-01-05 00:13: 33.12227249145508 <-----
2023-01-05 00:13: Train Epoch 1: 7/634 Loss: 0.498349
2023-01-05 00:13: 26.670751571655273 <-----
2023-01-05 00:13: 35.32004928588867 <-----
2023-01-05 00:13: 33.94575881958008 <-----
2023-01-05 00:13: 32.34731674194336 <-----
2023-01-05 00:14: Train Epoch 1: 11/634 Loss: 0.501109
2023-01-05 00:14: 29.186870574951172 <-----
2023-01-05 00:14: 28.655494689941406 <-----
2023-01-05 00:14: 26.2969913482666 <-----
2023-01-05 00:14: 25.82919692993164 <-----
2023-01-05 00:14: Train Epoch 1: 15/634 Loss: 0.429565
2023-01-05 00:14: 23.593027114868164 <-----
2023-01-05 00:14: 28.462614059448242 <-----
2023-01-05 00:14: 30.439348220825195 <-----
2023-01-05 00:14: 37.19008255004883 <-----
2023-01-05 00:14: Train Epoch 1: 19/634 Loss: 0.467520
2023-01-05 00:14: 22.69180679321289 <-----
2023-01-05 00:14: 21.47574806213379 <-----
2023-01-05 00:14: 22.600597381591797 <-----
2023-01-05 00:14: 27.476781845092773 <-----
2023-01-05 00:14: Train Epoch 1: 23/634 Loss: 0.368144
2023-01-05 00:14: 25.633594512939453 <-----
2023-01-05 00:14: 25.3343448638916 <-----
2023-01-05 00:14: 29.140483856201172 <-----
2023-01-05 00:14: 24.59585189819336 <-----
2023-01-05 00:14: Train Epoch 1: 27/634 Loss: 0.409001
2023-01-05 00:14: 25.424999237060547 <-----
2023-01-05 00:14: 24.896215438842773 <-----
2023-01-05 00:14: 27.312292098999023 <-----
2023-01-05 00:14: 22.239269256591797 <-----
2023-01-05 00:14: Train Epoch 1: 31/634 Loss: 0.390128
2023-01-05 00:14: 23.459938049316406 <-----
2023-01-05 00:14: 27.813501358032227 <-----
2023-01-05 00:14: 28.441810607910156 <-----
2023-01-05 00:14: 25.42888069152832 <-----
2023-01-05 00:14: Train Epoch 1: 35/634 Loss: 0.410719
2023-01-05 00:14: 25.69223976135254 <-----
2023-01-05 00:14: 22.91118621826172 <-----
2023-01-05 00:14: 21.194665908813477 <-----
2023-01-05 00:14: 24.848888397216797 <-----
2023-01-05 00:14: Train Epoch 1: 39/634 Loss: 0.369715
2023-01-05 00:14: 25.304039001464844 <-----
2023-01-05 00:14: 23.349750518798828 <-----
2023-01-05 00:14: 19.899715423583984 <-----
2023-01-05 00:14: 24.0332088470459 <-----
2023-01-05 00:14: Train Epoch 1: 43/634 Loss: 0.361667
2023-01-05 00:14: 26.892393112182617 <-----
2023-01-05 00:14: 23.375112533569336 <-----
2023-01-05 00:14: 21.753662109375 <-----
2023-01-05 00:14: 21.083049774169922 <-----
2023-01-05 00:14: Train Epoch 1: 47/634 Loss: 0.363688
2023-01-05 00:14: 19.742033004760742 <-----
2023-01-05 00:14: 20.9536075592041 <-----
2023-01-05 00:14: 24.495655059814453 <-----
2023-01-05 00:15: 22.657062530517578 <-----
2023-01-05 00:15: Train Epoch 1: 51/634 Loss: 0.343158
2023-01-05 00:15: 24.6241397857666 <-----
2023-01-05 00:15: 21.756837844848633 <-----
2023-01-05 00:15: 19.870906829833984 <-----
2023-01-05 00:15: 25.314931869506836 <-----
2023-01-05 00:15: Train Epoch 1: 55/634 Loss: 0.357683
2023-01-05 00:15: 26.641460418701172 <-----
2023-01-05 00:15: 22.574832916259766 <-----
2023-01-05 00:15: 22.077239990234375 <-----
2023-01-05 00:15: 23.22418785095215 <-----
2023-01-05 00:15: Train Epoch 1: 59/634 Loss: 0.369210
2023-01-05 00:15: 21.834484100341797 <-----
2023-01-05 00:15: 19.54770851135254 <-----
2023-01-05 00:15: 24.502779006958008 <-----
2023-01-05 00:15: 26.095882415771484 <-----
2023-01-05 00:15: Train Epoch 1: 63/634 Loss: 0.359300
2023-01-05 00:15: 20.237882614135742 <-----
2023-01-05 00:15: 20.08611297607422 <-----
2023-01-05 00:15: 22.035917282104492 <-----
2023-01-05 00:15: 19.933048248291016 <-----
2023-01-05 00:15: Train Epoch 1: 67/634 Loss: 0.321457
2023-01-05 00:15: 21.30164337158203 <-----
2023-01-05 00:15: 19.2797908782959 <-----
2023-01-05 00:15: 19.94036102294922 <-----
2023-01-05 00:15: 23.973102569580078 <-----
2023-01-05 00:15: Train Epoch 1: 71/634 Loss: 0.330058
2023-01-05 00:15: 21.272960662841797 <-----
2023-01-05 00:15: 19.579984664916992 <-----
2023-01-05 00:15: 20.24751853942871 <-----
2023-01-05 00:15: 19.870100021362305 <-----
2023-01-05 00:15: Train Epoch 1: 75/634 Loss: 0.316291
2023-01-05 00:15: 26.300369262695312 <-----
2023-01-05 00:15: 18.834074020385742 <-----
2023-01-05 00:15: 21.95937156677246 <-----
2023-01-05 00:15: 22.93328094482422 <-----
2023-01-05 00:15: Train Epoch 1: 79/634 Loss: 0.351668
2023-01-05 00:15: 19.880346298217773 <-----
2023-01-05 00:15: 21.443586349487305 <-----
2023-01-05 00:15: 20.56993293762207 <-----
2023-01-05 00:15: 24.032989501953125 <-----
2023-01-05 00:15: Train Epoch 1: 83/634 Loss: 0.335652
2023-01-05 00:15: 21.313629150390625 <-----
2023-01-05 00:15: 19.539058685302734 <-----
2023-01-05 00:15: 19.042327880859375 <-----
2023-01-05 00:15: 19.153881072998047 <-----
2023-01-05 00:15: Train Epoch 1: 87/634 Loss: 0.308785
2023-01-05 00:15: 17.430850982666016 <-----
2023-01-05 00:15: 20.87494468688965 <-----
2023-01-05 00:15: 22.853315353393555 <-----
2023-01-05 00:16: 21.434301376342773 <-----
2023-01-05 00:16: Train Epoch 1: 91/634 Loss: 0.322631
2023-01-05 00:16: 21.541173934936523 <-----
2023-01-05 00:16: 20.3712100982666 <-----
2023-01-05 00:16: 22.421689987182617 <-----
2023-01-05 00:16: 18.82406234741211 <-----
2023-01-05 00:16: Train Epoch 1: 95/634 Loss: 0.324836
2023-01-05 00:16: 18.84527015686035 <-----
2023-01-05 00:16: 18.783266067504883 <-----
2023-01-05 00:16: 19.126968383789062 <-----
2023-01-05 00:16: 22.447187423706055 <-----
2023-01-05 00:16: Train Epoch 1: 99/634 Loss: 0.309386
2023-01-05 00:16: 18.047399520874023 <-----
2023-01-05 00:16: 21.455984115600586 <-----
2023-01-05 00:16: 20.62957000732422 <-----
2023-01-05 00:16: 19.296627044677734 <-----
2023-01-05 00:16: Train Epoch 1: 103/634 Loss: 0.310272
2023-01-05 00:16: 21.26585578918457 <-----
2023-01-05 00:16: 17.25562858581543 <-----
2023-01-05 00:16: 17.37734031677246 <-----
2023-01-05 00:16: 18.206745147705078 <-----
2023-01-05 00:16: Train Epoch 1: 107/634 Loss: 0.289475
2023-01-05 00:16: 16.538326263427734 <-----
2023-01-05 00:16: 19.82598304748535 <-----
2023-01-05 00:16: 19.713869094848633 <-----
2023-01-05 00:16: 17.97121238708496 <-----
2023-01-05 00:16: Train Epoch 1: 111/634 Loss: 0.289255
2023-01-05 00:16: 19.152395248413086 <-----
2023-01-05 00:16: 19.666454315185547 <-----
2023-01-05 00:16: 19.705610275268555 <-----
2023-01-05 00:16: 20.431194305419922 <-----
2023-01-05 00:16: Train Epoch 1: 115/634 Loss: 0.308421
2023-01-05 00:16: 18.298067092895508 <-----
2023-01-05 00:16: 16.718732833862305 <-----
2023-01-05 00:16: 16.549667358398438 <-----
2023-01-05 00:16: 18.36212730407715 <-----
2023-01-05 00:16: Train Epoch 1: 119/634 Loss: 0.273159
2023-01-05 00:16: 19.379545211791992 <-----
2023-01-05 00:16: 18.55820083618164 <-----
2023-01-05 00:16: 19.12674903869629 <-----
2023-01-05 00:16: 17.009321212768555 <-----
2023-01-05 00:16: Train Epoch 1: 123/634 Loss: 0.289351
2023-01-05 00:16: 15.610252380371094 <-----
2023-01-05 00:16: 19.9867000579834 <-----
2023-01-05 00:16: 15.313457489013672 <-----
2023-01-05 00:16: 16.988998413085938 <-----
2023-01-05 00:16: Train Epoch 1: 127/634 Loss: 0.265232
2023-01-05 00:16: 17.30770492553711 <-----
2023-01-05 00:16: 16.22500228881836 <-----
2023-01-05 00:17: 15.814053535461426 <-----
2023-01-05 00:17: 21.864376068115234 <-----
2023-01-05 00:17: Train Epoch 1: 131/634 Loss: 0.278169
2023-01-05 00:17: 16.163148880004883 <-----
2023-01-05 00:17: 18.114540100097656 <-----
2023-01-05 00:17: 13.539997100830078 <-----
2023-01-05 00:17: 16.08664321899414 <-----
2023-01-05 00:17: Train Epoch 1: 135/634 Loss: 0.249626
2023-01-05 00:17: 16.147953033447266 <-----
2023-01-05 00:17: 17.89011573791504 <-----
2023-01-05 00:17: 14.148772239685059 <-----
2023-01-05 00:17: 18.280744552612305 <-----
2023-01-05 00:17: Train Epoch 1: 139/634 Loss: 0.259639
2023-01-05 00:17: 18.342256546020508 <-----
2023-01-05 00:17: 17.91031837463379 <-----
2023-01-05 00:17: 13.556354522705078 <-----
2023-01-05 00:17: 16.88142967224121 <-----
2023-01-05 00:17: Train Epoch 1: 143/634 Loss: 0.260509
2023-01-05 00:17: 13.34911060333252 <-----
2023-01-05 00:17: 15.67731761932373 <-----
2023-01-05 00:17: 22.71444320678711 <-----
2023-01-05 00:17: 17.373924255371094 <-----
2023-01-05 00:17: Train Epoch 1: 147/634 Loss: 0.269980
2023-01-05 00:17: 13.510079383850098 <-----
2023-01-05 00:17: 18.131444931030273 <-----
2023-01-05 00:17: 19.50916290283203 <-----
2023-01-05 00:17: 18.197477340698242 <-----
2023-01-05 00:17: Train Epoch 1: 151/634 Loss: 0.270891
2023-01-05 00:17: 16.32839584350586 <-----
2023-01-05 00:17: 14.855358123779297 <-----
2023-01-05 00:17: 18.298070907592773 <-----
2023-01-05 00:17: 15.361420631408691 <-----
2023-01-05 00:17: Train Epoch 1: 155/634 Loss: 0.253294
2023-01-05 00:17: 11.56563663482666 <-----
2023-01-05 00:17: 12.00290584564209 <-----
2023-01-05 00:17: 15.804150581359863 <-----
2023-01-05 00:17: 18.472347259521484 <-----
2023-01-05 00:17: Train Epoch 1: 159/634 Loss: 0.225957
2023-01-05 00:17: 14.019906997680664 <-----
2023-01-05 00:17: 13.393178939819336 <-----
2023-01-05 00:17: 15.181106567382812 <-----
2023-01-05 00:17: 10.641382217407227 <-----
2023-01-05 00:17: Train Epoch 1: 163/634 Loss: 0.207951
2023-01-05 00:17: 16.58519744873047 <-----
2023-01-05 00:17: 13.73562240600586 <-----
2023-01-05 00:17: 13.86662483215332 <-----
2023-01-05 00:17: 15.094860076904297 <-----
2023-01-05 00:17: Train Epoch 1: 167/634 Loss: 0.231572
2023-01-05 00:17: 13.259923934936523 <-----
2023-01-05 00:17: 11.602017402648926 <-----
2023-01-05 00:17: 14.172770500183105 <-----
2023-01-05 00:18: 10.822040557861328 <-----
2023-01-05 00:18: Train Epoch 1: 171/634 Loss: 0.194753
2023-01-05 00:18: 16.089487075805664 <-----
2023-01-05 00:18: 17.749921798706055 <-----
2023-01-05 00:18: 14.516572952270508 <-----
2023-01-05 00:18: 18.12834930419922 <-----
2023-01-05 00:18: Train Epoch 1: 175/634 Loss: 0.259704
2023-01-05 00:18: 14.98914623260498 <-----
2023-01-05 00:18: 12.813921928405762 <-----
2023-01-05 00:18: 14.413972854614258 <-----
2023-01-05 00:18: 14.651501655578613 <-----
2023-01-05 00:18: Train Epoch 1: 179/634 Loss: 0.222143
2023-01-05 00:18: 15.733383178710938 <-----
2023-01-05 00:18: 14.728452682495117 <-----
2023-01-05 00:18: 12.935880661010742 <-----
2023-01-05 00:18: 15.69987678527832 <-----
2023-01-05 00:18: Train Epoch 1: 183/634 Loss: 0.230850
2023-01-05 00:18: 18.479726791381836 <-----
2023-01-05 00:18: 15.684205055236816 <-----
2023-01-05 00:18: 17.09096336364746 <-----
2023-01-05 00:18: 14.387964248657227 <-----
2023-01-05 00:18: Train Epoch 1: 187/634 Loss: 0.256417
2023-01-05 00:18: 11.707293510437012 <-----
2023-01-05 00:18: 12.352766036987305 <-----
2023-01-05 00:18: 14.18773078918457 <-----
2023-01-05 00:18: 15.299283027648926 <-----
2023-01-05 00:18: Train Epoch 1: 191/634 Loss: 0.209168
2023-01-05 00:18: 11.924372673034668 <-----
2023-01-05 00:18: 15.470598220825195 <-----
2023-01-05 00:18: 12.372794151306152 <-----
2023-01-05 00:18: 13.285104751586914 <-----
2023-01-05 00:18: Train Epoch 1: 195/634 Loss: 0.207238
2023-01-05 00:18: 12.654780387878418 <-----
2023-01-05 00:18: 16.503650665283203 <-----
2023-01-05 00:18: 12.351609230041504 <-----
2023-01-05 00:18: 9.692118644714355 <-----
2023-01-05 00:18: Train Epoch 1: 199/634 Loss: 0.200008
2023-01-05 00:18: 11.341647148132324 <-----
2023-01-05 00:18: 15.187108039855957 <-----
2023-01-05 00:18: 15.881779670715332 <-----
2023-01-05 00:18: 9.507997512817383 <-----
2023-01-05 00:18: Train Epoch 1: 203/634 Loss: 0.202807
2023-01-05 00:18: 15.869312286376953 <-----
2023-01-05 00:18: 20.029592514038086 <-----
2023-01-05 00:18: 16.587493896484375 <-----
2023-01-05 00:18: 13.454886436462402 <-----
2023-01-05 00:18: Train Epoch 1: 207/634 Loss: 0.257583
2023-01-05 00:18: 15.78079891204834 <-----
2023-01-05 00:18: 15.711806297302246 <-----
2023-01-05 00:18: 15.296586036682129 <-----
2023-01-05 00:19: 13.726088523864746 <-----
2023-01-05 00:19: Train Epoch 1: 211/634 Loss: 0.236388
2023-01-05 00:19: 18.183650970458984 <-----
2023-01-05 00:19: 7.540521144866943 <-----
2023-01-05 00:19: 14.579802513122559 <-----
2023-01-05 00:19: 17.074249267578125 <-----
2023-01-05 00:19: Train Epoch 1: 215/634 Loss: 0.224134
2023-01-05 00:19: 11.665701866149902 <-----
2023-01-05 00:19: 16.779123306274414 <-----
2023-01-05 00:19: 12.054418563842773 <-----
2023-01-05 00:19: 13.528162956237793 <-----
2023-01-05 00:19: Train Epoch 1: 219/634 Loss: 0.211045
2023-01-05 00:19: 17.070148468017578 <-----
2023-01-05 00:19: 11.259681701660156 <-----
2023-01-05 00:19: 15.814384460449219 <-----
2023-01-05 00:19: 17.395219802856445 <-----
2023-01-05 00:19: Train Epoch 1: 223/634 Loss: 0.240388
2023-01-05 00:19: 14.792339324951172 <-----
2023-01-05 00:19: 15.838042259216309 <-----
2023-01-05 00:19: 11.143174171447754 <-----
2023-01-05 00:19: 14.8306245803833 <-----
2023-01-05 00:19: Train Epoch 1: 227/634 Loss: 0.221110
2023-01-05 00:19: 15.112421989440918 <-----
2023-01-05 00:19: 11.167119026184082 <-----
2023-01-05 00:19: 11.713447570800781 <-----
2023-01-05 00:19: 13.411267280578613 <-----
2023-01-05 00:19: Train Epoch 1: 231/634 Loss: 0.200798
2023-01-05 00:19: 11.270134925842285 <-----
2023-01-05 00:19: 15.266912460327148 <-----
2023-01-05 00:19: 15.680116653442383 <-----
2023-01-05 00:19: 15.17316722869873 <-----
2023-01-05 00:19: Train Epoch 1: 235/634 Loss: 0.224181
2023-01-05 00:19: 14.335538864135742 <-----
2023-01-05 00:19: 13.930523872375488 <-----
2023-01-05 00:19: 21.082481384277344 <-----
2023-01-05 00:19: 15.375269889831543 <-----
2023-01-05 00:19: Train Epoch 1: 239/634 Loss: 0.252827
2023-01-05 00:19: 11.155831336975098 <-----
2023-01-05 00:19: 15.50056266784668 <-----
2023-01-05 00:19: 13.783285140991211 <-----
2023-01-05 00:19: 11.083985328674316 <-----
2023-01-05 00:19: Train Epoch 1: 243/634 Loss: 0.201264
2023-01-05 00:19: 9.39505672454834 <-----
2023-01-05 00:19: 10.689292907714844 <-----
2023-01-05 00:19: 11.242425918579102 <-----
2023-01-05 00:19: 14.694914817810059 <-----
2023-01-05 00:19: Train Epoch 1: 247/634 Loss: 0.179772
2023-01-05 00:19: 17.090818405151367 <-----
2023-01-05 00:19: 11.237283706665039 <-----
2023-01-05 00:19: 15.187477111816406 <-----
2023-01-05 00:20: 16.50335693359375 <-----
2023-01-05 00:20: Train Epoch 1: 251/634 Loss: 0.234449
2023-01-05 00:20: 13.527799606323242 <-----
2023-01-05 00:20: 14.799349784851074 <-----
2023-01-05 00:20: 10.606470108032227 <-----
2023-01-05 00:20: 8.366022109985352 <-----
2023-01-05 00:20: Train Epoch 1: 255/634 Loss: 0.184764
2023-01-05 00:20: 14.195259094238281 <-----
2023-01-05 00:20: 12.40666389465332 <-----
2023-01-05 00:20: 13.094602584838867 <-----
2023-01-05 00:20: 10.447854042053223 <-----
2023-01-05 00:20: Train Epoch 1: 259/634 Loss: 0.195876
2023-01-05 00:20: 19.47030258178711 <-----
2023-01-05 00:20: 14.405020713806152 <-----
2023-01-05 00:20: 14.657818794250488 <-----
2023-01-05 00:20: 14.234783172607422 <-----
2023-01-05 00:20: Train Epoch 1: 263/634 Loss: 0.245187
2023-01-05 00:20: 11.41895580291748 <-----
2023-01-05 00:20: 12.45617961883545 <-----
2023-01-05 00:20: 17.31716537475586 <-----
2023-01-05 00:20: 15.092361450195312 <-----
2023-01-05 00:20: Train Epoch 1: 267/634 Loss: 0.219862
2023-01-05 00:20: 18.750425338745117 <-----
2023-01-05 00:20: 12.70436954498291 <-----
2023-01-05 00:20: 11.764761924743652 <-----
2023-01-05 00:20: 11.18387508392334 <-----
2023-01-05 00:20: Train Epoch 1: 271/634 Loss: 0.212513
2023-01-05 00:20: 11.66572093963623 <-----
2023-01-05 00:20: 9.304174423217773 <-----
2023-01-05 00:20: 16.280534744262695 <-----
2023-01-05 00:20: 11.35515308380127 <-----
2023-01-05 00:20: Train Epoch 1: 275/634 Loss: 0.189866
2023-01-05 00:20: 11.991848945617676 <-----
2023-01-05 00:20: 16.084747314453125 <-----
2023-01-05 00:20: 11.474411964416504 <-----
2023-01-05 00:20: 9.482137680053711 <-----
2023-01-05 00:20: Train Epoch 1: 279/634 Loss: 0.191536
2023-01-05 00:20: 12.902548789978027 <-----
2023-01-05 00:20: 12.402192115783691 <-----
2023-01-05 00:20: 13.836261749267578 <-----
2023-01-05 00:20: 10.002762794494629 <-----
2023-01-05 00:20: Train Epoch 1: 283/634 Loss: 0.191968
2023-01-05 00:20: 18.558656692504883 <-----
2023-01-05 00:20: 12.108762741088867 <-----
2023-01-05 00:20: 15.258569717407227 <-----
2023-01-05 00:21: 15.518280982971191 <-----
2023-01-05 00:21: Train Epoch 1: 287/634 Loss: 0.240017
2023-01-05 00:21: 12.585433006286621 <-----
2023-01-05 00:21: 13.985600471496582 <-----
2023-01-05 00:21: 14.697895050048828 <-----
2023-01-05 00:21: 14.284893035888672 <-----
2023-01-05 00:21: Train Epoch 1: 291/634 Loss: 0.217007
2023-01-05 00:21: 17.082855224609375 <-----
2023-01-05 00:21: 18.80736541748047 <-----
2023-01-05 00:21: 13.338072776794434 <-----
2023-01-05 00:21: 8.860750198364258 <-----
2023-01-05 00:21: Train Epoch 1: 295/634 Loss: 0.226910
2023-01-05 00:21: 17.389890670776367 <-----
2023-01-05 00:21: 12.452369689941406 <-----
2023-01-05 00:21: 14.334380149841309 <-----
2023-01-05 00:21: 13.846370697021484 <-----
2023-01-05 00:21: Train Epoch 1: 299/634 Loss: 0.226652
2023-01-05 00:21: 13.747211456298828 <-----
2023-01-05 00:21: 15.556865692138672 <-----
2023-01-05 00:21: 16.13296127319336 <-----
2023-01-05 00:21: 14.159655570983887 <-----
2023-01-05 00:21: Train Epoch 1: 303/634 Loss: 0.232800
2023-01-05 00:21: 10.409475326538086 <-----
2023-01-05 00:21: 12.429332733154297 <-----
2023-01-05 00:21: 14.81924057006836 <-----
2023-01-05 00:21: 19.01051902770996 <-----
2023-01-05 00:21: Train Epoch 1: 307/634 Loss: 0.221362
2023-01-05 00:21: 13.496943473815918 <-----
2023-01-05 00:21: 14.517074584960938 <-----
2023-01-05 00:21: 19.349658966064453 <-----
2023-01-05 00:21: 15.438323974609375 <-----
2023-01-05 00:21: Train Epoch 1: 311/634 Loss: 0.245320
2023-01-05 00:21: 13.904349327087402 <-----
2023-01-05 00:21: 12.15202808380127 <-----
2023-01-05 00:21: 12.091874122619629 <-----
2023-01-05 00:21: 13.170654296875 <-----
2023-01-05 00:21: Train Epoch 1: 315/634 Loss: 0.200464
2023-01-05 00:21: 16.610244750976562 <-----
2023-01-05 00:21: 11.506627082824707 <-----
2023-01-05 00:21: 16.175352096557617 <-----
2023-01-05 00:21: 13.143195152282715 <-----
2023-01-05 00:21: Train Epoch 1: 319/634 Loss: 0.224357
2023-01-05 00:21: 15.601085662841797 <-----
2023-01-05 00:21: 12.0538330078125 <-----
2023-01-05 00:21: 20.24237060546875 <-----
2023-01-05 00:21: 12.412894248962402 <-----
2023-01-05 00:21: Train Epoch 1: 323/634 Loss: 0.235587
2023-01-05 00:21: 12.053908348083496 <-----
2023-01-05 00:21: 10.595091819763184 <-----
2023-01-05 00:21: 9.898831367492676 <-----
2023-01-05 00:21: 15.076375007629395 <-----
2023-01-05 00:21: Train Epoch 1: 327/634 Loss: 0.186032
2023-01-05 00:22: 11.265604019165039 <-----
2023-01-05 00:22: 12.041179656982422 <-----
2023-01-05 00:22: 9.903144836425781 <-----
2023-01-05 00:22: 13.557913780212402 <-----
2023-01-05 00:22: Train Epoch 1: 331/634 Loss: 0.182687
2023-01-05 00:22: 13.362770080566406 <-----
2023-01-05 00:22: 14.736554145812988 <-----
2023-01-05 00:22: 15.291570663452148 <-----
2023-01-05 00:22: 11.93706226348877 <-----
2023-01-05 00:22: Train Epoch 1: 335/634 Loss: 0.216125
2023-01-05 00:22: 17.565166473388672 <-----
2023-01-05 00:22: 14.012386322021484 <-----
2023-01-05 00:22: 17.1230411529541 <-----
2023-01-05 00:22: 11.23861312866211 <-----
2023-01-05 00:22: Train Epoch 1: 339/634 Loss: 0.234138
2023-01-05 00:22: 10.553038597106934 <-----
2023-01-05 00:22: 9.758792877197266 <-----
2023-01-05 00:22: 16.633535385131836 <-----
2023-01-05 00:22: 12.141186714172363 <-----
2023-01-05 00:22: Train Epoch 1: 343/634 Loss: 0.191744
2023-01-05 00:22: 17.796276092529297 <-----
2023-01-05 00:22: 13.92975902557373 <-----
2023-01-05 00:22: 13.015223503112793 <-----
2023-01-05 00:22: 11.597317695617676 <-----
2023-01-05 00:22: Train Epoch 1: 347/634 Loss: 0.220073
2023-01-05 00:22: 15.599478721618652 <-----
2023-01-05 00:22: 12.017169952392578 <-----
2023-01-05 00:22: 18.35987663269043 <-----
2023-01-05 00:22: 15.440820693969727 <-----
2023-01-05 00:22: Train Epoch 1: 351/634 Loss: 0.239912
2023-01-05 00:22: 16.801877975463867 <-----
2023-01-05 00:22: 16.672454833984375 <-----
2023-01-05 00:22: 11.525303840637207 <-----
2023-01-05 00:22: 13.384997367858887 <-----
2023-01-05 00:22: Train Epoch 1: 355/634 Loss: 0.228065
2023-01-05 00:22: 11.9817533493042 <-----
2023-01-05 00:22: 13.054725646972656 <-----
2023-01-05 00:22: 11.47762393951416 <-----
2023-01-05 00:22: 14.964531898498535 <-----
2023-01-05 00:22: Train Epoch 1: 359/634 Loss: 0.201088
2023-01-05 00:22: 14.995238304138184 <-----
2023-01-05 00:22: 11.433929443359375 <-----
2023-01-05 00:22: 11.762069702148438 <-----
2023-01-05 00:22: 15.236712455749512 <-----
2023-01-05 00:22: Train Epoch 1: 363/634 Loss: 0.208703
2023-01-05 00:22: 11.702825546264648 <-----
2023-01-05 00:22: 14.916496276855469 <-----
2023-01-05 00:22: 14.396594047546387 <-----
2023-01-05 00:22: 12.374622344970703 <-----
2023-01-05 00:22: Train Epoch 1: 367/634 Loss: 0.208557
2023-01-05 00:22: 15.362045288085938 <-----
2023-01-05 00:23: 15.551824569702148 <-----
2023-01-05 00:23: 12.284195899963379 <-----
2023-01-05 00:23: 11.53513240814209 <-----
2023-01-05 00:23: Train Epoch 1: 371/634 Loss: 0.213802
2023-01-05 00:23: 9.996874809265137 <-----
2023-01-05 00:23: 13.374438285827637 <-----
2023-01-05 00:23: 11.389491081237793 <-----
2023-01-05 00:23: 17.71135139465332 <-----
2023-01-05 00:23: Train Epoch 1: 375/634 Loss: 0.204969
2023-01-05 00:23: 10.816723823547363 <-----
2023-01-05 00:23: 12.013313293457031 <-----
2023-01-05 00:23: 13.063399314880371 <-----
2023-01-05 00:23: 14.781261444091797 <-----
2023-01-05 00:23: Train Epoch 1: 379/634 Loss: 0.197948
2023-01-05 00:23: 9.876487731933594 <-----
2023-01-05 00:23: 15.488734245300293 <-----
2023-01-05 00:23: 13.355218887329102 <-----
2023-01-05 00:23: 17.190645217895508 <-----
2023-01-05 00:23: Train Epoch 1: 383/634 Loss: 0.218403
2023-01-05 00:23: 8.317082405090332 <-----
2023-01-05 00:23: 12.666930198669434 <-----
2023-01-05 00:23: 16.213924407958984 <-----
2023-01-05 00:23: 12.048919677734375 <-----
2023-01-05 00:23: Train Epoch 1: 387/634 Loss: 0.192371
2023-01-05 00:23: 17.07166862487793 <-----
2023-01-05 00:23: 13.193428039550781 <-----
2023-01-05 00:23: 14.121705055236816 <-----
2023-01-05 00:23: 14.080025672912598 <-----
2023-01-05 00:23: Train Epoch 1: 391/634 Loss: 0.228386
2023-01-05 00:23: 15.383731842041016 <-----
2023-01-05 00:23: 14.403426170349121 <-----
2023-01-05 00:23: 12.868064880371094 <-----
2023-01-05 00:23: 15.7836332321167 <-----
2023-01-05 00:23: Train Epoch 1: 395/634 Loss: 0.228277
2023-01-05 00:23: 12.057169914245605 <-----
2023-01-05 00:23: 14.58157730102539 <-----
2023-01-05 00:23: 11.633834838867188 <-----
2023-01-05 00:23: 14.751931190490723 <-----
2023-01-05 00:23: Train Epoch 1: 399/634 Loss: 0.207127
2023-01-05 00:23: 10.712499618530273 <-----
2023-01-05 00:23: 15.576946258544922 <-----
2023-01-05 00:23: 14.219457626342773 <-----
2023-01-05 00:23: 12.799077987670898 <-----
2023-01-05 00:23: Train Epoch 1: 403/634 Loss: 0.208234
2023-01-05 00:23: 14.768375396728516 <-----
2023-01-05 00:23: 10.843914031982422 <-----
2023-01-05 00:23: 15.179402351379395 <-----
2023-01-05 00:23: 9.918747901916504 <-----
2023-01-05 00:23: Train Epoch 1: 407/634 Loss: 0.198088
2023-01-05 00:23: 12.782477378845215 <-----
2023-01-05 00:24: 10.638840675354004 <-----
2023-01-05 00:24: 15.869107246398926 <-----
2023-01-05 00:24: 10.652751922607422 <-----
2023-01-05 00:24: Train Epoch 1: 411/634 Loss: 0.195091
2023-01-05 00:24: 12.651390075683594 <-----
2023-01-05 00:24: 17.764352798461914 <-----
2023-01-05 00:24: 14.552425384521484 <-----
2023-01-05 00:24: 12.523383140563965 <-----
2023-01-05 00:24: Train Epoch 1: 415/634 Loss: 0.224576
2023-01-05 00:24: 18.74747085571289 <-----
2023-01-05 00:24: 13.281911849975586 <-----
2023-01-05 00:24: 16.190216064453125 <-----
2023-01-05 00:24: 12.846156120300293 <-----
2023-01-05 00:24: Train Epoch 1: 419/634 Loss: 0.238538
2023-01-05 00:24: 17.280363082885742 <-----
2023-01-05 00:24: 17.144916534423828 <-----
2023-01-05 00:24: 15.238698959350586 <-----
2023-01-05 00:24: 12.996429443359375 <-----
2023-01-05 00:24: Train Epoch 1: 423/634 Loss: 0.244767
2023-01-05 00:24: 16.22867774963379 <-----
2023-01-05 00:24: 8.97288990020752 <-----
2023-01-05 00:24: 15.701172828674316 <-----
2023-01-05 00:24: 12.680788040161133 <-----
2023-01-05 00:24: Train Epoch 1: 427/634 Loss: 0.209311
2023-01-05 00:24: 10.984920501708984 <-----
2023-01-05 00:24: 15.359017372131348 <-----
2023-01-05 00:24: 14.115320205688477 <-----
2023-01-05 00:24: 12.220032691955566 <-----
2023-01-05 00:24: Train Epoch 1: 431/634 Loss: 0.205778
2023-01-05 00:24: 11.76574420928955 <-----
2023-01-05 00:24: 12.515676498413086 <-----
2023-01-05 00:24: 14.240363121032715 <-----
2023-01-05 00:24: 15.881053924560547 <-----
2023-01-05 00:24: Train Epoch 1: 435/634 Loss: 0.212511
2023-01-05 00:24: 9.256131172180176 <-----
2023-01-05 00:24: 13.162849426269531 <-----
2023-01-05 00:24: 13.469550132751465 <-----
2023-01-05 00:24: 12.828125 <-----
2023-01-05 00:24: Train Epoch 1: 439/634 Loss: 0.190299
2023-01-05 00:24: 9.28793716430664 <-----
2023-01-05 00:24: 14.712383270263672 <-----
2023-01-05 00:24: 11.717690467834473 <-----
2023-01-05 00:24: 11.045121192932129 <-----
2023-01-05 00:24: Train Epoch 1: 443/634 Loss: 0.182668
2023-01-05 00:24: 10.938885688781738 <-----
2023-01-05 00:24: 13.853193283081055 <-----
2023-01-05 00:24: 11.800006866455078 <-----
2023-01-05 00:24: 12.406782150268555 <-----
2023-01-05 00:24: Train Epoch 1: 447/634 Loss: 0.191402
2023-01-05 00:24: 14.48462963104248 <-----
2023-01-05 00:25: 13.82737922668457 <-----
2023-01-05 00:25: 14.331113815307617 <-----
2023-01-05 00:25: 11.784070014953613 <-----
2023-01-05 00:25: Train Epoch 1: 451/634 Loss: 0.212606
2023-01-05 00:25: 14.885416030883789 <-----
2023-01-05 00:25: 11.037003517150879 <-----
2023-01-05 00:25: 11.382184028625488 <-----
2023-01-05 00:25: 9.76756763458252 <-----
2023-01-05 00:25: Train Epoch 1: 455/634 Loss: 0.183876
2023-01-05 00:25: 12.227861404418945 <-----
2023-01-05 00:25: 13.643957138061523 <-----
2023-01-05 00:25: 11.461766242980957 <-----
2023-01-05 00:25: 13.596805572509766 <-----
2023-01-05 00:25: Train Epoch 1: 459/634 Loss: 0.198947
2023-01-05 00:25: 10.996291160583496 <-----
2023-01-05 00:25: 13.189238548278809 <-----
2023-01-05 00:25: 14.87606143951416 <-----
2023-01-05 00:25: 12.096867561340332 <-----
2023-01-05 00:25: Train Epoch 1: 463/634 Loss: 0.199838
2023-01-05 00:25: 12.824779510498047 <-----
2023-01-05 00:25: 10.872722625732422 <-----
2023-01-05 00:25: 16.205127716064453 <-----
2023-01-05 00:25: 11.618600845336914 <-----
2023-01-05 00:25: Train Epoch 1: 467/634 Loss: 0.201255
2023-01-05 00:25: 10.036136627197266 <-----
2023-01-05 00:25: 10.974923133850098 <-----
2023-01-05 00:25: 15.808850288391113 <-----
2023-01-05 00:25: 15.088709831237793 <-----
2023-01-05 00:25: Train Epoch 1: 471/634 Loss: 0.202768
2023-01-05 00:25: 13.014029502868652 <-----
2023-01-05 00:25: 14.295937538146973 <-----
2023-01-05 00:25: 12.901946067810059 <-----
2023-01-05 00:25: 12.534998893737793 <-----
2023-01-05 00:25: Train Epoch 1: 475/634 Loss: 0.206043
2023-01-05 00:25: 12.633883476257324 <-----
2023-01-05 00:25: 10.234850883483887 <-----
2023-01-05 00:25: 13.59014892578125 <-----
2023-01-05 00:25: 15.575178146362305 <-----
2023-01-05 00:25: Train Epoch 1: 479/634 Loss: 0.203258
2023-01-05 00:25: 11.2219877243042 <-----
2023-01-05 00:25: 14.931352615356445 <-----
2023-01-05 00:25: 13.59066390991211 <-----
2023-01-05 00:25: 13.04641342163086 <-----
2023-01-05 00:25: Train Epoch 1: 483/634 Loss: 0.206213
2023-01-05 00:25: 12.435051918029785 <-----
2023-01-05 00:25: 7.941253662109375 <-----
2023-01-05 00:25: 9.52324104309082 <-----
2023-01-05 00:25: 21.72309684753418 <-----
2023-01-05 00:25: Train Epoch 1: 487/634 Loss: 0.201651
2023-01-05 00:25: 10.00993537902832 <-----
2023-01-05 00:25: 8.275972366333008 <-----
2023-01-05 00:26: 11.774989128112793 <-----
2023-01-05 00:26: 11.988964080810547 <-----
2023-01-05 00:26: Train Epoch 1: 491/634 Loss: 0.164257
2023-01-05 00:26: 7.407054901123047 <-----
2023-01-05 00:26: 16.719646453857422 <-----
2023-01-05 00:26: 15.153244018554688 <-----
2023-01-05 00:26: 11.387046813964844 <-----
2023-01-05 00:26: Train Epoch 1: 495/634 Loss: 0.197918
2023-01-05 00:26: 10.765357971191406 <-----
2023-01-05 00:26: 15.236912727355957 <-----
2023-01-05 00:26: 9.327722549438477 <-----
2023-01-05 00:26: 11.200825691223145 <-----
2023-01-05 00:26: Train Epoch 1: 499/634 Loss: 0.181761
2023-01-05 00:26: 12.698236465454102 <-----
2023-01-05 00:26: 11.668676376342773 <-----
2023-01-05 00:26: 8.849632263183594 <-----
2023-01-05 00:26: 21.101993560791016 <-----
2023-01-05 00:26: Train Epoch 1: 503/634 Loss: 0.212182
2023-01-05 00:26: 13.436802864074707 <-----
2023-01-05 00:26: 11.058987617492676 <-----
2023-01-05 00:26: 13.714930534362793 <-----
2023-01-05 00:26: 10.757964134216309 <-----
2023-01-05 00:26: Train Epoch 1: 507/634 Loss: 0.191284
2023-01-05 00:26: 12.495477676391602 <-----
2023-01-05 00:26: 17.002792358398438 <-----
2023-01-05 00:26: 18.690885543823242 <-----
2023-01-05 00:26: 17.17940902709961 <-----
2023-01-05 00:26: Train Epoch 1: 511/634 Loss: 0.255346
2023-01-05 00:26: 14.588186264038086 <-----
2023-01-05 00:26: 11.673213958740234 <-----
2023-01-05 00:26: 12.500077247619629 <-----
2023-01-05 00:26: 14.225991249084473 <-----
2023-01-05 00:26: Train Epoch 1: 515/634 Loss: 0.206982
2023-01-05 00:26: 15.33167552947998 <-----
2023-01-05 00:26: 13.535456657409668 <-----
2023-01-05 00:26: 12.275029182434082 <-----
2023-01-05 00:26: 13.905388832092285 <-----
2023-01-05 00:26: Train Epoch 1: 519/634 Loss: 0.215029
2023-01-05 00:26: 13.910696983337402 <-----
2023-01-05 00:26: 8.751187324523926 <-----
2023-01-05 00:26: 12.281427383422852 <-----
2023-01-05 00:26: 16.28672981262207 <-----
2023-01-05 00:26: Train Epoch 1: 523/634 Loss: 0.200117
2023-01-05 00:26: 16.869096755981445 <-----
2023-01-05 00:26: 10.317790985107422 <-----
2023-01-05 00:26: 11.78330135345459 <-----
2023-01-05 00:26: 14.937187194824219 <-----
2023-01-05 00:27: Train Epoch 1: 527/634 Loss: 0.210576
2023-01-05 00:27: 16.49114227294922 <-----
2023-01-05 00:27: 20.317707061767578 <-----
2023-01-05 00:27: 12.679473876953125 <-----
2023-01-05 00:27: 9.161429405212402 <-----
2023-01-05 00:27: Train Epoch 1: 531/634 Loss: 0.229101
2023-01-05 00:27: 15.720419883728027 <-----
2023-01-05 00:27: 10.075366020202637 <-----
2023-01-05 00:27: 12.286795616149902 <-----
2023-01-05 00:27: 15.11389446258545 <-----
2023-01-05 00:27: Train Epoch 1: 535/634 Loss: 0.207799
2023-01-05 00:27: 14.259676933288574 <-----
2023-01-05 00:27: 8.263653755187988 <-----
2023-01-05 00:27: 16.66693878173828 <-----
2023-01-05 00:27: 12.497684478759766 <-----
2023-01-05 00:27: Train Epoch 1: 539/634 Loss: 0.201906
2023-01-05 00:27: 10.659401893615723 <-----
2023-01-05 00:27: 13.813034057617188 <-----
2023-01-05 00:27: 10.438414573669434 <-----
2023-01-05 00:27: 16.873554229736328 <-----
2023-01-05 00:27: Train Epoch 1: 543/634 Loss: 0.202283
2023-01-05 00:27: 13.229134559631348 <-----
2023-01-05 00:27: 15.30970287322998 <-----
2023-01-05 00:27: 10.502829551696777 <-----
2023-01-05 00:27: 15.07459545135498 <-----
2023-01-05 00:27: Train Epoch 1: 547/634 Loss: 0.211392
2023-01-05 00:27: 13.192240715026855 <-----
2023-01-05 00:27: 14.67957878112793 <-----
2023-01-05 00:27: 11.406060218811035 <-----
2023-01-05 00:27: 13.112415313720703 <-----
2023-01-05 00:27: Train Epoch 1: 551/634 Loss: 0.204650
2023-01-05 00:27: 13.945690155029297 <-----
2023-01-05 00:27: 8.836599349975586 <-----
2023-01-05 00:27: 10.091540336608887 <-----
2023-01-05 00:27: 12.068010330200195 <-----
2023-01-05 00:27: Train Epoch 1: 555/634 Loss: 0.175554
2023-01-05 00:27: 10.48084831237793 <-----
2023-01-05 00:27: 9.175503730773926 <-----
2023-01-05 00:27: 17.176664352416992 <-----
2023-01-05 00:27: 10.433122634887695 <-----
2023-01-05 00:27: Train Epoch 1: 559/634 Loss: 0.184633
2023-01-05 00:27: 9.442739486694336 <-----
2023-01-05 00:27: 14.987818717956543 <-----
2023-01-05 00:27: 12.64028549194336 <-----
2023-01-05 00:27: 18.36310386657715 <-----
2023-01-05 00:27: Train Epoch 1: 563/634 Loss: 0.216539
2023-01-05 00:27: 15.382204055786133 <-----
2023-01-05 00:27: 9.26546573638916 <-----
2023-01-05 00:28: 15.198125839233398 <-----
2023-01-05 00:28: 10.274543762207031 <-----
2023-01-05 00:28: Train Epoch 1: 567/634 Loss: 0.195783
2023-01-05 00:28: 11.85939884185791 <-----
2023-01-05 00:28: 12.264299392700195 <-----
2023-01-05 00:28: 16.148727416992188 <-----
2023-01-05 00:28: 14.0491361618042 <-----
2023-01-05 00:28: Train Epoch 1: 571/634 Loss: 0.212194
2023-01-05 00:28: 13.05034351348877 <-----
2023-01-05 00:28: 9.247203826904297 <-----
2023-01-05 00:28: 14.739039421081543 <-----
2023-01-05 00:28: 11.61351203918457 <-----
2023-01-05 00:28: Train Epoch 1: 575/634 Loss: 0.190039
2023-01-05 00:28: 12.06821060180664 <-----
2023-01-05 00:28: 16.714462280273438 <-----
2023-01-05 00:28: 11.991710662841797 <-----
2023-01-05 00:28: 11.716878890991211 <-----
2023-01-05 00:28: Train Epoch 1: 579/634 Loss: 0.205044
2023-01-05 00:28: 11.503894805908203 <-----
2023-01-05 00:28: 13.242326736450195 <-----
2023-01-05 00:28: 13.111661911010742 <-----
2023-01-05 00:28: 14.621894836425781 <-----
2023-01-05 00:28: Train Epoch 1: 583/634 Loss: 0.204999
2023-01-05 00:28: 10.798199653625488 <-----
2023-01-05 00:28: 17.10512351989746 <-----
2023-01-05 00:28: 8.741521835327148 <-----
2023-01-05 00:28: 17.53949737548828 <-----
2023-01-05 00:28: Train Epoch 1: 587/634 Loss: 0.211658
2023-01-05 00:28: 13.680562973022461 <-----
2023-01-05 00:28: 10.420498847961426 <-----
2023-01-05 00:28: 7.527758598327637 <-----
2023-01-05 00:28: 12.096187591552734 <-----
2023-01-05 00:28: Train Epoch 1: 591/634 Loss: 0.170801
2023-01-05 00:28: 10.812973022460938 <-----
2023-01-05 00:28: 14.870508193969727 <-----
2023-01-05 00:28: 13.93955135345459 <-----
2023-01-05 00:28: 10.015787124633789 <-----
2023-01-05 00:28: Train Epoch 1: 595/634 Loss: 0.193902
2023-01-05 00:28: 16.397106170654297 <-----
2023-01-05 00:28: 20.195398330688477 <-----
2023-01-05 00:28: 13.219765663146973 <-----
2023-01-05 00:28: 16.62557029724121 <-----
2023-01-05 00:28: Train Epoch 1: 599/634 Loss: 0.259523
2023-01-05 00:28: 13.301264762878418 <-----
2023-01-05 00:28: 15.562458038330078 <-----
2023-01-05 00:28: 10.746557235717773 <-----
2023-01-05 00:28: 8.672564506530762 <-----
2023-01-05 00:28: Train Epoch 1: 603/634 Loss: 0.188605
2023-01-05 00:28: 15.432971000671387 <-----
2023-01-05 00:28: 11.10995101928711 <-----
2023-01-05 00:28: 17.935579299926758 <-----
2023-01-05 00:29: 18.972768783569336 <-----
2023-01-05 00:29: Train Epoch 1: 607/634 Loss: 0.247857
2023-01-05 00:29: 13.161450386047363 <-----
2023-01-05 00:29: 14.363184928894043 <-----
2023-01-05 00:29: 13.12887954711914 <-----
2023-01-05 00:29: 12.877348899841309 <-----
2023-01-05 00:29: Train Epoch 1: 611/634 Loss: 0.209105
2023-01-05 00:29: 15.355114936828613 <-----
2023-01-05 00:29: 17.99736976623535 <-----
2023-01-05 00:29: 13.968040466308594 <-----
2023-01-05 00:29: 13.481310844421387 <-----
2023-01-05 00:29: Train Epoch 1: 615/634 Loss: 0.237507
2023-01-05 00:29: 17.760469436645508 <-----
2023-01-05 00:29: 16.736793518066406 <-----
2023-01-05 00:29: 9.259196281433105 <-----
2023-01-05 00:29: 14.077014923095703 <-----
2023-01-05 00:29: Train Epoch 1: 619/634 Loss: 0.225912
2023-01-05 00:29: 13.233625411987305 <-----
2023-01-05 00:29: 15.594559669494629 <-----
2023-01-05 00:29: 12.36229419708252 <-----
2023-01-05 00:29: 12.158644676208496 <-----
2023-01-05 00:29: Train Epoch 1: 623/634 Loss: 0.208395
2023-01-05 00:29: 14.964369773864746 <-----
2023-01-05 00:29: 15.957813262939453 <-----
2023-01-05 00:29: 12.272332191467285 <-----
2023-01-05 00:29: 13.185011863708496 <-----
2023-01-05 00:29: Train Epoch 1: 627/634 Loss: 0.220233
2023-01-05 00:29: 11.168251991271973 <-----
2023-01-05 00:29: 10.69867992401123 <-----
2023-01-05 00:29: 16.04920768737793 <-----
2023-01-05 00:29: 11.36385440826416 <-----
2023-01-05 00:29: Train Epoch 1: 631/634 Loss: 0.192500
2023-01-05 00:29: 11.348597526550293 <-----
2023-01-05 00:29: 7.625077724456787 <-----
2023-01-05 00:29: Train Epoch 1: 633/634 Loss: 0.074116
2023-01-05 00:29: **********Train Epoch 1: averaged Loss: 0.243300 
2023-01-05 00:29: 
Epoch time elapsed: 962.7910408973694

2023-01-05 00:30: 
 metrics validation: {'precision': 0.755868544600939, 'recall': 0.49538461538461537, 'f1-score': 0.5985130111524164, 'support': 1300, 'AUC': 0.8127653846153846, 'AUCPR': 0.6908010919615444, 'TP': 644, 'FP': 208, 'TN': 2392, 'FN': 656} 

2023-01-05 00:30: **********Val Epoch 1: average Loss: 0.261201
2023-01-05 00:30: *********************************Current best model saved!
2023-01-05 00:31: 
 Testing metrics {'precision': 0.8112947658402204, 'recall': 0.4796416938110749, 'f1-score': 0.6028659160696008, 'support': 1228, 'AUC': 0.8555455495549025, 'AUCPR': 0.7573691355792339, 'TP': 589, 'FP': 137, 'TN': 2319, 'FN': 639} 

