2022-12-21 13:16: log dir: /home/joel.chacon/tmp/WildFire_GCN/experiments/2020/20221221131631
2022-12-21 13:16: Experiment log path in: /home/joel.chacon/tmp/WildFire_GCN/experiments/2020/20221221131631
2022-12-21 13:16: Argument: Namespace(batch_size=256, clc='vec', cuda=True, dataset='2020', dataset_root='/home/joel.chacon/tmp/datasets_grl/', debug=False, default_graph=True, device='cpu', dynamic_features=['1 km 16 days NDVI', 'LST_Day_1km', 'LST_Night_1km', 'era5_max_d2m', 'era5_max_t2m', 'era5_max_sp', 'era5_max_tp', 'sminx', 'era5_max_wind_speed', 'era5_min_rh'], early_stop=True, early_stop_patience=5, embed_dim=64, epochs=30, gamma=1.0, grad_norm=False, horizon=1, input_dim=25, lag=10, link_len=2, log_dir='/home/joel.chacon/tmp/WildFire_GCN/experiments/2020/20221221131631', log_step=1, loss_func='nllloss', lr_decay=True, lr_decay_rate=0.1, lr_decay_step='10, 15, 20, 25', lr_init=0.0001, mae_thresh=None, mape_thresh=0.0, max_grad_norm=5, mode='train', model='fire_GCN', nan_fill=0.5, num_layers=1, num_nodes=625, num_workers=12, output_dim=2, patch_height=25, patch_width=25, persistent_workers=True, pin_memory=True, plot=False, positive_weight=0.5, prefetch_factor=2, real_value=True, rnn_units=32, seed=1992, static_features=['dem_mean', 'slope_mean', 'roads_distance', 'waterway_distance', 'population_density'], teacher_forcing=False, test_ratio=0.2, val_ratio=0.2, weight_decay=0.01, window_len=10)
2022-12-21 13:16: Argument batch_size: 256
2022-12-21 13:16: Argument clc: 'vec'
2022-12-21 13:16: Argument cuda: True
2022-12-21 13:16: Argument dataset: '2020'
2022-12-21 13:16: Argument dataset_root: '/home/joel.chacon/tmp/datasets_grl/'
2022-12-21 13:16: Argument debug: False
2022-12-21 13:16: Argument default_graph: True
2022-12-21 13:16: Argument device: 'cpu'
2022-12-21 13:16: Argument dynamic_features: ['1 km 16 days NDVI', 'LST_Day_1km', 'LST_Night_1km', 'era5_max_d2m', 'era5_max_t2m', 'era5_max_sp', 'era5_max_tp', 'sminx', 'era5_max_wind_speed', 'era5_min_rh']
2022-12-21 13:16: Argument early_stop: True
2022-12-21 13:16: Argument early_stop_patience: 5
2022-12-21 13:16: Argument embed_dim: 64
2022-12-21 13:16: Argument epochs: 30
2022-12-21 13:16: Argument gamma: 1.0
2022-12-21 13:16: Argument grad_norm: False
2022-12-21 13:16: Argument horizon: 1
2022-12-21 13:16: Argument input_dim: 25
2022-12-21 13:16: Argument lag: 10
2022-12-21 13:16: Argument link_len: 2
2022-12-21 13:16: Argument log_dir: '/home/joel.chacon/tmp/WildFire_GCN/experiments/2020/20221221131631'
2022-12-21 13:16: Argument log_step: 1
2022-12-21 13:16: Argument loss_func: 'nllloss'
2022-12-21 13:16: Argument lr_decay: True
2022-12-21 13:16: Argument lr_decay_rate: 0.1
2022-12-21 13:16: Argument lr_decay_step: '10, 15, 20, 25'
2022-12-21 13:16: Argument lr_init: 0.0001
2022-12-21 13:16: Argument mae_thresh: None
2022-12-21 13:16: Argument mape_thresh: 0.0
2022-12-21 13:16: Argument max_grad_norm: 5
2022-12-21 13:16: Argument mode: 'train'
2022-12-21 13:16: Argument model: 'fire_GCN'
2022-12-21 13:16: Argument nan_fill: 0.5
2022-12-21 13:16: Argument num_layers: 1
2022-12-21 13:16: Argument num_nodes: 625
2022-12-21 13:16: Argument num_workers: 12
2022-12-21 13:16: Argument output_dim: 2
2022-12-21 13:16: Argument patch_height: 25
2022-12-21 13:16: Argument patch_width: 25
2022-12-21 13:16: Argument persistent_workers: True
2022-12-21 13:16: Argument pin_memory: True
2022-12-21 13:16: Argument plot: False
2022-12-21 13:16: Argument positive_weight: 0.5
2022-12-21 13:16: Argument prefetch_factor: 2
2022-12-21 13:16: Argument real_value: True
2022-12-21 13:16: Argument rnn_units: 32
2022-12-21 13:16: Argument seed: 1992
2022-12-21 13:16: Argument static_features: ['dem_mean', 'slope_mean', 'roads_distance', 'waterway_distance', 'population_density']
2022-12-21 13:16: Argument teacher_forcing: False
2022-12-21 13:16: Argument test_ratio: 0.2
2022-12-21 13:16: Argument val_ratio: 0.2
2022-12-21 13:16: Argument weight_decay: 0.01
2022-12-21 13:16: Argument window_len: 10
2022-12-21 13:16: Train Epoch 1: 0/159 Loss: 0.662151
2022-12-21 13:17: Train Epoch 1: 1/159 Loss: 0.755392
2022-12-21 13:17: Train Epoch 1: 2/159 Loss: 0.695455
2022-12-21 13:17: Train Epoch 1: 3/159 Loss: 0.687735
2022-12-21 13:17: Train Epoch 1: 4/159 Loss: 0.736192
2022-12-21 13:17: Train Epoch 1: 5/159 Loss: 0.660765
2022-12-21 13:18: Train Epoch 1: 6/159 Loss: 0.633598
2022-12-21 13:18: Train Epoch 1: 7/159 Loss: 0.735507
2022-12-21 13:18: Train Epoch 1: 8/159 Loss: 0.688704
2022-12-21 13:18: Train Epoch 1: 9/159 Loss: 0.636369
2022-12-21 13:19: Train Epoch 1: 10/159 Loss: 0.679321
2022-12-21 13:19: Train Epoch 1: 11/159 Loss: 0.641436
2022-12-21 13:19: Train Epoch 1: 12/159 Loss: 0.664048
2022-12-21 13:19: Train Epoch 1: 13/159 Loss: 0.673753
2022-12-21 13:20: Train Epoch 1: 14/159 Loss: 0.635726
2022-12-21 13:20: Train Epoch 1: 15/159 Loss: 0.644029
2022-12-21 13:20: Train Epoch 1: 16/159 Loss: 0.585451
2022-12-21 13:20: Train Epoch 1: 17/159 Loss: 0.665936
2022-12-21 13:21: Train Epoch 1: 18/159 Loss: 0.647691
2022-12-21 13:21: Train Epoch 1: 19/159 Loss: 0.636048
2022-12-21 13:21: Train Epoch 1: 20/159 Loss: 0.584403
2022-12-21 13:21: Train Epoch 1: 21/159 Loss: 0.591834
2022-12-21 13:22: Train Epoch 1: 22/159 Loss: 0.633729
2022-12-21 13:22: Train Epoch 1: 23/159 Loss: 0.632271
2022-12-21 13:22: Train Epoch 1: 24/159 Loss: 0.618958
2022-12-21 13:22: Train Epoch 1: 25/159 Loss: 0.627881
2022-12-21 13:23: Train Epoch 1: 26/159 Loss: 0.618571
2022-12-21 13:23: Train Epoch 1: 27/159 Loss: 0.628677
2022-12-21 13:23: Train Epoch 1: 28/159 Loss: 0.624480
2022-12-21 13:23: Train Epoch 1: 29/159 Loss: 0.608212
2022-12-21 13:24: Train Epoch 1: 30/159 Loss: 0.620204
2022-12-21 13:24: Train Epoch 1: 31/159 Loss: 0.644244
2022-12-21 13:24: Train Epoch 1: 32/159 Loss: 0.589052
2022-12-21 13:24: Train Epoch 1: 33/159 Loss: 0.613051
2022-12-21 13:25: Train Epoch 1: 34/159 Loss: 0.615542
2022-12-21 13:25: Train Epoch 1: 35/159 Loss: 0.608967
2022-12-21 13:25: Train Epoch 1: 36/159 Loss: 0.605623
2022-12-21 13:25: Train Epoch 1: 37/159 Loss: 0.570124
2022-12-21 13:26: Train Epoch 1: 38/159 Loss: 0.635567
2022-12-21 13:26: Train Epoch 1: 39/159 Loss: 0.566184
2022-12-21 13:26: Train Epoch 1: 40/159 Loss: 0.617295
2022-12-21 13:27: Train Epoch 1: 41/159 Loss: 0.571574
2022-12-21 13:27: Train Epoch 1: 42/159 Loss: 0.613934
2022-12-21 13:27: Train Epoch 1: 43/159 Loss: 0.567604
2022-12-21 13:27: Train Epoch 1: 44/159 Loss: 0.609951
2022-12-21 13:28: Train Epoch 1: 45/159 Loss: 0.595878
2022-12-21 13:28: Train Epoch 1: 46/159 Loss: 0.592260
2022-12-21 13:28: Train Epoch 1: 47/159 Loss: 0.630229
2022-12-21 13:28: Train Epoch 1: 48/159 Loss: 0.587423
2022-12-21 13:29: Train Epoch 1: 49/159 Loss: 0.597887
2022-12-21 13:29: Train Epoch 1: 50/159 Loss: 0.577943
2022-12-21 13:29: Train Epoch 1: 51/159 Loss: 0.588618
2022-12-21 13:29: Train Epoch 1: 52/159 Loss: 0.549745
2022-12-21 13:30: Train Epoch 1: 53/159 Loss: 0.600888
2022-12-21 13:30: Train Epoch 1: 54/159 Loss: 0.568809
2022-12-21 13:30: Train Epoch 1: 55/159 Loss: 0.614355
2022-12-21 13:30: Train Epoch 1: 56/159 Loss: 0.575946
2022-12-21 13:31: Train Epoch 1: 57/159 Loss: 0.568096
2022-12-21 13:31: Train Epoch 1: 58/159 Loss: 0.581801
2022-12-21 13:31: Train Epoch 1: 59/159 Loss: 0.584688
2022-12-21 13:31: Train Epoch 1: 60/159 Loss: 0.569501
2022-12-21 13:32: Train Epoch 1: 61/159 Loss: 0.594476
2022-12-21 13:32: Train Epoch 1: 62/159 Loss: 0.536592
2022-12-21 13:32: Train Epoch 1: 63/159 Loss: 0.589849
2022-12-21 13:32: Train Epoch 1: 64/159 Loss: 0.576058
2022-12-21 13:33: Train Epoch 1: 65/159 Loss: 0.577449
2022-12-21 13:33: Train Epoch 1: 66/159 Loss: 0.580707
2022-12-21 13:33: Train Epoch 1: 67/159 Loss: 0.573959
2022-12-21 13:33: Train Epoch 1: 68/159 Loss: 0.572593
2022-12-21 13:34: Train Epoch 1: 69/159 Loss: 0.552526
2022-12-21 13:34: Train Epoch 1: 70/159 Loss: 0.548072
2022-12-21 13:34: Train Epoch 1: 71/159 Loss: 0.555815
2022-12-21 13:34: Train Epoch 1: 72/159 Loss: 0.581147
2022-12-21 13:35: Train Epoch 1: 73/159 Loss: 0.559331
2022-12-21 13:35: Train Epoch 1: 74/159 Loss: 0.562439
2022-12-21 13:35: Train Epoch 1: 75/159 Loss: 0.542789
2022-12-21 13:35: Train Epoch 1: 76/159 Loss: 0.557280
2022-12-21 13:36: Train Epoch 1: 77/159 Loss: 0.524110
2022-12-21 13:36: Train Epoch 1: 78/159 Loss: 0.517262
2022-12-21 13:36: Train Epoch 1: 79/159 Loss: 0.540644
2022-12-21 13:36: Train Epoch 1: 80/159 Loss: 0.531124
2022-12-21 13:37: Train Epoch 1: 81/159 Loss: 0.488828
2022-12-21 13:37: Train Epoch 1: 82/159 Loss: 0.529331
2022-12-21 13:37: Train Epoch 1: 83/159 Loss: 0.517410
2022-12-21 13:37: Train Epoch 1: 84/159 Loss: 0.510451
2022-12-21 13:38: Train Epoch 1: 85/159 Loss: 0.525819
2022-12-21 13:38: Train Epoch 1: 86/159 Loss: 0.527845
2022-12-21 13:38: Train Epoch 1: 87/159 Loss: 0.504646
2022-12-21 13:38: Train Epoch 1: 88/159 Loss: 0.509092
2022-12-21 13:39: Train Epoch 1: 89/159 Loss: 0.495394
2022-12-21 13:39: Train Epoch 1: 90/159 Loss: 0.509173
2022-12-21 13:39: Train Epoch 1: 91/159 Loss: 0.507293
2022-12-21 13:39: Train Epoch 1: 92/159 Loss: 0.497185
2022-12-21 13:40: Train Epoch 1: 93/159 Loss: 0.494818
2022-12-21 13:40: Train Epoch 1: 94/159 Loss: 0.507654
2022-12-21 13:40: Train Epoch 1: 95/159 Loss: 0.526690
2022-12-21 13:41: Train Epoch 1: 96/159 Loss: 0.494094
2022-12-21 13:41: Train Epoch 1: 97/159 Loss: 0.496966
2022-12-21 13:41: Train Epoch 1: 98/159 Loss: 0.482422
2022-12-21 13:41: Train Epoch 1: 99/159 Loss: 0.475829
2022-12-21 13:42: Train Epoch 1: 100/159 Loss: 0.496827
2022-12-21 13:42: Train Epoch 1: 101/159 Loss: 0.501633
2022-12-21 13:42: Train Epoch 1: 102/159 Loss: 0.458660
2022-12-21 13:42: Train Epoch 1: 103/159 Loss: 0.446802
2022-12-21 13:43: Train Epoch 1: 104/159 Loss: 0.475095
2022-12-21 13:43: Train Epoch 1: 105/159 Loss: 0.491720
2022-12-21 13:43: Train Epoch 1: 106/159 Loss: 0.462183
2022-12-21 13:43: Train Epoch 1: 107/159 Loss: 0.475538
2022-12-21 13:44: Train Epoch 1: 108/159 Loss: 0.479905
2022-12-21 13:44: Train Epoch 1: 109/159 Loss: 0.457542
2022-12-21 13:44: Train Epoch 1: 110/159 Loss: 0.478100
2022-12-21 13:44: Train Epoch 1: 111/159 Loss: 0.430476
2022-12-21 13:45: Train Epoch 1: 112/159 Loss: 0.500785
2022-12-21 13:45: Train Epoch 1: 113/159 Loss: 0.498425
2022-12-21 13:45: Train Epoch 1: 114/159 Loss: 0.431901
2022-12-21 13:45: Train Epoch 1: 115/159 Loss: 0.490848
2022-12-21 13:46: Train Epoch 1: 116/159 Loss: 0.484767
2022-12-21 13:46: Train Epoch 1: 117/159 Loss: 0.430835
2022-12-21 13:46: Train Epoch 1: 118/159 Loss: 0.432373
2022-12-21 13:46: Train Epoch 1: 119/159 Loss: 0.478348
2022-12-21 13:47: Train Epoch 1: 120/159 Loss: 0.428622
2022-12-21 13:47: Train Epoch 1: 121/159 Loss: 0.439650
2022-12-21 13:47: Train Epoch 1: 122/159 Loss: 0.467206
2022-12-21 13:47: Train Epoch 1: 123/159 Loss: 0.475627
2022-12-21 13:48: Train Epoch 1: 124/159 Loss: 0.441226
2022-12-21 13:48: Train Epoch 1: 125/159 Loss: 0.425438
2022-12-21 13:48: Train Epoch 1: 126/159 Loss: 0.410283
2022-12-21 13:48: Train Epoch 1: 127/159 Loss: 0.453447
2022-12-21 13:49: Train Epoch 1: 128/159 Loss: 0.437775
2022-12-21 13:49: Train Epoch 1: 129/159 Loss: 0.408480
2022-12-21 13:49: Train Epoch 1: 130/159 Loss: 0.432530
2022-12-21 13:49: Train Epoch 1: 131/159 Loss: 0.440190
2022-12-21 13:50: Train Epoch 1: 132/159 Loss: 0.390985
2022-12-21 13:50: Train Epoch 1: 133/159 Loss: 0.453668
2022-12-21 13:50: Train Epoch 1: 134/159 Loss: 0.432340
2022-12-21 13:50: Train Epoch 1: 135/159 Loss: 0.420667
2022-12-21 13:51: Train Epoch 1: 136/159 Loss: 0.420373
2022-12-21 13:51: Train Epoch 1: 137/159 Loss: 0.410388
2022-12-21 13:51: Train Epoch 1: 138/159 Loss: 0.434807
2022-12-21 13:51: Train Epoch 1: 139/159 Loss: 0.420178
2022-12-21 13:51: Train Epoch 1: 140/159 Loss: 0.418532
2022-12-21 13:52: Train Epoch 1: 141/159 Loss: 0.413552
2022-12-21 13:52: Train Epoch 1: 142/159 Loss: 0.397519
2022-12-21 13:52: Train Epoch 1: 143/159 Loss: 0.419629
2022-12-21 13:52: Train Epoch 1: 144/159 Loss: 0.393347
2022-12-21 13:53: Train Epoch 1: 145/159 Loss: 0.397210
2022-12-21 13:53: Train Epoch 1: 146/159 Loss: 0.373125
2022-12-21 13:53: Train Epoch 1: 147/159 Loss: 0.418376
2022-12-21 13:53: Train Epoch 1: 148/159 Loss: 0.401194
2022-12-21 13:54: Train Epoch 1: 149/159 Loss: 0.415266
2022-12-21 13:54: Train Epoch 1: 150/159 Loss: 0.449826
2022-12-21 13:54: Train Epoch 1: 151/159 Loss: 0.420652
2022-12-21 13:54: Train Epoch 1: 152/159 Loss: 0.413415
2022-12-21 13:55: Train Epoch 1: 153/159 Loss: 0.427694
2022-12-21 13:55: Train Epoch 1: 154/159 Loss: 0.389784
2022-12-21 13:55: Train Epoch 1: 155/159 Loss: 0.402518
2022-12-21 13:55: Train Epoch 1: 156/159 Loss: 0.382447
2022-12-21 13:56: Train Epoch 1: 157/159 Loss: 0.380795
2022-12-21 13:56: Train Epoch 1: 158/159 Loss: 0.382792
2022-12-21 13:56: **********Train Epoch 1: averaged Loss: 0.531363 
2022-12-21 13:56: 
Epoch time elapsed: 2373.634551525116

2022-12-21 13:57: 
 metrics validation: {'precision': 0.5931586608442504, 'recall': 0.6269230769230769, 'f1-score': 0.6095736724008975, 'support': 1300, 'AUC': 0.7488600591715975, 'AUCPR': 0.6133569379973062, 'TP': 815, 'FP': 559, 'TN': 2041, 'FN': 485} 

2022-12-21 13:57: **********Val Epoch 1: average Loss: 0.570425
2022-12-21 13:57: *********************************Current best model saved!
2022-12-21 13:58: 
 Testing metrics {'precision': 0.6890871654083733, 'recall': 0.8175895765472313, 'f1-score': 0.7478584729981379, 'support': 1228, 'AUC': 0.8515828085709132, 'AUCPR': 0.765153155810693, 'TP': 1004, 'FP': 453, 'TN': 2003, 'FN': 224} 

2022-12-21 13:58: Train Epoch 2: 0/159 Loss: 0.417708
2022-12-21 13:58: Train Epoch 2: 1/159 Loss: 0.418900
2022-12-21 13:58: Train Epoch 2: 2/159 Loss: 0.405342
2022-12-21 13:59: Train Epoch 2: 3/159 Loss: 0.376152
2022-12-21 13:59: Train Epoch 2: 4/159 Loss: 0.442617
2022-12-21 13:59: Train Epoch 2: 5/159 Loss: 0.386472
2022-12-21 13:59: Train Epoch 2: 6/159 Loss: 0.391498
2022-12-21 14:00: Train Epoch 2: 7/159 Loss: 0.385112
2022-12-21 14:00: Train Epoch 2: 8/159 Loss: 0.371190
2022-12-21 14:00: Train Epoch 2: 9/159 Loss: 0.382491
2022-12-21 14:01: Train Epoch 2: 10/159 Loss: 0.324033
2022-12-21 14:01: Train Epoch 2: 11/159 Loss: 0.375500
2022-12-21 14:01: Train Epoch 2: 12/159 Loss: 0.441102
2022-12-21 14:01: Train Epoch 2: 13/159 Loss: 0.409968
2022-12-21 14:02: Train Epoch 2: 14/159 Loss: 0.361021
2022-12-21 14:02: Train Epoch 2: 15/159 Loss: 0.353837
2022-12-21 14:02: Train Epoch 2: 16/159 Loss: 0.332554
2022-12-21 14:02: Train Epoch 2: 17/159 Loss: 0.387926
2022-12-21 14:03: Train Epoch 2: 18/159 Loss: 0.349546
2022-12-21 14:03: Train Epoch 2: 19/159 Loss: 0.379478
2022-12-21 14:03: Train Epoch 2: 20/159 Loss: 0.382347
2022-12-21 14:04: Train Epoch 2: 21/159 Loss: 0.335778
2022-12-21 14:04: Train Epoch 2: 22/159 Loss: 0.321820
2022-12-21 14:04: Train Epoch 2: 23/159 Loss: 0.322712
2022-12-21 14:04: Train Epoch 2: 24/159 Loss: 0.387817
2022-12-21 14:05: Train Epoch 2: 25/159 Loss: 0.348525
2022-12-21 14:05: Train Epoch 2: 26/159 Loss: 0.349035
2022-12-21 14:05: Train Epoch 2: 27/159 Loss: 0.376475
2022-12-21 14:05: Train Epoch 2: 28/159 Loss: 0.342377
2022-12-21 14:06: Train Epoch 2: 29/159 Loss: 0.355089
2022-12-21 14:06: Train Epoch 2: 30/159 Loss: 0.357645
2022-12-21 14:06: Train Epoch 2: 31/159 Loss: 0.346422
2022-12-21 14:06: Train Epoch 2: 32/159 Loss: 0.401557
2022-12-21 14:07: Train Epoch 2: 33/159 Loss: 0.396459
2022-12-21 14:07: Train Epoch 2: 34/159 Loss: 0.343578
2022-12-21 14:07: Train Epoch 2: 35/159 Loss: 0.388273
2022-12-21 14:08: Train Epoch 2: 36/159 Loss: 0.405616
2022-12-21 14:08: Train Epoch 2: 37/159 Loss: 0.355358
2022-12-21 14:08: Train Epoch 2: 38/159 Loss: 0.370450
2022-12-21 14:08: Train Epoch 2: 39/159 Loss: 0.351337
2022-12-21 14:09: Train Epoch 2: 40/159 Loss: 0.373076
2022-12-21 14:09: Train Epoch 2: 41/159 Loss: 0.341333
2022-12-21 14:09: Train Epoch 2: 42/159 Loss: 0.351791
2022-12-21 14:09: Train Epoch 2: 43/159 Loss: 0.385211
2022-12-21 14:10: Train Epoch 2: 44/159 Loss: 0.351817
2022-12-21 14:10: Train Epoch 2: 45/159 Loss: 0.374024
2022-12-21 14:10: Train Epoch 2: 46/159 Loss: 0.335515
2022-12-21 14:10: Train Epoch 2: 47/159 Loss: 0.399003
2022-12-21 14:11: Train Epoch 2: 48/159 Loss: 0.380992
2022-12-21 14:11: Train Epoch 2: 49/159 Loss: 0.328699
2022-12-21 14:11: Train Epoch 2: 50/159 Loss: 0.396907
2022-12-21 14:11: Train Epoch 2: 51/159 Loss: 0.386214
2022-12-21 14:12: Train Epoch 2: 52/159 Loss: 0.390566
2022-12-21 14:12: Train Epoch 2: 53/159 Loss: 0.361745
2022-12-21 14:12: Train Epoch 2: 54/159 Loss: 0.383072
2022-12-21 14:12: Train Epoch 2: 55/159 Loss: 0.328471
2022-12-21 14:13: Train Epoch 2: 56/159 Loss: 0.429793
2022-12-21 14:13: Train Epoch 2: 57/159 Loss: 0.390395
2022-12-21 14:13: Train Epoch 2: 58/159 Loss: 0.318235
2022-12-21 14:14: Train Epoch 2: 59/159 Loss: 0.389164
2022-12-21 14:14: Train Epoch 2: 60/159 Loss: 0.320245
2022-12-21 14:14: Train Epoch 2: 61/159 Loss: 0.336301
2022-12-21 14:14: Train Epoch 2: 62/159 Loss: 0.364339
2022-12-21 14:15: Train Epoch 2: 63/159 Loss: 0.321723
2022-12-21 14:15: Train Epoch 2: 64/159 Loss: 0.382387
2022-12-21 14:15: Train Epoch 2: 65/159 Loss: 0.347977
2022-12-21 14:15: Train Epoch 2: 66/159 Loss: 0.389709
2022-12-21 14:16: Train Epoch 2: 67/159 Loss: 0.335963
2022-12-21 14:16: Train Epoch 2: 68/159 Loss: 0.306158
2022-12-21 14:16: Train Epoch 2: 69/159 Loss: 0.331470
2022-12-21 14:16: Train Epoch 2: 70/159 Loss: 0.387824
2022-12-21 14:17: Train Epoch 2: 71/159 Loss: 0.331514
2022-12-21 14:17: Train Epoch 2: 72/159 Loss: 0.341025
2022-12-21 14:17: Train Epoch 2: 73/159 Loss: 0.317844
2022-12-21 14:17: Train Epoch 2: 74/159 Loss: 0.361335
