2022-12-28 00:10: log dir: /home/joel.chacon/tmp/WildFire_GCN/experiments/2020/2022122800103585228445505
2022-12-28 00:10: Experiment log path in: /home/joel.chacon/tmp/WildFire_GCN/experiments/2020/2022122800103585228445505
2022-12-28 00:10: Argument: Namespace(batch_size=256, clc='vec', cuda=True, dataset='2020', dataset_root='/home/joel.chacon/tmp/datasets_grl/', debug=False, default_graph=True, device='cpu', dynamic_features=['1 km 16 days NDVI', 'LST_Day_1km', 'LST_Night_1km', 'era5_max_d2m', 'era5_max_t2m', 'era5_max_sp', 'era5_max_tp', 'sminx', 'era5_max_wind_speed', 'era5_min_rh'], early_stop=True, early_stop_patience=8, embed_dim=32, epochs=30, grad_norm=False, horizon=1, input_dim=25, lag=10, link_len=2, log_dir='/home/joel.chacon/tmp/WildFire_GCN/experiments/2020/2022122800103585228445505', log_step=1, loss_func='nllloss', lr_decay=True, lr_decay_rate=0.1, lr_decay_step='15, 20', lr_init=0.0005, max_grad_norm=5, mode='train', model='fire_GCN', nan_fill=0.5, num_layers=1, num_nodes=625, num_workers=20, output_dim=2, patch_height=25, patch_width=25, persistent_workers=True, pin_memory=True, plot=False, positive_weight=0.5, prefetch_factor=2, real_value=True, rnn_units=32, seed=100, static_features=['dem_mean', 'slope_mean', 'roads_distance', 'waterway_distance', 'population_density'], teacher_forcing=False, weight_decay=0.0, window_len=10)
2022-12-28 00:10: Argument batch_size: 256
2022-12-28 00:10: Argument clc: 'vec'
2022-12-28 00:10: Argument cuda: True
2022-12-28 00:10: Argument dataset: '2020'
2022-12-28 00:10: Argument dataset_root: '/home/joel.chacon/tmp/datasets_grl/'
2022-12-28 00:10: Argument debug: False
2022-12-28 00:10: Argument default_graph: True
2022-12-28 00:10: Argument device: 'cpu'
2022-12-28 00:10: Argument dynamic_features: ['1 km 16 days NDVI', 'LST_Day_1km', 'LST_Night_1km', 'era5_max_d2m', 'era5_max_t2m', 'era5_max_sp', 'era5_max_tp', 'sminx', 'era5_max_wind_speed', 'era5_min_rh']
2022-12-28 00:10: Argument early_stop: True
2022-12-28 00:10: Argument early_stop_patience: 8
2022-12-28 00:10: Argument embed_dim: 32
2022-12-28 00:10: Argument epochs: 30
2022-12-28 00:10: Argument grad_norm: False
2022-12-28 00:10: Argument horizon: 1
2022-12-28 00:10: Argument input_dim: 25
2022-12-28 00:10: Argument lag: 10
2022-12-28 00:10: Argument link_len: 2
2022-12-28 00:10: Argument log_dir: '/home/joel.chacon/tmp/WildFire_GCN/experiments/2020/2022122800103585228445505'
2022-12-28 00:10: Argument log_step: 1
2022-12-28 00:10: Argument loss_func: 'nllloss'
2022-12-28 00:10: Argument lr_decay: True
2022-12-28 00:10: Argument lr_decay_rate: 0.1
2022-12-28 00:10: Argument lr_decay_step: '15, 20'
2022-12-28 00:10: Argument lr_init: 0.0005
2022-12-28 00:10: Argument max_grad_norm: 5
2022-12-28 00:10: Argument mode: 'train'
2022-12-28 00:10: Argument model: 'fire_GCN'
2022-12-28 00:10: Argument nan_fill: 0.5
2022-12-28 00:10: Argument num_layers: 1
2022-12-28 00:10: Argument num_nodes: 625
2022-12-28 00:10: Argument num_workers: 20
2022-12-28 00:10: Argument output_dim: 2
2022-12-28 00:10: Argument patch_height: 25
2022-12-28 00:10: Argument patch_width: 25
2022-12-28 00:10: Argument persistent_workers: True
2022-12-28 00:10: Argument pin_memory: True
2022-12-28 00:10: Argument plot: False
2022-12-28 00:10: Argument positive_weight: 0.5
2022-12-28 00:10: Argument prefetch_factor: 2
2022-12-28 00:10: Argument real_value: True
2022-12-28 00:10: Argument rnn_units: 32
2022-12-28 00:10: Argument seed: 100
2022-12-28 00:10: Argument static_features: ['dem_mean', 'slope_mean', 'roads_distance', 'waterway_distance', 'population_density']
2022-12-28 00:10: Argument teacher_forcing: False
2022-12-28 00:10: Argument weight_decay: 0.0
2022-12-28 00:10: Argument window_len: 10
2022-12-28 00:12: Train Epoch 1: 0/159 Loss: 1.311680
2022-12-28 00:13: Train Epoch 1: 1/159 Loss: 1.652927
2022-12-28 00:14: Train Epoch 1: 2/159 Loss: 1.944237
2022-12-28 00:15: Train Epoch 1: 3/159 Loss: 1.594974
2022-12-28 00:17: Train Epoch 1: 4/159 Loss: 0.960487
2022-12-28 00:18: Train Epoch 1: 5/159 Loss: 0.665385
2022-12-28 00:19: Train Epoch 1: 6/159 Loss: 1.246927
2022-12-28 00:21: Train Epoch 1: 7/159 Loss: 1.260819
2022-12-28 00:22: Train Epoch 1: 8/159 Loss: 0.680453
2022-12-28 00:23: Train Epoch 1: 9/159 Loss: 0.784066
2022-12-28 00:25: Train Epoch 1: 10/159 Loss: 1.021888
2022-12-28 00:26: Train Epoch 1: 11/159 Loss: 1.031899
2022-12-28 00:27: Train Epoch 1: 12/159 Loss: 0.942274
2022-12-28 00:29: Train Epoch 1: 13/159 Loss: 0.594846
2022-12-28 00:30: Train Epoch 1: 14/159 Loss: 0.684622
2022-12-28 00:31: Train Epoch 1: 15/159 Loss: 0.893965
2022-12-28 00:33: Train Epoch 1: 16/159 Loss: 0.806165
2022-12-28 00:34: Train Epoch 1: 17/159 Loss: 0.621859
2022-12-28 00:35: Train Epoch 1: 18/159 Loss: 0.666860
2022-12-28 00:37: Train Epoch 1: 19/159 Loss: 0.873840
2022-12-28 00:38: Train Epoch 1: 20/159 Loss: 0.739233
2022-12-28 00:39: Train Epoch 1: 21/159 Loss: 0.687424
2022-12-28 00:41: Train Epoch 1: 22/159 Loss: 0.617174
2022-12-28 00:42: Train Epoch 1: 23/159 Loss: 0.664587
2022-12-28 00:44: Train Epoch 1: 24/159 Loss: 0.776784
2022-12-28 00:45: Train Epoch 1: 25/159 Loss: 0.673842
2022-12-28 00:46: Train Epoch 1: 26/159 Loss: 0.599943
2022-12-28 00:48: Train Epoch 1: 27/159 Loss: 0.620296
2022-12-28 00:49: Train Epoch 1: 28/159 Loss: 0.678044
2022-12-28 00:50: Train Epoch 1: 29/159 Loss: 0.730287
2022-12-28 00:52: Train Epoch 1: 30/159 Loss: 0.611031
2022-12-28 00:53: Train Epoch 1: 31/159 Loss: 0.602321
2022-12-28 00:55: Train Epoch 1: 32/159 Loss: 0.645662
2022-12-28 00:56: Train Epoch 1: 33/159 Loss: 0.627487
2022-12-28 00:57: Train Epoch 1: 34/159 Loss: 0.591527
2022-12-28 00:59: Train Epoch 1: 35/159 Loss: 0.586972
2022-12-28 01:00: Train Epoch 1: 36/159 Loss: 0.631199
2022-12-28 01:01: Train Epoch 1: 37/159 Loss: 0.620610
2022-12-28 01:03: Train Epoch 1: 38/159 Loss: 0.546811
2022-12-28 01:04: Train Epoch 1: 39/159 Loss: 0.564686
2022-12-28 01:05: Train Epoch 1: 40/159 Loss: 0.580628
2022-12-28 01:07: Train Epoch 1: 41/159 Loss: 0.550336
2022-12-28 01:08: Train Epoch 1: 42/159 Loss: 0.532136
2022-12-28 01:09: Train Epoch 1: 43/159 Loss: 0.502883
2022-12-28 01:11: Train Epoch 1: 44/159 Loss: 0.529673
2022-12-28 01:12: Train Epoch 1: 45/159 Loss: 0.526874
2022-12-28 01:14: Train Epoch 1: 46/159 Loss: 0.477993
2022-12-28 01:15: Train Epoch 1: 47/159 Loss: 0.500618
2022-12-28 01:16: Train Epoch 1: 48/159 Loss: 0.505174
2022-12-28 01:18: Train Epoch 1: 49/159 Loss: 0.474843
2022-12-28 01:19: Train Epoch 1: 50/159 Loss: 0.485813
2022-12-28 01:20: Train Epoch 1: 51/159 Loss: 0.441839
2022-12-28 01:22: Train Epoch 1: 52/159 Loss: 0.460998
2022-12-28 01:23: Train Epoch 1: 53/159 Loss: 0.445980
2022-12-28 01:24: Train Epoch 1: 54/159 Loss: 0.440126
2022-12-28 01:26: Train Epoch 1: 55/159 Loss: 0.438511
2022-12-28 01:27: Train Epoch 1: 56/159 Loss: 0.391259
2022-12-28 01:28: Train Epoch 1: 57/159 Loss: 0.411157
2022-12-28 01:30: Train Epoch 1: 58/159 Loss: 0.386604
2022-12-28 01:31: Train Epoch 1: 59/159 Loss: 0.447082
2022-12-28 01:32: Train Epoch 1: 60/159 Loss: 0.401553
2022-12-28 01:34: Train Epoch 1: 61/159 Loss: 0.382846
2022-12-28 01:35: Train Epoch 1: 62/159 Loss: 0.376957
2022-12-28 01:37: Train Epoch 1: 63/159 Loss: 0.375013
2022-12-28 01:38: Train Epoch 1: 64/159 Loss: 0.395075
2022-12-28 01:39: Train Epoch 1: 65/159 Loss: 0.363781
2022-12-28 01:41: Train Epoch 1: 66/159 Loss: 0.376589
2022-12-28 01:42: Train Epoch 1: 67/159 Loss: 0.375436
2022-12-28 01:43: Train Epoch 1: 68/159 Loss: 0.330121
2022-12-28 01:45: Train Epoch 1: 69/159 Loss: 0.335552
2022-12-28 01:46: Train Epoch 1: 70/159 Loss: 0.384746
2022-12-28 01:47: Train Epoch 1: 71/159 Loss: 0.335479
2022-12-28 01:49: Train Epoch 1: 72/159 Loss: 0.322361
2022-12-28 01:50: Train Epoch 1: 73/159 Loss: 0.392648
2022-12-28 01:51: Train Epoch 1: 74/159 Loss: 0.330668
2022-12-28 01:53: Train Epoch 1: 75/159 Loss: 0.295246
2022-12-28 01:54: Train Epoch 1: 76/159 Loss: 0.335764
2022-12-28 01:55: Train Epoch 1: 77/159 Loss: 0.333534
2022-12-28 01:57: Train Epoch 1: 78/159 Loss: 0.345626
2022-12-28 01:58: Train Epoch 1: 79/159 Loss: 0.344826
2022-12-28 02:00: Train Epoch 1: 80/159 Loss: 0.358168
2022-12-28 02:01: Train Epoch 1: 81/159 Loss: 0.359162
2022-12-28 02:02: Train Epoch 1: 82/159 Loss: 0.316910
2022-12-28 02:04: Train Epoch 1: 83/159 Loss: 0.368893
2022-12-28 02:05: Train Epoch 1: 84/159 Loss: 0.303148
2022-12-28 02:06: Train Epoch 1: 85/159 Loss: 0.347198
2022-12-28 02:08: Train Epoch 1: 86/159 Loss: 0.334125
2022-12-28 02:09: Train Epoch 1: 87/159 Loss: 0.286792
2022-12-28 02:10: Train Epoch 1: 88/159 Loss: 0.300095
2022-12-28 02:12: Train Epoch 1: 89/159 Loss: 0.309188
2022-12-28 02:13: Train Epoch 1: 90/159 Loss: 0.287602
2022-12-28 02:14: Train Epoch 1: 91/159 Loss: 0.285800
2022-12-28 02:16: Train Epoch 1: 92/159 Loss: 0.326139
2022-12-28 02:17: Train Epoch 1: 93/159 Loss: 0.361675
2022-12-28 02:19: Train Epoch 1: 94/159 Loss: 0.297680
2022-12-28 02:20: Train Epoch 1: 95/159 Loss: 0.309047
2022-12-28 02:21: Train Epoch 1: 96/159 Loss: 0.343457
2022-12-28 02:23: Train Epoch 1: 97/159 Loss: 0.328665
2022-12-28 02:24: Train Epoch 1: 98/159 Loss: 0.265976
2022-12-28 02:25: Train Epoch 1: 99/159 Loss: 0.313207
2022-12-28 02:27: Train Epoch 1: 100/159 Loss: 0.306924
2022-12-28 02:28: Train Epoch 1: 101/159 Loss: 0.270933
2022-12-28 02:30: Train Epoch 1: 102/159 Loss: 0.334490
2022-12-28 02:31: Train Epoch 1: 103/159 Loss: 0.271346
2022-12-28 02:32: Train Epoch 1: 104/159 Loss: 0.322280
2022-12-28 02:34: Train Epoch 1: 105/159 Loss: 0.367859
2022-12-28 02:35: Train Epoch 1: 106/159 Loss: 0.266620
2022-12-28 02:36: Train Epoch 1: 107/159 Loss: 0.280946
2022-12-28 02:38: Train Epoch 1: 108/159 Loss: 0.280438
2022-12-28 02:39: Train Epoch 1: 109/159 Loss: 0.308011
2022-12-28 02:41: Train Epoch 1: 110/159 Loss: 0.289072
2022-12-28 02:42: Train Epoch 1: 111/159 Loss: 0.282643
2022-12-28 02:43: Train Epoch 1: 112/159 Loss: 0.283398
2022-12-28 02:45: Train Epoch 1: 113/159 Loss: 0.348937
2022-12-28 02:46: Train Epoch 1: 114/159 Loss: 0.291113
2022-12-28 02:47: Train Epoch 1: 115/159 Loss: 0.357731
2022-12-28 02:49: Train Epoch 1: 116/159 Loss: 0.391673
2022-12-28 02:50: Train Epoch 1: 117/159 Loss: 0.294411
2022-12-28 02:52: Train Epoch 1: 118/159 Loss: 0.304414
2022-12-28 02:53: Train Epoch 1: 119/159 Loss: 0.308509
2022-12-28 02:54: Train Epoch 1: 120/159 Loss: 0.321970
2022-12-28 02:56: Train Epoch 1: 121/159 Loss: 0.342009
2022-12-28 02:57: Train Epoch 1: 122/159 Loss: 0.352047
2022-12-28 02:58: Train Epoch 1: 123/159 Loss: 0.311353
2022-12-28 03:00: Train Epoch 1: 124/159 Loss: 0.297028
2022-12-28 03:01: Train Epoch 1: 125/159 Loss: 0.464448
2022-12-28 03:03: Train Epoch 1: 126/159 Loss: 0.271426
2022-12-28 03:04: Train Epoch 1: 127/159 Loss: 0.325991
2022-12-28 03:05: Train Epoch 1: 128/159 Loss: 0.253404
2022-12-28 03:07: Train Epoch 1: 129/159 Loss: 0.273712
2022-12-28 03:08: Train Epoch 1: 130/159 Loss: 0.272322
2022-12-28 03:09: Train Epoch 1: 131/159 Loss: 0.331395
2022-12-28 03:11: Train Epoch 1: 132/159 Loss: 0.294395
2022-12-28 03:12: Train Epoch 1: 133/159 Loss: 0.273646
2022-12-28 03:14: Train Epoch 1: 134/159 Loss: 0.267651
2022-12-28 03:15: Train Epoch 1: 135/159 Loss: 0.286023
2022-12-28 03:16: Train Epoch 1: 136/159 Loss: 0.337640
2022-12-28 03:18: Train Epoch 1: 137/159 Loss: 0.259966
2022-12-28 03:19: Train Epoch 1: 138/159 Loss: 0.363843
2022-12-28 03:21: Train Epoch 1: 139/159 Loss: 0.287449
2022-12-28 03:22: Train Epoch 1: 140/159 Loss: 0.326436
2022-12-28 03:23: Train Epoch 1: 141/159 Loss: 0.288650
2022-12-28 03:25: Train Epoch 1: 142/159 Loss: 0.285464
2022-12-28 03:26: Train Epoch 1: 143/159 Loss: 0.237170
2022-12-28 03:27: Train Epoch 1: 144/159 Loss: 0.356582
2022-12-28 03:29: Train Epoch 1: 145/159 Loss: 0.241987
2022-12-28 03:30: Train Epoch 1: 146/159 Loss: 0.299277
2022-12-28 03:31: Train Epoch 1: 147/159 Loss: 0.375767
2022-12-28 03:33: Train Epoch 1: 148/159 Loss: 0.289010
2022-12-28 03:34: Train Epoch 1: 149/159 Loss: 0.244882
2022-12-28 03:35: Train Epoch 1: 150/159 Loss: 0.284155
2022-12-28 03:37: Train Epoch 1: 151/159 Loss: 0.338618
2022-12-28 03:38: Train Epoch 1: 152/159 Loss: 0.298942
2022-12-28 03:39: Train Epoch 1: 153/159 Loss: 0.327540
2022-12-28 03:41: Train Epoch 1: 154/159 Loss: 0.303088
2022-12-28 03:42: Train Epoch 1: 155/159 Loss: 0.309353
2022-12-28 03:44: Train Epoch 1: 156/159 Loss: 0.339937
2022-12-28 03:45: Train Epoch 1: 157/159 Loss: 0.312068
2022-12-28 03:45: Train Epoch 1: 158/159 Loss: 0.354037
2022-12-28 03:45: **********Train Epoch 1: averaged Loss: 0.467206 
2022-12-28 03:45: 
Epoch time elapsed: 12917.862806558609

2022-12-28 03:52: 
 metrics validation: {'precision': 0.718801996672213, 'recall': 0.6646153846153846, 'f1-score': 0.6906474820143885, 'support': 1300, 'AUC': 0.8121014792899407, 'AUCPR': 0.6911015032217578, 'TP': 864, 'FP': 338, 'TN': 2262, 'FN': 436} 

2022-12-28 03:52: **********Val Epoch 1: average Loss: 0.618557
2022-12-28 03:52: *********************************Current best model saved!
2022-12-28 03:57: 
 Testing metrics {'precision': 0.7853159851301115, 'recall': 0.6881107491856677, 'f1-score': 0.7335069444444444, 'support': 1228, 'AUC': 0.8608728607200078, 'AUCPR': 0.7832153927081623, 'TP': 845, 'FP': 231, 'TN': 2225, 'FN': 383} 

2022-12-28 03:59: Train Epoch 2: 0/159 Loss: 0.310219
2022-12-28 04:00: Train Epoch 2: 1/159 Loss: 0.370283
2022-12-28 04:02: Train Epoch 2: 2/159 Loss: 0.329121
2022-12-28 04:03: Train Epoch 2: 3/159 Loss: 0.289044
2022-12-28 04:04: Train Epoch 2: 4/159 Loss: 0.290248
2022-12-28 04:06: Train Epoch 2: 5/159 Loss: 0.266615
2022-12-28 04:07: Train Epoch 2: 6/159 Loss: 0.305327
2022-12-28 04:09: Train Epoch 2: 7/159 Loss: 0.322322
2022-12-28 04:10: Train Epoch 2: 8/159 Loss: 0.281696
2022-12-28 04:11: Train Epoch 2: 9/159 Loss: 0.326113
2022-12-28 04:13: Train Epoch 2: 10/159 Loss: 0.333829
2022-12-28 04:14: Train Epoch 2: 11/159 Loss: 0.288453
2022-12-28 04:15: Train Epoch 2: 12/159 Loss: 0.323090
2022-12-28 04:17: Train Epoch 2: 13/159 Loss: 0.253287
2022-12-28 04:18: Train Epoch 2: 14/159 Loss: 0.288609
2022-12-28 04:20: Train Epoch 2: 15/159 Loss: 0.290505
2022-12-28 04:21: Train Epoch 2: 16/159 Loss: 0.299842
2022-12-28 04:23: Train Epoch 2: 17/159 Loss: 0.286498
2022-12-28 04:24: Train Epoch 2: 18/159 Loss: 0.331872
2022-12-28 04:25: Train Epoch 2: 19/159 Loss: 0.289765
2022-12-28 04:27: Train Epoch 2: 20/159 Loss: 0.319523
2022-12-28 04:28: Train Epoch 2: 21/159 Loss: 0.271975
2022-12-28 04:29: Train Epoch 2: 22/159 Loss: 0.221627
2022-12-28 04:31: Train Epoch 2: 23/159 Loss: 0.303389
2022-12-28 04:32: Train Epoch 2: 24/159 Loss: 0.293688
2022-12-28 04:34: Train Epoch 2: 25/159 Loss: 0.313554
2022-12-28 04:35: Train Epoch 2: 26/159 Loss: 0.297502
2022-12-28 04:36: Train Epoch 2: 27/159 Loss: 0.301897
2022-12-28 04:38: Train Epoch 2: 28/159 Loss: 0.291321
2022-12-28 04:39: Train Epoch 2: 29/159 Loss: 0.289560
2022-12-28 04:40: Train Epoch 2: 30/159 Loss: 0.262922
2022-12-28 04:42: Train Epoch 2: 31/159 Loss: 0.349634
2022-12-28 04:43: Train Epoch 2: 32/159 Loss: 0.375607
2022-12-28 04:45: Train Epoch 2: 33/159 Loss: 0.267805
2022-12-28 04:46: Train Epoch 2: 34/159 Loss: 0.271496
2022-12-28 04:47: Train Epoch 2: 35/159 Loss: 0.286960
2022-12-28 04:49: Train Epoch 2: 36/159 Loss: 0.307862
2022-12-28 04:50: Train Epoch 2: 37/159 Loss: 0.278478
2022-12-28 04:51: Train Epoch 2: 38/159 Loss: 0.272937
2022-12-28 04:53: Train Epoch 2: 39/159 Loss: 0.304655
2022-12-28 04:54: Train Epoch 2: 40/159 Loss: 0.334432
2022-12-28 04:56: Train Epoch 2: 41/159 Loss: 0.252057
2022-12-28 04:57: Train Epoch 2: 42/159 Loss: 0.259051
2022-12-28 04:58: Train Epoch 2: 43/159 Loss: 0.337106
2022-12-28 05:00: Train Epoch 2: 44/159 Loss: 0.406406
2022-12-28 05:01: Train Epoch 2: 45/159 Loss: 0.229431
2022-12-28 05:02: Train Epoch 2: 46/159 Loss: 0.367719
2022-12-28 05:04: Train Epoch 2: 47/159 Loss: 0.316594
2022-12-28 05:05: Train Epoch 2: 48/159 Loss: 0.265771
2022-12-28 05:07: Train Epoch 2: 49/159 Loss: 0.271132
2022-12-28 05:08: Train Epoch 2: 50/159 Loss: 0.269925
2022-12-28 05:09: Train Epoch 2: 51/159 Loss: 0.299531
2022-12-28 05:11: Train Epoch 2: 52/159 Loss: 0.316487
2022-12-28 05:12: Train Epoch 2: 53/159 Loss: 0.320051
2022-12-28 05:13: Train Epoch 2: 54/159 Loss: 0.329397
2022-12-28 05:15: Train Epoch 2: 55/159 Loss: 0.276103
2022-12-28 05:16: Train Epoch 2: 56/159 Loss: 0.318083
2022-12-28 05:18: Train Epoch 2: 57/159 Loss: 0.372250
2022-12-28 05:19: Train Epoch 2: 58/159 Loss: 0.333901
2022-12-28 05:20: Train Epoch 2: 59/159 Loss: 0.281459
2022-12-28 05:22: Train Epoch 2: 60/159 Loss: 0.300597
2022-12-28 05:23: Train Epoch 2: 61/159 Loss: 0.272907
2022-12-28 05:24: Train Epoch 2: 62/159 Loss: 0.345560
2022-12-28 05:26: Train Epoch 2: 63/159 Loss: 0.296924
2022-12-28 05:27: Train Epoch 2: 64/159 Loss: 0.337816
2022-12-28 05:28: Train Epoch 2: 65/159 Loss: 0.271063
2022-12-28 05:30: Train Epoch 2: 66/159 Loss: 0.366481
2022-12-28 05:31: Train Epoch 2: 67/159 Loss: 0.296969
2022-12-28 05:33: Train Epoch 2: 68/159 Loss: 0.331704
2022-12-28 05:34: Train Epoch 2: 69/159 Loss: 0.274421
2022-12-28 05:35: Train Epoch 2: 70/159 Loss: 0.288017
2022-12-28 05:37: Train Epoch 2: 71/159 Loss: 0.254430
2022-12-28 05:38: Train Epoch 2: 72/159 Loss: 0.279775
2022-12-28 05:39: Train Epoch 2: 73/159 Loss: 0.309013
2022-12-28 05:41: Train Epoch 2: 74/159 Loss: 0.289093
2022-12-28 05:42: Train Epoch 2: 75/159 Loss: 0.325114
2022-12-28 05:44: Train Epoch 2: 76/159 Loss: 0.279646
2022-12-28 05:45: Train Epoch 2: 77/159 Loss: 0.305201
2022-12-28 05:46: Train Epoch 2: 78/159 Loss: 0.302443
2022-12-28 05:48: Train Epoch 2: 79/159 Loss: 0.312417
2022-12-28 05:49: Train Epoch 2: 80/159 Loss: 0.361177
2022-12-28 05:50: Train Epoch 2: 81/159 Loss: 0.284045
2022-12-28 05:52: Train Epoch 2: 82/159 Loss: 0.261385
2022-12-28 05:53: Train Epoch 2: 83/159 Loss: 0.237246
2022-12-28 05:54: Train Epoch 2: 84/159 Loss: 0.307439
2022-12-28 05:56: Train Epoch 2: 85/159 Loss: 0.350125
2022-12-28 05:57: Train Epoch 2: 86/159 Loss: 0.277495
2022-12-28 05:58: Train Epoch 2: 87/159 Loss: 0.307148
2022-12-28 06:00: Train Epoch 2: 88/159 Loss: 0.276653
2022-12-28 06:01: Train Epoch 2: 89/159 Loss: 0.303106
2022-12-28 06:03: Train Epoch 2: 90/159 Loss: 0.296601
2022-12-28 06:04: Train Epoch 2: 91/159 Loss: 0.297698
2022-12-28 06:05: Train Epoch 2: 92/159 Loss: 0.304250
2022-12-28 06:07: Train Epoch 2: 93/159 Loss: 0.304521
2022-12-28 06:08: Train Epoch 2: 94/159 Loss: 0.274472
2022-12-28 06:09: Train Epoch 2: 95/159 Loss: 0.336193
2022-12-28 06:11: Train Epoch 2: 96/159 Loss: 0.231177
2022-12-28 06:12: Train Epoch 2: 97/159 Loss: 0.307841
2022-12-28 06:14: Train Epoch 2: 98/159 Loss: 0.263436
2022-12-28 06:15: Train Epoch 2: 99/159 Loss: 0.248836
2022-12-28 06:16: Train Epoch 2: 100/159 Loss: 0.344476
2022-12-28 06:18: Train Epoch 2: 101/159 Loss: 0.255698
2022-12-28 06:19: Train Epoch 2: 102/159 Loss: 0.250528
2022-12-28 06:21: Train Epoch 2: 103/159 Loss: 0.337307
2022-12-28 06:22: Train Epoch 2: 104/159 Loss: 0.346646
2022-12-28 06:23: Train Epoch 2: 105/159 Loss: 0.336158
2022-12-28 06:25: Train Epoch 2: 106/159 Loss: 0.255814
2022-12-28 06:26: Train Epoch 2: 107/159 Loss: 0.286826
2022-12-28 06:27: Train Epoch 2: 108/159 Loss: 0.415000
2022-12-28 06:29: Train Epoch 2: 109/159 Loss: 0.290346
2022-12-28 06:30: Train Epoch 2: 110/159 Loss: 0.286791
2022-12-28 06:32: Train Epoch 2: 111/159 Loss: 0.418910
2022-12-28 06:33: Train Epoch 2: 112/159 Loss: 0.318409
2022-12-28 06:34: Train Epoch 2: 113/159 Loss: 0.286636
2022-12-28 06:36: Train Epoch 2: 114/159 Loss: 0.377841
2022-12-28 06:37: Train Epoch 2: 115/159 Loss: 0.341624
2022-12-28 06:38: Train Epoch 2: 116/159 Loss: 0.264344
2022-12-28 06:40: Train Epoch 2: 117/159 Loss: 0.344682
2022-12-28 06:41: Train Epoch 2: 118/159 Loss: 0.405267
2022-12-28 06:43: Train Epoch 2: 119/159 Loss: 0.231586
2022-12-28 06:44: Train Epoch 2: 120/159 Loss: 0.257132
2022-12-28 06:45: Train Epoch 2: 121/159 Loss: 0.351083
2022-12-28 06:47: Train Epoch 2: 122/159 Loss: 0.313976
2022-12-28 06:48: Train Epoch 2: 123/159 Loss: 0.284827
2022-12-28 06:50: Train Epoch 2: 124/159 Loss: 0.323469
2022-12-28 06:51: Train Epoch 2: 125/159 Loss: 0.276597
2022-12-28 06:52: Train Epoch 2: 126/159 Loss: 0.199310
2022-12-28 06:54: Train Epoch 2: 127/159 Loss: 0.314884
2022-12-28 06:55: Train Epoch 2: 128/159 Loss: 0.354607
2022-12-28 06:57: Train Epoch 2: 129/159 Loss: 0.338922
2022-12-28 06:58: Train Epoch 2: 130/159 Loss: 0.341902
2022-12-28 06:59: Train Epoch 2: 131/159 Loss: 0.331016
2022-12-28 07:01: Train Epoch 2: 132/159 Loss: 0.319464
2022-12-28 07:02: Train Epoch 2: 133/159 Loss: 0.248254
2022-12-28 07:03: Train Epoch 2: 134/159 Loss: 0.233240
2022-12-28 07:05: Train Epoch 2: 135/159 Loss: 0.303892
2022-12-28 07:06: Train Epoch 2: 136/159 Loss: 0.308791
2022-12-28 07:08: Train Epoch 2: 137/159 Loss: 0.369661
2022-12-28 07:09: Train Epoch 2: 138/159 Loss: 0.254961
2022-12-28 07:10: Train Epoch 2: 139/159 Loss: 0.268575
2022-12-28 07:12: Train Epoch 2: 140/159 Loss: 0.306274
2022-12-28 07:13: Train Epoch 2: 141/159 Loss: 0.257447
2022-12-28 07:14: Train Epoch 2: 142/159 Loss: 0.362797
2022-12-28 07:16: Train Epoch 2: 143/159 Loss: 0.306350
2022-12-28 07:17: Train Epoch 2: 144/159 Loss: 0.297193
2022-12-28 07:19: Train Epoch 2: 145/159 Loss: 0.283490
2022-12-28 07:20: Train Epoch 2: 146/159 Loss: 0.300853
2022-12-28 07:21: Train Epoch 2: 147/159 Loss: 0.303985
2022-12-28 07:23: Train Epoch 2: 148/159 Loss: 0.292898
2022-12-28 07:24: Train Epoch 2: 149/159 Loss: 0.213092
2022-12-28 07:25: Train Epoch 2: 150/159 Loss: 0.240139
2022-12-28 07:27: Train Epoch 2: 151/159 Loss: 0.338836
2022-12-28 07:28: Train Epoch 2: 152/159 Loss: 0.289852
2022-12-28 07:30: Train Epoch 2: 153/159 Loss: 0.294202
2022-12-28 07:31: Train Epoch 2: 154/159 Loss: 0.245561
2022-12-28 07:32: Train Epoch 2: 155/159 Loss: 0.297920
2022-12-28 07:34: Train Epoch 2: 156/159 Loss: 0.339747
2022-12-28 07:35: Train Epoch 2: 157/159 Loss: 0.274754
2022-12-28 07:36: Train Epoch 2: 158/159 Loss: 0.267261
2022-12-28 07:36: **********Train Epoch 2: averaged Loss: 0.301186 
2022-12-28 07:36: 
Epoch time elapsed: 13103.190877437592

2022-12-28 07:41: 
 metrics validation: {'precision': 0.8397534668721109, 'recall': 0.41923076923076924, 'f1-score': 0.5592611595690097, 'support': 1300, 'AUC': 0.8236807692307693, 'AUCPR': 0.7165008430488156, 'TP': 545, 'FP': 104, 'TN': 2496, 'FN': 755} 

2022-12-28 07:41: **********Val Epoch 2: average Loss: 0.707420
2022-12-28 07:46: 
 Testing metrics {'precision': 0.7853159851301115, 'recall': 0.6881107491856677, 'f1-score': 0.7335069444444444, 'support': 1228, 'AUC': 0.8608728607200078, 'AUCPR': 0.7832153927081623, 'TP': 845, 'FP': 231, 'TN': 2225, 'FN': 383} 

2022-12-28 07:48: Train Epoch 3: 0/159 Loss: 0.289591
2022-12-28 07:49: Train Epoch 3: 1/159 Loss: 0.360371
2022-12-28 07:51: Train Epoch 3: 2/159 Loss: 0.376828
2022-12-28 07:52: Train Epoch 3: 3/159 Loss: 0.335883
2022-12-28 07:53: Train Epoch 3: 4/159 Loss: 0.333086
2022-12-28 07:55: Train Epoch 3: 5/159 Loss: 0.310762
2022-12-28 07:56: Train Epoch 3: 6/159 Loss: 0.303945
2022-12-28 07:58: Train Epoch 3: 7/159 Loss: 0.363409
2022-12-28 07:59: Train Epoch 3: 8/159 Loss: 0.333939
2022-12-28 08:00: Train Epoch 3: 9/159 Loss: 0.343125
2022-12-28 08:02: Train Epoch 3: 10/159 Loss: 0.306345
2022-12-28 08:03: Train Epoch 3: 11/159 Loss: 0.280110
2022-12-28 08:04: Train Epoch 3: 12/159 Loss: 0.300077
2022-12-28 08:06: Train Epoch 3: 13/159 Loss: 0.245418
2022-12-28 08:07: Train Epoch 3: 14/159 Loss: 0.276376
2022-12-28 08:09: Train Epoch 3: 15/159 Loss: 0.307982
2022-12-28 08:10: Train Epoch 3: 16/159 Loss: 0.256056
2022-12-28 08:11: Train Epoch 3: 17/159 Loss: 0.288623
2022-12-28 08:13: Train Epoch 3: 18/159 Loss: 0.367733
2022-12-28 08:14: Train Epoch 3: 19/159 Loss: 0.321914
2022-12-28 08:15: Train Epoch 3: 20/159 Loss: 0.266611
2022-12-28 08:17: Train Epoch 3: 21/159 Loss: 0.285742
2022-12-28 08:18: Train Epoch 3: 22/159 Loss: 0.291169
2022-12-28 08:20: Train Epoch 3: 23/159 Loss: 0.269051
2022-12-28 08:21: Train Epoch 3: 24/159 Loss: 0.213952
2022-12-28 08:22: Train Epoch 3: 25/159 Loss: 0.367057
2022-12-28 08:24: Train Epoch 3: 26/159 Loss: 0.312619
2022-12-28 08:25: Train Epoch 3: 27/159 Loss: 0.302061
2022-12-28 08:26: Train Epoch 3: 28/159 Loss: 0.366924
2022-12-28 08:28: Train Epoch 3: 29/159 Loss: 0.226017
2022-12-28 08:29: Train Epoch 3: 30/159 Loss: 0.364529
2022-12-28 08:31: Train Epoch 3: 31/159 Loss: 0.251815
2022-12-28 08:32: Train Epoch 3: 32/159 Loss: 0.329434
2022-12-28 08:33: Train Epoch 3: 33/159 Loss: 0.297601
2022-12-28 08:35: Train Epoch 3: 34/159 Loss: 0.271965
2022-12-28 08:36: Train Epoch 3: 35/159 Loss: 0.322229
2022-12-28 08:37: Train Epoch 3: 36/159 Loss: 0.283777
2022-12-28 08:39: Train Epoch 3: 37/159 Loss: 0.276463
2022-12-28 08:40: Train Epoch 3: 38/159 Loss: 0.266768
2022-12-28 08:41: Train Epoch 3: 39/159 Loss: 0.352665
2022-12-28 08:43: Train Epoch 3: 40/159 Loss: 0.316161
2022-12-28 08:44: Train Epoch 3: 41/159 Loss: 0.343834
2022-12-28 08:46: Train Epoch 3: 42/159 Loss: 0.315526
2022-12-28 08:47: Train Epoch 3: 43/159 Loss: 0.270900
2022-12-28 08:48: Train Epoch 3: 44/159 Loss: 0.266884
2022-12-28 08:50: Train Epoch 3: 45/159 Loss: 0.264128
2022-12-28 08:51: Train Epoch 3: 46/159 Loss: 0.314586
2022-12-28 08:52: Train Epoch 3: 47/159 Loss: 0.241229
2022-12-28 08:54: Train Epoch 3: 48/159 Loss: 0.262777
2022-12-28 08:55: Train Epoch 3: 49/159 Loss: 0.272638
2022-12-28 08:56: Train Epoch 3: 50/159 Loss: 0.276323
2022-12-28 08:58: Train Epoch 3: 51/159 Loss: 0.312269
2022-12-28 08:59: Train Epoch 3: 52/159 Loss: 0.268170
2022-12-28 09:01: Train Epoch 3: 53/159 Loss: 0.303737
2022-12-28 09:02: Train Epoch 3: 54/159 Loss: 0.259032
2022-12-28 09:03: Train Epoch 3: 55/159 Loss: 0.266201
2022-12-28 09:05: Train Epoch 3: 56/159 Loss: 0.195556
2022-12-28 09:06: Train Epoch 3: 57/159 Loss: 0.230733
2022-12-28 09:08: Train Epoch 3: 58/159 Loss: 0.253664
2022-12-28 09:09: Train Epoch 3: 59/159 Loss: 0.355300
2022-12-28 09:10: Train Epoch 3: 60/159 Loss: 0.362390
2022-12-28 09:12: Train Epoch 3: 61/159 Loss: 0.262718
2022-12-28 09:13: Train Epoch 3: 62/159 Loss: 0.344634
2022-12-28 09:14: Train Epoch 3: 63/159 Loss: 0.250740
2022-12-28 09:16: Train Epoch 3: 64/159 Loss: 0.227697
2022-12-28 09:17: Train Epoch 3: 65/159 Loss: 0.239956
2022-12-28 09:18: Train Epoch 3: 66/159 Loss: 0.326801
2022-12-28 09:20: Train Epoch 3: 67/159 Loss: 0.279303
2022-12-28 09:21: Train Epoch 3: 68/159 Loss: 0.252172
2022-12-28 09:23: Train Epoch 3: 69/159 Loss: 0.364185
2022-12-28 09:24: Train Epoch 3: 70/159 Loss: 0.309110
2022-12-28 09:25: Train Epoch 3: 71/159 Loss: 0.261565
2022-12-28 09:27: Train Epoch 3: 72/159 Loss: 0.245468
2022-12-28 09:28: Train Epoch 3: 73/159 Loss: 0.370284
2022-12-28 09:29: Train Epoch 3: 74/159 Loss: 0.348070
2022-12-28 09:31: Train Epoch 3: 75/159 Loss: 0.291797
2022-12-28 09:32: Train Epoch 3: 76/159 Loss: 0.292838
2022-12-28 09:33: Train Epoch 3: 77/159 Loss: 0.296327
2022-12-28 09:35: Train Epoch 3: 78/159 Loss: 0.255492
2022-12-28 09:36: Train Epoch 3: 79/159 Loss: 0.226779
2022-12-28 09:38: Train Epoch 3: 80/159 Loss: 0.342910
2022-12-28 09:39: Train Epoch 3: 81/159 Loss: 0.311769
2022-12-28 09:40: Train Epoch 3: 82/159 Loss: 0.269282
2022-12-28 09:42: Train Epoch 3: 83/159 Loss: 0.327910
2022-12-28 09:43: Train Epoch 3: 84/159 Loss: 0.290768
2022-12-28 09:44: Train Epoch 3: 85/159 Loss: 0.344990
2022-12-28 09:46: Train Epoch 3: 86/159 Loss: 0.344257
2022-12-28 09:47: Train Epoch 3: 87/159 Loss: 0.284447
2022-12-28 09:48: Train Epoch 3: 88/159 Loss: 0.256795
2022-12-28 09:50: Train Epoch 3: 89/159 Loss: 0.288326
2022-12-28 09:51: Train Epoch 3: 90/159 Loss: 0.354533
2022-12-28 09:53: Train Epoch 3: 91/159 Loss: 0.272423
2022-12-28 09:54: Train Epoch 3: 92/159 Loss: 0.329211
2022-12-28 09:55: Train Epoch 3: 93/159 Loss: 0.299041
2022-12-28 09:57: Train Epoch 3: 94/159 Loss: 0.314580
2022-12-28 09:58: Train Epoch 3: 95/159 Loss: 0.273436
2022-12-28 09:59: Train Epoch 3: 96/159 Loss: 0.280872
2022-12-28 10:01: Train Epoch 3: 97/159 Loss: 0.390339
2022-12-28 10:02: Train Epoch 3: 98/159 Loss: 0.421796
2022-12-28 10:04: Train Epoch 3: 99/159 Loss: 0.266284
2022-12-28 10:05: Train Epoch 3: 100/159 Loss: 0.246886
2022-12-28 10:06: Train Epoch 3: 101/159 Loss: 0.327524
2022-12-28 10:08: Train Epoch 3: 102/159 Loss: 0.269145
2022-12-28 10:09: Train Epoch 3: 103/159 Loss: 0.301376
2022-12-28 10:10: Train Epoch 3: 104/159 Loss: 0.235629
2022-12-28 10:12: Train Epoch 3: 105/159 Loss: 0.364288
2022-12-28 10:13: Train Epoch 3: 106/159 Loss: 0.286162
2022-12-28 10:14: Train Epoch 3: 107/159 Loss: 0.300447
2022-12-28 10:16: Train Epoch 3: 108/159 Loss: 0.279693
2022-12-28 10:17: Train Epoch 3: 109/159 Loss: 0.300514
2022-12-28 10:19: Train Epoch 3: 110/159 Loss: 0.348144
2022-12-28 10:20: Train Epoch 3: 111/159 Loss: 0.325169
2022-12-28 10:21: Train Epoch 3: 112/159 Loss: 0.383448
2022-12-28 10:23: Train Epoch 3: 113/159 Loss: 0.311496
2022-12-28 10:24: Train Epoch 3: 114/159 Loss: 0.279286
2022-12-28 10:25: Train Epoch 3: 115/159 Loss: 0.273393
2022-12-28 10:27: Train Epoch 3: 116/159 Loss: 0.339180
2022-12-28 10:28: Train Epoch 3: 117/159 Loss: 0.280034
2022-12-28 10:30: Train Epoch 3: 118/159 Loss: 0.278621
2022-12-28 10:31: Train Epoch 3: 119/159 Loss: 0.249531
2022-12-28 10:32: Train Epoch 3: 120/159 Loss: 0.324060
2022-12-28 10:34: Train Epoch 3: 121/159 Loss: 0.224950
2022-12-28 10:35: Train Epoch 3: 122/159 Loss: 0.260867
2022-12-28 10:37: Train Epoch 3: 123/159 Loss: 0.343494
2022-12-28 10:38: Train Epoch 3: 124/159 Loss: 0.268740
2022-12-28 10:39: Train Epoch 3: 125/159 Loss: 0.279146
2022-12-28 10:41: Train Epoch 3: 126/159 Loss: 0.316502
2022-12-28 10:42: Train Epoch 3: 127/159 Loss: 0.297222
2022-12-28 10:43: Train Epoch 3: 128/159 Loss: 0.290578
2022-12-28 10:45: Train Epoch 3: 129/159 Loss: 0.273788
2022-12-28 10:46: Train Epoch 3: 130/159 Loss: 0.341772
2022-12-28 10:48: Train Epoch 3: 131/159 Loss: 0.272789
2022-12-28 10:49: Train Epoch 3: 132/159 Loss: 0.319685
2022-12-28 10:50: Train Epoch 3: 133/159 Loss: 0.258117
2022-12-28 10:52: Train Epoch 3: 134/159 Loss: 0.233583
2022-12-28 10:53: Train Epoch 3: 135/159 Loss: 0.312567
2022-12-28 10:55: Train Epoch 3: 136/159 Loss: 0.317203
2022-12-28 10:56: Train Epoch 3: 137/159 Loss: 0.323859
2022-12-28 10:57: Train Epoch 3: 138/159 Loss: 0.372326
2022-12-28 10:59: Train Epoch 3: 139/159 Loss: 0.384977
2022-12-28 11:00: Train Epoch 3: 140/159 Loss: 0.322305
2022-12-28 11:01: Train Epoch 3: 141/159 Loss: 0.279486
2022-12-28 11:03: Train Epoch 3: 142/159 Loss: 0.319909
2022-12-28 11:04: Train Epoch 3: 143/159 Loss: 0.327631
2022-12-28 11:06: Train Epoch 3: 144/159 Loss: 0.227964
2022-12-28 11:07: Train Epoch 3: 145/159 Loss: 0.257931
2022-12-28 11:08: Train Epoch 3: 146/159 Loss: 0.350921
2022-12-28 11:10: Train Epoch 3: 147/159 Loss: 0.310826
2022-12-28 11:11: Train Epoch 3: 148/159 Loss: 0.310992
2022-12-28 11:12: Train Epoch 3: 149/159 Loss: 0.281002
2022-12-28 11:14: Train Epoch 3: 150/159 Loss: 0.328256
2022-12-28 11:15: Train Epoch 3: 151/159 Loss: 0.226493
2022-12-28 11:17: Train Epoch 3: 152/159 Loss: 0.294870
2022-12-28 11:18: Train Epoch 3: 153/159 Loss: 0.348044
2022-12-28 11:19: Train Epoch 3: 154/159 Loss: 0.280351
2022-12-28 11:21: Train Epoch 3: 155/159 Loss: 0.322335
2022-12-28 11:22: Train Epoch 3: 156/159 Loss: 0.326686
2022-12-28 11:23: Train Epoch 3: 157/159 Loss: 0.329421
2022-12-28 11:24: Train Epoch 3: 158/159 Loss: 0.233233
2022-12-28 11:24: **********Train Epoch 3: averaged Loss: 0.299099 
2022-12-28 11:24: 
Epoch time elapsed: 13045.74717950821

2022-12-28 11:29: 
 metrics validation: {'precision': 0.7134099616858237, 'recall': 0.7161538461538461, 'f1-score': 0.7147792706333973, 'support': 1300, 'AUC': 0.8266109467455621, 'AUCPR': 0.7189769482166529, 'TP': 931, 'FP': 374, 'TN': 2226, 'FN': 369} 

2022-12-28 11:29: **********Val Epoch 3: average Loss: 0.561539
2022-12-28 11:29: *********************************Current best model saved!
2022-12-28 11:35: 
 Testing metrics {'precision': 0.7649647887323944, 'recall': 0.7076547231270358, 'f1-score': 0.7351945854483924, 'support': 1228, 'AUC': 0.8658483777016202, 'AUCPR': 0.7946158869092286, 'TP': 869, 'FP': 267, 'TN': 2189, 'FN': 359} 

2022-12-28 11:36: Train Epoch 4: 0/159 Loss: 0.288541
2022-12-28 11:38: Train Epoch 4: 1/159 Loss: 0.291855
2022-12-28 11:39: Train Epoch 4: 2/159 Loss: 0.282524
2022-12-28 11:40: Train Epoch 4: 3/159 Loss: 0.298836
2022-12-28 11:42: Train Epoch 4: 4/159 Loss: 0.321408
2022-12-28 11:43: Train Epoch 4: 5/159 Loss: 0.326664
2022-12-28 11:45: Train Epoch 4: 6/159 Loss: 0.237570
2022-12-28 11:46: Train Epoch 4: 7/159 Loss: 0.261392
2022-12-28 11:47: Train Epoch 4: 8/159 Loss: 0.276252
2022-12-28 11:49: Train Epoch 4: 9/159 Loss: 0.313341
2022-12-28 11:50: Train Epoch 4: 10/159 Loss: 0.274564
2022-12-28 11:52: Train Epoch 4: 11/159 Loss: 0.283383
2022-12-28 11:53: Train Epoch 4: 12/159 Loss: 0.304400
2022-12-28 11:54: Train Epoch 4: 13/159 Loss: 0.344687
2022-12-28 11:56: Train Epoch 4: 14/159 Loss: 0.325678
2022-12-28 11:57: Train Epoch 4: 15/159 Loss: 0.268221
2022-12-28 11:58: Train Epoch 4: 16/159 Loss: 0.281318
2022-12-28 12:00: Train Epoch 4: 17/159 Loss: 0.280812
2022-12-28 12:01: Train Epoch 4: 18/159 Loss: 0.256887
2022-12-28 12:02: Train Epoch 4: 19/159 Loss: 0.258151
2022-12-28 12:04: Train Epoch 4: 20/159 Loss: 0.292482
2022-12-28 12:05: Train Epoch 4: 21/159 Loss: 0.272154
2022-12-28 12:07: Train Epoch 4: 22/159 Loss: 0.260475
2022-12-28 12:08: Train Epoch 4: 23/159 Loss: 0.266591
2022-12-28 12:09: Train Epoch 4: 24/159 Loss: 0.306006
2022-12-28 12:11: Train Epoch 4: 25/159 Loss: 0.230578
2022-12-28 12:12: Train Epoch 4: 26/159 Loss: 0.230983
