2023-01-06 08:34: log dir: /home/joel.chacon/tmp/convLSTM/WildFire_GCN/experiments/2020/2023010608343588154969386
2023-01-06 08:34: Experiment log path in: /home/joel.chacon/tmp/convLSTM/WildFire_GCN/experiments/2020/2023010608343588154969386
2023-01-06 08:34: Argument: Namespace(batch_size=256, clc='vec', cuda=True, dataset='2020', dataset_root='/home/joel.chacon/tmp/datasets_grl/', debug=False, default_graph=True, device='cpu', dynamic_features=['1 km 16 days NDVI', 'LST_Day_1km', 'LST_Night_1km', 'era5_max_d2m', 'era5_max_t2m', 'era5_max_sp', 'era5_max_tp', 'sminx', 'era5_max_wind_speed', 'era5_min_rh'], early_stop=True, early_stop_patience=5, embed_dim=32, epochs=30, grad_norm=False, horizon=1, input_dim=25, lag=10, link_len=2, log_dir='/home/joel.chacon/tmp/convLSTM/WildFire_GCN/experiments/2020/2023010608343588154969386', log_step=1, loss_func='nllloss', lr_decay=True, lr_decay_rate=0.1, lr_decay_step='15', lr_init=0.0001, max_grad_norm=5, minbatch_size=64, mode='train', model='fire_GCN', nan_fill=-1.0, num_layers=1, num_nodes=625, num_workers=12, output_dim=2, patch_height=25, patch_width=25, persistent_workers=True, pin_memory=True, plot=False, positive_weight=0.5, prefetch_factor=2, real_value=True, rnn_units=32, seed=10000, static_features=['dem_mean', 'slope_mean', 'roads_distance', 'waterway_distance', 'population_density'], teacher_forcing=False, weight_decay=0.01, window_len=10)
2023-01-06 08:34: Argument batch_size: 256
2023-01-06 08:34: Argument clc: 'vec'
2023-01-06 08:34: Argument cuda: True
2023-01-06 08:34: Argument dataset: '2020'
2023-01-06 08:34: Argument dataset_root: '/home/joel.chacon/tmp/datasets_grl/'
2023-01-06 08:34: Argument debug: False
2023-01-06 08:34: Argument default_graph: True
2023-01-06 08:34: Argument device: 'cpu'
2023-01-06 08:34: Argument dynamic_features: ['1 km 16 days NDVI', 'LST_Day_1km', 'LST_Night_1km', 'era5_max_d2m', 'era5_max_t2m', 'era5_max_sp', 'era5_max_tp', 'sminx', 'era5_max_wind_speed', 'era5_min_rh']
2023-01-06 08:34: Argument early_stop: True
2023-01-06 08:34: Argument early_stop_patience: 5
2023-01-06 08:34: Argument embed_dim: 32
2023-01-06 08:34: Argument epochs: 30
2023-01-06 08:34: Argument grad_norm: False
2023-01-06 08:34: Argument horizon: 1
2023-01-06 08:34: Argument input_dim: 25
2023-01-06 08:34: Argument lag: 10
2023-01-06 08:34: Argument link_len: 2
2023-01-06 08:34: Argument log_dir: '/home/joel.chacon/tmp/convLSTM/WildFire_GCN/experiments/2020/2023010608343588154969386'
2023-01-06 08:34: Argument log_step: 1
2023-01-06 08:34: Argument loss_func: 'nllloss'
2023-01-06 08:34: Argument lr_decay: True
2023-01-06 08:34: Argument lr_decay_rate: 0.1
2023-01-06 08:34: Argument lr_decay_step: '15'
2023-01-06 08:34: Argument lr_init: 0.0001
2023-01-06 08:34: Argument max_grad_norm: 5
2023-01-06 08:34: Argument minbatch_size: 64
2023-01-06 08:34: Argument mode: 'train'
2023-01-06 08:34: Argument model: 'fire_GCN'
2023-01-06 08:34: Argument nan_fill: -1.0
2023-01-06 08:34: Argument num_layers: 1
2023-01-06 08:34: Argument num_nodes: 625
2023-01-06 08:34: Argument num_workers: 12
2023-01-06 08:34: Argument output_dim: 2
2023-01-06 08:34: Argument patch_height: 25
2023-01-06 08:34: Argument patch_width: 25
2023-01-06 08:34: Argument persistent_workers: True
2023-01-06 08:34: Argument pin_memory: True
2023-01-06 08:34: Argument plot: False
2023-01-06 08:34: Argument positive_weight: 0.5
2023-01-06 08:34: Argument prefetch_factor: 2
2023-01-06 08:34: Argument real_value: True
2023-01-06 08:34: Argument rnn_units: 32
2023-01-06 08:34: Argument seed: 10000
2023-01-06 08:34: Argument static_features: ['dem_mean', 'slope_mean', 'roads_distance', 'waterway_distance', 'population_density']
2023-01-06 08:34: Argument teacher_forcing: False
2023-01-06 08:34: Argument weight_decay: 0.01
2023-01-06 08:34: Argument window_len: 10
2023-01-06 08:34: Train Epoch 1: 3/24 Loss: 0.696379
2023-01-06 08:34: Train Epoch 1: 7/24 Loss: 0.462536
2023-01-06 08:34: Train Epoch 1: 11/24 Loss: 0.487729
2023-01-06 08:35: Train Epoch 1: 15/24 Loss: 0.385065
2023-01-06 08:35: Train Epoch 1: 19/24 Loss: 0.369200
2023-01-06 08:35: Train Epoch 1: 23/24 Loss: 0.299208
2023-01-06 08:35: **********Train Epoch 1: averaged Loss: 0.450020 
2023-01-06 08:35: 
Epoch time elapsed: 34.703996419906616

2023-01-06 08:35: 
 metrics validation: {'precision': 0.0, 'recall': 0.0, 'f1-score': 0.0, 'support': 500, 'AUC': 0.664837, 'AUCPR': 0.4596449685666633, 'TP': 0, 'FP': 0, 'TN': 1000, 'FN': 500} 

2023-01-06 08:35: **********Val Epoch 1: average Loss: 0.307951
2023-01-06 08:35: *********************************Current best model saved!
2023-01-06 08:35: 
 Testing metrics {'precision': 0.0, 'recall': 0.0, 'f1-score': 0.0, 'support': 500, 'AUC': 0.758778, 'AUCPR': 0.5982978431549637, 'TP': 0, 'FP': 0, 'TN': 1000, 'FN': 500} 

2023-01-06 08:36: 
 Testing metrics {'precision': 0.0, 'recall': 0.0, 'f1-score': 0.0, 'support': 500, 'AUC': 0.84125, 'AUCPR': 0.6829384585489963, 'TP': 0, 'FP': 0, 'TN': 1000, 'FN': 500} 

2023-01-06 08:36: Train Epoch 2: 3/24 Loss: 0.352610
2023-01-06 08:36: Train Epoch 2: 7/24 Loss: 0.379071
2023-01-06 08:36: Train Epoch 2: 11/24 Loss: 0.345934
2023-01-06 08:36: Train Epoch 2: 15/24 Loss: 0.361000
2023-01-06 08:36: Train Epoch 2: 19/24 Loss: 0.351650
2023-01-06 08:36: Train Epoch 2: 23/24 Loss: 0.306222
2023-01-06 08:36: **********Train Epoch 2: averaged Loss: 0.349414 
2023-01-06 08:36: 
Epoch time elapsed: 39.124571323394775

2023-01-06 08:37: 
 metrics validation: {'precision': 0.0, 'recall': 0.0, 'f1-score': 0.0, 'support': 500, 'AUC': 0.728419, 'AUCPR': 0.5339896414379017, 'TP': 0, 'FP': 0, 'TN': 1000, 'FN': 500} 

2023-01-06 08:37: **********Val Epoch 2: average Loss: 0.307762
2023-01-06 08:37: *********************************Current best model saved!
2023-01-06 08:37: 
 Testing metrics {'precision': 0.0, 'recall': 0.0, 'f1-score': 0.0, 'support': 500, 'AUC': 0.8226479999999999, 'AUCPR': 0.7007028229849135, 'TP': 0, 'FP': 0, 'TN': 1000, 'FN': 500} 

2023-01-06 08:38: 
 Testing metrics {'precision': 0.0, 'recall': 0.0, 'f1-score': 0.0, 'support': 500, 'AUC': 0.9360379999999999, 'AUCPR': 0.8615618879235181, 'TP': 0, 'FP': 0, 'TN': 1000, 'FN': 500} 

2023-01-06 08:38: Train Epoch 3: 3/24 Loss: 0.365673
2023-01-06 08:38: Train Epoch 3: 7/24 Loss: 0.344379
2023-01-06 08:38: Train Epoch 3: 11/24 Loss: 0.336020
2023-01-06 08:38: Train Epoch 3: 15/24 Loss: 0.325878
2023-01-06 08:38: Train Epoch 3: 19/24 Loss: 0.333349
2023-01-06 08:38: Train Epoch 3: 23/24 Loss: 0.251691
2023-01-06 08:38: **********Train Epoch 3: averaged Loss: 0.326165 
2023-01-06 08:38: 
Epoch time elapsed: 30.292386531829834

2023-01-06 08:38: 
 metrics validation: {'precision': 0.0, 'recall': 0.0, 'f1-score': 0.0, 'support': 500, 'AUC': 0.774247, 'AUCPR': 0.6091183322389643, 'TP': 0, 'FP': 0, 'TN': 1000, 'FN': 500} 

2023-01-06 08:38: **********Val Epoch 3: average Loss: 0.290723
2023-01-06 08:38: *********************************Current best model saved!
2023-01-06 08:38: 
 Testing metrics {'precision': 0.0, 'recall': 0.0, 'f1-score': 0.0, 'support': 500, 'AUC': 0.839282, 'AUCPR': 0.7365344276083132, 'TP': 0, 'FP': 0, 'TN': 1000, 'FN': 500} 

2023-01-06 08:38: 
 Testing metrics {'precision': 0.0, 'recall': 0.0, 'f1-score': 0.0, 'support': 500, 'AUC': 0.9464220000000001, 'AUCPR': 0.9015906803633011, 'TP': 0, 'FP': 0, 'TN': 1000, 'FN': 500} 

2023-01-06 08:38: Train Epoch 4: 3/24 Loss: 0.316960
2023-01-06 08:39: Train Epoch 4: 7/24 Loss: 0.327154
2023-01-06 08:39: Train Epoch 4: 11/24 Loss: 0.293827
2023-01-06 08:39: Train Epoch 4: 15/24 Loss: 0.302208
2023-01-06 08:39: Train Epoch 4: 19/24 Loss: 0.306555
2023-01-06 08:39: Train Epoch 4: 23/24 Loss: 0.260007
2023-01-06 08:39: **********Train Epoch 4: averaged Loss: 0.301118 
2023-01-06 08:39: 
Epoch time elapsed: 14.361748933792114

2023-01-06 08:39: 
 metrics validation: {'precision': 0.0, 'recall': 0.0, 'f1-score': 0.0, 'support': 500, 'AUC': 0.78674, 'AUCPR': 0.620828001623356, 'TP': 0, 'FP': 0, 'TN': 1000, 'FN': 500} 

2023-01-06 08:39: **********Val Epoch 4: average Loss: 0.279837
2023-01-06 08:39: *********************************Current best model saved!
2023-01-06 08:39: 
 Testing metrics {'precision': 0.0, 'recall': 0.0, 'f1-score': 0.0, 'support': 500, 'AUC': 0.837894, 'AUCPR': 0.7227207022845746, 'TP': 0, 'FP': 0, 'TN': 1000, 'FN': 500} 

2023-01-06 08:39: 
 Testing metrics {'precision': 0.0, 'recall': 0.0, 'f1-score': 0.0, 'support': 500, 'AUC': 0.95072, 'AUCPR': 0.9091717303110316, 'TP': 0, 'FP': 0, 'TN': 1000, 'FN': 500} 

2023-01-06 08:39: Train Epoch 5: 3/24 Loss: 0.291947
2023-01-06 08:39: Train Epoch 5: 7/24 Loss: 0.291012
2023-01-06 08:39: Train Epoch 5: 11/24 Loss: 0.295948
2023-01-06 08:39: Train Epoch 5: 15/24 Loss: 0.293366
2023-01-06 08:39: Train Epoch 5: 19/24 Loss: 0.262314
2023-01-06 08:39: Train Epoch 5: 23/24 Loss: 0.239895
2023-01-06 08:39: **********Train Epoch 5: averaged Loss: 0.279080 
2023-01-06 08:39: 
Epoch time elapsed: 14.9142746925354

2023-01-06 08:39: 
 metrics validation: {'precision': 0.6818181818181818, 'recall': 0.09, 'f1-score': 0.15901060070671377, 'support': 500, 'AUC': 0.79224, 'AUCPR': 0.62351235902521, 'TP': 45, 'FP': 21, 'TN': 979, 'FN': 455} 

2023-01-06 08:39: **********Val Epoch 5: average Loss: 0.261552
2023-01-06 08:39: *********************************Current best model saved!
2023-01-06 08:40: 
 Testing metrics {'precision': 0.8333333333333334, 'recall': 0.19, 'f1-score': 0.30944625407166126, 'support': 500, 'AUC': 0.8431339999999999, 'AUCPR': 0.7352506033174054, 'TP': 95, 'FP': 19, 'TN': 981, 'FN': 405} 

2023-01-06 08:40: 
 Testing metrics {'precision': 0.9595959595959596, 'recall': 0.57, 'f1-score': 0.7151819322459221, 'support': 500, 'AUC': 0.9552039999999999, 'AUCPR': 0.9244535729591199, 'TP': 285, 'FP': 12, 'TN': 988, 'FN': 215} 

2023-01-06 08:40: Train Epoch 6: 3/24 Loss: 0.252132
2023-01-06 08:40: Train Epoch 6: 7/24 Loss: 0.288864
2023-01-06 08:40: Train Epoch 6: 11/24 Loss: 0.256788
2023-01-06 08:40: Train Epoch 6: 15/24 Loss: 0.239588
2023-01-06 08:40: Train Epoch 6: 19/24 Loss: 0.269852
2023-01-06 08:40: Train Epoch 6: 23/24 Loss: 0.209885
2023-01-06 08:40: **********Train Epoch 6: averaged Loss: 0.252852 
2023-01-06 08:40: 
Epoch time elapsed: 15.598567724227905

2023-01-06 08:40: 
 metrics validation: {'precision': 0.6932515337423313, 'recall': 0.452, 'f1-score': 0.5472154963680387, 'support': 500, 'AUC': 0.795702, 'AUCPR': 0.6303751583683527, 'TP': 226, 'FP': 100, 'TN': 900, 'FN': 274} 

2023-01-06 08:40: **********Val Epoch 6: average Loss: 0.255896
2023-01-06 08:40: *********************************Current best model saved!
2023-01-06 08:40: 
 Testing metrics {'precision': 0.7786885245901639, 'recall': 0.57, 'f1-score': 0.6581986143187066, 'support': 500, 'AUC': 0.8483330000000001, 'AUCPR': 0.7437938926078429, 'TP': 285, 'FP': 81, 'TN': 919, 'FN': 215} 

2023-01-06 08:40: 
 Testing metrics {'precision': 0.890295358649789, 'recall': 0.844, 'f1-score': 0.8665297741273101, 'support': 500, 'AUC': 0.957388, 'AUCPR': 0.9267271253229883, 'TP': 422, 'FP': 52, 'TN': 948, 'FN': 78} 

2023-01-06 08:40: Train Epoch 7: 3/24 Loss: 0.255396
2023-01-06 08:40: Train Epoch 7: 7/24 Loss: 0.242530
2023-01-06 08:40: Train Epoch 7: 11/24 Loss: 0.242562
2023-01-06 08:41: Train Epoch 7: 15/24 Loss: 0.198961
2023-01-06 08:41: Train Epoch 7: 19/24 Loss: 0.260367
2023-01-06 08:41: Train Epoch 7: 23/24 Loss: 0.203051
2023-01-06 08:41: **********Train Epoch 7: averaged Loss: 0.233811 
2023-01-06 08:41: 
Epoch time elapsed: 14.61913776397705

2023-01-06 08:41: 
 metrics validation: {'precision': 0.6613333333333333, 'recall': 0.496, 'f1-score': 0.5668571428571428, 'support': 500, 'AUC': 0.797602, 'AUCPR': 0.6239240007231965, 'TP': 248, 'FP': 127, 'TN': 873, 'FN': 252} 

2023-01-06 08:41: **********Val Epoch 7: average Loss: 0.259427
2023-01-06 08:41: 
 Testing metrics {'precision': 0.7786885245901639, 'recall': 0.57, 'f1-score': 0.6581986143187066, 'support': 500, 'AUC': 0.8483330000000001, 'AUCPR': 0.7437938926078429, 'TP': 285, 'FP': 81, 'TN': 919, 'FN': 215} 

2023-01-06 08:41: 
 Testing metrics {'precision': 0.890295358649789, 'recall': 0.844, 'f1-score': 0.8665297741273101, 'support': 500, 'AUC': 0.957388, 'AUCPR': 0.9267271253229883, 'TP': 422, 'FP': 52, 'TN': 948, 'FN': 78} 

2023-01-06 08:41: Train Epoch 8: 3/24 Loss: 0.229570
2023-01-06 08:41: Train Epoch 8: 7/24 Loss: 0.244090
2023-01-06 08:41: Train Epoch 8: 11/24 Loss: 0.235884
2023-01-06 08:41: Train Epoch 8: 15/24 Loss: 0.225428
2023-01-06 08:41: Train Epoch 8: 19/24 Loss: 0.265525
2023-01-06 08:41: Train Epoch 8: 23/24 Loss: 0.209158
2023-01-06 08:41: **********Train Epoch 8: averaged Loss: 0.234943 
2023-01-06 08:41: 
Epoch time elapsed: 14.519993543624878

2023-01-06 08:41: 
 metrics validation: {'precision': 0.6787709497206704, 'recall': 0.486, 'f1-score': 0.5664335664335665, 'support': 500, 'AUC': 0.800588, 'AUCPR': 0.6328902448378516, 'TP': 243, 'FP': 115, 'TN': 885, 'FN': 257} 

2023-01-06 08:41: **********Val Epoch 8: average Loss: 0.256849
2023-01-06 08:41: 
 Testing metrics {'precision': 0.7786885245901639, 'recall': 0.57, 'f1-score': 0.6581986143187066, 'support': 500, 'AUC': 0.8483330000000001, 'AUCPR': 0.7437938926078429, 'TP': 285, 'FP': 81, 'TN': 919, 'FN': 215} 

2023-01-06 08:42: 
 Testing metrics {'precision': 0.890295358649789, 'recall': 0.844, 'f1-score': 0.8665297741273101, 'support': 500, 'AUC': 0.957388, 'AUCPR': 0.9267271253229883, 'TP': 422, 'FP': 52, 'TN': 948, 'FN': 78} 

2023-01-06 08:42: Train Epoch 9: 3/24 Loss: 0.232668
2023-01-06 08:42: Train Epoch 9: 7/24 Loss: 0.287569
2023-01-06 08:42: Train Epoch 9: 11/24 Loss: 0.290850
2023-01-06 08:42: Train Epoch 9: 15/24 Loss: 0.207670
2023-01-06 08:42: Train Epoch 9: 19/24 Loss: 0.210098
2023-01-06 08:42: Train Epoch 9: 23/24 Loss: 0.222062
2023-01-06 08:42: **********Train Epoch 9: averaged Loss: 0.241820 
2023-01-06 08:42: 
Epoch time elapsed: 14.484410285949707

2023-01-06 08:42: 
 metrics validation: {'precision': 0.7237762237762237, 'recall': 0.414, 'f1-score': 0.5267175572519084, 'support': 500, 'AUC': 0.79841, 'AUCPR': 0.624643812522788, 'TP': 207, 'FP': 79, 'TN': 921, 'FN': 293} 

2023-01-06 08:42: **********Val Epoch 9: average Loss: 0.261574
2023-01-06 08:42: 
 Testing metrics {'precision': 0.7786885245901639, 'recall': 0.57, 'f1-score': 0.6581986143187066, 'support': 500, 'AUC': 0.8483330000000001, 'AUCPR': 0.7437938926078429, 'TP': 285, 'FP': 81, 'TN': 919, 'FN': 215} 

2023-01-06 08:42: 
 Testing metrics {'precision': 0.890295358649789, 'recall': 0.844, 'f1-score': 0.8665297741273101, 'support': 500, 'AUC': 0.957388, 'AUCPR': 0.9267271253229883, 'TP': 422, 'FP': 52, 'TN': 948, 'FN': 78} 

2023-01-06 08:42: Train Epoch 10: 3/24 Loss: 0.261086
2023-01-06 08:42: Train Epoch 10: 7/24 Loss: 0.213175
2023-01-06 08:42: Train Epoch 10: 11/24 Loss: 0.234028
2023-01-06 08:42: Train Epoch 10: 15/24 Loss: 0.259691
2023-01-06 08:42: Train Epoch 10: 19/24 Loss: 0.267603
2023-01-06 08:42: Train Epoch 10: 23/24 Loss: 0.193009
2023-01-06 08:42: **********Train Epoch 10: averaged Loss: 0.238099 
2023-01-06 08:42: 
Epoch time elapsed: 14.759592771530151

2023-01-06 08:43: 
 metrics validation: {'precision': 0.6871345029239766, 'recall': 0.47, 'f1-score': 0.5581947743467933, 'support': 500, 'AUC': 0.7992660000000001, 'AUCPR': 0.6275427678500166, 'TP': 235, 'FP': 107, 'TN': 893, 'FN': 265} 

2023-01-06 08:43: **********Val Epoch 10: average Loss: 0.256641
2023-01-06 08:43: 
 Testing metrics {'precision': 0.7786885245901639, 'recall': 0.57, 'f1-score': 0.6581986143187066, 'support': 500, 'AUC': 0.8483330000000001, 'AUCPR': 0.7437938926078429, 'TP': 285, 'FP': 81, 'TN': 919, 'FN': 215} 

2023-01-06 08:43: 
 Testing metrics {'precision': 0.890295358649789, 'recall': 0.844, 'f1-score': 0.8665297741273101, 'support': 500, 'AUC': 0.957388, 'AUCPR': 0.9267271253229883, 'TP': 422, 'FP': 52, 'TN': 948, 'FN': 78} 

2023-01-06 08:43: Train Epoch 11: 3/24 Loss: 0.247213
2023-01-06 08:43: Train Epoch 11: 7/24 Loss: 0.257209
2023-01-06 08:43: Train Epoch 11: 11/24 Loss: 0.232215
2023-01-06 08:43: Train Epoch 11: 15/24 Loss: 0.224577
2023-01-06 08:43: Train Epoch 11: 19/24 Loss: 0.230852
2023-01-06 08:43: Train Epoch 11: 23/24 Loss: 0.194293
2023-01-06 08:43: **********Train Epoch 11: averaged Loss: 0.231060 
2023-01-06 08:43: 
Epoch time elapsed: 15.018762588500977

2023-01-06 08:43: 
 metrics validation: {'precision': 0.6918429003021148, 'recall': 0.458, 'f1-score': 0.5511432009626955, 'support': 500, 'AUC': 0.800246, 'AUCPR': 0.6308951329527128, 'TP': 229, 'FP': 102, 'TN': 898, 'FN': 271} 

2023-01-06 08:43: **********Val Epoch 11: average Loss: 0.256360
2023-01-06 08:43: Validation performance didn't improve for 5 epochs. Training stops.
2023-01-06 08:43: Total training time: 9.0570min, best loss: 0.255896
2023-01-06 08:43: Saving current best model to /home/joel.chacon/tmp/convLSTM/WildFire_GCN/experiments/2020/2023010608343588154969386/best_model.pth
2023-01-06 08:43: 
 Testing metrics {'precision': 0.7786885245901639, 'recall': 0.57, 'f1-score': 0.6581986143187066, 'support': 500, 'AUC': 0.8483330000000001, 'AUCPR': 0.7437938926078429, 'TP': 285, 'FP': 81, 'TN': 919, 'FN': 215} 

2023-01-06 08:43: 
 Testing metrics {'precision': 0.890295358649789, 'recall': 0.844, 'f1-score': 0.8665297741273101, 'support': 500, 'AUC': 0.957388, 'AUCPR': 0.9267271253229883, 'TP': 422, 'FP': 52, 'TN': 948, 'FN': 78} 

