2022-12-20 10:02: log dir: /home/joel.chacon/tmp/WildFire_GCN/experiments/2020/20221220100255
2022-12-20 10:02: Experiment log path in: /home/joel.chacon/tmp/WildFire_GCN/experiments/2020/20221220100255
2022-12-20 10:02: Argument: Namespace(batch_size=256, clc='vec', cuda=True, dataset='2020', dataset_root='/home/joel.chacon/tmp/datasets_grl/', debug=False, default_graph=True, device='cpu', dynamic_features=['1 km 16 days NDVI', 'LST_Day_1km', 'LST_Night_1km', 'era5_max_d2m', 'era5_max_t2m', 'era5_max_sp', 'era5_max_tp', 'sminx', 'era5_max_wind_speed', 'era5_min_rh'], early_stop=True, early_stop_patience=8, embed_dim=50, epochs=30, gamma=1.0, grad_norm=False, horizon=1, input_dim=25, lag=10, link_len=2, log_dir='/home/joel.chacon/tmp/WildFire_GCN/experiments/2020/20221220100255', log_step=1, loss_func='nllloss', lr_decay=True, lr_decay_rate=0.1, lr_decay_step='10, 15, 20, 25', lr_init=0.0001, mae_thresh=None, mape_thresh=0.0, max_grad_norm=5, mode='train', model='fire_GCN', nan_fill=0.5, num_layers=1, num_nodes=625, num_workers=12, output_dim=2, patch_height=25, patch_width=25, persistent_workers=True, pin_memory=True, plot=False, positive_weight=0.5, prefetch_factor=2, real_value=True, rnn_units=32, seed=1992, static_features=['dem_mean', 'slope_mean', 'roads_distance', 'waterway_distance', 'population_density'], teacher_forcing=False, test_ratio=0.2, val_ratio=0.2, weight_decay=0.01, window_len=10)
2022-12-20 10:02: Argument batch_size: 256
2022-12-20 10:02: Argument clc: 'vec'
2022-12-20 10:02: Argument cuda: True
2022-12-20 10:02: Argument dataset: '2020'
2022-12-20 10:02: Argument dataset_root: '/home/joel.chacon/tmp/datasets_grl/'
2022-12-20 10:02: Argument debug: False
2022-12-20 10:02: Argument default_graph: True
2022-12-20 10:02: Argument device: 'cpu'
2022-12-20 10:02: Argument dynamic_features: ['1 km 16 days NDVI', 'LST_Day_1km', 'LST_Night_1km', 'era5_max_d2m', 'era5_max_t2m', 'era5_max_sp', 'era5_max_tp', 'sminx', 'era5_max_wind_speed', 'era5_min_rh']
2022-12-20 10:02: Argument early_stop: True
2022-12-20 10:02: Argument early_stop_patience: 8
2022-12-20 10:02: Argument embed_dim: 50
2022-12-20 10:02: Argument epochs: 30
2022-12-20 10:02: Argument gamma: 1.0
2022-12-20 10:02: Argument grad_norm: False
2022-12-20 10:02: Argument horizon: 1
2022-12-20 10:02: Argument input_dim: 25
2022-12-20 10:02: Argument lag: 10
2022-12-20 10:02: Argument link_len: 2
2022-12-20 10:02: Argument log_dir: '/home/joel.chacon/tmp/WildFire_GCN/experiments/2020/20221220100255'
2022-12-20 10:02: Argument log_step: 1
2022-12-20 10:02: Argument loss_func: 'nllloss'
2022-12-20 10:02: Argument lr_decay: True
2022-12-20 10:02: Argument lr_decay_rate: 0.1
2022-12-20 10:02: Argument lr_decay_step: '10, 15, 20, 25'
2022-12-20 10:02: Argument lr_init: 0.0001
2022-12-20 10:02: Argument mae_thresh: None
2022-12-20 10:02: Argument mape_thresh: 0.0
2022-12-20 10:02: Argument max_grad_norm: 5
2022-12-20 10:02: Argument mode: 'train'
2022-12-20 10:02: Argument model: 'fire_GCN'
2022-12-20 10:02: Argument nan_fill: 0.5
2022-12-20 10:02: Argument num_layers: 1
2022-12-20 10:02: Argument num_nodes: 625
2022-12-20 10:02: Argument num_workers: 12
2022-12-20 10:02: Argument output_dim: 2
2022-12-20 10:02: Argument patch_height: 25
2022-12-20 10:02: Argument patch_width: 25
2022-12-20 10:02: Argument persistent_workers: True
2022-12-20 10:02: Argument pin_memory: True
2022-12-20 10:02: Argument plot: False
2022-12-20 10:02: Argument positive_weight: 0.5
2022-12-20 10:02: Argument prefetch_factor: 2
2022-12-20 10:02: Argument real_value: True
2022-12-20 10:02: Argument rnn_units: 32
2022-12-20 10:02: Argument seed: 1992
2022-12-20 10:02: Argument static_features: ['dem_mean', 'slope_mean', 'roads_distance', 'waterway_distance', 'population_density']
2022-12-20 10:02: Argument teacher_forcing: False
2022-12-20 10:02: Argument test_ratio: 0.2
2022-12-20 10:02: Argument val_ratio: 0.2
2022-12-20 10:02: Argument weight_decay: 0.01
2022-12-20 10:02: Argument window_len: 10
2022-12-20 10:03: Train Epoch 1: 0/159 Loss: 0.707069
2022-12-20 10:03: Train Epoch 1: 1/159 Loss: 0.654841
2022-12-20 10:04: Train Epoch 1: 2/159 Loss: 0.694473
2022-12-20 10:04: Train Epoch 1: 3/159 Loss: 0.594641
2022-12-20 10:04: Train Epoch 1: 4/159 Loss: 0.587477
2022-12-20 10:04: Train Epoch 1: 5/159 Loss: 0.635258
2022-12-20 10:05: Train Epoch 1: 6/159 Loss: 0.645103
2022-12-20 10:05: Train Epoch 1: 7/159 Loss: 0.657807
2022-12-20 10:05: Train Epoch 1: 8/159 Loss: 0.625645
2022-12-20 10:06: Train Epoch 1: 9/159 Loss: 0.622019
2022-12-20 10:06: Train Epoch 1: 10/159 Loss: 0.675380
2022-12-20 10:06: Train Epoch 1: 11/159 Loss: 0.666601
2022-12-20 10:07: Train Epoch 1: 12/159 Loss: 0.622124
2022-12-20 10:07: Train Epoch 1: 13/159 Loss: 0.648717
2022-12-20 10:07: Train Epoch 1: 14/159 Loss: 0.635197
2022-12-20 10:08: Train Epoch 1: 15/159 Loss: 0.632764
2022-12-20 10:08: Train Epoch 1: 16/159 Loss: 0.650934
2022-12-20 10:08: Train Epoch 1: 17/159 Loss: 0.619173
2022-12-20 10:08: Train Epoch 1: 18/159 Loss: 0.647836
2022-12-20 10:09: Train Epoch 1: 19/159 Loss: 0.641136
2022-12-20 10:09: Train Epoch 1: 20/159 Loss: 0.633773
2022-12-20 10:09: Train Epoch 1: 21/159 Loss: 0.605315
2022-12-20 10:10: Train Epoch 1: 22/159 Loss: 0.642971
2022-12-20 10:10: Train Epoch 1: 23/159 Loss: 0.584957
2022-12-20 10:10: Train Epoch 1: 24/159 Loss: 0.640487
2022-12-20 10:11: Train Epoch 1: 25/159 Loss: 0.626510
2022-12-20 10:11: Train Epoch 1: 26/159 Loss: 0.654756
2022-12-20 10:11: Train Epoch 1: 27/159 Loss: 0.634062
2022-12-20 10:12: Train Epoch 1: 28/159 Loss: 0.602783
2022-12-20 10:12: Train Epoch 1: 29/159 Loss: 0.646681
2022-12-20 10:12: Train Epoch 1: 30/159 Loss: 0.625410
2022-12-20 10:12: Train Epoch 1: 31/159 Loss: 0.630963
2022-12-20 10:13: Train Epoch 1: 32/159 Loss: 0.597590
2022-12-20 10:13: Train Epoch 1: 33/159 Loss: 0.649990
2022-12-20 10:13: Train Epoch 1: 34/159 Loss: 0.612082
2022-12-20 10:14: Train Epoch 1: 35/159 Loss: 0.675674
2022-12-20 10:14: Train Epoch 1: 36/159 Loss: 0.645915
2022-12-20 10:14: Train Epoch 1: 37/159 Loss: 0.625121
2022-12-20 10:15: Train Epoch 1: 38/159 Loss: 0.640616
2022-12-20 10:15: Train Epoch 1: 39/159 Loss: 0.628907
2022-12-20 10:15: Train Epoch 1: 40/159 Loss: 0.641926
2022-12-20 10:15: Train Epoch 1: 41/159 Loss: 0.626813
2022-12-20 10:16: Train Epoch 1: 42/159 Loss: 0.598270
2022-12-20 10:16: Train Epoch 1: 43/159 Loss: 0.632039
2022-12-20 10:16: Train Epoch 1: 44/159 Loss: 0.621906
2022-12-20 10:17: Train Epoch 1: 45/159 Loss: 0.652867
2022-12-20 10:17: Train Epoch 1: 46/159 Loss: 0.593733
2022-12-20 10:17: Train Epoch 1: 47/159 Loss: 0.616807
2022-12-20 10:18: Train Epoch 1: 48/159 Loss: 0.601585
2022-12-20 10:18: Train Epoch 1: 49/159 Loss: 0.611743
2022-12-20 10:18: Train Epoch 1: 50/159 Loss: 0.636660
2022-12-20 10:19: Train Epoch 1: 51/159 Loss: 0.585042
2022-12-20 10:19: Train Epoch 1: 52/159 Loss: 0.610431
2022-12-20 10:19: Train Epoch 1: 53/159 Loss: 0.624585
2022-12-20 10:19: Train Epoch 1: 54/159 Loss: 0.595623
2022-12-20 10:20: Train Epoch 1: 55/159 Loss: 0.606407
2022-12-20 10:20: Train Epoch 1: 56/159 Loss: 0.619073
2022-12-20 10:20: Train Epoch 1: 57/159 Loss: 0.594236
2022-12-20 10:21: Train Epoch 1: 58/159 Loss: 0.614148
2022-12-20 10:21: Train Epoch 1: 59/159 Loss: 0.600046
2022-12-20 10:21: Train Epoch 1: 60/159 Loss: 0.601114
2022-12-20 10:22: Train Epoch 1: 61/159 Loss: 0.624469
2022-12-20 10:22: Train Epoch 1: 62/159 Loss: 0.629319
2022-12-20 10:22: Train Epoch 1: 63/159 Loss: 0.616901
2022-12-20 10:23: Train Epoch 1: 64/159 Loss: 0.618654
2022-12-20 10:23: Train Epoch 1: 65/159 Loss: 0.583366
2022-12-20 10:23: Train Epoch 1: 66/159 Loss: 0.613643
2022-12-20 10:23: Train Epoch 1: 67/159 Loss: 0.590713
2022-12-20 10:24: Train Epoch 1: 68/159 Loss: 0.561445
2022-12-20 10:24: Train Epoch 1: 69/159 Loss: 0.604401
2022-12-20 10:24: Train Epoch 1: 70/159 Loss: 0.599983
2022-12-20 10:25: Train Epoch 1: 71/159 Loss: 0.563935
2022-12-20 10:25: Train Epoch 1: 72/159 Loss: 0.583793
2022-12-20 10:25: Train Epoch 1: 73/159 Loss: 0.559568
2022-12-20 10:26: Train Epoch 1: 74/159 Loss: 0.580356
2022-12-20 10:26: Train Epoch 1: 75/159 Loss: 0.554040
2022-12-20 10:26: Train Epoch 1: 76/159 Loss: 0.561357
2022-12-20 10:26: Train Epoch 1: 77/159 Loss: 0.583570
2022-12-20 10:27: Train Epoch 1: 78/159 Loss: 0.585608
2022-12-20 10:27: Train Epoch 1: 79/159 Loss: 0.577983
2022-12-20 10:27: Train Epoch 1: 80/159 Loss: 0.558573
2022-12-20 10:28: Train Epoch 1: 81/159 Loss: 0.569278
2022-12-20 10:28: Train Epoch 1: 82/159 Loss: 0.539735
2022-12-20 10:28: Train Epoch 1: 83/159 Loss: 0.548184
2022-12-20 10:29: Train Epoch 1: 84/159 Loss: 0.565771
2022-12-20 10:29: Train Epoch 1: 85/159 Loss: 0.552661
2022-12-20 10:29: Train Epoch 1: 86/159 Loss: 0.548724
2022-12-20 10:30: Train Epoch 1: 87/159 Loss: 0.571594
2022-12-20 10:30: Train Epoch 1: 88/159 Loss: 0.571832
2022-12-20 10:30: Train Epoch 1: 89/159 Loss: 0.564675
2022-12-20 10:30: Train Epoch 1: 90/159 Loss: 0.577567
2022-12-20 10:31: Train Epoch 1: 91/159 Loss: 0.561311
2022-12-20 10:31: Train Epoch 1: 92/159 Loss: 0.496826
2022-12-20 10:31: Train Epoch 1: 93/159 Loss: 0.627596
2022-12-20 10:32: Train Epoch 1: 94/159 Loss: 0.573407
2022-12-20 10:32: Train Epoch 1: 95/159 Loss: 0.587872
2022-12-20 10:32: Train Epoch 1: 96/159 Loss: 0.524574
2022-12-20 10:33: Train Epoch 1: 97/159 Loss: 0.540472
2022-12-20 10:33: Train Epoch 1: 98/159 Loss: 0.533290
2022-12-20 10:33: Train Epoch 1: 99/159 Loss: 0.550824
2022-12-20 10:34: Train Epoch 1: 100/159 Loss: 0.528116
2022-12-20 10:34: Train Epoch 1: 101/159 Loss: 0.483820
2022-12-20 10:34: Train Epoch 1: 102/159 Loss: 0.557205
2022-12-20 10:35: Train Epoch 1: 103/159 Loss: 0.541355
2022-12-20 10:35: Train Epoch 1: 104/159 Loss: 0.557252
2022-12-20 10:35: Train Epoch 1: 105/159 Loss: 0.555391
2022-12-20 10:35: Train Epoch 1: 106/159 Loss: 0.546321
2022-12-20 10:36: Train Epoch 1: 107/159 Loss: 0.538244
2022-12-20 10:36: Train Epoch 1: 108/159 Loss: 0.527771
2022-12-20 10:36: Train Epoch 1: 109/159 Loss: 0.509067
2022-12-20 10:37: Train Epoch 1: 110/159 Loss: 0.512203
2022-12-20 10:37: Train Epoch 1: 111/159 Loss: 0.503464
2022-12-20 10:37: Train Epoch 1: 112/159 Loss: 0.540555
2022-12-20 10:38: Train Epoch 1: 113/159 Loss: 0.560941
2022-12-20 10:38: Train Epoch 1: 114/159 Loss: 0.493672
2022-12-20 10:38: Train Epoch 1: 115/159 Loss: 0.499262
2022-12-20 10:39: Train Epoch 1: 116/159 Loss: 0.493763
2022-12-20 10:39: Train Epoch 1: 117/159 Loss: 0.493333
2022-12-20 10:39: Train Epoch 1: 118/159 Loss: 0.511627
2022-12-20 10:40: Train Epoch 1: 119/159 Loss: 0.477417
2022-12-20 10:40: Train Epoch 1: 120/159 Loss: 0.484651
2022-12-20 10:40: Train Epoch 1: 121/159 Loss: 0.444573
2022-12-20 10:40: Train Epoch 1: 122/159 Loss: 0.492458
2022-12-20 10:41: Train Epoch 1: 123/159 Loss: 0.505037
2022-12-20 10:41: Train Epoch 1: 124/159 Loss: 0.475493
2022-12-20 10:41: Train Epoch 1: 125/159 Loss: 0.485392
2022-12-20 10:42: Train Epoch 1: 126/159 Loss: 0.483457
2022-12-20 10:42: Train Epoch 1: 127/159 Loss: 0.490539
2022-12-20 10:42: Train Epoch 1: 128/159 Loss: 0.497035
2022-12-20 10:43: Train Epoch 1: 129/159 Loss: 0.473327
2022-12-20 10:43: Train Epoch 1: 130/159 Loss: 0.471710
2022-12-20 10:43: Train Epoch 1: 131/159 Loss: 0.478404
2022-12-20 10:44: Train Epoch 1: 132/159 Loss: 0.445136
2022-12-20 10:44: Train Epoch 1: 133/159 Loss: 0.475976
2022-12-20 10:44: Train Epoch 1: 134/159 Loss: 0.453055
2022-12-20 10:44: Train Epoch 1: 135/159 Loss: 0.441456
2022-12-20 10:45: Train Epoch 1: 136/159 Loss: 0.457084
2022-12-20 10:45: Train Epoch 1: 137/159 Loss: 0.446649
2022-12-20 10:45: Train Epoch 1: 138/159 Loss: 0.455390
2022-12-20 10:46: Train Epoch 1: 139/159 Loss: 0.439073
2022-12-20 10:46: Train Epoch 1: 140/159 Loss: 0.428845
2022-12-20 10:46: Train Epoch 1: 141/159 Loss: 0.428477
2022-12-20 10:47: Train Epoch 1: 142/159 Loss: 0.453586
2022-12-20 10:47: Train Epoch 1: 143/159 Loss: 0.425025
2022-12-20 10:47: Train Epoch 1: 144/159 Loss: 0.455623
2022-12-20 10:48: Train Epoch 1: 145/159 Loss: 0.417178
2022-12-20 10:48: Train Epoch 1: 146/159 Loss: 0.439421
2022-12-20 10:48: Train Epoch 1: 147/159 Loss: 0.436098
2022-12-20 10:49: Train Epoch 1: 148/159 Loss: 0.405648
2022-12-20 10:49: Train Epoch 1: 149/159 Loss: 0.450780
2022-12-20 10:49: Train Epoch 1: 150/159 Loss: 0.378980
2022-12-20 10:49: Train Epoch 1: 151/159 Loss: 0.387087
2022-12-20 10:50: Train Epoch 1: 152/159 Loss: 0.396077
2022-12-20 10:50: Train Epoch 1: 153/159 Loss: 0.424796
2022-12-20 10:50: Train Epoch 1: 154/159 Loss: 0.407195
2022-12-20 10:51: Train Epoch 1: 155/159 Loss: 0.385224
2022-12-20 10:51: Train Epoch 1: 156/159 Loss: 0.414677
2022-12-20 10:51: Train Epoch 1: 157/159 Loss: 0.418948
2022-12-20 10:51: Train Epoch 1: 158/159 Loss: 0.443488
2022-12-20 10:51: **********Train Epoch 1: averaged Loss: 0.556827 
2022-12-20 10:51: 
Epoch time elapsed: 2938.179877758026

2022-12-20 10:53: 
 metrics validation: {'precision': 0.6261879619852164, 'recall': 0.45615384615384613, 'f1-score': 0.5278148642634624, 'support': 1300, 'AUC': 0.7362650887573964, 'AUCPR': 0.6316298800906353, 'TP': 593, 'FP': 354, 'TN': 2246, 'FN': 707} 

2022-12-20 10:53: **********Val Epoch 1: average Loss: 0.564301
2022-12-20 10:53: *********************************Current best model saved!
2022-12-20 10:54: 
 Testing metrics {'precision': 0.7296015180265655, 'recall': 0.6262214983713354, 'f1-score': 0.6739702015775636, 'support': 1228, 'AUC': 0.8392472997060977, 'AUCPR': 0.7293761301808022, 'TP': 769, 'FP': 285, 'TN': 2171, 'FN': 459} 

2022-12-20 10:55: Train Epoch 2: 0/159 Loss: 0.419350
2022-12-20 10:55: Train Epoch 2: 1/159 Loss: 0.387842
2022-12-20 10:55: Train Epoch 2: 2/159 Loss: 0.406405
2022-12-20 10:56: Train Epoch 2: 3/159 Loss: 0.392330
2022-12-20 10:56: Train Epoch 2: 4/159 Loss: 0.428830
2022-12-20 10:56: Train Epoch 2: 5/159 Loss: 0.397740
2022-12-20 10:57: Train Epoch 2: 6/159 Loss: 0.370674
2022-12-20 10:57: Train Epoch 2: 7/159 Loss: 0.430086
2022-12-20 10:57: Train Epoch 2: 8/159 Loss: 0.399469
2022-12-20 10:58: Train Epoch 2: 9/159 Loss: 0.395659
2022-12-20 10:58: Train Epoch 2: 10/159 Loss: 0.385709
2022-12-20 10:58: Train Epoch 2: 11/159 Loss: 0.359228
2022-12-20 10:59: Train Epoch 2: 12/159 Loss: 0.339453
2022-12-20 10:59: Train Epoch 2: 13/159 Loss: 0.417519
2022-12-20 10:59: Train Epoch 2: 14/159 Loss: 0.439994
2022-12-20 11:00: Train Epoch 2: 15/159 Loss: 0.375364
2022-12-20 11:00: Train Epoch 2: 16/159 Loss: 0.360149
2022-12-20 11:00: Train Epoch 2: 17/159 Loss: 0.415979
2022-12-20 11:01: Train Epoch 2: 18/159 Loss: 0.442449
2022-12-20 11:01: Train Epoch 2: 19/159 Loss: 0.361269
2022-12-20 11:01: Train Epoch 2: 20/159 Loss: 0.408316
2022-12-20 11:02: Train Epoch 2: 21/159 Loss: 0.406796
2022-12-20 11:02: Train Epoch 2: 22/159 Loss: 0.374837
2022-12-20 11:02: Train Epoch 2: 23/159 Loss: 0.373362
2022-12-20 11:03: Train Epoch 2: 24/159 Loss: 0.340175
2022-12-20 11:03: Train Epoch 2: 25/159 Loss: 0.351317
2022-12-20 11:03: Train Epoch 2: 26/159 Loss: 0.401511
2022-12-20 11:04: Train Epoch 2: 27/159 Loss: 0.382174
2022-12-20 11:04: Train Epoch 2: 28/159 Loss: 0.345655
2022-12-20 11:04: Train Epoch 2: 29/159 Loss: 0.359937
2022-12-20 11:05: Train Epoch 2: 30/159 Loss: 0.355151
2022-12-20 11:05: Train Epoch 2: 31/159 Loss: 0.410234
2022-12-20 11:05: Train Epoch 2: 32/159 Loss: 0.324595
2022-12-20 11:06: Train Epoch 2: 33/159 Loss: 0.344835
2022-12-20 11:06: Train Epoch 2: 34/159 Loss: 0.336504
2022-12-20 11:06: Train Epoch 2: 35/159 Loss: 0.378940
2022-12-20 11:07: Train Epoch 2: 36/159 Loss: 0.442252
2022-12-20 11:07: Train Epoch 2: 37/159 Loss: 0.369315
2022-12-20 11:08: Train Epoch 2: 38/159 Loss: 0.303033
2022-12-20 11:08: Train Epoch 2: 39/159 Loss: 0.351101
2022-12-20 11:08: Train Epoch 2: 40/159 Loss: 0.367546
2022-12-20 11:09: Train Epoch 2: 41/159 Loss: 0.325508
2022-12-20 11:09: Train Epoch 2: 42/159 Loss: 0.367530
2022-12-20 11:09: Train Epoch 2: 43/159 Loss: 0.349294
2022-12-20 11:10: Train Epoch 2: 44/159 Loss: 0.364347
2022-12-20 11:10: Train Epoch 2: 45/159 Loss: 0.346596
2022-12-20 11:10: Train Epoch 2: 46/159 Loss: 0.339429
2022-12-20 11:11: Train Epoch 2: 47/159 Loss: 0.314976
2022-12-20 11:11: Train Epoch 2: 48/159 Loss: 0.334205
2022-12-20 11:11: Train Epoch 2: 49/159 Loss: 0.358647
2022-12-20 11:12: Train Epoch 2: 50/159 Loss: 0.374093
2022-12-20 11:12: Train Epoch 2: 51/159 Loss: 0.391798
2022-12-20 11:12: Train Epoch 2: 52/159 Loss: 0.357889
2022-12-20 11:13: Train Epoch 2: 53/159 Loss: 0.295740
2022-12-20 11:13: Train Epoch 2: 54/159 Loss: 0.327658
2022-12-20 11:13: Train Epoch 2: 55/159 Loss: 0.319257
2022-12-20 11:14: Train Epoch 2: 56/159 Loss: 0.294815
2022-12-20 11:14: Train Epoch 2: 57/159 Loss: 0.357557
2022-12-20 11:14: Train Epoch 2: 58/159 Loss: 0.314531
2022-12-20 11:15: Train Epoch 2: 59/159 Loss: 0.290900
2022-12-20 11:15: Train Epoch 2: 60/159 Loss: 0.339807
2022-12-20 11:15: Train Epoch 2: 61/159 Loss: 0.341774
2022-12-20 11:16: Train Epoch 2: 62/159 Loss: 0.354389
2022-12-20 11:16: Train Epoch 2: 63/159 Loss: 0.354904
2022-12-20 11:16: Train Epoch 2: 64/159 Loss: 0.367948
2022-12-20 11:17: Train Epoch 2: 65/159 Loss: 0.376757
2022-12-20 11:17: Train Epoch 2: 66/159 Loss: 0.318575
2022-12-20 11:17: Train Epoch 2: 67/159 Loss: 0.355403
2022-12-20 11:18: Train Epoch 2: 68/159 Loss: 0.367366
2022-12-20 11:18: Train Epoch 2: 69/159 Loss: 0.320861
2022-12-20 11:18: Train Epoch 2: 70/159 Loss: 0.351456
2022-12-20 11:19: Train Epoch 2: 71/159 Loss: 0.295206
2022-12-20 11:19: Train Epoch 2: 72/159 Loss: 0.363801
2022-12-20 11:20: Train Epoch 2: 73/159 Loss: 0.347478
2022-12-20 11:20: Train Epoch 2: 74/159 Loss: 0.343318
2022-12-20 11:20: Train Epoch 2: 75/159 Loss: 0.361513
2022-12-20 11:21: Train Epoch 2: 76/159 Loss: 0.271737
2022-12-20 11:21: Train Epoch 2: 77/159 Loss: 0.326186
2022-12-20 11:21: Train Epoch 2: 78/159 Loss: 0.341391
2022-12-20 11:22: Train Epoch 2: 79/159 Loss: 0.303414
2022-12-20 11:22: Train Epoch 2: 80/159 Loss: 0.310407
2022-12-20 11:22: Train Epoch 2: 81/159 Loss: 0.323265
2022-12-20 11:23: Train Epoch 2: 82/159 Loss: 0.288695
2022-12-20 11:23: Train Epoch 2: 83/159 Loss: 0.321713
2022-12-20 11:24: Train Epoch 2: 84/159 Loss: 0.408310
2022-12-20 11:24: Train Epoch 2: 85/159 Loss: 0.308321
2022-12-20 11:24: Train Epoch 2: 86/159 Loss: 0.313172
2022-12-20 11:25: Train Epoch 2: 87/159 Loss: 0.288150
2022-12-20 11:25: Train Epoch 2: 88/159 Loss: 0.292827
2022-12-20 11:25: Train Epoch 2: 89/159 Loss: 0.359557
2022-12-20 11:26: Train Epoch 2: 90/159 Loss: 0.335895
2022-12-20 11:26: Train Epoch 2: 91/159 Loss: 0.255807
2022-12-20 11:26: Train Epoch 2: 92/159 Loss: 0.254366
