2023-01-04 23:53: log dir: /home/joel.chacon/tmp/convLSTM/WildFire_GCN/experiments/2020/2023010423531933795190253
2023-01-04 23:53: Experiment log path in: /home/joel.chacon/tmp/convLSTM/WildFire_GCN/experiments/2020/2023010423531933795190253
2023-01-04 23:53: Argument: Namespace(batch_size=256, clc='vec', cuda=True, dataset='2020', dataset_root='/home/joel.chacon/tmp/datasets_grl/', debug=False, default_graph=True, device='cpu', dynamic_features=['1 km 16 days NDVI', 'LST_Day_1km', 'LST_Night_1km', 'era5_max_d2m', 'era5_max_t2m', 'era5_max_sp', 'era5_max_tp', 'sminx', 'era5_max_wind_speed', 'era5_min_rh'], early_stop=True, early_stop_patience=5, embed_dim=32, epochs=30, grad_norm=False, horizon=1, input_dim=25, lag=10, link_len=2, log_dir='/home/joel.chacon/tmp/convLSTM/WildFire_GCN/experiments/2020/2023010423531933795190253', log_step=1, loss_func='nllloss', lr_decay=True, lr_decay_rate=0.1, lr_decay_step='15', lr_init=0.0001, max_grad_norm=5, minbatch_size=64, mode='train', model='fire_GCN', nan_fill=-1.0, num_layers=1, num_nodes=625, num_workers=12, output_dim=2, patch_height=25, patch_width=25, persistent_workers=True, pin_memory=True, plot=False, positive_weight=0.5, prefetch_factor=2, real_value=True, rnn_units=32, seed=100000, static_features=['dem_mean', 'slope_mean', 'roads_distance', 'waterway_distance', 'population_density'], teacher_forcing=False, weight_decay=0.01, window_len=10)
2023-01-04 23:53: Argument batch_size: 256
2023-01-04 23:53: Argument clc: 'vec'
2023-01-04 23:53: Argument cuda: True
2023-01-04 23:53: Argument dataset: '2020'
2023-01-04 23:53: Argument dataset_root: '/home/joel.chacon/tmp/datasets_grl/'
2023-01-04 23:53: Argument debug: False
2023-01-04 23:53: Argument default_graph: True
2023-01-04 23:53: Argument device: 'cpu'
2023-01-04 23:53: Argument dynamic_features: ['1 km 16 days NDVI', 'LST_Day_1km', 'LST_Night_1km', 'era5_max_d2m', 'era5_max_t2m', 'era5_max_sp', 'era5_max_tp', 'sminx', 'era5_max_wind_speed', 'era5_min_rh']
2023-01-04 23:53: Argument early_stop: True
2023-01-04 23:53: Argument early_stop_patience: 5
2023-01-04 23:53: Argument embed_dim: 32
2023-01-04 23:53: Argument epochs: 30
2023-01-04 23:53: Argument grad_norm: False
2023-01-04 23:53: Argument horizon: 1
2023-01-04 23:53: Argument input_dim: 25
2023-01-04 23:53: Argument lag: 10
2023-01-04 23:53: Argument link_len: 2
2023-01-04 23:53: Argument log_dir: '/home/joel.chacon/tmp/convLSTM/WildFire_GCN/experiments/2020/2023010423531933795190253'
2023-01-04 23:53: Argument log_step: 1
2023-01-04 23:53: Argument loss_func: 'nllloss'
2023-01-04 23:53: Argument lr_decay: True
2023-01-04 23:53: Argument lr_decay_rate: 0.1
2023-01-04 23:53: Argument lr_decay_step: '15'
2023-01-04 23:53: Argument lr_init: 0.0001
2023-01-04 23:53: Argument max_grad_norm: 5
2023-01-04 23:53: Argument minbatch_size: 64
2023-01-04 23:53: Argument mode: 'train'
2023-01-04 23:53: Argument model: 'fire_GCN'
2023-01-04 23:53: Argument nan_fill: -1.0
2023-01-04 23:53: Argument num_layers: 1
2023-01-04 23:53: Argument num_nodes: 625
2023-01-04 23:53: Argument num_workers: 12
2023-01-04 23:53: Argument output_dim: 2
2023-01-04 23:53: Argument patch_height: 25
2023-01-04 23:53: Argument patch_width: 25
2023-01-04 23:53: Argument persistent_workers: True
2023-01-04 23:53: Argument pin_memory: True
2023-01-04 23:53: Argument plot: False
2023-01-04 23:53: Argument positive_weight: 0.5
2023-01-04 23:53: Argument prefetch_factor: 2
2023-01-04 23:53: Argument real_value: True
2023-01-04 23:53: Argument rnn_units: 32
2023-01-04 23:53: Argument seed: 100000
2023-01-04 23:53: Argument static_features: ['dem_mean', 'slope_mean', 'roads_distance', 'waterway_distance', 'population_density']
2023-01-04 23:53: Argument teacher_forcing: False
2023-01-04 23:53: Argument weight_decay: 0.01
2023-01-04 23:53: Argument window_len: 10
2023-01-04 23:53: 60.048770904541016 <-----
2023-01-04 23:53: 45.13690185546875 <-----
2023-01-04 23:53: 40.38298797607422 <-----
2023-01-04 23:53: 43.24221420288086 <-----
2023-01-04 23:53: Train Epoch 1: 3/5 Loss: 0.737542
2023-01-04 23:53: 26.857643127441406 <-----
2023-01-04 23:53: Train Epoch 1: 4/5 Loss: 0.104913
2023-01-04 23:53: **********Train Epoch 1: averaged Loss: 0.421228 
2023-01-04 23:53: 
Epoch time elapsed: 9.269114017486572

2023-01-04 23:53: 
 metrics validation: {'precision': 0.4657534246575342, 'recall': 0.34, 'f1-score': 0.3930635838150289, 'support': 100, 'AUC': 0.64825, 'AUCPR': 0.41828666241567447, 'TP': 34, 'FP': 39, 'TN': 161, 'FN': 66} 

2023-01-04 23:53: **********Val Epoch 1: average Loss: 0.193682
2023-01-04 23:53: *********************************Current best model saved!
2023-01-04 23:53: tensor([0.0244, 0.8157])
2023-01-04 23:53: tensor([0.0244, 0.8157])
2023-01-04 23:53: 
 Testing metrics {'precision': 0.5714285714285714, 'recall': 0.52, 'f1-score': 0.5445026178010471, 'support': 100, 'AUC': 0.7493500000000002, 'AUCPR': 0.5673348764628338, 'TP': 52, 'FP': 39, 'TN': 161, 'FN': 48} 

2023-01-04 23:53: 
 Testing metrics {'precision': 0.6470588235294118, 'recall': 0.66, 'f1-score': 0.6534653465346535, 'support': 100, 'AUC': 0.8373499999999999, 'AUCPR': 0.6129850049492263, 'TP': 66, 'FP': 36, 'TN': 164, 'FN': 34} 

2023-01-04 23:53: 31.00037384033203 <-----
2023-01-04 23:53: 30.982572555541992 <-----
2023-01-04 23:53: 32.54071807861328 <-----
2023-01-04 23:53: 34.824668884277344 <-----
2023-01-04 23:53: Train Epoch 2: 3/5 Loss: 0.505267
2023-01-04 23:53: 25.0847225189209 <-----
2023-01-04 23:53: Train Epoch 2: 4/5 Loss: 0.097987
2023-01-04 23:53: **********Train Epoch 2: averaged Loss: 0.301627 
2023-01-04 23:53: 
Epoch time elapsed: 10.154472351074219

2023-01-04 23:54: 
 metrics validation: {'precision': 0.0, 'recall': 0.0, 'f1-score': 0.0, 'support': 100, 'AUC': 0.6759000000000001, 'AUCPR': 0.4363387640015447, 'TP': 0, 'FP': 6, 'TN': 194, 'FN': 100} 

2023-01-04 23:54: **********Val Epoch 2: average Loss: 0.184637
2023-01-04 23:54: *********************************Current best model saved!
2023-01-04 23:54: tensor([0.0245, 0.8156])
2023-01-04 23:54: tensor([0.0245, 0.8156])
2023-01-04 23:54: 
 Testing metrics {'precision': 0.5555555555555556, 'recall': 0.05, 'f1-score': 0.09174311926605504, 'support': 100, 'AUC': 0.7868999999999998, 'AUCPR': 0.6068027258277215, 'TP': 5, 'FP': 4, 'TN': 196, 'FN': 95} 

2023-01-04 23:54: 
 Testing metrics {'precision': 1.0, 'recall': 0.01, 'f1-score': 0.019801980198019802, 'support': 100, 'AUC': 0.90175, 'AUCPR': 0.7738292349246405, 'TP': 1, 'FP': 0, 'TN': 200, 'FN': 99} 

2023-01-04 23:54: 34.13603973388672 <-----
2023-01-04 23:54: 30.435142517089844 <-----
2023-01-04 23:54: 35.241947174072266 <-----
2023-01-04 23:54: 32.45170593261719 <-----
2023-01-04 23:54: Train Epoch 3: 3/5 Loss: 0.516660
2023-01-04 23:54: 22.1328067779541 <-----
2023-01-04 23:54: Train Epoch 3: 4/5 Loss: 0.086456
2023-01-04 23:54: **********Train Epoch 3: averaged Loss: 0.301558 
2023-01-04 23:54: 
Epoch time elapsed: 8.092715978622437

2023-01-04 23:54: 
 metrics validation: {'precision': 0.0, 'recall': 0.0, 'f1-score': 0.0, 'support': 100, 'AUC': 0.7048000000000001, 'AUCPR': 0.44963280653233606, 'TP': 0, 'FP': 0, 'TN': 200, 'FN': 100} 

2023-01-04 23:54: **********Val Epoch 3: average Loss: 0.181018
2023-01-04 23:54: *********************************Current best model saved!
2023-01-04 23:54: tensor([0.0246, 0.8155])
2023-01-04 23:54: tensor([0.0246, 0.8155])
2023-01-04 23:54: 
 Testing metrics {'precision': 0.0, 'recall': 0.0, 'f1-score': 0.0, 'support': 100, 'AUC': 0.8076, 'AUCPR': 0.6211934821021448, 'TP': 0, 'FP': 0, 'TN': 200, 'FN': 100} 

2023-01-04 23:54: 
 Testing metrics {'precision': 0.0, 'recall': 0.0, 'f1-score': 0.0, 'support': 100, 'AUC': 0.9117500000000001, 'AUCPR': 0.7781336254112775, 'TP': 0, 'FP': 0, 'TN': 200, 'FN': 100} 

2023-01-04 23:54: 27.596012115478516 <-----
2023-01-04 23:54: 26.656892776489258 <-----
2023-01-04 23:54: 30.496313095092773 <-----
2023-01-04 23:54: 23.990135192871094 <-----
2023-01-04 23:54: Train Epoch 4: 3/5 Loss: 0.424763
2023-01-04 23:54: 16.78150177001953 <-----
2023-01-04 23:54: Train Epoch 4: 4/5 Loss: 0.065553
2023-01-04 23:54: **********Train Epoch 4: averaged Loss: 0.245158 
2023-01-04 23:54: 
Epoch time elapsed: 8.545005321502686

2023-01-04 23:54: 
 metrics validation: {'precision': 0.0, 'recall': 0.0, 'f1-score': 0.0, 'support': 100, 'AUC': 0.7101, 'AUCPR': 0.45794168332656227, 'TP': 0, 'FP': 0, 'TN': 200, 'FN': 100} 

2023-01-04 23:54: **********Val Epoch 4: average Loss: 0.181426
2023-01-04 23:54: tensor([0.0247, 0.8154])
2023-01-04 23:54: tensor([0.0246, 0.8155])
2023-01-04 23:54: 
 Testing metrics {'precision': 0.0, 'recall': 0.0, 'f1-score': 0.0, 'support': 100, 'AUC': 0.8076, 'AUCPR': 0.6211934821021448, 'TP': 0, 'FP': 0, 'TN': 200, 'FN': 100} 

2023-01-04 23:54: 
 Testing metrics {'precision': 0.0, 'recall': 0.0, 'f1-score': 0.0, 'support': 100, 'AUC': 0.9117500000000001, 'AUCPR': 0.7781336254112775, 'TP': 0, 'FP': 0, 'TN': 200, 'FN': 100} 

2023-01-04 23:55: 33.52621078491211 <-----
