2023-01-03 21:08: log dir: /home/joel.chacon/tmp/WildFire_GCN/experiments/2020/2023010321082777931855205
2023-01-03 21:08: Experiment log path in: /home/joel.chacon/tmp/WildFire_GCN/experiments/2020/2023010321082777931855205
2023-01-03 21:08: Argument: Namespace(alpha=1, batch_size=256, clc='vec', cuda=True, dataset='2020', dataset_root='/home/joel.chacon/tmp/datasets_grl/', debug=False, default_graph=True, device='cpu', dynamic_features=['1 km 16 days NDVI', 'LST_Day_1km', 'LST_Night_1km', 'era5_max_d2m', 'era5_max_t2m', 'era5_max_sp', 'era5_max_tp', 'sminx', 'era5_max_wind_speed', 'era5_min_rh'], early_stop=True, early_stop_patience=8, embed_dim=32, epochs=30, grad_norm=False, horizon=1, input_dim=25, lag=10, link_len=2, log_dir='/home/joel.chacon/tmp/WildFire_GCN/experiments/2020/2023010321082777931855205', log_step=1, loss_func='nllloss', lr_decay=True, lr_decay_rate=0.1, lr_decay_step='15, 20', lr_init=0.0001, maxDimHoles=1, max_grad_norm=5, minbatch_size=64, mode='train', model='fire_GCN', nan_fill=-1.0, num_layers=1, num_nodes=625, num_workers=12, output_dim=2, patch_height=25, patch_width=25, persistent_workers=True, pin_memory=True, plot=False, positive_weight=0.5, prefetch_factor=2, real_value=True, rnn_units=16, scaleParameter=1.0, seed=1992, sizeBorder=5, static_features=['dem_mean', 'slope_mean', 'roads_distance', 'waterway_distance', 'population_density'], teacher_forcing=False, weight_decay=0.0, window_len=10)
2023-01-03 21:08: Argument alpha: 1
2023-01-03 21:08: Argument batch_size: 256
2023-01-03 21:08: Argument clc: 'vec'
2023-01-03 21:08: Argument cuda: True
2023-01-03 21:08: Argument dataset: '2020'
2023-01-03 21:08: Argument dataset_root: '/home/joel.chacon/tmp/datasets_grl/'
2023-01-03 21:08: Argument debug: False
2023-01-03 21:08: Argument default_graph: True
2023-01-03 21:08: Argument device: 'cpu'
2023-01-03 21:08: Argument dynamic_features: ['1 km 16 days NDVI', 'LST_Day_1km', 'LST_Night_1km', 'era5_max_d2m', 'era5_max_t2m', 'era5_max_sp', 'era5_max_tp', 'sminx', 'era5_max_wind_speed', 'era5_min_rh']
2023-01-03 21:08: Argument early_stop: True
2023-01-03 21:08: Argument early_stop_patience: 8
2023-01-03 21:08: Argument embed_dim: 32
2023-01-03 21:08: Argument epochs: 30
2023-01-03 21:08: Argument grad_norm: False
2023-01-03 21:08: Argument horizon: 1
2023-01-03 21:08: Argument input_dim: 25
2023-01-03 21:08: Argument lag: 10
2023-01-03 21:08: Argument link_len: 2
2023-01-03 21:08: Argument log_dir: '/home/joel.chacon/tmp/WildFire_GCN/experiments/2020/2023010321082777931855205'
2023-01-03 21:08: Argument log_step: 1
2023-01-03 21:08: Argument loss_func: 'nllloss'
2023-01-03 21:08: Argument lr_decay: True
2023-01-03 21:08: Argument lr_decay_rate: 0.1
2023-01-03 21:08: Argument lr_decay_step: '15, 20'
2023-01-03 21:08: Argument lr_init: 0.0001
2023-01-03 21:08: Argument maxDimHoles: 1
2023-01-03 21:08: Argument max_grad_norm: 5
2023-01-03 21:08: Argument minbatch_size: 64
2023-01-03 21:08: Argument mode: 'train'
2023-01-03 21:08: Argument model: 'fire_GCN'
2023-01-03 21:08: Argument nan_fill: -1.0
2023-01-03 21:08: Argument num_layers: 1
2023-01-03 21:08: Argument num_nodes: 625
2023-01-03 21:08: Argument num_workers: 12
2023-01-03 21:08: Argument output_dim: 2
2023-01-03 21:08: Argument patch_height: 25
2023-01-03 21:08: Argument patch_width: 25
2023-01-03 21:08: Argument persistent_workers: True
2023-01-03 21:08: Argument pin_memory: True
2023-01-03 21:08: Argument plot: False
2023-01-03 21:08: Argument positive_weight: 0.5
2023-01-03 21:08: Argument prefetch_factor: 2
2023-01-03 21:08: Argument real_value: True
2023-01-03 21:08: Argument rnn_units: 16
2023-01-03 21:08: Argument scaleParameter: 1.0
2023-01-03 21:08: Argument seed: 1992
2023-01-03 21:08: Argument sizeBorder: 5
2023-01-03 21:08: Argument static_features: ['dem_mean', 'slope_mean', 'roads_distance', 'waterway_distance', 'population_density']
2023-01-03 21:08: Argument teacher_forcing: False
2023-01-03 21:08: Argument weight_decay: 0.0
2023-01-03 21:08: Argument window_len: 10
