2022-12-28 21:32: log dir: /home/joel.chacon/tmp/WildFire_GCN/experiments/2020/2022122821323764519888058
2022-12-28 21:32: Experiment log path in: /home/joel.chacon/tmp/WildFire_GCN/experiments/2020/2022122821323764519888058
2022-12-28 21:32: Argument: Namespace(batch_size=256, clc='vec', cuda=True, dataset='2020', dataset_root='/home/joel.chacon/tmp/datasets_grl/', debug=False, default_graph=True, device='cpu', dynamic_features=['1 km 16 days NDVI', 'LST_Day_1km', 'LST_Night_1km', 'era5_max_d2m', 'era5_max_t2m', 'era5_max_sp', 'era5_max_tp', 'sminx', 'era5_max_wind_speed', 'era5_min_rh'], early_stop=True, early_stop_patience=8, embed_dim=128, epochs=30, grad_norm=False, horizon=1, input_dim=25, lag=10, link_len=2, log_dir='/home/joel.chacon/tmp/WildFire_GCN/experiments/2020/2022122821323764519888058', log_step=1, loss_func='nllloss', lr_decay=True, lr_decay_rate=0.1, lr_decay_step='15, 20', lr_init=0.0005, max_grad_norm=5, minbatch_size=256, mode='train', model='fire_GCN', nan_fill=0.5, num_layers=1, num_nodes=625, num_workers=20, output_dim=2, patch_height=25, patch_width=25, persistent_workers=True, pin_memory=True, plot=False, positive_weight=0.5, prefetch_factor=2, real_value=True, rnn_units=16, seed=10000, static_features=['dem_mean', 'slope_mean', 'roads_distance', 'waterway_distance', 'population_density'], teacher_forcing=False, weight_decay=0.0, window_len=10)
2022-12-28 21:32: Argument batch_size: 256
2022-12-28 21:32: Argument clc: 'vec'
2022-12-28 21:32: Argument cuda: True
2022-12-28 21:32: Argument dataset: '2020'
2022-12-28 21:32: Argument dataset_root: '/home/joel.chacon/tmp/datasets_grl/'
2022-12-28 21:32: Argument debug: False
2022-12-28 21:32: Argument default_graph: True
2022-12-28 21:32: Argument device: 'cpu'
2022-12-28 21:32: Argument dynamic_features: ['1 km 16 days NDVI', 'LST_Day_1km', 'LST_Night_1km', 'era5_max_d2m', 'era5_max_t2m', 'era5_max_sp', 'era5_max_tp', 'sminx', 'era5_max_wind_speed', 'era5_min_rh']
2022-12-28 21:32: Argument early_stop: True
2022-12-28 21:32: Argument early_stop_patience: 8
2022-12-28 21:32: Argument embed_dim: 128
2022-12-28 21:32: Argument epochs: 30
2022-12-28 21:32: Argument grad_norm: False
2022-12-28 21:32: Argument horizon: 1
2022-12-28 21:32: Argument input_dim: 25
2022-12-28 21:32: Argument lag: 10
2022-12-28 21:32: Argument link_len: 2
2022-12-28 21:32: Argument log_dir: '/home/joel.chacon/tmp/WildFire_GCN/experiments/2020/2022122821323764519888058'
2022-12-28 21:32: Argument log_step: 1
2022-12-28 21:32: Argument loss_func: 'nllloss'
2022-12-28 21:32: Argument lr_decay: True
2022-12-28 21:32: Argument lr_decay_rate: 0.1
2022-12-28 21:32: Argument lr_decay_step: '15, 20'
2022-12-28 21:32: Argument lr_init: 0.0005
2022-12-28 21:32: Argument max_grad_norm: 5
2022-12-28 21:32: Argument minbatch_size: 256
2022-12-28 21:32: Argument mode: 'train'
2022-12-28 21:32: Argument model: 'fire_GCN'
2022-12-28 21:32: Argument nan_fill: 0.5
2022-12-28 21:32: Argument num_layers: 1
2022-12-28 21:32: Argument num_nodes: 625
2022-12-28 21:32: Argument num_workers: 20
2022-12-28 21:32: Argument output_dim: 2
2022-12-28 21:32: Argument patch_height: 25
2022-12-28 21:32: Argument patch_width: 25
2022-12-28 21:32: Argument persistent_workers: True
2022-12-28 21:32: Argument pin_memory: True
2022-12-28 21:32: Argument plot: False
2022-12-28 21:32: Argument positive_weight: 0.5
2022-12-28 21:32: Argument prefetch_factor: 2
2022-12-28 21:32: Argument real_value: True
2022-12-28 21:32: Argument rnn_units: 16
2022-12-28 21:32: Argument seed: 10000
2022-12-28 21:32: Argument static_features: ['dem_mean', 'slope_mean', 'roads_distance', 'waterway_distance', 'population_density']
2022-12-28 21:32: Argument teacher_forcing: False
2022-12-28 21:32: Argument weight_decay: 0.0
2022-12-28 21:32: Argument window_len: 10
2022-12-28 21:32: Train Epoch 1: 0/159 Loss: 0.674408
2022-12-28 21:32: Train Epoch 1: 1/159 Loss: 0.659690
2022-12-28 21:32: Train Epoch 1: 2/159 Loss: 0.614822
2022-12-28 21:33: Train Epoch 1: 3/159 Loss: 0.608479
2022-12-28 21:33: Train Epoch 1: 4/159 Loss: 0.598671
2022-12-28 21:33: Train Epoch 1: 5/159 Loss: 0.565538
2022-12-28 21:33: Train Epoch 1: 6/159 Loss: 0.526392
2022-12-28 21:33: Train Epoch 1: 7/159 Loss: 0.565148
2022-12-28 21:33: Train Epoch 1: 8/159 Loss: 0.566083
2022-12-28 21:33: Train Epoch 1: 9/159 Loss: 0.529743
2022-12-28 21:33: Train Epoch 1: 10/159 Loss: 0.544457
2022-12-28 21:33: Train Epoch 1: 11/159 Loss: 0.536857
2022-12-28 21:33: Train Epoch 1: 12/159 Loss: 0.485760
2022-12-28 21:33: Train Epoch 1: 13/159 Loss: 0.534123
