2023-01-04 22:07: log dir: /home/joel.chacon/tmp/convLSTM/WildFire_GCN/experiments/2020/2023010422071974548519251
2023-01-04 22:07: Experiment log path in: /home/joel.chacon/tmp/convLSTM/WildFire_GCN/experiments/2020/2023010422071974548519251
2023-01-04 22:07: Argument: Namespace(batch_size=256, clc='vec', cuda=True, dataset='2020', dataset_root='/home/joel.chacon/tmp/datasets_grl/', debug=False, default_graph=True, device='cpu', dynamic_features=['1 km 16 days NDVI', 'LST_Day_1km', 'LST_Night_1km', 'era5_max_d2m', 'era5_max_t2m', 'era5_max_sp', 'era5_max_tp', 'sminx', 'era5_max_wind_speed', 'era5_min_rh'], early_stop=True, early_stop_patience=5, embed_dim=32, epochs=30, grad_norm=False, horizon=1, input_dim=25, lag=10, link_len=2, log_dir='/home/joel.chacon/tmp/convLSTM/WildFire_GCN/experiments/2020/2023010422071974548519251', log_step=1, loss_func='nllloss', lr_decay=True, lr_decay_rate=0.1, lr_decay_step='15', lr_init=0.0001, max_grad_norm=5, minbatch_size=64, mode='train', model='fire_GCN', nan_fill=-1.0, num_layers=1, num_nodes=625, num_workers=12, output_dim=2, patch_height=25, patch_width=25, persistent_workers=True, pin_memory=True, plot=False, positive_weight=0.5, prefetch_factor=2, real_value=True, rnn_units=32, seed=100000, static_features=['dem_mean', 'slope_mean', 'roads_distance', 'waterway_distance', 'population_density'], teacher_forcing=False, weight_decay=0.01, window_len=10)
2023-01-04 22:07: Argument batch_size: 256
2023-01-04 22:07: Argument clc: 'vec'
2023-01-04 22:07: Argument cuda: True
2023-01-04 22:07: Argument dataset: '2020'
2023-01-04 22:07: Argument dataset_root: '/home/joel.chacon/tmp/datasets_grl/'
2023-01-04 22:07: Argument debug: False
2023-01-04 22:07: Argument default_graph: True
2023-01-04 22:07: Argument device: 'cpu'
2023-01-04 22:07: Argument dynamic_features: ['1 km 16 days NDVI', 'LST_Day_1km', 'LST_Night_1km', 'era5_max_d2m', 'era5_max_t2m', 'era5_max_sp', 'era5_max_tp', 'sminx', 'era5_max_wind_speed', 'era5_min_rh']
2023-01-04 22:07: Argument early_stop: True
2023-01-04 22:07: Argument early_stop_patience: 5
2023-01-04 22:07: Argument embed_dim: 32
2023-01-04 22:07: Argument epochs: 30
2023-01-04 22:07: Argument grad_norm: False
2023-01-04 22:07: Argument horizon: 1
2023-01-04 22:07: Argument input_dim: 25
2023-01-04 22:07: Argument lag: 10
2023-01-04 22:07: Argument link_len: 2
2023-01-04 22:07: Argument log_dir: '/home/joel.chacon/tmp/convLSTM/WildFire_GCN/experiments/2020/2023010422071974548519251'
2023-01-04 22:07: Argument log_step: 1
2023-01-04 22:07: Argument loss_func: 'nllloss'
2023-01-04 22:07: Argument lr_decay: True
2023-01-04 22:07: Argument lr_decay_rate: 0.1
2023-01-04 22:07: Argument lr_decay_step: '15'
2023-01-04 22:07: Argument lr_init: 0.0001
2023-01-04 22:07: Argument max_grad_norm: 5
2023-01-04 22:07: Argument minbatch_size: 64
2023-01-04 22:07: Argument mode: 'train'
2023-01-04 22:07: Argument model: 'fire_GCN'
2023-01-04 22:07: Argument nan_fill: -1.0
2023-01-04 22:07: Argument num_layers: 1
2023-01-04 22:07: Argument num_nodes: 625
2023-01-04 22:07: Argument num_workers: 12
2023-01-04 22:07: Argument output_dim: 2
2023-01-04 22:07: Argument patch_height: 25
2023-01-04 22:07: Argument patch_width: 25
2023-01-04 22:07: Argument persistent_workers: True
2023-01-04 22:07: Argument pin_memory: True
2023-01-04 22:07: Argument plot: False
2023-01-04 22:07: Argument positive_weight: 0.5
2023-01-04 22:07: Argument prefetch_factor: 2
2023-01-04 22:07: Argument real_value: True
2023-01-04 22:07: Argument rnn_units: 32
2023-01-04 22:07: Argument seed: 100000
2023-01-04 22:07: Argument static_features: ['dem_mean', 'slope_mean', 'roads_distance', 'waterway_distance', 'population_density']
2023-01-04 22:07: Argument teacher_forcing: False
2023-01-04 22:07: Argument weight_decay: 0.01
2023-01-04 22:07: Argument window_len: 10
2023-01-04 22:07: 52.03942108154297 <-----
2023-01-04 22:07: 50.28440856933594 <-----
2023-01-04 22:07: 54.125465393066406 <-----
2023-01-04 22:07: 48.6310920715332 <-----
2023-01-04 22:07: Train Epoch 1: 3/634 Loss: 0.801095
2023-01-04 22:07: 44.74711608886719 <-----
2023-01-04 22:07: 29.45116424560547 <-----
2023-01-04 22:07: 35.99675750732422 <-----
2023-01-04 22:07: 34.66605758666992 <-----
2023-01-04 22:07: Train Epoch 1: 7/634 Loss: 0.565864
2023-01-04 22:07: 31.480375289916992 <-----
2023-01-04 22:07: 34.216793060302734 <-----
2023-01-04 22:07: 39.83625793457031 <-----
2023-01-04 22:07: 35.84617614746094 <-----
2023-01-04 22:07: Train Epoch 1: 11/634 Loss: 0.552264
2023-01-04 22:07: 27.929031372070312 <-----
2023-01-04 22:07: 27.853158950805664 <-----
