2022-12-28 22:02: log dir: /home/joel.chacon/tmp/WildFire_GCN/experiments/2020/2022122822025843123769118
2022-12-28 22:02: Experiment log path in: /home/joel.chacon/tmp/WildFire_GCN/experiments/2020/2022122822025843123769118
2022-12-28 22:02: Argument: Namespace(batch_size=256, clc='vec', cuda=True, dataset='2020', dataset_root='/home/joel.chacon/tmp/datasets_grl/', debug=False, default_graph=True, device='cpu', dynamic_features=['1 km 16 days NDVI', 'LST_Day_1km', 'LST_Night_1km', 'era5_max_d2m', 'era5_max_t2m', 'era5_max_sp', 'era5_max_tp', 'sminx', 'era5_max_wind_speed', 'era5_min_rh'], early_stop=True, early_stop_patience=8, embed_dim=128, epochs=30, grad_norm=False, horizon=1, input_dim=25, lag=10, link_len=2, log_dir='/home/joel.chacon/tmp/WildFire_GCN/experiments/2020/2022122822025843123769118', log_step=1, loss_func='nllloss', lr_decay=True, lr_decay_rate=0.1, lr_decay_step='15, 20', lr_init=0.0005, max_grad_norm=5, minbatch_size=256, mode='train', model='fire_GCN', nan_fill=0.5, num_layers=1, num_nodes=625, num_workers=20, output_dim=2, patch_height=25, patch_width=25, persistent_workers=True, pin_memory=True, plot=False, positive_weight=0.5, prefetch_factor=2, real_value=True, rnn_units=16, seed=10000, static_features=['dem_mean', 'slope_mean', 'roads_distance', 'waterway_distance', 'population_density'], teacher_forcing=False, weight_decay=0.0, window_len=10)
2022-12-28 22:02: Argument batch_size: 256
2022-12-28 22:02: Argument clc: 'vec'
2022-12-28 22:02: Argument cuda: True
2022-12-28 22:02: Argument dataset: '2020'
2022-12-28 22:02: Argument dataset_root: '/home/joel.chacon/tmp/datasets_grl/'
2022-12-28 22:02: Argument debug: False
2022-12-28 22:02: Argument default_graph: True
2022-12-28 22:02: Argument device: 'cpu'
2022-12-28 22:02: Argument dynamic_features: ['1 km 16 days NDVI', 'LST_Day_1km', 'LST_Night_1km', 'era5_max_d2m', 'era5_max_t2m', 'era5_max_sp', 'era5_max_tp', 'sminx', 'era5_max_wind_speed', 'era5_min_rh']
2022-12-28 22:02: Argument early_stop: True
2022-12-28 22:02: Argument early_stop_patience: 8
2022-12-28 22:02: Argument embed_dim: 128
2022-12-28 22:02: Argument epochs: 30
2022-12-28 22:02: Argument grad_norm: False
2022-12-28 22:02: Argument horizon: 1
2022-12-28 22:02: Argument input_dim: 25
2022-12-28 22:02: Argument lag: 10
2022-12-28 22:02: Argument link_len: 2
2022-12-28 22:02: Argument log_dir: '/home/joel.chacon/tmp/WildFire_GCN/experiments/2020/2022122822025843123769118'
2022-12-28 22:02: Argument log_step: 1
2022-12-28 22:02: Argument loss_func: 'nllloss'
2022-12-28 22:02: Argument lr_decay: True
2022-12-28 22:02: Argument lr_decay_rate: 0.1
2022-12-28 22:02: Argument lr_decay_step: '15, 20'
2022-12-28 22:02: Argument lr_init: 0.0005
2022-12-28 22:02: Argument max_grad_norm: 5
2022-12-28 22:02: Argument minbatch_size: 256
2022-12-28 22:02: Argument mode: 'train'
2022-12-28 22:02: Argument model: 'fire_GCN'
2022-12-28 22:02: Argument nan_fill: 0.5
2022-12-28 22:02: Argument num_layers: 1
2022-12-28 22:02: Argument num_nodes: 625
2022-12-28 22:02: Argument num_workers: 20
2022-12-28 22:02: Argument output_dim: 2
2022-12-28 22:02: Argument patch_height: 25
2022-12-28 22:02: Argument patch_width: 25
2022-12-28 22:02: Argument persistent_workers: True
2022-12-28 22:02: Argument pin_memory: True
2022-12-28 22:02: Argument plot: False
2022-12-28 22:02: Argument positive_weight: 0.5
2022-12-28 22:02: Argument prefetch_factor: 2
2022-12-28 22:02: Argument real_value: True
2022-12-28 22:02: Argument rnn_units: 16
2022-12-28 22:02: Argument seed: 10000
2022-12-28 22:02: Argument static_features: ['dem_mean', 'slope_mean', 'roads_distance', 'waterway_distance', 'population_density']
2022-12-28 22:02: Argument teacher_forcing: False
2022-12-28 22:02: Argument weight_decay: 0.0
2022-12-28 22:02: Argument window_len: 10
2022-12-28 22:03: Train Epoch 1: 0/61 Loss: 1.417423
2022-12-28 22:03: Train Epoch 1: 1/61 Loss: 1.632654
2022-12-28 22:03: Train Epoch 1: 2/61 Loss: 0.824187
2022-12-28 22:03: Train Epoch 1: 3/61 Loss: 0.621655
2022-12-28 22:03: Train Epoch 1: 4/61 Loss: 0.658074
2022-12-28 22:03: Train Epoch 1: 5/61 Loss: 0.674494
2022-12-28 22:03: Train Epoch 1: 6/61 Loss: 0.618278
2022-12-28 22:03: Train Epoch 1: 7/61 Loss: 0.570066
2022-12-28 22:03: Train Epoch 1: 8/61 Loss: 0.612444
2022-12-28 22:03: Train Epoch 1: 9/61 Loss: 0.663570
2022-12-28 22:03: Train Epoch 1: 10/61 Loss: 0.650776
2022-12-28 22:03: Train Epoch 1: 11/61 Loss: 0.598310
2022-12-28 22:03: Train Epoch 1: 12/61 Loss: 0.553988
2022-12-28 22:04: Train Epoch 1: 13/61 Loss: 0.569314
2022-12-28 22:04: Train Epoch 1: 14/61 Loss: 0.594864
2022-12-28 22:04: Train Epoch 1: 15/61 Loss: 0.565012
2022-12-28 22:04: Train Epoch 1: 16/61 Loss: 0.515807
2022-12-28 22:04: Train Epoch 1: 17/61 Loss: 0.524521
2022-12-28 22:04: Train Epoch 1: 18/61 Loss: 0.536664
2022-12-28 22:04: Train Epoch 1: 19/61 Loss: 0.566180
2022-12-28 22:04: Train Epoch 1: 20/61 Loss: 0.588188
2022-12-28 22:04: Train Epoch 1: 21/61 Loss: 0.548069
2022-12-28 22:04: Train Epoch 1: 22/61 Loss: 0.520901
2022-12-28 22:05: Train Epoch 1: 23/61 Loss: 0.552114
2022-12-28 22:05: Train Epoch 1: 24/61 Loss: 0.560072
2022-12-28 22:05: Train Epoch 1: 25/61 Loss: 0.461959
2022-12-28 22:05: Train Epoch 1: 26/61 Loss: 0.466257
2022-12-28 22:05: Train Epoch 1: 27/61 Loss: 0.527266
