2022-12-25 23:06: log dir: /home/joel.chacon/tmp/WildFire_GCN/experiments/2020/20221225230647
2022-12-25 23:06: Experiment log path in: /home/joel.chacon/tmp/WildFire_GCN/experiments/2020/20221225230647
2022-12-25 23:06: Argument: Namespace(batch_size=256, clc='vec', cuda=True, dataset='2020', dataset_root='/home/joel.chacon/tmp/datasets_grl/', debug=False, default_graph=True, device='cpu', dynamic_features=['1 km 16 days NDVI', 'LST_Day_1km', 'LST_Night_1km', 'era5_max_d2m', 'era5_max_t2m', 'era5_max_sp', 'era5_max_tp', 'sminx', 'era5_max_wind_speed', 'era5_min_rh'], early_stop=True, early_stop_patience=10, embed_dim=64, epochs=30, gamma=1.0, grad_norm=False, horizon=1, input_dim=25, lag=10, link_len=2, log_dir='/home/joel.chacon/tmp/WildFire_GCN/experiments/2020/20221225230647', log_step=1, loss_func='nllloss', lr_decay=True, lr_decay_rate=0.1, lr_decay_step='15', lr_init=0.0001, mae_thresh=None, mape_thresh=0.0, max_grad_norm=5, mode='train', model='fire_GCN', nan_fill=0.5, num_layers=1, num_nodes=625, num_workers=12, output_dim=1, patch_height=25, patch_width=25, persistent_workers=True, pin_memory=True, plot=False, positive_weight=0.5, prefetch_factor=2, real_value=True, rnn_units=32, seed=11, static_features=['dem_mean', 'slope_mean', 'roads_distance', 'waterway_distance', 'population_density'], teacher_forcing=False, test_ratio=0.2, val_ratio=0.2, weight_decay=0.01, window_len=10)
2022-12-25 23:06: Argument batch_size: 256
2022-12-25 23:06: Argument clc: 'vec'
2022-12-25 23:06: Argument cuda: True
2022-12-25 23:06: Argument dataset: '2020'
2022-12-25 23:06: Argument dataset_root: '/home/joel.chacon/tmp/datasets_grl/'
2022-12-25 23:06: Argument debug: False
2022-12-25 23:06: Argument default_graph: True
2022-12-25 23:06: Argument device: 'cpu'
2022-12-25 23:06: Argument dynamic_features: ['1 km 16 days NDVI', 'LST_Day_1km', 'LST_Night_1km', 'era5_max_d2m', 'era5_max_t2m', 'era5_max_sp', 'era5_max_tp', 'sminx', 'era5_max_wind_speed', 'era5_min_rh']
2022-12-25 23:06: Argument early_stop: True
2022-12-25 23:06: Argument early_stop_patience: 10
2022-12-25 23:06: Argument embed_dim: 64
2022-12-25 23:06: Argument epochs: 30
2022-12-25 23:06: Argument gamma: 1.0
2022-12-25 23:06: Argument grad_norm: False
2022-12-25 23:06: Argument horizon: 1
2022-12-25 23:06: Argument input_dim: 25
2022-12-25 23:06: Argument lag: 10
2022-12-25 23:06: Argument link_len: 2
2022-12-25 23:06: Argument log_dir: '/home/joel.chacon/tmp/WildFire_GCN/experiments/2020/20221225230647'
2022-12-25 23:06: Argument log_step: 1
2022-12-25 23:06: Argument loss_func: 'nllloss'
2022-12-25 23:06: Argument lr_decay: True
2022-12-25 23:06: Argument lr_decay_rate: 0.1
2022-12-25 23:06: Argument lr_decay_step: '15'
2022-12-25 23:06: Argument lr_init: 0.0001
2022-12-25 23:06: Argument mae_thresh: None
2022-12-25 23:06: Argument mape_thresh: 0.0
2022-12-25 23:06: Argument max_grad_norm: 5
2022-12-25 23:06: Argument mode: 'train'
2022-12-25 23:06: Argument model: 'fire_GCN'
2022-12-25 23:06: Argument nan_fill: 0.5
2022-12-25 23:06: Argument num_layers: 1
2022-12-25 23:06: Argument num_nodes: 625
2022-12-25 23:06: Argument num_workers: 12
2022-12-25 23:06: Argument output_dim: 1
2022-12-25 23:06: Argument patch_height: 25
2022-12-25 23:06: Argument patch_width: 25
2022-12-25 23:06: Argument persistent_workers: True
2022-12-25 23:06: Argument pin_memory: True
2022-12-25 23:06: Argument plot: False
2022-12-25 23:06: Argument positive_weight: 0.5
2022-12-25 23:06: Argument prefetch_factor: 2
2022-12-25 23:06: Argument real_value: True
2022-12-25 23:06: Argument rnn_units: 32
2022-12-25 23:06: Argument seed: 11
2022-12-25 23:06: Argument static_features: ['dem_mean', 'slope_mean', 'roads_distance', 'waterway_distance', 'population_density']
2022-12-25 23:06: Argument teacher_forcing: False
2022-12-25 23:06: Argument test_ratio: 0.2
2022-12-25 23:06: Argument val_ratio: 0.2
2022-12-25 23:06: Argument weight_decay: 0.01
2022-12-25 23:06: Argument window_len: 10
2022-12-25 23:09: Train Epoch 1: 0/159 Loss: 1.161754
2022-12-25 23:10: Train Epoch 1: 1/159 Loss: 1.093812
20235
2022-12-25 23:10: Train Epoch 1: 2/159 Loss: 0.932760
2022-12-25 23:11: Train Epoch 1: 3/159 Loss: 0.871183
2022-12-25 23:12: Train Epoch 1: 4/159 Loss: 0.820660
2022-12-25 23:12: Train Epoch 1: 5/159 Loss: 0.804123
2022-12-25 23:13: Train Epoch 1: 6/159 Loss: 0.814847
2022-12-25 23:13: Train Epoch 1: 7/159 Loss: 0.789583
2022-12-25 23:14: Train Epoch 1: 8/159 Loss: 0.724444
2022-12-25 23:14: Train Epoch 1: 9/159 Loss: 0.810131
2022-12-25 23:15: Train Epoch 1: 10/159 Loss: 0.831469
2022-12-25 23:15: Train Epoch 1: 11/159 Loss: 0.723340
2022-12-25 23:16: Train Epoch 1: 12/159 Loss: 0.743914
2022-12-25 23:16: Train Epoch 1: 13/159 Loss: 0.666641
2022-12-25 23:17: Train Epoch 1: 14/159 Loss: 0.694609
2022-12-25 23:17: Train Epoch 1: 15/159 Loss: 0.689503
2022-12-25 23:18: Train Epoch 1: 16/159 Loss: 0.721207
2022-12-25 23:18: Train Epoch 1: 17/159 Loss: 0.715250
2022-12-25 23:19: Train Epoch 1: 18/159 Loss: 0.721484
2022-12-25 23:19: Train Epoch 1: 19/159 Loss: 0.722378
2022-12-25 23:20: Train Epoch 1: 20/159 Loss: 0.698720
2022-12-25 23:20: Train Epoch 1: 21/159 Loss: 0.640820
2022-12-25 23:21: Train Epoch 1: 22/159 Loss: 0.683074
2022-12-25 23:21: Train Epoch 1: 23/159 Loss: 0.703960
2022-12-25 23:22: Train Epoch 1: 24/159 Loss: 0.703130
2022-12-25 23:22: Train Epoch 1: 25/159 Loss: 0.691220
2022-12-25 23:23: Train Epoch 1: 26/159 Loss: 0.661039
2022-12-25 23:23: Train Epoch 1: 27/159 Loss: 0.717098
2022-12-25 23:24: Train Epoch 1: 28/159 Loss: 0.695739
2022-12-25 23:24: Train Epoch 1: 29/159 Loss: 0.666439
2022-12-25 23:25: Train Epoch 1: 30/159 Loss: 0.651337
2022-12-25 23:25: Train Epoch 1: 31/159 Loss: 0.695369
2022-12-25 23:26: Train Epoch 1: 32/159 Loss: 0.647792
2022-12-25 23:26: Train Epoch 1: 33/159 Loss: 0.635982
2022-12-25 23:27: Train Epoch 1: 34/159 Loss: 0.678614
2022-12-25 23:27: Train Epoch 1: 35/159 Loss: 0.627173
2022-12-25 23:28: Train Epoch 1: 36/159 Loss: 0.650582
2022-12-25 23:28: Train Epoch 1: 37/159 Loss: 0.593118
2022-12-25 23:29: Train Epoch 1: 38/159 Loss: 0.620622
2022-12-25 23:29: Train Epoch 1: 39/159 Loss: 0.634483
2022-12-25 23:30: Train Epoch 1: 40/159 Loss: 0.630651
2022-12-25 23:30: Train Epoch 1: 41/159 Loss: 0.628683
2022-12-25 23:31: Train Epoch 1: 42/159 Loss: 0.607363
2022-12-25 23:31: Train Epoch 1: 43/159 Loss: 0.620728
2022-12-25 23:32: Train Epoch 1: 44/159 Loss: 0.591642
2022-12-25 23:32: Train Epoch 1: 45/159 Loss: 0.642181
2022-12-25 23:33: Train Epoch 1: 46/159 Loss: 0.639103
2022-12-25 23:33: Train Epoch 1: 47/159 Loss: 0.616409
2022-12-25 23:34: Train Epoch 1: 48/159 Loss: 0.631020
2022-12-25 23:34: Train Epoch 1: 49/159 Loss: 0.584143
2022-12-25 23:35: Train Epoch 1: 50/159 Loss: 0.666961
2022-12-25 23:35: Train Epoch 1: 51/159 Loss: 0.607982
2022-12-25 23:36: Train Epoch 1: 52/159 Loss: 0.620581
2022-12-25 23:36: Train Epoch 1: 53/159 Loss: 0.593626
2022-12-25 23:37: Train Epoch 1: 54/159 Loss: 0.569606
2022-12-25 23:37: Train Epoch 1: 55/159 Loss: 0.592917
2022-12-25 23:38: Train Epoch 1: 56/159 Loss: 0.594502
2022-12-25 23:38: Train Epoch 1: 57/159 Loss: 0.559351
2022-12-25 23:39: Train Epoch 1: 58/159 Loss: 0.574672
2022-12-25 23:39: Train Epoch 1: 59/159 Loss: 0.551169
2022-12-25 23:40: Train Epoch 1: 60/159 Loss: 0.621155
2022-12-25 23:40: Train Epoch 1: 61/159 Loss: 0.460965
2022-12-25 23:41: Train Epoch 1: 62/159 Loss: 0.582294
2022-12-25 23:41: Train Epoch 1: 63/159 Loss: 0.545841
2022-12-25 23:42: Train Epoch 1: 64/159 Loss: 0.586614
2022-12-25 23:42: Train Epoch 1: 65/159 Loss: 0.525074
2022-12-25 23:43: Train Epoch 1: 66/159 Loss: 0.566173
2022-12-25 23:43: Train Epoch 1: 67/159 Loss: 0.547579
2022-12-25 23:44: Train Epoch 1: 68/159 Loss: 0.513117
2022-12-25 23:44: Train Epoch 1: 69/159 Loss: 0.549314
2022-12-25 23:45: Train Epoch 1: 70/159 Loss: 0.538305
2022-12-25 23:45: Train Epoch 1: 71/159 Loss: 0.489108
2022-12-25 23:46: Train Epoch 1: 72/159 Loss: 0.534077
2022-12-25 23:46: Train Epoch 1: 73/159 Loss: 0.458496
2022-12-25 23:47: Train Epoch 1: 74/159 Loss: 0.538945
2022-12-25 23:47: Train Epoch 1: 75/159 Loss: 0.494276
2022-12-25 23:48: Train Epoch 1/159 Loss: 0.463935
2022-12-25 23:44: Train Epoch 1: 77/159 Loss: 0.475056
2022-12-25 23:44: Train Epoch 1: 78/159 Loss: 0.470124
2022-12-25 23:45: Train Epoch 1: 79/159 Loss: 0.461676
2022-12-25 23:45: Train Epoch 1: 80/159 Loss: 0.459923
2022-12-25 23:46: Train Epoch 1: 81/159 Loss: 0.512235
2022-12-25 23:46: Train Epoch 1: 82/159 Loss: 0.505736
2022-12-25 23:47: Train Epoch 1: 83/159 Loss: 0.537400
2022-12-25 23:47: Train Epoch 1: 84/159 Loss: 0.457971
2022-12-25 23:48: Train Epoch 1: 85/159 Loss: 0.534167
2022-12-25 23:48: Train Epoch 1: 86/159 Loss: 0.494852
2022-12-25 23:48: Train Epoch 1: 87/159 Loss: 0.469208
2022-12-25 23:49: Train Epoch 1: 88/159 Loss: 0.495501
2022-12-25 23:49: Train Epoch 1: 89/159 Loss: 0.571553
2022-12-25 23:50: Train Epoch 1: 90/159 Loss: 0.506486
2022-12-25 23:50: Train Epoch 1: 91/159 Loss: 0.423119
2022-12-25 23:51: Train Epoch 1: 92/159 Loss: 0.432535
2022-12-25 23:51: Train Epoch 1: 93/159 Loss: 0.447487
2022-12-25 23:52: Train Epoch 1: 94/159 Loss: 0.414137
2022-12-25 23:52: Train Epoch 1: 95/159 Loss: 0.440973
2022-12-25 23:52: Train Epoch 1: 96/159 Loss: 0.481562
2022-12-25 23:53: Train Epoch 1: 97/159 Loss: 0.444760
2022-12-25 23:53: Train Epoch 1: 98/159 Loss: 0.406052
2022-12-25 23:54: Train Epoch 1: 99/159 Loss: 0.488531
2022-12-25 23:54: Train Epoch 1: 100/159 Loss: 0.439682
2022-12-25 23:55: Train Epoch 1: 101/159 Loss: 0.437952
2022-12-25 23:55: Train Epoch 1: 102/159 Loss: 0.402585
2022-12-25 23:56: Train Epoch 1: 103/159 Loss: 0.435456
2022-12-25 23:56: Train Epoch 1: 104/159 Loss: 0.444973
2022-12-25 23:56: Train Epoch 1: 105/159 Loss: 0.443273
2022-12-25 23:57: Train Epoch 1: 106/159 Loss: 0.429359
2022-12-25 23:57: Train Epoch 1: 107/159 Loss: 0.469753
2022-12-25 23:58: Train Epoch 1: 108/159 Loss: 0.479033
2022-12-25 23:58: Train Epoch 1: 109/159 Loss: 0.470940
2022-12-25 23:59: Train Epoch 1: 110/159 Loss: 0.511300
2022-12-25 23:59: Train Epoch 1: 111/159 Loss: 0.447374
2022-12-26 00:00: Train Epoch 1: 112/159 Loss: 0.457523
2022-12-26 00:00: Train Epoch 1: 113/159 Loss: 0.461941
2022-12-26 00:00: Train Epoch 1: 114/159 Loss: 0.498557
2022-12-26 00:01: Train Epoch 1: 115/159 Loss: 0.480342
2022-12-26 00:01: Train Epoch 1: 116/159 Loss: 0.427393
2022-12-26 00:02: Train Epoch 1: 117/159 Loss: 0.489244
2022-12-26 00:02: Train Epoch 1: 118/159 Loss: 0.435443
2022-12-26 00:03: Train Epoch 1: 119/159 Loss: 0.425735
2022-12-26 00:03: Train Epoch 1: 120/159 Loss: 0.466612
2022-12-26 00:04: Train Epoch 1: 121/159 Loss: 0.456228
2022-12-26 00:04: Train Epoch 1: 122/159 Loss: 0.440371
2022-12-26 00:04: Train Epoch 1: 123/159 Loss: 0.425205
2022-12-26 00:05: Train Epoch 1: 124/159 Loss: 0.463470
2022-12-26 00:05: Train Epoch 1: 125/159 Loss: 0.496865
2022-12-26 00:06: Train Epoch 1: 126/159 Loss: 0.537512
2022-12-26 00:06: Train Epoch 1: 127/159 Loss: 0.471213
2022-12-26 00:07: Train Epoch 1: 128/159 Loss: 0.387813
2022-12-26 00:07: Train Epoch 1: 129/159 Loss: 0.530654
2022-12-26 00:08: Train Epoch 1: 130/159 Loss: 0.453779
2022-12-26 00:08: Train Epoch 1: 131/159 Loss: 0.463782
2022-12-26 00:09: Train Epoch 1: 132/159 Loss: 0.385210
2022-12-26 00:09: Train Epoch 1: 133/159 Loss: 0.396128
2022-12-26 00:09: Train Epoch 1: 134/159 Loss: 0.417231
20222022-12-26 00:17: Train Epoch 1: 135/159 Loss: 0.457945
2022-12-26 00:18: Train Epoch 1: 136/159 Loss: 0.472000
2022-12-26 00:18: Train Epoch 1: 137/159 Loss: 0.344264
2022-12-26 00:19: Train Epoch 1: 138/159 Loss: 0.523734
2022-12-26 00:19: Train Epoch 1: 139/159 Loss: 0.432083
2022-12-26 00:20: Train Epoch 1: 140/159 Loss: 0.415400
2022-12-26 00:20: Train Epoch 1: 141/159 Loss: 0.509448
2022-12-26 00:21: Train Epoch 1: 142/159 Loss: 0.488792
2022-12-26 00:21: Train Epoch 1: 143/159 Loss: 0.419454
2022-12-26 00:22: Train Epoch 1: 144/159 Loss: 0.491393
2022-12-26 00:22: Train Epoch 1: 145/159 Loss: 0.407567
2022-12-26 00:23: Train Epoch 1: 146/159 Loss: 0.425408
2022-12-26 00:23: Train Epoch 1: 147/159 Loss: 0.506227
2022-12-26 00:24: Train Epoch 1: 148/159 Loss: 0.364424
2022-12-26 00:24: Train Epoch 1: 149/159 Loss: 0.376237
2022-1200:17: Train Epoch 1: 150/159 Loss: 0.404887
2022-12-26 00:17: Train Epoch 1: 151/159 Loss: 0.416311
2022-12-26 00:18: Train Epoch 1: 152/159 Loss: 0.509389
2022-12-26 00:18: Train Epoch 1: 153/159 Loss: 0.369368
2022-12-26 00:19: Train Epoch 1: 154/159 Loss: 0.413232
2022-12-26 00:19: Train Epoch 1: 155/159 Loss: 0.477969
2022-12-26 00:20: Train Epoch 1: 156/159 Loss: 0.386682
2022-12-26 00:20: Train Epoch 1: 157/159 Loss: 0.373265
2022-12-26 00:20: Train Epoch 1: 158/159 Loss: 0.392696
2022-12-26 00:20: **********Train Epoch 1: averaged Loss: 0.565533 
2022-12-26 00:20: 
Epoch time elapsed: 4437.758323192596

2022-12-26 00:23: 
 metrics validation: {'precision': 0.6788389513108615, 'recall': 0.5576923076923077, 'f1-score': 0.612331081081081, 'support': 1300, 'AUC': 0.7993331360946745, 'AUCPR': 0.7126555285977214, 'TP': 725, 'FP': 343, 'TN': 2257, 'FN': 575} 

2022-12-26 00:23: **********Val Epoch 1: average Loss: 0.564187
2022-12-26 00:23: *********************************Current best model saved!
2022-12-26 00:31: 
 Testing metrics {'precision': 0.8666092943201377, 'recall': 0.9140004538234626, 'f1-score': 0.8896742131419104, 'support': 4407, 'AUC': 0.9611565166273985, 'AUCPR': 0.9158183066864444, 'TP': 4028, 'FP': 620, 'TN': 8194, 'FN': 379} 

2022-12-26 00:32: Train Epoch 2: 0/159 Loss: 0.423696
2022-12-26 00:32: Train Epoch 2: 1/159 Loss: 0.434528
2022-12-26 00:33: Train Epoch 2: 2/159 Loss: 0.438429
2022-12-26 00:33: Train Epoch 2: 3/159 Loss: 0.435998
2022-12-26 00:33: Train Epoch 2: 4/159 Loss: 0.460322
2022-12-26 00:34: Train Epoch 2: 5/159 Loss: 0.430487
2022-12-26 00:34: Train Epoch 2: 6/159 Loss: 0.361897
2022-12-26 00:35: Train Epoch 2: 7/159 Loss: 0.407170
2022-12-26 00:35: Train Epoch 2: 8/159 Loss: 0.395177
2022-12-26 00:36: Train Epoch 2: 9/159 Loss: 0.401709
2022-12-26 00:36: Train Epoch 2: 10/159 Loss: 0.408593
2022-12-26 00:37: Train Epoch 2: 11/159 Loss: 0.387381
2022-12-26 00:37: Train Epoch 2: 12/159 Loss: 0.489157
2022-12-26 00:38: Train Epoch 2: 13/159 Loss: 0.378148
2022-12-26 00:38: Train Epoch 2: 14/159 Loss: 0.483749
2022-12-26 00:39: Train Epoch 2: 15/159 Loss: 0.298298
2022-12-26 00:39: Train Epoch 2: 16/159 Loss: 0.522409
2022-12-26 00:40: Train Epoch 2: 17/159 Loss: 0.406669
2022-12-26 00:40: Train Epoch 2: 18/159 Loss: 0.365624
2022-12-26 00:40: Train Epoch 2: 19/159 Loss: 0.402300
2022-12-26 00:41: Train Epoch 2: 20/159 Loss: 0.419843
2022-12-26 00:41: Train Epoch 2: 21/159 Loss: 0.427262
2022-12-26 00:42: Train Epoch 2: 22/159 Loss: 0.439847
2022-12-26 00:42: Train Epoch 2: 23/159 Loss: 0.372038
2022-12-26 00:43: Train Epoch 2: 24/159 Loss: 0.391006
2022-12-26 00:43: Train Epoch 2: 25/159 Loss: 0.355348
2022-12-26 00:44: Train Epoch 2: 26/159 Loss: 0.447904
2022-12-26 00:44: Train Epoch 2: 27/159 Loss: 0.441047
2022-12-26 00:45: Train Epoch 2: 28/159 Loss: 0.442916
2022-12-26 00:45: Train Epoch 2: 29/159 Loss: 0.477195
2022-12-26 00:46: Train Epoch 2: 30/159 Loss: 0.396688
2022-12-26 00:46: Train Epoch 2: 31/159 Loss: 0.365471
20222022-12-26 00:56: Train Epoch 2: 32/159 Loss: 0.401244
2022-12-26 00:56: Train Epoch 2: 33/159 Loss: 0.496227
2022-12-26 00:56: Train Epoch 2: 34/159 Loss: 0.380188
2022-12-26 00:57: Train Epoch 2: 35/159 Loss: 0.428084
2022-12-26 00:57: Train Epoch 2: 36/159 Loss: 0.409493
2022-12-26 00:58: Train Epoch 2: 37/159 Loss: 0.346227
2022-12-26 00:58: Train Epoch 2: 38/159 Loss: 0.389584
2022-12-26 00:59: Train Epoch 2: 39/159 Loss: 0.422386
2022-12-26 00:59: Train Epoch 2: 40/159 Loss: 0.422816
2022-12-26 01:00: Train Epoch 2: 41/159 Loss: 0.402189
2022-12-26 01:00: Train Epoch 2: 42/159 Loss: 0.454557
2022-12-26 01:01: Train Epoch 2: 43/159 Loss: 0.453589
2022-12-26 01:01: Train Epoch 2: 44/159 Loss: 0.366706
2022-12-26 01:02: Train Epoch 2: 45/159 Loss: 0.357548
2022-12-26 01:02: Train Epoch 2: 46/159 Loss: 0.354374
2022-12-26 01:03: Train Epoch 2: 47/159 Loss: 0.466822
2022-12-26 01:03: Train Epoch 2: 48/159 Loss: 0.411856
2022-12-26 01:04: Train Epoch 2: 49/159 Loss: 0.406645
2022-12-26 01:04: Train Epoch 2: 50/159 Loss: 0.388905
2022-12-26 01:05: Train Epochn Epoch 2: 51/159 Loss: 0.347182
2022-12-26 00:55: Train Epoch 2: 52/159 Loss: 0.455930
2022-12-26 00:55: Train Epoch 2: 53/159 Loss: 0.412943
2022-12-26 00:56: Train Epoch 2: 54/159 Loss: 0.441865
2022-12-26 00:56: Train Epoch 2: 55/159 Loss: 0.404643
2022-12-26 00:57: Train Epoch 2: 56/159 Loss: 0.450116
2022-12-26 00:57: Train Epoch 2: 57/159 Loss: 0.361623
2022-12-26 00:57: Train Epoch 2: 58/159 Loss: 0.326323
2022-12-26 00:58: Train Epoch 2: 59/159 Loss: 0.370746
2022-12-26 00:58: Train Epoch 2: 60/159 Loss: 0.399283
2022-12-26 00:59: Train Epoch 2: 61/159 Loss: 0.477896
2022-12-26 00:59: Train Epoch 2: 62/159 Loss: 0.434228
2022-12-26 01:00: Train Epoch 2: 63/159 Loss: 0.342718
2022-12-26 01:00: Train Epoch 2: 64/159 Loss: 0.364072
2022-12-26 01:01: Train Epoch 2: 65/159 Loss: 0.388826
2022-12-26 01:01: Train Epoch 2: 66/159 Loss: 0.395008
2022-12-26 01:02: Train Epoch 2: 67/159 Loss: 0.340242
2022-12-26 01:02: Train Epoch 2: 68/159 Loss: 0.397913
2022-12-26 01:03: Train Epoch 2: 69/159 Loss: 0.461301
2022-12-26 01:03: Train Epoch 2: 70/159 Loss: 0.442094
2022-12-26 01:04: Train Epoch 2: 71/159 Loss: 0.395539
2022-12-26 01:04: Train Epoch 2: 72/159 Loss: 0.370993
2022-12-26 01:04: Train Epoch 2: 73/159 Loss: 0.359318
2022-12-26 01:05: Train Epoch 2: 74/159 Loss: 0.351894
2022-12-26 01:05: Train Epoch 2: 75/159 Loss: 0.396288
2022-12-26 01:06: Train Epoch 2: 76/159 Loss: 0.402155
2022-12-26 01:06: Train Epoch 2: 77/159 Loss: 0.403843
2022-12-26 01:07: Train Epoch 2: 78/159 Loss: 0.405496
2022-12-26 01:07: Train Epoch 2: 79/159 Loss: 0.385209
2022-12-26 01:08: Train Epoch 2: 80/159 Loss: 0.371999
2022-12-26 01:08: Train Epoch 2: 81/159 Loss: 0.386288
2022-12-26 01:09: Train Epoch 2: 82/159 Loss: 0.342652
2022-12-26 01:09: Train Epoch 2: 83/159 Loss: 0.382912
2022-12-26 01:10: Train Epoch 2: 84/159 Loss: 0.402675
2022-12-26 01:10: Train Epoch 2: 85/159 Loss: 0.376805
2022-12-26 01:11: Train Epoch 2: 86/159 Loss: 0.374889
2022-12-26 01:11: Train Epoch 2: 87/159 Loss: 0.353565
2022-12-26 01:11: Train Epoch 2: 88/159 Loss: 0.357132
2022-12-26 01:12: Train Epoch 2: 89/159 Loss: 0.395391
2022-12-26 01:12: Train Epoch 2: 90/159 Loss: 0.375903
2022-12-26 01:13: Train Epoch 2: 91/159 Loss: 0.328362
2022-12-26 01:13: Train Epoch 2: 92/159 Loss: 0.329796
2022-12-26 01:14: Train Epoch 2: 93/159 Loss: 0.387382
2022-12-26 01:14: Train Epoch 2: 94/159 Loss: 0.299268
2022-12-26 01:15: Train Epoch 2: 95/159 Loss: 0.327648
2022-12-26 01:15: Train Epoch 2: 96/159 Loss: 0.405954
2022-12-26 01:16: Train Epoch 2: 97/159 Loss: 0.289030
2022-12-26 01:16: Train Epoch 2: 98/159 Loss: 0.385266
2022-12-26 01:17: Train Epoch 2: 99/159 Loss: 0.2022-12-26 01:29: Train Epoch 2: 100/159 Loss: 0.478101
2022-12-26 01:29: Train Epoch 2: 101/159 Loss: 0.414310
2022-12-26 01:30: Train Epoch 2: 102/159 Loss: 0.385404
2022-12-26 01:30: Train Epoch 2: 103/159 Loss: 0.340092
2022-12-26 01:31: Train Epoch 2: 104/159 Loss: 0.451943
2022-12-26 01:31: Train Epoch 2: 105/159 Loss: 0.402931
2022-12-26 01:32: Train Epoch 2: 106/159 Loss: 0.362275
2022-12-26 01:32: Train Epoch 2: 107/159 Loss: 0.374656
2022-12-26 01:33: Train Epoch 2: 108/159 Loss: 0.418582
2022-12-26 01:33: Train Epoch 2: 109/159 Loss: 0.349350
2022-12-26 01:34: Train Epoch 2: 110/159 Loss: 0.345739
2022-12-26 01:34: Train Epoch 2: 111/159 Loss: 0.394847
2022-12-26 01:35: Train Epoch 2: 112/159 Loss: 0.379475
2022-12-26 01:35: Train Epoch 2: 113/159 Loss: 0.418477
2022-12-26 01:36: Train Epoch 2: 114/159 Loss: 0.444301
2022-12-26 01:36: Train Epoch 2: 115/159 Loss: 0.446953
2022-12-26 01:37: Train Epoch 2: 116/159 Loss: 0.344547
2022-12-26 01:37: Train Epoch 2: 117/159 Loss: 0.432265
2022-12-26 01:38: Train Epoch 2: 118/159 Loss: 0.380821
2022-12-26 01:38: Train Epoch 2: 119/159 Loss: 0.360755
2022-12-26 01:39: Train Epoch 2: 120/159 Loss: 0.405111
2022-12-26 01:39: Train Epoch 2: 121/159 Loss: 0.367682
2022-12-26 01:40: Train Epoch 2: 122/159 Loss: 0.305739
2022-12-26 01:40: Train Epoch 2: 123/159 Loss: 0.447726
2022-12-26 01:41: Train Epoch 2: 124/159 Loss: 0.416406
2022-12-26 01:41: Train Epoch  Epoch 2: 125/159 Loss: 0.434797
2022-12-26 01:29: Train Epoch 2: 126/159 Loss: 0.401456
2022-12-26 01:29: Train Epoch 2: 127/159 Loss: 0.372880
2022-12-26 01:30: Train Epoch 2: 128/159 Loss: 0.335603
2022-12-26 01:30: Train Epoch 2: 129/159 Loss: 0.419716
2022-12-26 01:31: Train Epoch 2: 130/159 Loss: 0.436152
2022-12-26 01:31: Train Epoch 2: 131/159 Loss: 0.396942
2022-12-26 01:31: Train Epoch 2: 132/159 Loss: 0.362644
2022-12-26 01:32: Train Epoch 2: 133/159 Loss: 0.383749
2022-12-26 01:32: Train Epoch 2: 134/159 Loss: 0.369013
2022-12-26 01:33: Train Epoch 2: 135/159 Loss: 0.414965
2022-12-26 01:33: Train Epoch 2: 136/159 Loss: 0.401471
2022-12-26 01:34: Train Epoch 2: 137/159 Loss: 0.377952
2022-12-26 01:34: Train Epoch 2: 138/159 Loss: 0.346577
2022-12-26 01:35: Train Epoch 2: 139/159 Loss: 0.393332
2022-12-26 01:35: Train Epoch 2: 140/159 Loss: 0.376305
2022-12-26 01:35: Train Epoch 2: 141/159 Loss: 0.344662
2022-12-26 01:36: Train Epoch 2: 142/159 Loss: 0.271096
2022-12-26 01:36: Train Epoch 2: 143/159 Loss: 0.337715
2022-12-26 01:37: Train Epoch 2: 144/159 Loss: 0.304167
2022-12-26 01:37: Train Epoch 2: 145/159 Loss: 0.380456
2022-12-26 01:38: Train Epoch 2: 146/159 Loss: 0.393616
2022-12-26 01:38: Train Epoch 2: 147/159 Loss: 0.326629
2022-12-26 01:39: Train Epoch 2: 148/159 Loss: 0.343341
2022-12-26 01:39: Train Epoch 2: 149/159 Loss: 0.430549
2022-12-26 01:39: Train Epoch 2: 150/159 Loss: 0.348710
2022-12-26 01:40: Train Epoch 2: 151/159 Loss: 0.435843
2022-12-26 01:40: Train Epoch 2: 152/159 Loss: 0.463846
2022-12-26 01:41: Train Epoch 2: 153/159 Loss: 0.385507
2022-12-26 01:41: Train Epoch 2: 154/159 Loss: 0.432713
2022-12-26 01:42: Train Epoch 2: 155/159 Loss: 0.414265
2022-12-26 01:42: Train Epoch 2: 156/159 Loss: 0.317911
2022-12-26 01:43: Train Epoch 2: 157/159 Loss: 0.459384
2022-12-26 01:43: Train Epoch 2: 158/159 Loss: 0.326411
2022-12-26 01:43: **********Train Epoch 2: averaged Loss: 0.389545 
2022-12-26 01:43: 
Epoch time elapsed: 4326.487902879715

2022-12-26 01:45: 
 metrics validation: {'precision': 0.687192118226601, 'recall': 0.6438461538461538, 'f1-score': 0.664813343923749, 'support': 1300, 'AUC': 0.8171352071005917, 'AUCPR': 0.7403565762129848, 'TP': 837, 'FP': 381, 'TN': 2219, 'FN': 463} 

2022-12-26 01:45: **********Val Epoch 2: average Loss: 0.582651
2022-12-26 01:45: *********************************Current best model 2022-12-26 02:07: 
 Testing metrics {'precision': 0.8541973490427098, 'recall': 0.921261629226231, 'f1-score': 0.8864628820960698, 'support': 4407, 'AUC': 0.9632712572449437, 'AUCPR': 0.9284390123358527, 'TP': 4060, 'FP': 693, 'TN': 8121, 'FN': 347} 

2022-12-26 02:08: Train Epoch 3: 0/159 Loss: 0.366519
2022-12-26 02:08: Train Epoch 3: 1/159 Loss: 0.394471
2022-12-26 02:09: Train Epoch 3: 2/159 Loss: 0.420692
2022-12-26 02:09: Train Epoch 3: 3/159 Loss: 0.432957
2022-12-26 02:10: Train Epoch 3: 4/159 Loss: 0.305356
2022-12-26 02:10: Train Epoch 3: 5/159 Loss: 0.442740
2022-12-26 02:11: Train Epoch 3: 6/159 Loss: 0.408404
2022-12-26 02:11: Train Epoch 3: 7/159 Loss: 0.371783
2022-12-26 02:12: Train Epoch 3: 8/159 Loss: 0.367757
2022-12-26 02:12: Train Epoch 3: 9/159 Loss: 0.409501
2022-12-26 02:13: Train Epoch 3: 10/159 Loss: 0.380392
2022-12-26 02:13: Train Epoch 3: 11/159 Loss: 0.452866
2022-12-26 02:14: Train Epoch 3: 12/159 Loss: 0.367182
2022-12-26 02:14: Train Epoch 3: 13/159 Loss: 0.405971
2022-12-26 02:15: Train Epoch 3: 14/159 Loss: 0.425034
2022-12-26 02:15: Train Epoch 3: 15/159 Loss: 0.313981
2022-12-26 02:16: Train Epoch 3: 16/159 Loss: 0.319231
2022-12-26 02:16: Train Epoch 3: 17/159 Loss: 0.413216
2022-12-26 02:17: Train Epoch 3: 18/159 Loss: 0.426725
2022-12-26 02:17: Train Epoch 3: 19/159 Loss: 0.396957
2022-12-26 02:18: Train Epoch 3: 20/159 Loss: 0.388499
2022-12-26 02:18: Train Epoch 3: 21/159 Loss: 0.390736
2022-12-26 02:19: Train Epoch 3: 22/159 Loss: 0.385857
2022-12-26 02:19: Train Epoch 3: 23/159 Loss: 0.324960
2022-12-26 02:20: Train Epoch 3: 24/159 Loss: 0.342270
2022-12-26 02:20: Train Epoch 3: 25/159 Loss: 0.367111
2022-12-26 02:21: Train Epochin Epoch 3: 26/159 Loss: 0.329936
2022-12-26 02:06: Train Epoch 3: 27/159 Loss: 0.380639
2022-12-26 02:06: Train Epoch 3: 28/159 Loss: 0.307901
2022-12-26 02:07: Train Epoch 3: 29/159 Loss: 0.399649
2022-12-26 02:07: Train Epoch 3: 30/159 Loss: 0.307707
2022-12-26 02:08: Train Epoch 3: 31/159 Loss: 0.377700
2022-12-26 02:08: Train Epoch 3: 32/159 Loss: 0.298656
2022-12-26 02:09: Train Epoch 3: 33/159 Loss: 0.391399
2022-12-26 02:09: Train Epoch 3: 34/159 Loss: 0.352381
2022-12-26 02:10: Train Epoch 3: 35/159 Loss: 0.388683
2022-12-26 02:10: Train Epoch 3: 36/159 Loss: 0.432283
2022-12-26 02:11: Train Epoch 3: 37/159 Loss: 0.475003
2022-12-26 02:11: Train Epoch 3: 38/159 Loss: 0.425506
2022-12-26 02:12: Train Epoch 3: 39/159 Loss: 0.387175
2022-12-26 02:12: Train Epoch 3: 40/159 Loss: 0.350198
2022-12-26 02:12: Train Epoch 3: 41/159 Loss: 0.389196
2022-12-26 02:13: Train Epoch 3: 42/159 Loss: 0.409534
2022-12-26 02:13: Train Epoch 3: 43/159 Loss: 0.401489
2022-12-26 02:14: Train Epoch 3: 44/159 Loss: 0.338447
2022-12-26 02:14: Train Epoch 3: 45/159 Loss: 0.415249
2022-12-26 02:15: Train Epoch 3: 46/159 Loss: 0.386151
2022-12-26 02:15: Train Epoch 3: 47/159 Loss: 0.391526
2022-12-26 02:16: Train Epoch 3: 48/159 Loss: 0.422655
2022-12-26 02:16: Train Epoch 3: 49/159 Loss: 0.338857
2022-12-26 02:17: Train Epoch 3: 50/159 Loss: 0.385698
2022-12-26 02:17: Train Epoch 3: 51/159 Loss: 0.309580
2022-12-26 02:17: Train Epoch 3: 52/159 Loss: 0.357426
2022-12-26 02:18: Train Epoch 3: 53/159 Loss: 0.417242
2022-12-26 02:18: Train Epoch 3: 54/159 Loss: 0.333960
2022-12-26 02:19: Train Epoch 3: 55/159 Loss: 0.286265
2022-12-26 02:19: Train Epoch 3: 56/159 Loss: 0.461401
2022-12-26 02:20: Train Epoch 3: 57/159 Loss: 0.351406
2022-12-26 02:20: Train Epoch 3: 58/159 Loss: 0.324329
2022-12-26 02:21: Train Epoch 3: 59/159 Loss: 0.409382
2022-12-26 02:21: Train Epoch 3: 60/159 Loss: 0.366552
2022-12-26 02:22: Train Epoch 3: 61/159 Loss: 0.427618
2022-12-26 02:22: Train Epoch 3: 62/159 Loss: 0.290016
2022-12-26 02:23: Train Epoch 3: 63/159 Loss: 0.368708
2022-12-26 02:23: Train Epoch 3: 64/159 Loss: 02022-12-26 02:40: Train Epoch 3: 65/159 Loss: 0.409748
2022-12-26 02:41: Train Epoch 3: 66/159 Loss: 0.365019
2022-12-26 02:41: Train Epoch 3: 67/159 Loss: 0.340067
2022-12-26 02:41: Train Epoch 3: 68/159 Loss: 0.293086
2022-12-26 02:42: Train Epoch 3: 69/159 Loss: 0.349406
2022-12-26 02:42: Train Epoch 3: 70/159 Loss: 0.366695
2022-12-26 02:43: Train Epoch 3: 71/159 Loss: 0.314920
2022-12-26 02:43: Train Epoch 3: 72/159 Loss: 0.382264
2022-12-26 02:44: Train Epoch 3: 73/159 Loss: 0.359130
2022-12-26 02:44: Train Epoch 3: 74/159 Loss: 0.375458
2022-12-26 02:45: Train Epoch 3: 75/159 Loss: 0.279357
2022-12-26 02:45: Train Epoch 3: 76/159 Loss: 0.395739
2022-12-26 02:46: Train Epoch 3: 77/159 Loss: 0.344125
2022-12-26 02:46: Train Epoch 3: 78/159 Loss: 0.329178
2022-12-26 02:47: Train Epoch 3: 79/159 Loss: 0.373891
2022-12-26 02:47: Train Epoch 3: 80/159 Loss: 0.397237
2022-12-26 02:48: Train Epoch 3: 81/159 Loss: 0.373583
2022-12-26 02:48: Train Epoch 3: 82/159 Loss: 0.347286
2022-12-26 02:49: Train Epoch 3: 83/159 Loss: 0.347493
2022-12-26 02:49: Train Epoch 3: 84/159 Loss: 0.348365
2022-12-26 02:50: Train Epoch 3: 85/159 Loss: 0.421335
2022-12-26 02:50: Train Epoch 3: 86/159 Loss: 0.386213
2022-12-26 02:51: Train Epoch 3: 87/159 Loss: 0.313167
2022-12-26 02:51: Train Epoch 3: 88/159 Loss: 0.352039
2022-12-26 02:52: Train Epoch 3: 89/159 Loss: 0.326253
2022-12-26 02:52: Train Epoch 3: 90/159 Loss: 0.291877
2022-12-26 02:53: Train Epoch 3: 91/159 Loss: 0.478157
2022-12-26 02:53: Train Epoch 3: 92/159 Loss: 0.339176
2022-12-26 02:54: Train Epoch 3: 93/159 Loss: 0.339966
2022-12-26 02:54: Train Epoch 3: 94/159 Loss: 0.341669
2022-12-26 02:55: Train Epoch 3: 95/159 Loss: 0.328008
2022-12-26 02:55: Train Epoch 3: 96/159 Loss: 0.388190
2022-12-26 02:56: Train Epoch 3: 97/159 Loss: 0.344353
2022-12-26 02:56: Train Epoch 3: 98/159 Loss: 0.398018
2022-12-26 02:57: Train Epoch 3: 99/159 Loss: 0.253271
2022-12-26 02:57: Train Epoch 3: 100/159 Loss: 0.4269570.331351
2022-12-26 02:40: Train Epoch 3: 101/159 Loss: 0.385063
2022-12-26 02:40: Train Epoch 3: 102/159 Loss: 0.397094
2022-12-26 02:41: Train Epoch 3: 103/159 Loss: 0.370186
2022-12-26 02:41: Train Epoch 3: 104/159 Loss: 0.409856
2022-12-26 02:42: Train Epoch 3: 105/159 Loss: 0.309649
2022-12-26 02:42: Train Epoch 3: 106/159 Loss: 0.371380
2022-12-26 02:43: Train Epoch 3: 107/159 Loss: 0.295437
2022-12-26 02:43: Train Epoch 3: 108/159 Loss: 0.423372
2022-12-26 02:44: Train Epoch 3: 109/159 Loss: 0.337412
2022-12-26 02:44: Train Epoch 3: 110/159 Loss: 0.317817
2022-12-26 02:45: Train Epoch 3: 111/159 Loss: 0.454474
2022-12-26 02:45: Train Epoch 3: 112/159 Loss: 0.431216
2022-12-26 02:46: Train Epoch 3: 113/159 Loss: 0.353468
2022-12-26 02:46: Train Epoch 3: 114/159 Loss: 0.347019
2022-12-26 02:46: Train Epoch 3: 115/159 Loss: 0.356374
2022-12-26 02:47: Train Epoch 3: 116/159 Loss: 0.398270
2022-12-26 02:47: Train Epoch 3: 117/159 Loss: 0.340264
2022-12-26 02:48: Train Epoch 3: 118/159 Loss: 0.358132
2022-12-26 02:48: Train Epoch 3: 119/159 Loss: 0.397432
2022-12-26 02:49: Train Epoch 3: 120/159 Loss: 0.403781
2022-12-26 02:49: Train Epoch 3: 121/159 Loss: 0.387938
2022-12-26 02:50: Train Epoch 3: 122/159 Loss: 0.468726
2022-12-26 02:50: Train Epoch 3: 123/159 Loss: 0.344834
2022-12-26 02:51: Train Epoch 3: 124/159 Loss: 0.370932
2022-12-26 02:51: Train Epoch 3: 125/159 Loss: 0.369790
2022-12-26 02:51: Train Epoch 3: 126/159 Loss: 0.324179
2022-12-26 02:52: Train Epoch 3: 127/159 Loss: 0.249384
2022-12-26 02:52: Train Epoch 3: 128/159 Loss: 0.217639
2022-12-26 02:53: Train Epoch 3: 129/159 Loss: 0.360627
2022-12-26 02:53: Train Epoch 3: 130/159 Loss: 0.371617
2022-12-26 02:54: Train Epoch 3: 131/159 Loss: 0.311159
2022-12-26 02:54: Train Epoch 3: 132/159 Loss: 0.281129
2022-12-26 02:55: Train Epoch 3: 133/159 Loss: 0.340967
2022-12-26 02:55: Train Epoch 3: 134/159 Loss: 0.423392
2022-12-26 02:56: Train Epoch 3: 135/159 Loss: 0.236886
2022-12-26 02:56: Train Epoch 3: 136/159 Loss: 0.442612
2022-12-26 02:57: Train Epoch 3: 137/159 Loss: 0.371475
2022-12-26 02:57: Train Epoch 3: 138/159 Loss: 0.486334
2022-12-26 02:58: Train Epoch 3: 139/159 Loss: 0.347968
2022-12-26 02:58: Train Epoch 3: 140/159 Loss: 02022-12-26 03:18: Train Epoch 3: 141/159 Loss: 0.363248
2022-12-26 03:18: Train Epoch 3: 142/159 Loss: 0.298604
2022-12-26 03:19: Train Epoch 3: 143/159 Loss: 0.277299
2022-12-26 03:19: Train Epoch 3: 144/159 Loss: 0.354521
2022-12-26 03:19: Train Epoch 3: 145/159 Loss: 0.343671
2022-12-26 03:20: Train Epoch 3: 146/159 Loss: 0.262175
2022-12-26 03:20: Train Epoch 3: 147/159 Loss: 0.371632
2022-12-26 03:21: Train Epoch 3: 148/159 Loss: 0.292694
2022-12-26 03:21: Train Epoch 3: 149/159 Loss: 0.313660
2022-12-26 03:22: Train Epoch 3: 150/159 Loss: 0.333672
2022-12-26 03:22: Train Epoch 3: 151/159 Loss: 0.334980
2022-12-26 03:23: Train Epoch 3: 152/159 Loss: 0.369414
2022-12-26 03:23: Train Epoch 3: 153/159 Loss: 0.296818
2022-12-26 03:24: Train Epoch 3: 154/159 Loss: 0.342301
2022-12-26 03:24: Train Epoch 3: 155/159 Loss: 0.343098
2022-12-26 03:25: Train Epoch 3: 156/159 Loss: 0.303393
2022-12-26 03:25: Train Epoch 3: 157/159 Loss: 0.315043
2022-12-26 03:25: Train Epoch 3: 158/159 Loss: 0.257638
2022-12-26 03:25: **********Train Epoch 3: averaged Loss: 0.353777 
2022-12-26 03:25: 
Epoch time elapsed: 4696.936245918274

2022-12-26 03:28: 
 metrics validation: {'precision': 0.7113676731793961, 'recall': 0.6161538461538462, 'f1-score': 0.6603462489694972, 'support': 1300, 'AUC': 0.8056494082840236, 'AUCPR': 0.7259135362907033, 'TP': 801, 'FP': 325, 'TN': 2275, 'FN': 499} 

2022-12-26 03:28: **********Val Epoch 3: average Loss: 0.573199
2022-12-26 03:36: 
 Testing metrics {'precision': 0.8669380758517249, 'recall': 0.9180848649875198, 'f1-score': 0.8917787083976195, 'support': 4407, 'AUC': 0.9678989796386496, 'AUCPR': 0.9419729855172402, 'TP': 4046, 'FP': 621, 'TN': 8193, 'FN': 361} 

2022-12-26 03:37: Train Epoch 4: 0/159 Loss: 0.385156
2022-12-26 03:37: Train Epoch 4: 1/159 Loss: 0.285946
2022-12-26 03:38: Train Epoch 4: 2/159 L: 0.357911
2022-12-26 03:16: Train Epoch 4: 3/159 Loss: 0.354290
2022-12-26 03:17: Train Epoch 4: 4/159 Loss: 0.262152
2022-12-26 03:17: Train Epoch 4: 5/159 Loss: 0.408290
2022-12-26 03:18: Train Epoch 4: 6/159 Loss: 0.351779
2022-12-26 03:18: Train Epoch 4: 7/159 Loss: 0.346526
2022-12-26 03:19: Train Epoch 4: 8/159 Loss: 0.375197
2022-12-26 03:19: Train Epoch 4: 9/159 Loss: 0.400897
2022-12-26 03:20: Train Epoch 4: 10/159 Loss: 0.381936
2022-12-26 03:20: Train Epoch 4: 11/159 Loss: 0.332831
2022-12-26 03:21: Train Epoch 4: 12/159 Loss: 0.404355
2022-12-26 03:21: Train Epoch 4: 13/159 Loss: 0.346718
2022-12-26 03:21: Train Epoch 4: 14/159 Loss: 0.386430
2022-12-26 03:22: Train Epoch 4: 15/159 Loss: 0.391682
2022-12-26 03:22: Train Epoch 4: 16/159 Loss: 0.431033
2022-12-26 03:23: Train Epoch 4: 17/159 Loss: 0.367614
2022-12-26 03:23: Train Epoch 4: 18/159 Loss: 0.313351
2022-12-26 03:24: Train Epoch 4: 19/159 Loss: 0.332324
2022-12-26 03:24: Train Epoch 4: 20/159 Loss: 0.381502
2022-12-26 03:25: Train Epoch 4: 21/159 Loss: 0.334073
2022-12-26 03:25: Train Epoch 4: 22/159 Loss: 0.385332
2022-12-26 03:26: Train Epoch 4: 23/159 Loss: 0.419761
2022-12-26 03:26: Train Epoch 4: 24/159 Loss: 0.330870
2022-12-26 03:27: Train Epoch 4: 25/159 Loss: 0.308672
2022-12-26 03:27: Train Epoch 4: 26/159 Loss: 0.404182
2022-12-26 03:27: Train Epoch 4: 27/159 Loss: 0.416137
2022-12-26 03:28: Train Epoch 4: 28/159 Loss: 0.367888
2022022-12-26 03:51: Train Epoch 4: 29/159 Loss: 0.383127
2022-12-26 03:51: Train Epoch 4: 30/159 Loss: 0.277674
2022-12-26 03:52: Train Epoch 4: 31/159 Loss: 0.374884
2022-12-26 03:52: Train Epoch 4: 32/159 Loss: 0.347062
2022-12-26 03:53: Train Epoch 4: 33/159 Loss: 0.278422
2022-12-26 03:54: Train Epoch 4: 34/159 Loss: 0.265925
2022-12-26 03:54: Train Epoch 4: 35/159 Loss: 0.285123
2022-12-26 03:55: Train Epoch 4: 36/159 Loss: 0.345205
2022-12-26 03:55: Train Epoch 4: 37/159 Loss: 0.350864
2022-12-26 03:55: Train Epoch 4: 38/159 Loss: 0.354998
2022-12-26 03:56: Train Epoch 4: 39/159 Loss: 0.257096
2022-12-26 03:56: Train Epoch 4: 40/159 Loss: 0.309703
2022-12-26 03:57: Train Epoch 4: 41/159 Loss: 0.346063
2022-12-26 03:57: Train Epoch 4: 42/159 Loss: 0.422399
2022-12-26 03:58: Train Epoch 4: 43/159 Loss: 0.348918
2022-12-26 03:58: Train Epoch 4: 44/159 Loss: 0.376465
2022-12-26 03:59: Train Epoch 4: 45/159 Loss: 0.351738
2022-12-26 03:59: Train Epoch 4: 46/159 Loss: 0.285742
2022-12-26 04:00: Train Epoch 4: 47/159 Loss: 0.308715
2022-12-26 04:00: Train Epoch 4: 48/159 Loss: 0.278310
2022-12-26 04:01: Train Epoch 4: 49/159 Loss: 0.398396
2022-12-26 04:01: Train Epoch 4: 50/159 Loss: 0.373022
2022-12-26 04:02: Train Epoch 4: 51/159 Loss: 0.344394
2022-12-26 04:02: Train Epoch 4: 52/159 Loss: 0.428426
2022-12-26 04:03: Train Epoch 4: 53/159 Loss: 0.328731
2022-12-26 04:03: Train Epoch 4: 54/159 Loss: 0.339077
2022-12-26 04:04: Train Epoch 4: 55/159 Loss: 0.331940
2022-12-26 04:04: Train Epoch 4: 56/159 Loss: 0.382565
2022-12-26 04:05: Train Epoch 4: 57/159 Loss: 0.321189
2022-12-26 04:05: Train Epoch 4: 58/159 Loss: 0.327770
2022-12-26 04:06: Train Epoch 4: 59/159 Loss: 0.336950
2022-12-26 04:06: Train Epoch 4: 60/159 Loss: 0.429766
2022-12-26 04:07: Train Epoch 4: 61/159 Loss: 0.317700
2022-12-26 04:07: Train Epoch 4: 62/159 Loss: 0.308473
2022-12-26 04:08: Train Epoch 4: 63/159 Loss: 0.306087
2022-12-26 04:08: Train Epoch 4: 64/159 Loss: 0.345316
2022-12-26 04:09: Train Epoch 4: 65/159 Loss: 0.312009
2022-12-26 04:09: Train Epoch 4: 66/159 Loss: 0.324280
2022-12-26 04:10: Train Epoch 4: 67/159 Loss: 0.332837
2022-12-26 04:10: Train Epoch 4: 68/159 Loss: 0.321090
2022-12-26 04:11: Train Epoch 4: 69/159 Loss: 0.344237
2022-12-26 04:11: Train Epoch 4: 70/159 Loss: 0.316420
2022-12-26 04:12: Train Epoch 4: 71/159 Loss: 0.279762
2022-12-26 04:12: Train Epoch 4: 72/159 Loss: 0.344320
2022-12-26 04:13: Train Epoch 4: 73/159 Loss: 0.334850
2022-12-26 04:13: Train Epoch 4: 74/159 Loss: 0.357257
2022-12-26 04:14: Train Epoch 4: 75/159 Loss: 0.324232
2022-12-26 04:14: Train Epoch 4: 76/159 Loss: 0.417985
2022-12-26 04:15: Tn Epoch 4: 77/159 Loss: 0.376173
2022-12-26 03:51: Train Epoch 4: 78/159 Loss: 0.359916
2022-12-26 03:51: Train Epoch 4: 79/159 Loss: 0.324937
2022-12-26 03:52: Train Epoch 4: 80/159 Loss: 0.373270
2022-12-26 03:52: Train Epoch 4: 81/159 Loss: 0.422846
2022-12-26 03:53: Train Epoch 4: 82/159 Loss: 0.436959
2022-12-26 03:53: Train Epoch 4: 83/159 Loss: 0.367819
2022-12-26 03:54: Train Epoch 4: 84/159 Loss: 0.317487
2022-12-26 03:54: Train Epoch 4: 85/159 Loss: 0.325287
2022-12-26 03:55: Train Epoch 4: 86/159 Loss: 0.356632
2022-12-26 03:55: Train Epoch 4: 87/159 Loss: 0.337578
2022-12-26 03:55: Train Epoch 4: 88/159 Loss: 0.322040
2022-12-26 03:56: Train Epoch 4: 89/159 Loss: 0.340574
2022-12-26 03:56: Train Epoch 4: 90/159 Loss: 0.315740
2022-12-26 03:57: Train Epoch 4: 91/159 Loss: 0.336135
2022-12-26 03:57: Train Epoch 4: 92/159 Loss: 0.325687
2022-12-26 03:58: Train Epoch 4: 93/159 Loss: 0.355816
2022-12-26 03:58: Train Epoch 4: 94/159 Loss: 0.325010
2022022-12-26 04:24: Train Epoch 4: 95/159 Loss: 0.376238
2022-12-26 04:24: Train Epoch 4: 96/159 Loss: 0.287258
2022-12-26 04:25: Train Epoch 4: 97/159 Loss: 0.292160
2022-12-26 04:25: Train Epoch 4: 98/159 Loss: 0.386770
2022-12-26 04:26: Train Epoch 4: 99/159 Loss: 0.310179
2022-12-26 04:26: Train Epoch 4: 100/159 Loss: 0.334297
2022-12-26 04:27: Train Epoch 4: 101/159 Loss: 0.349209
2022-12-26 04:27: Train Epoch 4: 102/159 Loss: 0.415121
2022-12-26 04:28: Train Epoch 4: 103/159 Loss: 0.312550
2022-12-26 04:28: Train Epoch 4: 104/159 Loss: 0.376711
2022-12-26 04:29: Train Epoch 4: 105/159 Loss: 0.318185
2022-12-26 04:29: Train Epoch 4: 106/159 Loss: 0.269598
2022-12-26 04:30: Train Epoch 4: 107/159 Loss: 0.345522
2022-12-26 04:30: Train Epoch 4: 108/159 Loss: 0.377454
2022-12-26 04:31: Train Epoch 4: 109/159 Loss: 0.317163
2022-12-26 04:31: Train Epoch 4: 110/159 Loss: 0.310480
2022-12-26 04:32: Train Epoch 4: 111/159 Loss: 0.341636
2022-12-26 04:32: Train Epoch 4: 112/159 Loss: 0.306039
2022-12-26 04:33: Train Epoch 4: 113/159 Loss: 0.273167
2022-12-26 04:33: Train Epoch 4: 114/159 Loss: 0.401076
2022-12-26 04:34: Train Epoch 4: 115/159 Loss: 0.406420
2022-12-26 04:34: Train Epoch 4: 116/159 Loss: 0.274689
2022-12-26 04:35: Train Epoch 4: 117/159 Loss: 0.349893
2022-12-26 04:35: Train Epoch 4: 118/159 Loss: 0.325444
2022-12-26 04:36: Train Epoch 4: 119/159 Loss: 0.328671
2022-12-26 04:36: Train Epoch 4: 120/159 Loss: 0.293946
2022-12-26 04:37: Train Epoch 4: 121/159 Loss: 0.324715
2022-12-26 04:37: Train Epoch 4: 122/159 Loss: 0.359915
2022-12-26 04:38: Train Epoch 4: 123/159 Loss: 0.420039
2022-12-26 04:38: Train Epoch 4: 124/159 Loss: 0.237665
2022-12-26 04:39: Train Epoch 4: 125/159 Loss: 0.346003
2022-12-26 04:39: Train Epoch 4: 126/159 Loss: 0.367720
2022-12-26 04:40: Train Epoch 4: 127/159 Loss: 0.399118
2022-12-26 04:40: Train Epoch 4: 128/159 Loss: 0.308015
2022-12-26 04:41: Train Epoch 4: 129/159 Loss: 0.308133
2022-12-26 04:41: Train Epoch 4: 130/159 Loss: 0.354677
2022-12-26 04:42: Train Epoch 4: 131/159 Loss: 0.368803
2022-12-26 04:42: Train Epoch 4: 132/159 Loss: 0.350298
2022-12-26 04:43: Train Epoch 4: 133/159 Loss: 0.299416
2022-12-26 04:43: Train Epoch 4: 134/159 Loss: 0.375495
2022-12-26 04:44: Train Epoch 4: 135/159 Loss: 0.340839
2022-12-26 04:44: Train Epoch 4: 136/159 Loss: 0.273282
2022-12-26 04:45: Train Epoch 4: 137/159 Loss: 0.342054
2022-12-26 04:45: Train Epoch 4: 138/159 Loss: 0.315355
2022-12-26 04:46: Train Epoch 4: 139/159 Loss: 0.309824
2022-12-26 04:46: Train Epoch 4: 140/159 Loss: 0.284342
2022-12-26 04:47: Train Epoch 4: 141/159 Loss: 0.336615
2022-12-26 04:47: Train Epoch 4: 142/159 Loss: 0.279935
2022-12-26 04:48: Train Epoch 4: 143/159 Loss: 0.291795
2022-12-26 04:48: Train Epoch 4: 144/159 Loss: 0.253464
2022-12-26 04:49: Train Epoch 4: 145/159 Loss: 0.395699
2022-12-26 04:49: Train Epoch 4: 146/159 Loss: 0.308093
2022-12-26 04:50: Train Epoch 4: 147/159 Loss: 0.324390
2022-12-26 04:50: Train Epoch 4: 148/159 Loss: 0.383119
2022-12-26 04:51: Train Epoch 4: 149/159 Loss: 0.330839
2022-12-26 04:51: Train Epoch 4: 150/159 Loss: 0.338182
2022-12-26 04:52: Train Epoch 4: 151/159 Loss: 0.306668
2022-12-26 04:52: Train Epoch 4: 152/159 Loss: 0.297360
2022-12-26 04:53: Train Epoch 4: 153/159 Loss: 0.336947
2022-12-26 04:53: Train Epoch 4: 154/159 Loss: 0.493876
2022-12-26 04:54: Train Epoch 4: 155/159 Loss: 0.332521
2022-12-26 04:54: Train Epoch 4: 156/159 Loss: 0.314461
2022-12-26 04:55: Train Epoch 4: 157/159 Loss: 0.271676
2022-12-26 04:55: Train Epoch 4: 158/159 Loss: 0.360855
2022-12-26 04:55: **********Train Epoch 4: averaged Loss: 0.334614 
2022-12-26 04:55: 
Epoch time elapsed: 4726.785144329071

2022-12-26 04:57: 
 metrics validation: {'precision': 0.6892523364485982, 'recall': 0.6807692307692308, 'f1-score': 0.684984520123839, 'support': 1300, 'AUC': 0.8169426035502958, 'AUCPR': 0.740087485877453, 'TP': 885, 'FP': 399, 'TN': 2201, 'FN': 415} 

2022-12-26 04:57: **********Val Epoch 4: average Loss: 0.565214
2022-12-26 04:57: *********************************Current best model saved!
2022-12-26 05:05: 
 Testing metrics {'precision': 0.8404277195147029, 'recall': 0.9273882459723167, 'f1-score': 0.8817691477885652, 'support': 4407, 'AUC': 0.9700964114839065, 'AUCPR': 0.9475505614200488, 'TP': 4087, 'FP': 776, 'TN': 8038, 'FN': 320} 

2022-12-26 05:06: Train Epoch 5: 0/159 Loss: 0.305444
2022-12-26 05:06: Train Epoch 5: 1/159 Loss: 0.315908
2022-12-26 05:07: Train Epoch 5: 2/159 Loss: 0.273621
2022-12-26 05:07: Train Epoch 5: 3/159 Loss: 0.281730
2022-12-26 05:08: Train Epoch 5: 4/159 Loss: 0.352179
2022-12-26 05:08: Train Epoch 5: 5/159 Loss: 0.312537
2022-12-26 05:09: Train Epoch 5: 6/159 Loss: 0.289500
2022-12-26 05:09: Train Epoch 5: 7/159 Loss: 0.294281
2022-12-26 05:10: Train Epoch 5: 8/159 Loss: 0.305963
2022-12-26 05:10: Train Epoch 5: 9/159 Loss: 0.323606
2022-12-26 05:11: Train Epoch 5: 10/159 Loss: 0.318995
2022-12-26 05:11: Train Epoch 5: 11/159 Loss: 0.329049
2022-12-26 05:12: Train Epoch 5: 12/159 Loss: 0.348897
2022-12-26 05:12: Train Epoch 5: 13/159 Loss: 0.300355
2022-12-26 05:13: Train Epoch 5: 14/159 Loss: 0.284978
2022-12-26 05:13: Train Epoch 5: 15/159 Loss: 0.315283
2022-12-26 05:14: Train Epoch 5: 16/159 Loss: 0.326992
2022-12-26 05:14: Train Epoch 5: 17/159 Loss: 0.290719
2022-12-26 05:15: Train Epoch 5: 18/159 Loss: 0.323608
2022-12-26 05:15: Train Epoch 5: 19/159 Loss: 0.256429
2022-12-26 05:16: Train Epoch 5: 20/159 Loss: 0.354221
2022-12-26 05:16: Train Epoch 5: 21/159 Loss: 0.282507
2022-12-26 05:17: Train Epoch 5: 22/159 Loss: 0.369929
2022-12-26 05:17: Train Epoch 5: 23/159 Loss: 0.291980
2022-12-26 05:18: Train Epoch 5: 24/159 Loss: 0.329259
2022-12-26 05:18: Train Epoch 5: 25/159 Loss: 0.394891
2022-12-26 05:19: Train Epoch 5: 26/159 Loss: 0.332115
2022-12-26 05:19: Train Epoch 5: 27/159 Loss: 0.323460
2022-12-26 05:20: Train Epoch 5: 28/159 Loss: 0.305419
2022-12-26 05:20: Train Epoch 5: 29/159 Loss: 0.375262
2022-12-26 05:21: Train Epoch 5: 30/159 Loss: 0.344873
2022-12-26 05:21: Train Epoch 5: 31/159 Loss: 0.292635
2022-12-26 05:22: Train Epoch 5: 32/159 Loss: 0.246102
2022-12-26 05:22: Train Epoch 5: 33/159 Loss: 0.365476
2022-12-26 05:23: Train Epoch 5: 34/159 Loss: 0.371900
2022-12-26 05:23: Train Epoch 5: 35/159 Loss: 0.317923
2022-12-26 05:24: Train Epoch 5: 36/159 Loss: 0.334910
2022-12-26 05:24: Train Epoch 5: 37/159 Loss: 0.342991
2022-12-26 05:25: Train Epoch 5: 38/159 Loss: 0.324607
2022-12-26 05:25: Train Epoch 5: 39/159 Loss: 0.300104
2022-12-26 05:26: Train Epoch 5: 40/159 Loss: 0.338136
2022-12-26 05:26: Train Epoch 5: 41/159 Loss: 0.349124
2022-12-26 05:27: Train Epoch 5: 42/159 Loss: 0.294556
2022-12-26 05:27: Train Epoch 5: 43/159 Loss: 0.308506
2022-12-26 05:28: Train Epoch 5: 44/159 Loss: 0.287784
2022-12-26 05:28: Train Epoch 5: 45/159 Loss: 0.270558
2022-12-26 05:29: Train Epoch 5: 46/159 Loss: 0.247926
2022-12-26 05:29: Train Epoch 5: 47/159 Loss: 0.292647
2022-12-26 05:30: Train Epoch 5: 48/159 Loss: 0.303801
2022-12-26 05:30: Train Epoch 5: 49/159 Loss: 0.269946
2022-12-26 05:31: Train Epoch 5: 50/159 Loss: 0.321122
2022-12-26 05:31: Train Epoch 5: 51/159 Loss: 0.393965
2022-12-26 05:32: s: 0.337609
2022-12-26 05:02: Train Epoch 5: 54/159 Loss: 0.344438
2022-12-26 05:03: Train Epoch 5: 55/159 Loss: 0.338457
2022-12-26 05:03: Train Epoch 5: 56/159 Loss: 0.388534
2022-12-26 05:03: Train Epoch 5: 57/159 Loss: 0.333897
2022-12-26 05:04: Train Epoch 5: 58/159 Loss: 0.297760
2022-12-26 05:04: Train Epoch 5: 59/159 Loss: 0.300130
2022-12-26 05:05: Train Epoch 5: 60/159 Loss: 0.293067
2022-12-26 05:05: Train E2022-12-26 05:36: Train Epoch 5: 60/159 Loss: 0.329889
2022-12-26 05:36: Train Epoch 5: 61/159 Loss: 0.228968
2022-12-26 05:37: Train Epoch 5: 62/159 Loss: 0.314104
2022-12-26 05:38: Train Epoch 5: 63/159 Loss: 0.340166
2022-12-26 05:38: Train Epoch 5: 64/159 Loss: 0.307568
2022-12-26 05:39: Train Epoch 5: 65/159 Loss: 0.288282
2022-12-26 05:39: Train Epoch 5: 66/159 Loss: 0.284273
2022-12-26 05:40: Train Epoch 5: 67/159 Loss: 0.237776
2022-12-26 05:40: Train Epoch 5: 68/159 Loss: 0.359549
2022-12-26 05:41: Train Epoch 5: 69/159 Loss: 0.276362
2022-12-26 05:41: Train Epoch 5: 70/159 Loss: 0.309087
2022-12-26 05:42: Train Epoch 5: 71/159 Loss: 0.283023
2022-12-26 05:42: Train Epoch 5: 72/159 Loss: 0.295305
2022-12-26 05:43: Train Epoch 5: 73/159 Loss: 0.318954
2022-12-26 05:43: Train Epoch 5: 74/159 Loss: 0.233713
2022-12-26 05:44: Train Epoch 5: 75/159 Loss: 0.304819
2022-12-26 05:44: Train Epoch 5: 76/159 Loss: 0.372418
2022-12-26 05:45: Train Epoch 5: 77/159 Loss: 0.334597
2022-12-26 05:45: Train Epoch 5: 78/159 Loss: 0.317638
2022-12-26 05:46: Train Epoch 5: 79/159 Loss: 0.246946
2022-12-26 05:46: Train Epoch 5: 80/159 Loss: 0.309991
2022-12-26 05:47: Train Epoch 5: 81/159 Loss: 0.308184
2022-12-26 05:47: Train Epoch 5: 82/159 Loss: 0.338238
2022-12-26 05:48: Train Epoch 5: 83/159 Loss: 0.311713
2022-12-26 05:48: Train Epoch 5: 84/159 Loss: 0.369185
2022-12-26 05:49: Train Epoch 5: 85/159 Loss: 0.272328
2022-12-26 05:49: Train Epoch 5: 86/159 Loss: 0.341880
2022-12-26 05:50: Train Epoch 5: 87/159 Loss: 0.377225
2022-12-26 05:50: Train Epoch 5: 88/159 Loss: 0.290633
2022-12-26 05:51: Train Epoch 5: 89/159 Loss: 0.305132
2022-12-26 05:51: Train Epoch 5: 90/159 Loss: 0.294119
2022-12-26 05:52: Train Epoch 5: 91/159 Loss: 0.297970
2022-12-26 05:52: Train Epoch 5: 92/159 Loss: 0.347650
2022-12-26 05:53: Train Epoch 5: 93/159 Loss: 0.267821
2022-12-26 05:53: Train Epoch 5: 94/159 Loss: 0.317407
2022-12-26 05:54: Train Epoch 5: 95/159 Loss: 0.332740
2022-12-26 05:54: Train Epoch 5: 96/159 Loss: 0.349474
2022-12-26 05:55: Train Epoch 5: 97/159 Loss: 0.372878
2022-12-26 05:55: Train Epoch 5: 98/159 Loss: 0.291902
2022-12-26 05:56: Train Epoch 5: 99/159 Loss: 0.399252
2022-12-26 05:56: Train Epoch 5: 100/159 Loss: 0.306669
2022-12-26 05:57: Train Epoch 5: 101/159 Loss: 0.386877
2022-12-26 05:57: Train Epoch 5: 102/159 Loss: 0.333269
2022-12-26 05:58: Train Epoch 5: 103/159 Loss: 0.281071
2022-12-26 05:58: Train Epoch 5: 104/159 Loss: 0.350224
2022-12-26 05:59: Train Epoch 5: 105/159 Loss: 0.362576
2022-12-26 06:00: Train Epoch 5: 106/159 Loss: 0.355525
2022-12-26 06:00: Train Epoch 5: 107/159 Loss: 0.322345
2022-12-26 06:01: Train Epoch 5: 108/159 Loss: 0.330102
2022-12-26 06:01: Train Epoch 5: 109/159 Loss: 0.255476
2022-12-26 06:02: Train Epoch 5: 110/159 Loss: 0.322034
2022-12-26 06:02: Train Epoch 5: 111/159 Loss: 0.281646
2022-12-26 06:03: Train Epoch 5: 112/159 Loss: 0.360983
2022-12-26 06:03: Train Epoch 5: 113/159 Loss: 0.298307
2022-12-26 06:04: Train Epoch 5: 114/159 Loss: 0.304381
2022-12-26 06:04: Train Epoch 5: 115/159 Loss: 0.323906
2022-12-26 06:05: Train Epoch 5: 116/159 Loss: 0.305606
2022-12-26 06:05: Train Epoch 5: 117/159 Loss: 0.321512
2022-12-26 06:06: Train Epoch 5: 118/159 Loss: 0.272538
2022-12-26 06:06: Train Epoch 5: 119/159 Loss: 0.323224
2022-12-26 06:07: Train Epoch 5: 120/159 Loss: 0.433363
2022-12-26 06:07: Train Epoch 5: 121/159 Loss: 0.243495
2022-12-26 06:08: Train Epoch 5: 122/159 Loss: 0.334600
2022-12-26 06:08: Train Epoch 5: 123/159 Loss: 0.235027
2022-12-26 06:09: Train Epoch 5: 124/159 Loss: 0.341660
2022-12-26 06:09: Train Epoch 5: 125/159 Loss: 0.346986
2022-12-26 06:10: Train Epoch 5: 126/159 Loss: 0.340098
2022-12-26 06:10: Train Epoch 5: 127/159 Loss: 0.333882
2022-12-26 06:11: Train Epoch 5: 128/159 Loss: 0.340515
2022-12-26 06:11: Train Epoch 5: 129/159 Loss: 0.290765
2022-12-26 06:12: Train Epoch 5: 130/159 Loss: 0.423401
2022-12-26 06:12: Train Epoch 5: 131/159 Loss: 0.303782
2022-12-26 06:13: Train Epoch 5: 132/159 Loss: 0.294704
2022-12-26 06:13: Train Epoch 5: 133/159 Loss: 0.315773
2022-12-26 06:14: Train Epoch 5: 134/159 Loss: 0.265635
2022-12-26 06:14: Train Epoch 5: 135/159 Loss: 0.231172
2022-12-26 06:15: Train Epoch 5: 136/159 Loss: 0.311335
2022-12-26 06:15: Train Epoch 5: 137/159 Loss: 0.388450
2022-12-26 06:16: Train Epoch 5: 138/159 Loss: 0.342988
2022-12-26 06:16: Train Epoch 5: 139/159 Loss: 0.284854
2022-12-26 06:17: Train Epoch 5: 140/159 Loss: 0.300283
2022-12-26 06:17: Train Epoch 5: 141/159 Loss: 0.336020
2022-12-26 06:18: Train Epoch 5: 142/159 Loss: 0.323024
2022-12-26 06:18: Train Epoch 5: 143/159 Loss: 0.286214
2022-12-26 06:19: Train Epoch 5: 144/159 Loss: 0.315661
2022-12-26 06:19: Train Epoch 5: 145/159 Loss: 0.329758
2022-12-26 06:20: Train Epoch 5: 146/159 Loss: 0.301384
2022-12-26 06:20: Train Epoch 5: 147/159 Loss: 0.290407
2022-12-26 06:21: Train Epoch 5: 148/159 Loss: 0.328927
2022-12-26 06:21: Train Epoch 5: 149/159 Loss: 0.294519
2022-12-26 06:22: Train Epoch 5: 150/159 Loss: 0.329733
2022-12-26 06:22: Train Epoch 5: 151/159 Loss: 0.296560
2022-12-26 06:23: Train Epoch 5: 152/159 Loss: 0.256591
2022-12-26 06:23: Train Epoch 5: 153/159 Loss: 0.234871
2022-12-26 06:24: Train Epoch 5: 154/159 Loss: 0.334616
2022-12-26 06:24: Train Epoch 5: 155/159 Loss: 0.364199
2022-12-26 06:25: Train Epoch 5: 156/159 Loss: 0.278123
2022-12-26 06:25: Train Epoch 5: 157/159 Loss: 0.320566
2022-12-26 06:25: Train Epoch 5: 158/159 Loss: 0.373114
2022-12-26 06:25: **********Train Epoch 5: averaged Loss: 0.314880 
2022-12-26 06:25: 
Epoch time elapsed: 4806.385354280472

2022-12-26 06:28: 
 metrics validation: {'precision': 0.7424657534246575, 'recall': 0.6253846153846154, 'f1-score': 0.6789144050104384, 'support': 1300, 'AUC': 0.8304926035502959, 'AUCPR': 0.7471804242622964, 'TP': 813, 'FP': 282, 'TN': 2318, 'FN': 487} 

2022-12-26 06:28: **********Val Epoch 5: average Loss: 0.536251
2022-12-26 06:28: *********************************Current best model saved!
2022-12-26 06:37: 
 Testing metrics {'precision': 0.8785046728971962, 'recall': 0.9171772180621738, 'f1-score': 0.8974245115452931, 'support': 4407, 'AUC': 0.9734854517245163, 'AUCPR': 0.954726909357423, 'TP': 4042, 'FP': 559, 'TN': 8255, 'FN': 365} 

2022-12-26 06:37: Train Epoch 6: 0/159 Loss: 0.309643
2022-12-26 06:38: Train Epoch 6: 1/159 Loss: 0.301457
2022-12-26 06:38: Train Epoch 6: 2/159 Loss: 0.316509
2022-12-26 06:39: Train Epoch 6: 3/159 Loss: 0.275191
2022-12-26 06:39: Train Epoch 6: 4/159 Loss: 0.223503
2022-12-26 06:40: Train Epoch 6: 5/159 Loss: 0.273947
2022-12-26 06:40: Train Epoch 6: 6/159 Loss: 0.294641
2022-12-26 06:41: Train Epoch 6: 7/159 Loss: 0.307674
2022-12-26 06:41: Train Epoch 6: 8/159 Loss: 0.278349
2022-12-26 06:42: Train Epoch 6: 9/159 Loss: 0.285093
2022-12-26 06:42: Train Epoch 6: 10/159 Loss: 0.329378
2022-12-26 06:43: Train Epoch 6: 11/159 Loss: 0.317472
2022-12-26 06:44: Train Epoch 6: 12/159 Loss: 0.317455
2022-12-26 06:44: Train Epoch 6: 13/159 Loss: 0.340340
2022-12-26 06:45: Train Epoch 6: 14/159 Loss: 0.339426
2022-12-26 06:45: Train Epoch 6: 15/159 Loss: 0.337768
2022-12-26 06:46: Train Epoch 6: 16/159 Loss: 0.323268
2022-12-26 06:46: Train Epoch 6: 17/159 Loss: 0.394817
2022-12-26 06:47: Train Epoch 6: 18/159 Loss: 0.326758
2022-12-26 06:47: Train Epoch 6: 19/159 Loss: 0.384359
2022-12-26 06:48: Train Epoch 6: 20/159 Loss: 0.386020
2022-12-26 06:48: Train Epoch 6: 21/159 Loss: 0.302634
2022-12-26 06:49: Train Epoch 6: 22/159 Loss: 0.301329
2022-12-26 06:49: Train Epoch 6: 23/159 Loss: 0.295189
2022-12-26 06:50: Train Epoch 6: 24/159 Loss: 0.326577
2022-12-26 06:50: Train Epoch 6: 25/159 Loss: 0.270266
2022-12-26 06:51: Train Epoch 6: 26/159 Loss: 0.301643
2022-12-26 06:51: Train Epoch 6: 27/159 Loss: 0.254347
2022-12-26 06:52: Train Epoch 6: 28/159 Loss: 0.296689
2022-12-26 06:52: Train Epoch 6: 29/159 Loss: 0.373413
2022-12-26 06:53: Train Epoch 6: 30/159 Loss: 0.239315
2022-12-26 06:53: Train Epoch 6: 31/159 Loss: 0.292063
2022-12-26 06:54: Train Epoch 6: 32/159 Loss: 0.318916
2022-12-26 06:54: Train Epoch 6: 33/159 Loss: 0.318899
2022-12-26 06:55: Train Epoch 6: 34/159 Loss: 0.261333
2022-12-26 06:55: Train Epoch 6: 35/159 Loss: 0.276188
2022-12-26 06:56: Train Epoch 6: 36/159 Loss: 0.252631
2022-12-26 06:56: Train Epoch 6: 37/159 Loss: 0.357656
2022-12-26 06:57: Train Epoch 6: 38/159 Loss: 0.254078
2022-12-26 06:57: Train Epoch 6: 39/159 Loss: 0.326665
2022-12-26 06:58: Train Epoch 6: 40/159 Loss: 0.248769
2022-12-26 06:58: Train Epoch 6: 41/159 Loss: 0.323826
2022-12-26 06:58: Train Epoch 6: 42/159 Loss: 0.343264
2022-12-26 06:59: Train Epoch 6: 43/159 Loss: 0.241688
2022-12-26 07:00: Train Epoch 6: 44/159 Loss: 0.325450
2022-12-26 07:00: Train Epoch 6: 45/159 Loss: 0.327309
2022-12-26 07:00: Train Epoch 6: 46/159 Loss: 0.303681
2022-12-26 07:01: Train Epoch 6: 47/159 Loss: 0.320401
2022-12-26 07:02: Train Epoch 6: 48/159 Loss: 0.326834
2022-12-26 07:02: Train Epoch 6: 49/159 Loss: 0.405476
2022-12-26 07:03: Train Epoch 6: 50/159 Loss: 0.354081
2022-12-26 07:03: Train Epoch 6: 51/159 Loss: 0.387083
2022-12-26 07:04: Train Epoch 6: 52/159 Loss: 0.325021
2022-12-26 07:04: Train Epoch 6: 53/159 Loss: 0.436673
2022-12-26 07:05: Train Epoch 6: 54/159 Loss: 0.342357
2022-12-26 07:05: Train Epoch 6: 55/159 Loss: 0.307528
2022-12-26 07:06: Train Epoch 6: 56/159 Loss: 0.265054
2022-12-26 07:06: Train Epoch 6: 57/159 Loss: 0.351434
2022-12-26 07:07: Train Epoch 6: 58/159 Loss: 0.288678
2022-12-26 07:07: Train Epoch 6: 59/159 Loss: 0.287977
2022-12-26 07:08: Train Epoch 6: 60/159 Loss: 0.322897
2022-12-26 07:08: Train Epoch 6: 61/159 Loss: 0.301461
2022-12-26 07:09: Train Epoch 6: 62/159 Loss: 0.316082
2022-12-26 07:09: Train Epoch 6: 63/159 Loss: 0.255889
2022-12-26 07:10: Train Epoch 6: 64/159 Loss: 0.321454
2022-12-26 07:10: Train Epoch 6: 65/159 Loss: 0.292197
2022-12-26 07:11: Train Epoch 6: 66/159 Loss: 0.300624
2022-12-26 07:11: Train Epoch 6: 67/159 Loss: 0.287074
2022-12-26 07:12: Train Epoch 6: 68/159 Loss: 0.271429
2022-12-26 07:12: Train Epoch 6: 69/159 Loss: 0.260411
2022-12-26 07:13: Train Epoch 6: 70/159 Loss: 0.239792
2022-12-26 07:13: Train Epoch 6: 71/159 Loss: 0.262541
2022-12-26 07:14: Train Epoch 6: 72/159 Loss: 0.244556
2022-12-26 07:14: Train Epoch 6: 73/159 Loss: 0.341135
2022-12-26 07:15: Train Epoch 6: 74/159 Loss: 0.301144
2022-12-26 07:15: Train Epoch 6: 75/159 Loss: 0.336186
2022-12-26 07:16: Train Epoch 6: 76/159 Loss: 0.350657
2022-12-26 07:16: Train Epoch 6: 77/159 Loss: 0.293734
2022-12-26 07:17: Train Epoch 6: 78/159 Loss: 0.255975
2022-12-26 07:17: Train Epoch 6: 79/159 Loss: 0.251985
2022-12-26 07:18: Train Epoch 6: 80/159 Loss: 0.282188
2022-12-26 07:18: Train Epoch 6: 81/159 Loss: 0.353042
2022-12-26 07:19: Train Epoch 6: 82/159 Loss: 0.328124
2022-12-26 07:19: Train Epoch 6: 83/159 Loss: 0.370817
2022-12-26 07:20: Train Epoch 6: 84/159 Loss: 0.300485
2022-12-26 07:20: Train Epoch 6: 85/159 Loss: 0.307886
2022-12-26 07:21: Train Epoch 6: 86/159 Loss: 0.309559
2022-12-26 07:21: Train Epoch 6: 87/159 Loss: 0.328882
2022-12-26 07:22: Train Epoch 6: 88/159 Loss: 0.296269
2022-12-26 07:22: Train Epoch 6: 89/159 Loss: 0.304619
2022-12-26 07:23: Train Epoch 6: 90/159 Loss: 0.305091
2022-12-26 07:23: Train Epoch 6: 91/159 Loss: 0.304480
2022-12-26 07:24: Train Epoch 6: 92/159 Loss: 0.285057
2022-12-26 07:24: Train Epoch 6: 93/159 Loss: 0.283295
2022-12-26 07:25: Train Epoch 6: 94/159 Loss: 0.250299
2022-12-26 07:25: Train Epoch 6: 95/159 Loss: 0.259493
2022-12-26 07:26: Train Epoch 6: 96/159 Loss: 0.287611
2022-12-26 07:26: Train Epoch 6: 97/159 Loss: 0.282172
2022-12-26 07:27: Train Epoch 6: 98/159 Loss: 0.298153
2022-12-26 07:27: Train Epoch 6: 99/159 Loss: 0.325055
2022-12-26 07:28: Train Epoch 6: 100/159 Loss: 0.230952
2022-12-26 07:28: Train Epoch 6: 101/159 Loss: 0.282157
2022-12-26 07:29: Train Epoch 6: 102/159 Loss: 0.229616
2022-12-26 07:29: Train Epoch 6: 103/159 Loss: 0.328065
2022-12-26 07:30: Train Epoch 6: 104/159 Loss: 0.289578
2022-12-26 07:30: Train Epoch 6: 105/159 Loss: 0.300841
2022-12-26 07:31: Train Epoch 6: 106/159 Loss: 0.323992
2022-12-26 07:31: Train Epoch 6: 107/159 Loss: 0.297889
2022-12-26 07:32: Train Epoch 6: 108/159 Loss: 0.344966
2022-12-26 07:32: Train Epoch 6: 109/159 Loss: 0.276213
2022-12-26 07:33: Train Epoch 6: 110/159 Loss: 0.282821
2022-12-26 07:33: Train Epoch 6: 111/159 Loss: 0.263680
2022-12-26 07:34: Train Epoch 6: 112/159 Loss: 0.301827
2022-12-26 07:34: Train Epoch 6: 113/159 Loss: 0.309623
2022-12-26 07:35: Train Epoch 6: 114/159 Loss: 0.265970
2022-12-26 07:35: Train Epoch 6: 115/159 Loss: 0.253792
2022-12-26 07:36: Train Epoch 6: 116/159 Loss: 0.288504
2022-12-26 07:36: Train Epoch 6: 117/159 Loss: 0.239613
2022-12-26 07:37: Train Epoch 6: 118/159 Loss: 0.297295
2022-12-26 07:37: Train Epoch 6: 119/159 Loss: 0.328722
2022-12-26 07:38: Train Epoch 6: 120/159 Loss: 0.284058
2022-12-26 07:38: Train Epoch 6: 121/159 Loss: 0.281951
2022-12-26 07:39: Train Epoch 6: 122/159 Loss: 0.327797
2022-12-26 07:39: Train Epoch 6: 123/159 Loss: 0.315249
2022-12-26 07:40: Train Epoch 6: 124/159 Loss: 0.240883
2022-12-26 07:40: Train Epoch 6: 125/159 Loss: 0.284502
2022-12-26 07:41: Train Epoch 6: 126/159 Loss: 0.294318
2022-12-26 07:41: Train Epoch 6: 127/159 Loss: 0.245905
2022-12-26 07:42: Train Epoch 6: 128/159 Loss: 0.415923
2022-12-26 07:42: Train Epoch 6: 129/159 Loss: 0.297511
2022-12-26 07:43: Train Epoch 6: 130/159 Loss: 0.265400
2022-12-26 07:43: Train Epoch 6: 131/159 Loss: 0.267615
2022-12-26 07:43: Train Epoch 6: 132/159 Loss: 0.335152
2022-12-26 07:44: Train Epoch 6: 133/159 Loss: 0.236062
2022-12-26 07:44: Train Epoch 6: 134/159 Loss: 0.266743
2022-12-26 07:45: Train Epoch 6: 135/159 Loss: 0.275296
2022-12-26 07:45: Train Epoch 6: 136/159 Loss: 0.316511
2022-12-26 07:46: Train Epoch 6: 137/159 Loss: 0.270985
2022-12-26 07:46: Train Epoch 6: 138/159 Loss: 0.222941
2022-12-26 07:47: Train Epoch 6: 139/159 Loss: 0.317764
2022-12-26 07:47: Train Epoch 6: 140/159 Loss: 0.192385
2022-12-26 07:48: Train Epoch 6: 141/159 Loss: 0.293141
2022-12-26 07:48: Train Epoch 6: 142/159 Loss: 0.304668
2022-12-26 07:49: Train Epoch 6: 143/159 Loss: 0.256282
2022-12-26 07:49: Train Epoch 6: 144/159 Loss: 0.296773
2022-12-26 07:50: Train Epoch 6: 145/159 Loss: 0.244600
2022-12-26 07:50: Train Epoch 6: 146/159 Loss: 0.269735
2022-12-26 07:51: Train Epoch 6: 147/159 Loss: 0.255436
2022-12-26 07:51: Train Epoch 6: 148/159 Loss: 0.325327
2022-12-26 07:52: Train Epoch 6: 149/159 Loss: 0.310301
2022-12-26 07:52: Train Epoch 6: 150/159 Loss: 0.274000
2022-12-26 07:53: Train Epoch 6: 151/159 Loss: 0.310041
2022-12-26 07:53: Train Epoch 6: 152/159 Loss: 0.275824
2022-12-26 07:54: Train Epoch 6: 153/159 Loss: 0.282184
2022-12-26 07:54: Train Epoch 6: 154/159 Loss: 0.329906
2022-12-26 07:55: Train Epoch 6: 155/159 Loss: 0.283596
2022-12-26 07:55: Train Epoch 6: 156/159 Loss: 0.226777
2022-12-26 07:56: Train Epoch 6: 157/159 Loss: 0.347377
2022-12-26 07:56: Train Epoch 6: 158/159 Loss: 0.324162
2022-12-26 07:56: **********Train Epoch 6: averaged Loss: 0.299160 
2022-12-26 07:56: 
Epoch time elapsed: 4741.763918876648

2022-12-26 07:58: 
 metrics validation: {'precision': 0.7350287120590648, 'recall': 0.6892307692307692, 'f1-score': 0.7113934100833664, 'support': 1300, 'AUC': 0.842010650887574, 'AUCPR': 0.7618809040960269, 'TP': 896, 'FP': 323, 'TN': 2277, 'FN': 404} 

2022-12-26 07:58: **********Val Epoch 6: average Loss: 0.521098
2022-12-26 07:58: *********************************Current best model saved!
2022-12-26 08:07: 
 Testing metrics {'precision': 0.8641188959660298, 'recall': 0.9235307465395961, 'f1-score': 0.8928375562136668, 'support': 4407, 'AUC': 0.9748150247180352, 'AUCPR': 0.9577188183806055, 'TP': 4070, 'FP': 640, 'TN': 8174, 'FN': 337} 

2022-12-26 08:08: Train Epoch 7: 0/159 Loss: 0.320376
2022-12-26 08:08: Train Epoch 7: 1/159 Loss: 0.328933
2022-12-26 08:09: Train Epoch 7: 2/159 Loss: 0.322988
2022-12-26 08:09: Train Epoch 7: 3/159 Loss: 0.329886
2022-12-26 08:10: Train Epoch 7: 4/159 Loss: 0.233970
2022-12-26 08:10: Train Epoch 7: 5/159 Loss: 0.344975
2022-12-26 08:11: Train Epoch 7: 6/159 Loss: 0.287636
2022-12-26 08:11: Train Epoch 7: 7/159 Loss: 0.260882
2022-12-26 08:12: Train Epoch 7: 8/159 Loss: 0.286234
2022-12-26 08:12: Train Epoch 7: 9/159 Loss: 0.316233
2022-12-26 08:13: Train Epoch 7: 10/159 Loss: 0.217192
2022-12-26 08:13: Train Epoch 7: 11/159 Loss: 0.246982
2022-12-26 08:14: Train Epoch 7: 12/159 Loss: 0.369547
2022-12-26 08:14: Train Epoch 7: 13/159 Loss: 0.258155
2022-12-26 08:15: Train Epoch 7: 14/159 Loss: 0.292022
2022-12-26 08:15: Train Epoch 7: 15/159 Loss: 0.304274
2022-12-26 08:15: Train Epoch 7: 16/159 Loss: 0.205558
2022-12-26 08:16: Train Epoch 7: 17/159 Loss: 0.284036
2022-12-26 08:16: Train Epoch 7: 18/159 Loss: 0.279054
2022-12-26 08:17: Train Epoch 7: 19/159 Loss: 0.321348
2022-12-26 08:17: Train Epoch 7: 20/159 Loss: 0.267892
2022-12-26 08:18: Train Epoch 7: 21/159 Loss: 0.279870
2022-12-26 08:18: Train Epoch 7: 22/159 Loss: 0.309450
2022-12-26 08:19: Train Epoch 7: 23/159 Loss: 0.314644
2022-12-26 08:19: Train Epoch 7: 24/159 Loss: 0.268147
2022-12-26 08:20: Train Epoch 7: 25/159 Loss: 0.294079
2022-12-26 08:20: Train Epoch 7: 26/159 Loss: 0.281218
2022-12-26 08:21: Train Epoch 7: 27/159 Loss: 0.337034
2022-12-26 08:21: Train Epoch 7: 28/159 Loss: 0.242008
2022-12-26 08:22: Train Epoch 7: 29/159 Loss: 0.301480
2022-12-26 08:22: Train Epoch 7: 30/159 Loss: 0.251649
2022-12-26 08:23: Train Epoch 7: 31/159 Loss: 0.337250
2022-12-26 08:23: Train Epoch 7: 32/159 Loss: 0.309444
2022-12-26 08:24: Train Epoch 7: 33/159 Loss: 0.339737
2022-12-26 08:24: Train Epoch 7: 34/159 Loss: 0.305575
2022-12-26 08:25: Train Epoch 7: 35/159 Loss: 0.280385
2022-12-26 08:25: Train Epoch 7: 36/159 Loss: 0.263739
2022-12-26 08:26: Train Epoch 7: 37/159 Loss: 0.316626
2022-12-26 08:26: Train Epoch 7: 38/159 Loss: 0.343730
2022-12-26 08:26: Train Epoch 7: 39/159 Loss: 0.320835
2022-12-26 08:27: Train Epoch 7: 40/159 Loss: 0.337688
2022-12-26 08:27: Train Epoch 7: 41/159 Loss: 0.344720
2022-12-26 08:28: Train Epoch 7: 42/159 Loss: 0.297197
2022-12-26 08:28: Train Epoch 7: 43/159 Loss: 0.267952
2022-12-26 08:29: Train Epoch 7: 44/159 Loss: 0.292564
2022-12-26 08:29: Train Epoch 7: 45/159 Loss: 0.345315
2022-12-26 08:30: Train Epoch 7: 46/159 Loss: 0.354146
2022-12-26 08:30: Train Epoch 7: 47/159 Loss: 0.281006
2022-12-26 08:31: Train Epoch 7: 48/159 Loss: 0.254497
2022-12-26 08:31: Train Epoch 7: 49/159 Loss: 0.371376
2022-12-26 08:32: Train Epoch 7: 50/159 Loss: 0.269642
2022-12-26 08:32: Train Epoch 7: 51/159 Loss: 0.392482
2022-12-26 08:33: Train Epoch 7: 52/159 Loss: 0.278135
2022-12-26 08:33: Train Epoch 7: 53/159 Loss: 0.327365
2022-12-26 08:34: Train Epoch 7: 54/159 Loss: 0.350770
2022-12-26 08:34: Train Epoch 7: 55/159 Loss: 0.268368
2022-12-26 08:35: Train Epoch 7: 56/159 Loss: 0.314729
2022-12-26 08:35: Train Epoch 7: 57/159 Loss: 0.296488
2022-12-26 08:36: Train Epoch 7: 58/159 Loss: 0.276428
2022-12-26 08:36: Train Epoch 7: 59/159 Loss: 0.295660
2022-12-26 08:37: Train Epoch 7: 60/159 Loss: 0.231979
2022-12-26 08:37: Train Epoch 7: 61/159 Loss: 0.321883
2022-12-26 08:37: Train Epoch 7: 62/159 Loss: 0.379768
2022-12-26 08:38: Train Epoch 7: 63/159 Loss: 0.230544
2022-12-26 08:38: Train Epoch 7: 64/159 Loss: 0.245492
2022-12-26 08:39: Train Epoch 7: 65/159 Loss: 0.243097
2022-12-26 08:39: Train Epoch 7: 66/159 Loss: 0.311849
2022-12-26 08:40: Train Epoch 7: 67/159 Loss: 0.241239
2022-12-26 08:40: Train Epoch 7: 68/159 Loss: 0.251511
2022-12-26 08:41: Train Epoch 7: 69/159 Loss: 0.329429
2022-12-26 08:41: Train Epoch 7: 70/159 Loss: 0.336240
2022-12-26 08:42: Train Epoch 7: 71/159 Loss: 0.291295
2022-12-26 08:42: Train Epoch 7: 72/159 Loss: 0.294502
2022-12-26 08:43: Train Epoch 7: 73/159 Loss: 0.312399
2022-12-26 08:43: Train Epoch 7: 74/159 Loss: 0.269615
2022-12-26 08:44: Train Epoch 7: 75/159 Loss: 0.313936
2022-12-26 08:44: Train Epoch 7: 76/159 Loss: 0.321506
2022-12-26 08:44: Train Epoch 7: 77/159 Loss: 0.265356
2022-12-26 08:45: Train Epoch 7: 78/159 Loss: 0.276342
2022-12-26 08:45: Train Epoch 7: 79/159 Loss: 0.282984
2022-12-26 08:46: Train Epoch 7: 80/159 Loss: 0.318678
2022-12-26 08:46: Train Epoch 7: 81/159 Loss: 0.271355
2022-12-26 08:47: Train Epoch 7: 82/159 Loss: 0.348404
2022-12-26 08:47: Train Epoch 7: 83/159 Loss: 0.306891
2022-12-26 08:48: Train Epoch 7: 84/159 Loss: 0.282975
2022-12-26 08:48: Train Epoch 7: 85/159 Loss: 0.332232
2022-12-26 08:49: Train Epoch 7: 86/159 Loss: 0.322682
2022-12-26 08:49: Train Epoch 7: 87/159 Loss: 0.262248
2022-12-26 08:50: Train Epoch 7: 88/159 Loss: 0.259907
2022-12-26 08:50: Train Epoch 7: 89/159 Loss: 0.269579
2022-12-26 08:51: Train Epoch 7: 90/159 Loss: 0.326638
2022-12-26 08:51: Train Epoch 7: 91/159 Loss: 0.321347
2022-12-26 08:52: Train Epoch 7: 92/159 Loss: 0.245271
2022-12-26 08:52: Train Epoch 7: 93/159 Loss: 0.325203
2022-12-26 08:52: Train Epoch 7: 94/159 Loss: 0.294521
2022-12-26 08:53: Train Epoch 7: 95/159 Loss: 0.317031
2022-12-26 08:53: Train Epoch 7: 96/159 Loss: 0.329405
2022-12-26 08:54: Train Epoch 7: 97/159 Loss: 0.299250
2022-12-26 08:54: Train Epoch 7: 98/159 Loss: 0.262255
2022-12-26 08:55: Train Epoch 7: 99/159 Loss: 0.257398
2022-12-26 08:55: Train Epoch 7: 100/159 Loss: 0.286513
2022-12-26 08:56: Train Epoch 7: 101/159 Loss: 0.309724
2022-12-26 08:56: Train Epoch 7: 102/159 Loss: 0.270847
2022-12-26 08:57: Train Epoch 7: 103/159 Loss: 0.302341
2022-12-26 08:57: Train Epoch 7: 104/159 Loss: 0.276294
2022-12-26 08:58: Train Epoch 7: 105/159 Loss: 0.314461
2022-12-26 08:58: Train Epoch 7: 106/159 Loss: 0.286913
2022-12-26 08:59: Train Epoch 7: 107/159 Loss: 0.289351
2022-12-26 08:59: Train Epoch 7: 108/159 Loss: 0.254399
2022-12-26 08:59: Train Epoch 7: 109/159 Loss: 0.295411
2022-12-26 09:00: Train Epoch 7: 110/159 Loss: 0.305526
2022-12-26 09:00: Train Epoch 7: 111/159 Loss: 0.298170
2022-12-26 09:01: Train Epoch 7: 112/159 Loss: 0.274990
2022-12-26 09:01: Train Epoch 7: 113/159 Loss: 0.232511
2022-12-26 09:02: Train Epoch 7: 114/159 Loss: 0.244133
2022-12-26 09:02: Train Epoch 7: 115/159 Loss: 0.262321
2022-12-26 09:03: Train Epoch 7: 116/159 Loss: 0.279640
2022-12-26 09:03: Train Epoch 7: 117/159 Loss: 0.360223
2022-12-26 09:04: Train Epoch 7: 118/159 Loss: 0.341342
2022-12-26 09:04: Train Epoch 7: 119/159 Loss: 0.307596
2022-12-26 09:05: Train Epoch 7: 120/159 Loss: 0.312599
2022-12-26 09:05: Train Epoch 7: 121/159 Loss: 0.272070
2022-12-26 09:06: Train Epoch 7: 122/159 Loss: 0.302403
2022-12-26 09:06: Train Epoch 7: 123/159 Loss: 0.203337
2022-12-26 09:06: Train Epoch 7: 124/159 Loss: 0.254507
2022-12-26 09:07: Train Epoch 7: 125/159 Loss: 0.289084
2022-12-26 09:07: Train Epoch 7: 126/159 Loss: 0.310763
2022-12-26 09:08: Train Epoch 7: 127/159 Loss: 0.252466
2022-12-26 09:08: Train Epoch 7: 128/159 Loss: 0.243743
2022-12-26 09:09: Train Epoch 7: 129/159 Loss: 0.299025
2022-12-26 09:09: Train Epoch 7: 130/159 Loss: 0.269603
2022-12-26 09:10: Train Epoch 7: 131/159 Loss: 0.321753
2022-12-26 09:10: Train Epoch 7: 132/159 Loss: 0.287896
2022-12-26 09:11: Train Epoch 7: 133/159 Loss: 0.304809
2022-12-26 09:11: Train Epoch 7: 134/159 Loss: 0.296987
2022-12-26 09:12: Train Epoch 7: 135/159 Loss: 0.275517
2022-12-26 09:12: Train Epoch 7: 136/159 Loss: 0.324093
2022-12-26 09:12: Train Epoch 7: 137/159 Loss: 0.294222
2022-12-26 09:13: Train Epoch 7: 138/159 Loss: 0.259601
2022-12-26 09:13: Train Epoch 7: 139/159 Loss: 0.273834
2022-12-26 09:14: Train Epoch 7: 140/159 Loss: 0.282147
2022-12-26 09:14: Train Epoch 7: 141/159 Loss: 0.268420
2022-12-26 09:15: Train Epoch 7: 142/159 Loss: 0.211878
2022-12-26 09:15: Train Epoch 7: 143/159 Loss: 0.210684
2022-12-26 09:16: Train Epoch 7: 144/159 Loss: 0.245426
2022-12-26 09:16: Train Epoch 7: 145/159 Loss: 0.326515
2022-12-26 09:17: Train Epoch 7: 146/159 Loss: 0.315554
2022-12-26 09:17: Train Epoch 7: 147/159 Loss: 0.277130
2022-12-26 09:17: Train Epoch 7: 148/159 Loss: 0.305521
2022-12-26 09:18: Train Epoch 7: 149/159 Loss: 0.314962
2022-12-26 09:18: Train Epoch 7: 150/159 Loss: 0.326801
2022-12-26 09:19: Train Epoch 7: 151/159 Loss: 0.232784
2022-12-26 09:19: Train Epoch 7: 152/159 Loss: 0.261676
2022-12-26 09:20: Train Epoch 7: 153/159 Loss: 0.271729
2022-12-26 09:20: Train Epoch 7: 154/159 Loss: 0.281119
2022-12-26 09:21: Train Epoch 7: 155/159 Loss: 0.276492
2022-12-26 09:21: Train Epoch 7: 156/159 Loss: 0.323264
2022-12-26 09:22: Train Epoch 7: 157/159 Loss: 0.280110
2022-12-26 09:22: Train Epoch 7: 158/159 Loss: 0.243905
2022-12-26 09:22: **********Train Epoch 7: averaged Loss: 0.291780 
2022-12-26 09:22: 
Epoch time elapsed: 4482.301585197449

2022-12-26 09:24: 
 metrics validation: {'precision': 0.7890547263681592, 'recall': 0.61, 'f1-score': 0.6880694143167029, 'support': 1300, 'AUC': 0.8749020710059172, 'AUCPR': 0.7887472541900239, 'TP': 793, 'FP': 212, 'TN': 2388, 'FN': 507} 

2022-12-26 09:24: **********Val Epoch 7: average Loss: 0.464522
2022-12-26 09:24: *********************************Current best model saved!
2022-12-26 09:32: 
 Testing metrics {'precision': 0.901771697690065, 'recall': 0.9124120717041071, 'f1-score': 0.9070606812542297, 'support': 4407, 'AUC': 0.97777695138039, 'AUCPR': 0.9607568403512896, 'TP': 4021, 'FP': 438, 'TN': 8376, 'FN': 386} 

2022-12-26 09:33: Train Epoch 8: 0/159 Loss: 0.311639
2022-12-26 09:33: Train Epoch 8: 1/159 Loss: 0.317062
2022-12-26 09:34: Train Epoch 8: 2/159 Loss: 0.297182
2022-12-26 09:34: Train Epoch 8: 3/159 Loss: 0.234305
2022-12-26 09:35: Train Epoch 8: 4/159 Loss: 0.231261
2022-12-26 09:35: Train Epoch 8: 5/159 Loss: 0.249997
2022-12-26 09:35: Train Epoch 8: 6/159 Loss: 0.322557
2022-12-26 09:36: Train Epoch 8: 7/159 Loss: 0.359259
2022-12-26 09:36: Train Epoch 8: 8/159 Loss: 0.285001
2022-12-26 09:37: Train Epoch 8: 9/159 Loss: 0.326196
2022-12-26 09:37: Train Epoch 8: 10/159 Loss: 0.333237
2022-12-26 09:38: Train Epoch 8: 11/159 Loss: 0.270162
2022-12-26 09:38: Train Epoch 8: 12/159 Loss: 0.310656
2022-12-26 09:39: Train Epoch 8: 13/159 Loss: 0.307382
2022-12-26 09:39: Train Epoch 8: 14/159 Loss: 0.261146
2022-12-26 09:40: Train Epoch 8: 15/159 Loss: 0.310515
2022-12-26 09:40: Train Epoch 8: 16/159 Loss: 0.307256
2022-12-26 09:41: Train Epoch 8: 17/159 Loss: 0.298416
2022-12-26 09:41: Train Epoch 8: 18/159 Loss: 0.266143
2022-12-26 09:41: Train Epoch 8: 19/159 Loss: 0.271732
2022-12-26 09:42: Train Epoch 8: 20/159 Loss: 0.266376
2022-12-26 09:42: Train Epoch 8: 21/159 Loss: 0.338211
2022-12-26 09:43: Train Epoch 8: 22/159 Loss: 0.274983
2022-12-26 09:43: Train Epoch 8: 23/159 Loss: 0.260070
2022-12-26 09:44: Train Epoch 8: 24/159 Loss: 0.245523
2022-12-26 09:44: Train Epoch 8: 25/159 Loss: 0.222699
2022-12-26 09:45: Train Epoch 8: 26/159 Loss: 0.268691
2022-12-26 09:45: Train Epoch 8: 27/159 Loss: 0.273748
2022-12-26 09:46: Train Epoch 8: 28/159 Loss: 0.347101
2022-12-26 09:46: Train Epoch 8: 29/159 Loss: 0.316152
2022-12-26 09:47: Train Epoch 8: 30/159 Loss: 0.317359
2022-12-26 09:47: Train Epoch 8: 31/159 Loss: 0.374916
2022-12-26 09:48: Train Epoch 8: 32/159 Loss: 0.234520
2022-12-26 09:48: Train Epoch 8: 33/159 Loss: 0.241579
2022-12-26 09:48: Train Epoch 8: 34/159 Loss: 0.280088
2022-12-26 09:49: Train Epoch 8: 35/159 Loss: 0.335606
2022-12-26 09:49: Train Epoch 8: 36/159 Loss: 0.283630
2022-12-26 09:50: Train Epoch 8: 37/159 Loss: 0.286432
2022-12-26 09:50: Train Epoch 8: 38/159 Loss: 0.309882
2022-12-26 09:51: Train Epoch 8: 39/159 Loss: 0.303548
2022-12-26 09:51: Train Epoch 8: 40/159 Loss: 0.299848
2022-12-26 09:52: Train Epoch 8: 41/159 Loss: 0.268398
2022-12-26 09:52: Train Epoch 8: 42/159 Loss: 0.289517
2022-12-26 09:53: Train Epoch 8: 43/159 Loss: 0.281715
2022-12-26 09:53: Train Epoch 8: 44/159 Loss: 0.268218
2022-12-26 09:54: Train Epoch 8: 45/159 Loss: 0.282503
2022-12-26 09:54: Train Epoch 8: 46/159 Loss: 0.276585
2022-12-26 09:55: Train Epoch 8: 47/159 Loss: 0.266427
2022-12-26 09:55: Train Epoch 8: 48/159 Loss: 0.283039
2022-12-26 09:55: Train Epoch 8: 49/159 Loss: 0.244985
2022-12-26 09:56: Train Epoch 8: 50/159 Loss: 0.214189
2022-12-26 09:56: Train Epoch 8: 51/159 Loss: 0.299065
2022-12-26 09:57: Train Epoch 8: 52/159 Loss: 0.176116
2022-12-26 09:57: Train Epoch 8: 53/159 Loss: 0.334119
2022-12-26 09:58: Train Epoch 8: 54/159 Loss: 0.318794
2022-12-26 09:58: Train Epoch 8: 55/159 Loss: 0.206878
2022-12-26 09:59: Train Epoch 8: 56/159 Loss: 0.232324
2022-12-26 09:59: Train Epoch 8: 57/159 Loss: 0.322880
2022-12-26 10:00: Train Epoch 8: 58/159 Loss: 0.274161
2022-12-26 10:00: Train Epoch 8: 59/159 Loss: 0.274200
2022-12-26 10:01: Train Epoch 8: 60/159 Loss: 0.232377
2022-12-26 10:01: Train Epoch 8: 61/159 Loss: 0.264268
2022-12-26 10:01: Train Epoch 8: 62/159 Loss: 0.320371
2022-12-26 10:02: Train Epoch 8: 63/159 Loss: 0.293973
2022-12-26 10:02: Train Epoch 8: 64/159 Loss: 0.240676
2022-12-26 10:03: Train Epoch 8: 65/159 Loss: 0.247212
2022-12-26 10:03: Train Epoch 8: 66/159 Loss: 0.277984
2022-12-26 10:04: Train Epoch 8: 67/159 Loss: 0.270171
2022-12-26 10:04: Train Epoch 8: 68/159 Loss: 0.275068
2022-12-26 10:05: Train Epoch 8: 69/159 Loss: 0.287268
2022-12-26 10:05: Train Epoch 8: 70/159 Loss: 0.263673
2022-12-26 10:06: Train Epoch 8: 71/159 Loss: 0.217819
2022-12-26 10:06: Train Epoch 8: 72/159 Loss: 0.258330
2022-12-26 10:07: Train Epoch 8: 73/159 Loss: 0.338152
2022-12-26 10:07: Train Epoch 8: 74/159 Loss: 0.290468
2022-12-26 10:08: Train Epoch 8: 75/159 Loss: 0.236624
2022-12-26 10:08: Train Epoch 8: 76/159 Loss: 0.262566
2022-12-26 10:09: Train Epoch 8: 77/159 Loss: 0.281063
2022-12-26 10:09: Train Epoch 8: 78/159 Loss: 0.228451
2022-12-26 10:09: Train Epoch 8: 79/159 Loss: 0.314301
2022-12-26 10:10: Train Epoch 8: 80/159 Loss: 0.298797
2022-12-26 10:10: Train Epoch 8: 81/159 Loss: 0.329102
2022-12-26 10:11: Train Epoch 8: 82/159 Loss: 0.238253
2022-12-26 10:11: Train Epoch 8: 83/159 Loss: 0.285124
2022-12-26 10:12: Train Epoch 8: 84/159 Loss: 0.206618
2022-12-26 10:12: Train Epoch 8: 85/159 Loss: 0.343070
2022-12-26 10:13: Train Epoch 8: 86/159 Loss: 0.274852
2022-12-26 10:13: Train Epoch 8: 87/159 Loss: 0.244106
2022-12-26 10:14: Train Epoch 8: 88/159 Loss: 0.288215
2022-12-26 10:14: Train Epoch 8: 89/159 Loss: 0.300131
2022-12-26 10:15: Train Epoch 8: 90/159 Loss: 0.189607
2022-12-26 10:15: Train Epoch 8: 91/159 Loss: 0.276242
2022-12-26 10:15: Train Epoch 8: 92/159 Loss: 0.276216
2022-12-26 10:16: Train Epoch 8: 93/159 Loss: 0.247091
2022-12-26 10:16: Train Epoch 8: 94/159 Loss: 0.252958
2022-12-26 10:17: Train Epoch 8: 95/159 Loss: 0.265230
2022-12-26 10:17: Train Epoch 8: 96/159 Loss: 0.300960
2022-12-26 10:18: Train Epoch 8: 97/159 Loss: 0.220200
2022-12-26 10:18: Train Epoch 8: 98/159 Loss: 0.244512
2022-12-26 10:19: Train Epoch 8: 99/159 Loss: 0.285551
2022-12-26 10:19: Train Epoch 8: 100/159 Loss: 0.272860
2022-12-26 10:20: Train Epoch 8: 101/159 Loss: 0.343824
2022-12-26 10:20: Train Epoch 8: 102/159 Loss: 0.305897
2022-12-26 10:21: Train Epoch 8: 103/159 Loss: 0.213308
2022-12-26 10:21: Train Epoch 8: 104/159 Loss: 0.277475
2022-12-26 10:22: Train Epoch 8: 105/159 Loss: 0.350599
2022-12-26 10:22: Train Epoch 8: 106/159 Loss: 0.241132
2022-12-26 10:23: Train Epoch 8: 107/159 Loss: 0.266662
2022-12-26 10:23: Train Epoch 8: 108/159 Loss: 0.237834
2022-12-26 10:24: Train Epoch 8: 109/159 Loss: 0.317170
2022-12-26 10:24: Train Epoch 8: 110/159 Loss: 0.234421
2022-12-26 10:24: Train Epoch 8: 111/159 Loss: 0.344140
2022-12-26 10:25: Train Epoch 8: 112/159 Loss: 0.296619
2022-12-26 10:25: Train Epoch 8: 113/159 Loss: 0.274308
2022-12-26 10:26: Train Epoch 8: 114/159 Loss: 0.270671
2022-12-26 10:26: Train Epoch 8: 115/159 Loss: 0.291005
2022-12-26 10:27: Train Epoch 8: 116/159 Loss: 0.328722
2022-12-26 10:27: Train Epoch 8: 117/159 Loss: 0.234723
2022-12-26 10:28: Train Epoch 8: 118/159 Loss: 0.290567
2022-12-26 10:28: Train Epoch 8: 119/159 Loss: 0.276958
2022-12-26 10:29: Train Epoch 8: 120/159 Loss: 0.292274
2022-12-26 10:29: Train Epoch 8: 121/159 Loss: 0.255881
2022-12-26 10:30: Train Epoch 8: 122/159 Loss: 0.332805
2022-12-26 10:30: Train Epoch 8: 123/159 Loss: 0.201060
2022-12-26 10:31: Train Epoch 8: 124/159 Loss: 0.255700
2022-12-26 10:31: Train Epoch 8: 125/159 Loss: 0.216835
2022-12-26 10:32: Train Epoch 8: 126/159 Loss: 0.224193
2022-12-26 10:32: Train Epoch 8: 127/159 Loss: 0.208487
2022-12-26 10:33: Train Epoch 8: 128/159 Loss: 0.187943
2022-12-26 10:33: Train Epoch 8: 129/159 Loss: 0.271945
2022-12-26 10:33: Train Epoch 8: 130/159 Loss: 0.281748
2022-12-26 10:34: Train Epoch 8: 131/159 Loss: 0.311720
2022-12-26 10:34: Train Epoch 8: 132/159 Loss: 0.247192
2022-12-26 10:35: Train Epoch 8: 133/159 Loss: 0.216263
2022-12-26 10:35: Train Epoch 8: 134/159 Loss: 0.295876
2022-12-26 10:36: Train Epoch 8: 135/159 Loss: 0.206803
2022-12-26 10:36: Train Epoch 8: 136/159 Loss: 0.258644
2022-12-26 10:37: Train Epoch 8: 137/159 Loss: 0.215076
2022-12-26 10:37: Train Epoch 8: 138/159 Loss: 0.295077
2022-12-26 10:38: Train Epoch 8: 139/159 Loss: 0.326000
2022-12-26 10:38: Train Epoch 8: 140/159 Loss: 0.264084
2022-12-26 10:39: Train Epoch 8: 141/159 Loss: 0.237952
2022-12-26 10:39: Train Epoch 8: 142/159 Loss: 0.240766
2022-12-26 10:39: Train Epoch 8: 143/159 Loss: 0.308104
2022-12-26 10:40: Train Epoch 8: 144/159 Loss: 0.237679
2022-12-26 10:40: Train Epoch 8: 145/159 Loss: 0.247957
2022-12-26 10:41: Train Epoch 8: 146/159 Loss: 0.295774
2022-12-26 10:41: Train Epoch 8: 147/159 Loss: 0.275641
2022-12-26 10:42: Train Epoch 8: 148/159 Loss: 0.235566
2022-12-26 10:42: Train Epoch 8: 149/159 Loss: 0.291789
2022-12-26 10:43: Train Epoch 8: 150/159 Loss: 0.324139
2022-12-26 10:43: Train Epoch 8: 151/159 Loss: 0.288134
2022-12-26 10:44: Train Epoch 8: 152/159 Loss: 0.310111
2022-12-26 10:44: Train Epoch 8: 153/159 Loss: 0.329912
2022-12-26 10:44: Train Epoch 8: 154/159 Loss: 0.264989
2022-12-26 10:45: Train Epoch 8: 155/159 Loss: 0.302967
2022-12-26 10:45: Train Epoch 8: 156/159 Loss: 0.275851
2022-12-26 10:46: Train Epoch 8: 157/159 Loss: 0.247603
2022-12-26 10:46: Train Epoch 8: 158/159 Loss: 0.292782
2022-12-26 10:46: **********Train Epoch 8: averaged Loss: 0.275950 
2022-12-26 10:46: 
Epoch time elapsed: 4439.979853391647

2022-12-26 10:49: 
 metrics validation: {'precision': 0.8306351183063512, 'recall': 0.5130769230769231, 'f1-score': 0.6343319067998099, 'support': 1300, 'AUC': 0.9119147928994082, 'AUCPR': 0.8249171996224204, 'TP': 667, 'FP': 136, 'TN': 2464, 'FN': 633} 

2022-12-26 10:49: **********Val Epoch 8: average Loss: 0.434639
2022-12-26 10:49: *********************************Current best model saved!
2022-12-26 10:57: 
 Testing metrics {'precision': 0.9391796322489392, 'recall': 0.9040163376446563, 'f1-score': 0.9212625737079432, 'support': 4407, 'AUC': 0.9811912726875046, 'AUCPR': 0.9666483211998574, 'TP': 3984, 'FP': 258, 'TN': 8556, 'FN': 423} 

2022-12-26 10:57: Train Epoch 9: 0/159 Loss: 0.273526
2022-12-26 10:58: Train Epoch 9: 1/159 Loss: 0.233935
2022-12-26 10:58: Train Epoch 9: 2/159 Loss: 0.230648
2022-12-26 10:59: Train Epoch 9: 3/159 Loss: 0.249276
2022-12-26 10:59: Train Epoch 9: 4/159 Loss: 0.232692
2022-12-26 11:00: Train Epoch 9: 5/159 Loss: 0.231118
2022-12-26 11:00: Train Epoch 9: 6/159 Loss: 0.205735
2022-12-26 11:00: Train Epoch 9: 7/159 Loss: 0.290622
2022-12-26 11:01: Train Epoch 9: 8/159 Loss: 0.276020
2022-12-26 11:01: Train Epoch 9: 9/159 Loss: 0.278473
2022-12-26 11:02: Train Epoch 9: 10/159 Loss: 0.278574
2022-12-26 11:02: Train Epoch 9: 11/159 Loss: 0.300211
2022-12-26 11:03: Train Epoch 9: 12/159 Loss: 0.184825
2022-12-26 11:03: Train Epoch 9: 13/159 Loss: 0.286757
2022-12-26 11:04: Train Epoch 9: 14/159 Loss: 0.247567
2022-12-26 11:04: Train Epoch 9: 15/159 Loss: 0.269335
2022-12-26 11:05: Train Epoch 9: 16/159 Loss: 0.229891
2022-12-26 11:05: Train Epoch 9: 17/159 Loss: 0.256072
2022-12-26 11:06: Train Epoch 9: 18/159 Loss: 0.251019
2022-12-26 11:06: Train Epoch 9: 19/159 Loss: 0.312221
2022-12-26 11:06: Train Epoch 9: 20/159 Loss: 0.252628
2022-12-26 11:07: Train Epoch 9: 21/159 Loss: 0.222715
2022-12-26 11:07: Train Epoch 9: 22/159 Loss: 0.223610
2022-12-26 11:08: Train Epoch 9: 23/159 Loss: 0.249493
2022-12-26 11:08: Train Epoch 9: 24/159 Loss: 0.251982
2022-12-26 11:09: Train Epoch 9: 25/159 Loss: 0.261702
0:39: Train Epoch 9: 27/159 Loss: 0.310830
2022-12-ch 9: 29/159 Loss: 0.247173
2022-12-26 10:21: Train Epoch 9: 30/159 Loss: 0.229549
2022-12-26 10:22: Train Epoch 9: 31/159 Loss: 0.245911
2022-12-26 10:22: Train Epoch 9: 32/159 Loss: 0.290863
2022-12-26 10:23: Train Epoch 9: 33/159 Loss: 0.288016
2022-12-26 10:23: Train Epoch 9: 34/159 Loss: 0.354001
2022-12-26 10:24: Train Epoch 9: 35/159 Loss: 0.295285
2022-12-26 10:24: Train Epoch 9: 36/159 Loss: 0.237695
2022-12-26 10:24: Train Epoch 9: 37/159 Loss: 0.339550
2022-12-26 10:25: Train Epoch 9: 38/159 Loss: 0.208936
2022-12-26 10:25: Train Epoch 9: 39/159 Loss: 0.276130
2022-12-26 10:26: Train Epoch 9: 40/159 Loss: 0.276954
2022-12-26 10:26: Train Epoch 9: 41/159 Loss: 0.284427
2022-12-26 10:27: Train Epoch 9: 42/159 Loss: 0.250395
2022-12-26 10:27: Train Epoch 9: 43/159 Loss: 0.301397
2022-12-26 10:28: Train Epoch 9: 44/159 Loss: 0.289012
2022-12-26 10:28: Train Epoch 9: 45/159 Loss: 0.367986
2022-12-26 10:28: Train Epoch 9: 46/159 Loss: 0.231030
2022-12-26 10:29: Train Epoch 9: 47/159 Loss: 0.240847
2022-12-26 10:29: Train Epoch 9: 48/159 Loss: 0.275351
2022-12-26 10:30: Train Epoch 9: 49/159 Loss: 0.237618
2022-12-26 10:30: Train Epoch 9: 50/159 Loss: 0.298930
2022-12-26 10:31: Train Epoch 9: 51/159 Loss: 0.206895
2022-12-26 10:31: Train Epoch 9: 52/159 Loss: 0.347898
2022-12-26 10:32: Train Epoch 9: 53/159 Loss: 0.238163
2022-12-26 10:32: Train Epoch 9: 54/159 Loss: 0.270391
2022-12-26 10:32: Train Epoch 9: 55/159 Loss: 0.308483
2022-12-26 10:33: Train Epoch 9: 56/159 Loss: 0.243545
2022-12-26 10:33: Train Epoch 9: 57/159 Loss: 0.223479
2022-12-26 10:34: Train Epoch 9: 58/159 Loss: 0.251388
2022-12-26 10:34: T2022-12-26 10:54: Train Epoch 9: 58/159 Loss: 0.250369
2022-12-26 10:55: Train Epoch 9: 59/159 Loss: 0.267449
2022-12-26 10:55: Train Epoch 9: 60/159 Loss: 0.235987
2022-12-26 10:56: Train Epoch 9: 61/159 Loss: 0.201040
2022-12-26 10:56: Train Epoch 9: 62/159 Loss: 0.266802
2022-12-26 10:57: Train Epoch 9: 63/159 Loss: 0.164800
2022-12-26 10:57: Train Epoch 9: 64/159 Loss: 0.163131
2022-12-26 10:58: Train Epoch 9: 65/159 Loss: 0.229026
2022-12-26 10:58: Train Epoch 9: 66/159 Loss: 0.284138
2022-12-26 10:59: Train Epoch 9: 67/159 Loss: 0.269175
2022-12-26 10:59: Train Epoch 9: 68/159 Loss: 0.248386
2022-12-26 10:59: Train Epoch 9: 69/159 Loss: 0.255906
2022-12-26 11:00: Train Epoch 9: 70/159 Loss: 0.301302
2022-12-26 11:00: Train Epoch 9: 71/159 Loss: 0.233655
2022-12-26 11:01: Train Epoch 9: 72/159 Loss: 0.244944
2022-12-26 11:01: Train Epoch 9: 73/159 Loss: 0.261739
2022-12-26 11:02: Train Epoch 9: 74/159 Loss: 0.171952
2022-12-26 11:02: Train Epoch 9: 75/159 Loss: 0.244392
2022-12-26 11:03: Train Epoch 9: 76/159 Loss: 0.268710
2022-12-26 11:03: Train Epoch 9: 77/159 Loss: 0.226363
2022-12-26 11:04: Train Epoch 9: 78/159 Loss: 0.223817
2022-12-26 11:04: Train Epoch 9: 79/159 Loss: 0.240253
2022-12-26 11:05: Train Epoch 9: 80/159 Loss: 0.242054
2022-12-26 11:05: Train Epoch 9: 81/159 Loss: 0.209582
2022-12-26 11:06: Train Epoch 9: 82/159 Loss: 0.212300
2022-12-26 11:06: Train Epoch 9: 83/159 Loss: 0.222227
2022-12-26 11:07: Train Epoch 9: 84/159 Loss: 0.208677
2022-12-26 11:07: Train Epoch 9: 85/159 Loss: 0.282250
2022-12-26 11:08: Train Epoch 9: 86/159 Loss: 0.242028
2022-12-26 11:08: Train Epoch 9: 87/159 Loss: 0.216775
2022-12-26 11:09: Train Epoch 9: 88/159 Loss: 0.270921
2022-12-26 11:09: Train Epoch 9: 89/159 Loss: 0.230839
88/159 Loss: 0.235419
2022-12-26 11:04: Train Epoch 9: 89/159 Loss: 0.259890
2022-12-26 11:05: Train Epoch 9: 90/159 Loss: 0.229868
2022-12-26 11:05: Train Epoch 9: 91/159 Loss: 0.233922
2022-12-26 11:06: Train Epoch 9: 92/159 Loss: 0.275688
2022-12-26 11:06: Train Epoch 9: 93/159 Loss: 0.198620
2022-12-26 11:07: Train Epoch 9: 94/159 Loss: 0.239379
2022-12-26 11:07: Train Epoch 9: 95/159 Loss: 0.262618
2022-12-26 11:08: Train Epoch 9: 96/159 Loss: 0.329922
2022-12-26 11:08: Train Epoch 9: 97/159 Loss: 0.325226
2022-12-26 11:08: Train Epoch 9: 98/159 Loss: 0.262453
2022-12-26 11:09: Train Epoch 9: 99/159 Loss: 0.260186
 0.236021
2022-12-26 11:04: Train Epoch 9: 99/159 Loss: 0.241230
2026233
2022-12-26 10:54: Train Epoch 9: 104/159 Loss: 0.275525
2022-12-26 10:55: Train Epoch 9: 105/159 Loss: 0.286105
2022-12-26 10:55: Train Epoch 9: 106/159 Loss: 0.270800
2022-12-26 10:56: Train Epoch 9: 107/159 Loss: 0.290394
2022-12-26 10:56: Train Epoch 9: 108/159 Loss: 0.242546
2022-12-26 10:56: Train Epoch 9: 109/159 Loss: 0.239175
2022-12-26 10:57: Train Epoch 9: 110/159 Loss: 0.262491
2022-12-26 10:57: Train Epoch 9: 111/159 Loss: 0.296489
2022-12-26 10:58: Train Epoch 9: 112/159 Loss: 0.272545
2022-12-26 10:58: Train Epoch 9: 113/159 Loss: 02022-12-26 11:09: Train Epoch 9: 110/159 Loss: 0.235173
.283983
2022-12-26 10:59: Train Epoch 9: 115/159 Loss: 0.295931
2022-12-26 11:00: Train Epoch 9: 116/159 Loss: 0.283832
2022-12-26 11:00: Train Epoch 9: 117/159 Loss: 0.338238
2022-12-26 11:01: Train Epoch 9: 118/159 Loss: 0.251063
2022-12-26 11:01: Train Epoch 9: 119/159 Loss: 0.162081
2022-12-26 11:02: Train Epoch 9: 120/159 Loss: 0.259209
2022-12-26 11:02: Train Epoch 9: 121/159 Loss: 0.295561
2022-12-26 11:02: Train Epoch 9: 122/159 Loss: 0.203863
2022-12-26 11:03: Train Epoch 9: 123/159 Loss: 0.284736
2022-12-2022-12-26 11:09: Train Epoch 9: 124/159 Loss: 0.272858
26 11:04: Train Epoch 9: 125/159 Loss: 0.329169
2022-12-26 11:04: Train Epoch 9: 126/159 Loss: 0.328028
2022-12-26 11:05: Train Epoch 9: 127/159 Loss: 0.238197
2022-12-26 11:05: Train Epoch 9: 128/159 Loss: 0.252156
2022-12-26 11:06: Train Epoch 9: 129/159 Loss: 0.239399
2022-12-26 11:06: Train Epoch 9: 130/159 Loss: 0.256963
2022-12-26 11:07: Train Epoch 9: 131/159 Loss: 0.253257
2022-12-26 11:07: Train Epoch 9: 132/159 Loss: 0.237026
2022-12-26 11:08: Train Epoch 9: 133/159 Loss: 0.309960
2022-12-26 11:08: Train Epoch 9: 134/159 Loss: 0.250469
2022-12-26 11:08: Train Epoch 9: 135/159 Loss: 0.265342
2022-12-26 11:09: Train Epoch 9: 136/159 Loss: 0.248025
