2022-12-28 06:12: log dir: /home/joel.chacon/tmp/WildFire_GCN/experiments/2020/2022122806123200429158820
2022-12-28 06:12: Experiment log path in: /home/joel.chacon/tmp/WildFire_GCN/experiments/2020/2022122806123200429158820
2022-12-28 06:12: Argument: Namespace(batch_size=256, clc='vec', cuda=True, dataset='2020', dataset_root='/home/joel.chacon/tmp/datasets_grl/', debug=False, default_graph=True, device='cpu', dynamic_features=['1 km 16 days NDVI', 'LST_Day_1km', 'LST_Night_1km', 'era5_max_d2m', 'era5_max_t2m', 'era5_max_sp', 'era5_max_tp', 'sminx', 'era5_max_wind_speed', 'era5_min_rh'], early_stop=True, early_stop_patience=8, embed_dim=32, epochs=30, grad_norm=False, horizon=1, input_dim=25, lag=10, link_len=2, log_dir='/home/joel.chacon/tmp/WildFire_GCN/experiments/2020/2022122806123200429158820', log_step=1, loss_func='nllloss', lr_decay=True, lr_decay_rate=0.1, lr_decay_step='15, 20', lr_init=0.0005, max_grad_norm=5, mode='train', model='fire_GCN', nan_fill=0.5, num_layers=1, num_nodes=625, num_workers=20, output_dim=2, patch_height=25, patch_width=25, persistent_workers=True, pin_memory=True, plot=False, positive_weight=0.5, prefetch_factor=2, real_value=True, rnn_units=32, seed=1000, static_features=['dem_mean', 'slope_mean', 'roads_distance', 'waterway_distance', 'population_density'], teacher_forcing=False, weight_decay=0.0, window_len=10)
2022-12-28 06:12: Argument batch_size: 256
2022-12-28 06:12: Argument clc: 'vec'
2022-12-28 06:12: Argument cuda: True
2022-12-28 06:12: Argument dataset: '2020'
2022-12-28 06:12: Argument dataset_root: '/home/joel.chacon/tmp/datasets_grl/'
2022-12-28 06:12: Argument debug: False
2022-12-28 06:12: Argument default_graph: True
2022-12-28 06:12: Argument device: 'cpu'
2022-12-28 06:12: Argument dynamic_features: ['1 km 16 days NDVI', 'LST_Day_1km', 'LST_Night_1km', 'era5_max_d2m', 'era5_max_t2m', 'era5_max_sp', 'era5_max_tp', 'sminx', 'era5_max_wind_speed', 'era5_min_rh']
2022-12-28 06:12: Argument early_stop: True
2022-12-28 06:12: Argument early_stop_patience: 8
2022-12-28 06:12: Argument embed_dim: 32
2022-12-28 06:12: Argument epochs: 30
2022-12-28 06:12: Argument grad_norm: False
2022-12-28 06:12: Argument horizon: 1
2022-12-28 06:12: Argument input_dim: 25
2022-12-28 06:12: Argument lag: 10
2022-12-28 06:12: Argument link_len: 2
2022-12-28 06:12: Argument log_dir: '/home/joel.chacon/tmp/WildFire_GCN/experiments/2020/2022122806123200429158820'
2022-12-28 06:12: Argument log_step: 1
2022-12-28 06:12: Argument loss_func: 'nllloss'
2022-12-28 06:12: Argument lr_decay: True
2022-12-28 06:12: Argument lr_decay_rate: 0.1
2022-12-28 06:12: Argument lr_decay_step: '15, 20'
2022-12-28 06:12: Argument lr_init: 0.0005
2022-12-28 06:12: Argument max_grad_norm: 5
2022-12-28 06:12: Argument mode: 'train'
2022-12-28 06:12: Argument model: 'fire_GCN'
2022-12-28 06:12: Argument nan_fill: 0.5
2022-12-28 06:12: Argument num_layers: 1
2022-12-28 06:12: Argument num_nodes: 625
2022-12-28 06:12: Argument num_workers: 20
2022-12-28 06:12: Argument output_dim: 2
2022-12-28 06:12: Argument patch_height: 25
2022-12-28 06:12: Argument patch_width: 25
2022-12-28 06:12: Argument persistent_workers: True
2022-12-28 06:12: Argument pin_memory: True
2022-12-28 06:12: Argument plot: False
2022-12-28 06:12: Argument positive_weight: 0.5
2022-12-28 06:12: Argument prefetch_factor: 2
2022-12-28 06:12: Argument real_value: True
2022-12-28 06:12: Argument rnn_units: 32
2022-12-28 06:12: Argument seed: 1000
2022-12-28 06:12: Argument static_features: ['dem_mean', 'slope_mean', 'roads_distance', 'waterway_distance', 'population_density']
2022-12-28 06:12: Argument teacher_forcing: False
2022-12-28 06:12: Argument weight_decay: 0.0
2022-12-28 06:12: Argument window_len: 10
2022-12-28 06:14: Train Epoch 1: 0/159 Loss: 1.040364
2022-12-28 06:15: Train Epoch 1: 1/159 Loss: 1.948893
2022-12-28 06:16: Train Epoch 1: 2/159 Loss: 2.059568
2022-12-28 06:18: Train Epoch 1: 3/159 Loss: 1.046673
2022-12-28 06:19: Train Epoch 1: 4/159 Loss: 0.670419
2022-12-28 06:20: Train Epoch 1: 5/159 Loss: 1.487224
2022-12-28 06:22: Train Epoch 1: 6/159 Loss: 1.124569
2022-12-28 06:23: Train Epoch 1: 7/159 Loss: 0.622658
2022-12-28 06:25: Train Epoch 1: 8/159 Loss: 0.844016
2022-12-28 06:26: Train Epoch 1: 9/159 Loss: 1.183822
2022-12-28 06:27: Train Epoch 1: 10/159 Loss: 1.108687
2022-12-28 06:29: Train Epoch 1: 11/159 Loss: 0.933765
2022-12-28 06:30: Train Epoch 1: 12/159 Loss: 0.619266
2022-12-28 06:32: Train Epoch 1: 13/159 Loss: 0.786032
2022-12-28 06:33: Train Epoch 1: 14/159 Loss: 0.863983
2022-12-28 06:35: Train Epoch 1: 15/159 Loss: 0.870640
2022-12-28 06:36: Train Epoch 1: 16/159 Loss: 0.638196
2022-12-28 06:37: Train Epoch 1: 17/159 Loss: 0.664942
2022-12-28 06:39: Train Epoch 1: 18/159 Loss: 0.980474
2022-12-28 06:40: Train Epoch 1: 19/159 Loss: 0.809474
2022-12-28 06:42: Train Epoch 1: 20/159 Loss: 0.665139
2022-12-28 06:43: Train Epoch 1: 21/159 Loss: 0.689443
2022-12-28 06:44: Train Epoch 1: 22/159 Loss: 0.689472
2022-12-28 06:46: Train Epoch 1: 23/159 Loss: 0.781327
2022-12-28 06:47: Train Epoch 1: 24/159 Loss: 0.714014
2022-12-28 06:49: Train Epoch 1: 25/159 Loss: 0.661803
2022-12-28 06:50: Train Epoch 1: 26/159 Loss: 0.673079
2022-12-28 06:52: Train Epoch 1: 27/159 Loss: 0.732962
2022-12-28 06:53: Train Epoch 1: 28/159 Loss: 0.621431
2022-12-28 06:54: Train Epoch 1: 29/159 Loss: 0.595665
2022-12-28 06:56: Train Epoch 1: 30/159 Loss: 0.643270
2022-12-28 06:57: Train Epoch 1: 31/159 Loss: 0.639474
2022-12-28 06:59: Train Epoch 1: 32/159 Loss: 0.654219
2022-12-28 07:00: Train Epoch 1: 33/159 Loss: 0.623370
2022-12-28 07:01: Train Epoch 1: 34/159 Loss: 0.579629
2022-12-28 07:03: Train Epoch 1: 35/159 Loss: 0.668942
2022-12-28 07:04: Train Epoch 1: 36/159 Loss: 0.629582
2022-12-28 07:05: Train Epoch 1: 37/159 Loss: 0.598750
2022-12-28 07:07: Train Epoch 1: 38/159 Loss: 0.603393
2022-12-28 07:08: Train Epoch 1: 39/159 Loss: 0.612291
2022-12-28 07:10: Train Epoch 1: 40/159 Loss: 0.619109
2022-12-28 07:11: Train Epoch 1: 41/159 Loss: 0.610903
2022-12-28 07:12: Train Epoch 1: 42/159 Loss: 0.576840
2022-12-28 07:14: Train Epoch 1: 43/159 Loss: 0.541982
2022-12-28 07:15: Train Epoch 1: 44/159 Loss: 0.639979
2022-12-28 07:16: Train Epoch 1: 45/159 Loss: 0.606039
2022-12-28 07:18: Train Epoch 1: 46/159 Loss: 0.591791
2022-12-28 07:19: Train Epoch 1: 47/159 Loss: 0.566285
2022-12-28 07:20: Train Epoch 1: 48/159 Loss: 0.587202
2022-12-28 07:22: Train Epoch 1: 49/159 Loss: 0.597640
2022-12-28 07:23: Train Epoch 1: 50/159 Loss: 0.576731
2022-12-28 07:24: Train Epoch 1: 51/159 Loss: 0.585783
2022-12-28 07:26: Train Epoch 1: 52/159 Loss: 0.568227
2022-12-28 07:27: Train Epoch 1: 53/159 Loss: 0.574656
2022-12-28 07:29: Train Epoch 1: 54/159 Loss: 0.569535
2022-12-28 07:30: Train Epoch 1: 55/159 Loss: 0.543102
2022-12-28 07:31: Train Epoch 1: 56/159 Loss: 0.546897
2022-12-28 07:33: Train Epoch 1: 57/159 Loss: 0.541741
2022-12-28 07:34: Train Epoch 1: 58/159 Loss: 0.529676
2022-12-28 07:35: Train Epoch 1: 59/159 Loss: 0.529680
2022-12-28 07:37: Train Epoch 1: 60/159 Loss: 0.516585
2022-12-28 07:38: Train Epoch 1: 61/159 Loss: 0.489409
2022-12-28 07:40: Train Epoch 1: 62/159 Loss: 0.498449
2022-12-28 07:41: Train Epoch 1: 63/159 Loss: 0.456993
2022-12-28 07:42: Train Epoch 1: 64/159 Loss: 0.472615
2022-12-28 07:44: Train Epoch 1: 65/159 Loss: 0.524398
2022-12-28 07:45: Train Epoch 1: 66/159 Loss: 0.512498
2022-12-28 07:47: Train Epoch 1: 67/159 Loss: 0.479192
2022-12-28 07:48: Train Epoch 1: 68/159 Loss: 0.437106
2022-12-28 07:49: Train Epoch 1: 69/159 Loss: 0.477478
2022-12-28 07:51: Train Epoch 1: 70/159 Loss: 0.481868
2022-12-28 07:52: Train Epoch 1: 71/159 Loss: 0.486889
2022-12-28 07:53: Train Epoch 1: 72/159 Loss: 0.474647
2022-12-28 07:55: Train Epoch 1: 73/159 Loss: 0.435671
2022-12-28 07:56: Train Epoch 1: 74/159 Loss: 0.447813
2022-12-28 07:58: Train Epoch 1: 75/159 Loss: 0.449208
2022-12-28 07:59: Train Epoch 1: 76/159 Loss: 0.440840
2022-12-28 08:00: Train Epoch 1: 77/159 Loss: 0.428295
2022-12-28 08:02: Train Epoch 1: 78/159 Loss: 0.445274
2022-12-28 08:03: Train Epoch 1: 79/159 Loss: 0.386065
2022-12-28 08:04: Train Epoch 1: 80/159 Loss: 0.405297
2022-12-28 08:06: Train Epoch 1: 81/159 Loss: 0.403290
2022-12-28 08:07: Train Epoch 1: 82/159 Loss: 0.412562
2022-12-28 08:09: Train Epoch 1: 83/159 Loss: 0.406361
2022-12-28 08:10: Train Epoch 1: 84/159 Loss: 0.441739
2022-12-28 08:11: Train Epoch 1: 85/159 Loss: 0.396607
2022-12-28 08:13: Train Epoch 1: 86/159 Loss: 0.386041
2022-12-28 08:14: Train Epoch 1: 87/159 Loss: 0.414102
2022-12-28 08:15: Train Epoch 1: 88/159 Loss: 0.371612
2022-12-28 08:17: Train Epoch 1: 89/159 Loss: 0.359616
2022-12-28 08:18: Train Epoch 1: 90/159 Loss: 0.392619
2022-12-28 08:20: Train Epoch 1: 91/159 Loss: 0.410043
2022-12-28 08:21: Train Epoch 1: 92/159 Loss: 0.397791
2022-12-28 08:22: Train Epoch 1: 93/159 Loss: 0.333262
2022-12-28 08:24: Train Epoch 1: 94/159 Loss: 0.356526
2022-12-28 08:25: Train Epoch 1: 95/159 Loss: 0.364790
2022-12-28 08:26: Train Epoch 1: 96/159 Loss: 0.416217
2022-12-28 08:28: Train Epoch 1: 97/159 Loss: 0.377681
2022-12-28 08:29: Train Epoch 1: 98/159 Loss: 0.359916
2022-12-28 08:31: Train Epoch 1: 99/159 Loss: 0.402660
2022-12-28 08:32: Train Epoch 1: 100/159 Loss: 0.323308
2022-12-28 08:33: Train Epoch 1: 101/159 Loss: 0.423741
2022-12-28 08:35: Train Epoch 1: 102/159 Loss: 0.364144
2022-12-28 08:36: Train Epoch 1: 103/159 Loss: 0.380150
2022-12-28 08:38: Train Epoch 1: 104/159 Loss: 0.389686
2022-12-28 08:39: Train Epoch 1: 105/159 Loss: 0.363354
2022-12-28 08:40: Train Epoch 1: 106/159 Loss: 0.405007
2022-12-28 08:42: Train Epoch 1: 107/159 Loss: 0.329886
2022-12-28 08:43: Train Epoch 1: 108/159 Loss: 0.411917
2022-12-28 08:44: Train Epoch 1: 109/159 Loss: 0.366219
2022-12-28 08:46: Train Epoch 1: 110/159 Loss: 0.368433
2022-12-28 08:47: Train Epoch 1: 111/159 Loss: 0.279628
2022-12-28 08:49: Train Epoch 1: 112/159 Loss: 0.320046
2022-12-28 08:50: Train Epoch 1: 113/159 Loss: 0.337537
2022-12-28 08:51: Train Epoch 1: 114/159 Loss: 0.364366
2022-12-28 08:53: Train Epoch 1: 115/159 Loss: 0.386877
2022-12-28 08:54: Train Epoch 1: 116/159 Loss: 0.378734
2022-12-28 08:56: Train Epoch 1: 117/159 Loss: 0.378366
2022-12-28 08:57: Train Epoch 1: 118/159 Loss: 0.304216
2022-12-28 08:58: Train Epoch 1: 119/159 Loss: 0.445965
2022-12-28 09:00: Train Epoch 1: 120/159 Loss: 0.296232
2022-12-28 09:01: Train Epoch 1: 121/159 Loss: 0.406237
2022-12-28 09:02: Train Epoch 1: 122/159 Loss: 0.450868
2022-12-28 09:04: Train Epoch 1: 123/159 Loss: 0.332643
2022-12-28 09:05: Train Epoch 1: 124/159 Loss: 0.325481
2022-12-28 09:07: Train Epoch 1: 125/159 Loss: 0.362958
2022-12-28 09:08: Train Epoch 1: 126/159 Loss: 0.381225
2022-12-28 09:09: Train Epoch 1: 127/159 Loss: 0.376704
2022-12-28 09:11: Train Epoch 1: 128/159 Loss: 0.418684
2022-12-28 09:12: Train Epoch 1: 129/159 Loss: 0.348957
2022-12-28 09:14: Train Epoch 1: 130/159 Loss: 0.354265
2022-12-28 09:15: Train Epoch 1: 131/159 Loss: 0.306509
2022-12-28 09:16: Train Epoch 1: 132/159 Loss: 0.406259
2022-12-28 09:18: Train Epoch 1: 133/159 Loss: 0.337313
2022-12-28 09:19: Train Epoch 1: 134/159 Loss: 0.337227
2022-12-28 09:21: Train Epoch 1: 135/159 Loss: 0.343114
2022-12-28 09:22: Train Epoch 1: 136/159 Loss: 0.389609
2022-12-28 09:23: Train Epoch 1: 137/159 Loss: 0.399639
2022-12-28 09:25: Train Epoch 1: 138/159 Loss: 0.357110
2022-12-28 09:26: Train Epoch 1: 139/159 Loss: 0.362519
2022-12-28 09:28: Train Epoch 1: 140/159 Loss: 0.373978
2022-12-28 09:29: Train Epoch 1: 141/159 Loss: 0.393040
2022-12-28 09:30: Train Epoch 1: 142/159 Loss: 0.329582
2022-12-28 09:32: Train Epoch 1: 143/159 Loss: 0.380758
2022-12-28 09:33: Train Epoch 1: 144/159 Loss: 0.331978
2022-12-28 09:35: Train Epoch 1: 145/159 Loss: 0.381681
2022-12-28 09:36: Train Epoch 1: 146/159 Loss: 0.364299
2022-12-28 09:38: Train Epoch 1: 147/159 Loss: 0.359481
2022-12-28 09:39: Train Epoch 1: 148/159 Loss: 0.342524
2022-12-28 09:40: Train Epoch 1: 149/159 Loss: 0.294109
2022-12-28 09:42: Train Epoch 1: 150/159 Loss: 0.290928
2022-12-28 09:43: Train Epoch 1: 151/159 Loss: 0.308087
2022-12-28 09:45: Train Epoch 1: 152/159 Loss: 0.373024
2022-12-28 09:46: Train Epoch 1: 153/159 Loss: 0.296922
2022-12-28 09:47: Train Epoch 1: 154/159 Loss: 0.324948
2022-12-28 09:49: Train Epoch 1: 155/159 Loss: 0.339721
2022-12-28 09:50: Train Epoch 1: 156/159 Loss: 0.353535
2022-12-28 09:52: Train Epoch 1: 157/159 Loss: 0.266609
2022-12-28 09:52: Train Epoch 1: 158/159 Loss: 0.368660
2022-12-28 09:52: **********Train Epoch 1: averaged Loss: 0.522791 
2022-12-28 09:52: 
Epoch time elapsed: 13200.35373544693

2022-12-28 09:58: 
 metrics validation: {'precision': 0.6767275615567911, 'recall': 0.6553846153846153, 'f1-score': 0.6658851113716296, 'support': 1300, 'AUC': 0.803828698224852, 'AUCPR': 0.6940635558126442, 'TP': 852, 'FP': 407, 'TN': 2193, 'FN': 448} 

2022-12-28 09:58: **********Val Epoch 1: average Loss: 0.553421
2022-12-28 09:58: *********************************Current best model saved!
2022-12-28 10:04: 
 Testing metrics {'precision': 0.7285714285714285, 'recall': 0.7060260586319218, 'f1-score': 0.71712158808933, 'support': 1228, 'AUC': 0.8556980710670671, 'AUCPR': 0.7906912058939075, 'TP': 867, 'FP': 323, 'TN': 2133, 'FN': 361} 

2022-12-28 10:05: Train Epoch 2: 0/159 Loss: 0.338756
2022-12-28 10:07: Train Epoch 2: 1/159 Loss: 0.340367
2022-12-28 10:08: Train Epoch 2: 2/159 Loss: 0.318767
2022-12-28 10:10: Train Epoch 2: 3/159 Loss: 0.368843
2022-12-28 10:11: Train Epoch 2: 4/159 Loss: 0.284779
2022-12-28 10:12: Train Epoch 2: 5/159 Loss: 0.286702
2022-12-28 10:14: Train Epoch 2: 6/159 Loss: 0.312968
2022-12-28 10:15: Train Epoch 2: 7/159 Loss: 0.338583
2022-12-28 10:17: Train Epoch 2: 8/159 Loss: 0.342355
2022-12-28 10:18: Train Epoch 2: 9/159 Loss: 0.398510
2022-12-28 10:19: Train Epoch 2: 10/159 Loss: 0.359958
2022-12-28 10:21: Train Epoch 2: 11/159 Loss: 0.356565
2022-12-28 10:22: Train Epoch 2: 12/159 Loss: 0.334285
2022-12-28 10:24: Train Epoch 2: 13/159 Loss: 0.316992
2022-12-28 10:25: Train Epoch 2: 14/159 Loss: 0.318775
2022-12-28 10:27: Train Epoch 2: 15/159 Loss: 0.308544
2022-12-28 10:28: Train Epoch 2: 16/159 Loss: 0.324034
2022-12-28 10:29: Train Epoch 2: 17/159 Loss: 0.251637
2022-12-28 10:31: Train Epoch 2: 18/159 Loss: 0.252246
2022-12-28 10:32: Train Epoch 2: 19/159 Loss: 0.278642
2022-12-28 10:34: Train Epoch 2: 20/159 Loss: 0.322299
2022-12-28 10:35: Train Epoch 2: 21/159 Loss: 0.339092
2022-12-28 10:37: Train Epoch 2: 22/159 Loss: 0.347677
2022-12-28 10:38: Train Epoch 2: 23/159 Loss: 0.348977
2022-12-28 10:39: Train Epoch 2: 24/159 Loss: 0.371461
2022-12-28 10:41: Train Epoch 2: 25/159 Loss: 0.333781
2022-12-28 10:42: Train Epoch 2: 26/159 Loss: 0.301006
2022-12-28 10:44: Train Epoch 2: 27/159 Loss: 0.342488
2022-12-28 10:45: Train Epoch 2: 28/159 Loss: 0.251858
2022-12-28 10:47: Train Epoch 2: 29/159 Loss: 0.318820
2022-12-28 10:48: Train Epoch 2: 30/159 Loss: 0.322197
2022-12-28 10:49: Train Epoch 2: 31/159 Loss: 0.265255
2022-12-28 10:51: Train Epoch 2: 32/159 Loss: 0.257066
2022-12-28 10:52: Train Epoch 2: 33/159 Loss: 0.349473
2022-12-28 10:54: Train Epoch 2: 34/159 Loss: 0.392933
2022-12-28 10:55: Train Epoch 2: 35/159 Loss: 0.300839
2022-12-28 10:56: Train Epoch 2: 36/159 Loss: 0.365440
2022-12-28 10:58: Train Epoch 2: 37/159 Loss: 0.255888
2022-12-28 10:59: Train Epoch 2: 38/159 Loss: 0.352530
2022-12-28 11:01: Train Epoch 2: 39/159 Loss: 0.328775
2022-12-28 11:02: Train Epoch 2: 40/159 Loss: 0.301680
2022-12-28 11:03: Train Epoch 2: 41/159 Loss: 0.365395
2022-12-28 11:05: Train Epoch 2: 42/159 Loss: 0.315287
2022-12-28 11:06: Train Epoch 2: 43/159 Loss: 0.338047
2022-12-28 11:08: Train Epoch 2: 44/159 Loss: 0.362807
2022-12-28 11:09: Train Epoch 2: 45/159 Loss: 0.225945
2022-12-28 11:10: Train Epoch 2: 46/159 Loss: 0.239122
2022-12-28 11:12: Train Epoch 2: 47/159 Loss: 0.332892
2022-12-28 11:13: Train Epoch 2: 48/159 Loss: 0.252360
2022-12-28 11:15: Train Epoch 2: 49/159 Loss: 0.343040
2022-12-28 11:16: Train Epoch 2: 50/159 Loss: 0.329643
2022-12-28 11:18: Train Epoch 2: 51/159 Loss: 0.263585
2022-12-28 11:19: Train Epoch 2: 52/159 Loss: 0.277156
2022-12-28 11:20: Train Epoch 2: 53/159 Loss: 0.368467
2022-12-28 11:22: Train Epoch 2: 54/159 Loss: 0.247251
2022-12-28 11:23: Train Epoch 2: 55/159 Loss: 0.378523
2022-12-28 11:25: Train Epoch 2: 56/159 Loss: 0.284464
2022-12-28 11:26: Train Epoch 2: 57/159 Loss: 0.312218
2022-12-28 11:27: Train Epoch 2: 58/159 Loss: 0.371425
2022-12-28 11:29: Train Epoch 2: 59/159 Loss: 0.298429
2022-12-28 11:30: Train Epoch 2: 60/159 Loss: 0.318585
2022-12-28 11:32: Train Epoch 2: 61/159 Loss: 0.324807
2022-12-28 11:33: Train Epoch 2: 62/159 Loss: 0.324190
2022-12-28 11:34: Train Epoch 2: 63/159 Loss: 0.284531
2022-12-28 11:36: Train Epoch 2: 64/159 Loss: 0.262260
2022-12-28 11:37: Train Epoch 2: 65/159 Loss: 0.259491
2022-12-28 11:39: Train Epoch 2: 66/159 Loss: 0.306371
2022-12-28 11:40: Train Epoch 2: 67/159 Loss: 0.328736
2022-12-28 11:41: Train Epoch 2: 68/159 Loss: 0.321771
2022-12-28 11:43: Train Epoch 2: 69/159 Loss: 0.276671
2022-12-28 11:44: Train Epoch 2: 70/159 Loss: 0.310279
2022-12-28 11:46: Train Epoch 2: 71/159 Loss: 0.272846
2022-12-28 11:47: Train Epoch 2: 72/159 Loss: 0.304719
2022-12-28 11:48: Train Epoch 2: 73/159 Loss: 0.285644
2022-12-28 11:50: Train Epoch 2: 74/159 Loss: 0.349642
2022-12-28 11:51: Train Epoch 2: 75/159 Loss: 0.253830
2022-12-28 11:52: Train Epoch 2: 76/159 Loss: 0.303224
2022-12-28 11:54: Train Epoch 2: 77/159 Loss: 0.257870
2022-12-28 11:55: Train Epoch 2: 78/159 Loss: 0.265026
2022-12-28 11:57: Train Epoch 2: 79/159 Loss: 0.273695
2022-12-28 11:58: Train Epoch 2: 80/159 Loss: 0.289869
2022-12-28 11:59: Train Epoch 2: 81/159 Loss: 0.332151
2022-12-28 12:01: Train Epoch 2: 82/159 Loss: 0.299079
2022-12-28 12:02: Train Epoch 2: 83/159 Loss: 0.261431
2022-12-28 12:04: Train Epoch 2: 84/159 Loss: 0.301048
2022-12-28 12:05: Train Epoch 2: 85/159 Loss: 0.258289
2022-12-28 12:06: Train Epoch 2: 86/159 Loss: 0.295356
2022-12-28 12:08: Train Epoch 2: 87/159 Loss: 0.294710
2022-12-28 12:09: Train Epoch 2: 88/159 Loss: 0.275480
2022-12-28 12:11: Train Epoch 2: 89/159 Loss: 0.375477
2022-12-28 12:12: Train Epoch 2: 90/159 Loss: 0.338438
2022-12-28 12:13: Train Epoch 2: 91/159 Loss: 0.253401
2022-12-28 12:15: Train Epoch 2: 92/159 Loss: 0.297162
2022-12-28 12:16: Train Epoch 2: 93/159 Loss: 0.318824
2022-12-28 12:18: Train Epoch 2: 94/159 Loss: 0.256979
2022-12-28 12:19: Train Epoch 2: 95/159 Loss: 0.264358
2022-12-28 12:20: Train Epoch 2: 96/159 Loss: 0.289112
2022-12-28 12:22: Train Epoch 2: 97/159 Loss: 0.289245
2022-12-28 12:23: Train Epoch 2: 98/159 Loss: 0.302567
2022-12-28 12:25: Train Epoch 2: 99/159 Loss: 0.295890
2022-12-28 12:26: Train Epoch 2: 100/159 Loss: 0.294768
2022-12-28 12:28: Train Epoch 2: 101/159 Loss: 0.276332
2022-12-28 12:29: Train Epoch 2: 102/159 Loss: 0.331180
2022-12-28 12:30: Train Epoch 2: 103/159 Loss: 0.305933
2022-12-28 12:32: Train Epoch 2: 104/159 Loss: 0.288850
2022-12-28 12:33: Train Epoch 2: 105/159 Loss: 0.292438
2022-12-28 12:34: Train Epoch 2: 106/159 Loss: 0.246121
2022-12-28 12:36: Train Epoch 2: 107/159 Loss: 0.247332
2022-12-28 12:37: Train Epoch 2: 108/159 Loss: 0.305940
2022-12-28 12:39: Train Epoch 2: 109/159 Loss: 0.264257
2022-12-28 12:40: Train Epoch 2: 110/159 Loss: 0.280557
2022-12-28 12:42: Train Epoch 2: 111/159 Loss: 0.326559
2022-12-28 12:43: Train Epoch 2: 112/159 Loss: 0.329613
2022-12-28 12:44: Train Epoch 2: 113/159 Loss: 0.291226
2022-12-28 12:46: Train Epoch 2: 114/159 Loss: 0.345294
2022-12-28 12:47: Train Epoch 2: 115/159 Loss: 0.283676
2022-12-28 12:49: Train Epoch 2: 116/159 Loss: 0.255870
2022-12-28 12:50: Train Epoch 2: 117/159 Loss: 0.299744
2022-12-28 12:51: Train Epoch 2: 118/159 Loss: 0.266422
2022-12-28 12:53: Train Epoch 2: 119/159 Loss: 0.307003
2022-12-28 12:54: Train Epoch 2: 120/159 Loss: 0.268869
2022-12-28 12:56: Train Epoch 2: 121/159 Loss: 0.262557
2022-12-28 12:57: Train Epoch 2: 122/159 Loss: 0.306220
2022-12-28 12:58: Train Epoch 2: 123/159 Loss: 0.312466
2022-12-28 13:00: Train Epoch 2: 124/159 Loss: 0.270129
2022-12-28 13:01: Train Epoch 2: 125/159 Loss: 0.254910
2022-12-28 13:03: Train Epoch 2: 126/159 Loss: 0.310204
2022-12-28 13:04: Train Epoch 2: 127/159 Loss: 0.246434
2022-12-28 13:06: Train Epoch 2: 128/159 Loss: 0.291471
2022-12-28 13:07: Train Epoch 2: 129/159 Loss: 0.245476
2022-12-28 13:08: Train Epoch 2: 130/159 Loss: 0.224872
2022-12-28 13:10: Train Epoch 2: 131/159 Loss: 0.259821
2022-12-28 13:11: Train Epoch 2: 132/159 Loss: 0.279262
2022-12-28 13:13: Train Epoch 2: 133/159 Loss: 0.313297
2022-12-28 13:14: Train Epoch 2: 134/159 Loss: 0.250829
2022-12-28 13:16: Train Epoch 2: 135/159 Loss: 0.381938
2022-12-28 13:17: Train Epoch 2: 136/159 Loss: 0.307631
2022-12-28 13:18: Train Epoch 2: 137/159 Loss: 0.321716
2022-12-28 13:20: Train Epoch 2: 138/159 Loss: 0.231685
2022-12-28 13:21: Train Epoch 2: 139/159 Loss: 0.305758
2022-12-28 13:23: Train Epoch 2: 140/159 Loss: 0.270602
2022-12-28 13:24: Train Epoch 2: 141/159 Loss: 0.267015
2022-12-28 13:26: Train Epoch 2: 142/159 Loss: 0.238838
2022-12-28 13:27: Train Epoch 2: 143/159 Loss: 0.298240
2022-12-28 13:29: Train Epoch 2: 144/159 Loss: 0.264816
2022-12-28 13:30: Train Epoch 2: 145/159 Loss: 0.322273
2022-12-28 13:31: Train Epoch 2: 146/159 Loss: 0.257188
2022-12-28 13:33: Train Epoch 2: 147/159 Loss: 0.307121
2022-12-28 13:34: Train Epoch 2: 148/159 Loss: 0.301474
2022-12-28 13:36: Train Epoch 2: 149/159 Loss: 0.311635
2022-12-28 13:37: Train Epoch 2: 150/159 Loss: 0.342930
2022-12-28 13:39: Train Epoch 2: 151/159 Loss: 0.247980
2022-12-28 13:40: Train Epoch 2: 152/159 Loss: 0.247621
2022-12-28 13:41: Train Epoch 2: 153/159 Loss: 0.259888
2022-12-28 13:43: Train Epoch 2: 154/159 Loss: 0.314737
2022-12-28 13:44: Train Epoch 2: 155/159 Loss: 0.266451
2022-12-28 13:46: Train Epoch 2: 156/159 Loss: 0.305534
2022-12-28 13:47: Train Epoch 2: 157/159 Loss: 0.271631
2022-12-28 13:48: Train Epoch 2: 158/159 Loss: 0.282253
2022-12-28 13:48: **********Train Epoch 2: averaged Loss: 0.300276 
2022-12-28 13:48: 
Epoch time elapsed: 13425.118439912796

2022-12-28 13:53: 
 metrics validation: {'precision': 0.8054298642533937, 'recall': 0.5476923076923077, 'f1-score': 0.652014652014652, 'support': 1300, 'AUC': 0.846423372781065, 'AUCPR': 0.7636990594407634, 'TP': 712, 'FP': 172, 'TN': 2428, 'FN': 588} 

2022-12-28 13:53: **********Val Epoch 2: average Loss: 0.551580
2022-12-28 13:53: *********************************Current best model saved!
2022-12-28 13:59: 
 Testing metrics {'precision': 0.8612565445026178, 'recall': 0.5358306188925082, 'f1-score': 0.6606425702811246, 'support': 1228, 'AUC': 0.8703812507294508, 'AUCPR': 0.809760449126141, 'TP': 658, 'FP': 106, 'TN': 2350, 'FN': 570} 

2022-12-28 14:00: Train Epoch 3: 0/159 Loss: 0.315219
2022-12-28 14:01: Train Epoch 3: 1/159 Loss: 0.284323
2022-12-28 14:03: Train Epoch 3: 2/159 Loss: 0.296536
2022-12-28 14:04: Train Epoch 3: 3/159 Loss: 0.252480
2022-12-28 14:06: Train Epoch 3: 4/159 Loss: 0.262573
2022-12-28 14:07: Train Epoch 3: 5/159 Loss: 0.293713
2022-12-28 14:08: Train Epoch 3: 6/159 Loss: 0.241259
2022-12-28 14:10: Train Epoch 3: 7/159 Loss: 0.281601
2022-12-28 14:11: Train Epoch 3: 8/159 Loss: 0.265652
2022-12-28 14:13: Train Epoch 3: 9/159 Loss: 0.270839
2022-12-28 14:14: Train Epoch 3: 10/159 Loss: 0.257440
2022-12-28 14:15: Train Epoch 3: 11/159 Loss: 0.273161
2022-12-28 14:17: Train Epoch 3: 12/159 Loss: 0.275003
2022-12-28 14:18: Train Epoch 3: 13/159 Loss: 0.264455
2022-12-28 14:20: Train Epoch 3: 14/159 Loss: 0.259929
2022-12-28 14:21: Train Epoch 3: 15/159 Loss: 0.275537
2022-12-28 14:22: Train Epoch 3: 16/159 Loss: 0.260080
2022-12-28 14:24: Train Epoch 3: 17/159 Loss: 0.210498
2022-12-28 14:25: Train Epoch 3: 18/159 Loss: 0.238337
2022-12-28 14:27: Train Epoch 3: 19/159 Loss: 0.238791
2022-12-28 14:28: Train Epoch 3: 20/159 Loss: 0.216374
2022-12-28 14:29: Train Epoch 3: 21/159 Loss: 0.266720
2022-12-28 14:31: Train Epoch 3: 22/159 Loss: 0.290225
2022-12-28 14:32: Train Epoch 3: 23/159 Loss: 0.307627
2022-12-28 14:34: Train Epoch 3: 24/159 Loss: 0.275714
2022-12-28 14:35: Train Epoch 3: 25/159 Loss: 0.252138
2022-12-28 14:37: Train Epoch 3: 26/159 Loss: 0.244023
2022-12-28 14:38: Train Epoch 3: 27/159 Loss: 0.304425
2022-12-28 14:39: Train Epoch 3: 28/159 Loss: 0.270442
2022-12-28 14:41: Train Epoch 3: 29/159 Loss: 0.315816
2022-12-28 14:42: Train Epoch 3: 30/159 Loss: 0.378626
2022-12-28 14:44: Train Epoch 3: 31/159 Loss: 0.250723
2022-12-28 14:45: Train Epoch 3: 32/159 Loss: 0.339122
2022-12-28 14:46: Train Epoch 3: 33/159 Loss: 0.277212
2022-12-28 14:48: Train Epoch 3: 34/159 Loss: 0.239400
2022-12-28 14:49: Train Epoch 3: 35/159 Loss: 0.297177
2022-12-28 14:51: Train Epoch 3: 36/159 Loss: 0.304235
2022-12-28 14:52: Train Epoch 3: 37/159 Loss: 0.245082
2022-12-28 14:53: Train Epoch 3: 38/159 Loss: 0.287326
2022-12-28 14:55: Train Epoch 3: 39/159 Loss: 0.301606
2022-12-28 14:56: Train Epoch 3: 40/159 Loss: 0.229944
2022-12-28 14:58: Train Epoch 3: 41/159 Loss: 0.250764
2022-12-28 14:59: Train Epoch 3: 42/159 Loss: 0.273381
2022-12-28 15:00: Train Epoch 3: 43/159 Loss: 0.256605
2022-12-28 15:02: Train Epoch 3: 44/159 Loss: 0.306479
2022-12-28 15:03: Train Epoch 3: 45/159 Loss: 0.247630
2022-12-28 15:05: Train Epoch 3: 46/159 Loss: 0.296293
2022-12-28 15:06: Train Epoch 3: 47/159 Loss: 0.252853
2022-12-28 15:07: Train Epoch 3: 48/159 Loss: 0.282479
2022-12-28 15:09: Train Epoch 3: 49/159 Loss: 0.281242
2022-12-28 15:10: Train Epoch 3: 50/159 Loss: 0.299110
2022-12-28 15:12: Train Epoch 3: 51/159 Loss: 0.250874
2022-12-28 15:13: Train Epoch 3: 52/159 Loss: 0.268166
2022-12-28 15:14: Train Epoch 3: 53/159 Loss: 0.255886
2022-12-28 15:16: Train Epoch 3: 54/159 Loss: 0.228875
2022-12-28 15:17: Train Epoch 3: 55/159 Loss: 0.336597
2022-12-28 15:19: Train Epoch 3: 56/159 Loss: 0.251189
2022-12-28 15:20: Train Epoch 3: 57/159 Loss: 0.282305
2022-12-28 15:21: Train Epoch 3: 58/159 Loss: 0.236055
2022-12-28 15:23: Train Epoch 3: 59/159 Loss: 0.246394
2022-12-28 15:24: Train Epoch 3: 60/159 Loss: 0.220850
2022-12-28 15:26: Train Epoch 3: 61/159 Loss: 0.240830
2022-12-28 15:27: Train Epoch 3: 62/159 Loss: 0.259414
2022-12-28 15:28: Train Epoch 3: 63/159 Loss: 0.237501
2022-12-28 15:30: Train Epoch 3: 64/159 Loss: 0.297476
2022-12-28 15:31: Train Epoch 3: 65/159 Loss: 0.232962
2022-12-28 15:33: Train Epoch 3: 66/159 Loss: 0.241452
2022-12-28 15:34: Train Epoch 3: 67/159 Loss: 0.265978
2022-12-28 15:35: Train Epoch 3: 68/159 Loss: 0.228646
2022-12-28 15:37: Train Epoch 3: 69/159 Loss: 0.286104
2022-12-28 15:38: Train Epoch 3: 70/159 Loss: 0.289456
2022-12-28 15:40: Train Epoch 3: 71/159 Loss: 0.302415
2022-12-28 15:41: Train Epoch 3: 72/159 Loss: 0.290465
2022-12-28 15:42: Train Epoch 3: 73/159 Loss: 0.247027
2022-12-28 15:44: Train Epoch 3: 74/159 Loss: 0.262593
2022-12-28 15:45: Train Epoch 3: 75/159 Loss: 0.287130
2022-12-28 15:47: Train Epoch 3: 76/159 Loss: 0.298015
2022-12-28 15:48: Train Epoch 3: 77/159 Loss: 0.231506
2022-12-28 15:49: Train Epoch 3: 78/159 Loss: 0.380132
2022-12-28 15:51: Train Epoch 3: 79/159 Loss: 0.264935
2022-12-28 15:52: Train Epoch 3: 80/159 Loss: 0.269477
2022-12-28 15:54: Train Epoch 3: 81/159 Loss: 0.320644
2022-12-28 15:55: Train Epoch 3: 82/159 Loss: 0.212662
2022-12-28 15:56: Train Epoch 3: 83/159 Loss: 0.287010
2022-12-28 15:58: Train Epoch 3: 84/159 Loss: 0.310612
2022-12-28 15:59: Train Epoch 3: 85/159 Loss: 0.246135
2022-12-28 16:01: Train Epoch 3: 86/159 Loss: 0.284428
2022-12-28 16:02: Train Epoch 3: 87/159 Loss: 0.265631
2022-12-28 16:03: Train Epoch 3: 88/159 Loss: 0.296754
2022-12-28 16:05: Train Epoch 3: 89/159 Loss: 0.220434
2022-12-28 16:06: Train Epoch 3: 90/159 Loss: 0.267052
2022-12-28 16:08: Train Epoch 3: 91/159 Loss: 0.255013
2022-12-28 16:09: Train Epoch 3: 92/159 Loss: 0.249684
2022-12-28 16:10: Train Epoch 3: 93/159 Loss: 0.316377
2022-12-28 16:12: Train Epoch 3: 94/159 Loss: 0.300437
2022-12-28 16:13: Train Epoch 3: 95/159 Loss: 0.254475
2022-12-28 16:15: Train Epoch 3: 96/159 Loss: 0.292499
2022-12-28 16:16: Train Epoch 3: 97/159 Loss: 0.312698
2022-12-28 16:17: Train Epoch 3: 98/159 Loss: 0.284116
2022-12-28 16:19: Train Epoch 3: 99/159 Loss: 0.337464
2022-12-28 16:20: Train Epoch 3: 100/159 Loss: 0.295603
2022-12-28 16:22: Train Epoch 3: 101/159 Loss: 0.287347
2022-12-28 16:23: Train Epoch 3: 102/159 Loss: 0.267895
2022-12-28 16:24: Train Epoch 3: 103/159 Loss: 0.287136
2022-12-28 16:26: Train Epoch 3: 104/159 Loss: 0.261630
2022-12-28 16:27: Train Epoch 3: 105/159 Loss: 0.287955
2022-12-28 16:29: Train Epoch 3: 106/159 Loss: 0.290504
2022-12-28 16:30: Train Epoch 3: 107/159 Loss: 0.317383
2022-12-28 16:32: Train Epoch 3: 108/159 Loss: 0.337129
2022-12-28 16:33: Train Epoch 3: 109/159 Loss: 0.303019
2022-12-28 16:34: Train Epoch 3: 110/159 Loss: 0.253193
2022-12-28 16:36: Train Epoch 3: 111/159 Loss: 0.297284
2022-12-28 16:37: Train Epoch 3: 112/159 Loss: 0.274702
2022-12-28 16:39: Train Epoch 3: 113/159 Loss: 0.327631
2022-12-28 16:40: Train Epoch 3: 114/159 Loss: 0.276937
2022-12-28 16:41: Train Epoch 3: 115/159 Loss: 0.199247
2022-12-28 16:43: Train Epoch 3: 116/159 Loss: 0.349171
2022-12-28 16:44: Train Epoch 3: 117/159 Loss: 0.311331
2022-12-28 16:46: Train Epoch 3: 118/159 Loss: 0.271836
2022-12-28 16:47: Train Epoch 3: 119/159 Loss: 0.260313
2022-12-28 16:48: Train Epoch 3: 120/159 Loss: 0.261749
2022-12-28 16:50: Train Epoch 3: 121/159 Loss: 0.291763
2022-12-28 16:51: Train Epoch 3: 122/159 Loss: 0.223093
2022-12-28 16:53: Train Epoch 3: 123/159 Loss: 0.265609
2022-12-28 16:54: Train Epoch 3: 124/159 Loss: 0.272171
2022-12-28 16:55: Train Epoch 3: 125/159 Loss: 0.286783
2022-12-28 16:57: Train Epoch 3: 126/159 Loss: 0.283417
2022-12-28 16:58: Train Epoch 3: 127/159 Loss: 0.292053
2022-12-28 17:00: Train Epoch 3: 128/159 Loss: 0.273483
2022-12-28 17:01: Train Epoch 3: 129/159 Loss: 0.327372
2022-12-28 17:02: Train Epoch 3: 130/159 Loss: 0.279034
2022-12-28 17:04: Train Epoch 3: 131/159 Loss: 0.262706
2022-12-28 17:05: Train Epoch 3: 132/159 Loss: 0.325652
2022-12-28 17:07: Train Epoch 3: 133/159 Loss: 0.271720
2022-12-28 17:08: Train Epoch 3: 134/159 Loss: 0.253746
2022-12-28 17:09: Train Epoch 3: 135/159 Loss: 0.297953
2022-12-28 17:11: Train Epoch 3: 136/159 Loss: 0.317075
2022-12-28 17:12: Train Epoch 3: 137/159 Loss: 0.292851
2022-12-28 17:13: Train Epoch 3: 138/159 Loss: 0.278219
2022-12-28 17:15: Train Epoch 3: 139/159 Loss: 0.275362
2022-12-28 17:16: Train Epoch 3: 140/159 Loss: 0.292193
2022-12-28 17:18: Train Epoch 3: 141/159 Loss: 0.263295
2022-12-28 17:19: Train Epoch 3: 142/159 Loss: 0.306803
2022-12-28 17:20: Train Epoch 3: 143/159 Loss: 0.303096
2022-12-28 17:22: Train Epoch 3: 144/159 Loss: 0.265947
2022-12-28 17:23: Train Epoch 3: 145/159 Loss: 0.272949
2022-12-28 17:25: Train Epoch 3: 146/159 Loss: 0.278788
2022-12-28 17:26: Train Epoch 3: 147/159 Loss: 0.314390
2022-12-28 17:27: Train Epoch 3: 148/159 Loss: 0.225558
2022-12-28 17:29: Train Epoch 3: 149/159 Loss: 0.291129
2022-12-28 17:30: Train Epoch 3: 150/159 Loss: 0.302280
2022-12-28 17:32: Train Epoch 3: 151/159 Loss: 0.225423
2022-12-28 17:33: Train Epoch 3: 152/159 Loss: 0.249486
2022-12-28 17:34: Train Epoch 3: 153/159 Loss: 0.285600
2022-12-28 17:36: Train Epoch 3: 154/159 Loss: 0.290312
2022-12-28 17:37: Train Epoch 3: 155/159 Loss: 0.271645
2022-12-28 17:39: Train Epoch 3: 156/159 Loss: 0.216457
2022-12-28 17:40: Train Epoch 3: 157/159 Loss: 0.272468
2022-12-28 17:40: Train Epoch 3: 158/159 Loss: 0.309730
2022-12-28 17:40: **********Train Epoch 3: averaged Loss: 0.276036 
2022-12-28 17:40: 
Epoch time elapsed: 13315.76725101471

2022-12-28 17:46: 
 metrics validation: {'precision': 0.7574536663980661, 'recall': 0.7230769230769231, 'f1-score': 0.7398661944116489, 'support': 1300, 'AUC': 0.8650988165680472, 'AUCPR': 0.7924892491141926, 'TP': 940, 'FP': 301, 'TN': 2299, 'FN': 360} 

2022-12-28 17:46: **********Val Epoch 3: average Loss: 0.463403
2022-12-28 17:46: *********************************Current best model saved!
2022-12-28 17:52: 
 Testing metrics {'precision': 0.7981220657276995, 'recall': 0.6921824104234527, 'f1-score': 0.7413868294810292, 'support': 1228, 'AUC': 0.8773080483612558, 'AUCPR': 0.8195377355531187, 'TP': 850, 'FP': 215, 'TN': 2241, 'FN': 378} 

2022-12-28 17:53: Train Epoch 4: 0/159 Loss: 0.274095
2022-12-28 17:54: Train Epoch 4: 1/159 Loss: 0.295465
2022-12-28 17:56: Train Epoch 4: 2/159 Loss: 0.250578
2022-12-28 17:57: Train Epoch 4: 3/159 Loss: 0.241164
2022-12-28 17:58: Train Epoch 4: 4/159 Loss: 0.263259
2022-12-28 18:00: Train Epoch 4: 5/159 Loss: 0.252269
2022-12-28 18:01: Train Epoch 4: 6/159 Loss: 0.219216
2022-12-28 18:03: Train Epoch 4: 7/159 Loss: 0.241036
2022-12-28 18:04: Train Epoch 4: 8/159 Loss: 0.321941
2022-12-28 18:05: Train Epoch 4: 9/159 Loss: 0.278268
2022-12-28 18:07: Train Epoch 4: 10/159 Loss: 0.216330
2022-12-28 18:08: Train Epoch 4: 11/159 Loss: 0.266377
2022-12-28 18:10: Train Epoch 4: 12/159 Loss: 0.351702
2022-12-28 18:11: Train Epoch 4: 13/159 Loss: 0.249647
2022-12-28 18:12: Train Epoch 4: 14/159 Loss: 0.234827
2022-12-28 18:14: Train Epoch 4: 15/159 Loss: 0.281734
2022-12-28 18:15: Train Epoch 4: 16/159 Loss: 0.259070
2022-12-28 18:17: Train Epoch 4: 17/159 Loss: 0.286587
2022-12-28 18:18: Train Epoch 4: 18/159 Loss: 0.214903
2022-12-28 18:19: Train Epoch 4: 19/159 Loss: 0.257059
2022-12-28 18:21: Train Epoch 4: 20/159 Loss: 0.205050
2022-12-28 18:22: Train Epoch 4: 21/159 Loss: 0.229115
2022-12-28 18:24: Train Epoch 4: 22/159 Loss: 0.254889
2022-12-28 18:25: Train Epoch 4: 23/159 Loss: 0.234022
2022-12-28 18:26: Train Epoch 4: 24/159 Loss: 0.286268
2022-12-28 18:28: Train Epoch 4: 25/159 Loss: 0.297083
2022-12-28 18:29: Train Epoch 4: 26/159 Loss: 0.256113
2022-12-28 18:31: Train Epoch 4: 27/159 Loss: 0.247402
2022-12-28 18:32: Train Epoch 4: 28/159 Loss: 0.276349
2022-12-28 18:33: Train Epoch 4: 29/159 Loss: 0.292635
2022-12-28 18:35: Train Epoch 4: 30/159 Loss: 0.295327
2022-12-28 18:36: Train Epoch 4: 31/159 Loss: 0.258449
2022-12-28 18:38: Train Epoch 4: 32/159 Loss: 0.256799
2022-12-28 18:39: Train Epoch 4: 33/159 Loss: 0.213291
2022-12-28 18:40: Train Epoch 4: 34/159 Loss: 0.301724
2022-12-28 18:42: Train Epoch 4: 35/159 Loss: 0.238655
2022-12-28 18:43: Train Epoch 4: 36/159 Loss: 0.228333
2022-12-28 18:45: Train Epoch 4: 37/159 Loss: 0.377906
2022-12-28 18:46: Train Epoch 4: 38/159 Loss: 0.262599
2022-12-28 18:47: Train Epoch 4: 39/159 Loss: 0.241769
2022-12-28 18:49: Train Epoch 4: 40/159 Loss: 0.199516
2022-12-28 18:50: Train Epoch 4: 41/159 Loss: 0.308167
2022-12-28 18:51: Train Epoch 4: 42/159 Loss: 0.297952
2022-12-28 18:53: Train Epoch 4: 43/159 Loss: 0.238437
2022-12-28 18:54: Train Epoch 4: 44/159 Loss: 0.243557
2022-12-28 18:56: Train Epoch 4: 45/159 Loss: 0.313524
2022-12-28 18:57: Train Epoch 4: 46/159 Loss: 0.269093
2022-12-28 18:58: Train Epoch 4: 47/159 Loss: 0.230072
2022-12-28 19:00: Train Epoch 4: 48/159 Loss: 0.294694
2022-12-28 19:01: Train Epoch 4: 49/159 Loss: 0.276403
2022-12-28 19:02: Train Epoch 4: 50/159 Loss: 0.230422
2022-12-28 19:04: Train Epoch 4: 51/159 Loss: 0.239968
2022-12-28 19:05: Train Epoch 4: 52/159 Loss: 0.281480
2022-12-28 19:07: Train Epoch 4: 53/159 Loss: 0.282314
2022-12-28 19:08: Train Epoch 4: 54/159 Loss: 0.223847
2022-12-28 19:09: Train Epoch 4: 55/159 Loss: 0.274558
2022-12-28 19:11: Train Epoch 4: 56/159 Loss: 0.241532
2022-12-28 19:12: Train Epoch 4: 57/159 Loss: 0.210439
2022-12-28 19:14: Train Epoch 4: 58/159 Loss: 0.273871
2022-12-28 19:15: Train Epoch 4: 59/159 Loss: 0.246163
2022-12-28 19:16: Train Epoch 4: 60/159 Loss: 0.267492
2022-12-28 19:18: Train Epoch 4: 61/159 Loss: 0.250520
2022-12-28 19:19: Train Epoch 4: 62/159 Loss: 0.304240
2022-12-28 19:21: Train Epoch 4: 63/159 Loss: 0.326301
2022-12-28 19:22: Train Epoch 4: 64/159 Loss: 0.282729
2022-12-28 19:23: Train Epoch 4: 65/159 Loss: 0.288697
2022-12-28 19:25: Train Epoch 4: 66/159 Loss: 0.240596
2022-12-28 19:26: Train Epoch 4: 67/159 Loss: 0.301720
2022-12-28 19:28: Train Epoch 4: 68/159 Loss: 0.286076
2022-12-28 19:29: Train Epoch 4: 69/159 Loss: 0.236665
2022-12-28 19:30: Train Epoch 4: 70/159 Loss: 0.234005
2022-12-28 19:32: Train Epoch 4: 71/159 Loss: 0.265261
2022-12-28 19:33: Train Epoch 4: 72/159 Loss: 0.293868
2022-12-28 19:35: Train Epoch 4: 73/159 Loss: 0.263248
2022-12-28 19:36: Train Epoch 4: 74/159 Loss: 0.228118
2022-12-28 19:37: Train Epoch 4: 75/159 Loss: 0.276563
2022-12-28 19:39: Train Epoch 4: 76/159 Loss: 0.225840
2022-12-28 19:40: Train Epoch 4: 77/159 Loss: 0.319561
2022-12-28 19:42: Train Epoch 4: 78/159 Loss: 0.321234
2022-12-28 19:43: Train Epoch 4: 79/159 Loss: 0.289239
2022-12-28 19:44: Train Epoch 4: 80/159 Loss: 0.267855
2022-12-28 19:46: Train Epoch 4: 81/159 Loss: 0.251730
2022-12-28 19:47: Train Epoch 4: 82/159 Loss: 0.262171
2022-12-28 19:49: Train Epoch 4: 83/159 Loss: 0.243595
2022-12-28 19:50: Train Epoch 4: 84/159 Loss: 0.283552
2022-12-28 19:51: Train Epoch 4: 85/159 Loss: 0.239862
2022-12-28 19:53: Train Epoch 4: 86/159 Loss: 0.223791
2022-12-28 19:54: Train Epoch 4: 87/159 Loss: 0.265502
2022-12-28 19:56: Train Epoch 4: 88/159 Loss: 0.253481
2022-12-28 19:57: Train Epoch 4: 89/159 Loss: 0.275863
2022-12-28 19:58: Train Epoch 4: 90/159 Loss: 0.257054
2022-12-28 20:00: Train Epoch 4: 91/159 Loss: 0.206802
2022-12-28 20:01: Train Epoch 4: 92/159 Loss: 0.279378
2022-12-28 20:03: Train Epoch 4: 93/159 Loss: 0.279544
2022-12-28 20:04: Train Epoch 4: 94/159 Loss: 0.248701
2022-12-28 20:05: Train Epoch 4: 95/159 Loss: 0.310964
2022-12-28 20:07: Train Epoch 4: 96/159 Loss: 0.299567
2022-12-28 20:08: Train Epoch 4: 97/159 Loss: 0.292680
2022-12-28 20:10: Train Epoch 4: 98/159 Loss: 0.321639
2022-12-28 20:11: Train Epoch 4: 99/159 Loss: 0.291686
2022-12-28 20:12: Train Epoch 4: 100/159 Loss: 0.343442
2022-12-28 20:14: Train Epoch 4: 101/159 Loss: 0.301590
2022-12-28 20:15: Train Epoch 4: 102/159 Loss: 0.234748
2022-12-28 20:17: Train Epoch 4: 103/159 Loss: 0.279450
2022-12-28 20:18: Train Epoch 4: 104/159 Loss: 0.228467
2022-12-28 20:20: Train Epoch 4: 105/159 Loss: 0.347702
2022-12-28 20:21: Train Epoch 4: 106/159 Loss: 0.233328
2022-12-28 20:22: Train Epoch 4: 107/159 Loss: 0.320658
2022-12-28 20:24: Train Epoch 4: 108/159 Loss: 0.240621
2022-12-28 20:25: Train Epoch 4: 109/159 Loss: 0.251807
2022-12-28 20:27: Train Epoch 4: 110/159 Loss: 0.336526
2022-12-28 20:28: Train Epoch 4: 111/159 Loss: 0.277895
2022-12-28 20:29: Train Epoch 4: 112/159 Loss: 0.238691
2022-12-28 20:31: Train Epoch 4: 113/159 Loss: 0.202044
2022-12-28 20:32: Train Epoch 4: 114/159 Loss: 0.248221
2022-12-28 20:34: Train Epoch 4: 115/159 Loss: 0.266446
2022-12-28 20:35: Train Epoch 4: 116/159 Loss: 0.350170
2022-12-28 20:36: Train Epoch 4: 117/159 Loss: 0.234397
2022-12-28 20:38: Train Epoch 4: 118/159 Loss: 0.304684
2022-12-28 20:39: Train Epoch 4: 119/159 Loss: 0.222399
2022-12-28 20:41: Train Epoch 4: 120/159 Loss: 0.245396
2022-12-28 20:42: Train Epoch 4: 121/159 Loss: 0.238839
2022-12-28 20:43: Train Epoch 4: 122/159 Loss: 0.311642
2022-12-28 20:45: Train Epoch 4: 123/159 Loss: 0.264815
2022-12-28 20:46: Train Epoch 4: 124/159 Loss: 0.254990
2022-12-28 20:48: Train Epoch 4: 125/159 Loss: 0.292574
2022-12-28 20:49: Train Epoch 4: 126/159 Loss: 0.288374
2022-12-28 20:50: Train Epoch 4: 127/159 Loss: 0.264394
2022-12-28 20:52: Train Epoch 4: 128/159 Loss: 0.252394
2022-12-28 20:53: Train Epoch 4: 129/159 Loss: 0.327701
2022-12-28 20:55: Train Epoch 4: 130/159 Loss: 0.212472
2022-12-28 20:56: Train Epoch 4: 131/159 Loss: 0.256277
2022-12-28 20:57: Train Epoch 4: 132/159 Loss: 0.250575
