2022-12-28 00:10: log dir: /home/joel.chacon/tmp/WildFire_GCN/experiments/2020/2022122800103487815188058
2022-12-28 00:10: Experiment log path in: /home/joel.chacon/tmp/WildFire_GCN/experiments/2020/2022122800103487815188058
2022-12-28 00:10: Argument: Namespace(batch_size=256, clc='vec', cuda=True, dataset='2020', dataset_root='/home/joel.chacon/tmp/datasets_grl/', debug=False, default_graph=True, device='cpu', dynamic_features=['1 km 16 days NDVI', 'LST_Day_1km', 'LST_Night_1km', 'era5_max_d2m', 'era5_max_t2m', 'era5_max_sp', 'era5_max_tp', 'sminx', 'era5_max_wind_speed', 'era5_min_rh'], early_stop=True, early_stop_patience=8, embed_dim=32, epochs=30, grad_norm=False, horizon=1, input_dim=25, lag=10, link_len=2, log_dir='/home/joel.chacon/tmp/WildFire_GCN/experiments/2020/2022122800103487815188058', log_step=1, loss_func='nllloss', lr_decay=True, lr_decay_rate=0.1, lr_decay_step='15, 20', lr_init=0.0005, max_grad_norm=5, mode='train', model='fire_GCN', nan_fill=0.5, num_layers=1, num_nodes=625, num_workers=20, output_dim=2, patch_height=25, patch_width=25, persistent_workers=True, pin_memory=True, plot=False, positive_weight=0.5, prefetch_factor=2, real_value=True, rnn_units=16, seed=10000, static_features=['dem_mean', 'slope_mean', 'roads_distance', 'waterway_distance', 'population_density'], teacher_forcing=False, weight_decay=0.0, window_len=10)
2022-12-28 00:10: Argument batch_size: 256
2022-12-28 00:10: Argument clc: 'vec'
2022-12-28 00:10: Argument cuda: True
2022-12-28 00:10: Argument dataset: '2020'
2022-12-28 00:10: Argument dataset_root: '/home/joel.chacon/tmp/datasets_grl/'
2022-12-28 00:10: Argument debug: False
2022-12-28 00:10: Argument default_graph: True
2022-12-28 00:10: Argument device: 'cpu'
2022-12-28 00:10: Argument dynamic_features: ['1 km 16 days NDVI', 'LST_Day_1km', 'LST_Night_1km', 'era5_max_d2m', 'era5_max_t2m', 'era5_max_sp', 'era5_max_tp', 'sminx', 'era5_max_wind_speed', 'era5_min_rh']
2022-12-28 00:10: Argument early_stop: True
2022-12-28 00:10: Argument early_stop_patience: 8
2022-12-28 00:10: Argument embed_dim: 32
2022-12-28 00:10: Argument epochs: 30
2022-12-28 00:10: Argument grad_norm: False
2022-12-28 00:10: Argument horizon: 1
2022-12-28 00:10: Argument input_dim: 25
2022-12-28 00:10: Argument lag: 10
2022-12-28 00:10: Argument link_len: 2
2022-12-28 00:10: Argument log_dir: '/home/joel.chacon/tmp/WildFire_GCN/experiments/2020/2022122800103487815188058'
2022-12-28 00:10: Argument log_step: 1
2022-12-28 00:10: Argument loss_func: 'nllloss'
2022-12-28 00:10: Argument lr_decay: True
2022-12-28 00:10: Argument lr_decay_rate: 0.1
2022-12-28 00:10: Argument lr_decay_step: '15, 20'
2022-12-28 00:10: Argument lr_init: 0.0005
2022-12-28 00:10: Argument max_grad_norm: 5
2022-12-28 00:10: Argument mode: 'train'
2022-12-28 00:10: Argument model: 'fire_GCN'
2022-12-28 00:10: Argument nan_fill: 0.5
2022-12-28 00:10: Argument num_layers: 1
2022-12-28 00:10: Argument num_nodes: 625
2022-12-28 00:10: Argument num_workers: 20
2022-12-28 00:10: Argument output_dim: 2
2022-12-28 00:10: Argument patch_height: 25
2022-12-28 00:10: Argument patch_width: 25
2022-12-28 00:10: Argument persistent_workers: True
2022-12-28 00:10: Argument pin_memory: True
2022-12-28 00:10: Argument plot: False
2022-12-28 00:10: Argument positive_weight: 0.5
2022-12-28 00:10: Argument prefetch_factor: 2
2022-12-28 00:10: Argument real_value: True
2022-12-28 00:10: Argument rnn_units: 16
2022-12-28 00:10: Argument seed: 10000
2022-12-28 00:10: Argument static_features: ['dem_mean', 'slope_mean', 'roads_distance', 'waterway_distance', 'population_density']
2022-12-28 00:10: Argument teacher_forcing: False
2022-12-28 00:10: Argument weight_decay: 0.0
2022-12-28 00:10: Argument window_len: 10
2022-12-28 00:11: Train Epoch 1: 0/159 Loss: 0.637628
2022-12-28 00:12: Train Epoch 1: 1/159 Loss: 2.252358
2022-12-28 00:13: Train Epoch 1: 2/159 Loss: 0.756622
2022-12-28 00:14: Train Epoch 1: 3/159 Loss: 0.970453
2022-12-28 00:15: Train Epoch 1: 4/159 Loss: 1.389031
2022-12-28 00:16: Train Epoch 1: 5/159 Loss: 1.367288
2022-12-28 00:16: Train Epoch 1: 6/159 Loss: 1.177349
2022-12-28 00:17: Train Epoch 1: 7/159 Loss: 0.805898
2022-12-28 00:18: Train Epoch 1: 8/159 Loss: 0.638962
2022-12-28 00:19: Train Epoch 1: 9/159 Loss: 0.788697
2022-12-28 00:20: Train Epoch 1: 10/159 Loss: 0.995008
2022-12-28 00:21: Train Epoch 1: 11/159 Loss: 0.985770
2022-12-28 00:22: Train Epoch 1: 12/159 Loss: 0.710399
2022-12-28 00:23: Train Epoch 1: 13/159 Loss: 0.619306
2022-12-28 00:23: Train Epoch 1: 14/159 Loss: 0.725797
2022-12-28 00:24: Train Epoch 1: 15/159 Loss: 0.840097
2022-12-28 00:25: Train Epoch 1: 16/159 Loss: 0.913369
2022-12-28 00:26: Train Epoch 1: 17/159 Loss: 0.829590
2022-12-28 00:27: Train Epoch 1: 18/159 Loss: 0.626349
2022-12-28 00:28: Train Epoch 1: 19/159 Loss: 0.616934
2022-12-28 00:29: Train Epoch 1: 20/159 Loss: 0.677814
2022-12-28 00:30: Train Epoch 1: 21/159 Loss: 0.720028
2022-12-28 00:30: Train Epoch 1: 22/159 Loss: 0.741748
2022-12-28 00:31: Train Epoch 1: 23/159 Loss: 0.669149
2022-12-28 00:32: Train Epoch 1: 24/159 Loss: 0.644100
2022-12-28 00:33: Train Epoch 1: 25/159 Loss: 0.660386
2022-12-28 00:34: Train Epoch 1: 26/159 Loss: 0.651882
2022-12-28 00:35: Train Epoch 1: 27/159 Loss: 0.693479
2022-12-28 00:36: Train Epoch 1: 28/159 Loss: 0.756360
2022-12-28 00:37: Train Epoch 1: 29/159 Loss: 0.634334
2022-12-28 00:37: Train Epoch 1: 30/159 Loss: 0.628229
2022-12-28 00:38: Train Epoch 1: 31/159 Loss: 0.661084
2022-12-28 00:39: Train Epoch 1: 32/159 Loss: 0.667265
2022-12-28 00:40: Train Epoch 1: 33/159 Loss: 0.656245
2022-12-28 00:41: Train Epoch 1: 34/159 Loss: 0.622546
2022-12-28 00:42: Train Epoch 1: 35/159 Loss: 0.628002
2022-12-28 00:43: Train Epoch 1: 36/159 Loss: 0.594318
2022-12-28 00:44: Train Epoch 1: 37/159 Loss: 0.652478
2022-12-28 00:45: Train Epoch 1: 38/159 Loss: 0.628959
2022-12-28 00:45: Train Epoch 1: 39/159 Loss: 0.621778
2022-12-28 00:46: Train Epoch 1: 40/159 Loss: 0.612582
2022-12-28 00:47: Train Epoch 1: 41/159 Loss: 0.634352
2022-12-28 00:48: Train Epoch 1: 42/159 Loss: 0.620113
2022-12-28 00:49: Train Epoch 1: 43/159 Loss: 0.634757
2022-12-28 00:50: Train Epoch 1: 44/159 Loss: 0.598792
2022-12-28 00:51: Train Epoch 1: 45/159 Loss: 0.594592
2022-12-28 00:52: Train Epoch 1: 46/159 Loss: 0.597932
2022-12-28 00:52: Train Epoch 1: 47/159 Loss: 0.631761
2022-12-28 00:53: Train Epoch 1: 48/159 Loss: 0.655338
2022-12-28 00:54: Train Epoch 1: 49/159 Loss: 0.618168
2022-12-28 00:55: Train Epoch 1: 50/159 Loss: 0.615801
2022-12-28 00:56: Train Epoch 1: 51/159 Loss: 0.611027
2022-12-28 00:57: Train Epoch 1: 52/159 Loss: 0.623722
2022-12-28 00:58: Train Epoch 1: 53/159 Loss: 0.618865
2022-12-28 00:59: Train Epoch 1: 54/159 Loss: 0.589630
2022-12-28 01:00: Train Epoch 1: 55/159 Loss: 0.575459
2022-12-28 01:00: Train Epoch 1: 56/159 Loss: 0.603009
2022-12-28 01:01: Train Epoch 1: 57/159 Loss: 0.596673
2022-12-28 01:02: Train Epoch 1: 58/159 Loss: 0.592803
2022-12-28 01:03: Train Epoch 1: 59/159 Loss: 0.567725
2022-12-28 01:04: Train Epoch 1: 60/159 Loss: 0.565647
2022-12-28 01:05: Train Epoch 1: 61/159 Loss: 0.587809
2022-12-28 01:06: Train Epoch 1: 62/159 Loss: 0.600984
2022-12-28 01:07: Train Epoch 1: 63/159 Loss: 0.576172
2022-12-28 01:07: Train Epoch 1: 64/159 Loss: 0.569325
2022-12-28 01:08: Train Epoch 1: 65/159 Loss: 0.588152
2022-12-28 01:09: Train Epoch 1: 66/159 Loss: 0.524622
2022-12-28 01:10: Train Epoch 1: 67/159 Loss: 0.540345
2022-12-28 01:11: Train Epoch 1: 68/159 Loss: 0.591355
2022-12-28 01:12: Train Epoch 1: 69/159 Loss: 0.592441
2022-12-28 01:13: Train Epoch 1: 70/159 Loss: 0.564851
2022-12-28 01:14: Train Epoch 1: 71/159 Loss: 0.578819
2022-12-28 01:15: Train Epoch 1: 72/159 Loss: 0.579266
2022-12-28 01:15: Train Epoch 1: 73/159 Loss: 0.571862
2022-12-28 01:16: Train Epoch 1: 74/159 Loss: 0.556707
2022-12-28 01:17: Train Epoch 1: 75/159 Loss: 0.570226
2022-12-28 01:18: Train Epoch 1: 76/159 Loss: 0.626378
2022-12-28 01:19: Train Epoch 1: 77/159 Loss: 0.520824
2022-12-28 01:20: Train Epoch 1: 78/159 Loss: 0.528146
2022-12-28 01:21: Train Epoch 1: 79/159 Loss: 0.578529
2022-12-28 01:22: Train Epoch 1: 80/159 Loss: 0.540604
2022-12-28 01:23: Train Epoch 1: 81/159 Loss: 0.558323
2022-12-28 01:23: Train Epoch 1: 82/159 Loss: 0.526479
2022-12-28 01:24: Train Epoch 1: 83/159 Loss: 0.495391
2022-12-28 01:25: Train Epoch 1: 84/159 Loss: 0.518011
2022-12-28 01:26: Train Epoch 1: 85/159 Loss: 0.490159
2022-12-28 01:27: Train Epoch 1: 86/159 Loss: 0.507843
2022-12-28 01:28: Train Epoch 1: 87/159 Loss: 0.496394
2022-12-28 01:29: Train Epoch 1: 88/159 Loss: 0.506802
2022-12-28 01:30: Train Epoch 1: 89/159 Loss: 0.540065
2022-12-28 01:31: Train Epoch 1: 90/159 Loss: 0.503267
2022-12-28 01:31: Train Epoch 1: 91/159 Loss: 0.519167
2022-12-28 01:32: Train Epoch 1: 92/159 Loss: 0.473277
2022-12-28 01:33: Train Epoch 1: 93/159 Loss: 0.499504
2022-12-28 01:34: Train Epoch 1: 94/159 Loss: 0.517397
2022-12-28 01:35: Train Epoch 1: 95/159 Loss: 0.467517
2022-12-28 01:36: Train Epoch 1: 96/159 Loss: 0.453527
2022-12-28 01:37: Train Epoch 1: 97/159 Loss: 0.496906
2022-12-28 01:38: Train Epoch 1: 98/159 Loss: 0.456036
2022-12-28 01:38: Train Epoch 1: 99/159 Loss: 0.470411
2022-12-28 01:39: Train Epoch 1: 100/159 Loss: 0.463183
2022-12-28 01:40: Train Epoch 1: 101/159 Loss: 0.466925
2022-12-28 01:41: Train Epoch 1: 102/159 Loss: 0.461121
2022-12-28 01:42: Train Epoch 1: 103/159 Loss: 0.466864
2022-12-28 01:43: Train Epoch 1: 104/159 Loss: 0.446542
2022-12-28 01:44: Train Epoch 1: 105/159 Loss: 0.410937
2022-12-28 01:45: Train Epoch 1: 106/159 Loss: 0.410815
2022-12-28 01:46: Train Epoch 1: 107/159 Loss: 0.502038
2022-12-28 01:46: Train Epoch 1: 108/159 Loss: 0.442305
2022-12-28 01:47: Train Epoch 1: 109/159 Loss: 0.422857
2022-12-28 01:48: Train Epoch 1: 110/159 Loss: 0.452041
2022-12-28 01:49: Train Epoch 1: 111/159 Loss: 0.490580
2022-12-28 01:50: Train Epoch 1: 112/159 Loss: 0.437410
2022-12-28 01:51: Train Epoch 1: 113/159 Loss: 0.415994
2022-12-28 01:52: Train Epoch 1: 114/159 Loss: 0.380820
2022-12-28 01:53: Train Epoch 1: 115/159 Loss: 0.474899
2022-12-28 01:54: Train Epoch 1: 116/159 Loss: 0.431756
2022-12-28 01:54: Train Epoch 1: 117/159 Loss: 0.410652
2022-12-28 01:55: Train Epoch 1: 118/159 Loss: 0.401319
2022-12-28 01:56: Train Epoch 1: 119/159 Loss: 0.474909
2022-12-28 01:57: Train Epoch 1: 120/159 Loss: 0.443553
2022-12-28 01:58: Train Epoch 1: 121/159 Loss: 0.419209
2022-12-28 01:59: Train Epoch 1: 122/159 Loss: 0.397928
2022-12-28 02:00: Train Epoch 1: 123/159 Loss: 0.394352
2022-12-28 02:01: Train Epoch 1: 124/159 Loss: 0.404371
2022-12-28 02:01: Train Epoch 1: 125/159 Loss: 0.421240
2022-12-28 02:02: Train Epoch 1: 126/159 Loss: 0.395537
2022-12-28 02:03: Train Epoch 1: 127/159 Loss: 0.373589
2022-12-28 02:04: Train Epoch 1: 128/159 Loss: 0.376774
2022-12-28 02:05: Train Epoch 1: 129/159 Loss: 0.338723
2022-12-28 02:06: Train Epoch 1: 130/159 Loss: 0.351800
2022-12-28 02:07: Train Epoch 1: 131/159 Loss: 0.317285
2022-12-28 02:08: Train Epoch 1: 132/159 Loss: 0.333061
2022-12-28 02:08: Train Epoch 1: 133/159 Loss: 0.350889
2022-12-28 02:09: Train Epoch 1: 134/159 Loss: 0.380403
2022-12-28 02:10: Train Epoch 1: 135/159 Loss: 0.386854
2022-12-28 02:11: Train Epoch 1: 136/159 Loss: 0.338389
2022-12-28 02:12: Train Epoch 1: 137/159 Loss: 0.343648
2022-12-28 02:13: Train Epoch 1: 138/159 Loss: 0.335138
2022-12-28 02:14: Train Epoch 1: 139/159 Loss: 0.373379
2022-12-28 02:14: Train Epoch 1: 140/159 Loss: 0.404013
2022-12-28 02:15: Train Epoch 1: 141/159 Loss: 0.393850
2022-12-28 02:16: Train Epoch 1: 142/159 Loss: 0.329841
2022-12-28 02:17: Train Epoch 1: 143/159 Loss: 0.326065
2022-12-28 02:18: Train Epoch 1: 144/159 Loss: 0.307642
2022-12-28 02:19: Train Epoch 1: 145/159 Loss: 0.376663
2022-12-28 02:19: Train Epoch 1: 146/159 Loss: 0.348295
2022-12-28 02:20: Train Epoch 1: 147/159 Loss: 0.354185
2022-12-28 02:21: Train Epoch 1: 148/159 Loss: 0.332954
2022-12-28 02:22: Train Epoch 1: 149/159 Loss: 0.324818
2022-12-28 02:23: Train Epoch 1: 150/159 Loss: 0.323455
2022-12-28 02:24: Train Epoch 1: 151/159 Loss: 0.337233
2022-12-28 02:25: Train Epoch 1: 152/159 Loss: 0.365958
2022-12-28 02:25: Train Epoch 1: 153/159 Loss: 0.356865
2022-12-28 02:26: Train Epoch 1: 154/159 Loss: 0.316508
2022-12-28 02:27: Train Epoch 1: 155/159 Loss: 0.300573
2022-12-28 02:28: Train Epoch 1: 156/159 Loss: 0.323529
2022-12-28 02:29: Train Epoch 1: 157/159 Loss: 0.328603
2022-12-28 02:29: Train Epoch 1: 158/159 Loss: 0.298898
2022-12-28 02:29: **********Train Epoch 1: averaged Loss: 0.555282 
2022-12-28 02:29: 
Epoch time elapsed: 8340.49160861969

2022-12-28 02:33: 
 metrics validation: {'precision': 0.7608695652173914, 'recall': 0.5384615384615384, 'f1-score': 0.6306306306306305, 'support': 1300, 'AUC': 0.7869739644970414, 'AUCPR': 0.6976845143544872, 'TP': 700, 'FP': 220, 'TN': 2380, 'FN': 600} 

2022-12-28 02:33: **********Val Epoch 1: average Loss: 0.584680
2022-12-28 02:33: *********************************Current best model saved!
2022-12-28 02:37: 
 Testing metrics {'precision': 0.8251428571428572, 'recall': 0.5879478827361564, 'f1-score': 0.6866381359961959, 'support': 1228, 'AUC': 0.8604318746087491, 'AUCPR': 0.7915122728826713, 'TP': 722, 'FP': 153, 'TN': 2303, 'FN': 506} 

2022-12-28 02:38: Train Epoch 2: 0/159 Loss: 0.287372
2022-12-28 02:39: Train Epoch 2: 1/159 Loss: 0.390006
2022-12-28 02:40: Train Epoch 2: 2/159 Loss: 0.309885
2022-12-28 02:41: Train Epoch 2: 3/159 Loss: 0.359354
2022-12-28 02:42: Train Epoch 2: 4/159 Loss: 0.306277
2022-12-28 02:43: Train Epoch 2: 5/159 Loss: 0.382350
2022-12-28 02:44: Train Epoch 2: 6/159 Loss: 0.335754
2022-12-28 02:45: Train Epoch 2: 7/159 Loss: 0.351820
2022-12-28 02:46: Train Epoch 2: 8/159 Loss: 0.365513
2022-12-28 02:47: Train Epoch 2: 9/159 Loss: 0.329955
2022-12-28 02:48: Train Epoch 2: 10/159 Loss: 0.363902
2022-12-28 02:49: Train Epoch 2: 11/159 Loss: 0.347508
2022-12-28 02:50: Train Epoch 2: 12/159 Loss: 0.348815
2022-12-28 02:50: Train Epoch 2: 13/159 Loss: 0.311391
2022-12-28 02:51: Train Epoch 2: 14/159 Loss: 0.297920
2022-12-28 02:52: Train Epoch 2: 15/159 Loss: 0.313121
2022-12-28 02:53: Train Epoch 2: 16/159 Loss: 0.331488
2022-12-28 02:54: Train Epoch 2: 17/159 Loss: 0.321303
2022-12-28 02:55: Train Epoch 2: 18/159 Loss: 0.377608
2022-12-28 02:56: Train Epoch 2: 19/159 Loss: 0.328401
2022-12-28 02:57: Train Epoch 2: 20/159 Loss: 0.322658
2022-12-28 02:58: Train Epoch 2: 21/159 Loss: 0.286833
2022-12-28 02:58: Train Epoch 2: 22/159 Loss: 0.358916
2022-12-28 02:59: Train Epoch 2: 23/159 Loss: 0.277725
2022-12-28 03:00: Train Epoch 2: 24/159 Loss: 0.290064
2022-12-28 03:01: Train Epoch 2: 25/159 Loss: 0.283626
2022-12-28 03:02: Train Epoch 2: 26/159 Loss: 0.356995
2022-12-28 03:03: Train Epoch 2: 27/159 Loss: 0.302495
2022-12-28 03:04: Train Epoch 2: 28/159 Loss: 0.278804
2022-12-28 03:05: Train Epoch 2: 29/159 Loss: 0.310833
2022-12-28 03:06: Train Epoch 2: 30/159 Loss: 0.265251
2022-12-28 03:06: Train Epoch 2: 31/159 Loss: 0.330883
2022-12-28 03:07: Train Epoch 2: 32/159 Loss: 0.314358
2022-12-28 03:08: Train Epoch 2: 33/159 Loss: 0.325194
2022-12-28 03:09: Train Epoch 2: 34/159 Loss: 0.283888
2022-12-28 03:10: Train Epoch 2: 35/159 Loss: 0.257818
2022-12-28 03:11: Train Epoch 2: 36/159 Loss: 0.264785
2022-12-28 03:12: Train Epoch 2: 37/159 Loss: 0.250085
2022-12-28 03:13: Train Epoch 2: 38/159 Loss: 0.324984
2022-12-28 03:13: Train Epoch 2: 39/159 Loss: 0.319164
2022-12-28 03:14: Train Epoch 2: 40/159 Loss: 0.275285
2022-12-28 03:15: Train Epoch 2: 41/159 Loss: 0.317462
2022-12-28 03:16: Train Epoch 2: 42/159 Loss: 0.312768
2022-12-28 03:17: Train Epoch 2: 43/159 Loss: 0.257453
2022-12-28 03:18: Train Epoch 2: 44/159 Loss: 0.283086
2022-12-28 03:19: Train Epoch 2: 45/159 Loss: 0.308612
2022-12-28 03:20: Train Epoch 2: 46/159 Loss: 0.268417
2022-12-28 03:21: Train Epoch 2: 47/159 Loss: 0.256899
2022-12-28 03:21: Train Epoch 2: 48/159 Loss: 0.286262
2022-12-28 03:22: Train Epoch 2: 49/159 Loss: 0.329381
2022-12-28 03:23: Train Epoch 2: 50/159 Loss: 0.257096
2022-12-28 03:24: Train Epoch 2: 51/159 Loss: 0.257355
2022-12-28 03:25: Train Epoch 2: 52/159 Loss: 0.334179
2022-12-28 03:26: Train Epoch 2: 53/159 Loss: 0.301447
2022-12-28 03:27: Train Epoch 2: 54/159 Loss: 0.272833
2022-12-28 03:28: Train Epoch 2: 55/159 Loss: 0.361221
2022-12-28 03:28: Train Epoch 2: 56/159 Loss: 0.381036
2022-12-28 03:29: Train Epoch 2: 57/159 Loss: 0.315006
2022-12-28 03:30: Train Epoch 2: 58/159 Loss: 0.267026
2022-12-28 03:31: Train Epoch 2: 59/159 Loss: 0.398656
2022-12-28 03:32: Train Epoch 2: 60/159 Loss: 0.236211
2022-12-28 03:33: Train Epoch 2: 61/159 Loss: 0.329353
2022-12-28 03:34: Train Epoch 2: 62/159 Loss: 0.332480
2022-12-28 03:35: Train Epoch 2: 63/159 Loss: 0.280530
2022-12-28 03:35: Train Epoch 2: 64/159 Loss: 0.266671
2022-12-28 03:36: Train Epoch 2: 65/159 Loss: 0.336169
2022-12-28 03:37: Train Epoch 2: 66/159 Loss: 0.317043
2022-12-28 03:38: Train Epoch 2: 67/159 Loss: 0.294706
2022-12-28 03:39: Train Epoch 2: 68/159 Loss: 0.290847
2022-12-28 03:40: Train Epoch 2: 69/159 Loss: 0.316825
2022-12-28 03:41: Train Epoch 2: 70/159 Loss: 0.294686
2022-12-28 03:42: Train Epoch 2: 71/159 Loss: 0.234267
2022-12-28 03:43: Train Epoch 2: 72/159 Loss: 0.333836
2022-12-28 03:43: Train Epoch 2: 73/159 Loss: 0.271995
2022-12-28 03:44: Train Epoch 2: 74/159 Loss: 0.270781
2022-12-28 03:45: Train Epoch 2: 75/159 Loss: 0.380196
2022-12-28 03:46: Train Epoch 2: 76/159 Loss: 0.252113
2022-12-28 03:47: Train Epoch 2: 77/159 Loss: 0.250227
2022-12-28 03:48: Train Epoch 2: 78/159 Loss: 0.399469
2022-12-28 03:49: Train Epoch 2: 79/159 Loss: 0.272570
2022-12-28 03:50: Train Epoch 2: 80/159 Loss: 0.298725
2022-12-28 03:51: Train Epoch 2: 81/159 Loss: 0.308896
2022-12-28 03:51: Train Epoch 2: 82/159 Loss: 0.249503
2022-12-28 03:52: Train Epoch 2: 83/159 Loss: 0.208274
2022-12-28 03:53: Train Epoch 2: 84/159 Loss: 0.316026
2022-12-28 03:54: Train Epoch 2: 85/159 Loss: 0.350130
2022-12-28 03:55: Train Epoch 2: 86/159 Loss: 0.258674
2022-12-28 03:56: Train Epoch 2: 87/159 Loss: 0.264171
2022-12-28 03:57: Train Epoch 2: 88/159 Loss: 0.273114
2022-12-28 03:58: Train Epoch 2: 89/159 Loss: 0.262177
2022-12-28 03:59: Train Epoch 2: 90/159 Loss: 0.284949
2022-12-28 03:59: Train Epoch 2: 91/159 Loss: 0.281467
2022-12-28 04:00: Train Epoch 2: 92/159 Loss: 0.335489
2022-12-28 04:01: Train Epoch 2: 93/159 Loss: 0.238681
2022-12-28 04:02: Train Epoch 2: 94/159 Loss: 0.279502
2022-12-28 04:03: Train Epoch 2: 95/159 Loss: 0.249841
2022-12-28 04:04: Train Epoch 2: 96/159 Loss: 0.289338
2022-12-28 04:05: Train Epoch 2: 97/159 Loss: 0.322247
2022-12-28 04:06: Train Epoch 2: 98/159 Loss: 0.282019
2022-12-28 04:07: Train Epoch 2: 99/159 Loss: 0.247413
2022-12-28 04:08: Train Epoch 2: 100/159 Loss: 0.309280
2022-12-28 04:08: Train Epoch 2: 101/159 Loss: 0.267233
2022-12-28 04:09: Train Epoch 2: 102/159 Loss: 0.284426
2022-12-28 04:10: Train Epoch 2: 103/159 Loss: 0.239033
2022-12-28 04:11: Train Epoch 2: 104/159 Loss: 0.287699
2022-12-28 04:12: Train Epoch 2: 105/159 Loss: 0.263802
2022-12-28 04:13: Train Epoch 2: 106/159 Loss: 0.360038
2022-12-28 04:14: Train Epoch 2: 107/159 Loss: 0.264672
2022-12-28 04:15: Train Epoch 2: 108/159 Loss: 0.221461
2022-12-28 04:16: Train Epoch 2: 109/159 Loss: 0.310871
2022-12-28 04:16: Train Epoch 2: 110/159 Loss: 0.310430
2022-12-28 04:17: Train Epoch 2: 111/159 Loss: 0.278471
2022-12-28 04:18: Train Epoch 2: 112/159 Loss: 0.288336
2022-12-28 04:19: Train Epoch 2: 113/159 Loss: 0.222400
2022-12-28 04:20: Train Epoch 2: 114/159 Loss: 0.279475
2022-12-28 04:21: Train Epoch 2: 115/159 Loss: 0.271736
2022-12-28 04:22: Train Epoch 2: 116/159 Loss: 0.280648
2022-12-28 04:23: Train Epoch 2: 117/159 Loss: 0.292600
2022-12-28 04:24: Train Epoch 2: 118/159 Loss: 0.293284
2022-12-28 04:24: Train Epoch 2: 119/159 Loss: 0.259771
2022-12-28 04:25: Train Epoch 2: 120/159 Loss: 0.280026
2022-12-28 04:26: Train Epoch 2: 121/159 Loss: 0.246286
2022-12-28 04:27: Train Epoch 2: 122/159 Loss: 0.251790
2022-12-28 04:28: Train Epoch 2: 123/159 Loss: 0.236381
2022-12-28 04:29: Train Epoch 2: 124/159 Loss: 0.255189
2022-12-28 04:30: Train Epoch 2: 125/159 Loss: 0.298944
2022-12-28 04:31: Train Epoch 2: 126/159 Loss: 0.263380
2022-12-28 04:31: Train Epoch 2: 127/159 Loss: 0.261526
2022-12-28 04:32: Train Epoch 2: 128/159 Loss: 0.271450
2022-12-28 04:33: Train Epoch 2: 129/159 Loss: 0.287140
2022-12-28 04:34: Train Epoch 2: 130/159 Loss: 0.250314
2022-12-28 04:35: Train Epoch 2: 131/159 Loss: 0.284614
2022-12-28 04:36: Train Epoch 2: 132/159 Loss: 0.271635
2022-12-28 04:37: Train Epoch 2: 133/159 Loss: 0.311516
2022-12-28 04:38: Train Epoch 2: 134/159 Loss: 0.267765
2022-12-28 04:39: Train Epoch 2: 135/159 Loss: 0.268576
2022-12-28 04:39: Train Epoch 2: 136/159 Loss: 0.304392
2022-12-28 04:40: Train Epoch 2: 137/159 Loss: 0.373150
2022-12-28 04:41: Train Epoch 2: 138/159 Loss: 0.261160
2022-12-28 04:42: Train Epoch 2: 139/159 Loss: 0.283855
2022-12-28 04:43: Train Epoch 2: 140/159 Loss: 0.352680
2022-12-28 04:44: Train Epoch 2: 141/159 Loss: 0.299446
2022-12-28 04:45: Train Epoch 2: 142/159 Loss: 0.329022
2022-12-28 04:46: Train Epoch 2: 143/159 Loss: 0.293962
2022-12-28 04:47: Train Epoch 2: 144/159 Loss: 0.257211
2022-12-28 04:48: Train Epoch 2: 145/159 Loss: 0.345066
2022-12-28 04:48: Train Epoch 2: 146/159 Loss: 0.298128
2022-12-28 04:49: Train Epoch 2: 147/159 Loss: 0.265875
2022-12-28 04:50: Train Epoch 2: 148/159 Loss: 0.298781
2022-12-28 04:51: Train Epoch 2: 149/159 Loss: 0.370285
2022-12-28 04:52: Train Epoch 2: 150/159 Loss: 0.346255
2022-12-28 04:53: Train Epoch 2: 151/159 Loss: 0.261101
2022-12-28 04:54: Train Epoch 2: 152/159 Loss: 0.328071
2022-12-28 04:55: Train Epoch 2: 153/159 Loss: 0.327665
2022-12-28 04:56: Train Epoch 2: 154/159 Loss: 0.253699
2022-12-28 04:56: Train Epoch 2: 155/159 Loss: 0.310716
2022-12-28 04:57: Train Epoch 2: 156/159 Loss: 0.385396
2022-12-28 04:58: Train Epoch 2: 157/159 Loss: 0.260342
2022-12-28 04:59: Train Epoch 2: 158/159 Loss: 0.374611
2022-12-28 04:59: **********Train Epoch 2: averaged Loss: 0.298373 
2022-12-28 04:59: 
Epoch time elapsed: 8474.73608636856

2022-12-28 05:02: 
 metrics validation: {'precision': 0.8282582216808769, 'recall': 0.5230769230769231, 'f1-score': 0.6412069778406412, 'support': 1300, 'AUC': 0.837721597633136, 'AUCPR': 0.7559876765096031, 'TP': 680, 'FP': 141, 'TN': 2459, 'FN': 620} 

2022-12-28 05:02: **********Val Epoch 2: average Loss: 0.630597
2022-12-28 05:06: 
 Testing metrics {'precision': 0.8251428571428572, 'recall': 0.5879478827361564, 'f1-score': 0.6866381359961959, 'support': 1228, 'AUC': 0.8604318746087491, 'AUCPR': 0.7915122728826713, 'TP': 722, 'FP': 153, 'TN': 2303, 'FN': 506} 

2022-12-28 05:07: Train Epoch 3: 0/159 Loss: 0.328110
2022-12-28 05:08: Train Epoch 3: 1/159 Loss: 0.290583
2022-12-28 05:09: Train Epoch 3: 2/159 Loss: 0.322050
2022-12-28 05:10: Train Epoch 3: 3/159 Loss: 0.330814
2022-12-28 05:11: Train Epoch 3: 4/159 Loss: 0.276168
2022-12-28 05:12: Train Epoch 3: 5/159 Loss: 0.344704
2022-12-28 05:13: Train Epoch 3: 6/159 Loss: 0.320264
2022-12-28 05:13: Train Epoch 3: 7/159 Loss: 0.315003
2022-12-28 05:14: Train Epoch 3: 8/159 Loss: 0.322094
2022-12-28 05:15: Train Epoch 3: 9/159 Loss: 0.392179
2022-12-28 05:16: Train Epoch 3: 10/159 Loss: 0.334317
2022-12-28 05:17: Train Epoch 3: 11/159 Loss: 0.324267
2022-12-28 05:18: Train Epoch 3: 12/159 Loss: 0.298653
2022-12-28 05:19: Train Epoch 3: 13/159 Loss: 0.279612
2022-12-28 05:20: Train Epoch 3: 14/159 Loss: 0.271022
2022-12-28 05:20: Train Epoch 3: 15/159 Loss: 0.318478
2022-12-28 05:21: Train Epoch 3: 16/159 Loss: 0.299532
2022-12-28 05:22: Train Epoch 3: 17/159 Loss: 0.375447
2022-12-28 05:23: Train Epoch 3: 18/159 Loss: 0.329363
2022-12-28 05:24: Train Epoch 3: 19/159 Loss: 0.326954
2022-12-28 05:25: Train Epoch 3: 20/159 Loss: 0.307679
2022-12-28 05:26: Train Epoch 3: 21/159 Loss: 0.279306
2022-12-28 05:27: Train Epoch 3: 22/159 Loss: 0.321106
2022-12-28 05:27: Train Epoch 3: 23/159 Loss: 0.291749
2022-12-28 05:28: Train Epoch 3: 24/159 Loss: 0.299374
2022-12-28 05:29: Train Epoch 3: 25/159 Loss: 0.319960
2022-12-28 05:30: Train Epoch 3: 26/159 Loss: 0.328662
2022-12-28 05:31: Train Epoch 3: 27/159 Loss: 0.307469
2022-12-28 05:32: Train Epoch 3: 28/159 Loss: 0.330801
2022-12-28 05:33: Train Epoch 3: 29/159 Loss: 0.342455
2022-12-28 05:34: Train Epoch 3: 30/159 Loss: 0.342329
2022-12-28 05:35: Train Epoch 3: 31/159 Loss: 0.278127
2022-12-28 05:35: Train Epoch 3: 32/159 Loss: 0.321824
2022-12-28 05:36: Train Epoch 3: 33/159 Loss: 0.313210
2022-12-28 05:37: Train Epoch 3: 34/159 Loss: 0.325301
2022-12-28 05:38: Train Epoch 3: 35/159 Loss: 0.338177
2022-12-28 05:39: Train Epoch 3: 36/159 Loss: 0.249843
2022-12-28 05:40: Train Epoch 3: 37/159 Loss: 0.276667
2022-12-28 05:41: Train Epoch 3: 38/159 Loss: 0.308137
2022-12-28 05:42: Train Epoch 3: 39/159 Loss: 0.297856
2022-12-28 05:42: Train Epoch 3: 40/159 Loss: 0.262843
2022-12-28 05:43: Train Epoch 3: 41/159 Loss: 0.309793
2022-12-28 05:44: Train Epoch 3: 42/159 Loss: 0.318978
2022-12-28 05:45: Train Epoch 3: 43/159 Loss: 0.275629
2022-12-28 05:46: Train Epoch 3: 44/159 Loss: 0.316375
2022-12-28 05:47: Train Epoch 3: 45/159 Loss: 0.336466
2022-12-28 05:48: Train Epoch 3: 46/159 Loss: 0.296268
2022-12-28 05:49: Train Epoch 3: 47/159 Loss: 0.294297
2022-12-28 05:50: Train Epoch 3: 48/159 Loss: 0.273457
2022-12-28 05:50: Train Epoch 3: 49/159 Loss: 0.233439
2022-12-28 05:51: Train Epoch 3: 50/159 Loss: 0.331299
2022-12-28 05:52: Train Epoch 3: 51/159 Loss: 0.333353
2022-12-28 05:53: Train Epoch 3: 52/159 Loss: 0.323321
2022-12-28 05:54: Train Epoch 3: 53/159 Loss: 0.258658
2022-12-28 05:55: Train Epoch 3: 54/159 Loss: 0.256708
2022-12-28 05:56: Train Epoch 3: 55/159 Loss: 0.282782
2022-12-28 05:57: Train Epoch 3: 56/159 Loss: 0.250819
2022-12-28 05:57: Train Epoch 3: 57/159 Loss: 0.313225
2022-12-28 05:58: Train Epoch 3: 58/159 Loss: 0.311717
2022-12-28 05:59: Train Epoch 3: 59/159 Loss: 0.309421
2022-12-28 06:00: Train Epoch 3: 60/159 Loss: 0.332282
2022-12-28 06:01: Train Epoch 3: 61/159 Loss: 0.246006
2022-12-28 06:02: Train Epoch 3: 62/159 Loss: 0.290458
2022-12-28 06:03: Train Epoch 3: 63/159 Loss: 0.344114
2022-12-28 06:04: Train Epoch 3: 64/159 Loss: 0.346867
2022-12-28 06:05: Train Epoch 3: 65/159 Loss: 0.347156
2022-12-28 06:05: Train Epoch 3: 66/159 Loss: 0.337612
2022-12-28 06:06: Train Epoch 3: 67/159 Loss: 0.337773
2022-12-28 06:07: Train Epoch 3: 68/159 Loss: 0.288669
2022-12-28 06:08: Train Epoch 3: 69/159 Loss: 0.366951
2022-12-28 06:09: Train Epoch 3: 70/159 Loss: 0.337435
2022-12-28 06:10: Train Epoch 3: 71/159 Loss: 0.236170
2022-12-28 06:11: Train Epoch 3: 72/159 Loss: 0.341068
2022-12-28 06:12: Train Epoch 3: 73/159 Loss: 0.352220
2022-12-28 06:12: Train Epoch 3: 74/159 Loss: 0.304851
2022-12-28 06:13: Train Epoch 3: 75/159 Loss: 0.400728
2022-12-28 06:14: Train Epoch 3: 76/159 Loss: 0.275237
2022-12-28 06:15: Train Epoch 3: 77/159 Loss: 0.330379
2022-12-28 06:16: Train Epoch 3: 78/159 Loss: 0.298796
2022-12-28 06:17: Train Epoch 3: 79/159 Loss: 0.295153
2022-12-28 06:18: Train Epoch 3: 80/159 Loss: 0.296961
2022-12-28 06:19: Train Epoch 3: 81/159 Loss: 0.251229
2022-12-28 06:20: Train Epoch 3: 82/159 Loss: 0.269192
2022-12-28 06:20: Train Epoch 3: 83/159 Loss: 0.266128
2022-12-28 06:21: Train Epoch 3: 84/159 Loss: 0.280574
2022-12-28 06:22: Train Epoch 3: 85/159 Loss: 0.258130
2022-12-28 06:23: Train Epoch 3: 86/159 Loss: 0.285864
2022-12-28 06:24: Train Epoch 3: 87/159 Loss: 0.288490
2022-12-28 06:25: Train Epoch 3: 88/159 Loss: 0.287129
2022-12-28 06:26: Train Epoch 3: 89/159 Loss: 0.272745
2022-12-28 06:27: Train Epoch 3: 90/159 Loss: 0.298915
2022-12-28 06:28: Train Epoch 3: 91/159 Loss: 0.266415
2022-12-28 06:28: Train Epoch 3: 92/159 Loss: 0.298729
2022-12-28 06:29: Train Epoch 3: 93/159 Loss: 0.385834
2022-12-28 06:30: Train Epoch 3: 94/159 Loss: 0.331301
2022-12-28 06:31: Train Epoch 3: 95/159 Loss: 0.317894
2022-12-28 06:32: Train Epoch 3: 96/159 Loss: 0.367664
2022-12-28 06:33: Train Epoch 3: 97/159 Loss: 0.310812
2022-12-28 06:34: Train Epoch 3: 98/159 Loss: 0.278380
2022-12-28 06:35: Train Epoch 3: 99/159 Loss: 0.307186
2022-12-28 06:36: Train Epoch 3: 100/159 Loss: 0.307543
2022-12-28 06:36: Train Epoch 3: 101/159 Loss: 0.323716
2022-12-28 06:37: Train Epoch 3: 102/159 Loss: 0.268564
2022-12-28 06:38: Train Epoch 3: 103/159 Loss: 0.309740
2022-12-28 06:39: Train Epoch 3: 104/159 Loss: 0.283280
2022-12-28 06:40: Train Epoch 3: 105/159 Loss: 0.292077
2022-12-28 06:41: Train Epoch 3: 106/159 Loss: 0.289065
2022-12-28 06:42: Train Epoch 3: 107/159 Loss: 0.269654
2022-12-28 06:43: Train Epoch 3: 108/159 Loss: 0.315386
2022-12-28 06:43: Train Epoch 3: 109/159 Loss: 0.285468
2022-12-28 06:44: Train Epoch 3: 110/159 Loss: 0.256254
2022-12-28 06:45: Train Epoch 3: 111/159 Loss: 0.293751
2022-12-28 06:46: Train Epoch 3: 112/159 Loss: 0.284125
2022-12-28 06:47: Train Epoch 3: 113/159 Loss: 0.296669
2022-12-28 06:48: Train Epoch 3: 114/159 Loss: 0.368795
2022-12-28 06:49: Train Epoch 3: 115/159 Loss: 0.261510
2022-12-28 06:50: Train Epoch 3: 116/159 Loss: 0.247293
2022-12-28 06:51: Train Epoch 3: 117/159 Loss: 0.321439
2022-12-28 06:51: Train Epoch 3: 118/159 Loss: 0.297127
2022-12-28 06:52: Train Epoch 3: 119/159 Loss: 0.268980
2022-12-28 06:53: Train Epoch 3: 120/159 Loss: 0.301171
2022-12-28 06:54: Train Epoch 3: 121/159 Loss: 0.361388
2022-12-28 06:55: Train Epoch 3: 122/159 Loss: 0.331825
2022-12-28 06:56: Train Epoch 3: 123/159 Loss: 0.302563
2022-12-28 06:57: Train Epoch 3: 124/159 Loss: 0.296005
2022-12-28 06:58: Train Epoch 3: 125/159 Loss: 0.300203
2022-12-28 06:58: Train Epoch 3: 126/159 Loss: 0.304104
2022-12-28 06:59: Train Epoch 3: 127/159 Loss: 0.318630
2022-12-28 07:00: Train Epoch 3: 128/159 Loss: 0.248606
2022-12-28 07:01: Train Epoch 3: 129/159 Loss: 0.346736
2022-12-28 07:02: Train Epoch 3: 130/159 Loss: 0.317742
2022-12-28 07:03: Train Epoch 3: 131/159 Loss: 0.291388
2022-12-28 07:04: Train Epoch 3: 132/159 Loss: 0.252056
2022-12-28 07:05: Train Epoch 3: 133/159 Loss: 0.319527
2022-12-28 07:06: Train Epoch 3: 134/159 Loss: 0.245974
2022-12-28 07:06: Train Epoch 3: 135/159 Loss: 0.232793
2022-12-28 07:07: Train Epoch 3: 136/159 Loss: 0.280842
2022-12-28 07:08: Train Epoch 3: 137/159 Loss: 0.267281
2022-12-28 07:09: Train Epoch 3: 138/159 Loss: 0.311330
2022-12-28 07:10: Train Epoch 3: 139/159 Loss: 0.349391
2022-12-28 07:11: Train Epoch 3: 140/159 Loss: 0.283109
2022-12-28 07:12: Train Epoch 3: 141/159 Loss: 0.309668
2022-12-28 07:13: Train Epoch 3: 142/159 Loss: 0.278889
2022-12-28 07:13: Train Epoch 3: 143/159 Loss: 0.242433
2022-12-28 07:14: Train Epoch 3: 144/159 Loss: 0.239462
2022-12-28 07:15: Train Epoch 3: 145/159 Loss: 0.297685
2022-12-28 07:16: Train Epoch 3: 146/159 Loss: 0.253645
2022-12-28 07:17: Train Epoch 3: 147/159 Loss: 0.321715
2022-12-28 07:18: Train Epoch 3: 148/159 Loss: 0.339809
2022-12-28 07:19: Train Epoch 3: 149/159 Loss: 0.269621
2022-12-28 07:20: Train Epoch 3: 150/159 Loss: 0.321733
2022-12-28 07:20: Train Epoch 3: 151/159 Loss: 0.237473
2022-12-28 07:21: Train Epoch 3: 152/159 Loss: 0.247312
2022-12-28 07:22: Train Epoch 3: 153/159 Loss: 0.301019
2022-12-28 07:23: Train Epoch 3: 154/159 Loss: 0.273433
2022-12-28 07:24: Train Epoch 3: 155/159 Loss: 0.244666
2022-12-28 07:25: Train Epoch 3: 156/159 Loss: 0.243155
2022-12-28 07:26: Train Epoch 3: 157/159 Loss: 0.283681
2022-12-28 07:26: Train Epoch 3: 158/159 Loss: 0.254324
2022-12-28 07:26: **********Train Epoch 3: averaged Loss: 0.301011 
2022-12-28 07:26: 
Epoch time elapsed: 8389.39677643776

2022-12-28 07:30: 
 metrics validation: {'precision': 0.7459165154264973, 'recall': 0.6323076923076923, 'f1-score': 0.6844296419650291, 'support': 1300, 'AUC': 0.8322553254437869, 'AUCPR': 0.7503106008870731, 'TP': 822, 'FP': 280, 'TN': 2320, 'FN': 478} 

2022-12-28 07:30: **********Val Epoch 3: average Loss: 0.568763
2022-12-28 07:30: *********************************Current best model saved!
2022-12-28 07:34: 
 Testing metrics {'precision': 0.8050682261208577, 'recall': 0.6726384364820847, 'f1-score': 0.7329192546583851, 'support': 1228, 'AUC': 0.8718510939108106, 'AUCPR': 0.8073505204016695, 'TP': 826, 'FP': 200, 'TN': 2256, 'FN': 402} 

2022-12-28 07:35: Train Epoch 4: 0/159 Loss: 0.364052
2022-12-28 07:36: Train Epoch 4: 1/159 Loss: 0.311884
2022-12-28 07:37: Train Epoch 4: 2/159 Loss: 0.364909
2022-12-28 07:37: Train Epoch 4: 3/159 Loss: 0.277741
2022-12-28 07:38: Train Epoch 4: 4/159 Loss: 0.248582
2022-12-28 07:39: Train Epoch 4: 5/159 Loss: 0.224396
2022-12-28 07:40: Train Epoch 4: 6/159 Loss: 0.226669
2022-12-28 07:41: Train Epoch 4: 7/159 Loss: 0.368260
2022-12-28 07:42: Train Epoch 4: 8/159 Loss: 0.263012
2022-12-28 07:43: Train Epoch 4: 9/159 Loss: 0.272435
2022-12-28 07:44: Train Epoch 4: 10/159 Loss: 0.285779
2022-12-28 07:45: Train Epoch 4: 11/159 Loss: 0.289534
2022-12-28 07:45: Train Epoch 4: 12/159 Loss: 0.264989
2022-12-28 07:46: Train Epoch 4: 13/159 Loss: 0.235430
2022-12-28 07:47: Train Epoch 4: 14/159 Loss: 0.280206
2022-12-28 07:48: Train Epoch 4: 15/159 Loss: 0.353461
2022-12-28 07:49: Train Epoch 4: 16/159 Loss: 0.216663
2022-12-28 07:50: Train Epoch 4: 17/159 Loss: 0.254462
2022-12-28 07:51: Train Epoch 4: 18/159 Loss: 0.236370
2022-12-28 07:52: Train Epoch 4: 19/159 Loss: 0.236865
2022-12-28 07:53: Train Epoch 4: 20/159 Loss: 0.289985
2022-12-28 07:54: Train Epoch 4: 21/159 Loss: 0.230227
2022-12-28 07:54: Train Epoch 4: 22/159 Loss: 0.293560
2022-12-28 07:55: Train Epoch 4: 23/159 Loss: 0.272853
2022-12-28 07:56: Train Epoch 4: 24/159 Loss: 0.306983
2022-12-28 07:57: Train Epoch 4: 25/159 Loss: 0.223459
2022-12-28 07:58: Train Epoch 4: 26/159 Loss: 0.250379
2022-12-28 07:59: Train Epoch 4: 27/159 Loss: 0.282542
2022-12-28 08:00: Train Epoch 4: 28/159 Loss: 0.245547
2022-12-28 08:01: Train Epoch 4: 29/159 Loss: 0.262254
2022-12-28 08:02: Train Epoch 4: 30/159 Loss: 0.236793
2022-12-28 08:02: Train Epoch 4: 31/159 Loss: 0.233890
2022-12-28 08:03: Train Epoch 4: 32/159 Loss: 0.312086
2022-12-28 08:04: Train Epoch 4: 33/159 Loss: 0.264432
2022-12-28 08:05: Train Epoch 4: 34/159 Loss: 0.331794
2022-12-28 08:06: Train Epoch 4: 35/159 Loss: 0.269634
2022-12-28 08:07: Train Epoch 4: 36/159 Loss: 0.284433
2022-12-28 08:08: Train Epoch 4: 37/159 Loss: 0.271226
2022-12-28 08:09: Train Epoch 4: 38/159 Loss: 0.288749
2022-12-28 08:10: Train Epoch 4: 39/159 Loss: 0.281206
2022-12-28 08:11: Train Epoch 4: 40/159 Loss: 0.237435
2022-12-28 08:11: Train Epoch 4: 41/159 Loss: 0.349211
2022-12-28 08:12: Train Epoch 4: 42/159 Loss: 0.203279
2022-12-28 08:13: Train Epoch 4: 43/159 Loss: 0.261315
2022-12-28 08:14: Train Epoch 4: 44/159 Loss: 0.339966
2022-12-28 08:15: Train Epoch 4: 45/159 Loss: 0.243178
2022-12-28 08:16: Train Epoch 4: 46/159 Loss: 0.310379
2022-12-28 08:17: Train Epoch 4: 47/159 Loss: 0.338627
2022-12-28 08:18: Train Epoch 4: 48/159 Loss: 0.291276
2022-12-28 08:19: Train Epoch 4: 49/159 Loss: 0.287333
2022-12-28 08:19: Train Epoch 4: 50/159 Loss: 0.279553
2022-12-28 08:20: Train Epoch 4: 51/159 Loss: 0.270110
2022-12-28 08:21: Train Epoch 4: 52/159 Loss: 0.293981
2022-12-28 08:22: Train Epoch 4: 53/159 Loss: 0.264209
2022-12-28 08:23: Train Epoch 4: 54/159 Loss: 0.280189
2022-12-28 08:24: Train Epoch 4: 55/159 Loss: 0.254254
2022-12-28 08:25: Train Epoch 4: 56/159 Loss: 0.308371
2022-12-28 08:26: Train Epoch 4: 57/159 Loss: 0.297952
2022-12-28 08:27: Train Epoch 4: 58/159 Loss: 0.272948
2022-12-28 08:27: Train Epoch 4: 59/159 Loss: 0.246633
2022-12-28 08:28: Train Epoch 4: 60/159 Loss: 0.250533
2022-12-28 08:29: Train Epoch 4: 61/159 Loss: 0.283847
2022-12-28 08:30: Train Epoch 4: 62/159 Loss: 0.290548
2022-12-28 08:31: Train Epoch 4: 63/159 Loss: 0.307687
2022-12-28 08:32: Train Epoch 4: 64/159 Loss: 0.331131
2022-12-28 08:33: Train Epoch 4: 65/159 Loss: 0.312452
2022-12-28 08:34: Train Epoch 4: 66/159 Loss: 0.211155
2022-12-28 08:35: Train Epoch 4: 67/159 Loss: 0.366057
2022-12-28 08:35: Train Epoch 4: 68/159 Loss: 0.309580
2022-12-28 08:36: Train Epoch 4: 69/159 Loss: 0.261680
2022-12-28 08:37: Train Epoch 4: 70/159 Loss: 0.256748
2022-12-28 08:38: Train Epoch 4: 71/159 Loss: 0.279235
2022-12-28 08:39: Train Epoch 4: 72/159 Loss: 0.194979
2022-12-28 08:40: Train Epoch 4: 73/159 Loss: 0.304807
2022-12-28 08:41: Train Epoch 4: 74/159 Loss: 0.228937
2022-12-28 08:42: Train Epoch 4: 75/159 Loss: 0.266648
2022-12-28 08:43: Train Epoch 4: 76/159 Loss: 0.313484
2022-12-28 08:43: Train Epoch 4: 77/159 Loss: 0.282193
2022-12-28 08:44: Train Epoch 4: 78/159 Loss: 0.271085
2022-12-28 08:45: Train Epoch 4: 79/159 Loss: 0.230226
2022-12-28 08:46: Train Epoch 4: 80/159 Loss: 0.311465
2022-12-28 08:47: Train Epoch 4: 81/159 Loss: 0.276785
2022-12-28 08:48: Train Epoch 4: 82/159 Loss: 0.316015
2022-12-28 08:49: Train Epoch 4: 83/159 Loss: 0.267031
2022-12-28 08:50: Train Epoch 4: 84/159 Loss: 0.275096
2022-12-28 08:51: Train Epoch 4: 85/159 Loss: 0.318052
2022-12-28 08:51: Train Epoch 4: 86/159 Loss: 0.321137
2022-12-28 08:52: Train Epoch 4: 87/159 Loss: 0.281279
2022-12-28 08:53: Train Epoch 4: 88/159 Loss: 0.271980
2022-12-28 08:54: Train Epoch 4: 89/159 Loss: 0.399982
2022-12-28 08:55: Train Epoch 4: 90/159 Loss: 0.244265
2022-12-28 08:56: Train Epoch 4: 91/159 Loss: 0.249731
2022-12-28 08:57: Train Epoch 4: 92/159 Loss: 0.318393
2022-12-28 08:58: Train Epoch 4: 93/159 Loss: 0.236095
2022-12-28 08:58: Train Epoch 4: 94/159 Loss: 0.204786
2022-12-28 08:59: Train Epoch 4: 95/159 Loss: 0.259955
2022-12-28 09:00: Train Epoch 4: 96/159 Loss: 0.374089
2022-12-28 09:01: Train Epoch 4: 97/159 Loss: 0.287121
2022-12-28 09:02: Train Epoch 4: 98/159 Loss: 0.301386
2022-12-28 09:03: Train Epoch 4: 99/159 Loss: 0.400795
2022-12-28 09:04: Train Epoch 4: 100/159 Loss: 0.337370
2022-12-28 09:05: Train Epoch 4: 101/159 Loss: 0.293906
2022-12-28 09:06: Train Epoch 4: 102/159 Loss: 0.342548
2022-12-28 09:06: Train Epoch 4: 103/159 Loss: 0.274999
2022-12-28 09:07: Train Epoch 4: 104/159 Loss: 0.285224
2022-12-28 09:08: Train Epoch 4: 105/159 Loss: 0.333958
2022-12-28 09:09: Train Epoch 4: 106/159 Loss: 0.273976
2022-12-28 09:10: Train Epoch 4: 107/159 Loss: 0.176178
2022-12-28 09:11: Train Epoch 4: 108/159 Loss: 0.304620
2022-12-28 09:12: Train Epoch 4: 109/159 Loss: 0.339611
2022-12-28 09:13: Train Epoch 4: 110/159 Loss: 0.278206
2022-12-28 09:14: Train Epoch 4: 111/159 Loss: 0.246484
2022-12-28 09:14: Train Epoch 4: 112/159 Loss: 0.282727
2022-12-28 09:15: Train Epoch 4: 113/159 Loss: 0.274155
2022-12-28 09:16: Train Epoch 4: 114/159 Loss: 0.270948
2022-12-28 09:17: Train Epoch 4: 115/159 Loss: 0.309189
2022-12-28 09:18: Train Epoch 4: 116/159 Loss: 0.280784
2022-12-28 09:19: Train Epoch 4: 117/159 Loss: 0.316929
2022-12-28 09:20: Train Epoch 4: 118/159 Loss: 0.276713
2022-12-28 09:21: Train Epoch 4: 119/159 Loss: 0.254510
2022-12-28 09:22: Train Epoch 4: 120/159 Loss: 0.326206
2022-12-28 09:22: Train Epoch 4: 121/159 Loss: 0.292454
2022-12-28 09:23: Train Epoch 4: 122/159 Loss: 0.229301
2022-12-28 09:24: Train Epoch 4: 123/159 Loss: 0.224879
2022-12-28 09:25: Train Epoch 4: 124/159 Loss: 0.293993
2022-12-28 09:26: Train Epoch 4: 125/159 Loss: 0.310696
2022-12-28 09:27: Train Epoch 4: 126/159 Loss: 0.272317
2022-12-28 09:28: Train Epoch 4: 127/159 Loss: 0.215209
2022-12-28 09:29: Train Epoch 4: 128/159 Loss: 0.268114
2022-12-28 09:30: Train Epoch 4: 129/159 Loss: 0.234454
2022-12-28 09:30: Train Epoch 4: 130/159 Loss: 0.262374
2022-12-28 09:31: Train Epoch 4: 131/159 Loss: 0.218254
2022-12-28 09:32: Train Epoch 4: 132/159 Loss: 0.326703
2022-12-28 09:33: Train Epoch 4: 133/159 Loss: 0.271704
2022-12-28 09:34: Train Epoch 4: 134/159 Loss: 0.331838
2022-12-28 09:35: Train Epoch 4: 135/159 Loss: 0.278781
2022-12-28 09:36: Train Epoch 4: 136/159 Loss: 0.288877
2022-12-28 09:37: Train Epoch 4: 137/159 Loss: 0.265113
2022-12-28 09:38: Train Epoch 4: 138/159 Loss: 0.258204
2022-12-28 09:39: Train Epoch 4: 139/159 Loss: 0.337804
2022-12-28 09:39: Train Epoch 4: 140/159 Loss: 0.293690
2022-12-28 09:40: Train Epoch 4: 141/159 Loss: 0.240367
2022-12-28 09:41: Train Epoch 4: 142/159 Loss: 0.298944
2022-12-28 09:42: Train Epoch 4: 143/159 Loss: 0.261759
2022-12-28 09:43: Train Epoch 4: 144/159 Loss: 0.256324
2022-12-28 09:44: Train Epoch 4: 145/159 Loss: 0.239387
2022-12-28 09:45: Train Epoch 4: 146/159 Loss: 0.312222
2022-12-28 09:46: Train Epoch 4: 147/159 Loss: 0.225910
2022-12-28 09:47: Train Epoch 4: 148/159 Loss: 0.271939
2022-12-28 09:48: Train Epoch 4: 149/159 Loss: 0.274169
2022-12-28 09:48: Train Epoch 4: 150/159 Loss: 0.315470
2022-12-28 09:49: Train Epoch 4: 151/159 Loss: 0.230789
2022-12-28 09:50: Train Epoch 4: 152/159 Loss: 0.254881
2022-12-28 09:51: Train Epoch 4: 153/159 Loss: 0.355793
2022-12-28 09:52: Train Epoch 4: 154/159 Loss: 0.270217
2022-12-28 09:53: Train Epoch 4: 155/159 Loss: 0.258236
2022-12-28 09:54: Train Epoch 4: 156/159 Loss: 0.264301
2022-12-28 09:55: Train Epoch 4: 157/159 Loss: 0.266429
2022-12-28 09:55: Train Epoch 4: 158/159 Loss: 0.176600
2022-12-28 09:55: **********Train Epoch 4: averaged Loss: 0.279460 
2022-12-28 09:55: 
Epoch time elapsed: 8478.073059082031

2022-12-28 09:59: 
 metrics validation: {'precision': 0.7563989408649603, 'recall': 0.6592307692307692, 'f1-score': 0.7044800657624332, 'support': 1300, 'AUC': 0.84753224852071, 'AUCPR': 0.7679940954538048, 'TP': 857, 'FP': 276, 'TN': 2324, 'FN': 443} 

2022-12-28 09:59: **********Val Epoch 4: average Loss: 0.538873
2022-12-28 09:59: *********************************Current best model saved!
2022-12-28 10:03: 
 Testing metrics {'precision': 0.8140655105973025, 'recall': 0.6881107491856677, 'f1-score': 0.7458075904677846, 'support': 1228, 'AUC': 0.8756024599730501, 'AUCPR': 0.812318815738279, 'TP': 845, 'FP': 193, 'TN': 2263, 'FN': 383} 

2022-12-28 10:04: Train Epoch 5: 0/159 Loss: 0.231016
2022-12-28 10:05: Train Epoch 5: 1/159 Loss: 0.254316
2022-12-28 10:06: Train Epoch 5: 2/159 Loss: 0.279878
2022-12-28 10:06: Train Epoch 5: 3/159 Loss: 0.278116
2022-12-28 10:07: Train Epoch 5: 4/159 Loss: 0.298077
2022-12-28 10:08: Train Epoch 5: 5/159 Loss: 0.270499
2022-12-28 10:09: Train Epoch 5: 6/159 Loss: 0.303176
2022-12-28 10:10: Train Epoch 5: 7/159 Loss: 0.281293
2022-12-28 10:11: Train Epoch 5: 8/159 Loss: 0.222408
2022-12-28 10:12: Train Epoch 5: 9/159 Loss: 0.281083
2022-12-28 10:13: Train Epoch 5: 10/159 Loss: 0.330192
2022-12-28 10:13: Train Epoch 5: 11/159 Loss: 0.270883
2022-12-28 10:14: Train Epoch 5: 12/159 Loss: 0.224997
2022-12-28 10:15: Train Epoch 5: 13/159 Loss: 0.242519
2022-12-28 10:16: Train Epoch 5: 14/159 Loss: 0.245395
2022-12-28 10:17: Train Epoch 5: 15/159 Loss: 0.321846
2022-12-28 10:18: Train Epoch 5: 16/159 Loss: 0.277736
2022-12-28 10:19: Train Epoch 5: 17/159 Loss: 0.276356
2022-12-28 10:20: Train Epoch 5: 18/159 Loss: 0.340706
2022-12-28 10:21: Train Epoch 5: 19/159 Loss: 0.315224
2022-12-28 10:21: Train Epoch 5: 20/159 Loss: 0.327900
2022-12-28 10:22: Train Epoch 5: 21/159 Loss: 0.260417
2022-12-28 10:23: Train Epoch 5: 22/159 Loss: 0.268534
2022-12-28 10:24: Train Epoch 5: 23/159 Loss: 0.310956
2022-12-28 10:25: Train Epoch 5: 24/159 Loss: 0.245445
2022-12-28 10:26: Train Epoch 5: 25/159 Loss: 0.254179
2022-12-28 10:27: Train Epoch 5: 26/159 Loss: 0.238936
2022-12-28 10:28: Train Epoch 5: 27/159 Loss: 0.299652
2022-12-28 10:29: Train Epoch 5: 28/159 Loss: 0.323277
2022-12-28 10:29: Train Epoch 5: 29/159 Loss: 0.195428
2022-12-28 10:30: Train Epoch 5: 30/159 Loss: 0.265589
2022-12-28 10:31: Train Epoch 5: 31/159 Loss: 0.292599
2022-12-28 10:32: Train Epoch 5: 32/159 Loss: 0.270282
2022-12-28 10:33: Train Epoch 5: 33/159 Loss: 0.212736
2022-12-28 10:34: Train Epoch 5: 34/159 Loss: 0.242846
2022-12-28 10:35: Train Epoch 5: 35/159 Loss: 0.259014
2022-12-28 10:36: Train Epoch 5: 36/159 Loss: 0.248398
2022-12-28 10:37: Train Epoch 5: 37/159 Loss: 0.287488
2022-12-28 10:37: Train Epoch 5: 38/159 Loss: 0.293753
2022-12-28 10:38: Train Epoch 5: 39/159 Loss: 0.286651
2022-12-28 10:39: Train Epoch 5: 40/159 Loss: 0.318473
2022-12-28 10:40: Train Epoch 5: 41/159 Loss: 0.288758
2022-12-28 10:41: Train Epoch 5: 42/159 Loss: 0.338484
2022-12-28 10:42: Train Epoch 5: 43/159 Loss: 0.314921
2022-12-28 10:43: Train Epoch 5: 44/159 Loss: 0.249491
2022-12-28 10:44: Train Epoch 5: 45/159 Loss: 0.343381
2022-12-28 10:45: Train Epoch 5: 46/159 Loss: 0.364394
2022-12-28 10:45: Train Epoch 5: 47/159 Loss: 0.267445
2022-12-28 10:46: Train Epoch 5: 48/159 Loss: 0.273217
2022-12-28 10:47: Train Epoch 5: 49/159 Loss: 0.258840
2022-12-28 10:48: Train Epoch 5: 50/159 Loss: 0.344750
2022-12-28 10:49: Train Epoch 5: 51/159 Loss: 0.285490
2022-12-28 10:50: Train Epoch 5: 52/159 Loss: 0.298978
2022-12-28 10:51: Train Epoch 5: 53/159 Loss: 0.309249
2022-12-28 10:52: Train Epoch 5: 54/159 Loss: 0.310034
2022-12-28 10:52: Train Epoch 5: 55/159 Loss: 0.280645
2022-12-28 10:53: Train Epoch 5: 56/159 Loss: 0.279214
2022-12-28 10:54: Train Epoch 5: 57/159 Loss: 0.256279
2022-12-28 10:55: Train Epoch 5: 58/159 Loss: 0.233396
2022-12-28 10:56: Train Epoch 5: 59/159 Loss: 0.296521
2022-12-28 10:57: Train Epoch 5: 60/159 Loss: 0.268450
2022-12-28 10:58: Train Epoch 5: 61/159 Loss: 0.254704
2022-12-28 10:59: Train Epoch 5: 62/159 Loss: 0.268625
2022-12-28 10:59: Train Epoch 5: 63/159 Loss: 0.259239
2022-12-28 11:00: Train Epoch 5: 64/159 Loss: 0.208017
2022-12-28 11:01: Train Epoch 5: 65/159 Loss: 0.344212
2022-12-28 11:02: Train Epoch 5: 66/159 Loss: 0.291299
2022-12-28 11:03: Train Epoch 5: 67/159 Loss: 0.264125
2022-12-28 11:04: Train Epoch 5: 68/159 Loss: 0.277880
2022-12-28 11:05: Train Epoch 5: 69/159 Loss: 0.262327
2022-12-28 11:06: Train Epoch 5: 70/159 Loss: 0.271866
2022-12-28 11:06: Train Epoch 5: 71/159 Loss: 0.219300
2022-12-28 11:07: Train Epoch 5: 72/159 Loss: 0.251734
2022-12-28 11:08: Train Epoch 5: 73/159 Loss: 0.302718
2022-12-28 11:09: Train Epoch 5: 74/159 Loss: 0.231267
2022-12-28 11:10: Train Epoch 5: 75/159 Loss: 0.338154
2022-12-28 11:11: Train Epoch 5: 76/159 Loss: 0.296158
2022-12-28 11:12: Train Epoch 5: 77/159 Loss: 0.289965
2022-12-28 11:13: Train Epoch 5: 78/159 Loss: 0.262223
2022-12-28 11:14: Train Epoch 5: 79/159 Loss: 0.316444
2022-12-28 11:14: Train Epoch 5: 80/159 Loss: 0.257628
2022-12-28 11:15: Train Epoch 5: 81/159 Loss: 0.214739
2022-12-28 11:16: Train Epoch 5: 82/159 Loss: 0.253170
2022-12-28 11:17: Train Epoch 5: 83/159 Loss: 0.286676
2022-12-28 11:18: Train Epoch 5: 84/159 Loss: 0.256166
2022-12-28 11:19: Train Epoch 5: 85/159 Loss: 0.285534
2022-12-28 11:20: Train Epoch 5: 86/159 Loss: 0.213635
2022-12-28 11:20: Train Epoch 5: 87/159 Loss: 0.266297
2022-12-28 11:21: Train Epoch 5: 88/159 Loss: 0.315937
2022-12-28 11:22: Train Epoch 5: 89/159 Loss: 0.274987
2022-12-28 11:23: Train Epoch 5: 90/159 Loss: 0.284495
2022-12-28 11:24: Train Epoch 5: 91/159 Loss: 0.405188
2022-12-28 11:25: Train Epoch 5: 92/159 Loss: 0.254520
2022-12-28 11:26: Train Epoch 5: 93/159 Loss: 0.236014
2022-12-28 11:27: Train Epoch 5: 94/159 Loss: 0.237893
2022-12-28 11:28: Train Epoch 5: 95/159 Loss: 0.298247
2022-12-28 11:28: Train Epoch 5: 96/159 Loss: 0.301199
2022-12-28 11:29: Train Epoch 5: 97/159 Loss: 0.224481
2022-12-28 11:30: Train Epoch 5: 98/159 Loss: 0.230687
2022-12-28 11:31: Train Epoch 5: 99/159 Loss: 0.224640
2022-12-28 11:32: Train Epoch 5: 100/159 Loss: 0.278530
2022-12-28 11:33: Train Epoch 5: 101/159 Loss: 0.230777
2022-12-28 11:34: Train Epoch 5: 102/159 Loss: 0.242823
2022-12-28 11:35: Train Epoch 5: 103/159 Loss: 0.265159
2022-12-28 11:36: Train Epoch 5: 104/159 Loss: 0.219230
2022-12-28 11:36: Train Epoch 5: 105/159 Loss: 0.275668
2022-12-28 11:37: Train Epoch 5: 106/159 Loss: 0.269550
2022-12-28 11:38: Train Epoch 5: 107/159 Loss: 0.271569
2022-12-28 11:39: Train Epoch 5: 108/159 Loss: 0.221316
2022-12-28 11:40: Train Epoch 5: 109/159 Loss: 0.264118
2022-12-28 11:41: Train Epoch 5: 110/159 Loss: 0.230599
2022-12-28 11:42: Train Epoch 5: 111/159 Loss: 0.240670
2022-12-28 11:43: Train Epoch 5: 112/159 Loss: 0.265375
2022-12-28 11:43: Train Epoch 5: 113/159 Loss: 0.224870
2022-12-28 11:44: Train Epoch 5: 114/159 Loss: 0.221432
2022-12-28 11:45: Train Epoch 5: 115/159 Loss: 0.257363
2022-12-28 11:46: Train Epoch 5: 116/159 Loss: 0.283180
2022-12-28 11:47: Train Epoch 5: 117/159 Loss: 0.283847
2022-12-28 11:48: Train Epoch 5: 118/159 Loss: 0.346158
2022-12-28 11:49: Train Epoch 5: 119/159 Loss: 0.305815
2022-12-28 11:50: Train Epoch 5: 120/159 Loss: 0.243720
2022-12-28 11:51: Train Epoch 5: 121/159 Loss: 0.293170
2022-12-28 11:51: Train Epoch 5: 122/159 Loss: 0.230708
2022-12-28 11:52: Train Epoch 5: 123/159 Loss: 0.236100
2022-12-28 11:53: Train Epoch 5: 124/159 Loss: 0.265988
2022-12-28 11:54: Train Epoch 5: 125/159 Loss: 0.234959
2022-12-28 11:55: Train Epoch 5: 126/159 Loss: 0.254367
2022-12-28 11:56: Train Epoch 5: 127/159 Loss: 0.169837
2022-12-28 11:57: Train Epoch 5: 128/159 Loss: 0.318720
2022-12-28 11:58: Train Epoch 5: 129/159 Loss: 0.341712
2022-12-28 11:59: Train Epoch 5: 130/159 Loss: 0.282689
2022-12-28 12:00: Train Epoch 5: 131/159 Loss: 0.337912
2022-12-28 12:01: Train Epoch 5: 132/159 Loss: 0.324893
2022-12-28 12:01: Train Epoch 5: 133/159 Loss: 0.272145
2022-12-28 12:02: Train Epoch 5: 134/159 Loss: 0.248918
2022-12-28 12:03: Train Epoch 5: 135/159 Loss: 0.261044
2022-12-28 12:04: Train Epoch 5: 136/159 Loss: 0.260613
2022-12-28 12:05: Train Epoch 5: 137/159 Loss: 0.295425
2022-12-28 12:06: Train Epoch 5: 138/159 Loss: 0.273586
2022-12-28 12:07: Train Epoch 5: 139/159 Loss: 0.301514
2022-12-28 12:08: Train Epoch 5: 140/159 Loss: 0.296894
2022-12-28 12:09: Train Epoch 5: 141/159 Loss: 0.261978
2022-12-28 12:09: Train Epoch 5: 142/159 Loss: 0.263814
2022-12-28 12:10: Train Epoch 5: 143/159 Loss: 0.265617
2022-12-28 12:11: Train Epoch 5: 144/159 Loss: 0.355268
2022-12-28 12:12: Train Epoch 5: 145/159 Loss: 0.275695
2022-12-28 12:13: Train Epoch 5: 146/159 Loss: 0.249370
2022-12-28 12:14: Train Epoch 5: 147/159 Loss: 0.264595
2022-12-28 12:15: Train Epoch 5: 148/159 Loss: 0.232239
2022-12-28 12:16: Train Epoch 5: 149/159 Loss: 0.281977
2022-12-28 12:17: Train Epoch 5: 150/159 Loss: 0.243932
2022-12-28 12:18: Train Epoch 5: 151/159 Loss: 0.225798
2022-12-28 12:18: Train Epoch 5: 152/159 Loss: 0.262914
2022-12-28 12:19: Train Epoch 5: 153/159 Loss: 0.275944
2022-12-28 12:20: Train Epoch 5: 154/159 Loss: 0.246046
2022-12-28 12:21: Train Epoch 5: 155/159 Loss: 0.278733
2022-12-28 12:22: Train Epoch 5: 156/159 Loss: 0.210092
2022-12-28 12:23: Train Epoch 5: 157/159 Loss: 0.307592
2022-12-28 12:23: Train Epoch 5: 158/159 Loss: 0.241297
2022-12-28 12:23: **********Train Epoch 5: averaged Loss: 0.272506 
2022-12-28 12:23: 
Epoch time elapsed: 8430.428822994232

2022-12-28 12:27: 
 metrics validation: {'precision': 0.714968152866242, 'recall': 0.6907692307692308, 'f1-score': 0.702660406885759, 'support': 1300, 'AUC': 0.8495396449704142, 'AUCPR': 0.7698453437896666, 'TP': 898, 'FP': 358, 'TN': 2242, 'FN': 402} 

2022-12-28 12:27: **********Val Epoch 5: average Loss: 0.522666
2022-12-28 12:27: *********************************Current best model saved!
