2022-12-31 16:29: log dir: /home/joel.chacon/tmp/WildFire_GCN/experiments/2020/2022123116290637492254013
2022-12-31 16:29: Experiment log path in: /home/joel.chacon/tmp/WildFire_GCN/experiments/2020/2022123116290637492254013
2022-12-31 16:29: Argument: Namespace(batch_size=256, clc='vec', cuda=True, dataset='2020', dataset_root='/home/joel.chacon/tmp/datasets_grl/', debug=False, default_graph=True, device='cpu', dynamic_features=['1 km 16 days NDVI', 'LST_Day_1km', 'LST_Night_1km', 'era5_max_d2m', 'era5_max_t2m', 'era5_max_sp', 'era5_max_tp', 'sminx', 'era5_max_wind_speed', 'era5_min_rh'], early_stop=True, early_stop_patience=8, embed_dim=64, epochs=30, grad_norm=False, horizon=1, input_dim=25, lag=10, link_len=2, log_dir='/home/joel.chacon/tmp/WildFire_GCN/experiments/2020/2022123116290637492254013', log_step=1, loss_func='nllloss', lr_decay=True, lr_decay_rate=0.1, lr_decay_step='15, 20', lr_init=0.0001, max_grad_norm=5, minbatch_size=64, mode='train', model='fire_GCN', nan_fill=-1.0, num_layers=1, num_nodes=625, num_workers=12, output_dim=2, patch_height=25, patch_width=25, persistent_workers=True, pin_memory=True, plot=False, positive_weight=0.5, prefetch_factor=2, real_value=True, rnn_units=32, seed=10000, static_features=['dem_mean', 'slope_mean', 'roads_distance', 'waterway_distance', 'population_density'], teacher_forcing=False, weight_decay=0.0, window_len=10)
2022-12-31 16:29: Argument batch_size: 256
2022-12-31 16:29: Argument clc: 'vec'
2022-12-31 16:29: Argument cuda: True
2022-12-31 16:29: Argument dataset: '2020'
2022-12-31 16:29: Argument dataset_root: '/home/joel.chacon/tmp/datasets_grl/'
2022-12-31 16:29: Argument debug: False
2022-12-31 16:29: Argument default_graph: True
2022-12-31 16:29: Argument device: 'cpu'
2022-12-31 16:29: Argument dynamic_features: ['1 km 16 days NDVI', 'LST_Day_1km', 'LST_Night_1km', 'era5_max_d2m', 'era5_max_t2m', 'era5_max_sp', 'era5_max_tp', 'sminx', 'era5_max_wind_speed', 'era5_min_rh']
2022-12-31 16:29: Argument early_stop: True
2022-12-31 16:29: Argument early_stop_patience: 8
2022-12-31 16:29: Argument embed_dim: 64
2022-12-31 16:29: Argument epochs: 30
2022-12-31 16:29: Argument grad_norm: False
2022-12-31 16:29: Argument horizon: 1
2022-12-31 16:29: Argument input_dim: 25
2022-12-31 16:29: Argument lag: 10
2022-12-31 16:29: Argument link_len: 2
2022-12-31 16:29: Argument log_dir: '/home/joel.chacon/tmp/WildFire_GCN/experiments/2020/2022123116290637492254013'
2022-12-31 16:29: Argument log_step: 1
2022-12-31 16:29: Argument loss_func: 'nllloss'
2022-12-31 16:29: Argument lr_decay: True
2022-12-31 16:29: Argument lr_decay_rate: 0.1
2022-12-31 16:29: Argument lr_decay_step: '15, 20'
2022-12-31 16:29: Argument lr_init: 0.0001
2022-12-31 16:29: Argument max_grad_norm: 5
2022-12-31 16:29: Argument minbatch_size: 64
2022-12-31 16:29: Argument mode: 'train'
2022-12-31 16:29: Argument model: 'fire_GCN'
2022-12-31 16:29: Argument nan_fill: -1.0
2022-12-31 16:29: Argument num_layers: 1
2022-12-31 16:29: Argument num_nodes: 625
2022-12-31 16:29: Argument num_workers: 12
2022-12-31 16:29: Argument output_dim: 2
2022-12-31 16:29: Argument patch_height: 25
2022-12-31 16:29: Argument patch_width: 25
2022-12-31 16:29: Argument persistent_workers: True
2022-12-31 16:29: Argument pin_memory: True
2022-12-31 16:29: Argument plot: False
2022-12-31 16:29: Argument positive_weight: 0.5
2022-12-31 16:29: Argument prefetch_factor: 2
2022-12-31 16:29: Argument real_value: True
2022-12-31 16:29: Argument rnn_units: 32
2022-12-31 16:29: Argument seed: 10000
2022-12-31 16:29: Argument static_features: ['dem_mean', 'slope_mean', 'roads_distance', 'waterway_distance', 'population_density']
2022-12-31 16:29: Argument teacher_forcing: False
2022-12-31 16:29: Argument weight_decay: 0.0
2022-12-31 16:29: Argument window_len: 10
2022-12-31 16:29: Train Epoch 1: 3/634 Loss: 0.460982
2022-12-31 16:29: Train Epoch 1: 7/634 Loss: 0.619526
2022-12-31 16:29: Train Epoch 1: 11/634 Loss: 0.368369
2022-12-31 16:29: Train Epoch 1: 15/634 Loss: 0.343554
2022-12-31 16:30: Train Epoch 1: 19/634 Loss: 0.372768
2022-12-31 16:30: Train Epoch 1: 23/634 Loss: 0.315171
2022-12-31 16:30: Train Epoch 1: 27/634 Loss: 0.255873
2022-12-31 16:30: Train Epoch 1: 31/634 Loss: 0.284985
2022-12-31 16:31: Train Epoch 1: 35/634 Loss: 0.278797
2022-12-31 16:31: Train Epoch 1: 39/634 Loss: 0.268304
2022-12-31 16:31: Train Epoch 1: 43/634 Loss: 0.263408
2022-12-31 16:31: Train Epoch 1: 47/634 Loss: 0.239352
2022-12-31 16:31: Train Epoch 1: 51/634 Loss: 0.239368
2022-12-31 16:32: Train Epoch 1: 55/634 Loss: 0.246258
2022-12-31 16:32: Train Epoch 1: 59/634 Loss: 0.228589
2022-12-31 16:32: Train Epoch 1: 63/634 Loss: 0.229389
2022-12-31 16:32: Train Epoch 1: 67/634 Loss: 0.244362
2022-12-31 16:32: Train Epoch 1: 71/634 Loss: 0.249948
2022-12-31 16:33: Train Epoch 1: 75/634 Loss: 0.243722
2022-12-31 16:33: Train Epoch 1: 79/634 Loss: 0.248816
2022-12-31 16:33: Train Epoch 1: 83/634 Loss: 0.238969
2022-12-31 16:33: Train Epoch 1: 87/634 Loss: 0.248951
2022-12-31 16:33: Train Epoch 1: 91/634 Loss: 0.259878
2022-12-31 16:34: Train Epoch 1: 95/634 Loss: 0.233688
2022-12-31 16:34: Train Epoch 1: 99/634 Loss: 0.228768
2022-12-31 16:34: Train Epoch 1: 103/634 Loss: 0.199266
2022-12-31 16:34: Train Epoch 1: 107/634 Loss: 0.194880
2022-12-31 16:34: Train Epoch 1: 111/634 Loss: 0.196664
2022-12-31 16:35: Train Epoch 1: 115/634 Loss: 0.232422
2022-12-31 16:35: Train Epoch 1: 119/634 Loss: 0.213623
2022-12-31 16:35: Train Epoch 1: 123/634 Loss: 0.217602
2022-12-31 16:35: Train Epoch 1: 127/634 Loss: 0.290238
2022-12-31 16:35: Train Epoch 1: 131/634 Loss: 0.192442
2022-12-31 16:36: Train Epoch 1: 135/634 Loss: 0.254694
2022-12-31 16:36: Train Epoch 1: 139/634 Loss: 0.207639
2022-12-31 16:36: Train Epoch 1: 143/634 Loss: 0.226772
2022-12-31 16:36: Train Epoch 1: 147/634 Loss: 0.190746
2022-12-31 16:36: Train Epoch 1: 151/634 Loss: 0.193321
2022-12-31 16:37: Train Epoch 1: 155/634 Loss: 0.236341
2022-12-31 16:37: Train Epoch 1: 159/634 Loss: 0.200921
2022-12-31 16:37: Train Epoch 1: 163/634 Loss: 0.206647
2022-12-31 16:37: Train Epoch 1: 167/634 Loss: 0.196647
2022-12-31 16:37: Train Epoch 1: 171/634 Loss: 0.207648
2022-12-31 16:38: Train Epoch 1: 175/634 Loss: 0.229224
2022-12-31 16:38: Train Epoch 1: 179/634 Loss: 0.195517
2022-12-31 16:38: Train Epoch 1: 183/634 Loss: 0.227083
2022-12-31 16:38: Train Epoch 1: 187/634 Loss: 0.238251
2022-12-31 16:38: Train Epoch 1: 191/634 Loss: 0.215783
2022-12-31 16:39: Train Epoch 1: 195/634 Loss: 0.224978
2022-12-31 16:39: Train Epoch 1: 199/634 Loss: 0.197264
2022-12-31 16:39: Train Epoch 1: 203/634 Loss: 0.207195
2022-12-31 16:39: Train Epoch 1: 207/634 Loss: 0.208895
2022-12-31 16:39: Train Epoch 1: 211/634 Loss: 0.190000
2022-12-31 16:40: Train Epoch 1: 215/634 Loss: 0.212462
2022-12-31 16:40: Train Epoch 1: 219/634 Loss: 0.196241
2022-12-31 16:40: Train Epoch 1: 223/634 Loss: 0.215920
2022-12-31 16:40: Train Epoch 1: 227/634 Loss: 0.230649
2022-12-31 16:40: Train Epoch 1: 231/634 Loss: 0.230964
2022-12-31 16:41: Train Epoch 1: 235/634 Loss: 0.225873
2022-12-31 16:41: Train Epoch 1: 239/634 Loss: 0.219162
2022-12-31 16:41: Train Epoch 1: 243/634 Loss: 0.227382
2022-12-31 16:41: Train Epoch 1: 247/634 Loss: 0.204772
2022-12-31 16:41: Train Epoch 1: 251/634 Loss: 0.184621
2022-12-31 16:42: Train Epoch 1: 255/634 Loss: 0.211561
2022-12-31 16:42: Train Epoch 1: 259/634 Loss: 0.188661
2022-12-31 16:42: Train Epoch 1: 263/634 Loss: 0.202442
2022-12-31 16:42: Train Epoch 1: 267/634 Loss: 0.186593
2022-12-31 16:42: Train Epoch 1: 271/634 Loss: 0.202921
2022-12-31 16:43: Train Epoch 1: 275/634 Loss: 0.207708
2022-12-31 16:43: Train Epoch 1: 279/634 Loss: 0.214012
2022-12-31 16:43: Train Epoch 1: 283/634 Loss: 0.200299
2022-12-31 16:43: Train Epoch 1: 287/634 Loss: 0.199919
2022-12-31 16:44: Train Epoch 1: 291/634 Loss: 0.216850
2022-12-31 16:44: Train Epoch 1: 295/634 Loss: 0.197177
2022-12-31 16:44: Train Epoch 1: 299/634 Loss: 0.187022
2022-12-31 16:44: Train Epoch 1: 303/634 Loss: 0.211455
2022-12-31 16:44: Train Epoch 1: 307/634 Loss: 0.226447
2022-12-31 16:45: Train Epoch 1: 311/634 Loss: 0.190177
2022-12-31 16:45: Train Epoch 1: 315/634 Loss: 0.213612
2022-12-31 16:45: Train Epoch 1: 319/634 Loss: 0.215587
2022-12-31 16:45: Train Epoch 1: 323/634 Loss: 0.213660
2022-12-31 16:45: Train Epoch 1: 327/634 Loss: 0.187972
2022-12-31 16:46: Train Epoch 1: 331/634 Loss: 0.195955
2022-12-31 16:46: Train Epoch 1: 335/634 Loss: 0.212203
2022-12-31 16:46: Train Epoch 1: 339/634 Loss: 0.189783
2022-12-31 16:46: Train Epoch 1: 343/634 Loss: 0.216894
2022-12-31 16:46: Train Epoch 1: 347/634 Loss: 0.195410
2022-12-31 16:47: Train Epoch 1: 351/634 Loss: 0.228256
2022-12-31 16:47: Train Epoch 1: 355/634 Loss: 0.190595
2022-12-31 16:47: Train Epoch 1: 359/634 Loss: 0.190461
2022-12-31 16:47: Train Epoch 1: 363/634 Loss: 0.186527
2022-12-31 16:47: Train Epoch 1: 367/634 Loss: 0.208827
2022-12-31 16:48: Train Epoch 1: 371/634 Loss: 0.198994
2022-12-31 16:48: Train Epoch 1: 375/634 Loss: 0.181158
2022-12-31 16:48: Train Epoch 1: 379/634 Loss: 0.193618
2022-12-31 16:48: Train Epoch 1: 383/634 Loss: 0.201379
2022-12-31 16:48: Train Epoch 1: 387/634 Loss: 0.175000
2022-12-31 16:49: Train Epoch 1: 391/634 Loss: 0.179047
2022-12-31 16:49: Train Epoch 1: 395/634 Loss: 0.200919
2022-12-31 16:49: Train Epoch 1: 399/634 Loss: 0.203323
2022-12-31 16:49: Train Epoch 1: 403/634 Loss: 0.216870
2022-12-31 16:49: Train Epoch 1: 407/634 Loss: 0.200175
2022-12-31 16:50: Train Epoch 1: 411/634 Loss: 0.176417
2022-12-31 16:50: Train Epoch 1: 415/634 Loss: 0.193276
2022-12-31 16:50: Train Epoch 1: 419/634 Loss: 0.247421
2022-12-31 16:50: Train Epoch 1: 423/634 Loss: 0.207560
2022-12-31 16:50: Train Epoch 1: 427/634 Loss: 0.179774
2022-12-31 16:51: Train Epoch 1: 431/634 Loss: 0.207849
2022-12-31 16:51: Train Epoch 1: 435/634 Loss: 0.226600
2022-12-31 16:51: Train Epoch 1: 439/634 Loss: 0.204447
2022-12-31 16:51: Train Epoch 1: 443/634 Loss: 0.234217
2022-12-31 16:51: Train Epoch 1: 447/634 Loss: 0.195788
2022-12-31 16:52: Train Epoch 1: 451/634 Loss: 0.207440
2022-12-31 16:52: Train Epoch 1: 455/634 Loss: 0.240483
2022-12-31 16:52: Train Epoch 1: 459/634 Loss: 0.222644
2022-12-31 16:52: Train Epoch 1: 463/634 Loss: 0.200780
2022-12-31 16:52: Train Epoch 1: 467/634 Loss: 0.204539
2022-12-31 16:53: Train Epoch 1: 471/634 Loss: 0.224889
2022-12-31 16:53: Train Epoch 1: 475/634 Loss: 0.226067
2022-12-31 16:53: Train Epoch 1: 479/634 Loss: 0.191503
2022-12-31 16:53: Train Epoch 1: 483/634 Loss: 0.190821
2022-12-31 16:53: Train Epoch 1: 487/634 Loss: 0.196600
2022-12-31 16:54: Train Epoch 1: 491/634 Loss: 0.205323
2022-12-31 16:54: Train Epoch 1: 495/634 Loss: 0.218500
2022-12-31 16:54: Train Epoch 1: 499/634 Loss: 0.231924
2022-12-31 16:54: Train Epoch 1: 503/634 Loss: 0.210781
2022-12-31 16:55: Train Epoch 1: 507/634 Loss: 0.187606
2022-12-31 16:55: Train Epoch 1: 511/634 Loss: 0.175217
2022-12-31 16:55: Train Epoch 1: 515/634 Loss: 0.213984
2022-12-31 16:55: Train Epoch 1: 519/634 Loss: 0.258986
2022-12-31 16:55: Train Epoch 1: 523/634 Loss: 0.193798
2022-12-31 16:55: Train Epoch 1: 527/634 Loss: 0.214308
2022-12-31 16:56: Train Epoch 1: 531/634 Loss: 0.258759
2022-12-31 16:56: Train Epoch 1: 535/634 Loss: 0.224892
2022-12-31 16:56: Train Epoch 1: 539/634 Loss: 0.238311
2022-12-31 16:56: Train Epoch 1: 543/634 Loss: 0.195113
2022-12-31 16:56: Train Epoch 1: 547/634 Loss: 0.237797
2022-12-31 16:57: Train Epoch 1: 551/634 Loss: 0.191731
2022-12-31 16:57: Train Epoch 1: 555/634 Loss: 0.188722
2022-12-31 16:57: Train Epoch 1: 559/634 Loss: 0.222862
2022-12-31 16:57: Train Epoch 1: 563/634 Loss: 0.192542
2022-12-31 16:57: Train Epoch 1: 567/634 Loss: 0.223907
2022-12-31 16:58: Train Epoch 1: 571/634 Loss: 0.233647
2022-12-31 16:58: Train Epoch 1: 575/634 Loss: 0.210838
2022-12-31 16:58: Train Epoch 1: 579/634 Loss: 0.196969
2022-12-31 16:58: Train Epoch 1: 583/634 Loss: 0.215200
2022-12-31 16:58: Train Epoch 1: 587/634 Loss: 0.246830
2022-12-31 16:59: Train Epoch 1: 591/634 Loss: 0.172882
2022-12-31 16:59: Train Epoch 1: 595/634 Loss: 0.244953
2022-12-31 16:59: Train Epoch 1: 599/634 Loss: 0.236522
2022-12-31 16:59: Train Epoch 1: 603/634 Loss: 0.212970
2022-12-31 16:59: Train Epoch 1: 607/634 Loss: 0.209467
2022-12-31 17:00: Train Epoch 1: 611/634 Loss: 0.210728
2022-12-31 17:00: Train Epoch 1: 615/634 Loss: 0.235125
2022-12-31 17:00: Train Epoch 1: 619/634 Loss: 0.195285
2022-12-31 17:00: Train Epoch 1: 623/634 Loss: 0.251052
2022-12-31 17:00: Train Epoch 1: 627/634 Loss: 0.190809
2022-12-31 17:01: Train Epoch 1: 631/634 Loss: 0.217443
2022-12-31 17:01: Train Epoch 1: 633/634 Loss: 0.082523
2022-12-31 17:01: **********Train Epoch 1: averaged Loss: 0.221506 
2022-12-31 17:01: 
Epoch time elapsed: 1924.0925495624542

2022-12-31 17:02: 
 metrics validation: {'precision': 0.847887323943662, 'recall': 0.46307692307692305, 'f1-score': 0.599004975124378, 'support': 1300, 'AUC': 0.8487556213017752, 'AUCPR': 0.7623124496824512, 'TP': 602, 'FP': 108, 'TN': 2492, 'FN': 698} 

2022-12-31 17:02: **********Val Epoch 1: average Loss: 0.238762
2022-12-31 17:02: *********************************Current best model saved!
2022-12-31 17:03: 
 Testing metrics {'precision': 0.8752166377816292, 'recall': 0.41123778501628666, 'f1-score': 0.5595567867036011, 'support': 1228, 'AUC': 0.8707429919680845, 'AUCPR': 0.8059675827072355, 'TP': 505, 'FP': 72, 'TN': 2384, 'FN': 723} 

2022-12-31 17:06: 
 Testing metrics {'precision': 0.9440246291631682, 'recall': 0.7653732697980485, 'f1-score': 0.8453634085213033, 'support': 4407, 'AUC': 0.9699001099237248, 'AUCPR': 0.9445291254264705, 'TP': 3373, 'FP': 200, 'TN': 8614, 'FN': 1034} 

2022-12-31 17:07: Train Epoch 2: 3/634 Loss: 0.206462
2022-12-31 17:07: Train Epoch 2: 7/634 Loss: 0.190555
2022-12-31 17:07: Train Epoch 2: 11/634 Loss: 0.221562
2022-12-31 17:07: Train Epoch 2: 15/634 Loss: 0.214951
2022-12-31 17:07: Train Epoch 2: 19/634 Loss: 0.206503
2022-12-31 17:08: Train Epoch 2: 23/634 Loss: 0.186877
2022-12-31 17:08: Train Epoch 2: 27/634 Loss: 0.190462
2022-12-31 17:08: Train Epoch 2: 31/634 Loss: 0.191264
2022-12-31 17:08: Train Epoch 2: 35/634 Loss: 0.176624
2022-12-31 17:08: Train Epoch 2: 39/634 Loss: 0.211917
2022-12-31 17:09: Train Epoch 2: 43/634 Loss: 0.186761
2022-12-31 17:09: Train Epoch 2: 47/634 Loss: 0.179307
2022-12-31 17:09: Train Epoch 2: 51/634 Loss: 0.206812
2022-12-31 17:09: Train Epoch 2: 55/634 Loss: 0.202209
2022-12-31 17:10: Train Epoch 2: 59/634 Loss: 0.203206
2022-12-31 17:10: Train Epoch 2: 63/634 Loss: 0.256680
2022-12-31 17:10: Train Epoch 2: 67/634 Loss: 0.178048
2022-12-31 17:10: Train Epoch 2: 71/634 Loss: 0.211674
2022-12-31 17:10: Train Epoch 2: 75/634 Loss: 0.258894
2022-12-31 17:11: Train Epoch 2: 79/634 Loss: 0.187042
2022-12-31 17:11: Train Epoch 2: 83/634 Loss: 0.191493
2022-12-31 17:11: Train Epoch 2: 87/634 Loss: 0.210631
2022-12-31 17:11: Train Epoch 2: 91/634 Loss: 0.205525
2022-12-31 17:11: Train Epoch 2: 95/634 Loss: 0.173901
2022-12-31 17:12: Train Epoch 2: 99/634 Loss: 0.200808
2022-12-31 17:12: Train Epoch 2: 103/634 Loss: 0.212327
2022-12-31 17:12: Train Epoch 2: 107/634 Loss: 0.240508
2022-12-31 17:12: Train Epoch 2: 111/634 Loss: 0.216826
2022-12-31 17:12: Train Epoch 2: 115/634 Loss: 0.211527
2022-12-31 17:13: Train Epoch 2: 119/634 Loss: 0.212959
2022-12-31 17:13: Train Epoch 2: 123/634 Loss: 0.181387
2022-12-31 17:13: Train Epoch 2: 127/634 Loss: 0.188271
2022-12-31 17:13: Train Epoch 2: 131/634 Loss: 0.234317
2022-12-31 17:14: Train Epoch 2: 135/634 Loss: 0.227287
2022-12-31 17:14: Train Epoch 2: 139/634 Loss: 0.176579
2022-12-31 17:14: Train Epoch 2: 143/634 Loss: 0.215081
2022-12-31 17:14: Train Epoch 2: 147/634 Loss: 0.200652
2022-12-31 17:14: Train Epoch 2: 151/634 Loss: 0.188120
2022-12-31 17:15: Train Epoch 2: 155/634 Loss: 0.196826
2022-12-31 17:15: Train Epoch 2: 159/634 Loss: 0.195649
2022-12-31 17:15: Train Epoch 2: 163/634 Loss: 0.202453
2022-12-31 17:15: Train Epoch 2: 167/634 Loss: 0.184111
2022-12-31 17:15: Train Epoch 2: 171/634 Loss: 0.193667
2022-12-31 17:16: Train Epoch 2: 175/634 Loss: 0.192455
2022-12-31 17:16: Train Epoch 2: 179/634 Loss: 0.205831
2022-12-31 17:16: Train Epoch 2: 183/634 Loss: 0.200508
2022-12-31 17:16: Train Epoch 2: 187/634 Loss: 0.187891
2022-12-31 17:16: Train Epoch 2: 191/634 Loss: 0.178393
2022-12-31 17:17: Train Epoch 2: 195/634 Loss: 0.186703
2022-12-31 17:17: Train Epoch 2: 199/634 Loss: 0.185314
2022-12-31 17:17: Train Epoch 2: 203/634 Loss: 0.207516
2022-12-31 17:17: Train Epoch 2: 207/634 Loss: 0.219267
2022-12-31 17:17: Train Epoch 2: 211/634 Loss: 0.225963
2022-12-31 17:18: Train Epoch 2: 215/634 Loss: 0.211298
2022-12-31 17:18: Train Epoch 2: 219/634 Loss: 0.183385
2022-12-31 17:18: Train Epoch 2: 223/634 Loss: 0.196547
2022-12-31 17:18: Train Epoch 2: 227/634 Loss: 0.205133
2022-12-31 17:19: Train Epoch 2: 231/634 Loss: 0.193569
2022-12-31 17:19: Train Epoch 2: 235/634 Loss: 0.182345
2022-12-31 17:19: Train Epoch 2: 239/634 Loss: 0.168166
2022-12-31 17:19: Train Epoch 2: 243/634 Loss: 0.214315
2022-12-31 17:19: Train Epoch 2: 247/634 Loss: 0.187150
2022-12-31 17:20: Train Epoch 2: 251/634 Loss: 0.189100
2022-12-31 17:20: Train Epoch 2: 255/634 Loss: 0.185809
2022-12-31 17:20: Train Epoch 2: 259/634 Loss: 0.216466
2022-12-31 17:20: Train Epoch 2: 263/634 Loss: 0.180549
2022-12-31 17:20: Train Epoch 2: 267/634 Loss: 0.222548
2022-12-31 17:21: Train Epoch 2: 271/634 Loss: 0.195344
2022-12-31 17:21: Train Epoch 2: 275/634 Loss: 0.179548
2022-12-31 17:21: Train Epoch 2: 279/634 Loss: 0.195916
2022-12-31 17:21: Train Epoch 2: 283/634 Loss: 0.190700
2022-12-31 17:22: Train Epoch 2: 287/634 Loss: 0.166943
2022-12-31 17:22: Train Epoch 2: 291/634 Loss: 0.197390
2022-12-31 17:22: Train Epoch 2: 295/634 Loss: 0.209285
2022-12-31 17:22: Train Epoch 2: 299/634 Loss: 0.196981
2022-12-31 17:22: Train Epoch 2: 303/634 Loss: 0.189659
2022-12-31 17:23: Train Epoch 2: 307/634 Loss: 0.178040
2022-12-31 17:23: Train Epoch 2: 311/634 Loss: 0.185254
2022-12-31 17:23: Train Epoch 2: 315/634 Loss: 0.195172
2022-12-31 17:23: Train Epoch 2: 319/634 Loss: 0.198435
2022-12-31 17:23: Train Epoch 2: 323/634 Loss: 0.191684
2022-12-31 17:24: Train Epoch 2: 327/634 Loss: 0.165441
2022-12-31 17:24: Train Epoch 2: 331/634 Loss: 0.187302
2022-12-31 17:24: Train Epoch 2: 335/634 Loss: 0.251504
2022-12-31 17:24: Train Epoch 2: 339/634 Loss: 0.175500
2022-12-31 17:24: Train Epoch 2: 343/634 Loss: 0.186015
2022-12-31 17:25: Train Epoch 2: 347/634 Loss: 0.193943
2022-12-31 17:25: Train Epoch 2: 351/634 Loss: 0.207450
2022-12-31 17:25: Train Epoch 2: 355/634 Loss: 0.183459
2022-12-31 17:25: Train Epoch 2: 359/634 Loss: 0.196823
2022-12-31 17:25: Train Epoch 2: 363/634 Loss: 0.188951
2022-12-31 17:26: Train Epoch 2: 367/634 Loss: 0.164931
2022-12-31 17:26: Train Epoch 2: 371/634 Loss: 0.191805
2022-12-31 17:26: Train Epoch 2: 375/634 Loss: 0.163319
2022-12-31 17:26: Train Epoch 2: 379/634 Loss: 0.194743
2022-12-31 17:27: Train Epoch 2: 383/634 Loss: 0.207816
2022-12-31 17:27: Train Epoch 2: 387/634 Loss: 0.182407
2022-12-31 17:27: Train Epoch 2: 391/634 Loss: 0.192948
2022-12-31 17:27: Train Epoch 2: 395/634 Loss: 0.192646
2022-12-31 17:27: Train Epoch 2: 399/634 Loss: 0.192602
2022-12-31 17:28: Train Epoch 2: 403/634 Loss: 0.155549
2022-12-31 17:28: Train Epoch 2: 407/634 Loss: 0.167153
2022-12-31 17:28: Train Epoch 2: 411/634 Loss: 0.191239
2022-12-31 17:28: Train Epoch 2: 415/634 Loss: 0.215196
2022-12-31 17:28: Train Epoch 2: 419/634 Loss: 0.154614
2022-12-31 17:29: Train Epoch 2: 423/634 Loss: 0.184496
2022-12-31 17:29: Train Epoch 2: 427/634 Loss: 0.209496
