2023-01-06 08:30: log dir: /home/joel.chacon/tmp/convLSTM/WildFire_GCN/experiments/2020/202301060830140128166696
2023-01-06 08:30: Experiment log path in: /home/joel.chacon/tmp/convLSTM/WildFire_GCN/experiments/2020/202301060830140128166696
2023-01-06 08:30: Argument: Namespace(batch_size=256, clc='vec', cuda=True, dataset='2020', dataset_root='/home/joel.chacon/tmp/datasets_grl/', debug=False, default_graph=True, device='cpu', dynamic_features=['1 km 16 days NDVI', 'LST_Day_1km', 'LST_Night_1km', 'era5_max_d2m', 'era5_max_t2m', 'era5_max_sp', 'era5_max_tp', 'sminx', 'era5_max_wind_speed', 'era5_min_rh'], early_stop=True, early_stop_patience=5, embed_dim=32, epochs=30, grad_norm=False, horizon=1, input_dim=25, lag=10, link_len=2, log_dir='/home/joel.chacon/tmp/convLSTM/WildFire_GCN/experiments/2020/202301060830140128166696', log_step=1, loss_func='nllloss', lr_decay=True, lr_decay_rate=0.1, lr_decay_step='15', lr_init=0.0001, max_grad_norm=5, minbatch_size=64, mode='train', model='fire_GCN', nan_fill=-1.0, num_layers=1, num_nodes=625, num_workers=12, output_dim=2, patch_height=25, patch_width=25, persistent_workers=True, pin_memory=True, plot=False, positive_weight=0.5, prefetch_factor=2, real_value=True, rnn_units=32, seed=10000, static_features=['dem_mean', 'slope_mean', 'roads_distance', 'waterway_distance', 'population_density'], teacher_forcing=False, weight_decay=0.01, window_len=10)
2023-01-06 08:30: Argument batch_size: 256
2023-01-06 08:30: Argument clc: 'vec'
2023-01-06 08:30: Argument cuda: True
2023-01-06 08:30: Argument dataset: '2020'
2023-01-06 08:30: Argument dataset_root: '/home/joel.chacon/tmp/datasets_grl/'
2023-01-06 08:30: Argument debug: False
2023-01-06 08:30: Argument default_graph: True
2023-01-06 08:30: Argument device: 'cpu'
2023-01-06 08:30: Argument dynamic_features: ['1 km 16 days NDVI', 'LST_Day_1km', 'LST_Night_1km', 'era5_max_d2m', 'era5_max_t2m', 'era5_max_sp', 'era5_max_tp', 'sminx', 'era5_max_wind_speed', 'era5_min_rh']
2023-01-06 08:30: Argument early_stop: True
2023-01-06 08:30: Argument early_stop_patience: 5
2023-01-06 08:30: Argument embed_dim: 32
2023-01-06 08:30: Argument epochs: 30
2023-01-06 08:30: Argument grad_norm: False
2023-01-06 08:30: Argument horizon: 1
2023-01-06 08:30: Argument input_dim: 25
2023-01-06 08:30: Argument lag: 10
2023-01-06 08:30: Argument link_len: 2
2023-01-06 08:30: Argument log_dir: '/home/joel.chacon/tmp/convLSTM/WildFire_GCN/experiments/2020/202301060830140128166696'
2023-01-06 08:30: Argument log_step: 1
2023-01-06 08:30: Argument loss_func: 'nllloss'
2023-01-06 08:30: Argument lr_decay: True
2023-01-06 08:30: Argument lr_decay_rate: 0.1
2023-01-06 08:30: Argument lr_decay_step: '15'
2023-01-06 08:30: Argument lr_init: 0.0001
2023-01-06 08:30: Argument max_grad_norm: 5
2023-01-06 08:30: Argument minbatch_size: 64
2023-01-06 08:30: Argument mode: 'train'
2023-01-06 08:30: Argument model: 'fire_GCN'
2023-01-06 08:30: Argument nan_fill: -1.0
2023-01-06 08:30: Argument num_layers: 1
2023-01-06 08:30: Argument num_nodes: 625
2023-01-06 08:30: Argument num_workers: 12
2023-01-06 08:30: Argument output_dim: 2
2023-01-06 08:30: Argument patch_height: 25
2023-01-06 08:30: Argument patch_width: 25
2023-01-06 08:30: Argument persistent_workers: True
2023-01-06 08:30: Argument pin_memory: True
2023-01-06 08:30: Argument plot: False
2023-01-06 08:30: Argument positive_weight: 0.5
2023-01-06 08:30: Argument prefetch_factor: 2
2023-01-06 08:30: Argument real_value: True
2023-01-06 08:30: Argument rnn_units: 32
2023-01-06 08:30: Argument seed: 10000
2023-01-06 08:30: Argument static_features: ['dem_mean', 'slope_mean', 'roads_distance', 'waterway_distance', 'population_density']
2023-01-06 08:30: Argument teacher_forcing: False
2023-01-06 08:30: Argument weight_decay: 0.01
2023-01-06 08:30: Argument window_len: 10
2023-01-06 08:30: Train Epoch 1: 3/32 Loss: 0.791336
2023-01-06 08:30: Train Epoch 1: 7/32 Loss: 0.355144
2023-01-06 08:30: Train Epoch 1: 11/32 Loss: 0.268430
2023-01-06 08:30: Train Epoch 1: 15/32 Loss: 0.183571
2023-01-06 08:30: Train Epoch 1: 19/32 Loss: 0.128298
2023-01-06 08:30: Train Epoch 1: 23/32 Loss: 0.142908
2023-01-06 08:31: Train Epoch 1: 27/32 Loss: 0.078219
2023-01-06 08:31: Train Epoch 1: 31/32 Loss: 0.061814
2023-01-06 08:31: **********Train Epoch 1: averaged Loss: 0.251215 
2023-01-06 08:31: 
Epoch time elapsed: 57.34786128997803

2023-01-06 08:31: 
 metrics validation: {'precision': 0.3333333333333333, 'recall': 1.0, 'f1-score': 0.5, 'support': 1000, 'AUC': 0.45101775, 'AUCPR': 0.2981595316754782, 'TP': 1000, 'FP': 2000, 'TN': 0, 'FN': 0} 

2023-01-06 08:31: **********Val Epoch 1: average Loss: 1.651244
2023-01-06 08:31: *********************************Current best model saved!
2023-01-06 08:32: 
 Testing metrics {'precision': 0.3333333333333333, 'recall': 1.0, 'f1-score': 0.5, 'support': 1000, 'AUC': 0.46054775000000003, 'AUCPR': 0.2966114976374946, 'TP': 1000, 'FP': 2000, 'TN': 0, 'FN': 0} 

2023-01-06 08:32: 
 Testing metrics {'precision': 0.3333333333333333, 'recall': 1.0, 'f1-score': 0.5, 'support': 1000, 'AUC': 0.28716299999999995, 'AUCPR': 0.23119903560449737, 'TP': 1000, 'FP': 2000, 'TN': 0, 'FN': 0} 

2023-01-06 08:32: Train Epoch 2: 3/32 Loss: 0.077075
2023-01-06 08:32: Train Epoch 2: 7/32 Loss: 0.077349
2023-01-06 08:32: Train Epoch 2: 11/32 Loss: 0.099365
2023-01-06 08:32: Train Epoch 2: 15/32 Loss: 0.104408
2023-01-06 08:32: Train Epoch 2: 19/32 Loss: 0.049126
2023-01-06 08:32: Train Epoch 2: 23/32 Loss: 0.102721
2023-01-06 08:32: Train Epoch 2: 27/32 Loss: 0.098867
2023-01-06 08:32: Train Epoch 2: 31/32 Loss: 0.041567
2023-01-06 08:32: **********Train Epoch 2: averaged Loss: 0.081310 
2023-01-06 08:32: 
Epoch time elapsed: 24.14828109741211

2023-01-06 08:33: 
 metrics validation: {'precision': 0.3333333333333333, 'recall': 1.0, 'f1-score': 0.5, 'support': 1000, 'AUC': 0.44884475, 'AUCPR': 0.29196396875182035, 'TP': 1000, 'FP': 2000, 'TN': 0, 'FN': 0} 

2023-01-06 08:33: **********Val Epoch 2: average Loss: 2.410607
2023-01-06 08:33: 
 Testing metrics {'precision': 0.3333333333333333, 'recall': 1.0, 'f1-score': 0.5, 'support': 1000, 'AUC': 0.46054775000000003, 'AUCPR': 0.2966114976374946, 'TP': 1000, 'FP': 2000, 'TN': 0, 'FN': 0} 

2023-01-06 08:33: 
 Testing metrics {'precision': 0.3333333333333333, 'recall': 1.0, 'f1-score': 0.5, 'support': 1000, 'AUC': 0.28716299999999995, 'AUCPR': 0.23119903560449737, 'TP': 1000, 'FP': 2000, 'TN': 0, 'FN': 0} 

2023-01-06 08:33: Train Epoch 3: 3/32 Loss: 0.109169
2023-01-06 08:33: Train Epoch 3: 7/32 Loss: 0.117797
2023-01-06 08:33: Train Epoch 3: 11/32 Loss: 0.077181
2023-01-06 08:34: Train Epoch 3: 15/32 Loss: 0.079711
2023-01-06 08:34: Train Epoch 3: 19/32 Loss: 0.080390
2023-01-06 08:34: Train Epoch 3: 23/32 Loss: 0.075941
2023-01-06 08:34: Train Epoch 3: 27/32 Loss: 0.102865
2023-01-06 08:34: Train Epoch 3: 31/32 Loss: 0.053664
2023-01-06 08:34: **********Train Epoch 3: averaged Loss: 0.087090 
2023-01-06 08:34: 
Epoch time elapsed: 20.807160139083862

