2022-12-23 19:22: log dir: /home/joel.chacon/tmp/WildFire_GCN/experiments/2020/20221223192251
2022-12-23 19:22: Experiment log path in: /home/joel.chacon/tmp/WildFire_GCN/experiments/2020/20221223192251
2022-12-23 19:22: Argument: Namespace(batch_size=256, clc='vec', cuda=True, dataset='2020', dataset_root='/home/joel.chacon/tmp/datasets_grl/', debug=False, default_graph=True, device='cpu', dynamic_features=['1 km 16 days NDVI', 'LST_Day_1km', 'LST_Night_1km', 'era5_max_d2m', 'era5_max_t2m', 'era5_max_sp', 'era5_max_tp', 'sminx', 'era5_max_wind_speed', 'era5_min_rh'], early_stop=True, early_stop_patience=5, embed_dim=32, epochs=30, gamma=1.0, grad_norm=False, horizon=1, input_dim=25, lag=10, link_len=2, log_dir='/home/joel.chacon/tmp/WildFire_GCN/experiments/2020/20221223192251', log_step=1, loss_func='nllloss', lr_decay=True, lr_decay_rate=0.1, lr_decay_step='10, 20, 25', lr_init=0.0005, mae_thresh=None, mape_thresh=0.0, max_grad_norm=5, mode='train', model='fire_GCN', nan_fill=0.5, num_layers=2, num_nodes=625, num_workers=20, output_dim=2, patch_height=25, patch_width=25, persistent_workers=True, pin_memory=True, plot=False, positive_weight=0.5, prefetch_factor=2, real_value=True, rnn_units=32, seed=1992, static_features=['dem_mean', 'slope_mean', 'roads_distance', 'waterway_distance', 'population_density'], teacher_forcing=False, test_ratio=0.2, val_ratio=0.2, weight_decay=0.01, window_len=10)
2022-12-23 19:22: Argument batch_size: 256
2022-12-23 19:22: Argument clc: 'vec'
2022-12-23 19:22: Argument cuda: True
2022-12-23 19:22: Argument dataset: '2020'
2022-12-23 19:22: Argument dataset_root: '/home/joel.chacon/tmp/datasets_grl/'
2022-12-23 19:22: Argument debug: False
2022-12-23 19:22: Argument default_graph: True
2022-12-23 19:22: Argument device: 'cpu'
2022-12-23 19:22: Argument dynamic_features: ['1 km 16 days NDVI', 'LST_Day_1km', 'LST_Night_1km', 'era5_max_d2m', 'era5_max_t2m', 'era5_max_sp', 'era5_max_tp', 'sminx', 'era5_max_wind_speed', 'era5_min_rh']
2022-12-23 19:22: Argument early_stop: True
2022-12-23 19:22: Argument early_stop_patience: 5
2022-12-23 19:22: Argument embed_dim: 32
2022-12-23 19:22: Argument epochs: 30
2022-12-23 19:22: Argument gamma: 1.0
2022-12-23 19:22: Argument grad_norm: False
2022-12-23 19:22: Argument horizon: 1
2022-12-23 19:22: Argument input_dim: 25
2022-12-23 19:22: Argument lag: 10
2022-12-23 19:22: Argument link_len: 2
2022-12-23 19:22: Argument log_dir: '/home/joel.chacon/tmp/WildFire_GCN/experiments/2020/20221223192251'
2022-12-23 19:22: Argument log_step: 1
2022-12-23 19:22: Argument loss_func: 'nllloss'
2022-12-23 19:22: Argument lr_decay: True
2022-12-23 19:22: Argument lr_decay_rate: 0.1
2022-12-23 19:22: Argument lr_decay_step: '10, 20, 25'
2022-12-23 19:22: Argument lr_init: 0.0005
2022-12-23 19:22: Argument mae_thresh: None
2022-12-23 19:22: Argument mape_thresh: 0.0
2022-12-23 19:22: Argument max_grad_norm: 5
2022-12-23 19:22: Argument mode: 'train'
2022-12-23 19:22: Argument model: 'fire_GCN'
2022-12-23 19:22: Argument nan_fill: 0.5
2022-12-23 19:22: Argument num_layers: 2
2022-12-23 19:22: Argument num_nodes: 625
2022-12-23 19:22: Argument num_workers: 20
2022-12-23 19:22: Argument output_dim: 2
2022-12-23 19:22: Argument patch_height: 25
2022-12-23 19:22: Argument patch_width: 25
2022-12-23 19:22: Argument persistent_workers: True
2022-12-23 19:22: Argument pin_memory: True
2022-12-23 19:22: Argument plot: False
2022-12-23 19:22: Argument positive_weight: 0.5
2022-12-23 19:22: Argument prefetch_factor: 2
2022-12-23 19:22: Argument real_value: True
2022-12-23 19:22: Argument rnn_units: 32
2022-12-23 19:22: Argument seed: 1992
2022-12-23 19:22: Argument static_features: ['dem_mean', 'slope_mean', 'roads_distance', 'waterway_distance', 'population_density']
2022-12-23 19:22: Argument teacher_forcing: False
2022-12-23 19:22: Argument test_ratio: 0.2
2022-12-23 19:22: Argument val_ratio: 0.2
2022-12-23 19:22: Argument weight_decay: 0.01
2022-12-23 19:22: Argument window_len: 10
2022-12-23 19:23: Train Epoch 1: 0/159 Loss: 2.818743
2022-12-23 19:23: Train Epoch 1: 1/159 Loss: 2.302166
2022-12-23 19:23: Train Epoch 1: 2/159 Loss: 1.924437
2022-12-23 19:23: Train Epoch 1: 3/159 Loss: 1.543077
2022-12-23 19:24: Train Epoch 1: 4/159 Loss: 1.088060
2022-12-23 19:24: Train Epoch 1: 5/159 Loss: 1.119281
2022-12-23 19:24: Train Epoch 1: 6/159 Loss: 0.928320
2022-12-23 19:24: Train Epoch 1: 7/159 Loss: 0.887040
2022-12-23 19:24: Train Epoch 1: 8/159 Loss: 0.905685
2022-12-23 19:25: Train Epoch 1: 9/159 Loss: 0.825455
2022-12-23 19:25: Train Epoch 1: 10/159 Loss: 0.824150
2022-12-23 19:25: Train Epoch 1: 11/159 Loss: 0.795158
2022-12-23 19:25: Train Epoch 1: 12/159 Loss: 0.810897
2022-12-23 19:26: Train Epoch 1: 13/159 Loss: 0.802618
2022-12-23 19:26: Train Epoch 1: 14/159 Loss: 0.788192
2022-12-23 19:26: Train Epoch 1: 15/159 Loss: 0.786808
2022-12-23 19:26: Train Epoch 1: 16/159 Loss: 0.759614
2022-12-23 19:27: Train Epoch 1: 17/159 Loss: 0.822513
2022-12-23 19:27: Train Epoch 1: 18/159 Loss: 0.808076
2022-12-23 19:27: Train Epoch 1: 19/159 Loss: 0.832305
2022-12-23 19:27: Train Epoch 1: 20/159 Loss: 0.781419
2022-12-23 19:28: Train Epoch 1: 21/159 Loss: 0.839879
2022-12-23 19:28: Train Epoch 1: 22/159 Loss: 0.793531
2022-12-23 19:28: Train Epoch 1: 23/159 Loss: 0.736156
2022-12-23 19:28: Train Epoch 1: 24/159 Loss: 0.791194
2022-12-23 19:29: Train Epoch 1: 25/159 Loss: 0.750425
2022-12-23 19:29: Train Epoch 1: 26/159 Loss: 0.763800
2022-12-23 19:29: Train Epoch 1: 27/159 Loss: 0.692780
2022-12-23 19:29: Train Epoch 1: 28/159 Loss: 0.702350
2022-12-23 19:29: Train Epoch 1: 29/159 Loss: 0.773467
2022-12-23 19:30: Train Epoch 1: 30/159 Loss: 0.740243
2022-12-23 19:30: Train Epoch 1: 31/159 Loss: 0.759337
2022-12-23 19:30: Train Epoch 1: 32/159 Loss: 0.741397
2022-12-23 19:30: Train Epoch 1: 33/159 Loss: 0.750485
2022-12-23 19:31: Train Epoch 1: 34/159 Loss: 0.722001
2022-12-23 19:31: Train Epoch 1: 35/159 Loss: 0.787236
2022-12-23 19:31: Train Epoch 1: 36/159 Loss: 0.835427
2022-12-23 19:31: Train Epoch 1: 37/159 Loss: 0.760807
2022-12-23 19:32: Train Epoch 1: 38/159 Loss: 0.734408
2022-12-23 19:32: Train Epoch 1: 39/159 Loss: 0.763777
2022-12-23 19:32: Train Epoch 1: 40/159 Loss: 0.783849
2022-12-23 19:32: Train Epoch 1: 41/159 Loss: 0.645731
2022-12-23 19:32: Train Epoch 1: 42/159 Loss: 0.677767
2022-12-23 19:33: Train Epoch 1: 43/159 Loss: 0.712222
2022-12-23 19:33: Train Epoch 1: 44/159 Loss: 0.739215
2022-12-23 19:33: Train Epoch 1: 45/159 Loss: 0.718545
2022-12-23 19:33: Train Epoch 1: 46/159 Loss: 0.725679
2022-12-23 19:34: Train Epoch 1: 47/159 Loss: 0.755060
2022-12-23 19:34: Train Epoch 1: 48/159 Loss: 0.792459
2022-12-23 19:34: Train Epoch 1: 49/159 Loss: 0.738172
2022-12-23 19:34: Train Epoch 1: 50/159 Loss: 0.811026
2022-12-23 19:35: Train Epoch 1: 51/159 Loss: 0.767920
2022-12-23 19:35: Train Epoch 1: 52/159 Loss: 0.751594
2022-12-23 19:35: Train Epoch 1: 53/159 Loss: 0.718603
2022-12-23 19:35: Train Epoch 1: 54/159 Loss: 0.763779
2022-12-23 19:36: Train Epoch 1: 55/159 Loss: 0.791420
2022-12-23 19:36: Train Epoch 1: 56/159 Loss: 0.768534
2022-12-23 19:36: Train Epoch 1: 57/159 Loss: 0.806649
2022-12-23 19:36: Train Epoch 1: 58/159 Loss: 0.785932
2022-12-23 19:37: Train Epoch 1: 59/159 Loss: 0.804648
2022-12-23 19:37: Train Epoch 1: 60/159 Loss: 0.784079
2022-12-23 19:37: Train Epoch 1: 61/159 Loss: 0.826003
2022-12-23 19:37: Train Epoch 1: 62/159 Loss: 0.811057
2022-12-23 19:38: Train Epoch 1: 63/159 Loss: 0.753212
2022-12-23 19:38: Train Epoch 1: 64/159 Loss: 0.829882
2022-12-23 19:38: Train Epoch 1: 65/159 Loss: 0.732486
2022-12-23 19:38: Train Epoch 1: 66/159 Loss: 0.701821
2022-12-23 19:39: Train Epoch 1: 67/159 Loss: 0.741249
2022-12-23 19:39: Train Epoch 1: 68/159 Loss: 0.795576
2022-12-23 19:39: Train Epoch 1: 69/159 Loss: 0.699398
2022-12-23 19:39: Train Epoch 1: 70/159 Loss: 0.759192
2022-12-23 19:39: Train Epoch 1: 71/159 Loss: 0.689248
2022-12-23 19:40: Train Epoch 1: 72/159 Loss: 0.750155
2022-12-23 19:40: Train Epoch 1: 73/159 Loss: 0.703965
2022-12-23 19:40: Train Epoch 1: 74/159 Loss: 0.810281
2022-12-23 19:40: Train Epoch 1: 75/159 Loss: 0.750623
2022-12-23 19:41: Train Epoch 1: 76/159 Loss: 0.755026
2022-12-23 19:41: Train Epoch 1: 77/159 Loss: 0.744528
2022-12-23 19:41: Train Epoch 1: 78/159 Loss: 0.709259
2022-12-23 19:41: Train Epoch 1: 79/159 Loss: 0.714495
2022-12-23 19:42: Train Epoch 1: 80/159 Loss: 0.717237
2022-12-23 19:42: Train Epoch 1: 81/159 Loss: 0.747604
2022-12-23 19:42: Train Epoch 1: 82/159 Loss: 0.719599
2022-12-23 19:42: Train Epoch 1: 83/159 Loss: 0.814820
2022-12-23 19:43: Train Epoch 1: 84/159 Loss: 0.678628
2022-12-23 19:43: Train Epoch 1: 85/159 Loss: 0.744797
2022-12-23 19:43: Train Epoch 1: 86/159 Loss: 0.727726
2022-12-23 19:43: Train Epoch 1: 87/159 Loss: 0.774688
2022-12-23 19:44: Train Epoch 1: 88/159 Loss: 0.794943
2022-12-23 19:44: Train Epoch 1: 89/159 Loss: 0.739843
2022-12-23 19:44: Train Epoch 1: 90/159 Loss: 0.750792
2022-12-23 19:44: Train Epoch 1: 91/159 Loss: 0.697999
2022-12-23 19:45: Train Epoch 1: 92/159 Loss: 0.660310
2022-12-23 19:45: Train Epoch 1: 93/159 Loss: 0.786443
2022-12-23 19:45: Train Epoch 1: 94/159 Loss: 0.729230
2022-12-23 19:45: Train Epoch 1: 95/159 Loss: 0.732058
2022-12-23 19:46: Train Epoch 1: 96/159 Loss: 0.723772
2022-12-23 19:46: Train Epoch 1: 97/159 Loss: 0.714003
2022-12-23 19:46: Train Epoch 1: 98/159 Loss: 0.747094
2022-12-23 19:46: Train Epoch 1: 99/159 Loss: 0.726672
2022-12-23 19:46: Train Epoch 1: 100/159 Loss: 0.771151
2022-12-23 19:47: Train Epoch 1: 101/159 Loss: 0.687751
2022-12-23 19:47: Train Epoch 1: 102/159 Loss: 0.754757
2022-12-23 19:47: Train Epoch 1: 103/159 Loss: 0.678356
2022-12-23 19:47: Train Epoch 1: 104/159 Loss: 0.753129
2022-12-23 19:48: Train Epoch 1: 105/159 Loss: 0.728797
2022-12-23 19:48: Train Epoch 1: 106/159 Loss: 0.740258
2022-12-23 19:48: Train Epoch 1: 107/159 Loss: 0.740044
2022-12-23 19:48: Train Epoch 1: 108/159 Loss: 0.791754
2022-12-23 19:49: Train Epoch 1: 109/159 Loss: 0.680416
2022-12-23 19:49: Train Epoch 1: 110/159 Loss: 0.809914
2022-12-23 19:49: Train Epoch 1: 111/159 Loss: 0.692180
2022-12-23 19:49: Train Epoch 1: 112/159 Loss: 0.726726
2022-12-23 19:50: Train Epoch 1: 113/159 Loss: 0.712958
2022-12-23 19:50: Train Epoch 1: 114/159 Loss: 0.762902
2022-12-23 19:50: Train Epoch 1: 115/159 Loss: 0.712489
2022-12-23 19:50: Train Epoch 1: 116/159 Loss: 0.706090
2022-12-23 19:51: Train Epoch 1: 117/159 Loss: 0.731266
2022-12-23 19:51: Train Epoch 1: 118/159 Loss: 0.687814
2022-12-23 19:51: Train Epoch 1: 119/159 Loss: 0.787162
2022-12-23 19:51: Train Epoch 1: 120/159 Loss: 0.760560
2022-12-23 19:52: Train Epoch 1: 121/159 Loss: 0.751039
2022-12-23 19:52: Train Epoch 1: 122/159 Loss: 0.760690
2022-12-23 19:52: Train Epoch 1: 123/159 Loss: 0.742502
2022-12-23 19:52: Train Epoch 1: 124/159 Loss: 0.739719
2022-12-23 19:53: Train Epoch 1: 125/159 Loss: 0.724378
2022-12-23 19:53: Train Epoch 1: 126/159 Loss: 0.661286
2022-12-23 19:53: Train Epoch 1: 127/159 Loss: 0.782413
2022-12-23 19:53: Train Epoch 1: 128/159 Loss: 0.708978
2022-12-23 19:54: Train Epoch 1: 129/159 Loss: 0.761632
2022-12-23 19:54: Train Epoch 1: 130/159 Loss: 0.708605
2022-12-23 19:54: Train Epoch 1: 131/159 Loss: 0.763349
2022-12-23 19:54: Train Epoch 1: 132/159 Loss: 0.774104
2022-12-23 19:55: Train Epoch 1: 133/159 Loss: 0.740201
2022-12-23 19:55: Train Epoch 1: 134/159 Loss: 0.715928
2022-12-23 19:55: Train Epoch 1: 135/159 Loss: 0.769147
2022-12-23 19:55: Train Epoch 1: 136/159 Loss: 0.763841
2022-12-23 19:56: Train Epoch 1: 137/159 Loss: 0.754821
2022-12-23 19:56: Train Epoch 1: 138/159 Loss: 0.698890
2022-12-23 19:56: Train Epoch 1: 139/159 Loss: 0.805637
2022-12-23 19:56: Train Epoch 1: 140/159 Loss: 0.748095
2022-12-23 19:57: Train Epoch 1: 141/159 Loss: 0.683215
2022-12-23 19:57: Train Epoch 1: 142/159 Loss: 0.735244
2022-12-23 19:57: Train Epoch 1: 143/159 Loss: 0.768833
2022-12-23 19:57: Train Epoch 1: 144/159 Loss: 0.718820
2022-12-23 19:57: Train Epoch 1: 145/159 Loss: 0.757568
2022-12-23 19:58: Train Epoch 1: 146/159 Loss: 0.705528
2022-12-23 19:58: Train Epoch 1: 147/159 Loss: 0.699949
2022-12-23 19:58: Train Epoch 1: 148/159 Loss: 0.732180
2022-12-23 19:58: Train Epoch 1: 149/159 Loss: 0.719230
2022-12-23 19:59: Train Epoch 1: 150/159 Loss: 0.667364
2022-12-23 19:59: Train Epoch 1: 151/159 Loss: 0.770098
2022-12-23 19:59: Train Epoch 1: 152/159 Loss: 0.692533
2022-12-23 19:59: Train Epoch 1: 153/159 Loss: 0.721403
2022-12-23 20:00: Train Epoch 1: 154/159 Loss: 0.705885
2022-12-23 20:00: Train Epoch 1: 155/159 Loss: 0.689253
2022-12-23 20:00: Train Epoch 1: 156/159 Loss: 0.687116
2022-12-23 20:00: Train Epoch 1: 157/159 Loss: 0.792333
2022-12-23 20:00: Train Epoch 1: 158/159 Loss: 0.681089
2022-12-23 20:00: **********Train Epoch 1: averaged Loss: 0.790319 
2022-12-23 20:00: 
Epoch time elapsed: 2282.9133269786835

2022-12-23 20:01: 
 metrics validation: {'precision': 0.0, 'recall': 0.0, 'f1-score': 0.0, 'support': 1300, 'AUC': 0.4982692307692308, 'AUCPR': 0.332565905448718, 'TP': 0, 'FP': 0, 'TN': 2600, 'FN': 1300} 

2022-12-23 20:01: **********Val Epoch 1: average Loss: 0.637975
2022-12-23 20:01: *********************************Current best model saved!
