2022-12-28 23:08: log dir: /home/joel.chacon/tmp/WildFire_GCN/experiments/2020/2022122823081551596969118
2022-12-28 23:08: Experiment log path in: /home/joel.chacon/tmp/WildFire_GCN/experiments/2020/2022122823081551596969118
2022-12-28 23:08: Argument: Namespace(batch_size=256, clc='vec', cuda=True, dataset='2020', dataset_root='/home/joel.chacon/tmp/datasets_grl/', debug=False, default_graph=True, device='cpu', dynamic_features=['1 km 16 days NDVI', 'LST_Day_1km', 'LST_Night_1km', 'era5_max_d2m', 'era5_max_t2m', 'era5_max_sp', 'era5_max_tp', 'sminx', 'era5_max_wind_speed', 'era5_min_rh'], early_stop=True, early_stop_patience=8, embed_dim=128, epochs=30, grad_norm=False, horizon=1, input_dim=25, lag=10, link_len=2, log_dir='/home/joel.chacon/tmp/WildFire_GCN/experiments/2020/2022122823081551596969118', log_step=1, loss_func='nllloss', lr_decay=True, lr_decay_rate=0.1, lr_decay_step='15, 20', lr_init=0.0005, max_grad_norm=5, minbatch_size=256, mode='train', model='fire_GCN', nan_fill=0.5, num_layers=1, num_nodes=625, num_workers=20, output_dim=2, patch_height=25, patch_width=25, persistent_workers=True, pin_memory=True, plot=False, positive_weight=0.5, prefetch_factor=2, real_value=True, rnn_units=16, seed=10000, static_features=['dem_mean', 'slope_mean', 'roads_distance', 'waterway_distance', 'population_density'], teacher_forcing=False, weight_decay=0.0, window_len=10)
2022-12-28 23:08: Argument batch_size: 256
2022-12-28 23:08: Argument clc: 'vec'
2022-12-28 23:08: Argument cuda: True
2022-12-28 23:08: Argument dataset: '2020'
2022-12-28 23:08: Argument dataset_root: '/home/joel.chacon/tmp/datasets_grl/'
2022-12-28 23:08: Argument debug: False
2022-12-28 23:08: Argument default_graph: True
2022-12-28 23:08: Argument device: 'cpu'
2022-12-28 23:08: Argument dynamic_features: ['1 km 16 days NDVI', 'LST_Day_1km', 'LST_Night_1km', 'era5_max_d2m', 'era5_max_t2m', 'era5_max_sp', 'era5_max_tp', 'sminx', 'era5_max_wind_speed', 'era5_min_rh']
2022-12-28 23:08: Argument early_stop: True
2022-12-28 23:08: Argument early_stop_patience: 8
2022-12-28 23:08: Argument embed_dim: 128
2022-12-28 23:08: Argument epochs: 30
2022-12-28 23:08: Argument grad_norm: False
2022-12-28 23:08: Argument horizon: 1
2022-12-28 23:08: Argument input_dim: 25
2022-12-28 23:08: Argument lag: 10
2022-12-28 23:08: Argument link_len: 2
2022-12-28 23:08: Argument log_dir: '/home/joel.chacon/tmp/WildFire_GCN/experiments/2020/2022122823081551596969118'
2022-12-28 23:08: Argument log_step: 1
2022-12-28 23:08: Argument loss_func: 'nllloss'
2022-12-28 23:08: Argument lr_decay: True
2022-12-28 23:08: Argument lr_decay_rate: 0.1
2022-12-28 23:08: Argument lr_decay_step: '15, 20'
2022-12-28 23:08: Argument lr_init: 0.0005
2022-12-28 23:08: Argument max_grad_norm: 5
2022-12-28 23:08: Argument minbatch_size: 256
2022-12-28 23:08: Argument mode: 'train'
2022-12-28 23:08: Argument model: 'fire_GCN'
2022-12-28 23:08: Argument nan_fill: 0.5
2022-12-28 23:08: Argument num_layers: 1
2022-12-28 23:08: Argument num_nodes: 625
2022-12-28 23:08: Argument num_workers: 20
2022-12-28 23:08: Argument output_dim: 2
2022-12-28 23:08: Argument patch_height: 25
2022-12-28 23:08: Argument patch_width: 25
2022-12-28 23:08: Argument persistent_workers: True
2022-12-28 23:08: Argument pin_memory: True
2022-12-28 23:08: Argument plot: False
2022-12-28 23:08: Argument positive_weight: 0.5
2022-12-28 23:08: Argument prefetch_factor: 2
2022-12-28 23:08: Argument real_value: True
2022-12-28 23:08: Argument rnn_units: 16
2022-12-28 23:08: Argument seed: 10000
2022-12-28 23:08: Argument static_features: ['dem_mean', 'slope_mean', 'roads_distance', 'waterway_distance', 'population_density']
2022-12-28 23:08: Argument teacher_forcing: False
2022-12-28 23:08: Argument weight_decay: 0.0
2022-12-28 23:08: Argument window_len: 10
2022-12-28 23:08: Train Epoch 1: 0/61 Loss: 2.431704
2022-12-28 23:08: Train Epoch 1: 1/61 Loss: 1.424968
2022-12-28 23:08: Train Epoch 1: 2/61 Loss: 1.055997
2022-12-28 23:08: Train Epoch 1: 3/61 Loss: 1.340065
2022-12-28 23:08: Train Epoch 1: 4/61 Loss: 1.203026
2022-12-28 23:08: Train Epoch 1: 5/61 Loss: 0.908692
2022-12-28 23:08: Train Epoch 1: 6/61 Loss: 0.649870
2022-12-28 23:09: Train Epoch 1: 7/61 Loss: 0.755478
2022-12-28 23:09: Train Epoch 1: 8/61 Loss: 0.919882
2022-12-28 23:09: Train Epoch 1: 9/61 Loss: 0.808776
2022-12-28 23:09: Train Epoch 1: 10/61 Loss: 0.660949
2022-12-28 23:09: Train Epoch 1: 11/61 Loss: 0.637967
2022-12-28 23:09: Train Epoch 1: 12/61 Loss: 0.757106
2022-12-28 23:09: Train Epoch 1: 13/61 Loss: 0.798311
2022-12-28 23:09: Train Epoch 1: 14/61 Loss: 0.754617
2022-12-28 23:09: Train Epoch 1: 15/61 Loss: 0.618850
2022-12-28 23:09: Train Epoch 1: 16/61 Loss: 0.690893
2022-12-28 23:10: Train Epoch 1: 17/61 Loss: 0.661784
2022-12-28 23:10: Train Epoch 1: 18/61 Loss: 0.676161
2022-12-28 23:10: Train Epoch 1: 19/61 Loss: 0.645081
2022-12-28 23:10: Train Epoch 1: 20/61 Loss: 0.663597
2022-12-28 23:10: Train Epoch 1: 21/61 Loss: 0.680435
2022-12-28 23:10: Train Epoch 1: 22/61 Loss: 0.687212
2022-12-28 23:10: Train Epoch 1: 23/61 Loss: 0.684892
2022-12-28 23:10: Train Epoch 1: 24/61 Loss: 0.676773
2022-12-28 23:11: Train Epoch 1: 25/61 Loss: 0.664274
2022-12-28 23:11: Train Epoch 1: 26/61 Loss: 0.648607
2022-12-28 23:11: Train Epoch 1: 27/61 Loss: 0.649501
2022-12-28 23:11: Train Epoch 1: 28/61 Loss: 0.614530
2022-12-28 23:11: Train Epoch 1: 29/61 Loss: 0.666204
2022-12-28 23:11: Train Epoch 1: 30/61 Loss: 0.623618
2022-12-28 23:11: Train Epoch 1: 31/61 Loss: 0.616110
2022-12-28 23:11: Train Epoch 1: 32/61 Loss: 0.617887
2022-12-28 23:11: Train Epoch 1: 33/61 Loss: 0.676129
2022-12-28 23:11: Train Epoch 1: 34/61 Loss: 0.589423
2022-12-28 23:12: Train Epoch 1: 35/61 Loss: 0.629971
2022-12-28 23:12: Train Epoch 1: 36/61 Loss: 0.644078
2022-12-28 23:12: Train Epoch 1: 37/61 Loss: 0.587194
2022-12-28 23:12: Train Epoch 1: 38/61 Loss: 0.618647
2022-12-28 23:12: Train Epoch 1: 39/61 Loss: 0.639624
2022-12-28 23:12: Train Epoch 1: 40/61 Loss: 0.658735
2022-12-28 23:12: Train Epoch 1: 41/61 Loss: 0.611820
2022-12-28 23:12: Train Epoch 1: 42/61 Loss: 0.632146
2022-12-28 23:12: Train Epoch 1: 43/61 Loss: 0.620947
2022-12-28 23:12: Train Epoch 1: 44/61 Loss: 0.621848
2022-12-28 23:12: Train Epoch 1: 45/61 Loss: 0.631577
2022-12-28 23:12: Train Epoch 1: 46/61 Loss: 0.656283
2022-12-28 23:12: Train Epoch 1: 47/61 Loss: 0.628182
2022-12-28 23:13: Train Epoch 1: 48/61 Loss: 0.631494
2022-12-28 23:13: Train Epoch 1: 49/61 Loss: 0.632077
2022-12-28 23:13: Train Epoch 1: 50/61 Loss: 0.613693
2022-12-28 23:13: Train Epoch 1: 51/61 Loss: 0.612159
2022-12-28 23:13: Train Epoch 1: 52/61 Loss: 0.629109
2022-12-28 23:13: Train Epoch 1: 53/61 Loss: 0.613590
2022-12-28 23:13: Train Epoch 1: 54/61 Loss: 0.586247
2022-12-28 23:13: Train Epoch 1: 55/61 Loss: 0.662495
2022-12-28 23:13: Train Epoch 1: 56/61 Loss: 0.639930
2022-12-28 23:13: Train Epoch 1: 57/61 Loss: 0.660418
2022-12-28 23:13: Train Epoch 1: 58/61 Loss: 0.599741
2022-12-28 23:13: Train Epoch 1: 59/61 Loss: 0.613111
2022-12-28 23:13: Train Epoch 1: 60/61 Loss: 0.622219
2022-12-28 23:13: **********Train Epoch 1: averaged Loss: 0.728798 
2022-12-28 23:13: 
Epoch time elapsed: 344.20232105255127

2022-12-28 23:14: 
 metrics validation: {'precision': 0.0, 'recall': 0.0, 'f1-score': 0.0, 'support': 1300, 'AUC': 0.7440171597633136, 'AUCPR': 0.5764855143345011, 'TP': 0, 'FP': 0, 'TN': 2600, 'FN': 1300} 

2022-12-28 23:14: **********Val Epoch 1: average Loss: 0.628759
2022-12-28 23:14: *********************************Current best model saved!
2022-12-28 23:14: 
 Testing metrics {'precision': 0.0, 'recall': 0.0, 'f1-score': 0.0, 'support': 1228, 'AUC': 0.8350983830067162, 'AUCPR': 0.7093018664403516, 'TP': 0, 'FP': 0, 'TN': 2456, 'FN': 1228} 

2022-12-28 23:15: Train Epoch 2: 0/61 Loss: 0.645805
2022-12-28 23:15: Train Epoch 2: 1/61 Loss: 0.585234
2022-12-28 23:15: Train Epoch 2: 2/61 Loss: 0.650949
2022-12-28 23:15: Train Epoch 2: 3/61 Loss: 0.617062
2022-12-28 23:15: Train Epoch 2: 4/61 Loss: 0.636664
2022-12-28 23:15: Train Epoch 2: 5/61 Loss: 0.600657
2022-12-28 23:15: Train Epoch 2: 6/61 Loss: 0.593830
2022-12-28 23:15: Train Epoch 2: 7/61 Loss: 0.662195
2022-12-28 23:16: Train Epoch 2: 8/61 Loss: 0.609065
2022-12-28 23:16: Train Epoch 2: 9/61 Loss: 0.609042
2022-12-28 23:16: Train Epoch 2: 10/61 Loss: 0.617596
2022-12-28 23:16: Train Epoch 2: 11/61 Loss: 0.599041
2022-12-28 23:16: Train Epoch 2: 12/61 Loss: 0.649633
2022-12-28 23:16: Train Epoch 2: 13/61 Loss: 0.588153
2022-12-28 23:16: Train Epoch 2: 14/61 Loss: 0.598439
2022-12-28 23:16: Train Epoch 2: 15/61 Loss: 0.639151
2022-12-28 23:17: Train Epoch 2: 16/61 Loss: 0.638681
2022-12-28 23:17: Train Epoch 2: 17/61 Loss: 0.637011
2022-12-28 23:17: Train Epoch 2: 18/61 Loss: 0.618038
2022-12-28 23:17: Train Epoch 2: 19/61 Loss: 0.639290
2022-12-28 23:17: Train Epoch 2: 20/61 Loss: 0.602204
2022-12-28 23:17: Train Epoch 2: 21/61 Loss: 0.624768
2022-12-28 23:17: Train Epoch 2: 22/61 Loss: 0.621998
2022-12-28 23:17: Train Epoch 2: 23/61 Loss: 0.628150
2022-12-28 23:17: Train Epoch 2: 24/61 Loss: 0.621137
2022-12-28 23:17: Train Epoch 2: 25/61 Loss: 0.610812
2022-12-28 23:17: Train Epoch 2: 26/61 Loss: 0.622728
2022-12-28 23:18: Train Epoch 2: 27/61 Loss: 0.601087
2022-12-28 23:18: Train Epoch 2: 28/61 Loss: 0.603118
2022-12-28 23:18: Train Epoch 2: 29/61 Loss: 0.632773
2022-12-28 23:18: Train Epoch 2: 30/61 Loss: 0.610434
2022-12-28 23:18: Train Epoch 2: 31/61 Loss: 0.588965
2022-12-28 23:18: Train Epoch 2: 32/61 Loss: 0.662573
2022-12-28 23:18: Train Epoch 2: 33/61 Loss: 0.607983
2022-12-28 23:18: Train Epoch 2: 34/61 Loss: 0.617030
2022-12-28 23:18: Train Epoch 2: 35/61 Loss: 0.580768
2022-12-28 23:18: Train Epoch 2: 36/61 Loss: 0.573900
2022-12-28 23:18: Train Epoch 2: 37/61 Loss: 0.590707
2022-12-28 23:18: Train Epoch 2: 38/61 Loss: 0.594065
2022-12-28 23:19: Train Epoch 2: 39/61 Loss: 0.605436
2022-12-28 23:19: Train Epoch 2: 40/61 Loss: 0.607430
2022-12-28 23:19: Train Epoch 2: 41/61 Loss: 0.596708
2022-12-28 23:19: Train Epoch 2: 42/61 Loss: 0.578862
2022-12-28 23:19: Train Epoch 2: 43/61 Loss: 0.622955
2022-12-28 23:19: Train Epoch 2: 44/61 Loss: 0.626250
2022-12-28 23:19: Train Epoch 2: 45/61 Loss: 0.609057
2022-12-28 23:19: Train Epoch 2: 46/61 Loss: 0.582627
2022-12-28 23:19: Train Epoch 2: 47/61 Loss: 0.594362
2022-12-28 23:19: Train Epoch 2: 48/61 Loss: 0.587076
2022-12-28 23:19: Train Epoch 2: 49/61 Loss: 0.601792
2022-12-28 23:20: Train Epoch 2: 50/61 Loss: 0.615862
2022-12-28 23:20: Train Epoch 2: 51/61 Loss: 0.575666
2022-12-28 23:20: Train Epoch 2: 52/61 Loss: 0.587426
2022-12-28 23:20: Train Epoch 2: 53/61 Loss: 0.601391
2022-12-28 23:20: Train Epoch 2: 54/61 Loss: 0.590792
2022-12-28 23:20: Train Epoch 2: 55/61 Loss: 0.569121
2022-12-28 23:20: Train Epoch 2: 56/61 Loss: 0.614418
2022-12-28 23:20: Train Epoch 2: 57/61 Loss: 0.604836
2022-12-28 23:20: Train Epoch 2: 58/61 Loss: 0.612537
2022-12-28 23:21: Train Epoch 2: 59/61 Loss: 0.603170
2022-12-28 23:21: Train Epoch 2: 60/61 Loss: 0.636268
2022-12-28 23:21: **********Train Epoch 2: averaged Loss: 0.610734 
2022-12-28 23:21: 
Epoch time elapsed: 367.0934145450592

2022-12-28 23:21: 
 metrics validation: {'precision': 0.0, 'recall': 0.0, 'f1-score': 0.0, 'support': 1300, 'AUC': 0.7182757396449705, 'AUCPR': 0.5585272090130612, 'TP': 0, 'FP': 0, 'TN': 2600, 'FN': 1300} 

2022-12-28 23:21: **********Val Epoch 2: average Loss: 0.617004
2022-12-28 23:21: *********************************Current best model saved!
2022-12-28 23:21: 
 Testing metrics {'precision': 0.0, 'recall': 0.0, 'f1-score': 0.0, 'support': 1228, 'AUC': 0.8463203190484778, 'AUCPR': 0.7416688866048855, 'TP': 0, 'FP': 0, 'TN': 2456, 'FN': 1228} 

2022-12-28 23:22: Train Epoch 3: 0/61 Loss: 0.591921
2022-12-28 23:22: Train Epoch 3: 1/61 Loss: 0.576846
2022-12-28 23:22: Train Epoch 3: 2/61 Loss: 0.616649
2022-12-28 23:22: Train Epoch 3: 3/61 Loss: 0.600298
2022-12-28 23:22: Train Epoch 3: 4/61 Loss: 0.597417
2022-12-28 23:22: Train Epoch 3: 5/61 Loss: 0.582247
2022-12-28 23:22: Train Epoch 3: 6/61 Loss: 0.587142
2022-12-28 23:22: Train Epoch 3: 7/61 Loss: 0.590206
2022-12-28 23:22: Train Epoch 3: 8/61 Loss: 0.592002
2022-12-28 23:23: Train Epoch 3: 9/61 Loss: 0.597960
2022-12-28 23:23: Train Epoch 3: 10/61 Loss: 0.599614
2022-12-28 23:23: Train Epoch 3: 11/61 Loss: 0.580590
2022-12-28 23:23: Train Epoch 3: 12/61 Loss: 0.578294
2022-12-28 23:23: Train Epoch 3: 13/61 Loss: 0.571472
2022-12-28 23:23: Train Epoch 3: 14/61 Loss: 0.589424
2022-12-28 23:23: Train Epoch 3: 15/61 Loss: 0.583386
2022-12-28 23:23: Train Epoch 3: 16/61 Loss: 0.562762
2022-12-28 23:23: Train Epoch 3: 17/61 Loss: 0.569468
2022-12-28 23:23: Train Epoch 3: 18/61 Loss: 0.576135
2022-12-28 23:23: Train Epoch 3: 19/61 Loss: 0.564336
2022-12-28 23:24: Train Epoch 3: 20/61 Loss: 0.580066
2022-12-28 23:24: Train Epoch 3: 21/61 Loss: 0.549463
2022-12-28 23:24: Train Epoch 3: 22/61 Loss: 0.525379
2022-12-28 23:24: Train Epoch 3: 23/61 Loss: 0.545592
2022-12-28 23:24: Train Epoch 3: 24/61 Loss: 0.565923
2022-12-28 23:24: Train Epoch 3: 25/61 Loss: 0.564534
2022-12-28 23:24: Train Epoch 3: 26/61 Loss: 0.586306
2022-12-28 23:24: Train Epoch 3: 27/61 Loss: 0.608401
2022-12-28 23:24: Train Epoch 3: 28/61 Loss: 0.553518
2022-12-28 23:24: Train Epoch 3: 29/61 Loss: 0.538448
2022-12-28 23:24: Train Epoch 3: 30/61 Loss: 0.524027
2022-12-28 23:24: Train Epoch 3: 31/61 Loss: 0.514294
2022-12-28 23:24: Train Epoch 3: 32/61 Loss: 0.545913
2022-12-28 23:25: Train Epoch 3: 33/61 Loss: 0.514189
2022-12-28 23:25: Train Epoch 3: 34/61 Loss: 0.524803
2022-12-28 23:25: Train Epoch 3: 35/61 Loss: 0.532900
2022-12-28 23:25: Train Epoch 3: 36/61 Loss: 0.526601
2022-12-28 23:25: Train Epoch 3: 37/61 Loss: 0.544700
2022-12-28 23:25: Train Epoch 3: 38/61 Loss: 0.511805
2022-12-28 23:25: Train Epoch 3: 39/61 Loss: 0.500057
2022-12-28 23:25: Train Epoch 3: 40/61 Loss: 0.491301
2022-12-28 23:25: Train Epoch 3: 41/61 Loss: 0.538265
2022-12-28 23:25: Train Epoch 3: 42/61 Loss: 0.525341
2022-12-28 23:26: Train Epoch 3: 43/61 Loss: 0.519662
2022-12-28 23:26: Train Epoch 3: 44/61 Loss: 0.518534
2022-12-28 23:26: Train Epoch 3: 45/61 Loss: 0.513285
2022-12-28 23:26: Train Epoch 3: 46/61 Loss: 0.492321
2022-12-28 23:26: Train Epoch 3: 47/61 Loss: 0.493697
2022-12-28 23:26: Train Epoch 3: 48/61 Loss: 0.493110
2022-12-28 23:26: Train Epoch 3: 49/61 Loss: 0.502186
2022-12-28 23:26: Train Epoch 3: 50/61 Loss: 0.451486
2022-12-28 23:26: Train Epoch 3: 51/61 Loss: 0.503523
2022-12-28 23:26: Train Epoch 3: 52/61 Loss: 0.504255
2022-12-28 23:27: Train Epoch 3: 53/61 Loss: 0.493883
2022-12-28 23:27: Train Epoch 3: 54/61 Loss: 0.480873
2022-12-28 23:27: Train Epoch 3: 55/61 Loss: 0.468660
2022-12-28 23:27: Train Epoch 3: 56/61 Loss: 0.485124
2022-12-28 23:27: Train Epoch 3: 57/61 Loss: 0.458555
2022-12-28 23:27: Train Epoch 3: 58/61 Loss: 0.458725
2022-12-28 23:27: Train Epoch 3: 59/61 Loss: 0.465427
2022-12-28 23:27: Train Epoch 3: 60/61 Loss: 0.429986
2022-12-28 23:27: **********Train Epoch 3: averaged Loss: 0.538578 
2022-12-28 23:27: 
Epoch time elapsed: 348.89371943473816

2022-12-28 23:28: 
 metrics validation: {'precision': 0.7428571428571429, 'recall': 0.12, 'f1-score': 0.2066225165562914, 'support': 1300, 'AUC': 0.7329068047337278, 'AUCPR': 0.5979254152164527, 'TP': 156, 'FP': 54, 'TN': 2546, 'FN': 1144} 

2022-12-28 23:28: **********Val Epoch 3: average Loss: 0.574228
2022-12-28 23:28: *********************************Current best model saved!
2022-12-28 23:28: 
 Testing metrics {'precision': 0.8464285714285714, 'recall': 0.19299674267100977, 'f1-score': 0.3143236074270557, 'support': 1228, 'AUC': 0.853567080287324, 'AUCPR': 0.7652876006939666, 'TP': 237, 'FP': 43, 'TN': 2413, 'FN': 991} 

2022-12-28 23:28: Train Epoch 4: 0/61 Loss: 0.444536
2022-12-28 23:28: Train Epoch 4: 1/61 Loss: 0.455185
2022-12-28 23:28: Train Epoch 4: 2/61 Loss: 0.443117
2022-12-28 23:28: Train Epoch 4: 3/61 Loss: 0.438319
2022-12-28 23:29: Train Epoch 4: 4/61 Loss: 0.455353
2022-12-28 23:29: Train Epoch 4: 5/61 Loss: 0.453103
2022-12-28 23:29: Train Epoch 4: 6/61 Loss: 0.403235
2022-12-28 23:29: Train Epoch 4: 7/61 Loss: 0.431978
2022-12-28 23:29: Train Epoch 4: 8/61 Loss: 0.435982
2022-12-28 23:29: Train Epoch 4: 9/61 Loss: 0.438735
2022-12-28 23:29: Train Epoch 4: 10/61 Loss: 0.424404
2022-12-28 23:29: Train Epoch 4: 11/61 Loss: 0.413446
2022-12-28 23:29: Train Epoch 4: 12/61 Loss: 0.455391
2022-12-28 23:29: Train Epoch 4: 13/61 Loss: 0.386438
2022-12-28 23:29: Train Epoch 4: 14/61 Loss: 0.421568
2022-12-28 23:30: Train Epoch 4: 15/61 Loss: 0.424186
2022-12-28 23:30: Train Epoch 4: 16/61 Loss: 0.364925
2022-12-28 23:30: Train Epoch 4: 17/61 Loss: 0.359167
2022-12-28 23:30: Train Epoch 4: 18/61 Loss: 0.377573
2022-12-28 23:30: Train Epoch 4: 19/61 Loss: 0.349446
2022-12-28 23:30: Train Epoch 4: 20/61 Loss: 0.349585
2022-12-28 23:30: Train Epoch 4: 21/61 Loss: 0.373503
2022-12-28 23:31: Train Epoch 4: 22/61 Loss: 0.348386
2022-12-28 23:31: Train Epoch 4: 23/61 Loss: 0.391075
2022-12-28 23:31: Train Epoch 4: 24/61 Loss: 0.353882
2022-12-28 23:31: Train Epoch 4: 25/61 Loss: 0.361121
2022-12-28 23:31: Train Epoch 4: 26/61 Loss: 0.338839
2022-12-28 23:31: Train Epoch 4: 27/61 Loss: 0.342926
2022-12-28 23:31: Train Epoch 4: 28/61 Loss: 0.340001
2022-12-28 23:31: Train Epoch 4: 29/61 Loss: 0.273468
2022-12-28 23:31: Train Epoch 4: 30/61 Loss: 0.262314
2022-12-28 23:31: Train Epoch 4: 31/61 Loss: 0.303395
2022-12-28 23:32: Train Epoch 4: 32/61 Loss: 0.283559
2022-12-28 23:32: Train Epoch 4: 33/61 Loss: 0.270565
2022-12-28 23:32: Train Epoch 4: 34/61 Loss: 0.335869
2022-12-28 23:32: Train Epoch 4: 35/61 Loss: 0.275853
2022-12-28 23:32: Train Epoch 4: 36/61 Loss: 0.289304
2022-12-28 23:32: Train Epoch 4: 37/61 Loss: 0.281914
2022-12-28 23:32: Train Epoch 4: 38/61 Loss: 0.305901
2022-12-28 23:32: Train Epoch 4: 39/61 Loss: 0.304784
2022-12-28 23:32: Train Epoch 4: 40/61 Loss: 0.268750
2022-12-28 23:32: Train Epoch 4: 41/61 Loss: 0.292574
2022-12-28 23:33: Train Epoch 4: 42/61 Loss: 0.282741
2022-12-28 23:33: Train Epoch 4: 43/61 Loss: 0.261346
2022-12-28 23:33: Train Epoch 4: 44/61 Loss: 0.254765
2022-12-28 23:33: Train Epoch 4: 45/61 Loss: 0.356523
2022-12-28 23:33: Train Epoch 4: 46/61 Loss: 0.258808
2022-12-28 23:33: Train Epoch 4: 47/61 Loss: 0.314980
2022-12-28 23:33: Train Epoch 4: 48/61 Loss: 0.208617
2022-12-28 23:33: Train Epoch 4: 49/61 Loss: 0.241743
2022-12-28 23:33: Train Epoch 4: 50/61 Loss: 0.304282
2022-12-28 23:33: Train Epoch 4: 51/61 Loss: 0.232762
2022-12-28 23:33: Train Epoch 4: 52/61 Loss: 0.238519
2022-12-28 23:33: Train Epoch 4: 53/61 Loss: 0.281922
2022-12-28 23:33: Train Epoch 4: 54/61 Loss: 0.263438
2022-12-28 23:34: Train Epoch 4: 55/61 Loss: 0.241475
2022-12-28 23:34: Train Epoch 4: 56/61 Loss: 0.224915
2022-12-28 23:34: Train Epoch 4: 57/61 Loss: 0.228440
2022-12-28 23:34: Train Epoch 4: 58/61 Loss: 0.268665
2022-12-28 23:34: Train Epoch 4: 59/61 Loss: 0.276743
2022-12-28 23:34: Train Epoch 4: 60/61 Loss: 0.202783
2022-12-28 23:34: **********Train Epoch 4: averaged Loss: 0.332248 
2022-12-28 23:34: 
Epoch time elapsed: 356.82309675216675

2022-12-28 23:34: 
 metrics validation: {'precision': 0.7649043869516311, 'recall': 0.5230769230769231, 'f1-score': 0.6212882594792143, 'support': 1300, 'AUC': 0.8006769230769231, 'AUCPR': 0.712524088149769, 'TP': 680, 'FP': 209, 'TN': 2391, 'FN': 620} 

2022-12-28 23:34: **********Val Epoch 4: average Loss: 0.609647
2022-12-28 23:35: 
 Testing metrics {'precision': 0.8464285714285714, 'recall': 0.19299674267100977, 'f1-score': 0.3143236074270557, 'support': 1228, 'AUC': 0.853567080287324, 'AUCPR': 0.7652876006939666, 'TP': 237, 'FP': 43, 'TN': 2413, 'FN': 991} 

2022-12-28 23:35: Train Epoch 5: 0/61 Loss: 0.441064
2022-12-28 23:35: Train Epoch 5: 1/61 Loss: 0.452681
2022-12-28 23:35: Train Epoch 5: 2/61 Loss: 0.404004
2022-12-28 23:35: Train Epoch 5: 3/61 Loss: 0.455479
2022-12-28 23:35: Train Epoch 5: 4/61 Loss: 0.456103
2022-12-28 23:36: Train Epoch 5: 5/61 Loss: 0.429928
2022-12-28 23:36: Train Epoch 5: 6/61 Loss: 0.416185
2022-12-28 23:36: Train Epoch 5: 7/61 Loss: 0.436233
2022-12-28 23:36: Train Epoch 5: 8/61 Loss: 0.452976
2022-12-28 23:36: Train Epoch 5: 9/61 Loss: 0.441737
2022-12-28 23:36: Train Epoch 5: 10/61 Loss: 0.426775
2022-12-28 23:36: Train Epoch 5: 11/61 Loss: 0.402313
2022-12-28 23:36: Train Epoch 5: 12/61 Loss: 0.418230
2022-12-28 23:37: Train Epoch 5: 13/61 Loss: 0.433666
2022-12-28 23:37: Train Epoch 5: 14/61 Loss: 0.383643
2022-12-28 23:37: Train Epoch 5: 15/61 Loss: 0.405676
2022-12-28 23:37: Train Epoch 5: 16/61 Loss: 0.392012
2022-12-28 23:37: Train Epoch 5: 17/61 Loss: 0.413053
2022-12-28 23:37: Train Epoch 5: 18/61 Loss: 0.388695
2022-12-28 23:37: Train Epoch 5: 19/61 Loss: 0.384626
2022-12-28 23:38: Train Epoch 5: 20/61 Loss: 0.388448
2022-12-28 23:38: Train Epoch 5: 21/61 Loss: 0.413109
2022-12-28 23:38: Train Epoch 5: 22/61 Loss: 0.376083
2022-12-28 23:38: Train Epoch 5: 23/61 Loss: 0.412487
2022-12-28 23:38: Train Epoch 5: 24/61 Loss: 0.400379
2022-12-28 23:38: Train Epoch 5: 25/61 Loss: 0.391133
2022-12-28 23:38: Train Epoch 5: 26/61 Loss: 0.382033
2022-12-28 23:38: Train Epoch 5: 27/61 Loss: 0.398931
2022-12-28 23:38: Train Epoch 5: 28/61 Loss: 0.348360
2022-12-28 23:38: Train Epoch 5: 29/61 Loss: 0.340795
2022-12-28 23:38: Train Epoch 5: 30/61 Loss: 0.333834
2022-12-28 23:38: Train Epoch 5: 31/61 Loss: 0.320802
2022-12-28 23:38: Train Epoch 5: 32/61 Loss: 0.360339
2022-12-28 23:39: Train Epoch 5: 33/61 Loss: 0.333779
2022-12-28 23:39: Train Epoch 5: 34/61 Loss: 0.364234
2022-12-28 23:39: Train Epoch 5: 35/61 Loss: 0.325433
2022-12-28 23:39: Train Epoch 5: 36/61 Loss: 0.328364
2022-12-28 23:39: Train Epoch 5: 37/61 Loss: 0.349715
2022-12-28 23:39: Train Epoch 5: 38/61 Loss: 0.351677
2022-12-28 23:39: Train Epoch 5: 39/61 Loss: 0.289966
2022-12-28 23:39: Train Epoch 5: 40/61 Loss: 0.308926
2022-12-28 23:39: Train Epoch 5: 41/61 Loss: 0.352289
2022-12-28 23:39: Train Epoch 5: 42/61 Loss: 0.299854
2022-12-28 23:39: Train Epoch 5: 43/61 Loss: 0.326926
2022-12-28 23:39: Train Epoch 5: 44/61 Loss: 0.247068
2022-12-28 23:40: Train Epoch 5: 45/61 Loss: 0.285288
2022-12-28 23:40: Train Epoch 5: 46/61 Loss: 0.296738
2022-12-28 23:40: Train Epoch 5: 47/61 Loss: 0.321530
2022-12-28 23:40: Train Epoch 5: 48/61 Loss: 0.242218
2022-12-28 23:40: Train Epoch 5: 49/61 Loss: 0.326047
2022-12-28 23:40: Train Epoch 5: 50/61 Loss: 0.264712
2022-12-28 23:40: Train Epoch 5: 51/61 Loss: 0.261959
2022-12-28 23:40: Train Epoch 5: 52/61 Loss: 0.273471
2022-12-28 23:40: Train Epoch 5: 53/61 Loss: 0.285882
2022-12-28 23:41: Train Epoch 5: 54/61 Loss: 0.262601
2022-12-28 23:41: Train Epoch 5: 55/61 Loss: 0.277153
2022-12-28 23:41: Train Epoch 5: 56/61 Loss: 0.265316
2022-12-28 23:41: Train Epoch 5: 57/61 Loss: 0.269418
2022-12-28 23:41: Train Epoch 5: 58/61 Loss: 0.249379
2022-12-28 23:41: Train Epoch 5: 59/61 Loss: 0.311732
2022-12-28 23:41: Train Epoch 5: 60/61 Loss: 0.234842
2022-12-28 23:41: **********Train Epoch 5: averaged Loss: 0.354235 
2022-12-28 23:41: 
Epoch time elapsed: 384.5691168308258

2022-12-28 23:42: 
 metrics validation: {'precision': 0.7346570397111913, 'recall': 0.6261538461538462, 'f1-score': 0.6760797342192691, 'support': 1300, 'AUC': 0.799498224852071, 'AUCPR': 0.7103582663917075, 'TP': 814, 'FP': 294, 'TN': 2306, 'FN': 486} 

2022-12-28 23:42: **********Val Epoch 5: average Loss: 0.565575
2022-12-28 23:42: *********************************Current best model saved!
2022-12-28 23:42: 
 Testing metrics {'precision': 0.7620396600566572, 'recall': 0.6571661237785016, 'f1-score': 0.7057280279842588, 'support': 1228, 'AUC': 0.8586089109698778, 'AUCPR': 0.786165036325551, 'TP': 807, 'FP': 252, 'TN': 2204, 'FN': 421} 

2022-12-28 23:42: Train Epoch 6: 0/61 Loss: 0.222387
2022-12-28 23:42: Train Epoch 6: 1/61 Loss: 0.225770
2022-12-28 23:43: Train Epoch 6: 2/61 Loss: 0.268531
2022-12-28 23:43: Train Epoch 6: 3/61 Loss: 0.212283
2022-12-28 23:43: Train Epoch 6: 4/61 Loss: 0.285850
2022-12-28 23:43: Train Epoch 6: 5/61 Loss: 0.257190
2022-12-28 23:43: Train Epoch 6: 6/61 Loss: 0.233115
2022-12-28 23:43: Train Epoch 6: 7/61 Loss: 0.319145
2022-12-28 23:43: Train Epoch 6: 8/61 Loss: 0.270251
2022-12-28 23:43: Train Epoch 6: 9/61 Loss: 0.243063
2022-12-28 23:43: Train Epoch 6: 10/61 Loss: 0.263876
2022-12-28 23:43: Train Epoch 6: 11/61 Loss: 0.286786
2022-12-28 23:44: Train Epoch 6: 12/61 Loss: 0.275104
2022-12-28 23:44: Train Epoch 6: 13/61 Loss: 0.256868
2022-12-28 23:44: Train Epoch 6: 14/61 Loss: 0.275825
2022-12-28 23:44: Train Epoch 6: 15/61 Loss: 0.253806
2022-12-28 23:44: Train Epoch 6: 16/61 Loss: 0.297844
2022-12-28 23:44: Train Epoch 6: 17/61 Loss: 0.232055
2022-12-28 23:44: Train Epoch 6: 18/61 Loss: 0.243677
2022-12-28 23:44: Train Epoch 6: 19/61 Loss: 0.298458
2022-12-28 23:44: Train Epoch 6: 20/61 Loss: 0.274089
2022-12-28 23:44: Train Epoch 6: 21/61 Loss: 0.213570
2022-12-28 23:44: Train Epoch 6: 22/61 Loss: 0.291558
2022-12-28 23:45: Train Epoch 6: 23/61 Loss: 0.252405
2022-12-28 23:45: Train Epoch 6: 24/61 Loss: 0.325360
2022-12-28 23:45: Train Epoch 6: 25/61 Loss: 0.301634
2022-12-28 23:45: Train Epoch 6: 26/61 Loss: 0.226784
2022-12-28 23:45: Train Epoch 6: 27/61 Loss: 0.248086
2022-12-28 23:45: Train Epoch 6: 28/61 Loss: 0.287444
2022-12-28 23:45: Train Epoch 6: 29/61 Loss: 0.269636
2022-12-28 23:45: Train Epoch 6: 30/61 Loss: 0.284686
2022-12-28 23:45: Train Epoch 6: 31/61 Loss: 0.263296
2022-12-28 23:45: Train Epoch 6: 32/61 Loss: 0.201154
2022-12-28 23:46: Train Epoch 6: 33/61 Loss: 0.233499
2022-12-28 23:46: Train Epoch 6: 34/61 Loss: 0.255743
2022-12-28 23:46: Train Epoch 6: 35/61 Loss: 0.253959
2022-12-28 23:46: Train Epoch 6: 36/61 Loss: 0.223973
2022-12-28 23:46: Train Epoch 6: 37/61 Loss: 0.290062
2022-12-28 23:46: Train Epoch 6: 38/61 Loss: 0.284904
2022-12-28 23:46: Train Epoch 6: 39/61 Loss: 0.209331
2022-12-28 23:46: Train Epoch 6: 40/61 Loss: 0.229260
2022-12-28 23:46: Train Epoch 6: 41/61 Loss: 0.226585
2022-12-28 23:47: Train Epoch 6: 42/61 Loss: 0.263540
2022-12-28 23:47: Train Epoch 6: 43/61 Loss: 0.203340
2022-12-28 23:47: Train Epoch 6: 44/61 Loss: 0.248657
2022-12-28 23:47: Train Epoch 6: 45/61 Loss: 0.220519
2022-12-28 23:47: Train Epoch 6: 46/61 Loss: 0.201778
2022-12-28 23:47: Train Epoch 6: 47/61 Loss: 0.242760
2022-12-28 23:47: Train Epoch 6: 48/61 Loss: 0.244163
2022-12-28 23:47: Train Epoch 6: 49/61 Loss: 0.228813
2022-12-28 23:47: Train Epoch 6: 50/61 Loss: 0.253262
2022-12-28 23:47: Train Epoch 6: 51/61 Loss: 0.222560
2022-12-28 23:48: Train Epoch 6: 52/61 Loss: 0.249349
2022-12-28 23:48: Train Epoch 6: 53/61 Loss: 0.193010
2022-12-28 23:48: Train Epoch 6: 54/61 Loss: 0.195230
2022-12-28 23:48: Train Epoch 6: 55/61 Loss: 0.235951
2022-12-28 23:48: Train Epoch 6: 56/61 Loss: 0.239018
2022-12-28 23:48: Train Epoch 6: 57/61 Loss: 0.154187
2022-12-28 23:48: Train Epoch 6: 58/61 Loss: 0.252945
2022-12-28 23:48: Train Epoch 6: 59/61 Loss: 0.211706
2022-12-28 23:48: Train Epoch 6: 60/61 Loss: 0.250535
2022-12-28 23:48: **********Train Epoch 6: averaged Loss: 0.248856 
2022-12-28 23:48: 
Epoch time elapsed: 370.9588556289673

2022-12-28 23:49: 
 metrics validation: {'precision': 0.7691542288557214, 'recall': 0.5946153846153847, 'f1-score': 0.6707158351409979, 'support': 1300, 'AUC': 0.8180581360946745, 'AUCPR': 0.7354817696523928, 'TP': 773, 'FP': 232, 'TN': 2368, 'FN': 527} 

2022-12-28 23:49: **********Val Epoch 6: average Loss: 0.617950
2022-12-28 23:49: 
 Testing metrics {'precision': 0.7620396600566572, 'recall': 0.6571661237785016, 'f1-score': 0.7057280279842588, 'support': 1228, 'AUC': 0.8586089109698778, 'AUCPR': 0.786165036325551, 'TP': 807, 'FP': 252, 'TN': 2204, 'FN': 421} 

2022-12-28 23:49: Train Epoch 7: 0/61 Loss: 0.241710
2022-12-28 23:49: Train Epoch 7: 1/61 Loss: 0.301137
2022-12-28 23:50: Train Epoch 7: 2/61 Loss: 0.242496
2022-12-28 23:50: Train Epoch 7: 3/61 Loss: 0.228671
2022-12-28 23:50: Train Epoch 7: 4/61 Loss: 0.220891
2022-12-28 23:50: Train Epoch 7: 5/61 Loss: 0.259567
2022-12-28 23:50: Train Epoch 7: 6/61 Loss: 0.221379
2022-12-28 23:50: Train Epoch 7: 7/61 Loss: 0.224232
2022-12-28 23:50: Train Epoch 7: 8/61 Loss: 0.231535
2022-12-28 23:50: Train Epoch 7: 9/61 Loss: 0.198138
2022-12-28 23:51: Train Epoch 7: 10/61 Loss: 0.276102
2022-12-28 23:51: Train Epoch 7: 11/61 Loss: 0.251155
2022-12-28 23:51: Train Epoch 7: 12/61 Loss: 0.250673
2022-12-28 23:51: Train Epoch 7: 13/61 Loss: 0.272235
2022-12-28 23:51: Train Epoch 7: 14/61 Loss: 0.272673
2022-12-28 23:51: Train Epoch 7: 15/61 Loss: 0.302189
2022-12-28 23:51: Train Epoch 7: 16/61 Loss: 0.285131
2022-12-28 23:51: Train Epoch 7: 17/61 Loss: 0.284224
2022-12-28 23:52: Train Epoch 7: 18/61 Loss: 0.243079
2022-12-28 23:52: Train Epoch 7: 19/61 Loss: 0.303769
2022-12-28 23:52: Train Epoch 7: 20/61 Loss: 0.258967
2022-12-28 23:52: Train Epoch 7: 21/61 Loss: 0.253657
2022-12-28 23:52: Train Epoch 7: 22/61 Loss: 0.307750
2022-12-28 23:52: Train Epoch 7: 23/61 Loss: 0.217725
2022-12-28 23:52: Train Epoch 7: 24/61 Loss: 0.262195
2022-12-28 23:52: Train Epoch 7: 25/61 Loss: 0.267705
2022-12-28 23:52: Train Epoch 7: 26/61 Loss: 0.217159
2022-12-28 23:53: Train Epoch 7: 27/61 Loss: 0.277502
2022-12-28 23:53: Train Epoch 7: 28/61 Loss: 0.277187
2022-12-28 23:53: Train Epoch 7: 29/61 Loss: 0.212044
2022-12-28 23:53: Train Epoch 7: 30/61 Loss: 0.260642
2022-12-28 23:53: Train Epoch 7: 31/61 Loss: 0.247340
2022-12-28 23:53: Train Epoch 7: 32/61 Loss: 0.209960
2022-12-28 23:53: Train Epoch 7: 33/61 Loss: 0.248776
2022-12-28 23:53: Train Epoch 7: 34/61 Loss: 0.257382
2022-12-28 23:53: Train Epoch 7: 35/61 Loss: 0.331352
2022-12-28 23:53: Train Epoch 7: 36/61 Loss: 0.313057
2022-12-28 23:54: Train Epoch 7: 37/61 Loss: 0.258036
2022-12-28 23:54: Train Epoch 7: 38/61 Loss: 0.305500
2022-12-28 23:54: Train Epoch 7: 39/61 Loss: 0.240739
2022-12-28 23:54: Train Epoch 7: 40/61 Loss: 0.228301
2022-12-28 23:54: Train Epoch 7: 41/61 Loss: 0.234308
2022-12-28 23:54: Train Epoch 7: 42/61 Loss: 0.238706
2022-12-28 23:54: Train Epoch 7: 43/61 Loss: 0.238483
2022-12-28 23:54: Train Epoch 7: 44/61 Loss: 0.224338
2022-12-28 23:54: Train Epoch 7: 45/61 Loss: 0.228187
2022-12-28 23:54: Train Epoch 7: 46/61 Loss: 0.269263
2022-12-28 23:54: Train Epoch 7: 47/61 Loss: 0.156425
2022-12-28 23:54: Train Epoch 7: 48/61 Loss: 0.227129
2022-12-28 23:54: Train Epoch 7: 49/61 Loss: 0.239542
2022-12-28 23:55: Train Epoch 7: 50/61 Loss: 0.266217
2022-12-28 23:55: Train Epoch 7: 51/61 Loss: 0.202882
2022-12-28 23:55: Train Epoch 7: 52/61 Loss: 0.205916
2022-12-28 23:55: Train Epoch 7: 53/61 Loss: 0.272639
2022-12-28 23:55: Train Epoch 7: 54/61 Loss: 0.189443
2022-12-28 23:55: Train Epoch 7: 55/61 Loss: 0.190380
2022-12-28 23:55: Train Epoch 7: 56/61 Loss: 0.242217
2022-12-28 23:55: Train Epoch 7: 57/61 Loss: 0.238687
2022-12-28 23:55: Train Epoch 7: 58/61 Loss: 0.197278
2022-12-28 23:55: Train Epoch 7: 59/61 Loss: 0.261739
2022-12-28 23:55: Train Epoch 7: 60/61 Loss: 0.273177
2022-12-28 23:55: **********Train Epoch 7: averaged Loss: 0.248540 
2022-12-28 23:55: 
Epoch time elapsed: 380.8910880088806

2022-12-28 23:56: 
 metrics validation: {'precision': 0.7696969696969697, 'recall': 0.5861538461538461, 'f1-score': 0.6655021834061134, 'support': 1300, 'AUC': 0.8127544378698226, 'AUCPR': 0.7290620553707902, 'TP': 762, 'FP': 228, 'TN': 2372, 'FN': 538} 

2022-12-28 23:56: **********Val Epoch 7: average Loss: 0.633022
2022-12-28 23:56: 
 Testing metrics {'precision': 0.7620396600566572, 'recall': 0.6571661237785016, 'f1-score': 0.7057280279842588, 'support': 1228, 'AUC': 0.8586089109698778, 'AUCPR': 0.786165036325551, 'TP': 807, 'FP': 252, 'TN': 2204, 'FN': 421} 

2022-12-28 23:57: Train Epoch 8: 0/61 Loss: 0.231606
2022-12-28 23:57: Train Epoch 8: 1/61 Loss: 0.282084
2022-12-28 23:57: Train Epoch 8: 2/61 Loss: 0.255700
2022-12-28 23:57: Train Epoch 8: 3/61 Loss: 0.282134
2022-12-28 23:57: Train Epoch 8: 4/61 Loss: 0.326163
2022-12-28 23:57: Train Epoch 8: 5/61 Loss: 0.292231
2022-12-28 23:57: Train Epoch 8: 6/61 Loss: 0.258978
2022-12-28 23:57: Train Epoch 8: 7/61 Loss: 0.311312
2022-12-28 23:57: Train Epoch 8: 8/61 Loss: 0.293778
2022-12-28 23:58: Train Epoch 8: 9/61 Loss: 0.281165
2022-12-28 23:58: Train Epoch 8: 10/61 Loss: 0.219502
2022-12-28 23:58: Train Epoch 8: 11/61 Loss: 0.226822
2022-12-28 23:58: Train Epoch 8: 12/61 Loss: 0.267208
2022-12-28 23:58: Train Epoch 8: 13/61 Loss: 0.311194
2022-12-28 23:58: Train Epoch 8: 14/61 Loss: 0.250567
2022-12-28 23:58: Train Epoch 8: 15/61 Loss: 0.267441
2022-12-28 23:58: Train Epoch 8: 16/61 Loss: 0.274757
2022-12-28 23:59: Train Epoch 8: 17/61 Loss: 0.257448
2022-12-28 23:59: Train Epoch 8: 18/61 Loss: 0.220640
2022-12-28 23:59: Train Epoch 8: 19/61 Loss: 0.213774
2022-12-28 23:59: Train Epoch 8: 20/61 Loss: 0.253047
2022-12-28 23:59: Train Epoch 8: 21/61 Loss: 0.204197
2022-12-28 23:59: Train Epoch 8: 22/61 Loss: 0.276354
2022-12-28 23:59: Train Epoch 8: 23/61 Loss: 0.256465
2022-12-28 23:59: Train Epoch 8: 24/61 Loss: 0.243596
2022-12-28 23:59: Train Epoch 8: 25/61 Loss: 0.222307
2022-12-28 23:59: Train Epoch 8: 26/61 Loss: 0.204944
2022-12-28 23:59: Train Epoch 8: 27/61 Loss: 0.208535
2022-12-28 23:59: Train Epoch 8: 28/61 Loss: 0.238452
2022-12-28 23:59: Train Epoch 8: 29/61 Loss: 0.263052
2022-12-29 00:00: Train Epoch 8: 30/61 Loss: 0.257900
2022-12-29 00:00: Train Epoch 8: 31/61 Loss: 0.249530
2022-12-29 00:00: Train Epoch 8: 32/61 Loss: 0.206698
2022-12-29 00:00: Train Epoch 8: 33/61 Loss: 0.238023
2022-12-29 00:00: Train Epoch 8: 34/61 Loss: 0.294673
2022-12-29 00:00: Train Epoch 8: 35/61 Loss: 0.269461
2022-12-29 00:00: Train Epoch 8: 36/61 Loss: 0.295347
2022-12-29 00:01: Train Epoch 8: 37/61 Loss: 0.331326
2022-12-29 00:01: Train Epoch 8: 38/61 Loss: 0.307234
2022-12-29 00:01: Train Epoch 8: 39/61 Loss: 0.280426
2022-12-29 00:01: Train Epoch 8: 40/61 Loss: 0.176178
2022-12-29 00:01: Train Epoch 8: 41/61 Loss: 0.362948
2022-12-29 00:01: Train Epoch 8: 42/61 Loss: 0.252690
2022-12-29 00:01: Train Epoch 8: 43/61 Loss: 0.253556
2022-12-29 00:01: Train Epoch 8: 44/61 Loss: 0.240377
2022-12-29 00:01: Train Epoch 8: 45/61 Loss: 0.286959
2022-12-29 00:02: Train Epoch 8: 46/61 Loss: 0.254349
2022-12-29 00:02: Train Epoch 8: 47/61 Loss: 0.246657
2022-12-29 00:02: Train Epoch 8: 48/61 Loss: 0.234449
2022-12-29 00:02: Train Epoch 8: 49/61 Loss: 0.209385
2022-12-29 00:02: Train Epoch 8: 50/61 Loss: 0.231332
2022-12-29 00:02: Train Epoch 8: 51/61 Loss: 0.156516
2022-12-29 00:02: Train Epoch 8: 52/61 Loss: 0.234344
2022-12-29 00:02: Train Epoch 8: 53/61 Loss: 0.224969
2022-12-29 00:02: Train Epoch 8: 54/61 Loss: 0.242440
2022-12-29 00:03: Train Epoch 8: 55/61 Loss: 0.253890
2022-12-29 00:03: Train Epoch 8: 56/61 Loss: 0.246858
2022-12-29 00:03: Train Epoch 8: 57/61 Loss: 0.220558
2022-12-29 00:03: Train Epoch 8: 58/61 Loss: 0.203343
2022-12-29 00:03: Train Epoch 8: 59/61 Loss: 0.200635
2022-12-29 00:03: Train Epoch 8: 60/61 Loss: 0.258099
2022-12-29 00:03: **********Train Epoch 8: averaged Loss: 0.252731 
2022-12-29 00:03: 
Epoch time elapsed: 404.94241285324097

2022-12-29 00:04: 
 metrics validation: {'precision': 0.7603864734299517, 'recall': 0.6053846153846154, 'f1-score': 0.6740899357601713, 'support': 1300, 'AUC': 0.8141973372781065, 'AUCPR': 0.7309204734889815, 'TP': 787, 'FP': 248, 'TN': 2352, 'FN': 513} 

2022-12-29 00:04: **********Val Epoch 8: average Loss: 0.612309
2022-12-29 00:04: 
 Testing metrics {'precision': 0.7620396600566572, 'recall': 0.6571661237785016, 'f1-score': 0.7057280279842588, 'support': 1228, 'AUC': 0.8586089109698778, 'AUCPR': 0.786165036325551, 'TP': 807, 'FP': 252, 'TN': 2204, 'FN': 421} 

2022-12-29 00:04: Train Epoch 9: 0/61 Loss: 0.275157
2022-12-29 00:04: Train Epoch 9: 1/61 Loss: 0.250127
2022-12-29 00:04: Train Epoch 9: 2/61 Loss: 0.224713
2022-12-29 00:04: Train Epoch 9: 3/61 Loss: 0.268535
2022-12-29 00:04: Train Epoch 9: 4/61 Loss: 0.243473
2022-12-29 00:05: Train Epoch 9: 5/61 Loss: 0.280721
2022-12-29 00:05: Train Epoch 9: 6/61 Loss: 0.206573
2022-12-29 00:05: Train Epoch 9: 7/61 Loss: 0.227188
2022-12-29 00:05: Train Epoch 9: 8/61 Loss: 0.226780
2022-12-29 00:05: Train Epoch 9: 9/61 Loss: 0.281778
2022-12-29 00:05: Train Epoch 9: 10/61 Loss: 0.237480
2022-12-29 00:05: Train Epoch 9: 11/61 Loss: 0.267090
2022-12-29 00:05: Train Epoch 9: 12/61 Loss: 0.225887
2022-12-29 00:05: Train Epoch 9: 13/61 Loss: 0.226756
2022-12-29 00:05: Train Epoch 9: 14/61 Loss: 0.256973
2022-12-29 00:05: Train Epoch 9: 15/61 Loss: 0.213813
2022-12-29 00:06: Train Epoch 9: 16/61 Loss: 0.255779
2022-12-29 00:06: Train Epoch 9: 17/61 Loss: 0.255537
2022-12-29 00:06: Train Epoch 9: 18/61 Loss: 0.203015
2022-12-29 00:06: Train Epoch 9: 19/61 Loss: 0.250744
2022-12-29 00:06: Train Epoch 9: 20/61 Loss: 0.256599
2022-12-29 00:06: Train Epoch 9: 21/61 Loss: 0.226225
2022-12-29 00:06: Train Epoch 9: 22/61 Loss: 0.258262
2022-12-29 00:06: Train Epoch 9: 23/61 Loss: 0.235705
2022-12-29 00:06: Train Epoch 9: 24/61 Loss: 0.216228
2022-12-29 00:06: Train Epoch 9: 25/61 Loss: 0.276456
2022-12-29 00:06: Train Epoch 9: 26/61 Loss: 0.370404
2022-12-29 00:06: Train Epoch 9: 27/61 Loss: 0.219307
2022-12-29 00:06: Train Epoch 9: 28/61 Loss: 0.240708
2022-12-29 00:06: Train Epoch 9: 29/61 Loss: 0.296463
2022-12-29 00:07: Train Epoch 9: 30/61 Loss: 0.235804
2022-12-29 00:07: Train Epoch 9: 31/61 Loss: 0.317476
2022-12-29 00:07: Train Epoch 9: 32/61 Loss: 0.259628
2022-12-29 00:07: Train Epoch 9: 33/61 Loss: 0.233688
2022-12-29 00:07: Train Epoch 9: 34/61 Loss: 0.238275
2022-12-29 00:07: Train Epoch 9: 35/61 Loss: 0.239329
2022-12-29 00:07: Train Epoch 9: 36/61 Loss: 0.258662
2022-12-29 00:07: Train Epoch 9: 37/61 Loss: 0.226933
2022-12-29 00:07: Train Epoch 9: 38/61 Loss: 0.248154
2022-12-29 00:07: Train Epoch 9: 39/61 Loss: 0.223172
2022-12-29 00:07: Train Epoch 9: 40/61 Loss: 0.272771
2022-12-29 00:07: Train Epoch 9: 41/61 Loss: 0.268502
2022-12-29 00:07: Train Epoch 9: 42/61 Loss: 0.182757
2022-12-29 00:08: Train Epoch 9: 43/61 Loss: 0.242259
2022-12-29 00:08: Train Epoch 9: 44/61 Loss: 0.223572
2022-12-29 00:08: Train Epoch 9: 45/61 Loss: 0.284764
2022-12-29 00:08: Train Epoch 9: 46/61 Loss: 0.251158
2022-12-29 00:08: Train Epoch 9: 47/61 Loss: 0.246980
2022-12-29 00:08: Train Epoch 9: 48/61 Loss: 0.261740
2022-12-29 00:08: Train Epoch 9: 49/61 Loss: 0.258655
2022-12-29 00:08: Train Epoch 9: 50/61 Loss: 0.268282
2022-12-29 00:08: Train Epoch 9: 51/61 Loss: 0.227347
2022-12-29 00:08: Train Epoch 9: 52/61 Loss: 0.238605
2022-12-29 00:08: Train Epoch 9: 53/61 Loss: 0.244472
2022-12-29 00:08: Train Epoch 9: 54/61 Loss: 0.267716
2022-12-29 00:08: Train Epoch 9: 55/61 Loss: 0.232281
2022-12-29 00:08: Train Epoch 9: 56/61 Loss: 0.248625
2022-12-29 00:08: Train Epoch 9: 57/61 Loss: 0.190004
2022-12-29 00:09: Train Epoch 9: 58/61 Loss: 0.181653
2022-12-29 00:09: Train Epoch 9: 59/61 Loss: 0.298043
2022-12-29 00:09: Train Epoch 9: 60/61 Loss: 0.268076
2022-12-29 00:09: **********Train Epoch 9: averaged Loss: 0.247768 
2022-12-29 00:09: 
Epoch time elapsed: 284.3447051048279

2022-12-29 00:09: 
 metrics validation: {'precision': 0.795593635250918, 'recall': 0.5, 'f1-score': 0.6140765233821446, 'support': 1300, 'AUC': 0.813021301775148, 'AUCPR': 0.728329700840829, 'TP': 650, 'FP': 167, 'TN': 2433, 'FN': 650} 

2022-12-29 00:09: **********Val Epoch 9: average Loss: 0.656225
2022-12-29 00:09: 
 Testing metrics {'precision': 0.7620396600566572, 'recall': 0.6571661237785016, 'f1-score': 0.7057280279842588, 'support': 1228, 'AUC': 0.8586089109698778, 'AUCPR': 0.786165036325551, 'TP': 807, 'FP': 252, 'TN': 2204, 'FN': 421} 

2022-12-29 00:09: Train Epoch 10: 0/61 Loss: 0.257631
2022-12-29 00:10: Train Epoch 10: 1/61 Loss: 0.268809
2022-12-29 00:10: Train Epoch 10: 2/61 Loss: 0.270589
2022-12-29 00:10: Train Epoch 10: 3/61 Loss: 0.194516
2022-12-29 00:10: Train Epoch 10: 4/61 Loss: 0.234705
2022-12-29 00:10: Train Epoch 10: 5/61 Loss: 0.303325
2022-12-29 00:10: Train Epoch 10: 6/61 Loss: 0.248280
2022-12-29 00:10: Train Epoch 10: 7/61 Loss: 0.278390
2022-12-29 00:10: Train Epoch 10: 8/61 Loss: 0.259709
2022-12-29 00:10: Train Epoch 10: 9/61 Loss: 0.274568
2022-12-29 00:10: Train Epoch 10: 10/61 Loss: 0.260633
2022-12-29 00:10: Train Epoch 10: 11/61 Loss: 0.222051
2022-12-29 00:10: Train Epoch 10: 12/61 Loss: 0.263070
2022-12-29 00:10: Train Epoch 10: 13/61 Loss: 0.250029
2022-12-29 00:10: Train Epoch 10: 14/61 Loss: 0.251445
2022-12-29 00:11: Train Epoch 10: 15/61 Loss: 0.254005
2022-12-29 00:11: Train Epoch 10: 16/61 Loss: 0.192206
2022-12-29 00:11: Train Epoch 10: 17/61 Loss: 0.283392
2022-12-29 00:11: Train Epoch 10: 18/61 Loss: 0.263074
2022-12-29 00:11: Train Epoch 10: 19/61 Loss: 0.277031
2022-12-29 00:11: Train Epoch 10: 20/61 Loss: 0.247742
2022-12-29 00:11: Train Epoch 10: 21/61 Loss: 0.275272
2022-12-29 00:11: Train Epoch 10: 22/61 Loss: 0.222718
2022-12-29 00:11: Train Epoch 10: 23/61 Loss: 0.217984
2022-12-29 00:11: Train Epoch 10: 24/61 Loss: 0.216101
2022-12-29 00:11: Train Epoch 10: 25/61 Loss: 0.245158
2022-12-29 00:11: Train Epoch 10: 26/61 Loss: 0.210597
2022-12-29 00:11: Train Epoch 10: 27/61 Loss: 0.253772
2022-12-29 00:12: Train Epoch 10: 28/61 Loss: 0.269091
2022-12-29 00:12: Train Epoch 10: 29/61 Loss: 0.219142
2022-12-29 00:12: Train Epoch 10: 30/61 Loss: 0.218617
2022-12-29 00:12: Train Epoch 10: 31/61 Loss: 0.229966
2022-12-29 00:12: Train Epoch 10: 32/61 Loss: 0.244616
2022-12-29 00:12: Train Epoch 10: 33/61 Loss: 0.292977
2022-12-29 00:12: Train Epoch 10: 34/61 Loss: 0.173364
2022-12-29 00:12: Train Epoch 10: 35/61 Loss: 0.217992
2022-12-29 00:12: Train Epoch 10: 36/61 Loss: 0.213281
2022-12-29 00:12: Train Epoch 10: 37/61 Loss: 0.179061
2022-12-29 00:12: Train Epoch 10: 38/61 Loss: 0.289322
2022-12-29 00:12: Train Epoch 10: 39/61 Loss: 0.213186
2022-12-29 00:12: Train Epoch 10: 40/61 Loss: 0.217970
2022-12-29 00:12: Train Epoch 10: 41/61 Loss: 0.310452
2022-12-29 00:12: Train Epoch 10: 42/61 Loss: 0.233856
2022-12-29 00:13: Train Epoch 10: 43/61 Loss: 0.323053
2022-12-29 00:13: Train Epoch 10: 44/61 Loss: 0.309949
2022-12-29 00:13: Train Epoch 10: 45/61 Loss: 0.218857
2022-12-29 00:13: Train Epoch 10: 46/61 Loss: 0.270979
2022-12-29 00:13: Train Epoch 10: 47/61 Loss: 0.223578
2022-12-29 00:13: Train Epoch 10: 48/61 Loss: 0.222153
2022-12-29 00:13: Train Epoch 10: 49/61 Loss: 0.237347
2022-12-29 00:13: Train Epoch 10: 50/61 Loss: 0.176401
2022-12-29 00:13: Train Epoch 10: 51/61 Loss: 0.211315
2022-12-29 00:13: Train Epoch 10: 52/61 Loss: 0.242364
2022-12-29 00:13: Train Epoch 10: 53/61 Loss: 0.278964
2022-12-29 00:13: Train Epoch 10: 54/61 Loss: 0.199526
2022-12-29 00:13: Train Epoch 10: 55/61 Loss: 0.244247
2022-12-29 00:13: Train Epoch 10: 56/61 Loss: 0.247760
2022-12-29 00:13: Train Epoch 10: 57/61 Loss: 0.285894
2022-12-29 00:14: Train Epoch 10: 58/61 Loss: 0.190715
2022-12-29 00:14: Train Epoch 10: 59/61 Loss: 0.241915
2022-12-29 00:14: Train Epoch 10: 60/61 Loss: 0.227114
2022-12-29 00:14: **********Train Epoch 10: averaged Loss: 0.243800 
2022-12-29 00:14: 
Epoch time elapsed: 256.0633773803711

2022-12-29 00:14: 
 metrics validation: {'precision': 0.7652347652347652, 'recall': 0.5892307692307692, 'f1-score': 0.6657974793568014, 'support': 1300, 'AUC': 0.8135502958579881, 'AUCPR': 0.7301475080261293, 'TP': 766, 'FP': 235, 'TN': 2365, 'FN': 534} 

2022-12-29 00:14: **********Val Epoch 10: average Loss: 0.621098
2022-12-29 00:14: 
 Testing metrics {'precision': 0.7620396600566572, 'recall': 0.6571661237785016, 'f1-score': 0.7057280279842588, 'support': 1228, 'AUC': 0.8586089109698778, 'AUCPR': 0.786165036325551, 'TP': 807, 'FP': 252, 'TN': 2204, 'FN': 421} 

2022-12-29 00:14: Train Epoch 11: 0/61 Loss: 0.243486
2022-12-29 00:14: Train Epoch 11: 1/61 Loss: 0.269925
2022-12-29 00:15: Train Epoch 11: 2/61 Loss: 0.235320
2022-12-29 00:15: Train Epoch 11: 3/61 Loss: 0.222198
2022-12-29 00:15: Train Epoch 11: 4/61 Loss: 0.243910
2022-12-29 00:15: Train Epoch 11: 5/61 Loss: 0.204543
2022-12-29 00:15: Train Epoch 11: 6/61 Loss: 0.265507
2022-12-29 00:15: Train Epoch 11: 7/61 Loss: 0.218909
2022-12-29 00:15: Train Epoch 11: 8/61 Loss: 0.275120
2022-12-29 00:15: Train Epoch 11: 9/61 Loss: 0.259765
2022-12-29 00:15: Train Epoch 11: 10/61 Loss: 0.247673
2022-12-29 00:15: Train Epoch 11: 11/61 Loss: 0.235071
2022-12-29 00:15: Train Epoch 11: 12/61 Loss: 0.268350
2022-12-29 00:15: Train Epoch 11: 13/61 Loss: 0.237490
2022-12-29 00:15: Train Epoch 11: 14/61 Loss: 0.291166
2022-12-29 00:15: Train Epoch 11: 15/61 Loss: 0.229977
2022-12-29 00:16: Train Epoch 11: 16/61 Loss: 0.237123
2022-12-29 00:16: Train Epoch 11: 17/61 Loss: 0.191921
2022-12-29 00:16: Train Epoch 11: 18/61 Loss: 0.380133
2022-12-29 00:16: Train Epoch 11: 19/61 Loss: 0.251515
2022-12-29 00:16: Train Epoch 11: 20/61 Loss: 0.274301
2022-12-29 00:16: Train Epoch 11: 21/61 Loss: 0.322702
2022-12-29 00:16: Train Epoch 11: 22/61 Loss: 0.214421
2022-12-29 00:16: Train Epoch 11: 23/61 Loss: 0.229143
2022-12-29 00:16: Train Epoch 11: 24/61 Loss: 0.186277
2022-12-29 00:16: Train Epoch 11: 25/61 Loss: 0.250825
2022-12-29 00:16: Train Epoch 11: 26/61 Loss: 0.241694
2022-12-29 00:16: Train Epoch 11: 27/61 Loss: 0.230823
2022-12-29 00:16: Train Epoch 11: 28/61 Loss: 0.272391
2022-12-29 00:16: Train Epoch 11: 29/61 Loss: 0.283190
2022-12-29 00:16: Train Epoch 11: 30/61 Loss: 0.219423
2022-12-29 00:17: Train Epoch 11: 31/61 Loss: 0.203268
2022-12-29 00:17: Train Epoch 11: 32/61 Loss: 0.200538
2022-12-29 00:17: Train Epoch 11: 33/61 Loss: 0.228069
2022-12-29 00:17: Train Epoch 11: 34/61 Loss: 0.244598
2022-12-29 00:17: Train Epoch 11: 35/61 Loss: 0.232956
2022-12-29 00:17: Train Epoch 11: 36/61 Loss: 0.186999
2022-12-29 00:17: Train Epoch 11: 37/61 Loss: 0.246398
2022-12-29 00:17: Train Epoch 11: 38/61 Loss: 0.210069
2022-12-29 00:17: Train Epoch 11: 39/61 Loss: 0.302364
2022-12-29 00:17: Train Epoch 11: 40/61 Loss: 0.258231
2022-12-29 00:17: Train Epoch 11: 41/61 Loss: 0.208381
2022-12-29 00:17: Train Epoch 11: 42/61 Loss: 0.306562
2022-12-29 00:17: Train Epoch 11: 43/61 Loss: 0.298648
2022-12-29 00:18: Train Epoch 11: 44/61 Loss: 0.271004
2022-12-29 00:18: Train Epoch 11: 45/61 Loss: 0.300251
2022-12-29 00:18: Train Epoch 11: 46/61 Loss: 0.259763
2022-12-29 00:18: Train Epoch 11: 47/61 Loss: 0.204912
2022-12-29 00:18: Train Epoch 11: 48/61 Loss: 0.233259
2022-12-29 00:18: Train Epoch 11: 49/61 Loss: 0.298597
2022-12-29 00:18: Train Epoch 11: 50/61 Loss: 0.220604
2022-12-29 00:18: Train Epoch 11: 51/61 Loss: 0.211674
2022-12-29 00:18: Train Epoch 11: 52/61 Loss: 0.215561
2022-12-29 00:18: Train Epoch 11: 53/61 Loss: 0.216219
2022-12-29 00:18: Train Epoch 11: 54/61 Loss: 0.246999
2022-12-29 00:18: Train Epoch 11: 55/61 Loss: 0.252109
2022-12-29 00:18: Train Epoch 11: 56/61 Loss: 0.242313
2022-12-29 00:18: Train Epoch 11: 57/61 Loss: 0.232519
2022-12-29 00:19: Train Epoch 11: 58/61 Loss: 0.183397
2022-12-29 00:19: Train Epoch 11: 59/61 Loss: 0.186144
2022-12-29 00:19: Train Epoch 11: 60/61 Loss: 0.220487
2022-12-29 00:19: **********Train Epoch 11: averaged Loss: 0.243560 
2022-12-29 00:19: 
Epoch time elapsed: 264.52103543281555

2022-12-29 00:19: 
 metrics validation: {'precision': 0.7795275590551181, 'recall': 0.5330769230769231, 'f1-score': 0.6331658291457286, 'support': 1300, 'AUC': 0.8137, 'AUCPR': 0.7293470367392949, 'TP': 693, 'FP': 196, 'TN': 2404, 'FN': 607} 

2022-12-29 00:19: **********Val Epoch 11: average Loss: 0.631092
2022-12-29 00:19: 
 Testing metrics {'precision': 0.7620396600566572, 'recall': 0.6571661237785016, 'f1-score': 0.7057280279842588, 'support': 1228, 'AUC': 0.8586089109698778, 'AUCPR': 0.786165036325551, 'TP': 807, 'FP': 252, 'TN': 2204, 'FN': 421} 

2022-12-29 00:19: Train Epoch 12: 0/61 Loss: 0.257617
2022-12-29 00:19: Train Epoch 12: 1/61 Loss: 0.242552
2022-12-29 00:20: Train Epoch 12: 2/61 Loss: 0.280117
2022-12-29 00:20: Train Epoch 12: 3/61 Loss: 0.257041
2022-12-29 00:20: Train Epoch 12: 4/61 Loss: 0.279474
2022-12-29 00:20: Train Epoch 12: 5/61 Loss: 0.278609
2022-12-29 00:20: Train Epoch 12: 6/61 Loss: 0.244823
2022-12-29 00:20: Train Epoch 12: 7/61 Loss: 0.217877
2022-12-29 00:20: Train Epoch 12: 8/61 Loss: 0.342396
2022-12-29 00:20: Train Epoch 12: 9/61 Loss: 0.278239
2022-12-29 00:20: Train Epoch 12: 10/61 Loss: 0.282863
2022-12-29 00:20: Train Epoch 12: 11/61 Loss: 0.203184
2022-12-29 00:20: Train Epoch 12: 12/61 Loss: 0.272128
2022-12-29 00:20: Train Epoch 12: 13/61 Loss: 0.284650
2022-12-29 00:20: Train Epoch 12: 14/61 Loss: 0.234339
2022-12-29 00:20: Train Epoch 12: 15/61 Loss: 0.246382
2022-12-29 00:21: Train Epoch 12: 16/61 Loss: 0.230683
2022-12-29 00:21: Train Epoch 12: 17/61 Loss: 0.231438
2022-12-29 00:21: Train Epoch 12: 18/61 Loss: 0.261241
2022-12-29 00:21: Train Epoch 12: 19/61 Loss: 0.212665
2022-12-29 00:21: Train Epoch 12: 20/61 Loss: 0.201855
2022-12-29 00:21: Train Epoch 12: 21/61 Loss: 0.225527
2022-12-29 00:21: Train Epoch 12: 22/61 Loss: 0.249652
2022-12-29 00:21: Train Epoch 12: 23/61 Loss: 0.256837
2022-12-29 00:21: Train Epoch 12: 24/61 Loss: 0.306887
2022-12-29 00:21: Train Epoch 12: 25/61 Loss: 0.259349
2022-12-29 00:21: Train Epoch 12: 26/61 Loss: 0.254347
2022-12-29 00:21: Train Epoch 12: 27/61 Loss: 0.209076
2022-12-29 00:21: Train Epoch 12: 28/61 Loss: 0.226662
2022-12-29 00:21: Train Epoch 12: 29/61 Loss: 0.273697
2022-12-29 00:21: Train Epoch 12: 30/61 Loss: 0.235278
2022-12-29 00:22: Train Epoch 12: 31/61 Loss: 0.209487
2022-12-29 00:22: Train Epoch 12: 32/61 Loss: 0.207814
2022-12-29 00:22: Train Epoch 12: 33/61 Loss: 0.286870
2022-12-29 00:22: Train Epoch 12: 34/61 Loss: 0.234315
2022-12-29 00:22: Train Epoch 12: 35/61 Loss: 0.259467
2022-12-29 00:22: Train Epoch 12: 36/61 Loss: 0.201655
2022-12-29 00:22: Train Epoch 12: 37/61 Loss: 0.251976
2022-12-29 00:22: Train Epoch 12: 38/61 Loss: 0.243551
2022-12-29 00:22: Train Epoch 12: 39/61 Loss: 0.231674
2022-12-29 00:22: Train Epoch 12: 40/61 Loss: 0.255357
2022-12-29 00:22: Train Epoch 12: 41/61 Loss: 0.317577
2022-12-29 00:22: Train Epoch 12: 42/61 Loss: 0.219950
2022-12-29 00:22: Train Epoch 12: 43/61 Loss: 0.198736
2022-12-29 00:22: Train Epoch 12: 44/61 Loss: 0.197888
2022-12-29 00:22: Train Epoch 12: 45/61 Loss: 0.222529
2022-12-29 00:23: Train Epoch 12: 46/61 Loss: 0.204438
2022-12-29 00:23: Train Epoch 12: 47/61 Loss: 0.230364
2022-12-29 00:23: Train Epoch 12: 48/61 Loss: 0.213145
2022-12-29 00:23: Train Epoch 12: 49/61 Loss: 0.220797
2022-12-29 00:23: Train Epoch 12: 50/61 Loss: 0.239201
2022-12-29 00:23: Train Epoch 12: 51/61 Loss: 0.203417
2022-12-29 00:23: Train Epoch 12: 52/61 Loss: 0.217509
2022-12-29 00:23: Train Epoch 12: 53/61 Loss: 0.246538
2022-12-29 00:23: Train Epoch 12: 54/61 Loss: 0.173760
2022-12-29 00:23: Train Epoch 12: 55/61 Loss: 0.202389
2022-12-29 00:23: Train Epoch 12: 56/61 Loss: 0.202430
2022-12-29 00:23: Train Epoch 12: 57/61 Loss: 0.311084
2022-12-29 00:23: Train Epoch 12: 58/61 Loss: 0.240729
2022-12-29 00:23: Train Epoch 12: 59/61 Loss: 0.291296
2022-12-29 00:24: Train Epoch 12: 60/61 Loss: 0.203950
2022-12-29 00:24: **********Train Epoch 12: averaged Loss: 0.242252 
2022-12-29 00:24: 
Epoch time elapsed: 255.97933197021484

2022-12-29 00:24: 
 metrics validation: {'precision': 0.7659362549800797, 'recall': 0.5915384615384616, 'f1-score': 0.6675347222222223, 'support': 1300, 'AUC': 0.8140600591715976, 'AUCPR': 0.7301322914660001, 'TP': 769, 'FP': 235, 'TN': 2365, 'FN': 531} 

2022-12-29 00:24: **********Val Epoch 12: average Loss: 0.614715
2022-12-29 00:24: 
 Testing metrics {'precision': 0.7620396600566572, 'recall': 0.6571661237785016, 'f1-score': 0.7057280279842588, 'support': 1228, 'AUC': 0.8586089109698778, 'AUCPR': 0.786165036325551, 'TP': 807, 'FP': 252, 'TN': 2204, 'FN': 421} 

2022-12-29 00:24: Train Epoch 13: 0/61 Loss: 0.267039
2022-12-29 00:24: Train Epoch 13: 1/61 Loss: 0.245234
2022-12-29 00:24: Train Epoch 13: 2/61 Loss: 0.215903
2022-12-29 00:24: Train Epoch 13: 3/61 Loss: 0.264527
2022-12-29 00:25: Train Epoch 13: 4/61 Loss: 0.259068
2022-12-29 00:25: Train Epoch 13: 5/61 Loss: 0.267747
2022-12-29 00:25: Train Epoch 13: 6/61 Loss: 0.246104
2022-12-29 00:25: Train Epoch 13: 7/61 Loss: 0.233344
2022-12-29 00:25: Train Epoch 13: 8/61 Loss: 0.261117
2022-12-29 00:25: Train Epoch 13: 9/61 Loss: 0.337553
2022-12-29 00:25: Train Epoch 13: 10/61 Loss: 0.227089
2022-12-29 00:25: Train Epoch 13: 11/61 Loss: 0.264188
2022-12-29 00:25: Train Epoch 13: 12/61 Loss: 0.315521
2022-12-29 00:25: Train Epoch 13: 13/61 Loss: 0.211517
2022-12-29 00:25: Train Epoch 13: 14/61 Loss: 0.330440
2022-12-29 00:25: Train Epoch 13: 15/61 Loss: 0.227736
2022-12-29 00:25: Train Epoch 13: 16/61 Loss: 0.253380
2022-12-29 00:25: Train Epoch 13: 17/61 Loss: 0.281716
2022-12-29 00:26: Train Epoch 13: 18/61 Loss: 0.267151
2022-12-29 00:26: Train Epoch 13: 19/61 Loss: 0.271450
2022-12-29 00:26: Train Epoch 13: 20/61 Loss: 0.298317
2022-12-29 00:26: Train Epoch 13: 21/61 Loss: 0.229805
2022-12-29 00:26: Train Epoch 13: 22/61 Loss: 0.259696
2022-12-29 00:26: Train Epoch 13: 23/61 Loss: 0.307213
2022-12-29 00:26: Train Epoch 13: 24/61 Loss: 0.236453
2022-12-29 00:26: Train Epoch 13: 25/61 Loss: 0.249661
2022-12-29 00:26: Train Epoch 13: 26/61 Loss: 0.276641
2022-12-29 00:26: Train Epoch 13: 27/61 Loss: 0.259346
2022-12-29 00:26: Train Epoch 13: 28/61 Loss: 0.298960
2022-12-29 00:26: Train Epoch 13: 29/61 Loss: 0.250585
2022-12-29 00:26: Train Epoch 13: 30/61 Loss: 0.219960
2022-12-29 00:26: Train Epoch 13: 31/61 Loss: 0.262014
2022-12-29 00:27: Train Epoch 13: 32/61 Loss: 0.274759
2022-12-29 00:27: Train Epoch 13: 33/61 Loss: 0.258669
2022-12-29 00:27: Train Epoch 13: 34/61 Loss: 0.240690
2022-12-29 00:27: Train Epoch 13: 35/61 Loss: 0.228760
2022-12-29 00:27: Train Epoch 13: 36/61 Loss: 0.234611
2022-12-29 00:27: Train Epoch 13: 37/61 Loss: 0.211649
2022-12-29 00:27: Train Epoch 13: 38/61 Loss: 0.318355
2022-12-29 00:27: Train Epoch 13: 39/61 Loss: 0.203808
2022-12-29 00:27: Train Epoch 13: 40/61 Loss: 0.248319
2022-12-29 00:27: Train Epoch 13: 41/61 Loss: 0.283835
2022-12-29 00:27: Train Epoch 13: 42/61 Loss: 0.215056
2022-12-29 00:27: Train Epoch 13: 43/61 Loss: 0.203060
2022-12-29 00:27: Train Epoch 13: 44/61 Loss: 0.198721
2022-12-29 00:27: Train Epoch 13: 45/61 Loss: 0.311519
2022-12-29 00:28: Train Epoch 13: 46/61 Loss: 0.268049
2022-12-29 00:28: Train Epoch 13: 47/61 Loss: 0.261867
2022-12-29 00:28: Train Epoch 13: 48/61 Loss: 0.222607
2022-12-29 00:28: Train Epoch 13: 49/61 Loss: 0.205969
2022-12-29 00:28: Train Epoch 13: 50/61 Loss: 0.264782
2022-12-29 00:28: Train Epoch 13: 51/61 Loss: 0.205598
2022-12-29 00:28: Train Epoch 13: 52/61 Loss: 0.207949
2022-12-29 00:28: Train Epoch 13: 53/61 Loss: 0.264350
2022-12-29 00:28: Train Epoch 13: 54/61 Loss: 0.208718
2022-12-29 00:28: Train Epoch 13: 55/61 Loss: 0.240504
2022-12-29 00:28: Train Epoch 13: 56/61 Loss: 0.347297
2022-12-29 00:28: Train Epoch 13: 57/61 Loss: 0.290427
2022-12-29 00:28: Train Epoch 13: 58/61 Loss: 0.238752
2022-12-29 00:28: Train Epoch 13: 59/61 Loss: 0.218071
2022-12-29 00:28: Train Epoch 13: 60/61 Loss: 0.211470
2022-12-29 00:28: **********Train Epoch 13: averaged Loss: 0.253848 
2022-12-29 00:28: 
Epoch time elapsed: 261.39644384384155

2022-12-29 00:29: 
 metrics validation: {'precision': 0.737410071942446, 'recall': 0.6307692307692307, 'f1-score': 0.6799336650082919, 'support': 1300, 'AUC': 0.8138940828402366, 'AUCPR': 0.7304760022432938, 'TP': 820, 'FP': 292, 'TN': 2308, 'FN': 480} 

2022-12-29 00:29: **********Val Epoch 13: average Loss: 0.588076
2022-12-29 00:29: Validation performance didn't improve for 8 epochs. Training stops.
2022-12-29 00:29: Total training time: 81.0733min, best loss: 0.565575
2022-12-29 00:29: Saving current best model to /home/joel.chacon/tmp/WildFire_GCN/experiments/2020/2022122823081551596969118/best_model.pth
2022-12-29 00:29: 
 Testing metrics {'precision': 0.7620396600566572, 'recall': 0.6571661237785016, 'f1-score': 0.7057280279842588, 'support': 1228, 'AUC': 0.8586089109698778, 'AUCPR': 0.786165036325551, 'TP': 807, 'FP': 252, 'TN': 2204, 'FN': 421} 

