2022-12-24 02:57: log dir: /home/joel.chacon/tmp/WildFire_GCN/experiments/2020/20221224025758
2022-12-24 02:57: Experiment log path in: /home/joel.chacon/tmp/WildFire_GCN/experiments/2020/20221224025758
2022-12-24 02:57: Argument: Namespace(batch_size=256, clc='vec', cuda=True, dataset='2020', dataset_root='/home/joel.chacon/tmp/datasets_grl/', debug=False, default_graph=True, device='cpu', dynamic_features=['1 km 16 days NDVI', 'LST_Day_1km', 'LST_Night_1km', 'era5_max_d2m', 'era5_max_t2m', 'era5_max_sp', 'era5_max_tp', 'sminx', 'era5_max_wind_speed', 'era5_min_rh'], early_stop=True, early_stop_patience=5, embed_dim=64, epochs=30, gamma=1.0, grad_norm=False, horizon=1, input_dim=25, lag=10, link_len=2, log_dir='/home/joel.chacon/tmp/WildFire_GCN/experiments/2020/20221224025758', log_step=1, loss_func='nllloss', lr_decay=True, lr_decay_rate=0.1, lr_decay_step='15', lr_init=0.0001, mae_thresh=None, mape_thresh=0.0, max_grad_norm=5, mode='train', model='fire_GCN', nan_fill=0.5, num_layers=1, num_nodes=625, num_workers=12, output_dim=1, patch_height=25, patch_width=25, persistent_workers=True, pin_memory=True, plot=False, positive_weight=0.5, prefetch_factor=2, real_value=True, rnn_units=32, seed=7, static_features=['dem_mean', 'slope_mean', 'roads_distance', 'waterway_distance', 'population_density'], teacher_forcing=False, test_ratio=0.2, val_ratio=0.2, weight_decay=0.01, window_len=10)
2022-12-24 02:57: Argument batch_size: 256
2022-12-24 02:57: Argument clc: 'vec'
2022-12-24 02:57: Argument cuda: True
2022-12-24 02:57: Argument dataset: '2020'
2022-12-24 02:57: Argument dataset_root: '/home/joel.chacon/tmp/datasets_grl/'
2022-12-24 02:57: Argument debug: False
2022-12-24 02:57: Argument default_graph: True
2022-12-24 02:57: Argument device: 'cpu'
2022-12-24 02:57: Argument dynamic_features: ['1 km 16 days NDVI', 'LST_Day_1km', 'LST_Night_1km', 'era5_max_d2m', 'era5_max_t2m', 'era5_max_sp', 'era5_max_tp', 'sminx', 'era5_max_wind_speed', 'era5_min_rh']
2022-12-24 02:57: Argument early_stop: True
2022-12-24 02:57: Argument early_stop_patience: 5
2022-12-24 02:57: Argument embed_dim: 64
2022-12-24 02:57: Argument epochs: 30
2022-12-24 02:57: Argument gamma: 1.0
2022-12-24 02:57: Argument grad_norm: False
2022-12-24 02:57: Argument horizon: 1
2022-12-24 02:57: Argument input_dim: 25
2022-12-24 02:57: Argument lag: 10
2022-12-24 02:57: Argument link_len: 2
2022-12-24 02:57: Argument log_dir: '/home/joel.chacon/tmp/WildFire_GCN/experiments/2020/20221224025758'
2022-12-24 02:57: Argument log_step: 1
2022-12-24 02:57: Argument loss_func: 'nllloss'
2022-12-24 02:57: Argument lr_decay: True
2022-12-24 02:57: Argument lr_decay_rate: 0.1
2022-12-24 02:57: Argument lr_decay_step: '15'
2022-12-24 02:57: Argument lr_init: 0.0001
2022-12-24 02:57: Argument mae_thresh: None
2022-12-24 02:57: Argument mape_thresh: 0.0
2022-12-24 02:57: Argument max_grad_norm: 5
2022-12-24 02:57: Argument mode: 'train'
2022-12-24 02:57: Argument model: 'fire_GCN'
2022-12-24 02:57: Argument nan_fill: 0.5
2022-12-24 02:57: Argument num_layers: 1
2022-12-24 02:57: Argument num_nodes: 625
2022-12-24 02:57: Argument num_workers: 12
2022-12-24 02:57: Argument output_dim: 1
2022-12-24 02:57: Argument patch_height: 25
2022-12-24 02:57: Argument patch_width: 25
2022-12-24 02:57: Argument persistent_workers: True
2022-12-24 02:57: Argument pin_memory: True
2022-12-24 02:57: Argument plot: False
2022-12-24 02:57: Argument positive_weight: 0.5
2022-12-24 02:57: Argument prefetch_factor: 2
2022-12-24 02:57: Argument real_value: True
2022-12-24 02:57: Argument rnn_units: 32
2022-12-24 02:57: Argument seed: 7
2022-12-24 02:57: Argument static_features: ['dem_mean', 'slope_mean', 'roads_distance', 'waterway_distance', 'population_density']
2022-12-24 02:57: Argument teacher_forcing: False
2022-12-24 02:57: Argument test_ratio: 0.2
2022-12-24 02:57: Argument val_ratio: 0.2
2022-12-24 02:57: Argument weight_decay: 0.01
2022-12-24 02:57: Argument window_len: 10
2022-12-24 02:58: Train Epoch 1: 0/159 Loss: 1.440470
2022-12-24 02:58: Train Epoch 1: 1/159 Loss: 1.120921
2022-12-24 02:58: Train Epoch 1: 2/159 Loss: 0.948075
2022-12-24 02:58: Train Epoch 1: 3/159 Loss: 1.030970
2022-12-24 02:58: Train Epoch 1: 4/159 Loss: 0.936221
2022-12-24 02:58: Train Epoch 1: 5/159 Loss: 0.856295
2022-12-24 02:58: Train Epoch 1: 6/159 Loss: 0.889394
2022-12-24 02:58: Train Epoch 1: 7/159 Loss: 0.922452
2022-12-24 02:58: Train Epoch 1: 8/159 Loss: 0.859065
2022-12-24 02:58: Train Epoch 1: 9/159 Loss: 0.764935
2022-12-24 02:59: Train Epoch 1: 10/159 Loss: 0.906922
2022-12-24 02:59: Train Epoch 1: 11/159 Loss: 0.696317
2022-12-24 02:59: Train Epoch 1: 12/159 Loss: 0.742572
2022-12-24 02:59: Train Epoch 1: 13/159 Loss: 0.791310
2022-12-24 02:59: Train Epoch 1: 14/159 Loss: 0.751786
2022-12-24 02:59: Train Epoch 1: 15/159 Loss: 0.739104
2022-12-24 02:59: Train Epoch 1: 16/159 Loss: 0.758128
2022-12-24 02:59: Train Epoch 1: 17/159 Loss: 0.733110
2022-12-24 02:59: Train Epoch 1: 18/159 Loss: 0.737168
2022-12-24 02:59: Train Epoch 1: 19/159 Loss: 0.763673
2022-12-24 02:59: Train Epoch 1: 20/159 Loss: 0.703159
2022-12-24 03:00: Train Epoch 1: 21/159 Loss: 0.731789
2022-12-24 03:00: Train Epoch 1: 22/159 Loss: 0.693116
2022-12-24 03:00: Train Epoch 1: 23/159 Loss: 0.624342
2022-12-24 03:00: Train Epoch 1: 24/159 Loss: 0.614271
2022-12-24 03:00: Train Epoch 1: 25/159 Loss: 0.772654
2022-12-24 03:00: Train Epoch 1: 26/159 Loss: 0.710901
2022-12-24 03:00: Train Epoch 1: 27/159 Loss: 0.756439
2022-12-24 03:00: Train Epoch 1: 28/159 Loss: 0.644000
2022-12-24 03:00: Train Epoch 1: 29/159 Loss: 0.715948
2022-12-24 03:00: Train Epoch 1: 30/159 Loss: 0.694446
2022-12-24 03:00: Train Epoch 1: 31/159 Loss: 0.682825
2022-12-24 03:00: Train Epoch 1: 32/159 Loss: 0.672291
2022-12-24 03:01: Train Epoch 1: 33/159 Loss: 0.647966
2022-12-24 03:01: Train Epoch 1: 34/159 Loss: 0.698896
2022-12-24 03:01: Train Epoch 1: 35/159 Loss: 0.694212
2022-12-24 03:01: Train Epoch 1: 36/159 Loss: 0.645819
2022-12-24 03:01: Train Epoch 1: 37/159 Loss: 0.718625
2022-12-24 03:01: Train Epoch 1: 38/159 Loss: 0.663335
2022-12-24 03:01: Train Epoch 1: 39/159 Loss: 0.751643
2022-12-24 03:01: Train Epoch 1: 40/159 Loss: 0.725337
2022-12-24 03:01: Train Epoch 1: 41/159 Loss: 0.666184
2022-12-24 03:01: Train Epoch 1: 42/159 Loss: 0.678947
2022-12-24 03:01: Train Epoch 1: 43/159 Loss: 0.698334
2022-12-24 03:01: Train Epoch 1: 44/159 Loss: 0.683260
2022-12-24 03:02: Train Epoch 1: 45/159 Loss: 0.681381
2022-12-24 03:02: Train Epoch 1: 46/159 Loss: 0.682962
2022-12-24 03:02: Train Epoch 1: 47/159 Loss: 0.612803
2022-12-24 03:02: Train Epoch 1: 48/159 Loss: 0.671341
2022-12-24 03:02: Train Epoch 1: 49/159 Loss: 0.687499
2022-12-24 03:02: Train Epoch 1: 50/159 Loss: 0.692996
2022-12-24 03:02: Train Epoch 1: 51/159 Loss: 0.653340
2022-12-24 03:02: Train Epoch 1: 52/159 Loss: 0.648453
2022-12-24 03:02: Train Epoch 1: 53/159 Loss: 0.631973
2022-12-24 03:02: Train Epoch 1: 54/159 Loss: 0.596953
2022-12-24 03:02: Train Epoch 1: 55/159 Loss: 0.650246
2022-12-24 03:03: Train Epoch 1: 56/159 Loss: 0.658060
2022-12-24 03:03: Train Epoch 1: 57/159 Loss: 0.594021
2022-12-24 03:03: Train Epoch 1: 58/159 Loss: 0.601969
2022-12-24 03:03: Train Epoch 1: 59/159 Loss: 0.549647
2022-12-24 03:03: Train Epoch 1: 60/159 Loss: 0.622527
2022-12-24 03:03: Train Epoch 1: 61/159 Loss: 0.649045
2022-12-24 03:03: Train Epoch 1: 62/159 Loss: 0.599525
2022-12-24 03:03: Train Epoch 1: 63/159 Loss: 0.606681
2022-12-24 03:03: Train Epoch 1: 64/159 Loss: 0.559093
2022-12-24 03:03: Train Epoch 1: 65/159 Loss: 0.598751
2022-12-24 03:03: Train Epoch 1: 66/159 Loss: 0.586007
2022-12-24 03:03: Train Epoch 1: 67/159 Loss: 0.624516
2022-12-24 03:04: Train Epoch 1: 68/159 Loss: 0.532812
2022-12-24 03:04: Train Epoch 1: 69/159 Loss: 0.537926
2022-12-24 03:04: Train Epoch 1: 70/159 Loss: 0.540734
2022-12-24 03:04: Train Epoch 1: 71/159 Loss: 0.551462
2022-12-24 03:04: Train Epoch 1: 72/159 Loss: 0.563323
2022-12-24 03:04: Train Epoch 1: 73/159 Loss: 0.562779
2022-12-24 03:04: Train Epoch 1: 74/159 Loss: 0.511985
2022-12-24 03:04: Train Epoch 1: 75/159 Loss: 0.514261
2022-12-24 03:04: Train Epoch 1: 76/159 Loss: 0.517199
2022-12-24 03:04: Train Epoch 1: 77/159 Loss: 0.530739
2022-12-24 03:04: Train Epoch 1: 78/159 Loss: 0.514467
2022-12-24 03:05: Train Epoch 1: 79/159 Loss: 0.460648
2022-12-24 03:05: Train Epoch 1: 80/159 Loss: 0.531300
2022-12-24 03:05: Train Epoch 1: 81/159 Loss: 0.509948
2022-12-24 03:05: Train Epoch 1: 82/159 Loss: 0.488057
2022-12-24 03:05: Train Epoch 1: 83/159 Loss: 0.447726
2022-12-24 03:05: Train Epoch 1: 84/159 Loss: 0.495881
2022-12-24 03:05: Train Epoch 1: 85/159 Loss: 0.549464
2022-12-24 03:05: Train Epoch 1: 86/159 Loss: 0.512543
2022-12-24 03:05: Train Epoch 1: 87/159 Loss: 0.533147
2022-12-24 03:05: Train Epoch 1: 88/159 Loss: 0.475377
2022-12-24 03:05: Train Epoch 1: 89/159 Loss: 0.466201
2022-12-24 03:06: Train Epoch 1: 90/159 Loss: 0.462042
2022-12-24 03:06: Train Epoch 1: 91/159 Loss: 0.411032
2022-12-24 03:06: Train Epoch 1: 92/159 Loss: 0.407607
2022-12-24 03:06: Train Epoch 1: 93/159 Loss: 0.483660
2022-12-24 03:06: Train Epoch 1: 94/159 Loss: 0.427553
2022-12-24 03:06: Train Epoch 1: 95/159 Loss: 0.518162
2022-12-24 03:06: Train Epoch 1: 96/159 Loss: 0.440444
2022-12-24 03:06: Train Epoch 1: 97/159 Loss: 0.389129
2022-12-24 03:06: Train Epoch 1: 98/159 Loss: 0.451393
2022-12-24 03:06: Train Epoch 1: 99/159 Loss: 0.390863
2022-12-24 03:06: Train Epoch 1: 100/159 Loss: 0.493450
2022-12-24 03:06: Train Epoch 1: 101/159 Loss: 0.490787
2022-12-24 03:07: Train Epoch 1: 102/159 Loss: 0.496473
2022-12-24 03:07: Train Epoch 1: 103/159 Loss: 0.402627
2022-12-24 03:07: Train Epoch 1: 104/159 Loss: 0.458053
2022-12-24 03:07: Train Epoch 1: 105/159 Loss: 0.519059
2022-12-24 03:07: Train Epoch 1: 106/159 Loss: 0.408142
2022-12-24 03:07: Train Epoch 1: 107/159 Loss: 0.462230
2022-12-24 03:07: Train Epoch 1: 108/159 Loss: 0.453279
2022-12-24 03:07: Train Epoch 1: 109/159 Loss: 0.412048
2022-12-24 03:07: Train Epoch 1: 110/159 Loss: 0.424463
2022-12-24 03:07: Train Epoch 1: 111/159 Loss: 0.458599
2022-12-24 03:07: Train Epoch 1: 112/159 Loss: 0.347789
2022-12-24 03:07: Train Epoch 1: 113/159 Loss: 0.406619
2022-12-24 03:08: Train Epoch 1: 114/159 Loss: 0.366657
2022-12-24 03:08: Train Epoch 1: 115/159 Loss: 0.374491
2022-12-24 03:08: Train Epoch 1: 116/159 Loss: 0.470108
2022-12-24 03:08: Train Epoch 1: 117/159 Loss: 0.414852
2022-12-24 03:08: Train Epoch 1: 118/159 Loss: 0.359800
2022-12-24 03:08: Train Epoch 1: 119/159 Loss: 0.447983
2022-12-24 03:08: Train Epoch 1: 120/159 Loss: 0.471155
2022-12-24 03:08: Train Epoch 1: 121/159 Loss: 0.446244
2022-12-24 03:08: Train Epoch 1: 122/159 Loss: 0.394938
2022-12-24 03:08: Train Epoch 1: 123/159 Loss: 0.453587
2022-12-24 03:08: Train Epoch 1: 124/159 Loss: 0.518813
2022-12-24 03:08: Train Epoch 1: 125/159 Loss: 0.442147
2022-12-24 03:09: Train Epoch 1: 126/159 Loss: 0.490396
2022-12-24 03:09: Train Epoch 1: 127/159 Loss: 0.420949
2022-12-24 03:09: Train Epoch 1: 128/159 Loss: 0.380743
2022-12-24 03:09: Train Epoch 1: 129/159 Loss: 0.491855
2022-12-24 03:09: Train Epoch 1: 130/159 Loss: 0.451528
2022-12-24 03:09: Train Epoch 1: 131/159 Loss: 0.493412
2022-12-24 03:09: Train Epoch 1: 132/159 Loss: 0.382880
2022-12-24 03:09: Train Epoch 1: 133/159 Loss: 0.368273
2022-12-24 03:09: Train Epoch 1: 134/159 Loss: 0.415712
2022-12-24 03:09: Train Epoch 1: 135/159 Loss: 0.392499
2022-12-24 03:09: Train Epoch 1: 136/159 Loss: 0.381740
2022-12-24 03:10: Train Epoch 1: 137/159 Loss: 0.462366
2022-12-24 03:10: Train Epoch 1: 138/159 Loss: 0.456200
2022-12-24 03:10: Train Epoch 1: 139/159 Loss: 0.486430
2022-12-24 03:10: Train Epoch 1: 140/159 Loss: 0.422128
2022-12-24 03:10: Train Epoch 1: 141/159 Loss: 0.461596
2022-12-24 03:10: Train Epoch 1: 142/159 Loss: 0.419993
2022-12-24 03:10: Train Epoch 1: 143/159 Loss: 0.414034
2022-12-24 03:10: Train Epoch 1: 144/159 Loss: 0.453424
2022-12-24 03:10: Train Epoch 1: 145/159 Loss: 0.363531
2022-12-24 03:10: Train Epoch 1: 146/159 Loss: 0.375999
2022-12-24 03:10: Train Epoch 1: 147/159 Loss: 0.472827
2022-12-24 03:10: Train Epoch 1: 148/159 Loss: 0.375464
2022-12-24 03:11: Train Epoch 1: 149/159 Loss: 0.376506
2022-12-24 03:11: Train Epoch 1: 150/159 Loss: 0.379709
2022-12-24 03:11: Train Epoch 1: 151/159 Loss: 0.325155
2022-12-24 03:11: Train Epoch 1: 152/159 Loss: 0.417557
2022-12-24 03:11: Train Epoch 1: 153/159 Loss: 0.451045
2022-12-24 03:11: Train Epoch 1: 154/159 Loss: 0.379986
2022-12-24 03:11: Train Epoch 1: 155/159 Loss: 0.397432
2022-12-24 03:11: Train Epoch 1: 156/159 Loss: 0.399679
2022-12-24 03:11: Train Epoch 1: 157/159 Loss: 0.465595
2022-12-24 03:11: Train Epoch 1: 158/159 Loss: 0.527254
2022-12-24 03:11: **********Train Epoch 1: averaged Loss: 0.567394 
2022-12-24 03:11: 
Epoch time elapsed: 828.8277750015259

2022-12-24 03:12: 
 metrics validation: {'precision': 0.6596434359805511, 'recall': 0.6261538461538462, 'f1-score': 0.6424625098658249, 'support': 1300, 'AUC': 0.7871899408284024, 'AUCPR': 0.6869254295608392, 'TP': 814, 'FP': 420, 'TN': 2180, 'FN': 486} 

2022-12-24 03:12: **********Val Epoch 1: average Loss: 0.606770
2022-12-24 03:12: *********************************Current best model saved!
2022-12-24 03:12: 
 Testing metrics {'precision': 0.721297836938436, 'recall': 0.7060260586319218, 'f1-score': 0.7135802469135802, 'support': 1228, 'AUC': 0.8453292607879128, 'AUCPR': 0.7569271532980146, 'TP': 867, 'FP': 335, 'TN': 2121, 'FN': 361} 

2022-12-24 03:13: Train Epoch 2: 0/159 Loss: 0.404741
2022-12-24 03:13: Train Epoch 2: 1/159 Loss: 0.389740
2022-12-24 03:13: Train Epoch 2: 2/159 Loss: 0.333678
2022-12-24 03:13: Train Epoch 2: 3/159 Loss: 0.431101
2022-12-24 03:13: Train Epoch 2: 4/159 Loss: 0.462129
2022-12-24 03:13: Train Epoch 2: 5/159 Loss: 0.393310
2022-12-24 03:13: Train Epoch 2: 6/159 Loss: 0.511469
2022-12-24 03:13: Train Epoch 2: 7/159 Loss: 0.528408
2022-12-24 03:13: Train Epoch 2: 8/159 Loss: 0.415739
2022-12-24 03:13: Train Epoch 2: 9/159 Loss: 0.376059
2022-12-24 03:13: Train Epoch 2: 10/159 Loss: 0.414892
2022-12-24 03:14: Train Epoch 2: 11/159 Loss: 0.434972
2022-12-24 03:14: Train Epoch 2: 12/159 Loss: 0.361718
2022-12-24 03:14: Train Epoch 2: 13/159 Loss: 0.435842
2022-12-24 03:14: Train Epoch 2: 14/159 Loss: 0.455460
2022-12-24 03:14: Train Epoch 2: 15/159 Loss: 0.427848
2022-12-24 03:14: Train Epoch 2: 16/159 Loss: 0.350302
2022-12-24 03:14: Train Epoch 2: 17/159 Loss: 0.385132
2022-12-24 03:14: Train Epoch 2: 18/159 Loss: 0.380200
2022-12-24 03:14: Train Epoch 2: 19/159 Loss: 0.378493
2022-12-24 03:14: Train Epoch 2: 20/159 Loss: 0.408069
2022-12-24 03:14: Train Epoch 2: 21/159 Loss: 0.352370
2022-12-24 03:15: Train Epoch 2: 22/159 Loss: 0.387478
2022-12-24 03:15: Train Epoch 2: 23/159 Loss: 0.360810
2022-12-24 03:15: Train Epoch 2: 24/159 Loss: 0.433782
2022-12-24 03:15: Train Epoch 2: 25/159 Loss: 0.365677
2022-12-24 03:15: Train Epoch 2: 26/159 Loss: 0.415699
2022-12-24 03:15: Train Epoch 2: 27/159 Loss: 0.478077
2022-12-24 03:15: Train Epoch 2: 28/159 Loss: 0.391912
2022-12-24 03:15: Train Epoch 2: 29/159 Loss: 0.395034
2022-12-24 03:15: Train Epoch 2: 30/159 Loss: 0.347551
2022-12-24 03:15: Train Epoch 2: 31/159 Loss: 0.449585
2022-12-24 03:15: Train Epoch 2: 32/159 Loss: 0.431771
2022-12-24 03:15: Train Epoch 2: 33/159 Loss: 0.437000
2022-12-24 03:16: Train Epoch 2: 34/159 Loss: 0.324993
2022-12-24 03:16: Train Epoch 2: 35/159 Loss: 0.372504
2022-12-24 03:16: Train Epoch 2: 36/159 Loss: 0.389353
2022-12-24 03:16: Train Epoch 2: 37/159 Loss: 0.342376
2022-12-24 03:16: Train Epoch 2: 38/159 Loss: 0.457562
2022-12-24 03:16: Train Epoch 2: 39/159 Loss: 0.419353
2022-12-24 03:16: Train Epoch 2: 40/159 Loss: 0.433663
2022-12-24 03:16: Train Epoch 2: 41/159 Loss: 0.436932
2022-12-24 03:16: Train Epoch 2: 42/159 Loss: 0.370076
2022-12-24 03:16: Train Epoch 2: 43/159 Loss: 0.364672
2022-12-24 03:16: Train Epoch 2: 44/159 Loss: 0.388861
2022-12-24 03:17: Train Epoch 2: 45/159 Loss: 0.427046
2022-12-24 03:17: Train Epoch 2: 46/159 Loss: 0.371888
2022-12-24 03:17: Train Epoch 2: 47/159 Loss: 0.379014
2022-12-24 03:17: Train Epoch 2: 48/159 Loss: 0.398228
2022-12-24 03:17: Train Epoch 2: 49/159 Loss: 0.469601
2022-12-24 03:17: Train Epoch 2: 50/159 Loss: 0.454284
2022-12-24 03:17: Train Epoch 2: 51/159 Loss: 0.410451
2022-12-24 03:17: Train Epoch 2: 52/159 Loss: 0.355604
2022-12-24 03:17: Train Epoch 2: 53/159 Loss: 0.390630
2022-12-24 03:17: Train Epoch 2: 54/159 Loss: 0.430149
2022-12-24 03:17: Train Epoch 2: 55/159 Loss: 0.366498
2022-12-24 03:17: Train Epoch 2: 56/159 Loss: 0.336376
2022-12-24 03:18: Train Epoch 2: 57/159 Loss: 0.371100
2022-12-24 03:18: Train Epoch 2: 58/159 Loss: 0.420476
2022-12-24 03:18: Train Epoch 2: 59/159 Loss: 0.407295
2022-12-24 03:18: Train Epoch 2: 60/159 Loss: 0.400911
2022-12-24 03:18: Train Epoch 2: 61/159 Loss: 0.360731
2022-12-24 03:18: Train Epoch 2: 62/159 Loss: 0.398809
2022-12-24 03:18: Train Epoch 2: 63/159 Loss: 0.385843
2022-12-24 03:18: Train Epoch 2: 64/159 Loss: 0.414899
2022-12-24 03:18: Train Epoch 2: 65/159 Loss: 0.406524
2022-12-24 03:18: Train Epoch 2: 66/159 Loss: 0.406863
2022-12-24 03:18: Train Epoch 2: 67/159 Loss: 0.428225
2022-12-24 03:19: Train Epoch 2: 68/159 Loss: 0.354351
2022-12-24 03:19: Train Epoch 2: 69/159 Loss: 0.379155
2022-12-24 03:19: Train Epoch 2: 70/159 Loss: 0.441686
2022-12-24 03:19: Train Epoch 2: 71/159 Loss: 0.415435
2022-12-24 03:19: Train Epoch 2: 72/159 Loss: 0.355969
2022-12-24 03:19: Train Epoch 2: 73/159 Loss: 0.460575
2022-12-24 03:19: Train Epoch 2: 74/159 Loss: 0.344247
2022-12-24 03:19: Train Epoch 2: 75/159 Loss: 0.384815
2022-12-24 03:19: Train Epoch 2: 76/159 Loss: 0.441041
2022-12-24 03:19: Train Epoch 2: 77/159 Loss: 0.467887
2022-12-24 03:19: Train Epoch 2: 78/159 Loss: 0.394458
2022-12-24 03:19: Train Epoch 2: 79/159 Loss: 0.424400
2022-12-24 03:20: Train Epoch 2: 80/159 Loss: 0.398371
2022-12-24 03:20: Train Epoch 2: 81/159 Loss: 0.357746
2022-12-24 03:20: Train Epoch 2: 82/159 Loss: 0.459817
2022-12-24 03:20: Train Epoch 2: 83/159 Loss: 0.424693
2022-12-24 03:20: Train Epoch 2: 84/159 Loss: 0.497458
2022-12-24 03:20: Train Epoch 2: 85/159 Loss: 0.385092
2022-12-24 03:20: Train Epoch 2: 86/159 Loss: 0.407021
2022-12-24 03:20: Train Epoch 2: 87/159 Loss: 0.409415
2022-12-24 03:20: Train Epoch 2: 88/159 Loss: 0.378406
2022-12-24 03:20: Train Epoch 2: 89/159 Loss: 0.388597
2022-12-24 03:20: Train Epoch 2: 90/159 Loss: 0.384526
2022-12-24 03:21: Train Epoch 2: 91/159 Loss: 0.327788
2022-12-24 03:21: Train Epoch 2: 92/159 Loss: 0.301843
2022-12-24 03:21: Train Epoch 2: 93/159 Loss: 0.293026
2022-12-24 03:21: Train Epoch 2: 94/159 Loss: 0.388486
2022-12-24 03:21: Train Epoch 2: 95/159 Loss: 0.365818
2022-12-24 03:21: Train Epoch 2: 96/159 Loss: 0.333920
2022-12-24 03:21: Train Epoch 2: 97/159 Loss: 0.367325
2022-12-24 03:21: Train Epoch 2: 98/159 Loss: 0.396926
2022-12-24 03:21: Train Epoch 2: 99/159 Loss: 0.397206
2022-12-24 03:21: Train Epoch 2: 100/159 Loss: 0.377496
2022-12-24 03:21: Train Epoch 2: 101/159 Loss: 0.340453
2022-12-24 03:21: Train Epoch 2: 102/159 Loss: 0.440316
2022-12-24 03:22: Train Epoch 2: 103/159 Loss: 0.320220
2022-12-24 03:22: Train Epoch 2: 104/159 Loss: 0.354009
2022-12-24 03:22: Train Epoch 2: 105/159 Loss: 0.365002
2022-12-24 03:22: Train Epoch 2: 106/159 Loss: 0.418266
2022-12-24 03:22: Train Epoch 2: 107/159 Loss: 0.354924
2022-12-24 03:22: Train Epoch 2: 108/159 Loss: 0.358505
2022-12-24 03:22: Train Epoch 2: 109/159 Loss: 0.437556
2022-12-24 03:22: Train Epoch 2: 110/159 Loss: 0.358630
2022-12-24 03:22: Train Epoch 2: 111/159 Loss: 0.310576
2022-12-24 03:22: Train Epoch 2: 112/159 Loss: 0.325308
2022-12-24 03:22: Train Epoch 2: 113/159 Loss: 0.443675
2022-12-24 03:23: Train Epoch 2: 114/159 Loss: 0.321495
2022-12-24 03:23: Train Epoch 2: 115/159 Loss: 0.401651
2022-12-24 03:23: Train Epoch 2: 116/159 Loss: 0.325869
2022-12-24 03:23: Train Epoch 2: 117/159 Loss: 0.402143
2022-12-24 03:23: Train Epoch 2: 118/159 Loss: 0.400219
2022-12-24 03:23: Train Epoch 2: 119/159 Loss: 0.311812
2022-12-24 03:23: Train Epoch 2: 120/159 Loss: 0.344593
2022-12-24 03:23: Train Epoch 2: 121/159 Loss: 0.329269
2022-12-24 03:23: Train Epoch 2: 122/159 Loss: 0.340374
2022-12-24 03:23: Train Epoch 2: 123/159 Loss: 0.382979
2022-12-24 03:23: Train Epoch 2: 124/159 Loss: 0.405171
2022-12-24 03:23: Train Epoch 2: 125/159 Loss: 0.368422
2022-12-24 03:24: Train Epoch 2: 126/159 Loss: 0.323771
2022-12-24 03:24: Train Epoch 2: 127/159 Loss: 0.324859
2022-12-24 03:24: Train Epoch 2: 128/159 Loss: 0.450485
2022-12-24 03:24: Train Epoch 2: 129/159 Loss: 0.346100
2022-12-24 03:24: Train Epoch 2: 130/159 Loss: 0.364736
2022-12-24 03:24: Train Epoch 2: 131/159 Loss: 0.329635
2022-12-24 03:24: Train Epoch 2: 132/159 Loss: 0.399377
2022-12-24 03:24: Train Epoch 2: 133/159 Loss: 0.382737
2022-12-24 03:24: Train Epoch 2: 134/159 Loss: 0.462782
2022-12-24 03:24: Train Epoch 2: 135/159 Loss: 0.301745
2022-12-24 03:24: Train Epoch 2: 136/159 Loss: 0.478253
2022-12-24 03:24: Train Epoch 2: 137/159 Loss: 0.341667
2022-12-24 03:25: Train Epoch 2: 138/159 Loss: 0.405431
2022-12-24 03:25: Train Epoch 2: 139/159 Loss: 0.446018
2022-12-24 03:25: Train Epoch 2: 140/159 Loss: 0.356493
2022-12-24 03:25: Train Epoch 2: 141/159 Loss: 0.383662
2022-12-24 03:25: Train Epoch 2: 142/159 Loss: 0.387415
2022-12-24 03:25: Train Epoch 2: 143/159 Loss: 0.355683
2022-12-24 03:25: Train Epoch 2: 144/159 Loss: 0.383435
2022-12-24 03:25: Train Epoch 2: 145/159 Loss: 0.348858
2022-12-24 03:25: Train Epoch 2: 146/159 Loss: 0.393010
2022-12-24 03:25: Train Epoch 2: 147/159 Loss: 0.435042
2022-12-24 03:25: Train Epoch 2: 148/159 Loss: 0.335446
2022-12-24 03:26: Train Epoch 2: 149/159 Loss: 0.494696
2022-12-24 03:26: Train Epoch 2: 150/159 Loss: 0.384492
2022-12-24 03:26: Train Epoch 2: 151/159 Loss: 0.385428
2022-12-24 03:26: Train Epoch 2: 152/159 Loss: 0.430426
2022-12-24 03:26: Train Epoch 2: 153/159 Loss: 0.316388
2022-12-24 03:26: Train Epoch 2: 154/159 Loss: 0.399905
2022-12-24 03:26: Train Epoch 2: 155/159 Loss: 0.379258
2022-12-24 03:26: Train Epoch 2: 156/159 Loss: 0.382434
2022-12-24 03:26: Train Epoch 2: 157/159 Loss: 0.340263
2022-12-24 03:26: Train Epoch 2: 158/159 Loss: 0.481678
2022-12-24 03:26: **********Train Epoch 2: averaged Loss: 0.391295 
2022-12-24 03:26: 
Epoch time elapsed: 825.8229722976685

2022-12-24 03:27: 
 metrics validation: {'precision': 0.6873449131513648, 'recall': 0.6392307692307693, 'f1-score': 0.6624153049023517, 'support': 1300, 'AUC': 0.7966739644970414, 'AUCPR': 0.719717258239214, 'TP': 831, 'FP': 378, 'TN': 2222, 'FN': 469} 

2022-12-24 03:27: **********Val Epoch 2: average Loss: 0.589320
2022-12-24 03:27: *********************************Current best model saved!
2022-12-24 03:27: 
 Testing metrics {'precision': 0.7449725776965265, 'recall': 0.6636807817589576, 'f1-score': 0.70198105081826, 'support': 1228, 'AUC': 0.8495756586276777, 'AUCPR': 0.7729710464563717, 'TP': 815, 'FP': 279, 'TN': 2177, 'FN': 413} 

2022-12-24 03:27: Train Epoch 3: 0/159 Loss: 0.323546
2022-12-24 03:27: Train Epoch 3: 1/159 Loss: 0.352102
2022-12-24 03:27: Train Epoch 3: 2/159 Loss: 0.363323
2022-12-24 03:27: Train Epoch 3: 3/159 Loss: 0.372971
2022-12-24 03:28: Train Epoch 3: 4/159 Loss: 0.358903
2022-12-24 03:28: Train Epoch 3: 5/159 Loss: 0.354669
2022-12-24 03:28: Train Epoch 3: 6/159 Loss: 0.393639
2022-12-24 03:28: Train Epoch 3: 7/159 Loss: 0.368446
2022-12-24 03:28: Train Epoch 3: 8/159 Loss: 0.320781
2022-12-24 03:28: Train Epoch 3: 9/159 Loss: 0.375708
2022-12-24 03:28: Train Epoch 3: 10/159 Loss: 0.341279
2022-12-24 03:28: Train Epoch 3: 11/159 Loss: 0.337808
2022-12-24 03:28: Train Epoch 3: 12/159 Loss: 0.409492
2022-12-24 03:28: Train Epoch 3: 13/159 Loss: 0.392671
2022-12-24 03:28: Train Epoch 3: 14/159 Loss: 0.394577
2022-12-24 03:28: Train Epoch 3: 15/159 Loss: 0.355038
2022-12-24 03:29: Train Epoch 3: 16/159 Loss: 0.382459
2022-12-24 03:29: Train Epoch 3: 17/159 Loss: 0.332140
2022-12-24 03:29: Train Epoch 3: 18/159 Loss: 0.356167
2022-12-24 03:29: Train Epoch 3: 19/159 Loss: 0.408027
2022-12-24 03:29: Train Epoch 3: 20/159 Loss: 0.337160
2022-12-24 03:29: Train Epoch 3: 21/159 Loss: 0.393579
2022-12-24 03:29: Train Epoch 3: 22/159 Loss: 0.349898
2022-12-24 03:29: Train Epoch 3: 23/159 Loss: 0.351883
2022-12-24 03:29: Train Epoch 3: 24/159 Loss: 0.373233
2022-12-24 03:29: Train Epoch 3: 25/159 Loss: 0.345204
2022-12-24 03:29: Train Epoch 3: 26/159 Loss: 0.392388
2022-12-24 03:30: Train Epoch 3: 27/159 Loss: 0.390892
2022-12-24 03:30: Train Epoch 3: 28/159 Loss: 0.392554
2022-12-24 03:30: Train Epoch 3: 29/159 Loss: 0.325197
2022-12-24 03:30: Train Epoch 3: 30/159 Loss: 0.392463
2022-12-24 03:30: Train Epoch 3: 31/159 Loss: 0.327181
2022-12-24 03:30: Train Epoch 3: 32/159 Loss: 0.375976
2022-12-24 03:30: Train Epoch 3: 33/159 Loss: 0.417491
2022-12-24 03:30: Train Epoch 3: 34/159 Loss: 0.428525
2022-12-24 03:30: Train Epoch 3: 35/159 Loss: 0.324623
2022-12-24 03:30: Train Epoch 3: 36/159 Loss: 0.352610
2022-12-24 03:30: Train Epoch 3: 37/159 Loss: 0.404330
2022-12-24 03:31: Train Epoch 3: 38/159 Loss: 0.347570
2022-12-24 03:31: Train Epoch 3: 39/159 Loss: 0.447519
2022-12-24 03:31: Train Epoch 3: 40/159 Loss: 0.332694
2022-12-24 03:31: Train Epoch 3: 41/159 Loss: 0.424754
2022-12-24 03:31: Train Epoch 3: 42/159 Loss: 0.370080
2022-12-24 03:31: Train Epoch 3: 43/159 Loss: 0.341089
2022-12-24 03:31: Train Epoch 3: 44/159 Loss: 0.325923
2022-12-24 03:31: Train Epoch 3: 45/159 Loss: 0.389341
2022-12-24 03:31: Train Epoch 3: 46/159 Loss: 0.353358
2022-12-24 03:31: Train Epoch 3: 47/159 Loss: 0.315438
2022-12-24 03:31: Train Epoch 3: 48/159 Loss: 0.353194
2022-12-24 03:31: Train Epoch 3: 49/159 Loss: 0.423712
2022-12-24 03:32: Train Epoch 3: 50/159 Loss: 0.365674
2022-12-24 03:32: Train Epoch 3: 51/159 Loss: 0.349258
2022-12-24 03:32: Train Epoch 3: 52/159 Loss: 0.384886
2022-12-24 03:32: Train Epoch 3: 53/159 Loss: 0.336143
2022-12-24 03:32: Train Epoch 3: 54/159 Loss: 0.419492
2022-12-24 03:32: Train Epoch 3: 55/159 Loss: 0.328495
2022-12-24 03:32: Train Epoch 3: 56/159 Loss: 0.354949
2022-12-24 03:32: Train Epoch 3: 57/159 Loss: 0.370364
2022-12-24 03:32: Train Epoch 3: 58/159 Loss: 0.400815
2022-12-24 03:32: Train Epoch 3: 59/159 Loss: 0.357679
2022-12-24 03:32: Train Epoch 3: 60/159 Loss: 0.324208
2022-12-24 03:33: Train Epoch 3: 61/159 Loss: 0.488852
2022-12-24 03:33: Train Epoch 3: 62/159 Loss: 0.389643
2022-12-24 03:33: Train Epoch 3: 63/159 Loss: 0.430778
2022-12-24 03:33: Train Epoch 3: 64/159 Loss: 0.348253
2022-12-24 03:33: Train Epoch 3: 65/159 Loss: 0.317247
2022-12-24 03:33: Train Epoch 3: 66/159 Loss: 0.387862
2022-12-24 03:33: Train Epoch 3: 67/159 Loss: 0.393214
2022-12-24 03:33: Train Epoch 3: 68/159 Loss: 0.408268
2022-12-24 03:33: Train Epoch 3: 69/159 Loss: 0.342508
2022-12-24 03:33: Train Epoch 3: 70/159 Loss: 0.351485
2022-12-24 03:33: Train Epoch 3: 71/159 Loss: 0.307301
2022-12-24 03:33: Train Epoch 3: 72/159 Loss: 0.296035
2022-12-24 03:34: Train Epoch 3: 73/159 Loss: 0.319153
2022-12-24 03:34: Train Epoch 3: 74/159 Loss: 0.341005
2022-12-24 03:34: Train Epoch 3: 75/159 Loss: 0.383915
2022-12-24 03:34: Train Epoch 3: 76/159 Loss: 0.367241
2022-12-24 03:34: Train Epoch 3: 77/159 Loss: 0.496052
2022-12-24 03:34: Train Epoch 3: 78/159 Loss: 0.357679
2022-12-24 03:34: Train Epoch 3: 79/159 Loss: 0.340184
2022-12-24 03:34: Train Epoch 3: 80/159 Loss: 0.288090
2022-12-24 03:34: Train Epoch 3: 81/159 Loss: 0.421133
2022-12-24 03:34: Train Epoch 3: 82/159 Loss: 0.332414
2022-12-24 03:34: Train Epoch 3: 83/159 Loss: 0.367242
2022-12-24 03:34: Train Epoch 3: 84/159 Loss: 0.389629
2022-12-24 03:35: Train Epoch 3: 85/159 Loss: 0.401996
2022-12-24 03:35: Train Epoch 3: 86/159 Loss: 0.324068
2022-12-24 03:35: Train Epoch 3: 87/159 Loss: 0.360859
2022-12-24 03:35: Train Epoch 3: 88/159 Loss: 0.365436
2022-12-24 03:35: Train Epoch 3: 89/159 Loss: 0.317070
2022-12-24 03:35: Train Epoch 3: 90/159 Loss: 0.318110
2022-12-24 03:35: Train Epoch 3: 91/159 Loss: 0.365340
2022-12-24 03:35: Train Epoch 3: 92/159 Loss: 0.409752
2022-12-24 03:35: Train Epoch 3: 93/159 Loss: 0.388363
2022-12-24 03:35: Train Epoch 3: 94/159 Loss: 0.397918
2022-12-24 03:35: Train Epoch 3: 95/159 Loss: 0.423896
2022-12-24 03:35: Train Epoch 3: 96/159 Loss: 0.316569
2022-12-24 03:36: Train Epoch 3: 97/159 Loss: 0.373769
2022-12-24 03:36: Train Epoch 3: 98/159 Loss: 0.367635
2022-12-24 03:36: Train Epoch 3: 99/159 Loss: 0.300686
2022-12-24 03:36: Train Epoch 3: 100/159 Loss: 0.358254
2022-12-24 03:36: Train Epoch 3: 101/159 Loss: 0.348322
2022-12-24 03:36: Train Epoch 3: 102/159 Loss: 0.339559
2022-12-24 03:36: Train Epoch 3: 103/159 Loss: 0.293714
2022-12-24 03:36: Train Epoch 3: 104/159 Loss: 0.394763
2022-12-24 03:36: Train Epoch 3: 105/159 Loss: 0.358255
2022-12-24 03:36: Train Epoch 3: 106/159 Loss: 0.349386
2022-12-24 03:36: Train Epoch 3: 107/159 Loss: 0.351068
2022-12-24 03:37: Train Epoch 3: 108/159 Loss: 0.395606
2022-12-24 03:37: Train Epoch 3: 109/159 Loss: 0.440620
2022-12-24 03:37: Train Epoch 3: 110/159 Loss: 0.356754
2022-12-24 03:37: Train Epoch 3: 111/159 Loss: 0.429096
2022-12-24 03:37: Train Epoch 3: 112/159 Loss: 0.289776
2022-12-24 03:37: Train Epoch 3: 113/159 Loss: 0.346175
2022-12-24 03:37: Train Epoch 3: 114/159 Loss: 0.319794
2022-12-24 03:37: Train Epoch 3: 115/159 Loss: 0.326307
2022-12-24 03:37: Train Epoch 3: 116/159 Loss: 0.341686
2022-12-24 03:37: Train Epoch 3: 117/159 Loss: 0.345806
2022-12-24 03:37: Train Epoch 3: 118/159 Loss: 0.300420
2022-12-24 03:37: Train Epoch 3: 119/159 Loss: 0.273650
2022-12-24 03:38: Train Epoch 3: 120/159 Loss: 0.323744
2022-12-24 03:38: Train Epoch 3: 121/159 Loss: 0.432809
2022-12-24 03:38: Train Epoch 3: 122/159 Loss: 0.365126
2022-12-24 03:38: Train Epoch 3: 123/159 Loss: 0.320781
2022-12-24 03:38: Train Epoch 3: 124/159 Loss: 0.306665
2022-12-24 03:38: Train Epoch 3: 125/159 Loss: 0.343085
2022-12-24 03:38: Train Epoch 3: 126/159 Loss: 0.454696
2022-12-24 03:38: Train Epoch 3: 127/159 Loss: 0.338311
2022-12-24 03:38: Train Epoch 3: 128/159 Loss: 0.319415
2022-12-24 03:38: Train Epoch 3: 129/159 Loss: 0.299777
2022-12-24 03:38: Train Epoch 3: 130/159 Loss: 0.334816
2022-12-24 03:39: Train Epoch 3: 131/159 Loss: 0.305736
2022-12-24 03:39: Train Epoch 3: 132/159 Loss: 0.292668
2022-12-24 03:39: Train Epoch 3: 133/159 Loss: 0.237297
2022-12-24 03:39: Train Epoch 3: 134/159 Loss: 0.372047
2022-12-24 03:39: Train Epoch 3: 135/159 Loss: 0.392834
2022-12-24 03:39: Train Epoch 3: 136/159 Loss: 0.299195
2022-12-24 03:39: Train Epoch 3: 137/159 Loss: 0.340498
2022-12-24 03:39: Train Epoch 3: 138/159 Loss: 0.299474
2022-12-24 03:39: Train Epoch 3: 139/159 Loss: 0.388269
2022-12-24 03:39: Train Epoch 3: 140/159 Loss: 0.365759
2022-12-24 03:39: Train Epoch 3: 141/159 Loss: 0.419631
2022-12-24 03:39: Train Epoch 3: 142/159 Loss: 0.291201
2022-12-24 03:40: Train Epoch 3: 143/159 Loss: 0.321547
2022-12-24 03:40: Train Epoch 3: 144/159 Loss: 0.282546
2022-12-24 03:40: Train Epoch 3: 145/159 Loss: 0.258182
2022-12-24 03:40: Train Epoch 3: 146/159 Loss: 0.350532
2022-12-24 03:40: Train Epoch 3: 147/159 Loss: 0.386568
2022-12-24 03:40: Train Epoch 3: 148/159 Loss: 0.384287
2022-12-24 03:40: Train Epoch 3: 149/159 Loss: 0.306541
2022-12-24 03:40: Train Epoch 3: 150/159 Loss: 0.325691
2022-12-24 03:40: Train Epoch 3: 151/159 Loss: 0.407877
2022-12-24 03:40: Train Epoch 3: 152/159 Loss: 0.323461
2022-12-24 03:40: Train Epoch 3: 153/159 Loss: 0.296489
2022-12-24 03:41: Train Epoch 3: 154/159 Loss: 0.398563
2022-12-24 03:41: Train Epoch 3: 155/159 Loss: 0.353405
2022-12-24 03:41: Train Epoch 3: 156/159 Loss: 0.257915
2022-12-24 03:41: Train Epoch 3: 157/159 Loss: 0.469240
2022-12-24 03:41: Train Epoch 3: 158/159 Loss: 0.291004
2022-12-24 03:41: **********Train Epoch 3: averaged Loss: 0.357855 
2022-12-24 03:41: 
Epoch time elapsed: 830.306800365448

2022-12-24 03:41: 
 metrics validation: {'precision': 0.7021834061135371, 'recall': 0.6184615384615385, 'f1-score': 0.6576687116564417, 'support': 1300, 'AUC': 0.8074514792899409, 'AUCPR': 0.7326598669734137, 'TP': 804, 'FP': 341, 'TN': 2259, 'FN': 496} 

2022-12-24 03:41: **********Val Epoch 3: average Loss: 0.659828
2022-12-24 03:42: 
 Testing metrics {'precision': 0.7449725776965265, 'recall': 0.6636807817589576, 'f1-score': 0.70198105081826, 'support': 1228, 'AUC': 0.8495756586276777, 'AUCPR': 0.7729710464563717, 'TP': 815, 'FP': 279, 'TN': 2177, 'FN': 413} 

2022-12-24 03:42: Train Epoch 4: 0/159 Loss: 0.338661
2022-12-24 03:42: Train Epoch 4: 1/159 Loss: 0.401226
2022-12-24 03:42: Train Epoch 4: 2/159 Loss: 0.378296
2022-12-24 03:42: Train Epoch 4: 3/159 Loss: 0.369267
2022-12-24 03:42: Train Epoch 4: 4/159 Loss: 0.361740
2022-12-24 03:42: Train Epoch 4: 5/159 Loss: 0.359882
2022-12-24 03:43: Train Epoch 4: 6/159 Loss: 0.351105
2022-12-24 03:43: Train Epoch 4: 7/159 Loss: 0.414984
2022-12-24 03:43: Train Epoch 4: 8/159 Loss: 0.379136
2022-12-24 03:43: Train Epoch 4: 9/159 Loss: 0.324540
2022-12-24 03:43: Train Epoch 4: 10/159 Loss: 0.355282
2022-12-24 03:43: Train Epoch 4: 11/159 Loss: 0.357292
2022-12-24 03:43: Train Epoch 4: 12/159 Loss: 0.381249
2022-12-24 03:43: Train Epoch 4: 13/159 Loss: 0.384068
2022-12-24 03:43: Train Epoch 4: 14/159 Loss: 0.319404
2022-12-24 03:43: Train Epoch 4: 15/159 Loss: 0.467671
2022-12-24 03:43: Train Epoch 4: 16/159 Loss: 0.429560
2022-12-24 03:44: Train Epoch 4: 17/159 Loss: 0.292141
2022-12-24 03:44: Train Epoch 4: 18/159 Loss: 0.404672
2022-12-24 03:44: Train Epoch 4: 19/159 Loss: 0.388045
2022-12-24 03:44: Train Epoch 4: 20/159 Loss: 0.324276
2022-12-24 03:44: Train Epoch 4: 21/159 Loss: 0.427393
2022-12-24 03:44: Train Epoch 4: 22/159 Loss: 0.369530
2022-12-24 03:44: Train Epoch 4: 23/159 Loss: 0.308499
2022-12-24 03:44: Train Epoch 4: 24/159 Loss: 0.346432
2022-12-24 03:44: Train Epoch 4: 25/159 Loss: 0.413794
2022-12-24 03:44: Train Epoch 4: 26/159 Loss: 0.412298
2022-12-24 03:44: Train Epoch 4: 27/159 Loss: 0.404099
2022-12-24 03:44: Train Epoch 4: 28/159 Loss: 0.316542
2022-12-24 03:45: Train Epoch 4: 29/159 Loss: 0.299975
2022-12-24 03:45: Train Epoch 4: 30/159 Loss: 0.319566
2022-12-24 03:45: Train Epoch 4: 31/159 Loss: 0.395001
2022-12-24 03:45: Train Epoch 4: 32/159 Loss: 0.436321
2022-12-24 03:45: Train Epoch 4: 33/159 Loss: 0.333366
2022-12-24 03:45: Train Epoch 4: 34/159 Loss: 0.366263
2022-12-24 03:45: Train Epoch 4: 35/159 Loss: 0.338530
2022-12-24 03:45: Train Epoch 4: 36/159 Loss: 0.364929
2022-12-24 03:45: Train Epoch 4: 37/159 Loss: 0.355777
2022-12-24 03:45: Train Epoch 4: 38/159 Loss: 0.378298
2022-12-24 03:45: Train Epoch 4: 39/159 Loss: 0.330540
2022-12-24 03:46: Train Epoch 4: 40/159 Loss: 0.367769
2022-12-24 03:46: Train Epoch 4: 41/159 Loss: 0.391165
2022-12-24 03:46: Train Epoch 4: 42/159 Loss: 0.387423
2022-12-24 03:46: Train Epoch 4: 43/159 Loss: 0.342306
2022-12-24 03:46: Train Epoch 4: 44/159 Loss: 0.405416
2022-12-24 03:46: Train Epoch 4: 45/159 Loss: 0.397780
2022-12-24 03:46: Train Epoch 4: 46/159 Loss: 0.403637
2022-12-24 03:46: Train Epoch 4: 47/159 Loss: 0.314895
2022-12-24 03:46: Train Epoch 4: 48/159 Loss: 0.357874
2022-12-24 03:46: Train Epoch 4: 49/159 Loss: 0.346405
2022-12-24 03:46: Train Epoch 4: 50/159 Loss: 0.344189
2022-12-24 03:46: Train Epoch 4: 51/159 Loss: 0.332644
2022-12-24 03:46: Train Epoch 4: 52/159 Loss: 0.310863
2022-12-24 03:47: Train Epoch 4: 53/159 Loss: 0.370498
2022-12-24 03:47: Train Epoch 4: 54/159 Loss: 0.406210
2022-12-24 03:47: Train Epoch 4: 55/159 Loss: 0.320145
2022-12-24 03:47: Train Epoch 4: 56/159 Loss: 0.326961
2022-12-24 03:47: Train Epoch 4: 57/159 Loss: 0.361789
2022-12-24 03:47: Train Epoch 4: 58/159 Loss: 0.368152
2022-12-24 03:47: Train Epoch 4: 59/159 Loss: 0.343318
2022-12-24 03:47: Train Epoch 4: 60/159 Loss: 0.447853
2022-12-24 03:47: Train Epoch 4: 61/159 Loss: 0.318816
2022-12-24 03:47: Train Epoch 4: 62/159 Loss: 0.309842
2022-12-24 03:47: Train Epoch 4: 63/159 Loss: 0.255412
2022-12-24 03:48: Train Epoch 4: 64/159 Loss: 0.295295
2022-12-24 03:48: Train Epoch 4: 65/159 Loss: 0.288234
2022-12-24 03:48: Train Epoch 4: 66/159 Loss: 0.371844
2022-12-24 03:48: Train Epoch 4: 67/159 Loss: 0.434739
2022-12-24 03:48: Train Epoch 4: 68/159 Loss: 0.275231
2022-12-24 03:48: Train Epoch 4: 69/159 Loss: 0.386873
2022-12-24 03:48: Train Epoch 4: 70/159 Loss: 0.389386
2022-12-24 03:48: Train Epoch 4: 71/159 Loss: 0.349399
2022-12-24 03:48: Train Epoch 4: 72/159 Loss: 0.351808
2022-12-24 03:48: Train Epoch 4: 73/159 Loss: 0.336168
2022-12-24 03:48: Train Epoch 4: 74/159 Loss: 0.362295
2022-12-24 03:48: Train Epoch 4: 75/159 Loss: 0.360088
2022-12-24 03:49: Train Epoch 4: 76/159 Loss: 0.347953
2022-12-24 03:49: Train Epoch 4: 77/159 Loss: 0.345005
2022-12-24 03:49: Train Epoch 4: 78/159 Loss: 0.322567
2022-12-24 03:49: Train Epoch 4: 79/159 Loss: 0.376171
2022-12-24 03:49: Train Epoch 4: 80/159 Loss: 0.378772
2022-12-24 03:49: Train Epoch 4: 81/159 Loss: 0.334867
2022-12-24 03:49: Train Epoch 4: 82/159 Loss: 0.349100
2022-12-24 03:49: Train Epoch 4: 83/159 Loss: 0.366403
2022-12-24 03:49: Train Epoch 4: 84/159 Loss: 0.390388
2022-12-24 03:49: Train Epoch 4: 85/159 Loss: 0.385995
2022-12-24 03:49: Train Epoch 4: 86/159 Loss: 0.442002
2022-12-24 03:49: Train Epoch 4: 87/159 Loss: 0.419430
2022-12-24 03:50: Train Epoch 4: 88/159 Loss: 0.341444
2022-12-24 03:50: Train Epoch 4: 89/159 Loss: 0.402739
2022-12-24 03:50: Train Epoch 4: 90/159 Loss: 0.288248
2022-12-24 03:50: Train Epoch 4: 91/159 Loss: 0.328601
2022-12-24 03:50: Train Epoch 4: 92/159 Loss: 0.416071
2022-12-24 03:50: Train Epoch 4: 93/159 Loss: 0.331607
2022-12-24 03:50: Train Epoch 4: 94/159 Loss: 0.307063
2022-12-24 03:50: Train Epoch 4: 95/159 Loss: 0.393891
2022-12-24 03:50: Train Epoch 4: 96/159 Loss: 0.331280
2022-12-24 03:50: Train Epoch 4: 97/159 Loss: 0.253678
2022-12-24 03:50: Train Epoch 4: 98/159 Loss: 0.319211
2022-12-24 03:50: Train Epoch 4: 99/159 Loss: 0.389747
2022-12-24 03:51: Train Epoch 4: 100/159 Loss: 0.404368
2022-12-24 03:51: Train Epoch 4: 101/159 Loss: 0.287181
2022-12-24 03:51: Train Epoch 4: 102/159 Loss: 0.359569
2022-12-24 03:51: Train Epoch 4: 103/159 Loss: 0.317411
2022-12-24 03:51: Train Epoch 4: 104/159 Loss: 0.402360
2022-12-24 03:51: Train Epoch 4: 105/159 Loss: 0.304464
2022-12-24 03:51: Train Epoch 4: 106/159 Loss: 0.333386
2022-12-24 03:51: Train Epoch 4: 107/159 Loss: 0.354591
2022-12-24 03:51: Train Epoch 4: 108/159 Loss: 0.417247
2022-12-24 03:51: Train Epoch 4: 109/159 Loss: 0.418222
2022-12-24 03:51: Train Epoch 4: 110/159 Loss: 0.345133
2022-12-24 03:51: Train Epoch 4: 111/159 Loss: 0.320610
2022-12-24 03:52: Train Epoch 4: 112/159 Loss: 0.328523
2022-12-24 03:52: Train Epoch 4: 113/159 Loss: 0.322564
2022-12-24 03:52: Train Epoch 4: 114/159 Loss: 0.358411
2022-12-24 03:52: Train Epoch 4: 115/159 Loss: 0.356839
2022-12-24 03:52: Train Epoch 4: 116/159 Loss: 0.265288
2022-12-24 03:52: Train Epoch 4: 117/159 Loss: 0.352446
2022-12-24 03:52: Train Epoch 4: 118/159 Loss: 0.388879
2022-12-24 03:52: Train Epoch 4: 119/159 Loss: 0.298707
2022-12-24 03:52: Train Epoch 4: 120/159 Loss: 0.354907
2022-12-24 03:52: Train Epoch 4: 121/159 Loss: 0.465547
2022-12-24 03:52: Train Epoch 4: 122/159 Loss: 0.335088
2022-12-24 03:52: Train Epoch 4: 123/159 Loss: 0.337781
2022-12-24 03:53: Train Epoch 4: 124/159 Loss: 0.436263
2022-12-24 03:53: Train Epoch 4: 125/159 Loss: 0.397127
2022-12-24 03:53: Train Epoch 4: 126/159 Loss: 0.320704
2022-12-24 03:53: Train Epoch 4: 127/159 Loss: 0.383541
2022-12-24 03:53: Train Epoch 4: 128/159 Loss: 0.414050
2022-12-24 03:53: Train Epoch 4: 129/159 Loss: 0.320026
2022-12-24 03:53: Train Epoch 4: 130/159 Loss: 0.383021
2022-12-24 03:53: Train Epoch 4: 131/159 Loss: 0.321930
2022-12-24 03:53: Train Epoch 4: 132/159 Loss: 0.396685
2022-12-24 03:53: Train Epoch 4: 133/159 Loss: 0.331683
2022-12-24 03:53: Train Epoch 4: 134/159 Loss: 0.296763
2022-12-24 03:53: Train Epoch 4: 135/159 Loss: 0.312691
2022-12-24 03:53: Train Epoch 4: 136/159 Loss: 0.381482
2022-12-24 03:54: Train Epoch 4: 137/159 Loss: 0.334260
2022-12-24 03:54: Train Epoch 4: 138/159 Loss: 0.324861
2022-12-24 03:54: Train Epoch 4: 139/159 Loss: 0.319270
2022-12-24 03:54: Train Epoch 4: 140/159 Loss: 0.347042
2022-12-24 03:54: Train Epoch 4: 141/159 Loss: 0.318441
2022-12-24 03:54: Train Epoch 4: 142/159 Loss: 0.363333
2022-12-24 03:54: Train Epoch 4: 143/159 Loss: 0.333126
2022-12-24 03:54: Train Epoch 4: 144/159 Loss: 0.296268
2022-12-24 03:54: Train Epoch 4: 145/159 Loss: 0.361225
2022-12-24 03:54: Train Epoch 4: 146/159 Loss: 0.284683
2022-12-24 03:54: Train Epoch 4: 147/159 Loss: 0.366103
2022-12-24 03:54: Train Epoch 4: 148/159 Loss: 0.290638
2022-12-24 03:55: Train Epoch 4: 149/159 Loss: 0.348113
2022-12-24 03:55: Train Epoch 4: 150/159 Loss: 0.341947
2022-12-24 03:55: Train Epoch 4: 151/159 Loss: 0.330319
2022-12-24 03:55: Train Epoch 4: 152/159 Loss: 0.366642
2022-12-24 03:55: Train Epoch 4: 153/159 Loss: 0.289845
2022-12-24 03:55: Train Epoch 4: 154/159 Loss: 0.399879
2022-12-24 03:55: Train Epoch 4: 155/159 Loss: 0.281715
2022-12-24 03:55: Train Epoch 4: 156/159 Loss: 0.415069
2022-12-24 03:55: Train Epoch 4: 157/159 Loss: 0.350686
2022-12-24 03:55: Train Epoch 4: 158/159 Loss: 0.296591
2022-12-24 03:55: **********Train Epoch 4: averaged Loss: 0.355221 
2022-12-24 03:55: 
Epoch time elapsed: 804.0446546077728

2022-12-24 03:56: 
 metrics validation: {'precision': 0.6677190213101816, 'recall': 0.6507692307692308, 'f1-score': 0.6591351772497078, 'support': 1300, 'AUC': 0.8078792899408285, 'AUCPR': 0.7339252204751996, 'TP': 846, 'FP': 421, 'TN': 2179, 'FN': 454} 

2022-12-24 03:56: **********Val Epoch 4: average Loss: 0.623213
2022-12-24 03:56: 
 Testing metrics {'precision': 0.7449725776965265, 'recall': 0.6636807817589576, 'f1-score': 0.70198105081826, 'support': 1228, 'AUC': 0.8495756586276777, 'AUCPR': 0.7729710464563717, 'TP': 815, 'FP': 279, 'TN': 2177, 'FN': 413} 

2022-12-24 03:56: Train Epoch 5: 0/159 Loss: 0.322439
2022-12-24 03:57: Train Epoch 5: 1/159 Loss: 0.454311
2022-12-24 03:57: Train Epoch 5: 2/159 Loss: 0.318532
2022-12-24 03:57: Train Epoch 5: 3/159 Loss: 0.338729
2022-12-24 03:57: Train Epoch 5: 4/159 Loss: 0.342374
2022-12-24 03:57: Train Epoch 5: 5/159 Loss: 0.395168
2022-12-24 03:57: Train Epoch 5: 6/159 Loss: 0.327147
2022-12-24 03:57: Train Epoch 5: 7/159 Loss: 0.352309
2022-12-24 03:57: Train Epoch 5: 8/159 Loss: 0.441184
2022-12-24 03:57: Train Epoch 5: 9/159 Loss: 0.415213
2022-12-24 03:57: Train Epoch 5: 10/159 Loss: 0.363319
2022-12-24 03:57: Train Epoch 5: 11/159 Loss: 0.307169
2022-12-24 03:57: Train Epoch 5: 12/159 Loss: 0.322871
2022-12-24 03:57: Train Epoch 5: 13/159 Loss: 0.321490
2022-12-24 03:58: Train Epoch 5: 14/159 Loss: 0.358124
2022-12-24 03:58: Train Epoch 5: 15/159 Loss: 0.329958
2022-12-24 03:58: Train Epoch 5: 16/159 Loss: 0.385641
2022-12-24 03:58: Train Epoch 5: 17/159 Loss: 0.335702
2022-12-24 03:58: Train Epoch 5: 18/159 Loss: 0.374073
2022-12-24 03:58: Train Epoch 5: 19/159 Loss: 0.321912
2022-12-24 03:58: Train Epoch 5: 20/159 Loss: 0.316707
2022-12-24 03:58: Train Epoch 5: 21/159 Loss: 0.389394
2022-12-24 03:58: Train Epoch 5: 22/159 Loss: 0.355194
2022-12-24 03:58: Train Epoch 5: 23/159 Loss: 0.357679
2022-12-24 03:58: Train Epoch 5: 24/159 Loss: 0.268753
2022-12-24 03:58: Train Epoch 5: 25/159 Loss: 0.365101
2022-12-24 03:59: Train Epoch 5: 26/159 Loss: 0.313529
2022-12-24 03:59: Train Epoch 5: 27/159 Loss: 0.346551
2022-12-24 03:59: Train Epoch 5: 28/159 Loss: 0.383003
2022-12-24 03:59: Train Epoch 5: 29/159 Loss: 0.386853
2022-12-24 03:59: Train Epoch 5: 30/159 Loss: 0.316886
2022-12-24 03:59: Train Epoch 5: 31/159 Loss: 0.346567
2022-12-24 03:59: Train Epoch 5: 32/159 Loss: 0.283567
2022-12-24 03:59: Train Epoch 5: 33/159 Loss: 0.447747
2022-12-24 03:59: Train Epoch 5: 34/159 Loss: 0.428841
2022-12-24 03:59: Train Epoch 5: 35/159 Loss: 0.287997
2022-12-24 03:59: Train Epoch 5: 36/159 Loss: 0.375281
2022-12-24 04:00: Train Epoch 5: 37/159 Loss: 0.330332
2022-12-24 04:00: Train Epoch 5: 38/159 Loss: 0.356479
2022-12-24 04:00: Train Epoch 5: 39/159 Loss: 0.302776
2022-12-24 04:00: Train Epoch 5: 40/159 Loss: 0.360334
2022-12-24 04:00: Train Epoch 5: 41/159 Loss: 0.331747
2022-12-24 04:00: Train Epoch 5: 42/159 Loss: 0.378636
2022-12-24 04:00: Train Epoch 5: 43/159 Loss: 0.359065
2022-12-24 04:00: Train Epoch 5: 44/159 Loss: 0.347360
2022-12-24 04:00: Train Epoch 5: 45/159 Loss: 0.404006
2022-12-24 04:00: Train Epoch 5: 46/159 Loss: 0.340449
2022-12-24 04:00: Train Epoch 5: 47/159 Loss: 0.347191
2022-12-24 04:00: Train Epoch 5: 48/159 Loss: 0.408295
2022-12-24 04:01: Train Epoch 5: 49/159 Loss: 0.482799
2022-12-24 04:01: Train Epoch 5: 50/159 Loss: 0.239228
2022-12-24 04:01: Train Epoch 5: 51/159 Loss: 0.366604
2022-12-24 04:01: Train Epoch 5: 52/159 Loss: 0.337689
2022-12-24 04:01: Train Epoch 5: 53/159 Loss: 0.335875
2022-12-24 04:01: Train Epoch 5: 54/159 Loss: 0.339322
2022-12-24 04:01: Train Epoch 5: 55/159 Loss: 0.365680
2022-12-24 04:01: Train Epoch 5: 56/159 Loss: 0.382631
2022-12-24 04:01: Train Epoch 5: 57/159 Loss: 0.364314
2022-12-24 04:01: Train Epoch 5: 58/159 Loss: 0.362490
2022-12-24 04:01: Train Epoch 5: 59/159 Loss: 0.332727
2022-12-24 04:02: Train Epoch 5: 60/159 Loss: 0.390516
2022-12-24 04:02: Train Epoch 5: 61/159 Loss: 0.281675
2022-12-24 04:02: Train Epoch 5: 62/159 Loss: 0.385483
2022-12-24 04:02: Train Epoch 5: 63/159 Loss: 0.350663
2022-12-24 04:02: Train Epoch 5: 64/159 Loss: 0.275800
2022-12-24 04:02: Train Epoch 5: 65/159 Loss: 0.347487
2022-12-24 04:02: Train Epoch 5: 66/159 Loss: 0.360622
2022-12-24 04:02: Train Epoch 5: 67/159 Loss: 0.319860
2022-12-24 04:02: Train Epoch 5: 68/159 Loss: 0.278109
2022-12-24 04:02: Train Epoch 5: 69/159 Loss: 0.371346
2022-12-24 04:02: Train Epoch 5: 70/159 Loss: 0.419361
2022-12-24 04:02: Train Epoch 5: 71/159 Loss: 0.335783
2022-12-24 04:03: Train Epoch 5: 72/159 Loss: 0.458556
2022-12-24 04:03: Train Epoch 5: 73/159 Loss: 0.432602
2022-12-24 04:03: Train Epoch 5: 74/159 Loss: 0.348797
2022-12-24 04:03: Train Epoch 5: 75/159 Loss: 0.288571
2022-12-24 04:03: Train Epoch 5: 76/159 Loss: 0.332176
2022-12-24 04:03: Train Epoch 5: 77/159 Loss: 0.340480
2022-12-24 04:03: Train Epoch 5: 78/159 Loss: 0.403258
2022-12-24 04:03: Train Epoch 5: 79/159 Loss: 0.423089
2022-12-24 04:03: Train Epoch 5: 80/159 Loss: 0.387483
2022-12-24 04:03: Train Epoch 5: 81/159 Loss: 0.453489
2022-12-24 04:03: Train Epoch 5: 82/159 Loss: 0.344764
2022-12-24 04:04: Train Epoch 5: 83/159 Loss: 0.391540
2022-12-24 04:04: Train Epoch 5: 84/159 Loss: 0.326618
2022-12-24 04:04: Train Epoch 5: 85/159 Loss: 0.359152
2022-12-24 04:04: Train Epoch 5: 86/159 Loss: 0.358717
2022-12-24 04:04: Train Epoch 5: 87/159 Loss: 0.302028
2022-12-24 04:04: Train Epoch 5: 88/159 Loss: 0.309426
2022-12-24 04:04: Train Epoch 5: 89/159 Loss: 0.430806
2022-12-24 04:04: Train Epoch 5: 90/159 Loss: 0.305898
2022-12-24 04:04: Train Epoch 5: 91/159 Loss: 0.359624
2022-12-24 04:04: Train Epoch 5: 92/159 Loss: 0.392567
2022-12-24 04:04: Train Epoch 5: 93/159 Loss: 0.379516
2022-12-24 04:04: Train Epoch 5: 94/159 Loss: 0.392912
2022-12-24 04:05: Train Epoch 5: 95/159 Loss: 0.391421
2022-12-24 04:05: Train Epoch 5: 96/159 Loss: 0.310237
2022-12-24 04:05: Train Epoch 5: 97/159 Loss: 0.401762
2022-12-24 04:05: Train Epoch 5: 98/159 Loss: 0.394764
2022-12-24 04:05: Train Epoch 5: 99/159 Loss: 0.357957
2022-12-24 04:05: Train Epoch 5: 100/159 Loss: 0.360874
2022-12-24 04:05: Train Epoch 5: 101/159 Loss: 0.331453
2022-12-24 04:05: Train Epoch 5: 102/159 Loss: 0.285837
2022-12-24 04:05: Train Epoch 5: 103/159 Loss: 0.335285
2022-12-24 04:05: Train Epoch 5: 104/159 Loss: 0.377399
2022-12-24 04:05: Train Epoch 5: 105/159 Loss: 0.377518
2022-12-24 04:05: Train Epoch 5: 106/159 Loss: 0.397161
2022-12-24 04:06: Train Epoch 5: 107/159 Loss: 0.300430
2022-12-24 04:06: Train Epoch 5: 108/159 Loss: 0.273851
2022-12-24 04:06: Train Epoch 5: 109/159 Loss: 0.301620
2022-12-24 04:06: Train Epoch 5: 110/159 Loss: 0.338258
2022-12-24 04:06: Train Epoch 5: 111/159 Loss: 0.306892
2022-12-24 04:06: Train Epoch 5: 112/159 Loss: 0.390275
2022-12-24 04:06: Train Epoch 5: 113/159 Loss: 0.270555
2022-12-24 04:06: Train Epoch 5: 114/159 Loss: 0.350405
2022-12-24 04:06: Train Epoch 5: 115/159 Loss: 0.412620
2022-12-24 04:06: Train Epoch 5: 116/159 Loss: 0.391129
2022-12-24 04:06: Train Epoch 5: 117/159 Loss: 0.294588
2022-12-24 04:07: Train Epoch 5: 118/159 Loss: 0.384658
2022-12-24 04:07: Train Epoch 5: 119/159 Loss: 0.303857
2022-12-24 04:07: Train Epoch 5: 120/159 Loss: 0.435563
2022-12-24 04:07: Train Epoch 5: 121/159 Loss: 0.351678
2022-12-24 04:07: Train Epoch 5: 122/159 Loss: 0.387075
2022-12-24 04:07: Train Epoch 5: 123/159 Loss: 0.389404
2022-12-24 04:07: Train Epoch 5: 124/159 Loss: 0.377000
2022-12-24 04:07: Train Epoch 5: 125/159 Loss: 0.345020
2022-12-24 04:07: Train Epoch 5: 126/159 Loss: 0.395197
2022-12-24 04:07: Train Epoch 5: 127/159 Loss: 0.388069
2022-12-24 04:07: Train Epoch 5: 128/159 Loss: 0.341454
2022-12-24 04:07: Train Epoch 5: 129/159 Loss: 0.392186
2022-12-24 04:08: Train Epoch 5: 130/159 Loss: 0.377416
2022-12-24 04:08: Train Epoch 5: 131/159 Loss: 0.356542
2022-12-24 04:08: Train Epoch 5: 132/159 Loss: 0.363690
2022-12-24 04:08: Train Epoch 5: 133/159 Loss: 0.354750
2022-12-24 04:08: Train Epoch 5: 134/159 Loss: 0.393764
2022-12-24 04:08: Train Epoch 5: 135/159 Loss: 0.361523
2022-12-24 04:08: Train Epoch 5: 136/159 Loss: 0.405419
2022-12-24 04:08: Train Epoch 5: 137/159 Loss: 0.312469
2022-12-24 04:08: Train Epoch 5: 138/159 Loss: 0.367063
2022-12-24 04:08: Train Epoch 5: 139/159 Loss: 0.431284
2022-12-24 04:08: Train Epoch 5: 140/159 Loss: 0.311984
2022-12-24 04:08: Train Epoch 5: 141/159 Loss: 0.356555
2022-12-24 04:09: Train Epoch 5: 142/159 Loss: 0.341953
2022-12-24 04:09: Train Epoch 5: 143/159 Loss: 0.355926
2022-12-24 04:09: Train Epoch 5: 144/159 Loss: 0.350020
2022-12-24 04:09: Train Epoch 5: 145/159 Loss: 0.391836
2022-12-24 04:09: Train Epoch 5: 146/159 Loss: 0.363651
2022-12-24 04:09: Train Epoch 5: 147/159 Loss: 0.401669
2022-12-24 04:09: Train Epoch 5: 148/159 Loss: 0.341562
2022-12-24 04:09: Train Epoch 5: 149/159 Loss: 0.379583
2022-12-24 04:09: Train Epoch 5: 150/159 Loss: 0.247912
2022-12-24 04:09: Train Epoch 5: 151/159 Loss: 0.352181
2022-12-24 04:09: Train Epoch 5: 152/159 Loss: 0.405104
2022-12-24 04:10: Train Epoch 5: 153/159 Loss: 0.386122
2022-12-24 04:10: Train Epoch 5: 154/159 Loss: 0.434532
2022-12-24 04:10: Train Epoch 5: 155/159 Loss: 0.317878
2022-12-24 04:10: Train Epoch 5: 156/159 Loss: 0.368648
2022-12-24 04:10: Train Epoch 5: 157/159 Loss: 0.383785
2022-12-24 04:10: Train Epoch 5: 158/159 Loss: 0.528753
2022-12-24 04:10: **********Train Epoch 5: averaged Loss: 0.359114 
2022-12-24 04:10: 
Epoch time elapsed: 819.1799261569977

2022-12-24 04:10: 
 metrics validation: {'precision': 0.739423076923077, 'recall': 0.5915384615384616, 'f1-score': 0.6572649572649573, 'support': 1300, 'AUC': 0.8066494082840237, 'AUCPR': 0.7311652437564667, 'TP': 769, 'FP': 271, 'TN': 2329, 'FN': 531} 

2022-12-24 04:10: **********Val Epoch 5: average Loss: 0.615683
2022-12-24 04:11: 
 Testing metrics {'precision': 0.7449725776965265, 'recall': 0.6636807817589576, 'f1-score': 0.70198105081826, 'support': 1228, 'AUC': 0.8495756586276777, 'AUCPR': 0.7729710464563717, 'TP': 815, 'FP': 279, 'TN': 2177, 'FN': 413} 

2022-12-24 04:11: Train Epoch 6: 0/159 Loss: 0.411345
2022-12-24 04:11: Train Epoch 6: 1/159 Loss: 0.417275
2022-12-24 04:11: Train Epoch 6: 2/159 Loss: 0.421590
2022-12-24 04:11: Train Epoch 6: 3/159 Loss: 0.407631
2022-12-24 04:11: Train Epoch 6: 4/159 Loss: 0.413034
2022-12-24 04:11: Train Epoch 6: 5/159 Loss: 0.317686
2022-12-24 04:12: Train Epoch 6: 6/159 Loss: 0.332302
2022-12-24 04:12: Train Epoch 6: 7/159 Loss: 0.446586
2022-12-24 04:12: Train Epoch 6: 8/159 Loss: 0.420811
2022-12-24 04:12: Train Epoch 6: 9/159 Loss: 0.399958
2022-12-24 04:12: Train Epoch 6: 10/159 Loss: 0.343625
2022-12-24 04:12: Train Epoch 6: 11/159 Loss: 0.389469
2022-12-24 04:12: Train Epoch 6: 12/159 Loss: 0.334342
2022-12-24 04:12: Train Epoch 6: 13/159 Loss: 0.326570
2022-12-24 04:12: Train Epoch 6: 14/159 Loss: 0.357776
2022-12-24 04:12: Train Epoch 6: 15/159 Loss: 0.434443
2022-12-24 04:12: Train Epoch 6: 16/159 Loss: 0.363616
2022-12-24 04:13: Train Epoch 6: 17/159 Loss: 0.351367
2022-12-24 04:13: Train Epoch 6: 18/159 Loss: 0.418842
2022-12-24 04:13: Train Epoch 6: 19/159 Loss: 0.332169
2022-12-24 04:13: Train Epoch 6: 20/159 Loss: 0.288698
2022-12-24 04:13: Train Epoch 6: 21/159 Loss: 0.365845
2022-12-24 04:13: Train Epoch 6: 22/159 Loss: 0.461416
2022-12-24 04:13: Train Epoch 6: 23/159 Loss: 0.291775
2022-12-24 04:13: Train Epoch 6: 24/159 Loss: 0.326861
2022-12-24 04:13: Train Epoch 6: 25/159 Loss: 0.390611
2022-12-24 04:13: Train Epoch 6: 26/159 Loss: 0.369517
2022-12-24 04:13: Train Epoch 6: 27/159 Loss: 0.373683
2022-12-24 04:13: Train Epoch 6: 28/159 Loss: 0.350653
2022-12-24 04:14: Train Epoch 6: 29/159 Loss: 0.403656
2022-12-24 04:14: Train Epoch 6: 30/159 Loss: 0.384879
2022-12-24 04:14: Train Epoch 6: 31/159 Loss: 0.473194
2022-12-24 04:14: Train Epoch 6: 32/159 Loss: 0.373967
2022-12-24 04:14: Train Epoch 6: 33/159 Loss: 0.363935
2022-12-24 04:14: Train Epoch 6: 34/159 Loss: 0.451729
2022-12-24 04:14: Train Epoch 6: 35/159 Loss: 0.309629
2022-12-24 04:14: Train Epoch 6: 36/159 Loss: 0.384281
2022-12-24 04:14: Train Epoch 6: 37/159 Loss: 0.402615
2022-12-24 04:14: Train Epoch 6: 38/159 Loss: 0.294612
2022-12-24 04:14: Train Epoch 6: 39/159 Loss: 0.374877
2022-12-24 04:15: Train Epoch 6: 40/159 Loss: 0.388964
2022-12-24 04:15: Train Epoch 6: 41/159 Loss: 0.357751
2022-12-24 04:15: Train Epoch 6: 42/159 Loss: 0.356363
2022-12-24 04:15: Train Epoch 6: 43/159 Loss: 0.368663
2022-12-24 04:15: Train Epoch 6: 44/159 Loss: 0.316702
2022-12-24 04:15: Train Epoch 6: 45/159 Loss: 0.414407
2022-12-24 04:15: Train Epoch 6: 46/159 Loss: 0.394247
2022-12-24 04:15: Train Epoch 6: 47/159 Loss: 0.430341
2022-12-24 04:15: Train Epoch 6: 48/159 Loss: 0.350134
2022-12-24 04:15: Train Epoch 6: 49/159 Loss: 0.395512
2022-12-24 04:15: Train Epoch 6: 50/159 Loss: 0.346294
2022-12-24 04:15: Train Epoch 6: 51/159 Loss: 0.382414
2022-12-24 04:16: Train Epoch 6: 52/159 Loss: 0.374745
2022-12-24 04:16: Train Epoch 6: 53/159 Loss: 0.351307
2022-12-24 04:16: Train Epoch 6: 54/159 Loss: 0.371180
2022-12-24 04:16: Train Epoch 6: 55/159 Loss: 0.340891
2022-12-24 04:16: Train Epoch 6: 56/159 Loss: 0.335227
2022-12-24 04:16: Train Epoch 6: 57/159 Loss: 0.405114
2022-12-24 04:16: Train Epoch 6: 58/159 Loss: 0.308118
2022-12-24 04:16: Train Epoch 6: 59/159 Loss: 0.352015
2022-12-24 04:16: Train Epoch 6: 60/159 Loss: 0.342876
2022-12-24 04:16: Train Epoch 6: 61/159 Loss: 0.332754
2022-12-24 04:16: Train Epoch 6: 62/159 Loss: 0.365329
2022-12-24 04:17: Train Epoch 6: 63/159 Loss: 0.390047
2022-12-24 04:17: Train Epoch 6: 64/159 Loss: 0.344035
2022-12-24 04:17: Train Epoch 6: 65/159 Loss: 0.362095
2022-12-24 04:17: Train Epoch 6: 66/159 Loss: 0.411918
2022-12-24 04:17: Train Epoch 6: 67/159 Loss: 0.337692
2022-12-24 04:17: Train Epoch 6: 68/159 Loss: 0.347856
2022-12-24 04:17: Train Epoch 6: 69/159 Loss: 0.397216
2022-12-24 04:17: Train Epoch 6: 70/159 Loss: 0.384199
2022-12-24 04:17: Train Epoch 6: 71/159 Loss: 0.305686
2022-12-24 04:17: Train Epoch 6: 72/159 Loss: 0.343664
2022-12-24 04:17: Train Epoch 6: 73/159 Loss: 0.383418
2022-12-24 04:17: Train Epoch 6: 74/159 Loss: 0.410089
2022-12-24 04:18: Train Epoch 6: 75/159 Loss: 0.348573
2022-12-24 04:18: Train Epoch 6: 76/159 Loss: 0.415653
2022-12-24 04:18: Train Epoch 6: 77/159 Loss: 0.343869
2022-12-24 04:18: Train Epoch 6: 78/159 Loss: 0.302313
2022-12-24 04:18: Train Epoch 6: 79/159 Loss: 0.379501
2022-12-24 04:18: Train Epoch 6: 80/159 Loss: 0.333727
2022-12-24 04:18: Train Epoch 6: 81/159 Loss: 0.303060
2022-12-24 04:18: Train Epoch 6: 82/159 Loss: 0.403579
2022-12-24 04:18: Train Epoch 6: 83/159 Loss: 0.335620
2022-12-24 04:18: Train Epoch 6: 84/159 Loss: 0.353137
2022-12-24 04:18: Train Epoch 6: 85/159 Loss: 0.351773
2022-12-24 04:19: Train Epoch 6: 86/159 Loss: 0.366188
2022-12-24 04:19: Train Epoch 6: 87/159 Loss: 0.399636
2022-12-24 04:19: Train Epoch 6: 88/159 Loss: 0.276614
2022-12-24 04:19: Train Epoch 6: 89/159 Loss: 0.439787
2022-12-24 04:19: Train Epoch 6: 90/159 Loss: 0.341609
2022-12-24 04:19: Train Epoch 6: 91/159 Loss: 0.344427
2022-12-24 04:19: Train Epoch 6: 92/159 Loss: 0.428544
2022-12-24 04:19: Train Epoch 6: 93/159 Loss: 0.313079
2022-12-24 04:19: Train Epoch 6: 94/159 Loss: 0.419074
2022-12-24 04:19: Train Epoch 6: 95/159 Loss: 0.353728
2022-12-24 04:19: Train Epoch 6: 96/159 Loss: 0.401879
2022-12-24 04:19: Train Epoch 6: 97/159 Loss: 0.410490
2022-12-24 04:20: Train Epoch 6: 98/159 Loss: 0.365478
2022-12-24 04:20: Train Epoch 6: 99/159 Loss: 0.403399
2022-12-24 04:20: Train Epoch 6: 100/159 Loss: 0.380017
2022-12-24 04:20: Train Epoch 6: 101/159 Loss: 0.323648
2022-12-24 04:20: Train Epoch 6: 102/159 Loss: 0.370202
2022-12-24 04:20: Train Epoch 6: 103/159 Loss: 0.363751
2022-12-24 04:20: Train Epoch 6: 104/159 Loss: 0.376850
2022-12-24 04:20: Train Epoch 6: 105/159 Loss: 0.373645
2022-12-24 04:20: Train Epoch 6: 106/159 Loss: 0.331487
2022-12-24 04:20: Train Epoch 6: 107/159 Loss: 0.412308
2022-12-24 04:20: Train Epoch 6: 108/159 Loss: 0.348073
2022-12-24 04:20: Train Epoch 6: 109/159 Loss: 0.284888
2022-12-24 04:21: Train Epoch 6: 110/159 Loss: 0.332157
2022-12-24 04:21: Train Epoch 6: 111/159 Loss: 0.312051
2022-12-24 04:21: Train Epoch 6: 112/159 Loss: 0.329378
2022-12-24 04:21: Train Epoch 6: 113/159 Loss: 0.398977
2022-12-24 04:21: Train Epoch 6: 114/159 Loss: 0.388799
2022-12-24 04:21: Train Epoch 6: 115/159 Loss: 0.292413
2022-12-24 04:21: Train Epoch 6: 116/159 Loss: 0.348292
2022-12-24 04:21: Train Epoch 6: 117/159 Loss: 0.356628
2022-12-24 04:21: Train Epoch 6: 118/159 Loss: 0.418061
2022-12-24 04:21: Train Epoch 6: 119/159 Loss: 0.321639
2022-12-24 04:21: Train Epoch 6: 120/159 Loss: 0.426145
2022-12-24 04:22: Train Epoch 6: 121/159 Loss: 0.400468
2022-12-24 04:22: Train Epoch 6: 122/159 Loss: 0.372431
2022-12-24 04:22: Train Epoch 6: 123/159 Loss: 0.378529
2022-12-24 04:22: Train Epoch 6: 124/159 Loss: 0.334125
2022-12-24 04:22: Train Epoch 6: 125/159 Loss: 0.402248
2022-12-24 04:22: Train Epoch 6: 126/159 Loss: 0.308640
2022-12-24 04:22: Train Epoch 6: 127/159 Loss: 0.408191
2022-12-24 04:22: Train Epoch 6: 128/159 Loss: 0.268326
2022-12-24 04:22: Train Epoch 6: 129/159 Loss: 0.343611
2022-12-24 04:22: Train Epoch 6: 130/159 Loss: 0.279326
2022-12-24 04:22: Train Epoch 6: 131/159 Loss: 0.445767
2022-12-24 04:22: Train Epoch 6: 132/159 Loss: 0.399753
2022-12-24 04:23: Train Epoch 6: 133/159 Loss: 0.305350
2022-12-24 04:23: Train Epoch 6: 134/159 Loss: 0.359013
2022-12-24 04:23: Train Epoch 6: 135/159 Loss: 0.389472
2022-12-24 04:23: Train Epoch 6: 136/159 Loss: 0.328561
2022-12-24 04:23: Train Epoch 6: 137/159 Loss: 0.323364
2022-12-24 04:23: Train Epoch 6: 138/159 Loss: 0.356800
2022-12-24 04:23: Train Epoch 6: 139/159 Loss: 0.409633
2022-12-24 04:23: Train Epoch 6: 140/159 Loss: 0.285858
2022-12-24 04:23: Train Epoch 6: 141/159 Loss: 0.357516
2022-12-24 04:23: Train Epoch 6: 142/159 Loss: 0.255066
2022-12-24 04:23: Train Epoch 6: 143/159 Loss: 0.393068
2022-12-24 04:23: Train Epoch 6: 144/159 Loss: 0.282517
2022-12-24 04:24: Train Epoch 6: 145/159 Loss: 0.383704
2022-12-24 04:24: Train Epoch 6: 146/159 Loss: 0.307085
2022-12-24 04:24: Train Epoch 6: 147/159 Loss: 0.336479
2022-12-24 04:24: Train Epoch 6: 148/159 Loss: 0.288393
2022-12-24 04:24: Train Epoch 6: 149/159 Loss: 0.327076
2022-12-24 04:24: Train Epoch 6: 150/159 Loss: 0.351716
2022-12-24 04:24: Train Epoch 6: 151/159 Loss: 0.384772
2022-12-24 04:24: Train Epoch 6: 152/159 Loss: 0.363451
2022-12-24 04:24: Train Epoch 6: 153/159 Loss: 0.366804
2022-12-24 04:24: Train Epoch 6: 154/159 Loss: 0.308355
2022-12-24 04:24: Train Epoch 6: 155/159 Loss: 0.304982
2022-12-24 04:24: Train Epoch 6: 156/159 Loss: 0.316698
2022-12-24 04:25: Train Epoch 6: 157/159 Loss: 0.311731
2022-12-24 04:25: Train Epoch 6: 158/159 Loss: 0.512414
2022-12-24 04:25: **********Train Epoch 6: averaged Loss: 0.363217 
2022-12-24 04:25: 
Epoch time elapsed: 821.303439617157

2022-12-24 04:25: 
 metrics validation: {'precision': 0.678060413354531, 'recall': 0.6561538461538462, 'f1-score': 0.6669272869429242, 'support': 1300, 'AUC': 0.8090136094674556, 'AUCPR': 0.7351613916671371, 'TP': 853, 'FP': 405, 'TN': 2195, 'FN': 447} 

2022-12-24 04:25: **********Val Epoch 6: average Loss: 0.631688
2022-12-24 04:25: 
 Testing metrics {'precision': 0.7449725776965265, 'recall': 0.6636807817589576, 'f1-score': 0.70198105081826, 'support': 1228, 'AUC': 0.8495756586276777, 'AUCPR': 0.7729710464563717, 'TP': 815, 'FP': 279, 'TN': 2177, 'FN': 413} 

2022-12-24 04:26: Train Epoch 7: 0/159 Loss: 0.382728
2022-12-24 04:26: Train Epoch 7: 1/159 Loss: 0.385113
2022-12-24 04:26: Train Epoch 7: 2/159 Loss: 0.398180
2022-12-24 04:26: Train Epoch 7: 3/159 Loss: 0.324205
2022-12-24 04:26: Train Epoch 7: 4/159 Loss: 0.348997
2022-12-24 04:26: Train Epoch 7: 5/159 Loss: 0.352731
2022-12-24 04:26: Train Epoch 7: 6/159 Loss: 0.399048
2022-12-24 04:26: Train Epoch 7: 7/159 Loss: 0.368122
2022-12-24 04:26: Train Epoch 7: 8/159 Loss: 0.333321
2022-12-24 04:26: Train Epoch 7: 9/159 Loss: 0.422988
2022-12-24 04:26: Train Epoch 7: 10/159 Loss: 0.328016
2022-12-24 04:27: Train Epoch 7: 11/159 Loss: 0.382388
2022-12-24 04:27: Train Epoch 7: 12/159 Loss: 0.402210
2022-12-24 04:27: Train Epoch 7: 13/159 Loss: 0.320740
2022-12-24 04:27: Train Epoch 7: 14/159 Loss: 0.333752
2022-12-24 04:27: Train Epoch 7: 15/159 Loss: 0.344719
2022-12-24 04:27: Train Epoch 7: 16/159 Loss: 0.412033
2022-12-24 04:27: Train Epoch 7: 17/159 Loss: 0.380617
2022-12-24 04:27: Train Epoch 7: 18/159 Loss: 0.391896
2022-12-24 04:27: Train Epoch 7: 19/159 Loss: 0.388193
2022-12-24 04:27: Train Epoch 7: 20/159 Loss: 0.410130
2022-12-24 04:27: Train Epoch 7: 21/159 Loss: 0.345790
2022-12-24 04:28: Train Epoch 7: 22/159 Loss: 0.359623
2022-12-24 04:28: Train Epoch 7: 23/159 Loss: 0.294790
2022-12-24 04:28: Train Epoch 7: 24/159 Loss: 0.423939
2022-12-24 04:28: Train Epoch 7: 25/159 Loss: 0.318525
2022-12-24 04:28: Train Epoch 7: 26/159 Loss: 0.405708
2022-12-24 04:28: Train Epoch 7: 27/159 Loss: 0.431451
2022-12-24 04:28: Train Epoch 7: 28/159 Loss: 0.378712
2022-12-24 04:28: Train Epoch 7: 29/159 Loss: 0.432804
2022-12-24 04:28: Train Epoch 7: 30/159 Loss: 0.398867
2022-12-24 04:28: Train Epoch 7: 31/159 Loss: 0.457217
2022-12-24 04:28: Train Epoch 7: 32/159 Loss: 0.384317
2022-12-24 04:28: Train Epoch 7: 33/159 Loss: 0.368867
2022-12-24 04:29: Train Epoch 7: 34/159 Loss: 0.337758
2022-12-24 04:29: Train Epoch 7: 35/159 Loss: 0.397224
2022-12-24 04:29: Train Epoch 7: 36/159 Loss: 0.392000
2022-12-24 04:29: Train Epoch 7: 37/159 Loss: 0.410153
2022-12-24 04:29: Train Epoch 7: 38/159 Loss: 0.321846
2022-12-24 04:29: Train Epoch 7: 39/159 Loss: 0.449889
2022-12-24 04:29: Train Epoch 7: 40/159 Loss: 0.297789
2022-12-24 04:29: Train Epoch 7: 41/159 Loss: 0.325739
2022-12-24 04:29: Train Epoch 7: 42/159 Loss: 0.399477
2022-12-24 04:29: Train Epoch 7: 43/159 Loss: 0.313406
2022-12-24 04:29: Train Epoch 7: 44/159 Loss: 0.326771
2022-12-24 04:30: Train Epoch 7: 45/159 Loss: 0.293154
2022-12-24 04:30: Train Epoch 7: 46/159 Loss: 0.411118
2022-12-24 04:30: Train Epoch 7: 47/159 Loss: 0.384525
2022-12-24 04:30: Train Epoch 7: 48/159 Loss: 0.369105
2022-12-24 04:30: Train Epoch 7: 49/159 Loss: 0.391521
2022-12-24 04:30: Train Epoch 7: 50/159 Loss: 0.280887
2022-12-24 04:30: Train Epoch 7: 51/159 Loss: 0.351560
2022-12-24 04:30: Train Epoch 7: 52/159 Loss: 0.399888
2022-12-24 04:30: Train Epoch 7: 53/159 Loss: 0.327548
2022-12-24 04:30: Train Epoch 7: 54/159 Loss: 0.425116
2022-12-24 04:30: Train Epoch 7: 55/159 Loss: 0.426589
2022-12-24 04:30: Train Epoch 7: 56/159 Loss: 0.307784
2022-12-24 04:31: Train Epoch 7: 57/159 Loss: 0.391229
2022-12-24 04:31: Train Epoch 7: 58/159 Loss: 0.314297
2022-12-24 04:31: Train Epoch 7: 59/159 Loss: 0.414772
2022-12-24 04:31: Train Epoch 7: 60/159 Loss: 0.327989
2022-12-24 04:31: Train Epoch 7: 61/159 Loss: 0.351417
2022-12-24 04:31: Train Epoch 7: 62/159 Loss: 0.362714
2022-12-24 04:31: Train Epoch 7: 63/159 Loss: 0.400088
2022-12-24 04:31: Train Epoch 7: 64/159 Loss: 0.340258
2022-12-24 04:31: Train Epoch 7: 65/159 Loss: 0.411034
2022-12-24 04:31: Train Epoch 7: 66/159 Loss: 0.303077
2022-12-24 04:31: Train Epoch 7: 67/159 Loss: 0.361399
2022-12-24 04:31: Train Epoch 7: 68/159 Loss: 0.300414
2022-12-24 04:32: Train Epoch 7: 69/159 Loss: 0.308999
2022-12-24 04:32: Train Epoch 7: 70/159 Loss: 0.356996
2022-12-24 04:32: Train Epoch 7: 71/159 Loss: 0.314332
2022-12-24 04:32: Train Epoch 7: 72/159 Loss: 0.320410
2022-12-24 04:32: Train Epoch 7: 73/159 Loss: 0.359621
2022-12-24 04:32: Train Epoch 7: 74/159 Loss: 0.321298
2022-12-24 04:32: Train Epoch 7: 75/159 Loss: 0.437724
2022-12-24 04:32: Train Epoch 7: 76/159 Loss: 0.356461
2022-12-24 04:32: Train Epoch 7: 77/159 Loss: 0.374974
2022-12-24 04:32: Train Epoch 7: 78/159 Loss: 0.246299
2022-12-24 04:32: Train Epoch 7: 79/159 Loss: 0.340439
2022-12-24 04:32: Train Epoch 7: 80/159 Loss: 0.392541
2022-12-24 04:33: Train Epoch 7: 81/159 Loss: 0.374509
2022-12-24 04:33: Train Epoch 7: 82/159 Loss: 0.303202
2022-12-24 04:33: Train Epoch 7: 83/159 Loss: 0.293190
2022-12-24 04:33: Train Epoch 7: 84/159 Loss: 0.385938
2022-12-24 04:33: Train Epoch 7: 85/159 Loss: 0.330158
2022-12-24 04:33: Train Epoch 7: 86/159 Loss: 0.301457
2022-12-24 04:33: Train Epoch 7: 87/159 Loss: 0.326520
2022-12-24 04:33: Train Epoch 7: 88/159 Loss: 0.371943
2022-12-24 04:33: Train Epoch 7: 89/159 Loss: 0.352977
2022-12-24 04:33: Train Epoch 7: 90/159 Loss: 0.340296
2022-12-24 04:33: Train Epoch 7: 91/159 Loss: 0.363893
2022-12-24 04:34: Train Epoch 7: 92/159 Loss: 0.379789
2022-12-24 04:34: Train Epoch 7: 93/159 Loss: 0.350635
2022-12-24 04:34: Train Epoch 7: 94/159 Loss: 0.424225
2022-12-24 04:34: Train Epoch 7: 95/159 Loss: 0.292058
2022-12-24 04:34: Train Epoch 7: 96/159 Loss: 0.350949
2022-12-24 04:34: Train Epoch 7: 97/159 Loss: 0.357091
2022-12-24 04:34: Train Epoch 7: 98/159 Loss: 0.383002
2022-12-24 04:34: Train Epoch 7: 99/159 Loss: 0.389341
2022-12-24 04:34: Train Epoch 7: 100/159 Loss: 0.378121
2022-12-24 04:34: Train Epoch 7: 101/159 Loss: 0.400273
2022-12-24 04:34: Train Epoch 7: 102/159 Loss: 0.374712
2022-12-24 04:34: Train Epoch 7: 103/159 Loss: 0.309866
2022-12-24 04:35: Train Epoch 7: 104/159 Loss: 0.369743
2022-12-24 04:35: Train Epoch 7: 105/159 Loss: 0.420791
2022-12-24 04:35: Train Epoch 7: 106/159 Loss: 0.337044
2022-12-24 04:35: Train Epoch 7: 107/159 Loss: 0.303717
2022-12-24 04:35: Train Epoch 7: 108/159 Loss: 0.393823
2022-12-24 04:35: Train Epoch 7: 109/159 Loss: 0.358562
2022-12-24 04:35: Train Epoch 7: 110/159 Loss: 0.340648
2022-12-24 04:35: Train Epoch 7: 111/159 Loss: 0.401442
2022-12-24 04:35: Train Epoch 7: 112/159 Loss: 0.340803
2022-12-24 04:35: Train Epoch 7: 113/159 Loss: 0.370623
2022-12-24 04:35: Train Epoch 7: 114/159 Loss: 0.360194
2022-12-24 04:35: Train Epoch 7: 115/159 Loss: 0.362590
2022-12-24 04:36: Train Epoch 7: 116/159 Loss: 0.418037
2022-12-24 04:36: Train Epoch 7: 117/159 Loss: 0.330889
2022-12-24 04:36: Train Epoch 7: 118/159 Loss: 0.347443
2022-12-24 04:36: Train Epoch 7: 119/159 Loss: 0.316941
2022-12-24 04:36: Train Epoch 7: 120/159 Loss: 0.308543
2022-12-24 04:36: Train Epoch 7: 121/159 Loss: 0.368558
2022-12-24 04:36: Train Epoch 7: 122/159 Loss: 0.328261
2022-12-24 04:36: Train Epoch 7: 123/159 Loss: 0.347619
2022-12-24 04:36: Train Epoch 7: 124/159 Loss: 0.320626
2022-12-24 04:36: Train Epoch 7: 125/159 Loss: 0.334791
2022-12-24 04:36: Train Epoch 7: 126/159 Loss: 0.280008
2022-12-24 04:36: Train Epoch 7: 127/159 Loss: 0.426328
2022-12-24 04:37: Train Epoch 7: 128/159 Loss: 0.382496
2022-12-24 04:37: Train Epoch 7: 129/159 Loss: 0.315755
2022-12-24 04:37: Train Epoch 7: 130/159 Loss: 0.368961
2022-12-24 04:37: Train Epoch 7: 131/159 Loss: 0.340664
2022-12-24 04:37: Train Epoch 7: 132/159 Loss: 0.335233
2022-12-24 04:37: Train Epoch 7: 133/159 Loss: 0.355541
2022-12-24 04:37: Train Epoch 7: 134/159 Loss: 0.401366
2022-12-24 04:37: Train Epoch 7: 135/159 Loss: 0.348117
2022-12-24 04:37: Train Epoch 7: 136/159 Loss: 0.402410
2022-12-24 04:37: Train Epoch 7: 137/159 Loss: 0.324284
2022-12-24 04:37: Train Epoch 7: 138/159 Loss: 0.497713
2022-12-24 04:37: Train Epoch 7: 139/159 Loss: 0.445914
2022-12-24 04:38: Train Epoch 7: 140/159 Loss: 0.362203
2022-12-24 04:38: Train Epoch 7: 141/159 Loss: 0.321676
2022-12-24 04:38: Train Epoch 7: 142/159 Loss: 0.347545
2022-12-24 04:38: Train Epoch 7: 143/159 Loss: 0.363732
2022-12-24 04:38: Train Epoch 7: 144/159 Loss: 0.360174
2022-12-24 04:38: Train Epoch 7: 145/159 Loss: 0.366565
2022-12-24 04:38: Train Epoch 7: 146/159 Loss: 0.384971
2022-12-24 04:38: Train Epoch 7: 147/159 Loss: 0.345870
2022-12-24 04:38: Train Epoch 7: 148/159 Loss: 0.386839
2022-12-24 04:38: Train Epoch 7: 149/159 Loss: 0.425115
2022-12-24 04:38: Train Epoch 7: 150/159 Loss: 0.309250
2022-12-24 04:38: Train Epoch 7: 151/159 Loss: 0.347914
2022-12-24 04:39: Train Epoch 7: 152/159 Loss: 0.380394
2022-12-24 04:39: Train Epoch 7: 153/159 Loss: 0.322615
2022-12-24 04:39: Train Epoch 7: 154/159 Loss: 0.319661
2022-12-24 04:39: Train Epoch 7: 155/159 Loss: 0.309031
2022-12-24 04:39: Train Epoch 7: 156/159 Loss: 0.335300
2022-12-24 04:39: Train Epoch 7: 157/159 Loss: 0.350548
2022-12-24 04:39: Train Epoch 7: 158/159 Loss: 0.238672
2022-12-24 04:39: **********Train Epoch 7: averaged Loss: 0.360246 
2022-12-24 04:39: 
Epoch time elapsed: 809.2456307411194

2022-12-24 04:39: 
 metrics validation: {'precision': 0.7006039689387403, 'recall': 0.6246153846153846, 'f1-score': 0.6604310695404636, 'support': 1300, 'AUC': 0.8033887573964498, 'AUCPR': 0.7251467149577288, 'TP': 812, 'FP': 347, 'TN': 2253, 'FN': 488} 

2022-12-24 04:39: **********Val Epoch 7: average Loss: 0.595580
2022-12-24 04:39: Validation performance didn't improve for 5 epochs. Training stops.
2022-12-24 04:39: Total training time: 102.0128min, best loss: 0.589320
2022-12-24 04:39: Saving current best model to /home/joel.chacon/tmp/WildFire_GCN/experiments/2020/20221224025758/best_model.pth
2022-12-24 04:40: 
 Testing metrics {'precision': 0.7449725776965265, 'recall': 0.6636807817589576, 'f1-score': 0.70198105081826, 'support': 1228, 'AUC': 0.8495756586276777, 'AUCPR': 0.7729710464563717, 'TP': 815, 'FP': 279, 'TN': 2177, 'FN': 413} 

