2022-12-28 00:10: log dir: /home/joel.chacon/tmp/WildFire_GCN/experiments/2020/2022122800103512310045505
2022-12-28 00:10: Experiment log path in: /home/joel.chacon/tmp/WildFire_GCN/experiments/2020/2022122800103512310045505
2022-12-28 00:10: Argument: Namespace(batch_size=256, clc='vec', cuda=True, dataset='2020', dataset_root='/home/joel.chacon/tmp/datasets_grl/', debug=False, default_graph=True, device='cpu', dynamic_features=['1 km 16 days NDVI', 'LST_Day_1km', 'LST_Night_1km', 'era5_max_d2m', 'era5_max_t2m', 'era5_max_sp', 'era5_max_tp', 'sminx', 'era5_max_wind_speed', 'era5_min_rh'], early_stop=True, early_stop_patience=8, embed_dim=32, epochs=30, grad_norm=False, horizon=1, input_dim=25, lag=10, link_len=2, log_dir='/home/joel.chacon/tmp/WildFire_GCN/experiments/2020/2022122800103512310045505', log_step=1, loss_func='nllloss', lr_decay=True, lr_decay_rate=0.1, lr_decay_step='15, 20', lr_init=0.0005, max_grad_norm=5, mode='train', model='fire_GCN', nan_fill=0.5, num_layers=1, num_nodes=625, num_workers=20, output_dim=2, patch_height=25, patch_width=25, persistent_workers=True, pin_memory=True, plot=False, positive_weight=0.5, prefetch_factor=2, real_value=True, rnn_units=16, seed=100, static_features=['dem_mean', 'slope_mean', 'roads_distance', 'waterway_distance', 'population_density'], teacher_forcing=False, weight_decay=0.0, window_len=10)
2022-12-28 00:10: Argument batch_size: 256
2022-12-28 00:10: Argument clc: 'vec'
2022-12-28 00:10: Argument cuda: True
2022-12-28 00:10: Argument dataset: '2020'
2022-12-28 00:10: Argument dataset_root: '/home/joel.chacon/tmp/datasets_grl/'
2022-12-28 00:10: Argument debug: False
2022-12-28 00:10: Argument default_graph: True
2022-12-28 00:10: Argument device: 'cpu'
2022-12-28 00:10: Argument dynamic_features: ['1 km 16 days NDVI', 'LST_Day_1km', 'LST_Night_1km', 'era5_max_d2m', 'era5_max_t2m', 'era5_max_sp', 'era5_max_tp', 'sminx', 'era5_max_wind_speed', 'era5_min_rh']
2022-12-28 00:10: Argument early_stop: True
2022-12-28 00:10: Argument early_stop_patience: 8
2022-12-28 00:10: Argument embed_dim: 32
2022-12-28 00:10: Argument epochs: 30
2022-12-28 00:10: Argument grad_norm: False
2022-12-28 00:10: Argument horizon: 1
2022-12-28 00:10: Argument input_dim: 25
2022-12-28 00:10: Argument lag: 10
2022-12-28 00:10: Argument link_len: 2
2022-12-28 00:10: Argument log_dir: '/home/joel.chacon/tmp/WildFire_GCN/experiments/2020/2022122800103512310045505'
2022-12-28 00:10: Argument log_step: 1
2022-12-28 00:10: Argument loss_func: 'nllloss'
2022-12-28 00:10: Argument lr_decay: True
2022-12-28 00:10: Argument lr_decay_rate: 0.1
2022-12-28 00:10: Argument lr_decay_step: '15, 20'
2022-12-28 00:10: Argument lr_init: 0.0005
2022-12-28 00:10: Argument max_grad_norm: 5
2022-12-28 00:10: Argument mode: 'train'
2022-12-28 00:10: Argument model: 'fire_GCN'
2022-12-28 00:10: Argument nan_fill: 0.5
2022-12-28 00:10: Argument num_layers: 1
2022-12-28 00:10: Argument num_nodes: 625
2022-12-28 00:10: Argument num_workers: 20
2022-12-28 00:10: Argument output_dim: 2
2022-12-28 00:10: Argument patch_height: 25
2022-12-28 00:10: Argument patch_width: 25
2022-12-28 00:10: Argument persistent_workers: True
2022-12-28 00:10: Argument pin_memory: True
2022-12-28 00:10: Argument plot: False
2022-12-28 00:10: Argument positive_weight: 0.5
2022-12-28 00:10: Argument prefetch_factor: 2
2022-12-28 00:10: Argument real_value: True
2022-12-28 00:10: Argument rnn_units: 16
2022-12-28 00:10: Argument seed: 100
2022-12-28 00:10: Argument static_features: ['dem_mean', 'slope_mean', 'roads_distance', 'waterway_distance', 'population_density']
2022-12-28 00:10: Argument teacher_forcing: False
2022-12-28 00:10: Argument weight_decay: 0.0
2022-12-28 00:10: Argument window_len: 10
2022-12-28 00:11: Train Epoch 1: 0/159 Loss: 0.629261
2022-12-28 00:12: Train Epoch 1: 1/159 Loss: 1.454859
2022-12-28 00:13: Train Epoch 1: 2/159 Loss: 0.885678
2022-12-28 00:14: Train Epoch 1: 3/159 Loss: 1.146897
2022-12-28 00:15: Train Epoch 1: 4/159 Loss: 1.024804
2022-12-28 00:16: Train Epoch 1: 5/159 Loss: 0.650212
2022-12-28 00:17: Train Epoch 1: 6/159 Loss: 0.709441
2022-12-28 00:18: Train Epoch 1: 7/159 Loss: 0.908455
2022-12-28 00:19: Train Epoch 1: 8/159 Loss: 0.960083
2022-12-28 00:20: Train Epoch 1: 9/159 Loss: 0.782858
2022-12-28 00:20: Train Epoch 1: 10/159 Loss: 0.643573
2022-12-28 00:21: Train Epoch 1: 11/159 Loss: 0.690306
2022-12-28 00:22: Train Epoch 1: 12/159 Loss: 0.869090
2022-12-28 00:23: Train Epoch 1: 13/159 Loss: 0.814823
2022-12-28 00:24: Train Epoch 1: 14/159 Loss: 0.657142
2022-12-28 00:25: Train Epoch 1: 15/159 Loss: 0.640186
2022-12-28 00:26: Train Epoch 1: 16/159 Loss: 0.710009
2022-12-28 00:27: Train Epoch 1: 17/159 Loss: 0.723872
2022-12-28 00:28: Train Epoch 1: 18/159 Loss: 0.721419
2022-12-28 00:29: Train Epoch 1: 19/159 Loss: 0.622651
2022-12-28 00:29: Train Epoch 1: 20/159 Loss: 0.640198
2022-12-28 00:30: Train Epoch 1: 21/159 Loss: 0.673496
2022-12-28 00:31: Train Epoch 1: 22/159 Loss: 0.687028
2022-12-28 00:32: Train Epoch 1: 23/159 Loss: 0.646842
2022-12-28 00:33: Train Epoch 1: 24/159 Loss: 0.604989
2022-12-28 00:34: Train Epoch 1: 25/159 Loss: 0.618907
2022-12-28 00:35: Train Epoch 1: 26/159 Loss: 0.560703
2022-12-28 00:36: Train Epoch 1: 27/159 Loss: 0.698428
2022-12-28 00:37: Train Epoch 1: 28/159 Loss: 0.580774
2022-12-28 00:38: Train Epoch 1: 29/159 Loss: 0.570299
2022-12-28 00:39: Train Epoch 1: 30/159 Loss: 0.586284
2022-12-28 00:39: Train Epoch 1: 31/159 Loss: 0.599175
2022-12-28 00:40: Train Epoch 1: 32/159 Loss: 0.595294
2022-12-28 00:41: Train Epoch 1: 33/159 Loss: 0.564683
2022-12-28 00:42: Train Epoch 1: 34/159 Loss: 0.557690
2022-12-28 00:43: Train Epoch 1: 35/159 Loss: 0.545058
2022-12-28 00:44: Train Epoch 1: 36/159 Loss: 0.580627
2022-12-28 00:45: Train Epoch 1: 37/159 Loss: 0.510525
2022-12-28 00:46: Train Epoch 1: 38/159 Loss: 0.562331
2022-12-28 00:47: Train Epoch 1: 39/159 Loss: 0.532651
2022-12-28 00:48: Train Epoch 1: 40/159 Loss: 0.535819
2022-12-28 00:49: Train Epoch 1: 41/159 Loss: 0.553724
2022-12-28 00:50: Train Epoch 1: 42/159 Loss: 0.520658
2022-12-28 00:51: Train Epoch 1: 43/159 Loss: 0.510282
2022-12-28 00:51: Train Epoch 1: 44/159 Loss: 0.471197
2022-12-28 00:52: Train Epoch 1: 45/159 Loss: 0.493562
2022-12-28 00:53: Train Epoch 1: 46/159 Loss: 0.468101
2022-12-28 00:54: Train Epoch 1: 47/159 Loss: 0.457874
2022-12-28 00:55: Train Epoch 1: 48/159 Loss: 0.473774
2022-12-28 00:56: Train Epoch 1: 49/159 Loss: 0.472694
2022-12-28 00:57: Train Epoch 1: 50/159 Loss: 0.448065
2022-12-28 00:58: Train Epoch 1: 51/159 Loss: 0.451541
2022-12-28 00:59: Train Epoch 1: 52/159 Loss: 0.409418
2022-12-28 01:00: Train Epoch 1: 53/159 Loss: 0.420281
2022-12-28 01:01: Train Epoch 1: 54/159 Loss: 0.459701
2022-12-28 01:02: Train Epoch 1: 55/159 Loss: 0.447651
2022-12-28 01:03: Train Epoch 1: 56/159 Loss: 0.422645
2022-12-28 01:04: Train Epoch 1: 57/159 Loss: 0.454311
2022-12-28 01:04: Train Epoch 1: 58/159 Loss: 0.395261
2022-12-28 01:05: Train Epoch 1: 59/159 Loss: 0.437597
2022-12-28 01:06: Train Epoch 1: 60/159 Loss: 0.406376
2022-12-28 01:07: Train Epoch 1: 61/159 Loss: 0.355232
2022-12-28 01:08: Train Epoch 1: 62/159 Loss: 0.456191
2022-12-28 01:09: Train Epoch 1: 63/159 Loss: 0.393840
2022-12-28 01:10: Train Epoch 1: 64/159 Loss: 0.335527
2022-12-28 01:11: Train Epoch 1: 65/159 Loss: 0.390180
2022-12-28 01:12: Train Epoch 1: 66/159 Loss: 0.369312
2022-12-28 01:13: Train Epoch 1: 67/159 Loss: 0.314563
2022-12-28 01:14: Train Epoch 1: 68/159 Loss: 0.344652
2022-12-28 01:15: Train Epoch 1: 69/159 Loss: 0.361231
2022-12-28 01:16: Train Epoch 1: 70/159 Loss: 0.340802
2022-12-28 01:16: Train Epoch 1: 71/159 Loss: 0.330611
2022-12-28 01:17: Train Epoch 1: 72/159 Loss: 0.358932
2022-12-28 01:18: Train Epoch 1: 73/159 Loss: 0.327888
2022-12-28 01:19: Train Epoch 1: 74/159 Loss: 0.373231
2022-12-28 01:20: Train Epoch 1: 75/159 Loss: 0.328968
2022-12-28 01:21: Train Epoch 1: 76/159 Loss: 0.313791
2022-12-28 01:22: Train Epoch 1: 77/159 Loss: 0.282772
2022-12-28 01:23: Train Epoch 1: 78/159 Loss: 0.361190
2022-12-28 01:24: Train Epoch 1: 79/159 Loss: 0.345300
2022-12-28 01:25: Train Epoch 1: 80/159 Loss: 0.348613
2022-12-28 01:26: Train Epoch 1: 81/159 Loss: 0.344150
2022-12-28 01:27: Train Epoch 1: 82/159 Loss: 0.348593
2022-12-28 01:27: Train Epoch 1: 83/159 Loss: 0.321652
2022-12-28 01:28: Train Epoch 1: 84/159 Loss: 0.268040
2022-12-28 01:29: Train Epoch 1: 85/159 Loss: 0.298875
2022-12-28 01:30: Train Epoch 1: 86/159 Loss: 0.410794
2022-12-28 01:31: Train Epoch 1: 87/159 Loss: 0.351565
2022-12-28 01:32: Train Epoch 1: 88/159 Loss: 0.277086
2022-12-28 01:33: Train Epoch 1: 89/159 Loss: 0.321733
2022-12-28 01:34: Train Epoch 1: 90/159 Loss: 0.310024
2022-12-28 01:35: Train Epoch 1: 91/159 Loss: 0.342940
2022-12-28 01:36: Train Epoch 1: 92/159 Loss: 0.311379
2022-12-28 01:37: Train Epoch 1: 93/159 Loss: 0.296546
2022-12-28 01:38: Train Epoch 1: 94/159 Loss: 0.296706
2022-12-28 01:39: Train Epoch 1: 95/159 Loss: 0.257114
2022-12-28 01:40: Train Epoch 1: 96/159 Loss: 0.300124
2022-12-28 01:41: Train Epoch 1: 97/159 Loss: 0.364375
2022-12-28 01:41: Train Epoch 1: 98/159 Loss: 0.320736
2022-12-28 01:42: Train Epoch 1: 99/159 Loss: 0.367317
2022-12-28 01:43: Train Epoch 1: 100/159 Loss: 0.324964
2022-12-28 01:44: Train Epoch 1: 101/159 Loss: 0.368010
2022-12-28 01:45: Train Epoch 1: 102/159 Loss: 0.374711
2022-12-28 01:46: Train Epoch 1: 103/159 Loss: 0.300584
2022-12-28 01:47: Train Epoch 1: 104/159 Loss: 0.323543
2022-12-28 01:48: Train Epoch 1: 105/159 Loss: 0.273853
2022-12-28 01:49: Train Epoch 1: 106/159 Loss: 0.336584
2022-12-28 01:50: Train Epoch 1: 107/159 Loss: 0.290714
2022-12-28 01:51: Train Epoch 1: 108/159 Loss: 0.257616
2022-12-28 01:52: Train Epoch 1: 109/159 Loss: 0.271911
2022-12-28 01:52: Train Epoch 1: 110/159 Loss: 0.290962
2022-12-28 01:53: Train Epoch 1: 111/159 Loss: 0.351576
2022-12-28 01:54: Train Epoch 1: 112/159 Loss: 0.339816
2022-12-28 01:55: Train Epoch 1: 113/159 Loss: 0.272986
2022-12-28 01:56: Train Epoch 1: 114/159 Loss: 0.293300
2022-12-28 01:57: Train Epoch 1: 115/159 Loss: 0.310650
2022-12-28 01:58: Train Epoch 1: 116/159 Loss: 0.378604
2022-12-28 01:59: Train Epoch 1: 117/159 Loss: 0.329897
2022-12-28 02:00: Train Epoch 1: 118/159 Loss: 0.333349
2022-12-28 02:01: Train Epoch 1: 119/159 Loss: 0.273664
2022-12-28 02:02: Train Epoch 1: 120/159 Loss: 0.339489
2022-12-28 02:02: Train Epoch 1: 121/159 Loss: 0.314572
2022-12-28 02:03: Train Epoch 1: 122/159 Loss: 0.286263
2022-12-28 02:04: Train Epoch 1: 123/159 Loss: 0.281917
2022-12-28 02:05: Train Epoch 1: 124/159 Loss: 0.338582
2022-12-28 02:06: Train Epoch 1: 125/159 Loss: 0.267116
2022-12-28 02:07: Train Epoch 1: 126/159 Loss: 0.313210
2022-12-28 02:08: Train Epoch 1: 127/159 Loss: 0.324086
2022-12-28 02:09: Train Epoch 1: 128/159 Loss: 0.275754
2022-12-28 02:10: Train Epoch 1: 129/159 Loss: 0.292558
2022-12-28 02:10: Train Epoch 1: 130/159 Loss: 0.315300
2022-12-28 02:11: Train Epoch 1: 131/159 Loss: 0.356974
2022-12-28 02:12: Train Epoch 1: 132/159 Loss: 0.279436
2022-12-28 02:13: Train Epoch 1: 133/159 Loss: 0.291730
2022-12-28 02:14: Train Epoch 1: 134/159 Loss: 0.337422
2022-12-28 02:15: Train Epoch 1: 135/159 Loss: 0.269183
2022-12-28 02:16: Train Epoch 1: 136/159 Loss: 0.319627
2022-12-28 02:16: Train Epoch 1: 137/159 Loss: 0.298505
2022-12-28 02:17: Train Epoch 1: 138/159 Loss: 0.380410
2022-12-28 02:18: Train Epoch 1: 139/159 Loss: 0.308795
2022-12-28 02:19: Train Epoch 1: 140/159 Loss: 0.284793
2022-12-28 02:20: Train Epoch 1: 141/159 Loss: 0.342144
2022-12-28 02:21: Train Epoch 1: 142/159 Loss: 0.290747
2022-12-28 02:22: Train Epoch 1: 143/159 Loss: 0.374211
2022-12-28 02:23: Train Epoch 1: 144/159 Loss: 0.265711
2022-12-28 02:24: Train Epoch 1: 145/159 Loss: 0.357669
2022-12-28 02:24: Train Epoch 1: 146/159 Loss: 0.312082
2022-12-28 02:25: Train Epoch 1: 147/159 Loss: 0.302593
2022-12-28 02:26: Train Epoch 1: 148/159 Loss: 0.315913
2022-12-28 02:27: Train Epoch 1: 149/159 Loss: 0.274938
2022-12-28 02:28: Train Epoch 1: 150/159 Loss: 0.255945
2022-12-28 02:29: Train Epoch 1: 151/159 Loss: 0.277380
2022-12-28 02:30: Train Epoch 1: 152/159 Loss: 0.330093
2022-12-28 02:30: Train Epoch 1: 153/159 Loss: 0.276733
2022-12-28 02:31: Train Epoch 1: 154/159 Loss: 0.276861
2022-12-28 02:32: Train Epoch 1: 155/159 Loss: 0.304181
2022-12-28 02:33: Train Epoch 1: 156/159 Loss: 0.295306
2022-12-28 02:34: Train Epoch 1: 157/159 Loss: 0.369929
2022-12-28 02:34: Train Epoch 1: 158/159 Loss: 0.276805
2022-12-28 02:34: **********Train Epoch 1: averaged Loss: 0.435767 
2022-12-28 02:34: 
Epoch time elapsed: 8647.639988183975

2022-12-28 02:39: 
 metrics validation: {'precision': 0.7408506429277942, 'recall': 0.5761538461538461, 'f1-score': 0.6482042405884898, 'support': 1300, 'AUC': 0.8192118343195266, 'AUCPR': 0.6985643269602972, 'TP': 749, 'FP': 262, 'TN': 2338, 'FN': 551} 

2022-12-28 02:39: **********Val Epoch 1: average Loss: 0.597358
2022-12-28 02:39: *********************************Current best model saved!
2022-12-28 02:43: 
 Testing metrics {'precision': 0.807502467917078, 'recall': 0.6661237785016286, 'f1-score': 0.7300312360553324, 'support': 1228, 'AUC': 0.8660115094059354, 'AUCPR': 0.7825983753655011, 'TP': 818, 'FP': 195, 'TN': 2261, 'FN': 410} 

2022-12-28 02:44: Train Epoch 2: 0/159 Loss: 0.266975
2022-12-28 02:45: Train Epoch 2: 1/159 Loss: 0.288801
2022-12-28 02:46: Train Epoch 2: 2/159 Loss: 0.362590
2022-12-28 02:47: Train Epoch 2: 3/159 Loss: 0.276014
2022-12-28 02:48: Train Epoch 2: 4/159 Loss: 0.267244
2022-12-28 02:49: Train Epoch 2: 5/159 Loss: 0.310512
2022-12-28 02:50: Train Epoch 2: 6/159 Loss: 0.322360
2022-12-28 02:51: Train Epoch 2: 7/159 Loss: 0.284146
2022-12-28 02:52: Train Epoch 2: 8/159 Loss: 0.263097
2022-12-28 02:53: Train Epoch 2: 9/159 Loss: 0.322710
2022-12-28 02:54: Train Epoch 2: 10/159 Loss: 0.333705
2022-12-28 02:55: Train Epoch 2: 11/159 Loss: 0.256389
2022-12-28 02:56: Train Epoch 2: 12/159 Loss: 0.302236
2022-12-28 02:56: Train Epoch 2: 13/159 Loss: 0.360871
2022-12-28 02:57: Train Epoch 2: 14/159 Loss: 0.263136
2022-12-28 02:58: Train Epoch 2: 15/159 Loss: 0.297477
2022-12-28 02:59: Train Epoch 2: 16/159 Loss: 0.278182
2022-12-28 03:00: Train Epoch 2: 17/159 Loss: 0.394041
2022-12-28 03:01: Train Epoch 2: 18/159 Loss: 0.265410
2022-12-28 03:02: Train Epoch 2: 19/159 Loss: 0.238802
2022-12-28 03:03: Train Epoch 2: 20/159 Loss: 0.273314
2022-12-28 03:04: Train Epoch 2: 21/159 Loss: 0.312845
2022-12-28 03:05: Train Epoch 2: 22/159 Loss: 0.335287
2022-12-28 03:06: Train Epoch 2: 23/159 Loss: 0.267877
2022-12-28 03:07: Train Epoch 2: 24/159 Loss: 0.299272
2022-12-28 03:08: Train Epoch 2: 25/159 Loss: 0.314139
2022-12-28 03:09: Train Epoch 2: 26/159 Loss: 0.306768
2022-12-28 03:10: Train Epoch 2: 27/159 Loss: 0.267287
2022-12-28 03:11: Train Epoch 2: 28/159 Loss: 0.316853
2022-12-28 03:12: Train Epoch 2: 29/159 Loss: 0.318378
2022-12-28 03:12: Train Epoch 2: 30/159 Loss: 0.322816
2022-12-28 03:13: Train Epoch 2: 31/159 Loss: 0.301431
2022-12-28 03:14: Train Epoch 2: 32/159 Loss: 0.316925
2022-12-28 03:15: Train Epoch 2: 33/159 Loss: 0.285488
2022-12-28 03:16: Train Epoch 2: 34/159 Loss: 0.255043
2022-12-28 03:17: Train Epoch 2: 35/159 Loss: 0.317544
2022-12-28 03:18: Train Epoch 2: 36/159 Loss: 0.227901
2022-12-28 03:19: Train Epoch 2: 37/159 Loss: 0.340715
2022-12-28 03:20: Train Epoch 2: 38/159 Loss: 0.332916
2022-12-28 03:21: Train Epoch 2: 39/159 Loss: 0.318650
2022-12-28 03:22: Train Epoch 2: 40/159 Loss: 0.320803
2022-12-28 03:23: Train Epoch 2: 41/159 Loss: 0.323383
2022-12-28 03:24: Train Epoch 2: 42/159 Loss: 0.262912
2022-12-28 03:25: Train Epoch 2: 43/159 Loss: 0.344220
2022-12-28 03:26: Train Epoch 2: 44/159 Loss: 0.254547
2022-12-28 03:27: Train Epoch 2: 45/159 Loss: 0.261755
2022-12-28 03:28: Train Epoch 2: 46/159 Loss: 0.341915
2022-12-28 03:28: Train Epoch 2: 47/159 Loss: 0.296855
2022-12-28 03:29: Train Epoch 2: 48/159 Loss: 0.274865
2022-12-28 03:30: Train Epoch 2: 49/159 Loss: 0.252157
2022-12-28 03:31: Train Epoch 2: 50/159 Loss: 0.267753
2022-12-28 03:32: Train Epoch 2: 51/159 Loss: 0.281530
2022-12-28 03:33: Train Epoch 2: 52/159 Loss: 0.287263
2022-12-28 03:34: Train Epoch 2: 53/159 Loss: 0.290931
2022-12-28 03:35: Train Epoch 2: 54/159 Loss: 0.287484
2022-12-28 03:36: Train Epoch 2: 55/159 Loss: 0.269491
2022-12-28 03:37: Train Epoch 2: 56/159 Loss: 0.302336
2022-12-28 03:38: Train Epoch 2: 57/159 Loss: 0.316259
2022-12-28 03:39: Train Epoch 2: 58/159 Loss: 0.325288
2022-12-28 03:40: Train Epoch 2: 59/159 Loss: 0.304681
2022-12-28 03:41: Train Epoch 2: 60/159 Loss: 0.247798
2022-12-28 03:42: Train Epoch 2: 61/159 Loss: 0.295830
2022-12-28 03:43: Train Epoch 2: 62/159 Loss: 0.256552
2022-12-28 03:44: Train Epoch 2: 63/159 Loss: 0.308028
2022-12-28 03:45: Train Epoch 2: 64/159 Loss: 0.244903
2022-12-28 03:46: Train Epoch 2: 65/159 Loss: 0.256455
2022-12-28 03:46: Train Epoch 2: 66/159 Loss: 0.311339
2022-12-28 03:47: Train Epoch 2: 67/159 Loss: 0.234702
2022-12-28 03:48: Train Epoch 2: 68/159 Loss: 0.272673
2022-12-28 03:49: Train Epoch 2: 69/159 Loss: 0.265095
2022-12-28 03:50: Train Epoch 2: 70/159 Loss: 0.333098
2022-12-28 03:51: Train Epoch 2: 71/159 Loss: 0.308342
2022-12-28 03:52: Train Epoch 2: 72/159 Loss: 0.276132
2022-12-28 03:53: Train Epoch 2: 73/159 Loss: 0.290580
2022-12-28 03:54: Train Epoch 2: 74/159 Loss: 0.295423
2022-12-28 03:55: Train Epoch 2: 75/159 Loss: 0.311215
2022-12-28 03:56: Train Epoch 2: 76/159 Loss: 0.291617
2022-12-28 03:57: Train Epoch 2: 77/159 Loss: 0.234430
2022-12-28 03:58: Train Epoch 2: 78/159 Loss: 0.259419
2022-12-28 03:59: Train Epoch 2: 79/159 Loss: 0.276228
2022-12-28 03:59: Train Epoch 2: 80/159 Loss: 0.236104
2022-12-28 04:00: Train Epoch 2: 81/159 Loss: 0.252405
2022-12-28 04:01: Train Epoch 2: 82/159 Loss: 0.344429
2022-12-28 04:02: Train Epoch 2: 83/159 Loss: 0.256713
2022-12-28 04:03: Train Epoch 2: 84/159 Loss: 0.227575
2022-12-28 04:04: Train Epoch 2: 85/159 Loss: 0.335637
2022-12-28 04:05: Train Epoch 2: 86/159 Loss: 0.252098
2022-12-28 04:06: Train Epoch 2: 87/159 Loss: 0.292644
2022-12-28 04:07: Train Epoch 2: 88/159 Loss: 0.307798
2022-12-28 04:08: Train Epoch 2: 89/159 Loss: 0.309414
2022-12-28 04:09: Train Epoch 2: 90/159 Loss: 0.334182
2022-12-28 04:10: Train Epoch 2: 91/159 Loss: 0.275803
2022-12-28 04:11: Train Epoch 2: 92/159 Loss: 0.263457
2022-12-28 04:12: Train Epoch 2: 93/159 Loss: 0.269799
2022-12-28 04:13: Train Epoch 2: 94/159 Loss: 0.284171
2022-12-28 04:14: Train Epoch 2: 95/159 Loss: 0.334413
2022-12-28 04:15: Train Epoch 2: 96/159 Loss: 0.396019
2022-12-28 04:16: Train Epoch 2: 97/159 Loss: 0.324293
2022-12-28 04:17: Train Epoch 2: 98/159 Loss: 0.284580
2022-12-28 04:18: Train Epoch 2: 99/159 Loss: 0.252807
2022-12-28 04:19: Train Epoch 2: 100/159 Loss: 0.208056
2022-12-28 04:20: Train Epoch 2: 101/159 Loss: 0.295599
2022-12-28 04:21: Train Epoch 2: 102/159 Loss: 0.344989
2022-12-28 04:22: Train Epoch 2: 103/159 Loss: 0.283484
2022-12-28 04:23: Train Epoch 2: 104/159 Loss: 0.266488
2022-12-28 04:23: Train Epoch 2: 105/159 Loss: 0.340323
2022-12-28 04:24: Train Epoch 2: 106/159 Loss: 0.329596
2022-12-28 04:25: Train Epoch 2: 107/159 Loss: 0.367439
2022-12-28 04:26: Train Epoch 2: 108/159 Loss: 0.310589
2022-12-28 04:27: Train Epoch 2: 109/159 Loss: 0.270241
2022-12-28 04:28: Train Epoch 2: 110/159 Loss: 0.326587
2022-12-28 04:29: Train Epoch 2: 111/159 Loss: 0.384906
2022-12-28 04:30: Train Epoch 2: 112/159 Loss: 0.271638
2022-12-28 04:31: Train Epoch 2: 113/159 Loss: 0.300173
2022-12-28 04:32: Train Epoch 2: 114/159 Loss: 0.302656
2022-12-28 04:33: Train Epoch 2: 115/159 Loss: 0.355105
2022-12-28 04:34: Train Epoch 2: 116/159 Loss: 0.271502
2022-12-28 04:35: Train Epoch 2: 117/159 Loss: 0.298519
2022-12-28 04:36: Train Epoch 2: 118/159 Loss: 0.301028
2022-12-28 04:37: Train Epoch 2: 119/159 Loss: 0.332645
2022-12-28 04:38: Train Epoch 2: 120/159 Loss: 0.378480
2022-12-28 04:39: Train Epoch 2: 121/159 Loss: 0.243799
2022-12-28 04:40: Train Epoch 2: 122/159 Loss: 0.315252
2022-12-28 04:41: Train Epoch 2: 123/159 Loss: 0.337638
2022-12-28 04:42: Train Epoch 2: 124/159 Loss: 0.305041
2022-12-28 04:43: Train Epoch 2: 125/159 Loss: 0.274832
2022-12-28 04:44: Train Epoch 2: 126/159 Loss: 0.325747
2022-12-28 04:45: Train Epoch 2: 127/159 Loss: 0.261478
2022-12-28 04:46: Train Epoch 2: 128/159 Loss: 0.267060
2022-12-28 04:47: Train Epoch 2: 129/159 Loss: 0.224539
2022-12-28 04:48: Train Epoch 2: 130/159 Loss: 0.308488
2022-12-28 04:49: Train Epoch 2: 131/159 Loss: 0.252571
2022-12-28 04:50: Train Epoch 2: 132/159 Loss: 0.245507
2022-12-28 04:51: Train Epoch 2: 133/159 Loss: 0.296934
2022-12-28 04:52: Train Epoch 2: 134/159 Loss: 0.297659
2022-12-28 04:53: Train Epoch 2: 135/159 Loss: 0.345062
2022-12-28 04:53: Train Epoch 2: 136/159 Loss: 0.259000
2022-12-28 04:54: Train Epoch 2: 137/159 Loss: 0.275312
2022-12-28 04:55: Train Epoch 2: 138/159 Loss: 0.268590
2022-12-28 04:56: Train Epoch 2: 139/159 Loss: 0.247309
2022-12-28 04:57: Train Epoch 2: 140/159 Loss: 0.258058
2022-12-28 04:58: Train Epoch 2: 141/159 Loss: 0.272478
2022-12-28 04:59: Train Epoch 2: 142/159 Loss: 0.274021
2022-12-28 05:00: Train Epoch 2: 143/159 Loss: 0.320926
2022-12-28 05:01: Train Epoch 2: 144/159 Loss: 0.358044
2022-12-28 05:02: Train Epoch 2: 145/159 Loss: 0.269366
2022-12-28 05:03: Train Epoch 2: 146/159 Loss: 0.327756
2022-12-28 05:04: Train Epoch 2: 147/159 Loss: 0.262477
2022-12-28 05:05: Train Epoch 2: 148/159 Loss: 0.247606
2022-12-28 05:06: Train Epoch 2: 149/159 Loss: 0.266947
2022-12-28 05:07: Train Epoch 2: 150/159 Loss: 0.332129
2022-12-28 05:08: Train Epoch 2: 151/159 Loss: 0.319580
2022-12-28 05:09: Train Epoch 2: 152/159 Loss: 0.237194
2022-12-28 05:10: Train Epoch 2: 153/159 Loss: 0.306234
2022-12-28 05:11: Train Epoch 2: 154/159 Loss: 0.299706
2022-12-28 05:12: Train Epoch 2: 155/159 Loss: 0.270549
2022-12-28 05:13: Train Epoch 2: 156/159 Loss: 0.292358
2022-12-28 05:14: Train Epoch 2: 157/159 Loss: 0.335490
2022-12-28 05:14: Train Epoch 2: 158/159 Loss: 0.321332
2022-12-28 05:14: **********Train Epoch 2: averaged Loss: 0.293842 
2022-12-28 05:14: 
Epoch time elapsed: 9079.894720315933

2022-12-28 05:18: 
 metrics validation: {'precision': 0.7230769230769231, 'recall': 0.6507692307692308, 'f1-score': 0.6850202429149796, 'support': 1300, 'AUC': 0.8315038461538461, 'AUCPR': 0.7364737596030977, 'TP': 846, 'FP': 324, 'TN': 2276, 'FN': 454} 

2022-12-28 05:18: **********Val Epoch 2: average Loss: 0.565537
2022-12-28 05:18: *********************************Current best model saved!
2022-12-28 05:22: 
 Testing metrics {'precision': 0.7960819234194123, 'recall': 0.7280130293159609, 'f1-score': 0.7605274351339856, 'support': 1228, 'AUC': 0.8728789562753981, 'AUCPR': 0.8025286815388274, 'TP': 894, 'FP': 229, 'TN': 2227, 'FN': 334} 

2022-12-28 05:23: Train Epoch 3: 0/159 Loss: 0.249555
2022-12-28 05:24: Train Epoch 3: 1/159 Loss: 0.291580
2022-12-28 05:25: Train Epoch 3: 2/159 Loss: 0.292042
2022-12-28 05:26: Train Epoch 3: 3/159 Loss: 0.330177
2022-12-28 05:27: Train Epoch 3: 4/159 Loss: 0.323417
2022-12-28 05:28: Train Epoch 3: 5/159 Loss: 0.277410
2022-12-28 05:29: Train Epoch 3: 6/159 Loss: 0.300315
2022-12-28 05:30: Train Epoch 3: 7/159 Loss: 0.295240
2022-12-28 05:31: Train Epoch 3: 8/159 Loss: 0.253023
2022-12-28 05:31: Train Epoch 3: 9/159 Loss: 0.289217
2022-12-28 05:32: Train Epoch 3: 10/159 Loss: 0.247026
2022-12-28 05:33: Train Epoch 3: 11/159 Loss: 0.237639
2022-12-28 05:34: Train Epoch 3: 12/159 Loss: 0.245816
2022-12-28 05:35: Train Epoch 3: 13/159 Loss: 0.311374
2022-12-28 05:36: Train Epoch 3: 14/159 Loss: 0.262875
2022-12-28 05:37: Train Epoch 3: 15/159 Loss: 0.270008
2022-12-28 05:38: Train Epoch 3: 16/159 Loss: 0.293857
2022-12-28 05:39: Train Epoch 3: 17/159 Loss: 0.317398
2022-12-28 05:40: Train Epoch 3: 18/159 Loss: 0.291546
2022-12-28 05:41: Train Epoch 3: 19/159 Loss: 0.277804
2022-12-28 05:42: Train Epoch 3: 20/159 Loss: 0.309085
2022-12-28 05:43: Train Epoch 3: 21/159 Loss: 0.251320
2022-12-28 05:44: Train Epoch 3: 22/159 Loss: 0.244886
2022-12-28 05:45: Train Epoch 3: 23/159 Loss: 0.267984
2022-12-28 05:46: Train Epoch 3: 24/159 Loss: 0.228888
2022-12-28 05:47: Train Epoch 3: 25/159 Loss: 0.263647
2022-12-28 05:48: Train Epoch 3: 26/159 Loss: 0.275133
2022-12-28 05:49: Train Epoch 3: 27/159 Loss: 0.348738
2022-12-28 05:49: Train Epoch 3: 28/159 Loss: 0.340491
2022-12-28 05:50: Train Epoch 3: 29/159 Loss: 0.257994
2022-12-28 05:51: Train Epoch 3: 30/159 Loss: 0.386994
2022-12-28 05:52: Train Epoch 3: 31/159 Loss: 0.328834
2022-12-28 05:53: Train Epoch 3: 32/159 Loss: 0.317964
2022-12-28 05:54: Train Epoch 3: 33/159 Loss: 0.271974
2022-12-28 05:55: Train Epoch 3: 34/159 Loss: 0.272872
2022-12-28 05:56: Train Epoch 3: 35/159 Loss: 0.358737
2022-12-28 05:57: Train Epoch 3: 36/159 Loss: 0.266132
2022-12-28 05:58: Train Epoch 3: 37/159 Loss: 0.302619
2022-12-28 05:59: Train Epoch 3: 38/159 Loss: 0.314703
2022-12-28 06:00: Train Epoch 3: 39/159 Loss: 0.296291
2022-12-28 06:01: Train Epoch 3: 40/159 Loss: 0.235614
2022-12-28 06:02: Train Epoch 3: 41/159 Loss: 0.311296
2022-12-28 06:03: Train Epoch 3: 42/159 Loss: 0.260355
2022-12-28 06:04: Train Epoch 3: 43/159 Loss: 0.308274
2022-12-28 06:05: Train Epoch 3: 44/159 Loss: 0.308025
2022-12-28 06:06: Train Epoch 3: 45/159 Loss: 0.226622
2022-12-28 06:07: Train Epoch 3: 46/159 Loss: 0.260330
2022-12-28 06:08: Train Epoch 3: 47/159 Loss: 0.259399
2022-12-28 06:09: Train Epoch 3: 48/159 Loss: 0.302869
2022-12-28 06:10: Train Epoch 3: 49/159 Loss: 0.306470
2022-12-28 06:11: Train Epoch 3: 50/159 Loss: 0.242812
2022-12-28 06:11: Train Epoch 3: 51/159 Loss: 0.266845
2022-12-28 06:12: Train Epoch 3: 52/159 Loss: 0.270603
2022-12-28 06:13: Train Epoch 3: 53/159 Loss: 0.220961
2022-12-28 06:14: Train Epoch 3: 54/159 Loss: 0.385409
2022-12-28 06:15: Train Epoch 3: 55/159 Loss: 0.284629
2022-12-28 06:16: Train Epoch 3: 56/159 Loss: 0.264119
2022-12-28 06:17: Train Epoch 3: 57/159 Loss: 0.238621
2022-12-28 06:18: Train Epoch 3: 58/159 Loss: 0.310026
2022-12-28 06:19: Train Epoch 3: 59/159 Loss: 0.317448
2022-12-28 06:20: Train Epoch 3: 60/159 Loss: 0.221191
2022-12-28 06:21: Train Epoch 3: 61/159 Loss: 0.292596
2022-12-28 06:22: Train Epoch 3: 62/159 Loss: 0.230578
2022-12-28 06:23: Train Epoch 3: 63/159 Loss: 0.250770
2022-12-28 06:24: Train Epoch 3: 64/159 Loss: 0.264807
2022-12-28 06:25: Train Epoch 3: 65/159 Loss: 0.317338
2022-12-28 06:26: Train Epoch 3: 66/159 Loss: 0.331465
2022-12-28 06:27: Train Epoch 3: 67/159 Loss: 0.215904
2022-12-28 06:28: Train Epoch 3: 68/159 Loss: 0.220999
2022-12-28 06:29: Train Epoch 3: 69/159 Loss: 0.222629
2022-12-28 06:30: Train Epoch 3: 70/159 Loss: 0.251767
2022-12-28 06:31: Train Epoch 3: 71/159 Loss: 0.349266
2022-12-28 06:31: Train Epoch 3: 72/159 Loss: 0.268431
2022-12-28 06:32: Train Epoch 3: 73/159 Loss: 0.281987
2022-12-28 06:33: Train Epoch 3: 74/159 Loss: 0.298866
2022-12-28 06:34: Train Epoch 3: 75/159 Loss: 0.310836
2022-12-28 06:35: Train Epoch 3: 76/159 Loss: 0.207627
2022-12-28 06:36: Train Epoch 3: 77/159 Loss: 0.179640
2022-12-28 06:37: Train Epoch 3: 78/159 Loss: 0.288685
2022-12-28 06:38: Train Epoch 3: 79/159 Loss: 0.258375
2022-12-28 06:39: Train Epoch 3: 80/159 Loss: 0.336775
2022-12-28 06:40: Train Epoch 3: 81/159 Loss: 0.247256
2022-12-28 06:41: Train Epoch 3: 82/159 Loss: 0.243867
2022-12-28 06:42: Train Epoch 3: 83/159 Loss: 0.318632
2022-12-28 06:43: Train Epoch 3: 84/159 Loss: 0.232544
2022-12-28 06:44: Train Epoch 3: 85/159 Loss: 0.282088
2022-12-28 06:45: Train Epoch 3: 86/159 Loss: 0.223709
2022-12-28 06:46: Train Epoch 3: 87/159 Loss: 0.293451
2022-12-28 06:47: Train Epoch 3: 88/159 Loss: 0.261832
2022-12-28 06:48: Train Epoch 3: 89/159 Loss: 0.284165
2022-12-28 06:49: Train Epoch 3: 90/159 Loss: 0.276968
2022-12-28 06:49: Train Epoch 3: 91/159 Loss: 0.328856
2022-12-28 06:50: Train Epoch 3: 92/159 Loss: 0.285540
2022-12-28 06:51: Train Epoch 3: 93/159 Loss: 0.275557
2022-12-28 06:52: Train Epoch 3: 94/159 Loss: 0.321530
2022-12-28 06:53: Train Epoch 3: 95/159 Loss: 0.249981
2022-12-28 06:54: Train Epoch 3: 96/159 Loss: 0.254844
2022-12-28 06:55: Train Epoch 3: 97/159 Loss: 0.319604
2022-12-28 06:56: Train Epoch 3: 98/159 Loss: 0.223971
2022-12-28 06:57: Train Epoch 3: 99/159 Loss: 0.266605
2022-12-28 06:58: Train Epoch 3: 100/159 Loss: 0.332413
2022-12-28 06:59: Train Epoch 3: 101/159 Loss: 0.285983
2022-12-28 07:00: Train Epoch 3: 102/159 Loss: 0.263715
2022-12-28 07:01: Train Epoch 3: 103/159 Loss: 0.317845
2022-12-28 07:02: Train Epoch 3: 104/159 Loss: 0.258295
2022-12-28 07:03: Train Epoch 3: 105/159 Loss: 0.244343
2022-12-28 07:04: Train Epoch 3: 106/159 Loss: 0.236506
2022-12-28 07:05: Train Epoch 3: 107/159 Loss: 0.324469
2022-12-28 07:06: Train Epoch 3: 108/159 Loss: 0.274996
2022-12-28 07:07: Train Epoch 3: 109/159 Loss: 0.235895
2022-12-28 07:08: Train Epoch 3: 110/159 Loss: 0.312408
2022-12-28 07:09: Train Epoch 3: 111/159 Loss: 0.226069
2022-12-28 07:10: Train Epoch 3: 112/159 Loss: 0.230811
2022-12-28 07:11: Train Epoch 3: 113/159 Loss: 0.257912
2022-12-28 07:11: Train Epoch 3: 114/159 Loss: 0.313123
2022-12-28 07:12: Train Epoch 3: 115/159 Loss: 0.230158
2022-12-28 07:13: Train Epoch 3: 116/159 Loss: 0.217035
2022-12-28 07:14: Train Epoch 3: 117/159 Loss: 0.255224
2022-12-28 07:15: Train Epoch 3: 118/159 Loss: 0.262540
2022-12-28 07:16: Train Epoch 3: 119/159 Loss: 0.336915
2022-12-28 07:17: Train Epoch 3: 120/159 Loss: 0.237220
2022-12-28 07:18: Train Epoch 3: 121/159 Loss: 0.266654
2022-12-28 07:19: Train Epoch 3: 122/159 Loss: 0.276376
2022-12-28 07:20: Train Epoch 3: 123/159 Loss: 0.310209
2022-12-28 07:21: Train Epoch 3: 124/159 Loss: 0.258762
2022-12-28 07:22: Train Epoch 3: 125/159 Loss: 0.277536
2022-12-28 07:23: Train Epoch 3: 126/159 Loss: 0.283232
2022-12-28 07:24: Train Epoch 3: 127/159 Loss: 0.217660
2022-12-28 07:25: Train Epoch 3: 128/159 Loss: 0.261432
2022-12-28 07:26: Train Epoch 3: 129/159 Loss: 0.308376
2022-12-28 07:26: Train Epoch 3: 130/159 Loss: 0.296720
2022-12-28 07:27: Train Epoch 3: 131/159 Loss: 0.313320
2022-12-28 07:28: Train Epoch 3: 132/159 Loss: 0.290733
2022-12-28 07:29: Train Epoch 3: 133/159 Loss: 0.279752
2022-12-28 07:30: Train Epoch 3: 134/159 Loss: 0.246858
2022-12-28 07:31: Train Epoch 3: 135/159 Loss: 0.275396
2022-12-28 07:32: Train Epoch 3: 136/159 Loss: 0.265679
2022-12-28 07:33: Train Epoch 3: 137/159 Loss: 0.273694
2022-12-28 07:34: Train Epoch 3: 138/159 Loss: 0.257997
2022-12-28 07:35: Train Epoch 3: 139/159 Loss: 0.264500
2022-12-28 07:36: Train Epoch 3: 140/159 Loss: 0.233860
2022-12-28 07:37: Train Epoch 3: 141/159 Loss: 0.255869
2022-12-28 07:38: Train Epoch 3: 142/159 Loss: 0.287915
2022-12-28 07:39: Train Epoch 3: 143/159 Loss: 0.246772
2022-12-28 07:40: Train Epoch 3: 144/159 Loss: 0.279282
2022-12-28 07:40: Train Epoch 3: 145/159 Loss: 0.302744
2022-12-28 07:41: Train Epoch 3: 146/159 Loss: 0.315904
2022-12-28 07:42: Train Epoch 3: 147/159 Loss: 0.252267
2022-12-28 07:43: Train Epoch 3: 148/159 Loss: 0.297256
2022-12-28 07:44: Train Epoch 3: 149/159 Loss: 0.286118
2022-12-28 07:45: Train Epoch 3: 150/159 Loss: 0.208002
2022-12-28 07:46: Train Epoch 3: 151/159 Loss: 0.265193
2022-12-28 07:47: Train Epoch 3: 152/159 Loss: 0.297597
2022-12-28 07:48: Train Epoch 3: 153/159 Loss: 0.280251
2022-12-28 07:49: Train Epoch 3: 154/159 Loss: 0.311613
2022-12-28 07:50: Train Epoch 3: 155/159 Loss: 0.239885
2022-12-28 07:51: Train Epoch 3: 156/159 Loss: 0.282079
2022-12-28 07:52: Train Epoch 3: 157/159 Loss: 0.232646
2022-12-28 07:52: Train Epoch 3: 158/159 Loss: 0.237938
2022-12-28 07:52: **********Train Epoch 3: averaged Loss: 0.276269 
2022-12-28 07:52: 
Epoch time elapsed: 9008.670647859573

2022-12-28 07:56: 
 metrics validation: {'precision': 0.7945945945945946, 'recall': 0.5653846153846154, 'f1-score': 0.6606741573033708, 'support': 1300, 'AUC': 0.8380346153846153, 'AUCPR': 0.7582559591988287, 'TP': 735, 'FP': 190, 'TN': 2410, 'FN': 565} 

2022-12-28 07:56: **********Val Epoch 3: average Loss: 0.589641
2022-12-28 08:00: 
 Testing metrics {'precision': 0.7960819234194123, 'recall': 0.7280130293159609, 'f1-score': 0.7605274351339856, 'support': 1228, 'AUC': 0.8728789562753981, 'AUCPR': 0.8025286815388274, 'TP': 894, 'FP': 229, 'TN': 2227, 'FN': 334} 

2022-12-28 08:01: Train Epoch 4: 0/159 Loss: 0.274419
2022-12-28 08:02: Train Epoch 4: 1/159 Loss: 0.280862
2022-12-28 08:03: Train Epoch 4: 2/159 Loss: 0.283337
2022-12-28 08:04: Train Epoch 4: 3/159 Loss: 0.271729
2022-12-28 08:05: Train Epoch 4: 4/159 Loss: 0.174431
2022-12-28 08:06: Train Epoch 4: 5/159 Loss: 0.254190
2022-12-28 08:07: Train Epoch 4: 6/159 Loss: 0.383920
2022-12-28 08:08: Train Epoch 4: 7/159 Loss: 0.268324
2022-12-28 08:09: Train Epoch 4: 8/159 Loss: 0.233706
2022-12-28 08:10: Train Epoch 4: 9/159 Loss: 0.259999
2022-12-28 08:11: Train Epoch 4: 10/159 Loss: 0.292559
2022-12-28 08:12: Train Epoch 4: 11/159 Loss: 0.239330
2022-12-28 08:13: Train Epoch 4: 12/159 Loss: 0.277311
2022-12-28 08:14: Train Epoch 4: 13/159 Loss: 0.302215
2022-12-28 08:15: Train Epoch 4: 14/159 Loss: 0.307169
2022-12-28 08:16: Train Epoch 4: 15/159 Loss: 0.271098
2022-12-28 08:17: Train Epoch 4: 16/159 Loss: 0.305061
2022-12-28 08:18: Train Epoch 4: 17/159 Loss: 0.331526
2022-12-28 08:19: Train Epoch 4: 18/159 Loss: 0.222946
2022-12-28 08:20: Train Epoch 4: 19/159 Loss: 0.313348
2022-12-28 08:21: Train Epoch 4: 20/159 Loss: 0.318330
2022-12-28 08:22: Train Epoch 4: 21/159 Loss: 0.322839
2022-12-28 08:23: Train Epoch 4: 22/159 Loss: 0.261194
2022-12-28 08:23: Train Epoch 4: 23/159 Loss: 0.315788
2022-12-28 08:24: Train Epoch 4: 24/159 Loss: 0.234272
2022-12-28 08:25: Train Epoch 4: 25/159 Loss: 0.201207
2022-12-28 08:26: Train Epoch 4: 26/159 Loss: 0.306793
2022-12-28 08:27: Train Epoch 4: 27/159 Loss: 0.337396
2022-12-28 08:28: Train Epoch 4: 28/159 Loss: 0.303518
2022-12-28 08:29: Train Epoch 4: 29/159 Loss: 0.282602
2022-12-28 08:30: Train Epoch 4: 30/159 Loss: 0.249697
2022-12-28 08:31: Train Epoch 4: 31/159 Loss: 0.368062
2022-12-28 08:32: Train Epoch 4: 32/159 Loss: 0.322308
2022-12-28 08:33: Train Epoch 4: 33/159 Loss: 0.269834
2022-12-28 08:34: Train Epoch 4: 34/159 Loss: 0.270787
2022-12-28 08:35: Train Epoch 4: 35/159 Loss: 0.295543
2022-12-28 08:36: Train Epoch 4: 36/159 Loss: 0.323195
2022-12-28 08:37: Train Epoch 4: 37/159 Loss: 0.289719
2022-12-28 08:38: Train Epoch 4: 38/159 Loss: 0.255422
2022-12-28 08:39: Train Epoch 4: 39/159 Loss: 0.262620
2022-12-28 08:40: Train Epoch 4: 40/159 Loss: 0.254463
2022-12-28 08:41: Train Epoch 4: 41/159 Loss: 0.262977
2022-12-28 08:42: Train Epoch 4: 42/159 Loss: 0.281265
2022-12-28 08:43: Train Epoch 4: 43/159 Loss: 0.271196
2022-12-28 08:44: Train Epoch 4: 44/159 Loss: 0.325011
2022-12-28 08:45: Train Epoch 4: 45/159 Loss: 0.299780
2022-12-28 08:46: Train Epoch 4: 46/159 Loss: 0.301981
2022-12-28 08:47: Train Epoch 4: 47/159 Loss: 0.277636
2022-12-28 08:48: Train Epoch 4: 48/159 Loss: 0.271282
2022-12-28 08:49: Train Epoch 4: 49/159 Loss: 0.344820
2022-12-28 08:49: Train Epoch 4: 50/159 Loss: 0.255159
2022-12-28 08:50: Train Epoch 4: 51/159 Loss: 0.246096
2022-12-28 08:51: Train Epoch 4: 52/159 Loss: 0.347089
2022-12-28 08:52: Train Epoch 4: 53/159 Loss: 0.230630
2022-12-28 08:53: Train Epoch 4: 54/159 Loss: 0.262074
2022-12-28 08:54: Train Epoch 4: 55/159 Loss: 0.284632
2022-12-28 08:55: Train Epoch 4: 56/159 Loss: 0.277525
2022-12-28 08:56: Train Epoch 4: 57/159 Loss: 0.294420
2022-12-28 08:57: Train Epoch 4: 58/159 Loss: 0.250951
2022-12-28 08:58: Train Epoch 4: 59/159 Loss: 0.246085
2022-12-28 08:59: Train Epoch 4: 60/159 Loss: 0.247526
2022-12-28 09:00: Train Epoch 4: 61/159 Loss: 0.289576
2022-12-28 09:01: Train Epoch 4: 62/159 Loss: 0.276301
2022-12-28 09:02: Train Epoch 4: 63/159 Loss: 0.214973
2022-12-28 09:03: Train Epoch 4: 64/159 Loss: 0.319077
2022-12-28 09:04: Train Epoch 4: 65/159 Loss: 0.299255
2022-12-28 09:05: Train Epoch 4: 66/159 Loss: 0.256083
2022-12-28 09:06: Train Epoch 4: 67/159 Loss: 0.269140
2022-12-28 09:07: Train Epoch 4: 68/159 Loss: 0.251264
2022-12-28 09:08: Train Epoch 4: 69/159 Loss: 0.287319
2022-12-28 09:09: Train Epoch 4: 70/159 Loss: 0.219767
2022-12-28 09:10: Train Epoch 4: 71/159 Loss: 0.308134
2022-12-28 09:10: Train Epoch 4: 72/159 Loss: 0.238343
2022-12-28 09:11: Train Epoch 4: 73/159 Loss: 0.211663
2022-12-28 09:12: Train Epoch 4: 74/159 Loss: 0.261313
2022-12-28 09:13: Train Epoch 4: 75/159 Loss: 0.267833
2022-12-28 09:14: Train Epoch 4: 76/159 Loss: 0.304291
2022-12-28 09:15: Train Epoch 4: 77/159 Loss: 0.235455
2022-12-28 09:16: Train Epoch 4: 78/159 Loss: 0.269570
2022-12-28 09:17: Train Epoch 4: 79/159 Loss: 0.252632
2022-12-28 09:18: Train Epoch 4: 80/159 Loss: 0.249309
2022-12-28 09:19: Train Epoch 4: 81/159 Loss: 0.308719
2022-12-28 09:20: Train Epoch 4: 82/159 Loss: 0.280298
2022-12-28 09:21: Train Epoch 4: 83/159 Loss: 0.280027
2022-12-28 09:22: Train Epoch 4: 84/159 Loss: 0.258951
2022-12-28 09:23: Train Epoch 4: 85/159 Loss: 0.253625
2022-12-28 09:24: Train Epoch 4: 86/159 Loss: 0.300555
2022-12-28 09:25: Train Epoch 4: 87/159 Loss: 0.239727
2022-12-28 09:26: Train Epoch 4: 88/159 Loss: 0.292876
2022-12-28 09:27: Train Epoch 4: 89/159 Loss: 0.283948
2022-12-28 09:28: Train Epoch 4: 90/159 Loss: 0.270615
2022-12-28 09:29: Train Epoch 4: 91/159 Loss: 0.278607
2022-12-28 09:29: Train Epoch 4: 92/159 Loss: 0.298435
2022-12-28 09:30: Train Epoch 4: 93/159 Loss: 0.217039
2022-12-28 09:31: Train Epoch 4: 94/159 Loss: 0.269574
2022-12-28 09:32: Train Epoch 4: 95/159 Loss: 0.298018
2022-12-28 09:33: Train Epoch 4: 96/159 Loss: 0.278246
2022-12-28 09:34: Train Epoch 4: 97/159 Loss: 0.245940
2022-12-28 09:35: Train Epoch 4: 98/159 Loss: 0.229382
2022-12-28 09:36: Train Epoch 4: 99/159 Loss: 0.297228
2022-12-28 09:37: Train Epoch 4: 100/159 Loss: 0.256641
2022-12-28 09:38: Train Epoch 4: 101/159 Loss: 0.292861
2022-12-28 09:39: Train Epoch 4: 102/159 Loss: 0.319175
2022-12-28 09:40: Train Epoch 4: 103/159 Loss: 0.251102
2022-12-28 09:41: Train Epoch 4: 104/159 Loss: 0.280545
2022-12-28 09:42: Train Epoch 4: 105/159 Loss: 0.259782
2022-12-28 09:43: Train Epoch 4: 106/159 Loss: 0.288621
2022-12-28 09:44: Train Epoch 4: 107/159 Loss: 0.250569
2022-12-28 09:44: Train Epoch 4: 108/159 Loss: 0.273686
2022-12-28 09:45: Train Epoch 4: 109/159 Loss: 0.312375
2022-12-28 09:46: Train Epoch 4: 110/159 Loss: 0.350971
2022-12-28 09:47: Train Epoch 4: 111/159 Loss: 0.306779
2022-12-28 09:48: Train Epoch 4: 112/159 Loss: 0.353939
2022-12-28 09:49: Train Epoch 4: 113/159 Loss: 0.215889
2022-12-28 09:50: Train Epoch 4: 114/159 Loss: 0.272783
2022-12-28 09:51: Train Epoch 4: 115/159 Loss: 0.302515
2022-12-28 09:52: Train Epoch 4: 116/159 Loss: 0.369013
2022-12-28 09:53: Train Epoch 4: 117/159 Loss: 0.303113
2022-12-28 09:54: Train Epoch 4: 118/159 Loss: 0.231447
2022-12-28 09:55: Train Epoch 4: 119/159 Loss: 0.260174
2022-12-28 09:56: Train Epoch 4: 120/159 Loss: 0.222094
2022-12-28 09:56: Train Epoch 4: 121/159 Loss: 0.258118
2022-12-28 09:57: Train Epoch 4: 122/159 Loss: 0.302177
2022-12-28 09:58: Train Epoch 4: 123/159 Loss: 0.274003
2022-12-28 09:59: Train Epoch 4: 124/159 Loss: 0.322991
2022-12-28 10:00: Train Epoch 4: 125/159 Loss: 0.216986
2022-12-28 10:01: Train Epoch 4: 126/159 Loss: 0.267775
2022-12-28 10:02: Train Epoch 4: 127/159 Loss: 0.294914
2022-12-28 10:03: Train Epoch 4: 128/159 Loss: 0.252891
2022-12-28 10:04: Train Epoch 4: 129/159 Loss: 0.309992
2022-12-28 10:05: Train Epoch 4: 130/159 Loss: 0.344297
2022-12-28 10:06: Train Epoch 4: 131/159 Loss: 0.315821
2022-12-28 10:06: Train Epoch 4: 132/159 Loss: 0.319824
2022-12-28 10:07: Train Epoch 4: 133/159 Loss: 0.287381
2022-12-28 10:08: Train Epoch 4: 134/159 Loss: 0.317868
2022-12-28 10:09: Train Epoch 4: 135/159 Loss: 0.340129
2022-12-28 10:10: Train Epoch 4: 136/159 Loss: 0.294861
2022-12-28 10:11: Train Epoch 4: 137/159 Loss: 0.365915
2022-12-28 10:12: Train Epoch 4: 138/159 Loss: 0.245270
2022-12-28 10:13: Train Epoch 4: 139/159 Loss: 0.358342
2022-12-28 10:14: Train Epoch 4: 140/159 Loss: 0.227791
2022-12-28 10:14: Train Epoch 4: 141/159 Loss: 0.264612
2022-12-28 10:15: Train Epoch 4: 142/159 Loss: 0.250675
2022-12-28 10:16: Train Epoch 4: 143/159 Loss: 0.296388
2022-12-28 10:17: Train Epoch 4: 144/159 Loss: 0.318022
2022-12-28 10:18: Train Epoch 4: 145/159 Loss: 0.377900
2022-12-28 10:19: Train Epoch 4: 146/159 Loss: 0.298563
2022-12-28 10:20: Train Epoch 4: 147/159 Loss: 0.307480
2022-12-28 10:21: Train Epoch 4: 148/159 Loss: 0.268741
2022-12-28 10:22: Train Epoch 4: 149/159 Loss: 0.229029
2022-12-28 10:22: Train Epoch 4: 150/159 Loss: 0.280123
2022-12-28 10:23: Train Epoch 4: 151/159 Loss: 0.276209
2022-12-28 10:24: Train Epoch 4: 152/159 Loss: 0.264548
2022-12-28 10:25: Train Epoch 4: 153/159 Loss: 0.245299
2022-12-28 10:26: Train Epoch 4: 154/159 Loss: 0.213285
2022-12-28 10:27: Train Epoch 4: 155/159 Loss: 0.271867
2022-12-28 10:28: Train Epoch 4: 156/159 Loss: 0.258178
2022-12-28 10:29: Train Epoch 4: 157/159 Loss: 0.260030
2022-12-28 10:29: Train Epoch 4: 158/159 Loss: 0.215526
2022-12-28 10:29: **********Train Epoch 4: averaged Loss: 0.279385 
2022-12-28 10:29: 
Epoch time elapsed: 8927.456246614456

2022-12-28 10:33: 
 metrics validation: {'precision': 0.7805128205128206, 'recall': 0.5853846153846154, 'f1-score': 0.6690109890109891, 'support': 1300, 'AUC': 0.8383109467455622, 'AUCPR': 0.7582385948549373, 'TP': 761, 'FP': 214, 'TN': 2386, 'FN': 539} 

2022-12-28 10:33: **********Val Epoch 4: average Loss: 0.569949
2022-12-28 10:37: 
 Testing metrics {'precision': 0.7960819234194123, 'recall': 0.7280130293159609, 'f1-score': 0.7605274351339856, 'support': 1228, 'AUC': 0.8728789562753981, 'AUCPR': 0.8025286815388274, 'TP': 894, 'FP': 229, 'TN': 2227, 'FN': 334} 

2022-12-28 10:38: Train Epoch 5: 0/159 Loss: 0.285663
2022-12-28 10:39: Train Epoch 5: 1/159 Loss: 0.307260
2022-12-28 10:40: Train Epoch 5: 2/159 Loss: 0.355825
2022-12-28 10:41: Train Epoch 5: 3/159 Loss: 0.364278
2022-12-28 10:42: Train Epoch 5: 4/159 Loss: 0.187168
2022-12-28 10:43: Train Epoch 5: 5/159 Loss: 0.312789
2022-12-28 10:44: Train Epoch 5: 6/159 Loss: 0.256977
2022-12-28 10:45: Train Epoch 5: 7/159 Loss: 0.307287
2022-12-28 10:46: Train Epoch 5: 8/159 Loss: 0.272343
2022-12-28 10:47: Train Epoch 5: 9/159 Loss: 0.230398
2022-12-28 10:47: Train Epoch 5: 10/159 Loss: 0.258428
2022-12-28 10:48: Train Epoch 5: 11/159 Loss: 0.343293
2022-12-28 10:49: Train Epoch 5: 12/159 Loss: 0.330023
2022-12-28 10:50: Train Epoch 5: 13/159 Loss: 0.308539
2022-12-28 10:51: Train Epoch 5: 14/159 Loss: 0.331503
2022-12-28 10:52: Train Epoch 5: 15/159 Loss: 0.258953
2022-12-28 10:53: Train Epoch 5: 16/159 Loss: 0.211671
2022-12-28 10:54: Train Epoch 5: 17/159 Loss: 0.243350
2022-12-28 10:55: Train Epoch 5: 18/159 Loss: 0.288741
2022-12-28 10:55: Train Epoch 5: 19/159 Loss: 0.321365
2022-12-28 10:56: Train Epoch 5: 20/159 Loss: 0.301814
2022-12-28 10:57: Train Epoch 5: 21/159 Loss: 0.254784
2022-12-28 10:58: Train Epoch 5: 22/159 Loss: 0.204501
2022-12-28 10:59: Train Epoch 5: 23/159 Loss: 0.279576
2022-12-28 11:00: Train Epoch 5: 24/159 Loss: 0.264765
2022-12-28 11:01: Train Epoch 5: 25/159 Loss: 0.257047
2022-12-28 11:02: Train Epoch 5: 26/159 Loss: 0.246279
2022-12-28 11:03: Train Epoch 5: 27/159 Loss: 0.269768
2022-12-28 11:04: Train Epoch 5: 28/159 Loss: 0.247225
2022-12-28 11:05: Train Epoch 5: 29/159 Loss: 0.272816
2022-12-28 11:06: Train Epoch 5: 30/159 Loss: 0.220055
2022-12-28 11:07: Train Epoch 5: 31/159 Loss: 0.340099
2022-12-28 11:08: Train Epoch 5: 32/159 Loss: 0.286768
2022-12-28 11:09: Train Epoch 5: 33/159 Loss: 0.269078
2022-12-28 11:10: Train Epoch 5: 34/159 Loss: 0.247090
2022-12-28 11:10: Train Epoch 5: 35/159 Loss: 0.270837
2022-12-28 11:11: Train Epoch 5: 36/159 Loss: 0.270523
2022-12-28 11:12: Train Epoch 5: 37/159 Loss: 0.290353
2022-12-28 11:13: Train Epoch 5: 38/159 Loss: 0.279894
2022-12-28 11:14: Train Epoch 5: 39/159 Loss: 0.240712
2022-12-28 11:15: Train Epoch 5: 40/159 Loss: 0.269372
2022-12-28 11:16: Train Epoch 5: 41/159 Loss: 0.278875
2022-12-28 11:17: Train Epoch 5: 42/159 Loss: 0.330562
2022-12-28 11:18: Train Epoch 5: 43/159 Loss: 0.230165
2022-12-28 11:19: Train Epoch 5: 44/159 Loss: 0.240945
2022-12-28 11:20: Train Epoch 5: 45/159 Loss: 0.306405
2022-12-28 11:21: Train Epoch 5: 46/159 Loss: 0.239346
2022-12-28 11:22: Train Epoch 5: 47/159 Loss: 0.280971
2022-12-28 11:22: Train Epoch 5: 48/159 Loss: 0.227145
2022-12-28 11:23: Train Epoch 5: 49/159 Loss: 0.238084
2022-12-28 11:24: Train Epoch 5: 50/159 Loss: 0.277856
2022-12-28 11:25: Train Epoch 5: 51/159 Loss: 0.328385
2022-12-28 11:26: Train Epoch 5: 52/159 Loss: 0.275702
2022-12-28 11:27: Train Epoch 5: 53/159 Loss: 0.287855
2022-12-28 11:28: Train Epoch 5: 54/159 Loss: 0.272708
2022-12-28 11:29: Train Epoch 5: 55/159 Loss: 0.269996
2022-12-28 11:30: Train Epoch 5: 56/159 Loss: 0.284783
2022-12-28 11:31: Train Epoch 5: 57/159 Loss: 0.325149
2022-12-28 11:32: Train Epoch 5: 58/159 Loss: 0.276028
2022-12-28 11:33: Train Epoch 5: 59/159 Loss: 0.308407
2022-12-28 11:34: Train Epoch 5: 60/159 Loss: 0.223148
2022-12-28 11:35: Train Epoch 5: 61/159 Loss: 0.246240
2022-12-28 11:36: Train Epoch 5: 62/159 Loss: 0.308120
2022-12-28 11:36: Train Epoch 5: 63/159 Loss: 0.344008
2022-12-28 11:37: Train Epoch 5: 64/159 Loss: 0.220064
2022-12-28 11:38: Train Epoch 5: 65/159 Loss: 0.242753
2022-12-28 11:39: Train Epoch 5: 66/159 Loss: 0.209663
2022-12-28 11:40: Train Epoch 5: 67/159 Loss: 0.333573
2022-12-28 11:41: Train Epoch 5: 68/159 Loss: 0.268408
2022-12-28 11:42: Train Epoch 5: 69/159 Loss: 0.268784
2022-12-28 11:43: Train Epoch 5: 70/159 Loss: 0.268474
2022-12-28 11:44: Train Epoch 5: 71/159 Loss: 0.266625
2022-12-28 11:45: Train Epoch 5: 72/159 Loss: 0.281555
2022-12-28 11:46: Train Epoch 5: 73/159 Loss: 0.265292
2022-12-28 11:47: Train Epoch 5: 74/159 Loss: 0.230162
2022-12-28 11:48: Train Epoch 5: 75/159 Loss: 0.263977
2022-12-28 11:49: Train Epoch 5: 76/159 Loss: 0.252609
2022-12-28 11:50: Train Epoch 5: 77/159 Loss: 0.289921
2022-12-28 11:51: Train Epoch 5: 78/159 Loss: 0.276019
2022-12-28 11:51: Train Epoch 5: 79/159 Loss: 0.281257
2022-12-28 11:52: Train Epoch 5: 80/159 Loss: 0.281458
2022-12-28 11:53: Train Epoch 5: 81/159 Loss: 0.271421
2022-12-28 11:54: Train Epoch 5: 82/159 Loss: 0.243817
2022-12-28 11:55: Train Epoch 5: 83/159 Loss: 0.293501
2022-12-28 11:56: Train Epoch 5: 84/159 Loss: 0.244447
2022-12-28 11:57: Train Epoch 5: 85/159 Loss: 0.330411
2022-12-28 11:58: Train Epoch 5: 86/159 Loss: 0.247863
2022-12-28 11:59: Train Epoch 5: 87/159 Loss: 0.283761
2022-12-28 12:00: Train Epoch 5: 88/159 Loss: 0.235874
2022-12-28 12:01: Train Epoch 5: 89/159 Loss: 0.294033
2022-12-28 12:02: Train Epoch 5: 90/159 Loss: 0.265485
2022-12-28 12:03: Train Epoch 5: 91/159 Loss: 0.314506
2022-12-28 12:04: Train Epoch 5: 92/159 Loss: 0.238734
2022-12-28 12:05: Train Epoch 5: 93/159 Loss: 0.282426
2022-12-28 12:06: Train Epoch 5: 94/159 Loss: 0.259701
2022-12-28 12:07: Train Epoch 5: 95/159 Loss: 0.255643
2022-12-28 12:07: Train Epoch 5: 96/159 Loss: 0.263727
2022-12-28 12:08: Train Epoch 5: 97/159 Loss: 0.276178
2022-12-28 12:09: Train Epoch 5: 98/159 Loss: 0.257941
2022-12-28 12:10: Train Epoch 5: 99/159 Loss: 0.294281
2022-12-28 12:11: Train Epoch 5: 100/159 Loss: 0.284627
2022-12-28 12:12: Train Epoch 5: 101/159 Loss: 0.257499
2022-12-28 12:13: Train Epoch 5: 102/159 Loss: 0.277644
2022-12-28 12:14: Train Epoch 5: 103/159 Loss: 0.326982
