2022-12-20 19:01: log dir: /home/joel.chacon/tmp/WildFire_GCN/experiments/2020/20221220190119
2022-12-20 19:01: Experiment log path in: /home/joel.chacon/tmp/WildFire_GCN/experiments/2020/20221220190119
2022-12-20 19:01: Argument: Namespace(batch_size=256, clc='vec', cuda=True, dataset='2020', dataset_root='/home/joel.chacon/tmp/datasets_grl/', debug=False, default_graph=True, device='cpu', dynamic_features=['1 km 16 days NDVI', 'LST_Day_1km', 'LST_Night_1km', 'era5_max_d2m', 'era5_max_t2m', 'era5_max_sp', 'era5_max_tp', 'sminx', 'era5_max_wind_speed', 'era5_min_rh'], early_stop=True, early_stop_patience=8, embed_dim=32, epochs=30, gamma=1.0, grad_norm=False, horizon=1, input_dim=25, lag=10, link_len=2, log_dir='/home/joel.chacon/tmp/WildFire_GCN/experiments/2020/20221220190119', log_step=1, loss_func='nllloss', lr_decay=True, lr_decay_rate=0.1, lr_decay_step='10, 15, 20, 25', lr_init=0.001, mae_thresh=None, mape_thresh=0.0, max_grad_norm=5, mode='train', model='fire_GCN', nan_fill=0.5, num_layers=1, num_nodes=625, num_workers=12, output_dim=2, patch_height=25, patch_width=25, persistent_workers=True, pin_memory=True, plot=False, positive_weight=0.5, prefetch_factor=2, real_value=True, rnn_units=32, seed=1992, static_features=['dem_mean', 'slope_mean', 'roads_distance', 'waterway_distance', 'population_density'], teacher_forcing=False, test_ratio=0.2, val_ratio=0.2, weight_decay=0.01, window_len=10)
2022-12-20 19:01: Argument batch_size: 256
2022-12-20 19:01: Argument clc: 'vec'
2022-12-20 19:01: Argument cuda: True
2022-12-20 19:01: Argument dataset: '2020'
2022-12-20 19:01: Argument dataset_root: '/home/joel.chacon/tmp/datasets_grl/'
2022-12-20 19:01: Argument debug: False
2022-12-20 19:01: Argument default_graph: True
2022-12-20 19:01: Argument device: 'cpu'
2022-12-20 19:01: Argument dynamic_features: ['1 km 16 days NDVI', 'LST_Day_1km', 'LST_Night_1km', 'era5_max_d2m', 'era5_max_t2m', 'era5_max_sp', 'era5_max_tp', 'sminx', 'era5_max_wind_speed', 'era5_min_rh']
2022-12-20 19:01: Argument early_stop: True
2022-12-20 19:01: Argument early_stop_patience: 8
2022-12-20 19:01: Argument embed_dim: 32
2022-12-20 19:01: Argument epochs: 30
2022-12-20 19:01: Argument gamma: 1.0
2022-12-20 19:01: Argument grad_norm: False
2022-12-20 19:01: Argument horizon: 1
2022-12-20 19:01: Argument input_dim: 25
2022-12-20 19:01: Argument lag: 10
2022-12-20 19:01: Argument link_len: 2
2022-12-20 19:01: Argument log_dir: '/home/joel.chacon/tmp/WildFire_GCN/experiments/2020/20221220190119'
2022-12-20 19:01: Argument log_step: 1
2022-12-20 19:01: Argument loss_func: 'nllloss'
2022-12-20 19:01: Argument lr_decay: True
2022-12-20 19:01: Argument lr_decay_rate: 0.1
2022-12-20 19:01: Argument lr_decay_step: '10, 15, 20, 25'
2022-12-20 19:01: Argument lr_init: 0.001
2022-12-20 19:01: Argument mae_thresh: None
2022-12-20 19:01: Argument mape_thresh: 0.0
2022-12-20 19:01: Argument max_grad_norm: 5
2022-12-20 19:01: Argument mode: 'train'
2022-12-20 19:01: Argument model: 'fire_GCN'
2022-12-20 19:01: Argument nan_fill: 0.5
2022-12-20 19:01: Argument num_layers: 1
2022-12-20 19:01: Argument num_nodes: 625
2022-12-20 19:01: Argument num_workers: 12
2022-12-20 19:01: Argument output_dim: 2
2022-12-20 19:01: Argument patch_height: 25
2022-12-20 19:01: Argument patch_width: 25
2022-12-20 19:01: Argument persistent_workers: True
2022-12-20 19:01: Argument pin_memory: True
2022-12-20 19:01: Argument plot: False
2022-12-20 19:01: Argument positive_weight: 0.5
2022-12-20 19:01: Argument prefetch_factor: 2
2022-12-20 19:01: Argument real_value: True
2022-12-20 19:01: Argument rnn_units: 32
2022-12-20 19:01: Argument seed: 1992
2022-12-20 19:01: Argument static_features: ['dem_mean', 'slope_mean', 'roads_distance', 'waterway_distance', 'population_density']
2022-12-20 19:01: Argument teacher_forcing: False
2022-12-20 19:01: Argument test_ratio: 0.2
2022-12-20 19:01: Argument val_ratio: 0.2
2022-12-20 19:01: Argument weight_decay: 0.01
2022-12-20 19:01: Argument window_len: 10
2022-12-20 19:01: Train Epoch 1: 0/159 Loss: 0.789162
2022-12-20 19:02: Train Epoch 1: 1/159 Loss: 2.432470
2022-12-20 19:02: Train Epoch 1: 2/159 Loss: 2.076169
2022-12-20 19:02: Train Epoch 1: 3/159 Loss: 0.908230
2022-12-20 19:02: Train Epoch 1: 4/159 Loss: 1.468846
2022-12-20 19:03: Train Epoch 1: 5/159 Loss: 1.467771
2022-12-20 19:03: Train Epoch 1: 6/159 Loss: 0.815474
2022-12-20 19:03: Train Epoch 1: 7/159 Loss: 0.692361
2022-12-20 19:04: Train Epoch 1: 8/159 Loss: 0.919067
2022-12-20 19:04: Train Epoch 1: 9/159 Loss: 1.049615
2022-12-20 19:04: Train Epoch 1: 10/159 Loss: 0.919437
2022-12-20 19:04: Train Epoch 1: 11/159 Loss: 0.954629
2022-12-20 19:05: Train Epoch 1: 12/159 Loss: 0.697685
2022-12-20 19:05: Train Epoch 1: 13/159 Loss: 0.645569
2022-12-20 19:05: Train Epoch 1: 14/159 Loss: 0.767564
2022-12-20 19:06: Train Epoch 1: 15/159 Loss: 0.857449
2022-12-20 19:06: Train Epoch 1: 16/159 Loss: 0.795813
2022-12-20 19:06: Train Epoch 1: 17/159 Loss: 0.683558
2022-12-20 19:06: Train Epoch 1: 18/159 Loss: 0.612176
2022-12-20 19:07: Train Epoch 1: 19/159 Loss: 0.640847
2022-12-20 19:07: Train Epoch 1: 20/159 Loss: 0.672720
2022-12-20 19:07: Train Epoch 1: 21/159 Loss: 0.797672
2022-12-20 19:08: Train Epoch 1: 22/159 Loss: 0.726213
2022-12-20 19:08: Train Epoch 1: 23/159 Loss: 0.682059
2022-12-20 19:08: Train Epoch 1: 24/159 Loss: 0.726597
2022-12-20 19:08: Train Epoch 1: 25/159 Loss: 0.613198
2022-12-20 19:09: Train Epoch 1: 26/159 Loss: 0.627975
2022-12-20 19:09: Train Epoch 1: 27/159 Loss: 0.655917
2022-12-20 19:09: Train Epoch 1: 28/159 Loss: 0.674708
2022-12-20 19:10: Train Epoch 1: 29/159 Loss: 0.667396
2022-12-20 19:10: Train Epoch 1: 30/159 Loss: 0.637888
2022-12-20 19:10: Train Epoch 1: 31/159 Loss: 0.606085
2022-12-20 19:10: Train Epoch 1: 32/159 Loss: 0.594971
2022-12-20 19:11: Train Epoch 1: 33/159 Loss: 0.597259
2022-12-20 19:11: Train Epoch 1: 34/159 Loss: 0.668592
2022-12-20 19:11: Train Epoch 1: 35/159 Loss: 0.678181
2022-12-20 19:12: Train Epoch 1: 36/159 Loss: 0.642175
2022-12-20 19:12: Train Epoch 1: 37/159 Loss: 0.595203
2022-12-20 19:12: Train Epoch 1: 38/159 Loss: 0.557759
2022-12-20 19:12: Train Epoch 1: 39/159 Loss: 0.571125
2022-12-20 19:13: Train Epoch 1: 40/159 Loss: 0.597234
2022-12-20 19:13: Train Epoch 1: 41/159 Loss: 0.604576
2022-12-20 19:13: Train Epoch 1: 42/159 Loss: 0.574493
2022-12-20 19:14: Train Epoch 1: 43/159 Loss: 0.572987
2022-12-20 19:14: Train Epoch 1: 44/159 Loss: 0.566989
2022-12-20 19:14: Train Epoch 1: 45/159 Loss: 0.555381
2022-12-20 19:14: Train Epoch 1: 46/159 Loss: 0.570470
2022-12-20 19:15: Train Epoch 1: 47/159 Loss: 0.566917
2022-12-20 19:15: Train Epoch 1: 48/159 Loss: 0.539562
2022-12-20 19:15: Train Epoch 1: 49/159 Loss: 0.499886
2022-12-20 19:16: Train Epoch 1: 50/159 Loss: 0.479494
2022-12-20 19:16: Train Epoch 1: 51/159 Loss: 0.509696
2022-12-20 19:16: Train Epoch 1: 52/159 Loss: 0.521330
2022-12-20 19:16: Train Epoch 1: 53/159 Loss: 0.451659
2022-12-20 19:17: Train Epoch 1: 54/159 Loss: 0.463295
2022-12-20 19:17: Train Epoch 1: 55/159 Loss: 0.494365
2022-12-20 19:17: Train Epoch 1: 56/159 Loss: 0.469249
2022-12-20 19:18: Train Epoch 1: 57/159 Loss: 0.453374
2022-12-20 19:18: Train Epoch 1: 58/159 Loss: 0.453662
2022-12-20 19:18: Train Epoch 1: 59/159 Loss: 0.436032
2022-12-20 19:18: Train Epoch 1: 60/159 Loss: 0.409649
2022-12-20 19:19: Train Epoch 1: 61/159 Loss: 0.432652
2022-12-20 19:19: Train Epoch 1: 62/159 Loss: 0.401217
2022-12-20 19:19: Train Epoch 1: 63/159 Loss: 0.408879
2022-12-20 19:19: Train Epoch 1: 64/159 Loss: 0.345185
2022-12-20 19:20: Train Epoch 1: 65/159 Loss: 0.383173
2022-12-20 19:20: Train Epoch 1: 66/159 Loss: 0.404590
2022-12-20 19:20: Train Epoch 1: 67/159 Loss: 0.405565
2022-12-20 19:21: Train Epoch 1: 68/159 Loss: 0.376253
2022-12-20 19:21: Train Epoch 1: 69/159 Loss: 0.401563
2022-12-20 19:21: Train Epoch 1: 70/159 Loss: 0.412762
2022-12-20 19:21: Train Epoch 1: 71/159 Loss: 0.327462
2022-12-20 19:22: Train Epoch 1: 72/159 Loss: 0.333038
2022-12-20 19:22: Train Epoch 1: 73/159 Loss: 0.362914
2022-12-20 19:22: Train Epoch 1: 74/159 Loss: 0.330533
2022-12-20 19:23: Train Epoch 1: 75/159 Loss: 0.448381
2022-12-20 19:23: Train Epoch 1: 76/159 Loss: 0.337175
2022-12-20 19:23: Train Epoch 1: 77/159 Loss: 0.281859
2022-12-20 19:23: Train Epoch 1: 78/159 Loss: 0.333622
2022-12-20 19:24: Train Epoch 1: 79/159 Loss: 0.313673
2022-12-20 19:24: Train Epoch 1: 80/159 Loss: 0.337298
2022-12-20 19:24: Train Epoch 1: 81/159 Loss: 0.381412
2022-12-20 19:25: Train Epoch 1: 82/159 Loss: 0.295434
2022-12-20 19:25: Train Epoch 1: 83/159 Loss: 0.314818
2022-12-20 19:25: Train Epoch 1: 84/159 Loss: 0.319228
2022-12-20 19:25: Train Epoch 1: 85/159 Loss: 0.294966
2022-12-20 19:26: Train Epoch 1: 86/159 Loss: 0.328251
2022-12-20 19:26: Train Epoch 1: 87/159 Loss: 0.259255
2022-12-20 19:26: Train Epoch 1: 88/159 Loss: 0.286329
2022-12-20 19:27: Train Epoch 1: 89/159 Loss: 0.315875
2022-12-20 19:27: Train Epoch 1: 90/159 Loss: 0.340354
2022-12-20 19:27: Train Epoch 1: 91/159 Loss: 0.378564
2022-12-20 19:27: Train Epoch 1: 92/159 Loss: 0.323566
2022-12-20 19:28: Train Epoch 1: 93/159 Loss: 0.380632
2022-12-20 19:28: Train Epoch 1: 94/159 Loss: 0.326942
2022-12-20 19:28: Train Epoch 1: 95/159 Loss: 0.337720
2022-12-20 19:29: Train Epoch 1: 96/159 Loss: 0.300386
2022-12-20 19:29: Train Epoch 1: 97/159 Loss: 0.299844
2022-12-20 19:29: Train Epoch 1: 98/159 Loss: 0.285692
2022-12-20 19:30: Train Epoch 1: 99/159 Loss: 0.291668
2022-12-20 19:30: Train Epoch 1: 100/159 Loss: 0.307638
2022-12-20 19:30: Train Epoch 1: 101/159 Loss: 0.321945
2022-12-20 19:30: Train Epoch 1: 102/159 Loss: 0.327871
2022-12-20 19:31: Train Epoch 1: 103/159 Loss: 0.256552
2022-12-20 19:31: Train Epoch 1: 104/159 Loss: 0.358876
2022-12-20 19:31: Train Epoch 1: 105/159 Loss: 0.307517
2022-12-20 19:31: Train Epoch 1: 106/159 Loss: 0.275999
2022-12-20 19:32: Train Epoch 1: 107/159 Loss: 0.341274
2022-12-20 19:32: Train Epoch 1: 108/159 Loss: 0.254349
2022-12-20 19:32: Train Epoch 1: 109/159 Loss: 0.349029
2022-12-20 19:33: Train Epoch 1: 110/159 Loss: 0.351438
2022-12-20 19:33: Train Epoch 1: 111/159 Loss: 0.297101
2022-12-20 19:33: Train Epoch 1: 112/159 Loss: 0.357745
2022-12-20 19:34: Train Epoch 1: 113/159 Loss: 0.277841
2022-12-20 19:34: Train Epoch 1: 114/159 Loss: 0.290876
2022-12-20 19:34: Train Epoch 1: 115/159 Loss: 0.299404
2022-12-20 19:34: Train Epoch 1: 116/159 Loss: 0.285757
2022-12-20 19:35: Train Epoch 1: 117/159 Loss: 0.420534
2022-12-20 19:35: Train Epoch 1: 118/159 Loss: 0.242061
2022-12-20 19:35: Train Epoch 1: 119/159 Loss: 0.289789
2022-12-20 19:35: Train Epoch 1: 120/159 Loss: 0.415166
2022-12-20 19:36: Train Epoch 1: 121/159 Loss: 0.349470
2022-12-20 19:36: Train Epoch 1: 122/159 Loss: 0.367789
2022-12-20 19:36: Train Epoch 1: 123/159 Loss: 0.375099
2022-12-20 19:37: Train Epoch 1: 124/159 Loss: 0.366628
2022-12-20 19:37: Train Epoch 1: 125/159 Loss: 0.320976
2022-12-20 19:37: Train Epoch 1: 126/159 Loss: 0.319657
2022-12-20 19:37: Train Epoch 1: 127/159 Loss: 0.322863
2022-12-20 19:38: Train Epoch 1: 128/159 Loss: 0.321886
2022-12-20 19:38: Train Epoch 1: 129/159 Loss: 0.347343
2022-12-20 19:38: Train Epoch 1: 130/159 Loss: 0.357615
2022-12-20 19:39: Train Epoch 1: 131/159 Loss: 0.341486
2022-12-20 19:39: Train Epoch 1: 132/159 Loss: 0.293737
2022-12-20 19:39: Train Epoch 1: 133/159 Loss: 0.365490
2022-12-20 19:39: Train Epoch 1: 134/159 Loss: 0.306931
2022-12-20 19:40: Train Epoch 1: 135/159 Loss: 0.264745
2022-12-20 19:40: Train Epoch 1: 136/159 Loss: 0.318974
2022-12-20 19:40: Train Epoch 1: 137/159 Loss: 0.302883
2022-12-20 19:40: Train Epoch 1: 138/159 Loss: 0.303355
2022-12-20 19:41: Train Epoch 1: 139/159 Loss: 0.299308
2022-12-20 19:41: Train Epoch 1: 140/159 Loss: 0.298795
2022-12-20 19:41: Train Epoch 1: 141/159 Loss: 0.388014
2022-12-20 19:42: Train Epoch 1: 142/159 Loss: 0.263940
2022-12-20 19:42: Train Epoch 1: 143/159 Loss: 0.293673
2022-12-20 19:42: Train Epoch 1: 144/159 Loss: 0.270648
2022-12-20 19:42: Train Epoch 1: 145/159 Loss: 0.307651
2022-12-20 19:43: Train Epoch 1: 146/159 Loss: 0.289835
2022-12-20 19:43: Train Epoch 1: 147/159 Loss: 0.324328
2022-12-20 19:43: Train Epoch 1: 148/159 Loss: 0.292942
2022-12-20 19:44: Train Epoch 1: 149/159 Loss: 0.247024
2022-12-20 19:44: Train Epoch 1: 150/159 Loss: 0.325464
2022-12-20 19:44: Train Epoch 1: 151/159 Loss: 0.307070
2022-12-20 19:44: Train Epoch 1: 152/159 Loss: 0.245698
2022-12-20 19:45: Train Epoch 1: 153/159 Loss: 0.272192
2022-12-20 19:45: Train Epoch 1: 154/159 Loss: 0.303962
2022-12-20 19:45: Train Epoch 1: 155/159 Loss: 0.291621
2022-12-20 19:45: Train Epoch 1: 156/159 Loss: 0.270329
2022-12-20 19:46: Train Epoch 1: 157/159 Loss: 0.239265
2022-12-20 19:46: Train Epoch 1: 158/159 Loss: 0.353570
2022-12-20 19:46: **********Train Epoch 1: averaged Loss: 0.477218 
2022-12-20 19:46: 
Epoch time elapsed: 2697.7068316936493

2022-12-20 19:47: 
 metrics validation: {'precision': 0.7565036420395421, 'recall': 0.5592307692307692, 'f1-score': 0.643078283945157, 'support': 1300, 'AUC': 0.7911662721893491, 'AUCPR': 0.7118640678184573, 'TP': 727, 'FP': 234, 'TN': 2366, 'FN': 573} 

2022-12-20 19:47: **********Val Epoch 1: average Loss: 0.686719
2022-12-20 19:47: *********************************Current best model saved!
2022-12-20 19:48: 
 Testing metrics {'precision': 0.7927631578947368, 'recall': 0.5887622149837134, 'f1-score': 0.6757009345794392, 'support': 1228, 'AUC': 0.8468684017867564, 'AUCPR': 0.7640856323314722, 'TP': 723, 'FP': 189, 'TN': 2267, 'FN': 505} 

2022-12-20 19:49: Train Epoch 2: 0/159 Loss: 0.330901
2022-12-20 19:49: Train Epoch 2: 1/159 Loss: 0.275459
2022-12-20 19:49: Train Epoch 2: 2/159 Loss: 0.345363
2022-12-20 19:50: Train Epoch 2: 3/159 Loss: 0.330314
2022-12-20 19:50: Train Epoch 2: 4/159 Loss: 0.264691
2022-12-20 19:50: Train Epoch 2: 5/159 Loss: 0.282723
2022-12-20 19:50: Train Epoch 2: 6/159 Loss: 0.364495
2022-12-20 19:51: Train Epoch 2: 7/159 Loss: 0.293749
2022-12-20 19:51: Train Epoch 2: 8/159 Loss: 0.292994
2022-12-20 19:51: Train Epoch 2: 9/159 Loss: 0.323410
2022-12-20 19:52: Train Epoch 2: 10/159 Loss: 0.299942
2022-12-20 19:52: Train Epoch 2: 11/159 Loss: 0.283090
2022-12-20 19:52: Train Epoch 2: 12/159 Loss: 0.366713
2022-12-20 19:52: Train Epoch 2: 13/159 Loss: 0.336390
2022-12-20 19:53: Train Epoch 2: 14/159 Loss: 0.356992
2022-12-20 19:53: Train Epoch 2: 15/159 Loss: 0.341677
2022-12-20 19:53: Train Epoch 2: 16/159 Loss: 0.303493
2022-12-20 19:54: Train Epoch 2: 17/159 Loss: 0.287702
2022-12-20 19:54: Train Epoch 2: 18/159 Loss: 0.343258
2022-12-20 19:54: Train Epoch 2: 19/159 Loss: 0.306480
2022-12-20 19:54: Train Epoch 2: 20/159 Loss: 0.288655
2022-12-20 19:55: Train Epoch 2: 21/159 Loss: 0.270323
2022-12-20 19:55: Train Epoch 2: 22/159 Loss: 0.266393
2022-12-20 19:55: Train Epoch 2: 23/159 Loss: 0.318720
2022-12-20 19:56: Train Epoch 2: 24/159 Loss: 0.352283
2022-12-20 19:56: Train Epoch 2: 25/159 Loss: 0.292530
2022-12-20 19:56: Train Epoch 2: 26/159 Loss: 0.300292
2022-12-20 19:56: Train Epoch 2: 27/159 Loss: 0.254765
2022-12-20 19:57: Train Epoch 2: 28/159 Loss: 0.341677
2022-12-20 19:57: Train Epoch 2: 29/159 Loss: 0.296545
2022-12-20 19:57: Train Epoch 2: 30/159 Loss: 0.340693
2022-12-20 19:58: Train Epoch 2: 31/159 Loss: 0.275025
2022-12-20 19:58: Train Epoch 2: 32/159 Loss: 0.292807
2022-12-20 19:58: Train Epoch 2: 33/159 Loss: 0.365406
2022-12-20 19:58: Train Epoch 2: 34/159 Loss: 0.356362
2022-12-20 19:59: Train Epoch 2: 35/159 Loss: 0.349184
2022-12-20 19:59: Train Epoch 2: 36/159 Loss: 0.344177
2022-12-20 19:59: Train Epoch 2: 37/159 Loss: 0.324535
2022-12-20 19:59: Train Epoch 2: 38/159 Loss: 0.297300
2022-12-20 20:00: Train Epoch 2: 39/159 Loss: 0.300062
2022-12-20 20:00: Train Epoch 2: 40/159 Loss: 0.293341
2022-12-20 20:00: Train Epoch 2: 41/159 Loss: 0.333993
2022-12-20 20:01: Train Epoch 2: 42/159 Loss: 0.288558
2022-12-20 20:01: Train Epoch 2: 43/159 Loss: 0.298532
2022-12-20 20:01: Train Epoch 2: 44/159 Loss: 0.297851
2022-12-20 20:01: Train Epoch 2: 45/159 Loss: 0.265693
2022-12-20 20:02: Train Epoch 2: 46/159 Loss: 0.311796
2022-12-20 20:02: Train Epoch 2: 47/159 Loss: 0.252174
2022-12-20 20:02: Train Epoch 2: 48/159 Loss: 0.310129
2022-12-20 20:03: Train Epoch 2: 49/159 Loss: 0.272088
2022-12-20 20:03: Train Epoch 2: 50/159 Loss: 0.330748
2022-12-20 20:03: Train Epoch 2: 51/159 Loss: 0.309856
2022-12-20 20:03: Train Epoch 2: 52/159 Loss: 0.333552
2022-12-20 20:04: Train Epoch 2: 53/159 Loss: 0.260990
2022-12-20 20:04: Train Epoch 2: 54/159 Loss: 0.290512
2022-12-20 20:04: Train Epoch 2: 55/159 Loss: 0.310376
2022-12-20 20:05: Train Epoch 2: 56/159 Loss: 0.296113
2022-12-20 20:05: Train Epoch 2: 57/159 Loss: 0.382372
2022-12-20 20:05: Train Epoch 2: 58/159 Loss: 0.356047
2022-12-20 20:05: Train Epoch 2: 59/159 Loss: 0.311833
2022-12-20 20:06: Train Epoch 2: 60/159 Loss: 0.384227
2022-12-20 20:06: Train Epoch 2: 61/159 Loss: 0.317961
2022-12-20 20:06: Train Epoch 2: 62/159 Loss: 0.322454
2022-12-20 20:07: Train Epoch 2: 63/159 Loss: 0.343685
2022-12-20 20:07: Train Epoch 2: 64/159 Loss: 0.291843
2022-12-20 20:07: Train Epoch 2: 65/159 Loss: 0.337421
2022-12-20 20:07: Train Epoch 2: 66/159 Loss: 0.321899
2022-12-20 20:08: Train Epoch 2: 67/159 Loss: 0.285683
2022-12-20 20:08: Train Epoch 2: 68/159 Loss: 0.260472
2022-12-20 20:08: Train Epoch 2: 69/159 Loss: 0.267481
2022-12-20 20:09: Train Epoch 2: 70/159 Loss: 0.329926
2022-12-20 20:09: Train Epoch 2: 71/159 Loss: 0.293576
2022-12-20 20:09: Train Epoch 2: 72/159 Loss: 0.252974
2022-12-20 20:09: Train Epoch 2: 73/159 Loss: 0.328313
2022-12-20 20:10: Train Epoch 2: 74/159 Loss: 0.354202
2022-12-20 20:10: Train Epoch 2: 75/159 Loss: 0.286472
2022-12-20 20:10: Train Epoch 2: 76/159 Loss: 0.236361
2022-12-20 20:11: Train Epoch 2: 77/159 Loss: 0.324091
2022-12-20 20:11: Train Epoch 2: 78/159 Loss: 0.227834
2022-12-20 20:11: Train Epoch 2: 79/159 Loss: 0.307496
2022-12-20 20:11: Train Epoch 2: 80/159 Loss: 0.321361
2022-12-20 20:12: Train Epoch 2: 81/159 Loss: 0.268726
2022-12-20 20:12: Train Epoch 2: 82/159 Loss: 0.330382
2022-12-20 20:12: Train Epoch 2: 83/159 Loss: 0.240882
2022-12-20 20:13: Train Epoch 2: 84/159 Loss: 0.248815
2022-12-20 20:13: Train Epoch 2: 85/159 Loss: 0.284226
2022-12-20 20:13: Train Epoch 2: 86/159 Loss: 0.342101
2022-12-20 20:13: Train Epoch 2: 87/159 Loss: 0.325452
2022-12-20 20:14: Train Epoch 2: 88/159 Loss: 0.349056
2022-12-20 20:14: Train Epoch 2: 89/159 Loss: 0.286523
2022-12-20 20:14: Train Epoch 2: 90/159 Loss: 0.281970
2022-12-20 20:15: Train Epoch 2: 91/159 Loss: 0.287740
2022-12-20 20:15: Train Epoch 2: 92/159 Loss: 0.296358
2022-12-20 20:15: Train Epoch 2: 93/159 Loss: 0.234548
2022-12-20 20:15: Train Epoch 2: 94/159 Loss: 0.296768
2022-12-20 20:16: Train Epoch 2: 95/159 Loss: 0.285360
2022-12-20 20:16: Train Epoch 2: 96/159 Loss: 0.296433
2022-12-20 20:16: Train Epoch 2: 97/159 Loss: 0.282561
2022-12-20 20:17: Train Epoch 2: 98/159 Loss: 0.335297
2022-12-20 20:17: Train Epoch 2: 99/159 Loss: 0.275025
2022-12-20 20:17: Train Epoch 2: 100/159 Loss: 0.281724
2022-12-20 20:17: Train Epoch 2: 101/159 Loss: 0.298859
2022-12-20 20:18: Train Epoch 2: 102/159 Loss: 0.283117
2022-12-20 20:18: Train Epoch 2: 103/159 Loss: 0.282256
2022-12-20 20:18: Train Epoch 2: 104/159 Loss: 0.289278
2022-12-20 20:19: Train Epoch 2: 105/159 Loss: 0.258727
2022-12-20 20:19: Train Epoch 2: 106/159 Loss: 0.259237
2022-12-20 20:19: Train Epoch 2: 107/159 Loss: 0.250900
2022-12-20 20:19: Train Epoch 2: 108/159 Loss: 0.353175
2022-12-20 20:20: Train Epoch 2: 109/159 Loss: 0.303068
2022-12-20 20:20: Train Epoch 2: 110/159 Loss: 0.262226
2022-12-20 20:20: Train Epoch 2: 111/159 Loss: 0.249728
2022-12-20 20:21: Train Epoch 2: 112/159 Loss: 0.294515
2022-12-20 20:21: Train Epoch 2: 113/159 Loss: 0.303396
2022-12-20 20:21: Train Epoch 2: 114/159 Loss: 0.314786
2022-12-20 20:21: Train Epoch 2: 115/159 Loss: 0.330954
2022-12-20 20:22: Train Epoch 2: 116/159 Loss: 0.308512
2022-12-20 20:22: Train Epoch 2: 117/159 Loss: 0.260321
2022-12-20 20:22: Train Epoch 2: 118/159 Loss: 0.341291
2022-12-20 20:23: Train Epoch 2: 119/159 Loss: 0.258252
2022-12-20 20:23: Train Epoch 2: 120/159 Loss: 0.330787
2022-12-20 20:23: Train Epoch 2: 121/159 Loss: 0.302642
2022-12-20 20:23: Train Epoch 2: 122/159 Loss: 0.289383
2022-12-20 20:24: Train Epoch 2: 123/159 Loss: 0.288305
2022-12-20 20:24: Train Epoch 2: 124/159 Loss: 0.322588
2022-12-20 20:24: Train Epoch 2: 125/159 Loss: 0.324244
2022-12-20 20:25: Train Epoch 2: 126/159 Loss: 0.286985
2022-12-20 20:25: Train Epoch 2: 127/159 Loss: 0.282876
2022-12-20 20:25: Train Epoch 2: 128/159 Loss: 0.287356
2022-12-20 20:25: Train Epoch 2: 129/159 Loss: 0.265161
2022-12-20 20:26: Train Epoch 2: 130/159 Loss: 0.352825
2022-12-20 20:26: Train Epoch 2: 131/159 Loss: 0.296826
2022-12-20 20:26: Train Epoch 2: 132/159 Loss: 0.249642
2022-12-20 20:27: Train Epoch 2: 133/159 Loss: 0.292761
2022-12-20 20:27: Train Epoch 2: 134/159 Loss: 0.323050
2022-12-20 20:27: Train Epoch 2: 135/159 Loss: 0.318771
2022-12-20 20:28: Train Epoch 2: 136/159 Loss: 0.295357
2022-12-20 20:28: Train Epoch 2: 137/159 Loss: 0.265252
2022-12-20 20:28: Train Epoch 2: 138/159 Loss: 0.274729
2022-12-20 20:28: Train Epoch 2: 139/159 Loss: 0.291485
2022-12-20 20:29: Train Epoch 2: 140/159 Loss: 0.346930
2022-12-20 20:29: Train Epoch 2: 141/159 Loss: 0.337123
2022-12-20 20:29: Train Epoch 2: 142/159 Loss: 0.259778
2022-12-20 20:30: Train Epoch 2: 143/159 Loss: 0.255867
2022-12-20 20:30: Train Epoch 2: 144/159 Loss: 0.269688
2022-12-20 20:30: Train Epoch 2: 145/159 Loss: 0.244377
2022-12-20 20:31: Train Epoch 2: 146/159 Loss: 0.327430
2022-12-20 20:31: Train Epoch 2: 147/159 Loss: 0.318409
2022-12-20 20:31: Train Epoch 2: 148/159 Loss: 0.315691
2022-12-20 20:31: Train Epoch 2: 149/159 Loss: 0.294648
2022-12-20 20:32: Train Epoch 2: 150/159 Loss: 0.296811
2022-12-20 20:32: Train Epoch 2: 151/159 Loss: 0.277159
2022-12-20 20:32: Train Epoch 2: 152/159 Loss: 0.265313
2022-12-20 20:33: Train Epoch 2: 153/159 Loss: 0.252657
2022-12-20 20:33: Train Epoch 2: 154/159 Loss: 0.230073
2022-12-20 20:33: Train Epoch 2: 155/159 Loss: 0.308900
2022-12-20 20:33: Train Epoch 2: 156/159 Loss: 0.268986
2022-12-20 20:34: Train Epoch 2: 157/159 Loss: 0.286206
2022-12-20 20:34: Train Epoch 2: 158/159 Loss: 0.219236
2022-12-20 20:34: **********Train Epoch 2: averaged Loss: 0.300055 
2022-12-20 20:34: 
Epoch time elapsed: 2724.2101669311523

2022-12-20 20:35: 
 metrics validation: {'precision': 0.7805405405405406, 'recall': 0.5553846153846154, 'f1-score': 0.6489887640449438, 'support': 1300, 'AUC': 0.8121636094674556, 'AUCPR': 0.734367707497648, 'TP': 722, 'FP': 203, 'TN': 2397, 'FN': 578} 

2022-12-20 20:35: **********Val Epoch 2: average Loss: 0.632433
2022-12-20 20:35: *********************************Current best model saved!
2022-12-20 20:36: 
 Testing metrics {'precision': 0.7914183551847438, 'recall': 0.5407166123778502, 'f1-score': 0.6424770198355104, 'support': 1228, 'AUC': 0.8510212973081942, 'AUCPR': 0.7662741564250337, 'TP': 664, 'FP': 175, 'TN': 2281, 'FN': 564} 

2022-12-20 20:36: Train Epoch 3: 0/159 Loss: 0.289295
2022-12-20 20:37: Train Epoch 3: 1/159 Loss: 0.331800
2022-12-20 20:37: Train Epoch 3: 2/159 Loss: 0.272292
2022-12-20 20:37: Train Epoch 3: 3/159 Loss: 0.301079
2022-12-20 20:38: Train Epoch 3: 4/159 Loss: 0.226399
2022-12-20 20:38: Train Epoch 3: 5/159 Loss: 0.322208
2022-12-20 20:38: Train Epoch 3: 6/159 Loss: 0.324502
2022-12-20 20:39: Train Epoch 3: 7/159 Loss: 0.276412
2022-12-20 20:39: Train Epoch 3: 8/159 Loss: 0.264366
2022-12-20 20:39: Train Epoch 3: 9/159 Loss: 0.279808
2022-12-20 20:39: Train Epoch 3: 10/159 Loss: 0.232267
2022-12-20 20:40: Train Epoch 3: 11/159 Loss: 0.232438
2022-12-20 20:40: Train Epoch 3: 12/159 Loss: 0.248241
2022-12-20 20:40: Train Epoch 3: 13/159 Loss: 0.300622
2022-12-20 20:41: Train Epoch 3: 14/159 Loss: 0.369472
2022-12-20 20:41: Train Epoch 3: 15/159 Loss: 0.292802
2022-12-20 20:41: Train Epoch 3: 16/159 Loss: 0.292716
2022-12-20 20:42: Train Epoch 3: 17/159 Loss: 0.239346
2022-12-20 20:42: Train Epoch 3: 18/159 Loss: 0.342340
2022-12-20 20:42: Train Epoch 3: 19/159 Loss: 0.256052
2022-12-20 20:43: Train Epoch 3: 20/159 Loss: 0.323413
2022-12-20 20:43: Train Epoch 3: 21/159 Loss: 0.334445
2022-12-20 20:43: Train Epoch 3: 22/159 Loss: 0.303834
2022-12-20 20:43: Train Epoch 3: 23/159 Loss: 0.319279
2022-12-20 20:44: Train Epoch 3: 24/159 Loss: 0.305849
2022-12-20 20:44: Train Epoch 3: 25/159 Loss: 0.326418
2022-12-20 20:44: Train Epoch 3: 26/159 Loss: 0.294943
2022-12-20 20:45: Train Epoch 3: 27/159 Loss: 0.299482
2022-12-20 20:45: Train Epoch 3: 28/159 Loss: 0.364834
2022-12-20 20:45: Train Epoch 3: 29/159 Loss: 0.282938
2022-12-20 20:45: Train Epoch 3: 30/159 Loss: 0.293427
2022-12-20 20:46: Train Epoch 3: 31/159 Loss: 0.304869
2022-12-20 20:46: Train Epoch 3: 32/159 Loss: 0.254978
2022-12-20 20:46: Train Epoch 3: 33/159 Loss: 0.262616
2022-12-20 20:47: Train Epoch 3: 34/159 Loss: 0.276974
2022-12-20 20:47: Train Epoch 3: 35/159 Loss: 0.227492
2022-12-20 20:47: Train Epoch 3: 36/159 Loss: 0.280039
2022-12-20 20:48: Train Epoch 3: 37/159 Loss: 0.295347
2022-12-20 20:48: Train Epoch 3: 38/159 Loss: 0.239051
