2022-12-18 09:35: log dir: /home/jcc/WildFire_GCN/experiments/2020/20221218093523
2022-12-18 09:35: Experiment log path in: /home/jcc/WildFire_GCN/experiments/2020/20221218093523
2022-12-18 09:35: Train Epoch 1: 0/48 Loss: 0.709786
2022-12-18 09:36: Train Epoch 1: 20/48 Loss: 1.711852
2022-12-18 09:38: Train Epoch 1: 40/48 Loss: 1.921117
2022-12-18 09:38: **********Train Epoch 1: averaged Loss: 2.165511 
2022-12-18 09:38: 
Epoch time elapsed: 202.68747568130493

2022-12-18 09:39: 
 metrics validation: {'precision': 0.3333333333333333, 'recall': 1.0, 'f1-score': 0.5, 'support': 32, 'AUC': 0.61083984375, 'AUCPR': 0.4574912063148413, 'TP': 32, 'FP': 64, 'TN': 0, 'FN': 0} 

2022-12-18 09:39: **********Val Epoch 1: average Loss: 0.789381
2022-12-18 09:39: *********************************Current best model saved!
2022-12-18 09:39: Train Epoch 2: 0/48 Loss: 0.935167
2022-12-18 09:41: Train Epoch 2: 20/48 Loss: 1.115382
2022-12-18 09:42: Train Epoch 2: 40/48 Loss: 0.701764
2022-12-18 09:43: **********Train Epoch 2: averaged Loss: 0.687174 
2022-12-18 09:43: 
Epoch time elapsed: 198.6210789680481

2022-12-18 09:44: 
 metrics validation: {'precision': 0.0, 'recall': 0.0, 'f1-score': 0.0, 'support': 32, 'AUC': 0.57958984375, 'AUCPR': 0.42072857545012365, 'TP': 0, 'FP': 0, 'TN': 64, 'FN': 32} 

2022-12-18 09:44: **********Val Epoch 2: average Loss: 0.636761
2022-12-18 09:44: *********************************Current best model saved!
2022-12-18 09:44: Total training time: 8.7961min, best loss: 0.636761
2022-12-18 09:44: Saving current best model to /home/jcc/WildFire_GCN/experiments/2020/20221218093523/best_model.pth
2022-12-18 09:45: 
 {} 

