2022-12-26 09:52: log dir: /home/joel.chacon/tmp/WildFire_GCN/experiments/2020/20221226095228
2022-12-26 09:52: Experiment log path in: /home/joel.chacon/tmp/WildFire_GCN/experiments/2020/20221226095228
2022-12-26 09:52: Argument: Namespace(batch_size=256, clc='vec', cuda=True, dataset='2020', dataset_root='/home/joel.chacon/tmp/datasets_grl/', debug=False, default_graph=True, device='cpu', dynamic_features=['1 km 16 days NDVI', 'LST_Day_1km', 'LST_Night_1km', 'era5_max_d2m', 'era5_max_t2m', 'era5_max_sp', 'era5_max_tp', 'sminx', 'era5_max_wind_speed', 'era5_min_rh'], early_stop=True, early_stop_patience=5, embed_dim=64, epochs=30, gamma=1.0, grad_norm=False, horizon=1, input_dim=25, lag=10, link_len=2, log_dir='/home/joel.chacon/tmp/WildFire_GCN/experiments/2020/20221226095228', log_step=1, loss_func='nllloss', lr_decay=True, lr_decay_rate=0.1, lr_decay_step='10, 20, 25', lr_init=0.0005, mae_thresh=None, mape_thresh=0.0, max_grad_norm=5, mode='train', model='fire_GCN', nan_fill=0.5, num_layers=1, num_nodes=625, num_workers=20, output_dim=2, patch_height=25, patch_width=25, persistent_workers=True, pin_memory=True, plot=False, positive_weight=0.5, prefetch_factor=2, real_value=True, rnn_units=32, seed=1992, static_features=['dem_mean', 'slope_mean', 'roads_distance', 'waterway_distance', 'population_density'], teacher_forcing=False, test_ratio=0.2, val_ratio=0.2, weight_decay=0.0, window_len=10)
2022-12-26 09:52: Argument batch_size: 256
2022-12-26 09:52: Argument clc: 'vec'
2022-12-26 09:52: Argument cuda: True
2022-12-26 09:52: Argument dataset: '2020'
2022-12-26 09:52: Argument dataset_root: '/home/joel.chacon/tmp/datasets_grl/'
2022-12-26 09:52: Argument debug: False
2022-12-26 09:52: Argument default_graph: True
2022-12-26 09:52: Argument device: 'cpu'
2022-12-26 09:52: Argument dynamic_features: ['1 km 16 days NDVI', 'LST_Day_1km', 'LST_Night_1km', 'era5_max_d2m', 'era5_max_t2m', 'era5_max_sp', 'era5_max_tp', 'sminx', 'era5_max_wind_speed', 'era5_min_rh']
2022-12-26 09:52: Argument early_stop: True
2022-12-26 09:52: Argument early_stop_patience: 5
2022-12-26 09:52: Argument embed_dim: 64
2022-12-26 09:52: Argument epochs: 30
2022-12-26 09:52: Argument gamma: 1.0
2022-12-26 09:52: Argument grad_norm: False
2022-12-26 09:52: Argument horizon: 1
2022-12-26 09:52: Argument input_dim: 25
2022-12-26 09:52: Argument lag: 10
2022-12-26 09:52: Argument link_len: 2
2022-12-26 09:52: Argument log_dir: '/home/joel.chacon/tmp/WildFire_GCN/experiments/2020/20221226095228'
2022-12-26 09:52: Argument log_step: 1
2022-12-26 09:52: Argument loss_func: 'nllloss'
2022-12-26 09:52: Argument lr_decay: True
2022-12-26 09:52: Argument lr_decay_rate: 0.1
2022-12-26 09:52: Argument lr_decay_step: '10, 20, 25'
2022-12-26 09:52: Argument lr_init: 0.0005
2022-12-26 09:52: Argument mae_thresh: None
2022-12-26 09:52: Argument mape_thresh: 0.0
2022-12-26 09:52: Argument max_grad_norm: 5
2022-12-26 09:52: Argument mode: 'train'
2022-12-26 09:52: Argument model: 'fire_GCN'
2022-12-26 09:52: Argument nan_fill: 0.5
2022-12-26 09:52: Argument num_layers: 1
2022-12-26 09:52: Argument num_nodes: 625
2022-12-26 09:52: Argument num_workers: 20
2022-12-26 09:52: Argument output_dim: 2
2022-12-26 09:52: Argument patch_height: 25
2022-12-26 09:52: Argument patch_width: 25
2022-12-26 09:52: Argument persistent_workers: True
2022-12-26 09:52: Argument pin_memory: True
2022-12-26 09:52: Argument plot: False
2022-12-26 09:52: Argument positive_weight: 0.5
2022-12-26 09:52: Argument prefetch_factor: 2
2022-12-26 09:52: Argument real_value: True
2022-12-26 09:52: Argument rnn_units: 32
2022-12-26 09:52: Argument seed: 1992
2022-12-26 09:52: Argument static_features: ['dem_mean', 'slope_mean', 'roads_distance', 'waterway_distance', 'population_density']
2022-12-26 09:52: Argument teacher_forcing: False
2022-12-26 09:52: Argument test_ratio: 0.2
2022-12-26 09:52: Argument val_ratio: 0.2
2022-12-26 09:52: Argument weight_decay: 0.0
2022-12-26 09:52: Argument window_len: 10
2022-12-26 09:52: Train Epoch 1: 0/159 Loss: 5.257768
2022-12-26 09:52: Train Epoch 1: 1/159 Loss: 2.074403
2022-12-26 09:53: Train Epoch 1: 2/159 Loss: 2.412062
2022-12-26 09:53: Train Epoch 1: 3/159 Loss: 2.054440
2022-12-26 09:53: Train Epoch 1: 4/159 Loss: 2.054615
2022-12-26 09:53: Train Epoch 1: 5/159 Loss: 1.492024
2022-12-26 09:53: Train Epoch 1: 6/159 Loss: 1.792705
2022-12-26 09:53: Train Epoch 1: 7/159 Loss: 1.471136
2022-12-26 09:54: Train Epoch 1: 8/159 Loss: 1.263087
2022-12-26 09:54: Train Epoch 1: 9/159 Loss: 1.196425
2022-12-26 09:54: Train Epoch 1: 10/159 Loss: 0.979011
2022-12-26 09:54: Train Epoch 1: 11/159 Loss: 1.078228
2022-12-26 09:54: Train Epoch 1: 12/159 Loss: 0.880197
2022-12-26 09:54: Train Epoch 1: 13/159 Loss: 0.952183
2022-12-26 09:55: Train Epoch 1: 14/159 Loss: 0.893287
2022-12-26 09:55: Train Epoch 1: 15/159 Loss: 0.813754
2022-12-26 09:55: Train Epoch 1: 16/159 Loss: 0.841978
2022-12-26 09:55: Train Epoch 1: 17/159 Loss: 0.837677
2022-12-26 09:55: Train Epoch 1: 18/159 Loss: 0.954844
2022-12-26 09:55: Train Epoch 1: 19/159 Loss: 0.791135
2022-12-26 09:56: Train Epoch 1: 20/159 Loss: 0.914513
2022-12-26 09:56: Train Epoch 1: 21/159 Loss: 0.816743
2022-12-26 09:56: Train Epoch 1: 22/159 Loss: 0.786609
2022-12-26 09:56: Train Epoch 1: 23/159 Loss: 0.790682
2022-12-26 09:56: Train Epoch 1: 24/159 Loss: 0.831516
2022-12-26 09:56: Train Epoch 1: 25/159 Loss: 0.806952
2022-12-26 09:57: Train Epoch 1: 26/159 Loss: 0.822541
2022-12-26 09:57: Train Epoch 1: 27/159 Loss: 0.790885
2022-12-26 09:57: Train Epoch 1: 28/159 Loss: 0.828235
2022-12-26 09:57: Train Epoch 1: 29/159 Loss: 0.869015
2022-12-26 09:57: Train Epoch 1: 30/159 Loss: 0.845352
2022-12-26 09:57: Train Epoch 1: 31/159 Loss: 0.782038
2022-12-26 09:58: Train Epoch 1: 32/159 Loss: 0.802654
2022-12-26 09:58: Train Epoch 1: 33/159 Loss: 0.735990
2022-12-26 09:58: Train Epoch 1: 34/159 Loss: 0.811548
2022-12-26 09:58: Train Epoch 1: 35/159 Loss: 0.804102
2022-12-26 09:58: Train Epoch 1: 36/159 Loss: 0.874593
2022-12-26 09:58: Train Epoch 1: 37/159 Loss: 0.834434
2022-12-26 09:59: Train Epoch 1: 38/159 Loss: 0.789362
2022-12-26 09:59: Train Epoch 1: 39/159 Loss: 0.860437
2022-12-26 09:59: Train Epoch 1: 40/159 Loss: 0.790325
2022-12-26 09:59: Train Epoch 1: 41/159 Loss: 0.844190
2022-12-26 09:59: Train Epoch 1: 42/159 Loss: 0.773377
2022-12-26 09:59: Train Epoch 1: 43/159 Loss: 0.823890
2022-12-26 10:00: Train Epoch 1: 44/159 Loss: 0.769783
2022-12-26 10:00: Train Epoch 1: 45/159 Loss: 0.692207
2022-12-26 10:00: Train Epoch 1: 46/159 Loss: 0.725339
2022-12-26 10:00: Train Epoch 1: 47/159 Loss: 0.740606
2022-12-26 10:00: Train Epoch 1: 48/159 Loss: 0.819239
2022-12-26 10:00: Train Epoch 1: 49/159 Loss: 0.747253
2022-12-26 10:01: Train Epoch 1: 50/159 Loss: 0.715178
2022-12-26 10:01: Train Epoch 1: 51/159 Loss: 0.679491
2022-12-26 10:01: Train Epoch 1: 52/159 Loss: 0.732276
2022-12-26 10:01: Train Epoch 1: 53/159 Loss: 0.674410
2022-12-26 10:01: Train Epoch 1: 54/159 Loss: 0.720590
2022-12-26 10:02: Train Epoch 1: 55/159 Loss: 0.755134
2022-12-26 10:02: Train Epoch 1: 56/159 Loss: 0.744539
2022-12-26 10:02: Train Epoch 1: 57/159 Loss: 0.710352
2022-12-26 10:02: Train Epoch 1: 58/159 Loss: 0.667448
2022-12-26 10:02: Train Epoch 1: 59/159 Loss: 0.710044
2022-12-26 10:02: Train Epoch 1: 60/159 Loss: 0.635370
2022-12-26 10:03: Train Epoch 1: 61/159 Loss: 0.667216
2022-12-26 10:03: Train Epoch 1: 62/159 Loss: 0.671770
2022-12-26 10:03: Train Epoch 1: 63/159 Loss: 0.738077
2022-12-26 10:03: Train Epoch 1: 64/159 Loss: 0.689913
2022-12-26 10:03: Train Epoch 1: 65/159 Loss: 0.614988
2022-12-26 10:03: Train Epoch 1: 66/159 Loss: 0.590236
2022-12-26 10:04: Train Epoch 1: 67/159 Loss: 0.571428
2022-12-26 10:04: Train Epoch 1: 68/159 Loss: 0.672714
2022-12-26 10:04: Train Epoch 1: 69/159 Loss: 0.598225
2022-12-26 10:04: Train Epoch 1: 70/159 Loss: 0.651546
2022-12-26 10:04: Train Epoch 1: 71/159 Loss: 0.621732
2022-12-26 10:04: Train Epoch 1: 72/159 Loss: 0.611218
2022-12-26 10:05: Train Epoch 1: 73/159 Loss: 0.616395
2022-12-26 10:05: Train Epoch 1: 74/159 Loss: 0.638704
2022-12-26 10:05: Train Epoch 1: 75/159 Loss: 0.601461
2022-12-26 10:05: Train Epoch 1: 76/159 Loss: 0.609709
2022-12-26 10:05: Train Epoch 1: 77/159 Loss: 0.615396
2022-12-26 10:05: Train Epoch 1: 78/159 Loss: 0.609328
2022-12-26 10:06: Train Epoch 1: 79/159 Loss: 0.547398
2022-12-26 10:06: Train Epoch 1: 80/159 Loss: 0.567982
2022-12-26 10:06: Train Epoch 1: 81/159 Loss: 0.580184
2022-12-26 10:06: Train Epoch 1: 82/159 Loss: 0.541880
2022-12-26 10:06: Train Epoch 1: 83/159 Loss: 0.584621
2022-12-26 10:06: Train Epoch 1: 84/159 Loss: 0.538718
2022-12-26 10:07: Train Epoch 1: 85/159 Loss: 0.526697
2022-12-26 10:07: Train Epoch 1: 86/159 Loss: 0.496058
2022-12-26 10:07: Train Epoch 1: 87/159 Loss: 0.454836
2022-12-26 10:07: Train Epoch 1: 88/159 Loss: 0.530427
2022-12-26 10:07: Train Epoch 1: 89/159 Loss: 0.496677
2022-12-26 10:07: Train Epoch 1: 90/159 Loss: 0.499051
2022-12-26 10:08: Train Epoch 1: 91/159 Loss: 0.472153
2022-12-26 10:08: Train Epoch 1: 92/159 Loss: 0.520772
2022-12-26 10:08: Train Epoch 1: 93/159 Loss: 0.430480
2022-12-26 10:08: Train Epoch 1: 94/159 Loss: 0.517234
2022-12-26 10:08: Train Epoch 1: 95/159 Loss: 0.494835
2022-12-26 10:08: Train Epoch 1: 96/159 Loss: 0.514989
2022-12-26 10:09: Train Epoch 1: 97/159 Loss: 0.449906
2022-12-26 10:09: Train Epoch 1: 98/159 Loss: 0.560569
2022-12-26 10:09: Train Epoch 1: 99/159 Loss: 0.453360
2022-12-26 10:09: Train Epoch 1: 100/159 Loss: 0.421171
2022-12-26 10:09: Train Epoch 1: 101/159 Loss: 0.483726
2022-12-26 10:09: Train Epoch 1: 102/159 Loss: 0.505612
2022-12-26 10:10: Train Epoch 1: 103/159 Loss: 0.502472
2022-12-26 10:10: Train Epoch 1: 104/159 Loss: 0.475216
2022-12-26 10:10: Train Epoch 1: 105/159 Loss: 0.519783
2022-12-26 10:10: Train Epoch 1: 106/159 Loss: 0.403542
2022-12-26 10:10: Train Epoch 1: 107/159 Loss: 0.527216
2022-12-26 10:10: Train Epoch 1: 108/159 Loss: 0.442472
2022-12-26 10:11: Train Epoch 1: 109/159 Loss: 0.447018
2022-12-26 10:11: Train Epoch 1: 110/159 Loss: 0.455304
2022-12-26 10:11: Train Epoch 1: 111/159 Loss: 0.333350
2022-12-26 10:11: Train Epoch 1: 112/159 Loss: 0.449698
2022-12-26 10:11: Train Epoch 1: 113/159 Loss: 0.447892
2022-12-26 10:12: Train Epoch 1: 114/159 Loss: 0.558908
2022-12-26 10:12: Train Epoch 1: 115/159 Loss: 0.431285
2022-12-26 10:12: Train Epoch 1: 116/159 Loss: 0.429753
2022-12-26 10:12: Train Epoch 1: 117/159 Loss: 0.468255
2022-12-26 10:12: Train Epoch 1: 118/159 Loss: 0.544177
2022-12-26 10:12: Train Epoch 1: 119/159 Loss: 0.419340
2022-12-26 10:13: Train Epoch 1: 120/159 Loss: 0.392703
2022-12-26 10:13: Train Epoch 1: 121/159 Loss: 0.381114
2022-12-26 10:13: Train Epoch 1: 122/159 Loss: 0.416954
2022-12-26 10:13: Train Epoch 1: 123/159 Loss: 0.343858
2022-12-26 10:13: Train Epoch 1: 124/159 Loss: 0.421542
2022-12-26 10:13: Train Epoch 1: 125/159 Loss: 0.377464
2022-12-26 10:14: Train Epoch 1: 126/159 Loss: 0.413981
2022-12-26 10:14: Train Epoch 1: 127/159 Loss: 0.359156
2022-12-26 10:14: Train Epoch 1: 128/159 Loss: 0.483379
2022-12-26 10:14: Train Epoch 1: 129/159 Loss: 0.379063
2022-12-26 10:14: Train Epoch 1: 130/159 Loss: 0.447556
2022-12-26 10:14: Train Epoch 1: 131/159 Loss: 0.368979
2022-12-26 10:15: Train Epoch 1: 132/159 Loss: 0.449786
2022-12-26 10:15: Train Epoch 1: 133/159 Loss: 0.436986
2022-12-26 10:15: Train Epoch 1: 134/159 Loss: 0.442327
2022-12-26 10:15: Train Epoch 1: 135/159 Loss: 0.400236
2022-12-26 10:15: Train Epoch 1: 136/159 Loss: 0.328070
2022-12-26 10:15: Train Epoch 1: 137/159 Loss: 0.518678
2022-12-26 10:16: Train Epoch 1: 138/159 Loss: 0.403416
2022-12-26 10:16: Train Epoch 1: 139/159 Loss: 0.381904
2022-12-26 10:16: Train Epoch 1: 140/159 Loss: 0.453362
2022-12-26 10:16: Train Epoch 1: 141/159 Loss: 0.485986
2022-12-26 10:16: Train Epoch 1: 142/159 Loss: 0.415085
2022-12-26 10:16: Train Epoch 1: 143/159 Loss: 0.396885
2022-12-26 10:17: Train Epoch 1: 144/159 Loss: 0.416205
2022-12-26 10:17: Train Epoch 1: 145/159 Loss: 0.411252
2022-12-26 10:17: Train Epoch 1: 146/159 Loss: 0.477043
2022-12-26 10:17: Train Epoch 1: 147/159 Loss: 0.424644
2022-12-26 10:17: Train Epoch 1: 148/159 Loss: 0.460142
2022-12-26 10:17: Train Epoch 1: 149/159 Loss: 0.385081
2022-12-26 10:18: Train Epoch 1: 150/159 Loss: 0.402471
2022-12-26 10:18: Train Epoch 1: 151/159 Loss: 0.484973
2022-12-26 10:18: Train Epoch 1: 152/159 Loss: 0.329656
2022-12-26 10:18: Train Epoch 1: 153/159 Loss: 0.416203
2022-12-26 10:18: Train Epoch 1: 154/159 Loss: 0.437756
2022-12-26 10:19: Train Epoch 1: 155/159 Loss: 0.450934
2022-12-26 10:19: Train Epoch 1: 156/159 Loss: 0.400822
2022-12-26 10:19: Train Epoch 1: 157/159 Loss: 0.406501
2022-12-26 10:19: Train Epoch 1: 158/159 Loss: 0.361822
2022-12-26 10:19: **********Train Epoch 1: averaged Loss: 0.689052 
2022-12-26 10:19: 
Epoch time elapsed: 1616.9069697856903

2022-12-26 10:19: 
 metrics validation: {'precision': 0.7260616153205662, 'recall': 0.6707692307692308, 'f1-score': 0.6973210715713715, 'support': 1300, 'AUC': 0.8296903846153847, 'AUCPR': 0.7252005081591527, 'TP': 872, 'FP': 329, 'TN': 2271, 'FN': 428} 

2022-12-26 10:19: **********Val Epoch 1: average Loss: 0.537267
2022-12-26 10:19: *********************************Current best model saved!
2022-12-26 10:20: 
 Testing metrics {'precision': 0.7836909871244635, 'recall': 0.743485342019544, 'f1-score': 0.7630589218554116, 'support': 1228, 'AUC': 0.8647367942895946, 'AUCPR': 0.788901054613137, 'TP': 913, 'FP': 252, 'TN': 2204, 'FN': 315} 

2022-12-26 10:20: Train Epoch 2: 0/159 Loss: 0.474447
2022-12-26 10:20: Train Epoch 2: 1/159 Loss: 0.375049
2022-12-26 10:21: Train Epoch 2: 2/159 Loss: 0.407510
2022-12-26 10:21: Train Epoch 2: 3/159 Loss: 0.388073
2022-12-26 10:21: Train Epoch 2: 4/159 Loss: 0.360431
2022-12-26 10:21: Train Epoch 2: 5/159 Loss: 0.383109
2022-12-26 10:21: Train Epoch 2: 6/159 Loss: 0.492674
2022-12-26 10:21: Train Epoch 2: 7/159 Loss: 0.348232
2022-12-26 10:22: Train Epoch 2: 8/159 Loss: 0.341033
2022-12-26 10:22: Train Epoch 2: 9/159 Loss: 0.397770
2022-12-26 10:22: Train Epoch 2: 10/159 Loss: 0.410276
2022-12-26 10:22: Train Epoch 2: 11/159 Loss: 0.356767
2022-12-26 10:22: Train Epoch 2: 12/159 Loss: 0.396983
2022-12-26 10:22: Train Epoch 2: 13/159 Loss: 0.379409
2022-12-26 10:23: Train Epoch 2: 14/159 Loss: 0.471093
2022-12-26 10:23: Train Epoch 2: 15/159 Loss: 0.502336
2022-12-26 10:23: Train Epoch 2: 16/159 Loss: 0.347168
2022-12-26 10:23: Train Epoch 2: 17/159 Loss: 0.400579
2022-12-26 10:23: Train Epoch 2: 18/159 Loss: 0.423332
2022-12-26 10:23: Train Epoch 2: 19/159 Loss: 0.401359
2022-12-26 10:24: Train Epoch 2: 20/159 Loss: 0.383662
2022-12-26 10:24: Train Epoch 2: 21/159 Loss: 0.454411
2022-12-26 10:24: Train Epoch 2: 22/159 Loss: 0.409600
2022-12-26 10:24: Train Epoch 2: 23/159 Loss: 0.361432
2022-12-26 10:24: Train Epoch 2: 24/159 Loss: 0.441999
2022-12-26 10:24: Train Epoch 2: 25/159 Loss: 0.372229
2022-12-26 10:25: Train Epoch 2: 26/159 Loss: 0.402158
2022-12-26 10:25: Train Epoch 2: 27/159 Loss: 0.392804
2022-12-26 10:25: Train Epoch 2: 28/159 Loss: 0.303058
2022-12-26 10:25: Train Epoch 2: 29/159 Loss: 0.409069
2022-12-26 10:25: Train Epoch 2: 30/159 Loss: 0.340576
2022-12-26 10:25: Train Epoch 2: 31/159 Loss: 0.374886
2022-12-26 10:26: Train Epoch 2: 32/159 Loss: 0.329715
2022-12-26 10:26: Train Epoch 2: 33/159 Loss: 0.472307
2022-12-26 10:26: Train Epoch 2: 34/159 Loss: 0.443332
2022-12-26 10:26: Train Epoch 2: 35/159 Loss: 0.416367
2022-12-26 10:26: Train Epoch 2: 36/159 Loss: 0.414654
2022-12-26 10:27: Train Epoch 2: 37/159 Loss: 0.424383
2022-12-26 10:27: Train Epoch 2: 38/159 Loss: 0.407064
2022-12-26 10:27: Train Epoch 2: 39/159 Loss: 0.371403
2022-12-26 10:27: Train Epoch 2: 40/159 Loss: 0.443722
2022-12-26 10:27: Train Epoch 2: 41/159 Loss: 0.373465
2022-12-26 10:27: Train Epoch 2: 42/159 Loss: 0.368017
2022-12-26 10:28: Train Epoch 2: 43/159 Loss: 0.417327
2022-12-26 10:28: Train Epoch 2: 44/159 Loss: 0.394734
2022-12-26 10:28: Train Epoch 2: 45/159 Loss: 0.398693
2022-12-26 10:28: Train Epoch 2: 46/159 Loss: 0.453558
2022-12-26 10:28: Train Epoch 2: 47/159 Loss: 0.384724
2022-12-26 10:28: Train Epoch 2: 48/159 Loss: 0.453108
2022-12-26 10:29: Train Epoch 2: 49/159 Loss: 0.457380
2022-12-26 10:29: Train Epoch 2: 50/159 Loss: 0.359672
2022-12-26 10:29: Train Epoch 2: 51/159 Loss: 0.395571
2022-12-26 10:29: Train Epoch 2: 52/159 Loss: 0.359558
2022-12-26 10:29: Train Epoch 2: 53/159 Loss: 0.368199
2022-12-26 10:30: Train Epoch 2: 54/159 Loss: 0.401228
2022-12-26 10:30: Train Epoch 2: 55/159 Loss: 0.430925
2022-12-26 10:30: Train Epoch 2: 56/159 Loss: 0.401600
2022-12-26 10:30: Train Epoch 2: 57/159 Loss: 0.376313
2022-12-26 10:30: Train Epoch 2: 58/159 Loss: 0.420260
2022-12-26 10:30: Train Epoch 2: 59/159 Loss: 0.350111
2022-12-26 10:31: Train Epoch 2: 60/159 Loss: 0.395473
2022-12-26 10:31: Train Epoch 2: 61/159 Loss: 0.362575
2022-12-26 10:31: Train Epoch 2: 62/159 Loss: 0.375484
2022-12-26 10:31: Train Epoch 2: 63/159 Loss: 0.366006
2022-12-26 10:31: Train Epoch 2: 64/159 Loss: 0.383341
2022-12-26 10:31: Train Epoch 2: 65/159 Loss: 0.440133
2022-12-26 10:32: Train Epoch 2: 66/159 Loss: 0.353999
2022-12-26 10:32: Train Epoch 2: 67/159 Loss: 0.354329
2022-12-26 10:32: Train Epoch 2: 68/159 Loss: 0.409662
2022-12-26 10:32: Train Epoch 2: 69/159 Loss: 0.410577
2022-12-26 10:32: Train Epoch 2: 70/159 Loss: 0.390130
2022-12-26 10:32: Train Epoch 2: 71/159 Loss: 0.432370
2022-12-26 10:33: Train Epoch 2: 72/159 Loss: 0.407117
2022-12-26 10:33: Train Epoch 2: 73/159 Loss: 0.325018
2022-12-26 10:33: Train Epoch 2: 74/159 Loss: 0.381544
2022-12-26 10:33: Train Epoch 2: 75/159 Loss: 0.393681
2022-12-26 10:33: Train Epoch 2: 76/159 Loss: 0.389492
2022-12-26 10:34: Train Epoch 2: 77/159 Loss: 0.469646
2022-12-26 10:34: Train Epoch 2: 78/159 Loss: 0.367953
2022-12-26 10:34: Train Epoch 2: 79/159 Loss: 0.411677
2022-12-26 10:34: Train Epoch 2: 80/159 Loss: 0.462227
2022-12-26 10:34: Train Epoch 2: 81/159 Loss: 0.301101
2022-12-26 10:34: Train Epoch 2: 82/159 Loss: 0.384918
2022-12-26 10:35: Train Epoch 2: 83/159 Loss: 0.264887
2022-12-26 10:35: Train Epoch 2: 84/159 Loss: 0.349269
2022-12-26 10:35: Train Epoch 2: 85/159 Loss: 0.393414
2022-12-26 10:35: Train Epoch 2: 86/159 Loss: 0.340182
2022-12-26 10:35: Train Epoch 2: 87/159 Loss: 0.415411
2022-12-26 10:35: Train Epoch 2: 88/159 Loss: 0.394386
2022-12-26 10:36: Train Epoch 2: 89/159 Loss: 0.331667
2022-12-26 10:36: Train Epoch 2: 90/159 Loss: 0.414720
2022-12-26 10:36: Train Epoch 2: 91/159 Loss: 0.349624
2022-12-26 10:36: Train Epoch 2: 92/159 Loss: 0.399023
2022-12-26 10:36: Train Epoch 2: 93/159 Loss: 0.421240
2022-12-26 10:36: Train Epoch 2: 94/159 Loss: 0.367201
2022-12-26 10:37: Train Epoch 2: 95/159 Loss: 0.350931
2022-12-26 10:37: Train Epoch 2: 96/159 Loss: 0.428043
2022-12-26 10:37: Train Epoch 2: 97/159 Loss: 0.382871
2022-12-26 10:37: Train Epoch 2: 98/159 Loss: 0.475929
2022-12-26 10:37: Train Epoch 2: 99/159 Loss: 0.428317
2022-12-26 10:38: Train Epoch 2: 100/159 Loss: 0.355780
2022-12-26 10:38: Train Epoch 2: 101/159 Loss: 0.401886
2022-12-26 10:38: Train Epoch 2: 102/159 Loss: 0.484563
2022-12-26 10:38: Train Epoch 2: 103/159 Loss: 0.310683
2022-12-26 10:38: Train Epoch 2: 104/159 Loss: 0.287847
2022-12-26 10:38: Train Epoch 2: 105/159 Loss: 0.331462
2022-12-26 10:39: Train Epoch 2: 106/159 Loss: 0.300939
2022-12-26 10:39: Train Epoch 2: 107/159 Loss: 0.353286
2022-12-26 10:39: Train Epoch 2: 108/159 Loss: 0.365548
2022-12-26 10:39: Train Epoch 2: 109/159 Loss: 0.384380
2022-12-26 10:39: Train Epoch 2: 110/159 Loss: 0.388108
2022-12-26 10:39: Train Epoch 2: 111/159 Loss: 0.437237
2022-12-26 10:40: Train Epoch 2: 112/159 Loss: 0.371739
2022-12-26 10:40: Train Epoch 2: 113/159 Loss: 0.400180
2022-12-26 10:40: Train Epoch 2: 114/159 Loss: 0.477395
2022-12-26 10:40: Train Epoch 2: 115/159 Loss: 0.321956
2022-12-26 10:40: Train Epoch 2: 116/159 Loss: 0.317677
2022-12-26 10:41: Train Epoch 2: 117/159 Loss: 0.421884
2022-12-26 10:41: Train Epoch 2: 118/159 Loss: 0.327772
2022-12-26 10:41: Train Epoch 2: 119/159 Loss: 0.366928
2022-12-26 10:41: Train Epoch 2: 120/159 Loss: 0.366069
2022-12-26 10:41: Train Epoch 2: 121/159 Loss: 0.344766
2022-12-26 10:41: Train Epoch 2: 122/159 Loss: 0.326818
2022-12-26 10:42: Train Epoch 2: 123/159 Loss: 0.394453
2022-12-26 10:42: Train Epoch 2: 124/159 Loss: 0.347110
2022-12-26 10:42: Train Epoch 2: 125/159 Loss: 0.346042
2022-12-26 10:42: Train Epoch 2: 126/159 Loss: 0.379686
2022-12-26 10:42: Train Epoch 2: 127/159 Loss: 0.353053
2022-12-26 10:42: Train Epoch 2: 128/159 Loss: 0.374030
2022-12-26 10:43: Train Epoch 2: 129/159 Loss: 0.422595
2022-12-26 10:43: Train Epoch 2: 130/159 Loss: 0.344970
2022-12-26 10:43: Train Epoch 2: 131/159 Loss: 0.358001
2022-12-26 10:43: Train Epoch 2: 132/159 Loss: 0.387913
2022-12-26 10:43: Train Epoch 2: 133/159 Loss: 0.324465
2022-12-26 10:43: Train Epoch 2: 134/159 Loss: 0.340178
2022-12-26 10:44: Train Epoch 2: 135/159 Loss: 0.394912
2022-12-26 10:44: Train Epoch 2: 136/159 Loss: 0.305426
2022-12-26 10:44: Train Epoch 2: 137/159 Loss: 0.415576
2022-12-26 10:44: Train Epoch 2: 138/159 Loss: 0.395184
2022-12-26 10:44: Train Epoch 2: 139/159 Loss: 0.331963
2022-12-26 10:44: Train Epoch 2: 140/159 Loss: 0.280282
2022-12-26 10:45: Train Epoch 2: 141/159 Loss: 0.339636
2022-12-26 10:45: Train Epoch 2: 142/159 Loss: 0.426563
2022-12-26 10:45: Train Epoch 2: 143/159 Loss: 0.339665
2022-12-26 10:45: Train Epoch 2: 144/159 Loss: 0.349329
2022-12-26 10:45: Train Epoch 2: 145/159 Loss: 0.347374
2022-12-26 10:46: Train Epoch 2: 146/159 Loss: 0.384111
2022-12-26 10:46: Train Epoch 2: 147/159 Loss: 0.315102
2022-12-26 10:46: Train Epoch 2: 148/159 Loss: 0.333497
2022-12-26 10:46: Train Epoch 2: 149/159 Loss: 0.402408
2022-12-26 10:46: Train Epoch 2: 150/159 Loss: 0.448421
2022-12-26 10:46: Train Epoch 2: 151/159 Loss: 0.370806
2022-12-26 10:47: Train Epoch 2: 152/159 Loss: 0.398114
2022-12-26 10:47: Train Epoch 2: 153/159 Loss: 0.410336
2022-12-26 10:47: Train Epoch 2: 154/159 Loss: 0.337404
2022-12-26 10:47: Train Epoch 2: 155/159 Loss: 0.372572
2022-12-26 10:47: Train Epoch 2: 156/159 Loss: 0.343416
2022-12-26 10:47: Train Epoch 2: 157/159 Loss: 0.374395
2022-12-26 10:47: Train Epoch 2: 158/159 Loss: 0.270662
2022-12-26 10:47: **********Train Epoch 2: averaged Loss: 0.383466 
2022-12-26 10:47: 
Epoch time elapsed: 1650.3209280967712

