2022-12-23 23:40: log dir: /home/joel.chacon/tmp/WildFire_GCN/experiments/2020/20221223234027
2022-12-23 23:40: Experiment log path in: /home/joel.chacon/tmp/WildFire_GCN/experiments/2020/20221223234027
2022-12-23 23:40: Argument: Namespace(batch_size=256, clc='vec', cuda=True, dataset='2020', dataset_root='/home/joel.chacon/tmp/datasets_grl/', debug=False, default_graph=True, device='cpu', dynamic_features=['1 km 16 days NDVI', 'LST_Day_1km', 'LST_Night_1km', 'era5_max_d2m', 'era5_max_t2m', 'era5_max_sp', 'era5_max_tp', 'sminx', 'era5_max_wind_speed', 'era5_min_rh'], early_stop=True, early_stop_patience=5, embed_dim=32, epochs=30, gamma=1.0, grad_norm=False, horizon=1, input_dim=25, lag=10, link_len=2, log_dir='/home/joel.chacon/tmp/WildFire_GCN/experiments/2020/20221223234027', log_step=1, loss_func='nllloss', lr_decay=True, lr_decay_rate=0.1, lr_decay_step='10, 20, 25', lr_init=0.0005, mae_thresh=None, mape_thresh=0.0, max_grad_norm=5, mode='train', model='fire_GCN', nan_fill=0.5, num_layers=1, num_nodes=625, num_workers=20, output_dim=2, patch_height=25, patch_width=25, persistent_workers=True, pin_memory=True, plot=False, positive_weight=0.5, prefetch_factor=2, real_value=True, rnn_units=16, seed=1992, static_features=['dem_mean', 'slope_mean', 'roads_distance', 'waterway_distance', 'population_density'], teacher_forcing=False, test_ratio=0.2, val_ratio=0.2, weight_decay=0.0, window_len=10)
2022-12-23 23:40: Argument batch_size: 256
2022-12-23 23:40: Argument clc: 'vec'
2022-12-23 23:40: Argument cuda: True
2022-12-23 23:40: Argument dataset: '2020'
2022-12-23 23:40: Argument dataset_root: '/home/joel.chacon/tmp/datasets_grl/'
2022-12-23 23:40: Argument debug: False
2022-12-23 23:40: Argument default_graph: True
2022-12-23 23:40: Argument device: 'cpu'
2022-12-23 23:40: Argument dynamic_features: ['1 km 16 days NDVI', 'LST_Day_1km', 'LST_Night_1km', 'era5_max_d2m', 'era5_max_t2m', 'era5_max_sp', 'era5_max_tp', 'sminx', 'era5_max_wind_speed', 'era5_min_rh']
2022-12-23 23:40: Argument early_stop: True
2022-12-23 23:40: Argument early_stop_patience: 5
2022-12-23 23:40: Argument embed_dim: 32
2022-12-23 23:40: Argument epochs: 30
2022-12-23 23:40: Argument gamma: 1.0
2022-12-23 23:40: Argument grad_norm: False
2022-12-23 23:40: Argument horizon: 1
2022-12-23 23:40: Argument input_dim: 25
2022-12-23 23:40: Argument lag: 10
2022-12-23 23:40: Argument link_len: 2
2022-12-23 23:40: Argument log_dir: '/home/joel.chacon/tmp/WildFire_GCN/experiments/2020/20221223234027'
2022-12-23 23:40: Argument log_step: 1
2022-12-23 23:40: Argument loss_func: 'nllloss'
2022-12-23 23:40: Argument lr_decay: True
2022-12-23 23:40: Argument lr_decay_rate: 0.1
2022-12-23 23:40: Argument lr_decay_step: '10, 20, 25'
2022-12-23 23:40: Argument lr_init: 0.0005
2022-12-23 23:40: Argument mae_thresh: None
2022-12-23 23:40: Argument mape_thresh: 0.0
2022-12-23 23:40: Argument max_grad_norm: 5
2022-12-23 23:40: Argument mode: 'train'
2022-12-23 23:40: Argument model: 'fire_GCN'
2022-12-23 23:40: Argument nan_fill: 0.5
2022-12-23 23:40: Argument num_layers: 1
2022-12-23 23:40: Argument num_nodes: 625
2022-12-23 23:40: Argument num_workers: 20
2022-12-23 23:40: Argument output_dim: 2
2022-12-23 23:40: Argument patch_height: 25
2022-12-23 23:40: Argument patch_width: 25
2022-12-23 23:40: Argument persistent_workers: True
2022-12-23 23:40: Argument pin_memory: True
2022-12-23 23:40: Argument plot: False
2022-12-23 23:40: Argument positive_weight: 0.5
2022-12-23 23:40: Argument prefetch_factor: 2
2022-12-23 23:40: Argument real_value: True
2022-12-23 23:40: Argument rnn_units: 16
2022-12-23 23:40: Argument seed: 1992
2022-12-23 23:40: Argument static_features: ['dem_mean', 'slope_mean', 'roads_distance', 'waterway_distance', 'population_density']
2022-12-23 23:40: Argument teacher_forcing: False
2022-12-23 23:40: Argument test_ratio: 0.2
2022-12-23 23:40: Argument val_ratio: 0.2
2022-12-23 23:40: Argument weight_decay: 0.0
2022-12-23 23:40: Argument window_len: 10
2022-12-23 23:40: Train Epoch 1: 0/159 Loss: 1.686993
2022-12-23 23:40: Train Epoch 1: 1/159 Loss: 1.625225
2022-12-23 23:40: Train Epoch 1: 2/159 Loss: 1.067719
2022-12-23 23:40: Train Epoch 1: 3/159 Loss: 0.883742
2022-12-23 23:41: Train Epoch 1: 4/159 Loss: 0.904819
2022-12-23 23:41: Train Epoch 1: 5/159 Loss: 0.886139
2022-12-23 23:41: Train Epoch 1: 6/159 Loss: 0.889266
2022-12-23 23:41: Train Epoch 1: 7/159 Loss: 0.940343
2022-12-23 23:41: Train Epoch 1: 8/159 Loss: 0.839041
2022-12-23 23:41: Train Epoch 1: 9/159 Loss: 0.796644
2022-12-23 23:41: Train Epoch 1: 10/159 Loss: 0.808780
2022-12-23 23:41: Train Epoch 1: 11/159 Loss: 0.804374
2022-12-23 23:41: Train Epoch 1: 12/159 Loss: 0.788907
2022-12-23 23:42: Train Epoch 1: 13/159 Loss: 0.740694
2022-12-23 23:42: Train Epoch 1: 14/159 Loss: 0.737123
2022-12-23 23:42: Train Epoch 1: 15/159 Loss: 0.766157
2022-12-23 23:42: Train Epoch 1: 16/159 Loss: 0.770742
2022-12-23 23:42: Train Epoch 1: 17/159 Loss: 0.745070
2022-12-23 23:42: Train Epoch 1: 18/159 Loss: 0.736584
2022-12-23 23:42: Train Epoch 1: 19/159 Loss: 0.788333
2022-12-23 23:42: Train Epoch 1: 20/159 Loss: 0.719351
2022-12-23 23:42: Train Epoch 1: 21/159 Loss: 0.737858
2022-12-23 23:42: Train Epoch 1: 22/159 Loss: 0.707791
2022-12-23 23:43: Train Epoch 1: 23/159 Loss: 0.708971
2022-12-23 23:43: Train Epoch 1: 24/159 Loss: 0.787406
2022-12-23 23:43: Train Epoch 1: 25/159 Loss: 0.671991
2022-12-23 23:43: Train Epoch 1: 26/159 Loss: 0.721495
2022-12-23 23:43: Train Epoch 1: 27/159 Loss: 0.743558
2022-12-23 23:43: Train Epoch 1: 28/159 Loss: 0.746730
2022-12-23 23:43: Train Epoch 1: 29/159 Loss: 0.744044
2022-12-23 23:43: Train Epoch 1: 30/159 Loss: 0.758147
2022-12-23 23:43: Train Epoch 1: 31/159 Loss: 0.743795
2022-12-23 23:44: Train Epoch 1: 32/159 Loss: 0.723303
2022-12-23 23:44: Train Epoch 1: 33/159 Loss: 0.706744
2022-12-23 23:44: Train Epoch 1: 34/159 Loss: 0.723432
2022-12-23 23:44: Train Epoch 1: 35/159 Loss: 0.783042
2022-12-23 23:44: Train Epoch 1: 36/159 Loss: 0.683729
2022-12-23 23:44: Train Epoch 1: 37/159 Loss: 0.772221
2022-12-23 23:44: Train Epoch 1: 38/159 Loss: 0.692995
2022-12-23 23:44: Train Epoch 1: 39/159 Loss: 0.762375
2022-12-23 23:44: Train Epoch 1: 40/159 Loss: 0.763455
2022-12-23 23:45: Train Epoch 1: 41/159 Loss: 0.744108
2022-12-23 23:45: Train Epoch 1: 42/159 Loss: 0.800942
2022-12-23 23:45: Train Epoch 1: 43/159 Loss: 0.723740
2022-12-23 23:45: Train Epoch 1: 44/159 Loss: 0.766905
2022-12-23 23:45: Train Epoch 1: 45/159 Loss: 0.775515
2022-12-23 23:45: Train Epoch 1: 46/159 Loss: 0.735552
2022-12-23 23:45: Train Epoch 1: 47/159 Loss: 0.714329
2022-12-23 23:45: Train Epoch 1: 48/159 Loss: 0.760234
2022-12-23 23:45: Train Epoch 1: 49/159 Loss: 0.731845
2022-12-23 23:46: Train Epoch 1: 50/159 Loss: 0.718153
2022-12-23 23:46: Train Epoch 1: 51/159 Loss: 0.748958
2022-12-23 23:46: Train Epoch 1: 52/159 Loss: 0.817534
2022-12-23 23:46: Train Epoch 1: 53/159 Loss: 0.730190
2022-12-23 23:46: Train Epoch 1: 54/159 Loss: 0.740277
2022-12-23 23:46: Train Epoch 1: 55/159 Loss: 0.747874
2022-12-23 23:46: Train Epoch 1: 56/159 Loss: 0.735762
2022-12-23 23:46: Train Epoch 1: 57/159 Loss: 0.760471
2022-12-23 23:46: Train Epoch 1: 58/159 Loss: 0.745642
2022-12-23 23:47: Train Epoch 1: 59/159 Loss: 0.747604
2022-12-23 23:47: Train Epoch 1: 60/159 Loss: 0.697043
2022-12-23 23:47: Train Epoch 1: 61/159 Loss: 0.774024
2022-12-23 23:47: Train Epoch 1: 62/159 Loss: 0.708996
2022-12-23 23:47: Train Epoch 1: 63/159 Loss: 0.719290
2022-12-23 23:47: Train Epoch 1: 64/159 Loss: 0.751547
2022-12-23 23:47: Train Epoch 1: 65/159 Loss: 0.725699
2022-12-23 23:47: Train Epoch 1: 66/159 Loss: 0.736448
2022-12-23 23:47: Train Epoch 1: 67/159 Loss: 0.741983
2022-12-23 23:48: Train Epoch 1: 68/159 Loss: 0.710822
2022-12-23 23:48: Train Epoch 1: 69/159 Loss: 0.729705
2022-12-23 23:48: Train Epoch 1: 70/159 Loss: 0.757298
2022-12-23 23:48: Train Epoch 1: 71/159 Loss: 0.735367
2022-12-23 23:48: Train Epoch 1: 72/159 Loss: 0.728392
2022-12-23 23:48: Train Epoch 1: 73/159 Loss: 0.709062
2022-12-23 23:48: Train Epoch 1: 74/159 Loss: 0.711143
2022-12-23 23:48: Train Epoch 1: 75/159 Loss: 0.706236
2022-12-23 23:48: Train Epoch 1: 76/159 Loss: 0.825621
2022-12-23 23:49: Train Epoch 1: 77/159 Loss: 0.709561
2022-12-23 23:49: Train Epoch 1: 78/159 Loss: 0.749734
2022-12-23 23:49: Train Epoch 1: 79/159 Loss: 0.720266
2022-12-23 23:49: Train Epoch 1: 80/159 Loss: 0.761520
2022-12-23 23:49: Train Epoch 1: 81/159 Loss: 0.679367
2022-12-23 23:49: Train Epoch 1: 82/159 Loss: 0.738680
2022-12-23 23:49: Train Epoch 1: 83/159 Loss: 0.656785
2022-12-23 23:49: Train Epoch 1: 84/159 Loss: 0.730123
2022-12-23 23:49: Train Epoch 1: 85/159 Loss: 0.810376
2022-12-23 23:49: Train Epoch 1: 86/159 Loss: 0.743223
2022-12-23 23:50: Train Epoch 1: 87/159 Loss: 0.746728
2022-12-23 23:50: Train Epoch 1: 88/159 Loss: 0.698250
2022-12-23 23:50: Train Epoch 1: 89/159 Loss: 0.704529
2022-12-23 23:50: Train Epoch 1: 90/159 Loss: 0.729832
2022-12-23 23:50: Train Epoch 1: 91/159 Loss: 0.698964
2022-12-23 23:50: Train Epoch 1: 92/159 Loss: 0.718184
2022-12-23 23:50: Train Epoch 1: 93/159 Loss: 0.678310
2022-12-23 23:50: Train Epoch 1: 94/159 Loss: 0.715892
2022-12-23 23:50: Train Epoch 1: 95/159 Loss: 0.675415
2022-12-23 23:51: Train Epoch 1: 96/159 Loss: 0.701405
2022-12-23 23:51: Train Epoch 1: 97/159 Loss: 0.705754
2022-12-23 23:51: Train Epoch 1: 98/159 Loss: 0.731953
2022-12-23 23:51: Train Epoch 1: 99/159 Loss: 0.693084
2022-12-23 23:51: Train Epoch 1: 100/159 Loss: 0.666778
2022-12-23 23:51: Train Epoch 1: 101/159 Loss: 0.699636
2022-12-23 23:51: Train Epoch 1: 102/159 Loss: 0.687635
2022-12-23 23:51: Train Epoch 1: 103/159 Loss: 0.727251
2022-12-23 23:51: Train Epoch 1: 104/159 Loss: 0.712551
2022-12-23 23:52: Train Epoch 1: 105/159 Loss: 0.768565
2022-12-23 23:52: Train Epoch 1: 106/159 Loss: 0.738294
2022-12-23 23:52: Train Epoch 1: 107/159 Loss: 0.676012
2022-12-23 23:52: Train Epoch 1: 108/159 Loss: 0.685549
2022-12-23 23:52: Train Epoch 1: 109/159 Loss: 0.692550
2022-12-23 23:52: Train Epoch 1: 110/159 Loss: 0.622787
2022-12-23 23:52: Train Epoch 1: 111/159 Loss: 0.747051
2022-12-23 23:52: Train Epoch 1: 112/159 Loss: 0.741264
2022-12-23 23:52: Train Epoch 1: 113/159 Loss: 0.663951
2022-12-23 23:53: Train Epoch 1: 114/159 Loss: 0.705578
2022-12-23 23:53: Train Epoch 1: 115/159 Loss: 0.731991
2022-12-23 23:53: Train Epoch 1: 116/159 Loss: 0.691619
2022-12-23 23:53: Train Epoch 1: 117/159 Loss: 0.725821
2022-12-23 23:53: Train Epoch 1: 118/159 Loss: 0.715497
2022-12-23 23:53: Train Epoch 1: 119/159 Loss: 0.640811
2022-12-23 23:53: Train Epoch 1: 120/159 Loss: 0.678350
2022-12-23 23:53: Train Epoch 1: 121/159 Loss: 0.681819
2022-12-23 23:53: Train Epoch 1: 122/159 Loss: 0.689971
2022-12-23 23:53: Train Epoch 1: 123/159 Loss: 0.663590
2022-12-23 23:54: Train Epoch 1: 124/159 Loss: 0.670062
2022-12-23 23:54: Train Epoch 1: 125/159 Loss: 0.629100
2022-12-23 23:54: Train Epoch 1: 126/159 Loss: 0.677555
2022-12-23 23:54: Train Epoch 1: 127/159 Loss: 0.683901
2022-12-23 23:54: Train Epoch 1: 128/159 Loss: 0.651228
2022-12-23 23:54: Train Epoch 1: 129/159 Loss: 0.681809
2022-12-23 23:54: Train Epoch 1: 130/159 Loss: 0.683408
2022-12-23 23:54: Train Epoch 1: 131/159 Loss: 0.702902
2022-12-23 23:54: Train Epoch 1: 132/159 Loss: 0.678312
2022-12-23 23:55: Train Epoch 1: 133/159 Loss: 0.708165
2022-12-23 23:55: Train Epoch 1: 134/159 Loss: 0.644450
2022-12-23 23:55: Train Epoch 1: 135/159 Loss: 0.658454
2022-12-23 23:55: Train Epoch 1: 136/159 Loss: 0.682270
2022-12-23 23:55: Train Epoch 1: 137/159 Loss: 0.692029
2022-12-23 23:55: Train Epoch 1: 138/159 Loss: 0.711008
2022-12-23 23:55: Train Epoch 1: 139/159 Loss: 0.634353
2022-12-23 23:55: Train Epoch 1: 140/159 Loss: 0.649193
2022-12-23 23:55: Train Epoch 1: 141/159 Loss: 0.735276
2022-12-23 23:55: Train Epoch 1: 142/159 Loss: 0.666093
2022-12-23 23:56: Train Epoch 1: 143/159 Loss: 0.654163
2022-12-23 23:56: Train Epoch 1: 144/159 Loss: 0.657978
2022-12-23 23:56: Train Epoch 1: 145/159 Loss: 0.695888
2022-12-23 23:56: Train Epoch 1: 146/159 Loss: 0.694919
2022-12-23 23:56: Train Epoch 1: 147/159 Loss: 0.674163
2022-12-23 23:56: Train Epoch 1: 148/159 Loss: 0.696725
2022-12-23 23:56: Train Epoch 1: 149/159 Loss: 0.645427
2022-12-23 23:56: Train Epoch 1: 150/159 Loss: 0.690425
2022-12-23 23:57: Train Epoch 1: 151/159 Loss: 0.654139
2022-12-23 23:57: Train Epoch 1: 152/159 Loss: 0.710451
2022-12-23 23:57: Train Epoch 1: 153/159 Loss: 0.613109
2022-12-23 23:57: Train Epoch 1: 154/159 Loss: 0.683528
2022-12-23 23:57: Train Epoch 1: 155/159 Loss: 0.648528
2022-12-23 23:57: Train Epoch 1: 156/159 Loss: 0.624672
2022-12-23 23:57: Train Epoch 1: 157/159 Loss: 0.662339
2022-12-23 23:57: Train Epoch 1: 158/159 Loss: 0.584304
2022-12-23 23:57: **********Train Epoch 1: averaged Loss: 0.735891 
2022-12-23 23:57: 
Epoch time elapsed: 1033.1304786205292

2022-12-23 23:58: 
 metrics validation: {'precision': 0.0, 'recall': 0.0, 'f1-score': 0.0, 'support': 1300, 'AUC': 0.742589349112426, 'AUCPR': 0.5971481300113641, 'TP': 0, 'FP': 0, 'TN': 2600, 'FN': 1300} 

2022-12-23 23:58: **********Val Epoch 1: average Loss: 0.602860
2022-12-23 23:58: *********************************Current best model saved!
2022-12-23 23:58: 
 Testing metrics {'precision': 0.0, 'recall': 0.0, 'f1-score': 0.0, 'support': 1228, 'AUC': 0.841162770957782, 'AUCPR': 0.7321319156207935, 'TP': 0, 'FP': 0, 'TN': 2456, 'FN': 1228} 

2022-12-23 23:58: Train Epoch 2: 0/159 Loss: 0.685782
2022-12-23 23:58: Train Epoch 2: 1/159 Loss: 0.661625
2022-12-23 23:58: Train Epoch 2: 2/159 Loss: 0.645198
2022-12-23 23:58: Train Epoch 2: 3/159 Loss: 0.610421
2022-12-23 23:59: Train Epoch 2: 4/159 Loss: 0.659498
2022-12-23 23:59: Train Epoch 2: 5/159 Loss: 0.652198
2022-12-23 23:59: Train Epoch 2: 6/159 Loss: 0.672019
2022-12-23 23:59: Train Epoch 2: 7/159 Loss: 0.682269
2022-12-23 23:59: Train Epoch 2: 8/159 Loss: 0.631600
2022-12-23 23:59: Train Epoch 2: 9/159 Loss: 0.698153
2022-12-23 23:59: Train Epoch 2: 10/159 Loss: 0.682335
2022-12-23 23:59: Train Epoch 2: 11/159 Loss: 0.709584
2022-12-23 23:59: Train Epoch 2: 12/159 Loss: 0.645217
2022-12-24 00:00: Train Epoch 2: 13/159 Loss: 0.710195
2022-12-24 00:00: Train Epoch 2: 14/159 Loss: 0.619656
2022-12-24 00:00: Train Epoch 2: 15/159 Loss: 0.691212
2022-12-24 00:00: Train Epoch 2: 16/159 Loss: 0.686182
2022-12-24 00:00: Train Epoch 2: 17/159 Loss: 0.623096
2022-12-24 00:00: Train Epoch 2: 18/159 Loss: 0.644839
2022-12-24 00:00: Train Epoch 2: 19/159 Loss: 0.769815
2022-12-24 00:00: Train Epoch 2: 20/159 Loss: 0.656543
2022-12-24 00:00: Train Epoch 2: 21/159 Loss: 0.678840
2022-12-24 00:01: Train Epoch 2: 22/159 Loss: 0.658018
2022-12-24 00:01: Train Epoch 2: 23/159 Loss: 0.690260
2022-12-24 00:01: Train Epoch 2: 24/159 Loss: 0.691120
2022-12-24 00:01: Train Epoch 2: 25/159 Loss: 0.712456
2022-12-24 00:01: Train Epoch 2: 26/159 Loss: 0.603390
2022-12-24 00:01: Train Epoch 2: 27/159 Loss: 0.642163
2022-12-24 00:01: Train Epoch 2: 28/159 Loss: 0.623704
2022-12-24 00:01: Train Epoch 2: 29/159 Loss: 0.675729
2022-12-24 00:01: Train Epoch 2: 30/159 Loss: 0.668097
2022-12-24 00:02: Train Epoch 2: 31/159 Loss: 0.644108
2022-12-24 00:02: Train Epoch 2: 32/159 Loss: 0.625635
2022-12-24 00:02: Train Epoch 2: 33/159 Loss: 0.593320
2022-12-24 00:02: Train Epoch 2: 34/159 Loss: 0.627926
2022-12-24 00:02: Train Epoch 2: 35/159 Loss: 0.619793
2022-12-24 00:02: Train Epoch 2: 36/159 Loss: 0.656584
2022-12-24 00:02: Train Epoch 2: 37/159 Loss: 0.691632
2022-12-24 00:02: Train Epoch 2: 38/159 Loss: 0.657019
2022-12-24 00:02: Train Epoch 2: 39/159 Loss: 0.651891
2022-12-24 00:03: Train Epoch 2: 40/159 Loss: 0.639400
2022-12-24 00:03: Train Epoch 2: 41/159 Loss: 0.663045
2022-12-24 00:03: Train Epoch 2: 42/159 Loss: 0.650076
2022-12-24 00:03: Train Epoch 2: 43/159 Loss: 0.595166
2022-12-24 00:03: Train Epoch 2: 44/159 Loss: 0.663226
2022-12-24 00:03: Train Epoch 2: 45/159 Loss: 0.627010
2022-12-24 00:03: Train Epoch 2: 46/159 Loss: 0.625132
2022-12-24 00:03: Train Epoch 2: 47/159 Loss: 0.661479
2022-12-24 00:03: Train Epoch 2: 48/159 Loss: 0.626157
2022-12-24 00:04: Train Epoch 2: 49/159 Loss: 0.606371
2022-12-24 00:04: Train Epoch 2: 50/159 Loss: 0.598151
2022-12-24 00:04: Train Epoch 2: 51/159 Loss: 0.661572
2022-12-24 00:04: Train Epoch 2: 52/159 Loss: 0.669870
2022-12-24 00:04: Train Epoch 2: 53/159 Loss: 0.609297
2022-12-24 00:04: Train Epoch 2: 54/159 Loss: 0.649458
2022-12-24 00:04: Train Epoch 2: 55/159 Loss: 0.641091
2022-12-24 00:04: Train Epoch 2: 56/159 Loss: 0.604164
2022-12-24 00:04: Train Epoch 2: 57/159 Loss: 0.613717
2022-12-24 00:05: Train Epoch 2: 58/159 Loss: 0.639518
2022-12-24 00:05: Train Epoch 2: 59/159 Loss: 0.623431
2022-12-24 00:05: Train Epoch 2: 60/159 Loss: 0.697869
2022-12-24 00:05: Train Epoch 2: 61/159 Loss: 0.674356
2022-12-24 00:05: Train Epoch 2: 62/159 Loss: 0.664014
2022-12-24 00:05: Train Epoch 2: 63/159 Loss: 0.631349
2022-12-24 00:05: Train Epoch 2: 64/159 Loss: 0.653127
2022-12-24 00:05: Train Epoch 2: 65/159 Loss: 0.605641
2022-12-24 00:05: Train Epoch 2: 66/159 Loss: 0.626755
