2022-12-23 20:09: log dir: /home/joel.chacon/tmp/WildFire_GCN/experiments/2020/20221223200922
2022-12-23 20:09: Experiment log path in: /home/joel.chacon/tmp/WildFire_GCN/experiments/2020/20221223200922
2022-12-23 20:09: Argument: Namespace(batch_size=256, clc='vec', cuda=True, dataset='2020', dataset_root='/home/joel.chacon/tmp/datasets_grl/', debug=False, default_graph=True, device='cpu', dynamic_features=['1 km 16 days NDVI', 'LST_Day_1km', 'LST_Night_1km', 'era5_max_d2m', 'era5_max_t2m', 'era5_max_sp', 'era5_max_tp', 'sminx', 'era5_max_wind_speed', 'era5_min_rh'], early_stop=True, early_stop_patience=5, embed_dim=32, epochs=30, gamma=1.0, grad_norm=False, horizon=1, input_dim=25, lag=10, link_len=2, log_dir='/home/joel.chacon/tmp/WildFire_GCN/experiments/2020/20221223200922', log_step=1, loss_func='nllloss', lr_decay=True, lr_decay_rate=0.1, lr_decay_step='10, 20, 25', lr_init=0.0005, mae_thresh=None, mape_thresh=0.0, max_grad_norm=5, mode='train', model='fire_GCN', nan_fill=0.5, num_layers=2, num_nodes=625, num_workers=20, output_dim=2, patch_height=25, patch_width=25, persistent_workers=True, pin_memory=True, plot=False, positive_weight=0.5, prefetch_factor=2, real_value=True, rnn_units=16, seed=1992, static_features=['dem_mean', 'slope_mean', 'roads_distance', 'waterway_distance', 'population_density'], teacher_forcing=False, test_ratio=0.2, val_ratio=0.2, weight_decay=0.01, window_len=10)
2022-12-23 20:09: Argument batch_size: 256
2022-12-23 20:09: Argument clc: 'vec'
2022-12-23 20:09: Argument cuda: True
2022-12-23 20:09: Argument dataset: '2020'
2022-12-23 20:09: Argument dataset_root: '/home/joel.chacon/tmp/datasets_grl/'
2022-12-23 20:09: Argument debug: False
2022-12-23 20:09: Argument default_graph: True
2022-12-23 20:09: Argument device: 'cpu'
2022-12-23 20:09: Argument dynamic_features: ['1 km 16 days NDVI', 'LST_Day_1km', 'LST_Night_1km', 'era5_max_d2m', 'era5_max_t2m', 'era5_max_sp', 'era5_max_tp', 'sminx', 'era5_max_wind_speed', 'era5_min_rh']
2022-12-23 20:09: Argument early_stop: True
2022-12-23 20:09: Argument early_stop_patience: 5
2022-12-23 20:09: Argument embed_dim: 32
2022-12-23 20:09: Argument epochs: 30
2022-12-23 20:09: Argument gamma: 1.0
2022-12-23 20:09: Argument grad_norm: False
2022-12-23 20:09: Argument horizon: 1
2022-12-23 20:09: Argument input_dim: 25
2022-12-23 20:09: Argument lag: 10
2022-12-23 20:09: Argument link_len: 2
2022-12-23 20:09: Argument log_dir: '/home/joel.chacon/tmp/WildFire_GCN/experiments/2020/20221223200922'
2022-12-23 20:09: Argument log_step: 1
2022-12-23 20:09: Argument loss_func: 'nllloss'
2022-12-23 20:09: Argument lr_decay: True
2022-12-23 20:09: Argument lr_decay_rate: 0.1
2022-12-23 20:09: Argument lr_decay_step: '10, 20, 25'
2022-12-23 20:09: Argument lr_init: 0.0005
2022-12-23 20:09: Argument mae_thresh: None
2022-12-23 20:09: Argument mape_thresh: 0.0
2022-12-23 20:09: Argument max_grad_norm: 5
2022-12-23 20:09: Argument mode: 'train'
2022-12-23 20:09: Argument model: 'fire_GCN'
2022-12-23 20:09: Argument nan_fill: 0.5
2022-12-23 20:09: Argument num_layers: 2
2022-12-23 20:09: Argument num_nodes: 625
2022-12-23 20:09: Argument num_workers: 20
2022-12-23 20:09: Argument output_dim: 2
2022-12-23 20:09: Argument patch_height: 25
2022-12-23 20:09: Argument patch_width: 25
2022-12-23 20:09: Argument persistent_workers: True
2022-12-23 20:09: Argument pin_memory: True
2022-12-23 20:09: Argument plot: False
2022-12-23 20:09: Argument positive_weight: 0.5
2022-12-23 20:09: Argument prefetch_factor: 2
2022-12-23 20:09: Argument real_value: True
2022-12-23 20:09: Argument rnn_units: 16
2022-12-23 20:09: Argument seed: 1992
2022-12-23 20:09: Argument static_features: ['dem_mean', 'slope_mean', 'roads_distance', 'waterway_distance', 'population_density']
2022-12-23 20:09: Argument teacher_forcing: False
2022-12-23 20:09: Argument test_ratio: 0.2
2022-12-23 20:09: Argument val_ratio: 0.2
2022-12-23 20:09: Argument weight_decay: 0.01
2022-12-23 20:09: Argument window_len: 10
2022-12-23 20:09: Train Epoch 1: 0/159 Loss: 1.661316
2022-12-23 20:09: Train Epoch 1: 1/159 Loss: 1.061201
2022-12-23 20:09: Train Epoch 1: 2/159 Loss: 0.933771
2022-12-23 20:09: Train Epoch 1: 3/159 Loss: 1.123095
2022-12-23 20:10: Train Epoch 1: 4/159 Loss: 0.998425
2022-12-23 20:10: Train Epoch 1: 5/159 Loss: 0.794498
2022-12-23 20:10: Train Epoch 1: 6/159 Loss: 0.843705
2022-12-23 20:10: Train Epoch 1: 7/159 Loss: 0.728176
2022-12-23 20:10: Train Epoch 1: 8/159 Loss: 0.758718
2022-12-23 20:10: Train Epoch 1: 9/159 Loss: 0.708105
2022-12-23 20:10: Train Epoch 1: 10/159 Loss: 0.754289
2022-12-23 20:11: Train Epoch 1: 11/159 Loss: 0.700478
2022-12-23 20:11: Train Epoch 1: 12/159 Loss: 0.736001
2022-12-23 20:11: Train Epoch 1: 13/159 Loss: 0.705818
2022-12-23 20:11: Train Epoch 1: 14/159 Loss: 0.726284
2022-12-23 20:11: Train Epoch 1: 15/159 Loss: 0.737603
2022-12-23 20:11: Train Epoch 1: 16/159 Loss: 0.766799
2022-12-23 20:11: Train Epoch 1: 17/159 Loss: 0.677800
2022-12-23 20:12: Train Epoch 1: 18/159 Loss: 0.730621
2022-12-23 20:12: Train Epoch 1: 19/159 Loss: 0.697136
2022-12-23 20:12: Train Epoch 1: 20/159 Loss: 0.744387
2022-12-23 20:12: Train Epoch 1: 21/159 Loss: 0.679760
2022-12-23 20:12: Train Epoch 1: 22/159 Loss: 0.736189
2022-12-23 20:12: Train Epoch 1: 23/159 Loss: 0.749349
2022-12-23 20:13: Train Epoch 1: 24/159 Loss: 0.724445
2022-12-23 20:13: Train Epoch 1: 25/159 Loss: 0.703596
2022-12-23 20:13: Train Epoch 1: 26/159 Loss: 0.828885
2022-12-23 20:13: Train Epoch 1: 27/159 Loss: 0.637591
2022-12-23 20:13: Train Epoch 1: 28/159 Loss: 0.733552
2022-12-23 20:13: Train Epoch 1: 29/159 Loss: 0.732830
2022-12-23 20:13: Train Epoch 1: 30/159 Loss: 0.701987
2022-12-23 20:14: Train Epoch 1: 31/159 Loss: 0.722574
2022-12-23 20:14: Train Epoch 1: 32/159 Loss: 0.789753
2022-12-23 20:14: Train Epoch 1: 33/159 Loss: 0.688736
2022-12-23 20:14: Train Epoch 1: 34/159 Loss: 0.719814
2022-12-23 20:14: Train Epoch 1: 35/159 Loss: 0.727699
2022-12-23 20:14: Train Epoch 1: 36/159 Loss: 0.763954
2022-12-23 20:14: Train Epoch 1: 37/159 Loss: 0.658326
2022-12-23 20:15: Train Epoch 1: 38/159 Loss: 0.693376
2022-12-23 20:15: Train Epoch 1: 39/159 Loss: 0.818350
2022-12-23 20:15: Train Epoch 1: 40/159 Loss: 0.757317
2022-12-23 20:15: Train Epoch 1: 41/159 Loss: 0.722821
2022-12-23 20:15: Train Epoch 1: 42/159 Loss: 0.687311
2022-12-23 20:15: Train Epoch 1: 43/159 Loss: 0.679401
2022-12-23 20:15: Train Epoch 1: 44/159 Loss: 0.719709
2022-12-23 20:16: Train Epoch 1: 45/159 Loss: 0.707621
2022-12-23 20:16: Train Epoch 1: 46/159 Loss: 0.726438
2022-12-23 20:16: Train Epoch 1: 47/159 Loss: 0.710613
2022-12-23 20:16: Train Epoch 1: 48/159 Loss: 0.741936
2022-12-23 20:16: Train Epoch 1: 49/159 Loss: 0.697371
2022-12-23 20:16: Train Epoch 1: 50/159 Loss: 0.698508
2022-12-23 20:16: Train Epoch 1: 51/159 Loss: 0.659107
2022-12-23 20:16: Train Epoch 1: 52/159 Loss: 0.704889
2022-12-23 20:17: Train Epoch 1: 53/159 Loss: 0.728156
2022-12-23 20:17: Train Epoch 1: 54/159 Loss: 0.740230
2022-12-23 20:17: Train Epoch 1: 55/159 Loss: 0.706993
2022-12-23 20:17: Train Epoch 1: 56/159 Loss: 0.832502
2022-12-23 20:17: Train Epoch 1: 57/159 Loss: 0.652994
2022-12-23 20:17: Train Epoch 1: 58/159 Loss: 0.766048
2022-12-23 20:18: Train Epoch 1: 59/159 Loss: 0.647606
2022-12-23 20:18: Train Epoch 1: 60/159 Loss: 0.743115
2022-12-23 20:18: Train Epoch 1: 61/159 Loss: 0.733531
2022-12-23 20:18: Train Epoch 1: 62/159 Loss: 0.728535
2022-12-23 20:18: Train Epoch 1: 63/159 Loss: 0.750115
2022-12-23 20:18: Train Epoch 1: 64/159 Loss: 0.804320
2022-12-23 20:18: Train Epoch 1: 65/159 Loss: 0.761229
2022-12-23 20:19: Train Epoch 1: 66/159 Loss: 0.714289
2022-12-23 20:19: Train Epoch 1: 67/159 Loss: 0.645828
2022-12-23 20:19: Train Epoch 1: 68/159 Loss: 0.694452
2022-12-23 20:19: Train Epoch 1: 69/159 Loss: 0.705613
2022-12-23 20:19: Train Epoch 1: 70/159 Loss: 0.750256
2022-12-23 20:19: Train Epoch 1: 71/159 Loss: 0.770581
2022-12-23 20:19: Train Epoch 1: 72/159 Loss: 0.742715
2022-12-23 20:20: Train Epoch 1: 73/159 Loss: 0.673997
2022-12-23 20:20: Train Epoch 1: 74/159 Loss: 0.719591
2022-12-23 20:20: Train Epoch 1: 75/159 Loss: 0.722751
2022-12-23 20:20: Train Epoch 1: 76/159 Loss: 0.678483
2022-12-23 20:20: Train Epoch 1: 77/159 Loss: 0.728204
2022-12-23 20:20: Train Epoch 1: 78/159 Loss: 0.676220
2022-12-23 20:20: Train Epoch 1: 79/159 Loss: 0.652580
2022-12-23 20:21: Train Epoch 1: 80/159 Loss: 0.702452
2022-12-23 20:21: Train Epoch 1: 81/159 Loss: 0.664635
2022-12-23 20:21: Train Epoch 1: 82/159 Loss: 0.659493
2022-12-23 20:21: Train Epoch 1: 83/159 Loss: 0.690886
2022-12-23 20:21: Train Epoch 1: 84/159 Loss: 0.713852
2022-12-23 20:21: Train Epoch 1: 85/159 Loss: 0.684681
2022-12-23 20:21: Train Epoch 1: 86/159 Loss: 0.734327
2022-12-23 20:22: Train Epoch 1: 87/159 Loss: 0.711219
2022-12-23 20:22: Train Epoch 1: 88/159 Loss: 0.692196
2022-12-23 20:22: Train Epoch 1: 89/159 Loss: 0.713248
2022-12-23 20:22: Train Epoch 1: 90/159 Loss: 0.724714
2022-12-23 20:22: Train Epoch 1: 91/159 Loss: 0.698964
2022-12-23 20:22: Train Epoch 1: 92/159 Loss: 0.702742
2022-12-23 20:22: Train Epoch 1: 93/159 Loss: 0.686765
2022-12-23 20:23: Train Epoch 1: 94/159 Loss: 0.734942
2022-12-23 20:23: Train Epoch 1: 95/159 Loss: 0.745014
2022-12-23 20:23: Train Epoch 1: 96/159 Loss: 0.730340
2022-12-23 20:23: Train Epoch 1: 97/159 Loss: 0.674289
2022-12-23 20:23: Train Epoch 1: 98/159 Loss: 0.712000
2022-12-23 20:23: Train Epoch 1: 99/159 Loss: 0.715880
2022-12-23 20:23: Train Epoch 1: 100/159 Loss: 0.707948
2022-12-23 20:24: Train Epoch 1: 101/159 Loss: 0.662381
2022-12-23 20:24: Train Epoch 1: 102/159 Loss: 0.693860
2022-12-23 20:24: Train Epoch 1: 103/159 Loss: 0.696499
2022-12-23 20:24: Train Epoch 1: 104/159 Loss: 0.668010
2022-12-23 20:24: Train Epoch 1: 105/159 Loss: 0.705152
2022-12-23 20:24: Train Epoch 1: 106/159 Loss: 0.725545
2022-12-23 20:24: Train Epoch 1: 107/159 Loss: 0.664608
2022-12-23 20:25: Train Epoch 1: 108/159 Loss: 0.690043
2022-12-23 20:25: Train Epoch 1: 109/159 Loss: 0.666501
2022-12-23 20:25: Train Epoch 1: 110/159 Loss: 0.746125
2022-12-23 20:25: Train Epoch 1: 111/159 Loss: 0.684679
2022-12-23 20:25: Train Epoch 1: 112/159 Loss: 0.749883
2022-12-23 20:25: Train Epoch 1: 113/159 Loss: 0.661120
2022-12-23 20:25: Train Epoch 1: 114/159 Loss: 0.649327
2022-12-23 20:26: Train Epoch 1: 115/159 Loss: 0.703506
2022-12-23 20:26: Train Epoch 1: 116/159 Loss: 0.728344
2022-12-23 20:26: Train Epoch 1: 117/159 Loss: 0.694201
2022-12-23 20:26: Train Epoch 1: 118/159 Loss: 0.718522
2022-12-23 20:26: Train Epoch 1: 119/159 Loss: 0.709634
2022-12-23 20:26: Train Epoch 1: 120/159 Loss: 0.670486
2022-12-23 20:26: Train Epoch 1: 121/159 Loss: 0.667013
2022-12-23 20:27: Train Epoch 1: 122/159 Loss: 0.682328
2022-12-23 20:27: Train Epoch 1: 123/159 Loss: 0.682067
2022-12-23 20:27: Train Epoch 1: 124/159 Loss: 0.741749
2022-12-23 20:27: Train Epoch 1: 125/159 Loss: 0.666434
2022-12-23 20:27: Train Epoch 1: 126/159 Loss: 0.669778
2022-12-23 20:27: Train Epoch 1: 127/159 Loss: 0.705238
2022-12-23 20:27: Train Epoch 1: 128/159 Loss: 0.733183
2022-12-23 20:28: Train Epoch 1: 129/159 Loss: 0.736591
2022-12-23 20:28: Train Epoch 1: 130/159 Loss: 0.690684
2022-12-23 20:28: Train Epoch 1: 131/159 Loss: 0.659012
2022-12-23 20:28: Train Epoch 1: 132/159 Loss: 0.690844
2022-12-23 20:28: Train Epoch 1: 133/159 Loss: 0.700292
2022-12-23 20:28: Train Epoch 1: 134/159 Loss: 0.681504
2022-12-23 20:28: Train Epoch 1: 135/159 Loss: 0.680868
2022-12-23 20:29: Train Epoch 1: 136/159 Loss: 0.729978
2022-12-23 20:29: Train Epoch 1: 137/159 Loss: 0.759836
2022-12-23 20:29: Train Epoch 1: 138/159 Loss: 0.694697
2022-12-23 20:29: Train Epoch 1: 139/159 Loss: 0.683117
2022-12-23 20:29: Train Epoch 1: 140/159 Loss: 0.672054
2022-12-23 20:29: Train Epoch 1: 141/159 Loss: 0.702450
2022-12-23 20:29: Train Epoch 1: 142/159 Loss: 0.712570
2022-12-23 20:30: Train Epoch 1: 143/159 Loss: 0.677016
2022-12-23 20:30: Train Epoch 1: 144/159 Loss: 0.709567
2022-12-23 20:30: Train Epoch 1: 145/159 Loss: 0.683485
2022-12-23 20:30: Train Epoch 1: 146/159 Loss: 0.680193
2022-12-23 20:30: Train Epoch 1: 147/159 Loss: 0.682716
2022-12-23 20:30: Train Epoch 1: 148/159 Loss: 0.711087
2022-12-23 20:30: Train Epoch 1: 149/159 Loss: 0.742188
2022-12-23 20:31: Train Epoch 1: 150/159 Loss: 0.756772
2022-12-23 20:31: Train Epoch 1: 151/159 Loss: 0.699344
2022-12-23 20:31: Train Epoch 1: 152/159 Loss: 0.678239
2022-12-23 20:31: Train Epoch 1: 153/159 Loss: 0.662280
2022-12-23 20:31: Train Epoch 1: 154/159 Loss: 0.673577
2022-12-23 20:31: Train Epoch 1: 155/159 Loss: 0.706891
2022-12-23 20:31: Train Epoch 1: 156/159 Loss: 0.649939
2022-12-23 20:32: Train Epoch 1: 157/159 Loss: 0.686413
2022-12-23 20:32: Train Epoch 1: 158/159 Loss: 0.680942
2022-12-23 20:32: **********Train Epoch 1: averaged Loss: 0.724496 
2022-12-23 20:32: 
Epoch time elapsed: 1364.0592477321625

2022-12-23 20:32: 
 metrics validation: {'precision': 0.0, 'recall': 0.0, 'f1-score': 0.0, 'support': 1300, 'AUC': 0.5017307692307692, 'AUCPR': 0.3342179487179487, 'TP': 0, 'FP': 0, 'TN': 2600, 'FN': 1300} 

2022-12-23 20:32: **********Val Epoch 1: average Loss: 0.637644
2022-12-23 20:32: *********************************Current best model saved!
