2023-01-04 22:23: log dir: /home/joel.chacon/tmp/convLSTM/WildFire_GCN/experiments/2020/2023010422230013167319251
2023-01-04 22:23: Experiment log path in: /home/joel.chacon/tmp/convLSTM/WildFire_GCN/experiments/2020/2023010422230013167319251
2023-01-04 22:23: Argument: Namespace(batch_size=256, clc='vec', cuda=True, dataset='2020', dataset_root='/home/joel.chacon/tmp/datasets_grl/', debug=False, default_graph=True, device='cpu', dynamic_features=['1 km 16 days NDVI', 'LST_Day_1km', 'LST_Night_1km', 'era5_max_d2m', 'era5_max_t2m', 'era5_max_sp', 'era5_max_tp', 'sminx', 'era5_max_wind_speed', 'era5_min_rh'], early_stop=True, early_stop_patience=5, embed_dim=32, epochs=30, grad_norm=False, horizon=1, input_dim=25, lag=10, link_len=2, log_dir='/home/joel.chacon/tmp/convLSTM/WildFire_GCN/experiments/2020/2023010422230013167319251', log_step=1, loss_func='nllloss', lr_decay=True, lr_decay_rate=0.1, lr_decay_step='15', lr_init=0.0001, max_grad_norm=5, minbatch_size=64, mode='train', model='fire_GCN', nan_fill=-1.0, num_layers=1, num_nodes=625, num_workers=12, output_dim=2, patch_height=25, patch_width=25, persistent_workers=True, pin_memory=True, plot=False, positive_weight=0.5, prefetch_factor=2, real_value=True, rnn_units=32, seed=100000, static_features=['dem_mean', 'slope_mean', 'roads_distance', 'waterway_distance', 'population_density'], teacher_forcing=False, weight_decay=0.01, window_len=10)
2023-01-04 22:23: Argument batch_size: 256
2023-01-04 22:23: Argument clc: 'vec'
2023-01-04 22:23: Argument cuda: True
2023-01-04 22:23: Argument dataset: '2020'
2023-01-04 22:23: Argument dataset_root: '/home/joel.chacon/tmp/datasets_grl/'
2023-01-04 22:23: Argument debug: False
2023-01-04 22:23: Argument default_graph: True
2023-01-04 22:23: Argument device: 'cpu'
2023-01-04 22:23: Argument dynamic_features: ['1 km 16 days NDVI', 'LST_Day_1km', 'LST_Night_1km', 'era5_max_d2m', 'era5_max_t2m', 'era5_max_sp', 'era5_max_tp', 'sminx', 'era5_max_wind_speed', 'era5_min_rh']
2023-01-04 22:23: Argument early_stop: True
2023-01-04 22:23: Argument early_stop_patience: 5
2023-01-04 22:23: Argument embed_dim: 32
2023-01-04 22:23: Argument epochs: 30
2023-01-04 22:23: Argument grad_norm: False
2023-01-04 22:23: Argument horizon: 1
2023-01-04 22:23: Argument input_dim: 25
2023-01-04 22:23: Argument lag: 10
2023-01-04 22:23: Argument link_len: 2
2023-01-04 22:23: Argument log_dir: '/home/joel.chacon/tmp/convLSTM/WildFire_GCN/experiments/2020/2023010422230013167319251'
2023-01-04 22:23: Argument log_step: 1
2023-01-04 22:23: Argument loss_func: 'nllloss'
2023-01-04 22:23: Argument lr_decay: True
2023-01-04 22:23: Argument lr_decay_rate: 0.1
2023-01-04 22:23: Argument lr_decay_step: '15'
2023-01-04 22:23: Argument lr_init: 0.0001
2023-01-04 22:23: Argument max_grad_norm: 5
2023-01-04 22:23: Argument minbatch_size: 64
2023-01-04 22:23: Argument mode: 'train'
2023-01-04 22:23: Argument model: 'fire_GCN'
2023-01-04 22:23: Argument nan_fill: -1.0
2023-01-04 22:23: Argument num_layers: 1
2023-01-04 22:23: Argument num_nodes: 625
2023-01-04 22:23: Argument num_workers: 12
2023-01-04 22:23: Argument output_dim: 2
2023-01-04 22:23: Argument patch_height: 25
2023-01-04 22:23: Argument patch_width: 25
2023-01-04 22:23: Argument persistent_workers: True
2023-01-04 22:23: Argument pin_memory: True
2023-01-04 22:23: Argument plot: False
2023-01-04 22:23: Argument positive_weight: 0.5
2023-01-04 22:23: Argument prefetch_factor: 2
2023-01-04 22:23: Argument real_value: True
2023-01-04 22:23: Argument rnn_units: 32
2023-01-04 22:23: Argument seed: 100000
2023-01-04 22:23: Argument static_features: ['dem_mean', 'slope_mean', 'roads_distance', 'waterway_distance', 'population_density']
2023-01-04 22:23: Argument teacher_forcing: False
2023-01-04 22:23: Argument weight_decay: 0.01
2023-01-04 22:23: Argument window_len: 10
2023-01-04 22:23: 52.03942108154297 <-----
2023-01-04 22:23: 50.28440856933594 <-----
2023-01-04 22:23: 54.125465393066406 <-----
2023-01-04 22:23: 48.6310920715332 <-----
2023-01-04 22:23: Train Epoch 1: 3/634 Loss: 0.801095
2023-01-04 22:23: 44.74711608886719 <-----
2023-01-04 22:23: 29.45116424560547 <-----
2023-01-04 22:23: 35.99675750732422 <-----
2023-01-04 22:23: 34.66605758666992 <-----
2023-01-04 22:23: Train Epoch 1: 7/634 Loss: 0.565864
2023-01-04 22:23: 31.480375289916992 <-----
2023-01-04 22:23: 34.216793060302734 <-----
2023-01-04 22:23: 39.83625793457031 <-----
2023-01-04 22:23: 35.84617614746094 <-----
2023-01-04 22:23: Train Epoch 1: 11/634 Loss: 0.552264
2023-01-04 22:23: 27.929031372070312 <-----
2023-01-04 22:23: 27.853158950805664 <-----
2023-01-04 22:23: 39.13248062133789 <-----
2023-01-04 22:23: 30.40286636352539 <-----
2023-01-04 22:23: Train Epoch 1: 15/634 Loss: 0.489522
2023-01-04 22:23: 28.146446228027344 <-----
2023-01-04 22:23: 30.90232276916504 <-----
2023-01-04 22:23: 32.72511672973633 <-----
2023-01-04 22:23: 29.31389808654785 <-----
2023-01-04 22:23: Train Epoch 1: 19/634 Loss: 0.472999
2023-01-04 22:23: 28.27203941345215 <-----
2023-01-04 22:23: 30.972469329833984 <-----
2023-01-04 22:23: 28.972900390625 <-----
2023-01-04 22:23: 28.519615173339844 <-----
2023-01-04 22:23: Train Epoch 1: 23/634 Loss: 0.456004
2023-01-04 22:23: 27.985078811645508 <-----
2023-01-04 22:23: 24.236347198486328 <-----
2023-01-04 22:23: 32.60114288330078 <-----
2023-01-04 22:23: 25.8778076171875 <-----
2023-01-04 22:23: Train Epoch 1: 27/634 Loss: 0.432423
2023-01-04 22:23: 27.225522994995117 <-----
2023-01-04 22:23: 26.03938865661621 <-----
2023-01-04 22:24: 30.632280349731445 <-----
2023-01-04 22:24: 30.05232048034668 <-----
2023-01-04 22:24: Train Epoch 1: 31/634 Loss: 0.445115
2023-01-04 22:24: 24.58550262451172 <-----
2023-01-04 22:24: 22.235628128051758 <-----
2023-01-04 22:24: 25.627620697021484 <-----
2023-01-04 22:24: 29.452482223510742 <-----
2023-01-04 22:24: Train Epoch 1: 35/634 Loss: 0.398052
2023-01-04 22:24: 26.402999877929688 <-----
2023-01-04 22:24: 21.03809928894043 <-----
2023-01-04 22:24: 24.799978256225586 <-----
2023-01-04 22:24: 26.5240478515625 <-----
2023-01-04 22:24: Train Epoch 1: 39/634 Loss: 0.385801
2023-01-04 22:24: 27.65564727783203 <-----
2023-01-04 22:24: 25.88275718688965 <-----
2023-01-04 22:24: 24.947425842285156 <-----
2023-01-04 22:24: 22.38699722290039 <-----
2023-01-04 22:24: Train Epoch 1: 43/634 Loss: 0.394034
2023-01-04 22:24: 23.108638763427734 <-----
2023-01-04 22:24: 22.169658660888672 <-----
2023-01-04 22:24: 21.80840492248535 <-----
2023-01-04 22:24: 23.55487060546875 <-----
2023-01-04 22:24: Train Epoch 1: 47/634 Loss: 0.354069
2023-01-04 22:24: 25.2518367767334 <-----
2023-01-04 22:24: 20.84451675415039 <-----
2023-01-04 22:24: 24.436527252197266 <-----
2023-01-04 22:24: 27.215076446533203 <-----
2023-01-04 22:24: Train Epoch 1: 51/634 Loss: 0.381828
2023-01-04 22:24: 25.32014274597168 <-----
2023-01-04 22:24: 19.041418075561523 <-----
2023-01-04 22:24: 20.815357208251953 <-----
2023-01-04 22:24: 26.981409072875977 <-----
2023-01-04 22:24: Train Epoch 1: 55/634 Loss: 0.359993
2023-01-04 22:24: 22.932619094848633 <-----
2023-01-04 22:24: 22.708974838256836 <-----
2023-01-04 22:24: 25.96363067626953 <-----
2023-01-04 22:24: 26.477609634399414 <-----
2023-01-04 22:24: Train Epoch 1: 59/634 Loss: 0.383136
2023-01-04 22:24: 21.974592208862305 <-----
2023-01-04 22:24: 19.395559310913086 <-----
2023-01-04 22:25: 17.374303817749023 <-----
2023-01-04 22:25: 23.35558319091797 <-----
2023-01-04 22:25: Train Epoch 1: 63/634 Loss: 0.320703
2023-01-04 22:25: 23.89691162109375 <-----
2023-01-04 22:25: 23.021488189697266 <-----
2023-01-04 22:25: 18.870317459106445 <-----
2023-01-04 22:25: 18.568540573120117 <-----
2023-01-04 22:25: Train Epoch 1: 67/634 Loss: 0.329521
2023-01-04 22:25: 17.631671905517578 <-----
2023-01-04 22:25: 22.723922729492188 <-----
2023-01-04 22:25: 17.568571090698242 <-----
2023-01-04 22:25: 21.65091323852539 <-----
2023-01-04 22:25: Train Epoch 1: 71/634 Loss: 0.310840
2023-01-04 22:25: 21.953144073486328 <-----
2023-01-04 22:25: 16.1121883392334 <-----
2023-01-04 22:25: 19.98563003540039 <-----
2023-01-04 22:25: 18.67598533630371 <-----
2023-01-04 22:25: Train Epoch 1: 75/634 Loss: 0.299715
2023-01-04 22:25: 22.716598510742188 <-----
2023-01-04 22:25: 21.518619537353516 <-----
2023-01-04 22:25: 21.528228759765625 <-----
2023-01-04 22:25: 20.735158920288086 <-----
2023-01-04 22:25: Train Epoch 1: 79/634 Loss: 0.337885
2023-01-04 22:25: 19.056194305419922 <-----
2023-01-04 22:25: 18.922950744628906 <-----
2023-01-04 22:25: 22.626087188720703 <-----
2023-01-04 22:25: 18.479267120361328 <-----
2023-01-04 22:25: Train Epoch 1: 83/634 Loss: 0.308924
2023-01-04 22:25: 19.061180114746094 <-----
2023-01-04 22:25: 18.67850685119629 <-----
2023-01-04 22:25: 16.822860717773438 <-----
2023-01-04 22:25: 20.66062355041504 <-----
2023-01-04 22:25: Train Epoch 1: 87/634 Loss: 0.293841
2023-01-04 22:25: 22.521194458007812 <-----
